81
126
172
202
212
222
231
248
281
295
316
325
351
352
363
375
413
446
475
491
507
515
528
546
552
565
590
614
666
707
717
782
789
830
865
872
874
911
932
939
949
959
984
1043
1098
1103
1106
1129
1175
1178
1196
1220
1226
1243
1252
1278
1285
1306
1338
1356
1390
1400
1401
1423
1453
1472
1481
1485
1500
1504
1521
1526
1540
1556
1593
1602
1673
1688
1707
1725
1771
1809
122
83
117
24
132
63
91
95
97
50
124
105
162
160
35
21
65
113
89
60
84
33
109
43
72
104
102
17
121
129
140
46
118
15
79
25
71
142
126
0
147
4
94
158
30
55
41
69
1
22
80
77
87
110
82
85
18
48
107
114
92
128
44
78
122
11
127
64
148
76
26
36
38
67
74
54
86
68
29
156
116
157
47
42
123
32
133
134
100
135
159
161
40
112
49
9
70
5
139
96
103
8
53
144
106
150
45
52
39
75
59
56
20
37
58
131
98
141
125
155
130
3
14
