275
14
22
24
25
49
65
76
79
82
83
105
106
107
115
120
124
125
130
135
154
155
161
183
204
233
240
245
263
279
280
320
351
360
369
373
381
382
385
391
400
403
415
434
451
455
467
479
495
502
503
523
536
538
546
562
571
578
595
607
644
653
655
656
657
668
671
675
689
697
721
728
733
745
750
756
760
767
778
785
788
801
802
823
826
847
849
851
870
882
884
910
914
925
932
940
962
971
997
1006
1021
1034
1035
1041
1044
1048
1052
1059
1080
1101
1105
1125
1134
1141
1161
1163
1178
1185
1189
1215
1219
1222
1223
1224
1227
1240
1251
1258
1260
1267
1293
1297
1315
1319
1329
1345
1350
1356
1363
1368
1381
1383
1390
1395
1397
1399
1401
1404
1409
1419
1425
1430
1440
1441
1480
1485
1489
1494
1499
1508
1509
1510
1519
1520
1527
1538
1549
1570
1572
1601
1615
1616
1620
1623
1644
1645
1648
1650
1655
1659
1661
1662
1673
1689
1693
1702
1707
1716
1722
1730
1745
1746
1748
1753
1804
1812
1833
1839
1874
1878
1885
1896
1897
1908
1910
1918
1924
1951
1956
1961
1963
1970
1987
1991
2000
2003
2005
2006
2015
2023
2031
2051
2055
2071
2096
2118
2124
2127
2139
2170
2176
2185
2187
2191
2212
2256
2269
2285
2290
2292
2339
2347
2354
2362
2388
2389
2399
2423
2457
2462
2477
2479
2485
2487
2491
2494
2504
2506
2512
2530
2533
2537
2544
2549
2555
2558
2563
2568
2570
2575
2578
2590
2604
2606
2609
2619
161
1
117
12
116
27
133
103
41
60
145
154
5
72
157
158
109
30
82
139
119
14
50
159
48
70
135
85
77
59
7
142
87
130
101
124
111
110
160
65
74
118
89
33
107
115
68
143
134
88
44
51
63
108
21
2
56
140
15
53
35
153
6
120
84
18
148
80
24
76
75
128
83
9
137
29
54
156
32
81
19
150
136
45
141
105
147
69
112
73
25
79
86
129
94
52
57
28
13
149
23
123
97
121
0
36
3
90
125
152
67
95
66
155
55
99
37
40
92
93
78
39
20
127
49
126
16
11
96
8
122
102
113
131
38
64
62
151
144
42
26
43
47
31
98
22
10
138
4
34
58
104
61
71
106
17
100
91
132
114
146
46
