684
9
10
16
23
24
25
30
31
40
41
43
45
48
51
55
56
62
63
77
80
85
86
89
90
95
101
103
104
108
111
112
114
117
118
122
123
125
130
135
136
143
153
154
157
158
159
161
162
163
166
171
175
177
178
182
187
188
190
195
197
199
204
209
212
214
217
220
222
225
227
228
229
230
232
233
235
236
238
240
241
245
246
247
251
252
258
260
263
264
266
273
274
275
277
278
281
284
286
287
290
291
299
300
304
307
310
311
314
317
322
323
325
326
327
331
336
337
340
341
345
347
353
354
356
357
360
361
364
368
369
370
372
373
376
380
382
384
385
390
405
406
409
410
411
412
413
415
416
419
420
426
428
430
434
437
440
443
446
448
450
458
459
460
461
462
463
465
466
469
475
476
478
481
483
484
492
494
496
506
508
512
514
523
526
527
528
532
535
536
537
538
542
549
552
556
560
561
565
570
574
575
577
583
586
592
595
598
600
602
603
604
606
609
612
613
616
618
619
620
624
625
626
627
628
630
631
639
646
648
650
653
655
657
665
670
671
672
673
674
676
684
685
687
690
691
693
695
696
711
713
720
722
727
730
733
735
736
737
747
748
752
754
760
765
769
775
776
778
782
785
792
797
801
802
806
808
809
810
811
812
816
818
821
826
827
828
831
832
833
834
836
837
838
839
845
851
854
855
856
857
864
866
875
882
883
885
887
896
897
899
900
902
903
904
905
907
908
912
918
920
923
924
929
931
933
934
935
937
943
953
955
959
960
963
964
967
970
972
973
975
976
979
985
990
991
993
996
1002
1007
1008
1011
1012
1015
1018
1020
1024
1026
1028
1031
1032
1035
1039
1040
1041
1043
1045
1048
1050
1051
1052
1053
1054
1057
1059
1061
1063
1064
1066
1071
1072
1074
1078
1081
1082
1083
1089
1090
1093
1096
1098
1100
1101
1102
1108
1112
1113
1114
1115
1120
1121
1122
1125
1126
1128
1129
1131
1134
1137
1144
1147
1150
1151
1156
1157
1162
1164
1166
1169
1171
1174
1175
1177
1178
1184
1192
1193
1194
1197
1202
1203
1204
1207
1208
1211
1213
1217
1219
1220
1222
1225
1226
1227
1228
1234
1235
1239
1240
1241
1248
1251
1252
1254
1256
1257
1262
1264
1267
1272
1274
1275
1276
1277
1282
1284
1291
1295
1297
1298
1299
1302
1306
1311
1313
1314
1315
1318
1321
1322
1324
1326
1327
1328
1329
1330
1334
1338
1340
1348
1351
1355
1357
1358
1362
1367
1368
1369
1370
1376
1378
1381
1382
1385
1386
1389
1391
1394
1397
1400
1401
1403
1405
1406
1408
1415
1416
1418
1420
1422
1430
1431
1432
1434
1436
1441
1444
1445
1446
1450
1452
1453
1455
1456
1457
1460
1467
1471
1472
1473
1478
1479
1481
1483
1486
1488
1489
1494
1495
1502
1507
1510
1511
1512
1513
1518
1521
1523
1524
1526
1528
1531
1536
1539
1544
1545
1547
1548
1549
1551
1552
1553
1557
1560
1561
1562
1566
1568
1571
1576
1580
1592
1595
1598
1601
1605
1606
1610
1611
1615
1623
1624
1626
1630
1631
1632
1633
1634
1637
1638
1644
1646
1650
1653
1656
1663
1665
1666
1668
1670
1671
1672
1674
1675
1676
1678
1680
1681
1684
1685
1686
1689
1690
1693
1695
1696
1697
1704
1707
1708
1709
1712
1713
1715
1718
1720
1730
1731
1733
1734
1736
1741
1745
1746
1750
1751
1753
1754
1758
1760
1761
1762
1763
1766
1769
1774
1776
1779
1783
1784
1790
1792
1793
1794
1795
1796
1797
1802
1803
1804
1809
1812
1813
1814
1816
1819
1820
1824
1825
1826
1828
1833
1835
1838
1839
1840
156
18
76
107
159
142
15
145
117
162
108
54
41
59
146
6
47
140
4
63
100
157
121
78
125
2
8
3
14
151
43
115
29
153
71
164
0
13
86
44
48
110
80
141
109
92
83
130
31
82
35
143
132
106
62
10
123
81
70
116
99
65
119
30
112
19
20
61
12
23
17
36
24
160
95
133
45
77
129
148
122
102
147
105
90
154
53
74
52
84
131
22
9
46
150
120
7
94
33
124
39
73
21
134
136
67
27
152
158
88
155
69
75
101
98
114
68
50
85
156
72
144
5
26
40
49
56
55
1
25
113
104
163
135
28
91
96
16
64
42
51
127
32
87
137
161
66
97
60
79
11
128
93
138
111
149
57
