222
14
28
34
41
56
78
88
92
97
102
115
141
142
144
147
152
178
179
185
190
196
198
200
205
212
219
230
257
260
277
285
290
298
313
322
330
340
346
372
389
391
421
429
462
470
495
523
526
534
545
556
565
573
577
582
585
620
626
673
722
741
767
773
803
807
812
832
841
854
856
859
883
904
912
915
921
925
949
973
984
993
1014
1016
1017
1035
1039
1050
1057
1069
1071
1091
1100
1106
1119
1122
1129
1132
1152
1156
1189
1190
1200
1201
1207
1208
1217
1223
1226
1241
1244
1249
1261
1274
1277
1289
1292
1297
1307
1315
1349
1358
1361
1366
1420
1424
1438
1495
1541
1565
1598
1600
1621
1629
1630
1637
1655
1660
1669
1690
1691
1693
1695
1702
1716
1720
1726
1733
1738
1747
1750
1753
1769
1770
1775
1779
1813
1814
1856
1857
1866
1882
1883
1894
1895
1901
1912
1916
1919
1942
1944
1959
1979
1992
1994
1997
2000
2010
2015
2038
2059
2074
2088
2089
2110
2154
2155
2157
2167
2173
2175
2205
2208
2217
2233
2254
2265
2269
2283
2295
2302
2304
2319
2340
2348
2351
2353
2361
2394
2403
2418
2452
2470
2474
2477
2482
2516
2524
2530
2539
2541
2598
2611
161
109
45
48
119
91
158
66
60
12
155
10
137
121
146
83
53
80
75
90
11
120
134
8
36
52
6
0
122
18
99
31
63
87
92
102
58
82
79
28
133
103
142
105
100
124
152
116
37
59
74
85
160
65
9
33
77
40
156
62
72
56
71
111
108
50
112
20
5
115
110
57
43
154
106
145
67
147
7
151
14
159
49
135
15
22
95
76
101
98
131
127
2
144
88
93
78
73
29
41
126
125
16
113
1
32
23
39
51
19
55
149
69
30
54
70
3
117
114
157
47
25
42
17
81
104
148
86
21
84
97
64
107
143
128
118
27
13
38
44
130
68
138
150
140
61
89
4
153
35
139
96
123
46
94
129
132
26
34
141
24
136
