274
21
35
36
41
43
47
55
95
98
105
109
118
141
142
145
163
168
187
199
200
204
207
209
216
227
235
238
242
291
292
299
307
311
315
319
322
323
346
347
359
382
387
390
397
421
424
444
445
451
453
463
493
494
496
497
500
518
533
537
554
560
563
580
591
597
608
614
621
631
634
645
673
674
692
699
724
734
736
753
755
761
779
794
827
828
831
836
837
838
846
852
865
877
885
890
900
909
910
916
931
937
940
944
961
968
970
987
993
1013
1014
1026
1031
1032
1046
1064
1069
1083
1103
1106
1121
1127
1130
1133
1135
1138
1154
1155
1158
1174
1175
1183
1189
1199
1216
1217
1234
1235
1240
1243
1245
1253
1260
1262
1274
1276
1278
1281
1308
1315
1318
1328
1334
1349
1354
1357
1359
1370
1408
1411
1419
1423
1432
1441
1442
1448
1458
1467
1483
1487
1488
1490
1491
1499
1513
1518
1521
1545
1552
1592
1595
1609
1618
1620
1652
1659
1669
1687
1702
1725
1730
1746
1753
1754
1763
1768
1798
1830
1858
1874
1877
1883
1887
1890
1891
1916
1922
1927
1928
1945
1949
1964
1972
1974
1982
1984
1986
2002
2022
2030
2037
2069
2075
2080
2091
2100
2111
2121
2132
2138
2178
2203
2204
2212
2215
2218
2223
2249
2284
2294
2301
2308
2317
2334
2345
2356
2358
2359
2382
2404
2422
2428
2445
2452
2460
2463
2464
2480
2492
2494
2523
2524
2541
2551
2555
2558
2560
2573
2578
2582
2606
2609
2619
2621
2624
160
92
137
62
59
125
110
118
8
69
47
104
14
31
129
148
3
116
13
18
67
77
22
94
134
46
106
63
135
12
160
85
108
41
5
76
90
122
115
10
32
70
45
65
60
131
112
35
143
91
26
98
29
44
78
96
93
86
81
33
64
20
55
119
0
141
150
105
155
83
144
151
132
101
126
127
140
66
16
75
120
128
153
54
109
80
138
56
52
152
113
79
142
133
100
30
57
42
49
7
28
53
27
6
82
84
74
51
4
19
37
99
149
123
88
9
11
21
95
102
121
87
61
145
157
17
73
158
1
36
146
43
15
136
89
23
48
111
103
97
38
40
114
50
71
156
117
139
124
147
154
72
25
39
130
68
159
34
2
107
58
