254
7
13
19
27
35
65
68
69
109
111
122
132
144
145
147
175
178
187
196
201
237
272
275
294
296
310
311
325
334
338
345
362
377
378
379
383
388
391
400
404
439
442
450
491
497
499
500
514
518
519
521
524
526
527
533
534
538
551
577
583
585
590
591
619
623
627
628
632
635
644
650
662
666
674
677
696
701
712
721
728
763
771
773
783
787
794
815
842
861
882
883
924
950
956
962
975
977
978
1005
1008
1012
1025
1028
1040
1045
1054
1066
1070
1075
1081
1089
1090
1092
1102
1103
1111
1115
1133
1141
1148
1163
1166
1184
1187
1190
1209
1217
1218
1231
1234
1236
1249
1251
1278
1282
1289
1294
1330
1337
1339
1368
1384
1397
1399
1408
1420
1427
1459
1484
1492
1503
1508
1514
1528
1537
1561
1566
1589
1596
1604
1611
1617
1631
1653
1680
1684
1688
1692
1693
1709
1713
1739
1744
1756
1767
1768
1775
1777
1797
1801
1805
1815
1816
1829
1831
1834
1861
1871
1880
1886
1916
1935
1940
1948
1958
1971
1978
1982
1990
1991
2015
2018
2029
2042
2043
2047
2057
2062
2078
2082
2111
2125
2130
2133
2147
2154
2157
2173
2215
2219
2226
2232
2247
2284
2296
2299
2304
2313
2316
2331
2338
2345
2354
2367
2369
2371
2379
2414
2438
2445
2451
2499
2500
2506
2512
2521
2522
2525
2530
2533
2535
2553
2585
2599
161
44
111
114
150
116
138
63
39
35
157
23
79
129
19
60
135
47
2
144
66
118
15
75
38
28
101
69
104
146
96
110
1
113
65
59
85
94
105
46
145
56
120
64
10
84
139
143
5
126
155
100
158
3
61
4
51
156
30
82
76
99
77
108
37
33
17
49
86
20
40
74
54
29
92
130
67
154
134
22
115
24
142
34
13
122
137
109
42
123
72
8
132
41
78
117
80
6
53
70
18
90
36
26
160
127
121
73
16
93
25
43
89
106
27
140
9
83
97
58
91
119
81
125
107
11
52
112
14
148
147
136
0
98
131
153
124
7
133
55
95
50
152
45
87
88
32
159
12
57
103
31
149
128
68
48
102
71
62
21
141
151
