256
2
7
13
20
44
48
79
88
94
99
104
114
118
119
130
183
192
196
203
218
220
221
234
235
237
239
249
254
268
269
282
284
294
312
317
322
334
339
346
369
370
373
379
394
415
421
423
428
429
431
435
461
466
471
487
495
508
510
532
536
552
554
557
567
568
569
571
574
578
579
581
604
608
641
661
662
687
695
697
710
714
760
789
796
799
812
829
859
864
872
888
890
893
914
938
940
961
963
971
972
973
978
993
1004
1007
1012
1022
1025
1053
1080
1094
1155
1162
1169
1173
1174
1177
1186
1194
1201
1212
1225
1226
1231
1242
1244
1250
1280
1288
1290
1294
1306
1313
1325
1327
1335
1351
1365
1389
1409
1417
1430
1439
1451
1459
1467
1511
1540
1542
1543
1547
1553
1559
1570
1574
1599
1605
1625
1639
1645
1684
1697
1704
1720
1721
1726
1732
1747
1753
1777
1788
1799
1808
1816
1817
1832
1833
1852
1865
1880
1897
1930
1943
1954
1959
1970
1971
1976
1995
2014
2024
2030
2038
2039
2041
2069
2087
2095
2098
2105
2115
2133
2147
2165
2187
2195
2210
2216
2240
2242
2248
2257
2263
2268
2291
2293
2300
2326
2343
2350
2357
2366
2367
2385
2386
2394
2398
2414
2426
2431
2434
2435
2445
2447
2449
2451
2457
2462
2467
2470
2473
2474
2494
2501
2507
2519
2525
2535
2536
2549
2566
2571
2580
2604
2608
2613
161
127
148
115
63
7
143
97
124
114
104
30
18
52
16
24
48
92
131
38
71
105
113
79
100
78
58
118
145
82
47
13
23
133
46
156
29
54
157
3
69
80
132
27
34
116
153
149
117
111
142
77
10
50
32
134
33
67
112
2
66
62
35
56
14
103
123
64
108
57
158
42
5
141
12
137
138
122
72
6
86
109
4
53
25
1
95
130
83
146
129
51
93
44
59
159
61
45
101
49
140
37
26
90
139
74
120
19
11
21
119
8
128
88
99
94
135
160
106
98
68
28
81
91
151
102
43
31
87
70
0
39
147
84
110
107
144
55
40
41
9
152
20
150
125
89
17
15
85
121
75
126
96
65
76
154
155
22
136
60
36
73
