127
33
74
75
82
100
126
134
136
156
173
192
194
232
260
272
274
278
326
344
376
383
405
419
426
444
460
502
513
532
591
594
598
602
611
656
666
680
699
766
769
786
798
805
825
827
848
859
888
899
937
959
970
984
991
1033
1040
1070
1105
1113
1114
1126
1127
1232
1253
1273
1287
1314
1317
1320
1327
1338
1355
1373
1375
1377
1417
1422
1436
1447
1451
1453
1486
1503
1515
1536
1568
1595
1621
1623
1664
1695
1726
1749
1775
1779
1788
1837
1843
1960
1973
2045
2060
2096
2102
2110
2137
2190
2194
2209
2218
2225
2245
2254
2266
2269
2292
2296
2327
2334
2337
2339
2342
2360
2388
2401
2422
2443
157
54
153
135
66
10
143
123
93
77
64
131
147
100
44
117
65
73
19
107
106
157
129
59
35
22
148
104
61
9
12
52
82
68
86
7
29
91
18
79
110
127
55
11
50
56
83
96
53
34
62
139
158
63
74
156
121
49
145
46
128
154
4
138
23
149
94
26
67
78
37
31
113
99
28
116
119
13
14
41
36
161
111
24
85
134
45
30
118
6
75
133
159
76
136
33
95
124
0
42
84
58
43
140
122
16
162
144
1
88
48
101
72
125
32
108
132
98
103
120
70
146
87
80
69
115
2
25
114
137
92
81
8
150
141
160
17
27
71
21
105
20
130
39
90
112
15
5
142
89
97
151
57
40
126
47
102
60
