670
11
13
15
16
22
27
29
30
34
42
43
45
46
54
56
59
61
62
64
65
66
67
69
70
73
75
78
79
84
85
86
90
93
96
100
102
106
107
108
109
110
114
119
124
126
131
132
134
136
137
138
140
142
143
144
147
148
150
152
155
156
159
161
167
171
173
174
177
178
184
186
190
191
197
201
203
206
209
211
212
214
215
216
217
221
223
225
228
230
234
238
243
246
248
252
254
255
260
267
268
270
275
280
282
291
292
295
297
298
304
305
307
311
312
313
314
318
319
320
321
322
325
326
336
337
340
341
344
345
348
351
354
355
356
357
360
361
362
363
366
372
373
374
376
378
380
384
389
393
394
395
396
397
405
406
410
412
414
417
419
420
423
424
425
426
429
434
440
441
442
448
449
450
451
452
453
456
458
459
461
462
464
467
476
480
481
482
486
487
493
497
498
502
503
504
508
514
515
517
520
522
524
527
533
534
535
536
537
538
539
542
543
545
546
551
559
562
565
568
569
572
573
574
581
584
587
588
592
596
598
603
612
615
616
623
624
626
627
628
629
632
638
644
645
652
654
655
659
666
673
677
678
681
685
686
690
694
697
703
704
710
711
712
714
722
726
729
732
738
742
747
750
751
753
759
761
768
771
773
774
777
778
780
784
785
786
787
791
794
798
799
800
802
803
804
805
806
808
809
811
814
819
820
824
829
830
831
835
837
841
847
852
858
859
861
864
867
876
877
878
882
885
886
889
890
891
893
894
895
896
897
898
900
901
905
907
908
910
913
918
919
930
931
935
936
937
938
941
942
943
950
953
954
962
963
973
977
979
980
981
989
990
992
994
996
998
1000
1001
1014
1016
1018
1021
1026
1028
1030
1032
1033
1034
1036
1037
1040
1041
1043
1045
1048
1049
1050
1051
1053
1060
1061
1067
1073
1082
1089
1090
1091
1093
1096
1101
1103
1105
1107
1110
1111
1113
1114
1115
1117
1125
1126
1130
1132
1133
1135
1136
1139
1141
1142
1143
1145
1146
1152
1159
1167
1169
1170
1172
1175
1180
1181
1182
1184
1190
1192
1200
1203
1204
1205
1207
1209
1210
1214
1215
1218
1224
1225
1226
1227
1228
1231
1232
1236
1238
1240
1241
1242
1244
1246
1247
1248
1249
1251
1253
1256
1258
1260
1262
1264
1268
1276
1281
1288
1289
1290
1296
1297
1300
1301
1302
1304
1306
1309
1310
1312
1316
1317
1318
1320
1323
1325
1328
1331
1336
1337
1338
1347
1353
1360
1361
1366
1367
1368
1371
1374
1375
1377
1379
1382
1384
1388
1389
1394
1397
1398
1399
1406
1407
1411
1412
1414
1419
1422
1424
1426
1431
1437
1439
1445
1450
1451
1452
1453
1454
1455
1456
1457
1459
1462
1464
1465
1466
1467
1468
1469
1471
1473
1475
1477
1478
1482
1485
1486
1490
1493
1494
1495
1501
1502
1503
1507
1510
1511
1512
1516
1523
1525
1526
1528
1530
1531
1532
1536
1537
1538
1541
1543
1544
1548
1551
1555
1560
1566
1568
1569
1577
1580
1582
1583
1597
1599
1604
1610
1612
1614
1617
1620
1626
1628
1631
1635
1640
1644
1645
1648
1649
1650
1651
1654
1656
1657
1661
1662
1664
1669
1671
1679
1680
1684
1685
1687
1690
1692
1696
1698
1699
1701
1703
1709
1710
1711
1721
1725
1728
1729
1733
1735
1749
1752
1754
1755
1758
1759
1760
1763
1765
1771
1775
1780
1783
1793
1797
1798
1800
1802
1805
1812
1814
1815
1819
1822
1824
1825
1827
1830
1835
1837
1838
1839
1840
158
75
148
72
139
151
17
129
22
126
89
82
125
115
131
135
66
83
58
33
127
4
30
152
121
143
24
133
119
147
101
100
43
156
120
94
18
25
49
99
80
128
52
40
73
102
64
13
158
61
37
19
39
2
108
161
153
149
51
60
76
55
8
98
11
86
5
111
91
138
50
81
56
20
6
26
144
1
122
154
35
118
14
10
123
142
65
70
3
62
155
117
7
109
124
92
44
71
79
31
84
97
134
42
105
85
69
9
141
74
54
95
21
110
67
106
38
27
47
107
93
114
28
162
157
45
15
16
32
36
41
68
116
59
46
130
87
53
88
34
136
23
63
57
150
0
113
132
159
96
164
29
104
48
146
90
77
112
78
