238
5
13
14
27
30
53
57
59
67
93
110
147
152
200
204
213
225
234
242
288
309
324
333
336
352
353
357
360
364
398
414
441
449
465
473
477
484
490
497
498
502
509
513
521
524
556
572
578
582
597
612
636
641
661
662
680
686
707
711
713
728
734
737
739
768
791
802
826
828
831
839
874
877
882
886
891
928
976
979
984
989
997
998
1025
1039
1041
1042
1045
1046
1073
1081
1086
1088
1101
1116
1140
1142
1154
1187
1188
1189
1206
1237
1243
1268
1281
1302
1304
1321
1322
1326
1352
1376
1385
1386
1390
1394
1412
1419
1426
1429
1446
1449
1450
1458
1459
1463
1464
1467
1469
1483
1521
1540
1548
1556
1557
1565
1571
1578
1579
1584
1590
1597
1605
1607
1652
1653
1662
1678
1683
1714
1730
1736
1758
1765
1803
1813
1815
1828
1831
1835
1841
1849
1853
1869
1873
1874
1884
1885
1904
1912
1930
1937
1942
1947
1955
1963
1978
2013
2031
2040
2042
2044
2050
2066
2076
2078
2079
2092
2117
2120
2122
2133
2143
2157
2161
2188
2226
2235
2240
2251
2261
2263
2264
2270
2286
2317
2319
2334
2336
2343
2346
2357
2371
2373
2374
2392
2409
2418
2419
2440
2441
2458
2471
2477
2490
2492
2500
2505
2533
2538
2544
2549
2558
2591
2598
2608
2614
161
135
95
92
68
99
61
62
2
141
57
89
108
75
97
41
127
85
133
70
40
157
10
112
136
49
144
72
105
33
154
64
115
123
84
32
125
111
109
100
87
76
131
48
103
38
30
63
65
86
54
121
155
139
69
117
1
146
83
148
145
156
67
98
120
124
20
13
150
106
159
31
82
59
56
35
114
90
53
22
36
134
17
25
52
78
96
37
21
113
149
91
29
110
142
101
137
116
28
42
45
12
24
138
94
15
46
51
151
60
119
43
0
16
88
77
8
14
11
44
55
126
122
71
18
3
9
26
107
34
132
39
80
58
6
128
153
140
66
73
130
93
129
23
79
50
74
118
160
81
4
47
5
152
7
27
102
158
143
19
104
147
