686
0
5
6
8
11
12
13
14
15
17
19
20
21
26
28
29
32
33
34
37
38
39
40
41
42
43
44
47
48
49
50
51
52
53
54
55
56
57
60
64
65
66
67
68
69
71
72
75
76
78
79
80
82
85
87
89
90
91
92
93
94
95
98
99
101
102
103
104
105
107
109
111
112
113
115
116
117
120
121
126
127
128
133
134
136
137
139
140
141
145
150
151
152
154
155
158
159
160
161
162
164
166
167
168
169
170
171
172
174
175
177
178
179
181
182
184
186
187
188
189
190
191
196
198
200
202
203
204
207
208
210
211
212
213
214
216
219
221
223
225
228
230
232
233
234
235
236
237
238
239
241
242
243
244
245
246
247
248
249
250
251
252
253
255
256
257
258
261
263
268
269
270
271
272
273
275
276
277
278
279
280
282
283
285
287
288
291
292
293
295
296
298
299
300
302
303
304
305
307
308
309
311
313
314
315
316
318
319
320
321
322
323
324
326
327
328
330
332
333
334
338
342
344
345
346
351
352
354
356
357
358
359
360
362
363
365
368
369
370
371
373
375
376
377
378
380
381
382
383
384
385
390
396
397
398
404
405
406
408
409
410
411
412
415
416
420
421
422
423
425
428
429
430
431
433
435
436
440
442
443
445
446
449
452
453
454
455
457
459
461
463
465
466
472
473
474
475
478
479
480
482
484
485
487
488
492
494
495
499
500
503
505
506
507
510
513
514
515
520
522
524
525
528
530
532
533
534
536
537
538
539
540
543
544
548
549
551
553
554
555
556
557
560
563
565
566
569
570
571
575
576
577
578
582
583
584
585
586
587
588
591
592
593
596
597
600
601
602
603
605
607
608
610
611
612
613
614
615
617
618
619
620
621
622
623
624
627
629
630
631
632
639
640
643
645
646
648
651
652
653
654
655
658
660
663
664
665
666
670
671
673
675
676
677
678
679
680
681
682
683
684
685
687
688
690
691
692
693
695
696
697
698
699
700
702
703
705
706
708
709
713
715
716
718
721
724
725
726
728
729
731
732
733
734
736
737
738
739
740
742
743
744
745
746
748
749
750
756
757
758
759
760
762
763
765
766
768
770
771
775
777
780
782
783
785
786
787
789
790
791
793
794
795
796
797
801
802
803
804
805
806
807
808
809
810
811
813
815
819
821
822
824
827
829
830
832
833
834
835
837
840
841
842
843
844
847
848
849
850
851
852
855
856
858
859
860
862
863
865
866
867
868
869
871
872
873
874
875
879
880
886
887
890
892
894
895
896
897
898
899
900
904
906
907
908
909
910
911
912
913
914
915
916
918
921
922
923
925
926
927
929
931
934
935
936
938
940
942
944
947
952
953
954
955
957
958
961
962
963
964
965
967
969
972
973
974
976
977
978
979
984
986
989
991
993
996
997
999
1001
1003
1004
1005
1007
1012
1013
1015
1017
1018
1019
1020
1022
1023
1024
1025
1026
1027
1028
1029
1031
1033
1034
1035
1037
1039
1040
1041
1043
1045
1046
1047
1048
1052
1054
1055
1056
1057
1058
1059
1060
1063
1065
1067
1069
1070
1071
1073
1074
1076
1078
1079
1082
1085
1087
1088
1089
1091
1092
1093
1094
1095
1097
1098
1099
1102
1103
1106
84
5
34
57
67
73
2
83
30
55
77
76
61
87
9
65
1
48
75
15
47
58
22
3
13
70
72
56
12
11
51
52
20
37
50
60
19
40
74
78
82
25
41
62
53
59
66
42
6
45
17
14
86
31
28
4
85
0
29
27
64
16
36
23
10
32
84
46
43
39
71
8
7
79
38
80
68
18
63
54
35
24
81
69
49
