668
12
13
15
16
17
19
21
22
23
27
31
33
34
36
37
42
45
46
49
51
53
54
56
57
58
60
64
65
68
75
76
81
88
89
92
96
97
100
101
105
106
109
111
112
113
121
122
124
125
128
130
133
136
138
139
140
142
144
146
149
150
152
153
154
159
160
164
165
166
167
168
171
179
183
184
185
188
195
197
206
207
210
213
215
219
220
221
224
227
231
232
236
237
241
242
243
244
247
248
249
251
257
258
261
267
268
269
273
274
275
281
285
286
290
298
300
303
305
312
318
321
324
325
328
329
333
336
338
339
342
344
346
347
349
351
352
354
355
356
362
368
370
371
376
382
384
385
387
392
393
394
396
397
401
402
404
407
410
411
413
416
418
425
429
431
433
438
439
441
442
443
444
446
456
458
461
464
471
473
478
481
483
485
488
491
492
494
500
502
506
508
510
515
516
519
522
524
526
527
533
535
541
546
550
551
553
558
560
563
567
568
570
572
573
574
577
580
593
596
598
604
606
607
611
615
616
617
620
621
622
627
628
640
641
649
651
660
661
663
664
672
675
677
679
680
685
690
691
696
701
705
706
709
710
714
716
718
723
730
735
739
740
741
742
744
746
748
749
750
753
756
758
761
766
767
769
770
775
776
778
780
784
785
786
790
792
793
797
800
801
802
805
809
816
820
821
832
833
835
836
840
845
846
848
850
852
854
857
859
862
863
866
867
868
870
872
876
877
880
882
884
885
886
887
889
892
896
897
904
909
912
913
917
922
930
933
937
938
941
943
948
951
954
956
957
959
962
974
975
976
978
982
987
988
992
995
996
999
1000
1002
1010
1012
1015
1018
1020
1022
1028
1031
1032
1036
1037
1038
1040
1041
1046
1054
1055
1061
1062
1068
1073
1074
1077
1089
1090
1094
1097
1099
1101
1102
1104
1108
1109
1110
1112
1114
1115
1116
1120
1124
1127
1128
1130
1133
1139
1141
1143
1144
1145
1146
1163
1166
1168
1171
1172
1173
1174
1176
1178
1179
1180
1182
1191
1192
1193
1195
1197
1198
1203
1204
1208
1209
1210
1214
1216
1217
1218
1221
1231
1232
1233
1235
1236
1239
1241
1243
1245
1248
1251
1253
1254
1256
1257
1259
1261
1265
1266
1269
1272
1274
1277
1279
1280
1281
1282
1285
1288
1290
1291
1293
1295
1296
1298
1302
1306
1310
1313
1317
1318
1320
1323
1325
1326
1327
1328
1332
1334
1336
1337
1344
1346
1347
1354
1355
1356
1357
1358
1361
1363
1366
1367
1371
1372
1373
1376
1378
1381
1382
1385
1386
1388
1389
1390
1392
1394
1396
1397
1399
1400
1403
1407
1409
1411
1412
1413
1417
1429
1430
1435
1438
1445
1449
1456
1458
1459
1461
1462
1463
1471
1474
1476
1482
1484
1486
1490
1492
1495
1496
1499
1501
1504
1505
1507
1508
1510
1513
1515
1516
1517
1521
1524
1526
1528
1533
1534
1535
1542
1544
1546
1549
1551
1555
1556
1562
1563
1564
1572
1573
1575
1577
1579
1583
1584
1586
1587
1588
1592
1599
1602
1604
1607
1613
1617
1619
1620
1621
1623
1624
1632
1633
1638
1646
1648
1652
1653
1662
1667
1669
1670
1671
1672
1676
1678
1679
1682
1684
1689
1692
1694
1703
1704
1705
1706
1707
1711
1714
1718
1723
1725
1727
1728
1729
1730
1731
1734
1735
1745
1747
1748
1752
1753
1754
1757
1758
1760
1764
1765
1768
1774
1777
1778
1783
1788
1792
1793
1795
1799
1801
1809
1811
1822
1824
1825
1832
1833
1835
1836
1840
158
113
54
59
109
111
126
156
25
98
63
121
114
134
5
60
136
18
61
158
21
104
44
108
133
86
74
100
132
78
84
12
13
40
4
91
56
20
50
55
11
68
10
3
58
80
77
70
35
149
65
24
146
144
76
153
88
49
99
131
87
143
9
101
39
94
89
129
17
29
30
141
8
157
103
41
16
93
2
36
85
66
73
160
45
145
120
72
147
79
95
116
150
71
26
139
33
163
162
106
48
135
6
7
107
14
82
57
69
118
62
32
1
75
119
47
110
64
117
152
15
123
138
96
140
0
125
37
124
22
137
67
42
122
159
112
97
102
81
19
83
115
148
128
155
51
23
46
31
53
43
90
154
105
130
28
34
38
27
