108
3
150
191
196
277
279
283
289
311
335
336
353
355
369
372
388
401
417
438
455
460
469
498
529
562
575
608
611
639
691
704
737
742
777
807
846
944
951
984
1007
1046
1062
1068
1096
1135
1146
1153
1156
1188
1194
1203
1215
1222
1229
1271
1278
1311
1319
1349
1403
1456
1461
1466
1497
1499
1534
1562
1603
1617
1636
1687
1700
1727
1738
1743
1765
1784
1793
1801
1803
1833
1835
1843
1848
1870
1892
1917
1927
1953
2039
2041
2060
2101
2132
2201
2252
2262
2266
2268
2289
2312
2328
2416
2421
2423
2432
2436
2437
153
31
75
132
15
161
66
1
138
111
134
83
3
78
92
120
47
104
2
135
85
76
90
84
149
73
0
112
82
125
151
56
160
126
80
54
158
49
16
113
119
136
67
4
152
43
156
128
30
51
19
5
81
143
71
22
68
89
41
40
123
7
103
59
133
44
74
48
117
21
147
137
28
11
69
106
141
146
95
148
17
129
33
14
94
10
157
88
63
91
93
20
144
18
53
65
121
64
58
159
52
72
70
24
9
109
36
61
101
114
115
45
98
162
60
8
86
23
27
32
62
29
77
99
13
42
37
34
25
46
107
118
153
108
150
110
154
12
26
57
39
130
55
97
87
124
140
96
6
116
102
79
145
122
