683
20
23
26
28
29
30
31
34
35
37
38
39
44
45
49
53
57
64
67
71
74
75
77
79
80
81
88
93
94
95
98
101
104
107
108
112
115
120
123
127
133
134
135
140
141
142
146
156
161
165
168
170
173
175
176
178
179
182
183
185
188
191
192
196
197
198
201
204
205
206
207
211
214
216
217
218
221
223
225
238
239
242
244
248
250
255
256
258
260
261
262
265
266
268
272
273
276
278
279
283
285
295
298
300
302
303
304
305
309
311
312
314
315
316
318
319
320
322
323
324
327
328
330
333
336
337
345
351
352
354
359
362
363
364
365
366
374
380
382
383
384
385
387
393
398
399
400
404
406
408
409
410
412
416
418
420
422
424
427
432
433
436
438
439
444
449
450
456
457
459
461
463
464
465
468
471
475
480
486
487
494
495
497
502
504
505
506
507
508
509
513
514
518
522
527
532
536
537
538
541
548
551
552
561
562
565
567
568
570
572
573
581
582
586
587
590
595
596
600
601
603
616
617
620
622
624
626
628
629
630
633
638
639
643
644
645
646
647
649
652
653
654
656
658
659
660
661
664
666
667
670
671
674
675
676
678
689
690
695
696
697
699
701
707
711
713
716
718
719
722
725
732
734
735
738
741
750
751
753
757
762
763
768
774
782
783
784
786
790
791
794
797
799
800
802
804
806
809
812
815
816
820
822
824
825
826
828
831
832
834
839
849
852
853
856
862
863
864
867
873
874
876
877
878
883
884
886
888
889
892
895
900
901
904
906
907
908
911
912
913
915
916
921
923
924
933
935
937
940
942
943
949
954
955
956
961
962
971
972
974
976
977
980
985
988
989
991
993
996
998
1000
1002
1004
1007
1009
1011
1015
1016
1018
1020
1021
1022
1023
1025
1026
1031
1032
1033
1036
1040
1042
1045
1047
1053
1056
1057
1058
1061
1064
1066
1070
1071
1073
1075
1076
1077
1079
1089
1091
1094
1097
1106
1107
1108
1109
1114
1115
1117
1121
1123
1129
1130
1139
1141
1142
1143
1144
1150
1152
1153
1157
1159
1160
1161
1162
1164
1167
1168
1170
1171
1173
1175
1176
1177
1179
1181
1184
1185
1186
1193
1195
1198
1199
1202
1217
1223
1224
1226
1228
1230
1235
1236
1241
1242
1244
1245
1246
1247
1249
1251
1260
1266
1268
1269
1271
1274
1278
1279
1288
1289
1291
1293
1294
1296
1298
1304
1306
1315
1320
1323
1326
1329
1332
1333
1339
1342
1344
1346
1349
1350
1352
1353
1354
1356
1358
1359
1362
1374
1382
1384
1387
1391
1393
1395
1396
1402
1403
1406
1407
1408
1409
1411
1415
1423
1425
1427
1429
1439
1443
1447
1451
1452
1454
1457
1459
1463
1464
1467
1469
1473
1475
1479
1483
1485
1486
1487
1492
1495
1499
1502
1504
1506
1510
1513
1514
1519
1522
1524
1526
1531
1534
1535
1537
1539
1542
1543
1544
1546
1550
1552
1554
1562
1567
1571
1572
1573
1574
1575
1576
1579
1582
1583
1584
1586
1588
1596
1597
1598
1603
1604
1605
1606
1608
1616
1618
1621
1624
1628
1631
1635
1636
1645
1648
1649
1651
1653
1656
1662
1665
1666
1667
1670
1673
1677
1678
1679
1680
1681
1685
1686
1688
1689
1691
1692
1694
1698
1699
1700
1705
1708
1712
1715
1717
1724
1726
1728
1731
1732
1733
1735
1736
1737
1739
1741
1744
1746
1747
1748
1753
1755
1758
1763
1765
1766
1770
1779
1780
1782
1783
1784
1785
1787
1788
1794
1795
1799
1800
1801
1802
1808
1809
1810
1811
1815
1816
1818
1825
1826
1830
1833
1836
1838
1839
155
48
46
64
104
81
107
114
40
88
19
0
75
150
54
145
52
119
108
70
125
162
27
32
136
67
148
38
25
146
164
62
6
155
100
35
2
74
95
72
56
129
103
135
109
14
141
86
60
124
17
98
158
115
50
122
130
37
65
53
82
78
26
28
4
110
89
51
61
151
3
44
131
30
123
153
102
160
94
143
93
92
112
68
55
13
101
113
99
16
83
133
128
29
91
63
132
7
9
12
116
121
144
71
156
1
96
22
87
57
76
127
41
149
36
31
142
138
34
77
111
90
117
157
154
140
11
137
49
120
33
85
8
159
5
45
20
118
134
66
84
105
42
161
79
10
24
163
58
106
73
15
80
147
43
59
