74
44
85
147
160
171
216
289
302
305
362
386
392
432
454
466
472
492
498
532
571
577
586
622
623
635
643
652
675
681
727
729
782
805
850
854
862
878
900
906
944
970
982
983
987
1076
1136
1143
1155
1156
1158
1163
1239
1249
1268
1303
1304
1307
1323
1363
1372
1393
1427
1460
1572
1575
1592
1607
1621
1639
1645
1663
1667
1792
1817
123
157
134
36
135
144
22
15
18
139
2
106
122
145
99
26
32
46
31
53
42
90
100
143
163
84
72
19
27
129
115
133
61
6
147
78
41
83
111
65
64
121
37
146
110
107
124
138
73
150
91
21
75
131
66
17
57
63
13
152
162
96
82
127
30
77
149
44
38
8
136
156
3
9
92
33
120
12
67
80
23
47
58
85
132
89
76
11
164
10
71
52
25
29
97
141
69
113
109
86
54
60
49
74
14
102
118
137
62
159
148
7
125
68
39
98
112
117
104
128
70
160
4
93
