119
26
52
77
126
143
178
237
258
298
312
320
326
337
347
362
377
390
395
421
423
451
471
487
516
533
538
615
617
626
628
631
683
691
704
705
717
746
759
766
799
804
817
849
853
940
949
983
989
1002
1007
1021
1025
1099
1118
1136
1164
1188
1189
1222
1258
1284
1313
1324
1325
1350
1404
1408
1420
1423
1499
1508
1525
1529
1533
1547
1556
1557
1583
1585
1619
1656
1664
1696
1764
1796
1805
1812
1818
1824
1843
1850
1884
1947
1955
1972
1974
1986
1994
2014
2030
2042
2094
2129
2185
2189
2232
2243
2246
2256
2267
2280
2291
2294
2329
2369
2381
2411
2425
2427
158
5
161
143
100
25
28
141
71
138
53
54
69
68
129
12
155
136
116
58
13
125
1
23
17
75
137
124
55
77
82
61
34
81
91
63
89
84
152
19
109
159
97
72
88
79
80
117
112
128
133
157
99
83
156
60
37
139
33
126
102
145
103
92
46
31
26
67
2
45
22
160
48
85
4
42
114
144
27
59
104
120
90
127
149
150
35
134
7
74
148
65
132
41
118
154
142
20
93
6
57
87
62
10
30
107
130
43
24
113
135
110
49
78
106
146
8
122
151
115
29
101
18
153
119
32
86
140
105
40
96
162
0
123
21
76
121
9
39
98
70
131
47
36
73
147
158
66
50
16
14
111
15
94
64
108
44
38
51
