243
14
29
51
56
64
72
80
91
93
96
115
124
127
131
159
212
217
234
236
242
269
270
279
292
296
302
303
308
309
322
325
339
346
350
367
385
388
390
412
436
451
465
470
473
488
511
515
518
524
525
535
536
544
546
548
554
572
581
607
608
645
661
684
689
719
724
725
735
736
741
742
745
760
775
795
805
808
810
823
824
837
838
841
849
866
881
887
900
906
921
924
941
948
952
970
978
1005
1016
1040
1066
1068
1071
1077
1100
1106
1110
1111
1121
1145
1158
1174
1180
1184
1187
1188
1190
1203
1222
1223
1226
1242
1244
1247
1248
1255
1260
1279
1282
1289
1295
1296
1318
1325
1341
1346
1349
1360
1365
1371
1383
1386
1402
1430
1448
1457
1459
1477
1482
1524
1533
1538
1541
1550
1557
1569
1572
1576
1578
1580
1587
1645
1667
1673
1680
1689
1693
1699
1707
1709
1714
1728
1734
1737
1740
1748
1751
1827
1841
1847
1852
1881
1886
1891
1898
1913
1921
1925
1931
1935
1956
1964
1989
1992
2006
2042
2056
2071
2085
2087
2101
2105
2110
2127
2128
2139
2185
2200
2225
2230
2235
2236
2269
2292
2311
2331
2353
2368
2401
2417
2419
2427
2428
2447
2449
2451
2453
2456
2457
2462
2464
2486
2490
2506
2512
2519
2532
2556
2560
2565
2566
2567
2607
2608
157
159
97
8
53
104
145
18
150
153
137
27
48
129
109
120
105
52
155
106
122
77
82
30
143
98
147
9
99
47
84
58
100
29
39
134
71
17
70
85
125
12
124
79
130
93
51
45
115
81
83
87
95
19
59
66
116
152
132
31
1
141
0
61
92
11
23
86
26
46
35
7
91
148
117
128
15
96
140
135
57
65
24
69
113
110
41
133
157
56
49
10
43
42
22
38
121
16
90
107
154
112
138
40
142
88
136
5
101
21
156
34
108
76
160
50
144
37
3
6
73
126
2
158
119
149
33
60
68
72
111
102
28
55
4
78
94
32
25
131
103
64
36
118
123
54
146
80
127
67
14
63
44
62
74
151
89
20
