681
9
10
20
28
34
36
37
40
41
42
43
44
49
50
53
55
56
61
64
65
67
71
73
76
81
83
88
89
90
91
92
98
100
101
105
109
110
111
113
114
116
117
121
125
129
130
131
137
139
140
143
145
148
150
151
153
155
158
160
163
166
173
174
177
180
181
183
185
187
188
192
195
196
197
201
207
211
212
216
217
218
220
221
224
227
229
231
232
237
249
251
255
258
260
262
263
266
268
270
272
274
275
276
277
278
279
281
285
289
291
297
298
299
300
302
303
306
308
309
310
311
313
315
316
323
328
329
331
332
335
337
339
346
348
351
358
359
361
363
364
366
370
371
372
373
376
378
380
381
383
388
390
391
392
393
394
395
404
405
413
416
418
423
424
428
429
431
432
435
439
442
443
451
453
457
462
464
465
467
471
474
478
480
483
484
486
489
491
494
496
498
499
500
501
504
508
512
514
515
520
521
526
528
530
532
535
537
539
542
544
546
548
549
550
553
557
565
569
570
571
572
576
577
578
582
589
590
591
592
594
599
610
614
615
617
627
628
632
635
637
648
650
651
652
657
663
664
665
670
671
674
676
678
683
684
685
689
692
694
696
697
700
701
704
708
712
715
721
722
723
725
726
727
729
730
731
732
733
743
745
747
748
751
759
760
761
763
764
765
767
768
769
771
776
777
779
781
783
789
794
796
798
802
803
806
809
814
817
820
821
822
825
831
832
834
838
839
840
843
848
855
861
862
863
865
875
877
879
880
881
886
890
896
900
904
910
915
916
921
924
927
929
932
933
934
940
943
945
946
948
951
954
955
956
962
963
964
965
967
968
970
977
980
987
988
992
996
999
1002
1003
1005
1008
1013
1020
1022
1023
1026
1032
1033
1038
1040
1041
1043
1045
1047
1048
1050
1051
1053
1054
1055
1060
1065
1066
1069
1071
1073
1076
1077
1082
1086
1087
1090
1094
1096
1097
1098
1100
1103
1106
1108
1111
1114
1116
1119
1122
1123
1124
1130
1132
1134
1135
1136
1139
1141
1144
1145
1147
1148
1150
1153
1154
1157
1158
1159
1161
1165
1167
1169
1172
1176
1179
1182
1186
1189
1190
1192
1194
1195
1196
1197
1200
1201
1202
1203
1204
1205
1206
1207
1209
1210
1212
1213
1215
1218
1219
1221
1224
1228
1229
1230
1234
1242
1243
1246
1247
1249
1254
1255
1256
1262
1270
1272
1277
1281
1295
1298
1301
1302
1304
1305
1306
1308
1313
1314
1318
1324
1326
1327
1329
1331
1332
1335
1336
1339
1340
1347
1348
1350
1351
1352
1357
1362
1374
1381
1383
1386
1387
1394
1395
1396
1397
1400
1401
1405
1409
1417
1423
1424
1426
1427
1434
1437
1438
1439
1441
1442
1443
1449
1451
1452
1453
1455
1466
1470
1472
1474
1475
1476
1485
1490
1494
1497
1501
1502
1505
1508
1513
1515
1519
1520
1521
1522
1524
1528
1531
1532
1533
1535
1546
1549
1555
1556
1557
1559
1560
1565
1567
1568
1570
1581
1586
1589
1590
1594
1596
1607
1608
1610
1611
1613
1614
1620
1621
1624
1625
1629
1630
1635
1642
1649
1652
1655
1656
1657
1658
1661
1662
1668
1671
1672
1675
1676
1679
1682
1683
1686
1687
1688
1691
1692
1693
1694
1699
1705
1707
1708
1709
1710
1712
1714
1719
1720
1721
1723
1727
1728
1730
1731
1733
1734
1738
1739
1740
1744
1746
1747
1750
1751
1752
1757
1760
1762
1764
1766
1770
1773
1774
1778
1779
1781
1788
1793
1797
1804
1806
1808
1809
1818
1820
1821
1823
1825
1827
1829
1830
1832
1835
1836
1837
1839
157
116
6
77
148
38
127
161
40
14
7
87
2
120
1
16
140
63
144
66
45
156
32
18
135
92
47
54
129
60
34
146
29
124
121
37
110
138
23
59
137
147
24
57
113
157
158
108
51
143
80
159
21
96
82
94
36
114
73
141
74
83
15
125
69
102
64
93
55
150
67
85
86
12
44
134
11
163
115
105
84
162
3
62
10
112
43
33
5
79
50
130
28
98
133
25
78
91
154
41
128
42
103
13
139
76
46
52
75
126
30
117
17
68
118
104
39
164
19
31
153
35
101
61
49
99
160
48
145
70
109
72
27
107
142
20
106
95
149
90
4
71
155
122
123
26
132
152
9
0
119
100
53
111
8
97
131
56
