686
4
8
11
14
15
17
19
20
21
24
26
30
32
34
35
37
38
39
40
41
42
45
48
50
51
52
54
55
56
57
58
59
60
61
64
67
68
69
70
71
73
75
76
77
78
79
80
83
84
86
88
89
90
95
97
98
100
103
105
106
108
109
111
112
113
114
115
116
117
118
120
124
129
131
132
134
135
137
138
140
143
145
152
153
155
156
159
162
164
166
167
170
172
175
176
177
178
179
181
182
185
186
188
189
190
191
192
193
194
196
197
200
201
202
205
206
207
208
212
213
216
217
218
222
224
225
228
229
230
231
232
234
235
236
237
240
241
242
243
244
246
247
254
255
261
262
263
264
265
266
268
269
272
273
274
275
278
279
281
284
285
287
288
289
290
291
293
294
295
297
298
299
300
303
304
305
307
308
309
310
311
312
315
318
321
322
323
324
325
327
329
330
333
334
335
336
337
338
340
343
345
346
347
348
350
351
353
354
355
357
358
359
360
361
363
365
366
367
369
371
375
377
379
380
382
383
386
387
389
390
391
392
393
394
395
397
398
402
403
406
407
408
409
411
413
415
416
417
419
420
424
429
432
436
437
439
440
442
443
445
446
449
451
453
454
456
457
459
463
464
465
466
467
468
469
470
472
474
476
479
481
482
483
484
485
486
487
490
491
493
494
496
497
498
499
503
505
506
507
508
510
511
512
513
514
515
516
517
519
520
521
522
523
524
525
526
527
528
529
531
532
534
537
538
540
541
543
544
546
547
549
550
552
553
555
557
559
561
563
564
565
567
568
569
570
571
575
581
582
584
587
589
590
591
592
593
594
595
596
597
598
599
600
601
606
608
610
613
614
615
616
618
621
623
625
626
628
631
632
634
635
636
637
638
639
641
643
646
647
648
649
650
652
653
654
656
657
659
660
661
664
665
666
667
669
670
672
673
679
683
685
686
687
688
689
690
692
694
695
696
697
698
699
700
701
704
705
706
707
708
711
712
713
714
715
716
717
718
719
721
722
723
724
725
726
727
733
734
735
736
739
743
744
747
748
751
752
754
756
757
758
760
761
762
763
765
767
769
771
772
776
779
781
782
783
785
786
788
789
791
793
794
795
796
797
798
800
801
802
803
805
806
810
811
814
815
820
821
824
826
827
829
831
833
834
835
836
838
841
843
844
846
847
848
849
850
851
852
853
854
855
857
858
859
860
861
864
865
869
871
872
873
874
875
876
878
879
881
882
883
884
886
887
888
889
890
891
892
893
894
895
896
897
898
899
901
902
903
904
905
906
907
908
909
910
913
914
915
916
918
919
920
922
923
927
929
933
935
937
941
942
943
947
948
949
951
953
954
955
960
961
962
963
964
965
967
969
970
971
973
975
978
979
980
981
982
984
985
987
989
990
991
994
995
996
1000
1005
1006
1007
1008
1009
1011
1012
1014
1015
1016
1017
1018
1019
1020
1022
1024
1025
1027
1028
1029
1030
1032
1033
1034
1035
1036
1038
1039
1041
1044
1045
1046
1047
1049
1050
1052
1053
1054
1055
1056
1057
1059
1060
1061
1062
1064
1067
1068
1069
1071
1072
1073
1076
1077
1079
1080
1081
1082
1084
1087
1089
1090
1093
1096
1099
1100
1102
1103
1104
1106
82
62
64
37
22
11
13
71
87
2
17
8
67
1
84
82
18
4
57
33
29
43
70
39
49
50
86
81
68
35
3
23
56
25
5
74
31
65
83
14
19
69
15
54
72
41
85
63
46
36
20
51
76
34
78
73
58
66
48
24
45
60
0
26
30
59
47
16
28
38
53
80
9
7
61
6
44
52
27
77
10
42
40
