250
14
31
55
66
74
88
92
115
119
133
136
145
150
151
164
193
196
235
241
243
286
287
307
322
363
365
369
439
446
451
486
487
495
502
509
515
539
555
560
561
570
571
586
593
601
612
624
626
663
682
702
703
724
734
751
753
759
763
770
772
775
783
805
808
814
851
856
873
874
880
892
908
916
922
928
930
943
944
950
952
957
962
980
1027
1062
1069
1100
1106
1119
1120
1139
1142
1144
1148
1151
1163
1171
1174
1186
1193
1195
1204
1210
1223
1235
1256
1258
1261
1271
1290
1291
1310
1311
1314
1326
1327
1330
1336
1353
1371
1406
1414
1443
1472
1480
1487
1506
1509
1519
1521
1529
1550
1559
1572
1592
1595
1607
1619
1624
1641
1656
1657
1659
1667
1668
1694
1698
1706
1710
1712
1713
1727
1731
1745
1747
1758
1768
1780
1784
1790
1793
1794
1810
1811
1812
1813
1843
1850
1851
1868
1871
1900
1902
1909
1915
1929
1935
1938
1939
1943
1954
1957
1961
1962
1977
2022
2029
2044
2051
2058
2060
2062
2076
2078
2080
2081
2087
2111
2117
2119
2124
2127
2146
2148
2158
2165
2174
2175
2189
2202
2203
2241
2262
2264
2269
2288
2295
2306
2314
2350
2352
2357
2363
2367
2375
2393
2396
2400
2401
2404
2418
2423
2428
2458
2464
2470
2473
2490
2500
2518
2531
2534
2557
2562
2564
2566
2591
2594
2608
2616
161
44
77
53
48
2
73
8
9
92
107
51
30
1
122
67
149
123
129
132
91
28
17
72
45
156
142
15
143
157
140
114
124
81
54
93
27
56
26
84
42
60
6
153
116
110
150
71
105
159
18
3
61
22
13
40
138
94
29
32
33
21
152
144
112
43
135
85
120
24
10
49
133
74
137
23
5
4
141
70
139
100
16
99
145
88
117
25
82
118
131
59
47
11
63
80
154
14
158
121
37
79
136
113
90
128
86
20
134
62
130
97
38
98
103
147
36
119
151
155
64
57
126
83
58
102
115
78
76
104
96
95
127
31
65
19
106
111
125
101
12
39
0
75
7
87
41
46
66
55
160
34
35
68
50
52
148
109
108
89
69
146
