149
35
38
41
44
48
53
57
58
71
79
85
86
94
105
108
111
112
132
134
142
147
149
150
156
170
181
182
189
192
204
205
208
218
226
231
243
249
252
258
262
263
280
282
309
310
311
312
313
327
328
329
338
356
361
366
371
380
391
393
396
406
413
429
433
435
436
446
452
453
458
462
467
471
472
478
485
487
493
507
519
524
526
530
533
541
547
548
550
567
569
573
582
591
592
593
598
601
621
628
630
631
642
650
661
674
704
705
708
715
717
727
731
733
742
746
758
769
777
793
801
808
820
829
833
844
847
854
859
877
892
898
910
915
916
920
923
924
937
990
1004
1010
1025
1055
1072
1085
1098
1100
1104
1107
74
21
71
18
60
2
59
11
7
45
15
41
61
29
25
69
12
74
43
80
30
57
85
26
68
65
64
27
32
31
67
5
19
72
40
66
37
52
38
48
87
47
79
49
51
28
84
86
4
23
46
53
20
3
16
62
10
36
1
56
83
58
42
78
14
13
24
55
35
9
54
77
22
33
6
