119
55
144
164
170
178
183
201
257
259
295
296
312
326
349
399
409
431
448
450
454
460
496
544
579
628
647
656
690
694
758
778
784
794
813
828
839
846
848
857
893
923
973
987
1005
1007
1032
1089
1168
1236
1257
1294
1304
1311
1350
1389
1401
1408
1420
1425
1439
1444
1461
1482
1504
1552
1558
1564
1604
1624
1654
1674
1676
1704
1712
1734
1740
1749
1750
1786
1806
1821
1834
1843
1846
1866
1930
1946
1999
2006
2021
2025
2026
2031
2054
2055
2083
2098
2108
2190
2193
2203
2207
2227
2233
2238
2259
2269
2271
2274
2303
2316
2328
2330
2336
2349
2374
2399
2400
2407
160
119
103
107
70
34
41
6
17
72
57
60
61
23
51
81
137
109
118
62
150
37
106
143
28
89
42
117
159
141
114
80
73
29
39
76
64
128
46
123
26
129
155
24
78
97
110
122
8
83
149
3
31
53
116
124
7
14
153
22
144
30
162
75
161
86
0
100
148
56
38
93
147
47
105
112
2
36
87
58
10
49
9
102
99
50
146
84
125
135
127
104
65
156
5
35
44
157
13
11
130
71
68
88
59
113
134
158
21
108
33
32
48
55
85
94
95
91
63
67
96
25
19
69
139
120
145
90
40
152
92
101
27
121
140
52
45
142
111
79
12
131
16
160
20
66
136
15
4
126
82
98
43
1
151
74
132
18
133
54
138
