664
16
17
21
23
24
26
28
30
33
34
38
39
42
46
49
50
51
52
53
54
56
61
65
68
69
71
74
75
78
80
81
83
84
85
87
89
92
93
98
100
101
102
104
105
106
108
109
110
112
114
116
117
119
121
123
125
126
133
136
137
139
140
141
142
147
149
150
152
153
157
160
162
163
165
166
168
169
177
178
180
181
182
184
185
192
196
197
199
200
201
202
203
204
212
217
218
223
224
226
233
239
244
245
252
259
262
264
265
271
276
281
287
289
298
300
301
310
313
314
318
320
322
324
327
335
336
337
338
343
349
353
354
357
358
361
362
363
364
367
368
369
370
371
374
377
381
382
385
386
387
390
392
397
398
400
404
405
408
410
411
412
416
422
424
427
429
430
432
433
438
440
441
458
460
461
464
467
469
472
474
477
482
490
494
499
501
506
510
511
514
517
521
524
529
532
535
537
538
539
541
547
548
549
550
553
554
556
557
561
562
570
571
580
582
583
584
586
587
588
594
598
599
602
604
607
608
610
611
613
615
622
626
627
629
631
635
638
639
640
644
649
651
652
656
658
664
665
667
668
670
671
675
676
677
685
686
687
689
691
694
695
697
700
702
703
707
710
712
715
719
720
725
726
729
730
732
734
739
740
744
746
750
752
754
755
756
758
762
767
770
776
777
782
785
787
793
794
795
797
800
805
806
807
809
811
812
813
814
819
820
822
823
827
830
831
841
842
848
853
859
862
863
866
874
879
881
885
896
897
903
904
905
911
912
918
919
920
923
925
928
931
933
934
935
938
939
940
945
946
948
956
965
968
969
971
972
976
977
979
983
990
993
994
996
997
998
1000
1006
1009
1010
1011
1015
1019
1020
1025
1027
1028
1029
1032
1036
1041
1048
1051
1053
1054
1055
1056
1061
1064
1065
1069
1070
1075
1081
1082
1083
1088
1090
1096
1098
1099
1107
1112
1115
1121
1124
1125
1126
1130
1131
1137
1138
1139
1143
1152
1154
1161
1173
1175
1176
1179
1183
1184
1185
1187
1189
1191
1193
1195
1201
1204
1207
1209
1210
1213
1221
1227
1232
1233
1235
1236
1239
1240
1241
1245
1248
1250
1258
1259
1263
1265
1267
1268
1270
1271
1272
1274
1278
1282
1283
1284
1285
1286
1291
1293
1297
1299
1300
1301
1302
1310
1312
1315
1316
1317
1318
1321
1324
1326
1331
1332
1335
1343
1344
1347
1348
1349
1350
1351
1359
1361
1362
1363
1364
1366
1367
1368
1374
1377
1380
1382
1385
1388
1389
1392
1396
1399
1410
1411
1412
1420
1421
1422
1426
1437
1439
1440
1441
1442
1445
1448
1449
1459
1460
1463
1469
1470
1472
1474
1475
1476
1478
1479
1488
1489
1490
1491
1492
1493
1495
1496
1497
1501
1503
1505
1507
1508
1510
1512
1518
1520
1521
1527
1529
1530
1531
1534
1536
1542
1543
1544
1547
1551
1552
1555
1562
1567
1569
1574
1578
1581
1596
1600
1603
1608
1610
1611
1613
1616
1619
1629
1631
1634
1639
1641
1642
1649
1650
1651
1654
1655
1658
1660
1661
1669
1675
1678
1679
1680
1681
1691
1693
1698
1700
1703
1707
1714
1715
1717
1724
1726
1729
1731
1737
1739
1740
1741
1742
1743
1745
1747
1748
1754
1755
1757
1758
1759
1761
1764
1766
1768
1771
1774
1776
1780
1781
1782
1783
1784
1785
1786
1788
1794
1795
1796
1800
1802
1803
1804
1805
1812
1814
1815
1820
1821
1823
1827
1828
1829
1830
1834
1835
1836
1839
156
44
61
60
93
43
85
0
91
47
22
19
94
108
139
68
80
83
9
46
31
159
120
98
88
135
7
17
114
110
152
84
3
102
42
11
95
81
82
72
109
134
18
99
157
156
48
145
153
24
78
100
155
30
146
23
144
90
38
164
65
59
70
154
1
26
58
37
104
122
141
10
33
149
86
66
34
147
161
57
74
29
13
4
71
115
107
150
131
16
97
148
113
52
20
8
138
124
126
27
140
73
89
151
56
119
5
2
136
53
92
14
35
25
118
117
162
87
128
64
55
67
36
62
40
106
32
137
51
160
112
121
132
41
101
28
103
105
79
49
39
130
76
143
158
163
77
15
125
69
45
21
6
12
96
50
129
