686
3
7
8
9
10
11
16
17
18
21
25
28
29
30
31
37
38
40
41
44
45
46
47
48
53
54
56
58
60
61
62
63
65
66
67
69
70
72
75
78
79
80
82
83
85
87
89
91
92
93
94
95
96
97
99
102
103
104
105
108
109
110
112
113
114
115
116
120
121
123
124
126
127
128
129
135
136
137
140
141
143
145
148
150
151
154
160
161
165
167
168
170
175
177
178
180
183
184
185
186
187
189
190
193
194
195
197
198
199
200
201
202
203
206
207
208
209
210
213
215
216
217
218
222
224
228
230
232
233
235
238
239
241
242
243
244
245
249
250
252
253
254
255
257
258
259
260
261
262
263
266
267
271
276
277
278
279
282
283
286
287
288
290
291
292
293
294
295
298
300
301
302
303
304
305
306
307
308
309
311
313
314
315
316
317
318
319
320
321
322
324
325
328
329
330
331
332
333
335
336
337
339
340
341
342
344
345
346
347
350
351
353
357
358
359
360
361
362
364
365
366
367
372
373
374
375
377
378
380
381
382
384
387
389
390
392
393
394
395
396
399
401
402
406
407
408
409
410
411
414
416
418
419
420
422
426
427
429
430
431
432
433
434
435
436
437
438
439
440
441
442
444
447
449
450
451
452
453
454
455
456
457
458
459
460
461
462
463
464
465
467
468
470
472
473
475
476
477
478
479
482
484
485
486
488
489
490
494
498
500
502
503
504
505
506
507
508
509
511
512
513
514
515
516
517
518
519
521
522
523
525
526
527
529
532
533
534
535
537
539
540
541
542
543
545
546
547
549
551
554
557
558
560
561
562
563
564
565
566
571
572
573
574
575
576
577
578
579
580
581
583
585
586
592
593
594
595
596
597
598
599
601
602
603
604
605
606
608
609
610
612
614
616
617
618
619
620
621
622
624
625
634
635
636
637
638
641
642
645
648
649
650
651
652
653
654
661
662
663
664
665
668
669
672
675
676
680
681
682
683
685
686
687
689
690
691
693
695
696
697
699
700
703
704
705
707
708
709
710
712
715
717
718
719
721
722
724
725
730
731
732
736
737
738
740
741
743
745
746
748
749
750
751
752
754
755
756
758
759
760
762
763
765
766
767
768
769
770
773
774
776
779
781
783
786
788
790
791
794
796
799
801
802
803
804
806
808
809
810
811
812
813
814
817
818
821
822
823
825
827
828
830
832
834
836
837
840
841
844
845
849
850
851
853
854
856
860
861
862
864
865
867
868
869
870
872
874
875
876
879
884
887
888
892
893
894
897
898
899
900
902
904
905
906
909
910
914
915
916
917
919
921
922
926
928
930
931
932
934
936
937
938
940
941
942
945
947
948
950
952
953
954
957
959
960
961
962
963
964
965
966
968
969
970
974
975
978
979
981
982
983
984
985
987
988
989
990
994
996
998
999
1000
1001
1003
1004
1005
1007
1008
1011
1012
1014
1015
1017
1018
1022
1023
1025
1027
1029
1030
1031
1033
1035
1036
1038
1040
1041
1042
1043
1044
1049
1050
1051
1053
1055
1056
1057
1059
1061
1065
1067
1069
1070
1071
1076
1077
1079
1081
1082
1084
1086
1087
1088
1090
1091
1094
1095
1096
1097
1098
1099
1101
1102
1104
1105
1107
83
41
38
84
87
27
67
29
59
8
1
77
15
76
74
71
54
9
34
6
2
58
42
47
16
75
37
17
36
0
13
51
48
53
50
78
3
23
68
21
46
18
11
40
22
26
57
85
31
4
32
66
43
14
80
69
5
86
63
30
61
81
24
19
65
52
45
44
56
72
49
28
83
20
64
73
60
10
25
7
82
12
35
62
