139
1
3
14
26
50
61
63
110
117
130
151
180
252
276
284
344
346
357
370
371
417
435
470
471
491
496
501
519
520
541
589
607
612
615
618
633
636
652
655
659
673
715
733
741
763
774
809
825
838
845
846
850
883
894
911
928
949
955
965
975
990
1000
1018
1030
1044
1062
1074
1079
1106
1115
1148
1167
1170
1204
1227
1256
1287
1300
1335
1352
1355
1378
1388
1417
1425
1440
1454
1465
1476
1479
1498
1529
1545
1551
1552
1580
1591
1594
1599
1603
1608
1629
1633
1645
1650
1656
1675
1756
1769
1820
1822
1833
1850
1859
1877
1889
1901
1935
1967
1981
1991
2027
2032
2036
2112
2123
2130
2133
2140
2155
2190
2198
2217
2231
2243
2286
2350
2375
2383
163
57
21
56
37
136
50
22
123
11
145
86
67
129
19
112
104
12
8
39
158
38
107
31
124
61
77
81
27
149
153
60
120
75
46
93
85
154
116
18
146
132
40
25
121
133
122
3
138
90
42
66
109
157
135
28
117
62
160
41
69
59
142
156
115
72
152
159
106
95
20
54
30
83
87
125
128
89
134
34
105
68
99
26
74
55
65
110
126
1
5
48
119
143
82
51
148
6
108
9
73
102
23
52
94
118
33
127
15
35
10
71
70
140
91
80
98
147
155
2
64
36
7
58
96
111
4
101
47
13
130
32
100
29
144
103
137
44
45
24
162
151
139
76
53
49
43
161
0
84
17
79
63
92
97
131
14
114
78
113
16
141
88
150
