252
0
6
16
35
37
39
45
47
61
65
77
78
91
101
114
122
146
150
177
198
213
215
221
222
227
244
264
287
293
300
302
317
318
337
353
354
363
369
374
375
380
385
395
400
444
449
450
457
473
486
516
521
534
537
542
546
557
571
588
603
609
611
641
643
653
664
669
672
686
700
702
703
710
723
732
734
763
774
783
800
803
825
839
849
857
873
880
888
890
894
906
927
935
939
960
963
964
972
979
987
1004
1041
1050
1054
1075
1081
1085
1104
1108
1114
1122
1129
1169
1177
1208
1211
1216
1222
1227
1261
1262
1267
1272
1294
1305
1310
1315
1325
1327
1345
1362
1375
1381
1384
1395
1400
1418
1442
1447
1467
1474
1499
1506
1507
1509
1550
1559
1566
1570
1583
1596
1600
1613
1622
1628
1633
1651
1661
1662
1664
1671
1680
1686
1697
1725
1731
1733
1735
1739
1745
1751
1770
1777
1778
1803
1814
1815
1816
1818
1839
1857
1860
1861
1897
1898
1900
1956
1962
1973
1974
1995
2011
2024
2026
2029
2031
2033
2039
2056
2058
2084
2110
2130
2143
2148
2150
2153
2157
2167
2178
2194
2197
2198
2203
2207
2209
2211
2227
2232
2233
2254
2266
2267
2270
2271
2274
2292
2299
2303
2304
2319
2334
2339
2351
2353
2356
2414
2440
2445
2454
2485
2494
2499
2519
2542
2544
2547
2570
2572
2621
2622
2624
161
42
49
73
51
65
129
149
108
79
107
110
141
1
34
4
43
41
26
145
134
130
0
50
106
92
66
60
148
123
142
137
54
143
105
2
31
89
132
71
155
70
53
140
57
84
77
91
3
131
124
114
126
154
146
17
98
64
102
87
100
135
127
95
99
33
88
82
39
10
52
111
12
125
97
85
61
78
152
5
40
25
158
101
46
81
47
8
75
35
144
159
115
63
147
48
109
112
37
113
32
62
19
30
55
18
29
120
118
44
153
150
156
27
157
103
56
116
68
16
11
15
133
45
59
7
69
23
160
76
80
38
128
90
136
119
94
24
22
72
6
13
28
9
117
67
138
139
83
96
20
86
93
122
74
151
121
14
21
104
36
58
