667
7
8
10
12
15
23
24
25
26
27
31
42
43
45
47
50
51
53
54
55
57
59
60
61
66
68
71
75
76
85
86
87
88
92
93
94
97
101
102
103
104
105
110
111
113
116
117
120
123
125
128
129
131
132
139
141
148
153
154
156
158
159
164
165
168
171
172
174
175
178
181
183
184
187
191
194
195
196
197
198
199
200
203
208
216
220
223
225
227
233
236
238
240
249
251
262
265
268
275
280
281
282
284
287
290
291
292
296
297
304
306
310
312
314
317
319
322
324
325
326
327
331
341
344
346
349
353
355
356
357
358
361
366
369
375
378
379
382
384
385
386
387
393
395
399
400
401
402
414
417
418
421
422
426
427
430
431
437
439
440
441
442
444
445
449
451
452
455
459
462
465
467
468
469
470
471
474
475
479
482
489
492
493
494
495
497
502
505
506
508
515
516
518
519
520
524
527
528
533
535
544
545
546
550
551
554
560
564
567
568
569
572
574
576
578
582
586
589
592
594
602
606
610
612
616
619
623
624
630
632
633
636
640
641
644
645
649
650
657
658
659
663
665
666
667
673
677
681
683
684
685
686
690
693
696
697
700
701
708
710
714
715
718
720
722
728
732
737
738
741
743
745
746
748
751
753
754
757
767
768
769
770
772
775
781
783
786
790
793
794
795
797
805
811
812
813
815
816
817
819
823
830
832
842
846
847
850
855
865
866
874
875
876
882
884
886
890
891
892
895
896
897
900
901
902
903
905
913
917
920
922
925
929
930
931
935
937
942
945
946
950
953
954
958
960
974
975
977
978
979
988
992
993
998
1000
1003
1005
1009
1015
1019
1021
1026
1028
1030
1032
1034
1036
1037
1045
1047
1049
1050
1052
1057
1060
1063
1064
1066
1069
1071
1072
1075
1076
1080
1083
1090
1095
1096
1097
1098
1102
1104
1105
1106
1107
1108
1110
1113
1114
1116
1119
1121
1122
1125
1126
1127
1129
1133
1134
1147
1151
1153
1164
1167
1170
1171
1175
1178
1182
1183
1185
1187
1188
1191
1193
1194
1195
1196
1198
1201
1207
1211
1212
1213
1215
1227
1228
1230
1231
1232
1234
1235
1240
1245
1246
1247
1248
1249
1252
1254
1259
1261
1263
1269
1270
1274
1276
1277
1281
1284
1288
1291
1292
1294
1296
1299
1303
1304
1306
1311
1314
1319
1321
1324
1331
1334
1340
1346
1347
1350
1353
1354
1355
1361
1362
1363
1364
1365
1367
1369
1370
1374
1378
1379
1383
1387
1389
1392
1393
1394
1398
1399
1403
1404
1406
1411
1412
1413
1414
1421
1422
1424
1425
1428
1434
1437
1439
1442
1443
1444
1446
1453
1457
1458
1461
1463
1464
1466
1468
1470
1471
1479
1480
1484
1485
1486
1490
1495
1499
1502
1504
1506
1512
1516
1518
1520
1521
1522
1523
1524
1526
1529
1531
1535
1539
1546
1555
1556
1559
1563
1564
1570
1576
1577
1578
1579
1580
1581
1583
1584
1587
1588
1594
1596
1598
1601
1603
1604
1608
1612
1613
1614
1615
1617
1618
1623
1626
1627
1630
1633
1634
1635
1637
1638
1640
1644
1646
1649
1652
1653
1654
1655
1662
1667
1674
1675
1680
1681
1682
1686
1687
1688
1690
1691
1692
1696
1705
1707
1708
1710
1713
1716
1717
1719
1721
1724
1726
1727
1728
1731
1732
1734
1736
1737
1738
1739
1743
1744
1750
1751
1755
1756
1758
1759
1760
1766
1767
1769
1771
1772
1774
1775
1777
1779
1781
1782
1783
1784
1788
1789
1797
1800
1810
1811
1814
1828
1838
157
137
92
14
129
15
55
108
31
90
20
113
71
155
48
94
99
141
143
152
5
145
98
147
62
148
112
78
120
45
8
40
22
87
37
44
73
50
107
100
19
54
116
125
60
9
151
41
149
134
13
65
23
10
131
93
17
133
114
154
142
162
43
123
122
25
103
163
138
144
161
57
115
104
32
85
18
16
132
111
91
80
97
33
52
21
106
2
77
49
150
1
12
27
117
6
110
158
69
3
26
121
51
126
68
84
128
66
47
119
46
24
53
72
75
130
0
101
28
156
118
11
82
96
135
136
36
124
79
146
127
153
67
140
58
109
4
159
56
157
105
76
59
81
38
29
7
160
102
39
30
83
64
89
35
95
42
70
