686
4
5
6
11
13
14
15
18
19
20
21
22
23
25
26
28
29
30
31
33
34
36
37
38
39
40
41
42
43
45
46
47
48
52
53
54
58
59
60
61
62
65
67
69
70
73
74
75
76
77
78
79
80
81
83
84
86
87
89
91
92
93
95
96
98
101
102
103
104
105
106
108
112
114
115
116
117
118
119
120
121
123
124
125
126
129
131
132
133
136
139
141
142
144
146
149
150
154
157
161
163
165
166
167
168
169
170
171
173
174
176
179
180
181
182
183
185
187
188
190
191
192
193
194
195
197
198
199
200
204
206
208
209
210
211
213
216
217
219
220
221
223
226
228
229
231
232
234
235
236
237
238
239
242
244
247
250
251
252
253
258
259
262
265
266
267
268
269
270
271
272
273
274
276
277
280
281
283
284
285
287
288
289
290
291
293
294
295
296
298
299
300
301
304
310
313
314
315
316
317
318
320
322
323
324
328
329
330
331
332
333
334
335
336
337
340
341
345
346
348
349
351
352
354
357
358
360
361
364
367
370
373
374
376
377
379
380
381
382
385
387
389
391
392
394
395
398
399
400
401
402
403
406
407
408
409
410
411
412
414
418
420
422
423
424
425
427
428
429
430
431
433
435
439
440
441
443
444
445
448
450
451
453
454
455
456
457
458
459
460
462
463
464
465
466
467
468
469
470
472
473
474
475
476
477
478
479
480
481
482
484
485
486
487
488
490
494
497
499
502
504
505
506
507
508
509
510
512
513
514
515
516
517
519
520
521
522
526
527
530
531
532
533
534
536
537
538
540
541
543
544
545
547
550
552
556
557
560
567
568
570
573
574
576
577
579
581
582
585
586
587
589
590
593
594
595
596
597
598
600
601
603
604
606
607
608
609
611
612
613
614
615
616
620
623
624
625
626
627
628
630
632
633
634
635
636
637
638
639
640
644
648
650
651
652
653
654
655
656
657
658
659
661
662
663
664
666
667
668
676
677
680
681
682
686
687
690
691
692
693
695
696
697
699
700
702
704
705
706
707
708
710
714
715
716
717
721
722
723
725
728
729
731
733
734
736
737
738
740
743
744
745
746
748
749
751
752
753
755
756
758
761
762
763
765
766
771
772
773
774
776
777
778
780
781
782
783
784
786
789
791
793
794
795
796
797
798
804
805
808
809
811
813
814
815
816
817
823
824
830
832
835
837
838
839
840
841
843
844
845
846
848
849
850
854
855
856
857
860
863
865
867
873
874
879
880
881
883
884
885
886
888
892
896
898
904
905
907
908
909
911
912
913
918
922
923
925
927
930
931
932
933
935
936
938
940
942
943
944
945
946
947
949
952
954
955
956
957
959
960
961
963
965
966
967
969
971
973
974
975
977
978
980
981
983
984
986
988
991
992
993
994
996
998
999
1000
1002
1003
1006
1007
1008
1009
1010
1011
1012
1014
1016
1017
1018
1020
1021
1022
1023
1024
1025
1027
1028
1029
1030
1031
1032
1033
1036
1037
1038
1039
1040
1042
1045
1046
1047
1049
1050
1052
1053
1056
1061
1062
1064
1065
1067
1070
1072
1074
1075
1076
1077
1080
1081
1082
1083
1084
1085
1086
1087
1088
1090
1091
1092
1094
1098
1099
1100
1102
1103
1107
82
0
78
85
57
54
67
13
19
38
10
5
80
21
49
70
56
43
75
63
7
42
69
2
61
46
81
52
47
32
71
1
83
30
39
86
3
16
15
76
31
36
53
77
27
8
35
22
84
60
59
50
62
87
6
68
79
14
65
34
29
48
45
25
9
82
72
28
4
41
73
26
40
11
37
51
20
58
17
18
44
64
24
