215
14
29
32
34
40
42
45
52
56
60
66
87
96
102
108
130
148
152
159
161
166
178
185
200
215
219
228
257
286
301
325
335
348
365
369
415
425
433
437
469
470
474
484
502
523
556
586
600
610
619
624
641
654
672
675
676
685
689
694
697
722
727
729
731
753
760
767
780
801
803
811
825
834
838
846
857
864
881
888
892
908
909
913
937
955
986
1000
1001
1003
1007
1009
1012
1031
1034
1038
1044
1061
1062
1080
1096
1104
1122
1166
1272
1285
1301
1305
1319
1334
1364
1365
1366
1370
1374
1389
1397
1404
1410
1417
1421
1499
1505
1506
1540
1548
1566
1607
1614
1617
1629
1665
1670
1683
1689
1698
1708
1710
1723
1758
1764
1765
1774
1786
1796
1798
1815
1816
1823
1835
1856
1863
1864
1883
1890
1892
1897
1912
1965
1966
1981
2001
2009
2033
2045
2052
2071
2072
2091
2098
2103
2118
2127
2128
2130
2140
2152
2164
2193
2216
2218
2220
2224
2264
2269
2303
2304
2308
2316
2323
2356
2361
2362
2376
2378
2412
2417
2419
2429
2446
2451
2459
2476
2486
2490
2495
2507
2508
2514
2525
2548
2553
2558
2577
2606
2615
158
139
18
143
153
137
140
20
92
95
77
159
157
69
59
136
122
49
123
62
63
127
116
155
4
103
40
124
65
150
154
138
24
30
148
7
51
57
22
90
73
88
126
84
146
47
111
107
12
142
145
48
133
35
25
5
44
130
156
129
61
96
60
151
3
80
132
76
41
38
141
109
149
14
67
93
98
79
27
112
121
36
42
0
37
6
131
68
85
50
56
32
11
118
29
31
125
120
23
97
119
46
100
53
13
86
39
43
34
66
117
134
1
152
128
83
10
70
15
147
74
113
2
105
89
21
33
26
94
55
91
71
160
75
108
82
101
78
158
58
54
52
17
104
106
19
81
114
16
99
110
102
45
87
115
144
72
9
8
