241
17
20
45
64
66
83
88
111
127
130
147
181
194
199
207
233
245
248
253
259
260
261
314
321
324
341
357
358
359
376
389
396
403
415
435
450
459
464
473
492
502
505
516
518
537
553
564
575
599
607
611
622
623
628
636
638
639
644
650
664
684
694
710
711
721
733
742
777
790
795
800
803
808
814
815
848
854
860
871
872
877
887
895
905
931
950
952
966
994
999
1007
1011
1021
1026
1027
1040
1090
1092
1110
1129
1130
1144
1168
1184
1186
1187
1194
1206
1223
1236
1249
1261
1268
1282
1286
1294
1299
1300
1315
1318
1320
1321
1328
1383
1386
1396
1425
1426
1428
1431
1432
1434
1436
1460
1462
1470
1477
1484
1491
1529
1530
1535
1536
1542
1567
1569
1570
1571
1573
1574
1588
1595
1598
1621
1639
1643
1654
1655
1678
1684
1687
1732
1743
1764
1772
1777
1795
1798
1815
1839
1854
1857
1900
1906
1917
1918
1922
1955
1956
1967
1987
1988
1990
1995
2000
2002
2018
2028
2051
2053
2056
2059
2097
2110
2112
2116
2118
2121
2135
2149
2150
2163
2175
2176
2181
2239
2242
2261
2270
2283
2286
2295
2298
2313
2316
2327
2336
2343
2360
2362
2363
2370
2394
2395
2405
2407
2415
2425
2440
2446
2457
2491
2499
2501
2509
2542
2575
2584
2594
2597
2616
161
127
18
40
11
160
8
21
15
102
30
100
20
25
37
90
23
137
22
140
150
67
48
28
149
64
76
6
79
1
155
153
124
148
138
120
69
116
96
34
41
3
31
24
119
80
42
75
103
50
151
143
95
65
83
98
19
77
86
130
139
72
16
154
45
66
32
117
2
5
88
52
123
68
62
105
87
46
70
84
97
89
26
146
134
94
57
78
0
82
112
99
53
93
147
142
122
14
157
39
135
110
152
71
144
60
106
118
115
35
10
4
113
36
128
129
136
59
55
91
104
158
81
44
29
125
107
101
131
126
33
132
17
47
38
51
12
13
121
156
74
49
109
85
56
61
7
111
9
73
145
114
43
108
27
159
92
58
54
63
141
133
