72
21
29
66
89
111
156
164
176
219
243
257
258
268
276
289
299
307
400
427
480
590
603
613
650
695
698
701
749
752
878
883
886
903
955
962
997
1004
1006
1016
1110
1126
1127
1135
1166
1181
1244
1249
1255
1263
1313
1355
1399
1411
1450
1478
1496
1516
1536
1555
1580
1595
1616
1632
1659
1683
1710
1711
1719
1761
1770
1787
1800
132
22
10
36
141
147
79
21
19
2
149
20
85
98
121
54
96
116
92
91
120
117
68
132
15
131
29
133
126
44
33
142
65
69
115
88
136
63
34
75
158
100
64
48
18
7
140
23
129
35
49
163
28
30
55
108
51
139
0
119
151
155
12
11
143
135
77
95
103
106
128
74
152
50
160
114
80
102
127
6
78
27
24
157
4
81
1
148
60
56
93
134
70
109
3
104
107
58
76
154
39
53
62
87
123
112
43
113
41
31
40
153
17
5
94
82
130
57
38
42
66
37
16
26
159
13
9
162
90
71
25
45
144
