149
20
26
28
29
32
45
57
69
70
71
84
88
89
109
114
118
147
154
164
165
168
169
172
180
188
192
200
206
209
218
222
245
253
255
261
268
272
276
285
290
304
305
308
317
325
328
362
363
370
383
388
409
425
426
436
437
448
451
452
453
457
458
488
493
497
500
502
506
518
526
546
550
553
558
560
569
592
599
603
611
612
613
614
615
618
621
624
632
671
673
676
685
694
702
710
716
727
738
743
755
777
778
780
784
789
797
812
818
820
826
845
852
855
864
876
883
887
898
903
908
910
919
922
925
934
940
944
948
954
957
959
973
982
983
984
992
996
1006
1015
1034
1048
1068
1076
1080
1090
1094
1099
1102
1106
72
43
51
87
36
69
52
37
65
58
68
21
1
6
29
3
76
64
25
45
7
84
42
34
27
12
78
61
56
67
9
5
55
47
28
79
2
0
23
49
54
75
74
38
41
60
40
81
46
31
85
80
18
19
33
59
32
48
16
24
11
13
17
26
62
71
83
53
4
66
57
14
20
