149
14
16
29
48
59
61
62
81
119
121
125
130
135
151
158
163
170
213
219
224
232
237
250
254
260
266
279
282
297
301
302
324
329
332
341
342
345
353
358
360
368
370
378
394
395
406
407
421
442
446
454
458
460
462
469
477
479
481
488
491
493
500
509
510
511
516
518
535
537
547
571
575
577
579
590
592
602
603
618
619
621
627
644
653
655
661
673
676
682
683
688
690
691
695
713
718
736
748
754
757
761
771
774
789
797
808
812
820
828
848
850
890
893
894
898
900
905
907
908
910
917
918
920
926
930
936
945
961
988
992
993
1006
1007
1009
1020
1023
1024
1028
1030
1050
1052
1066
1067
1070
1083
1088
1094
1101
1107
74
37
64
39
66
54
1
69
14
30
10
2
61
44
62
38
13
40
33
20
0
74
68
18
80
50
57
58
3
5
16
45
81
47
56
22
87
6
25
71
26
48
79
19
24
65
53
70
41
77
86
11
27
23
83
29
59
67
32
42
78
35
84
63
7
31
85
34
76
9
21
55
28
36
51
