667
12
13
16
21
23
25
27
35
36
37
38
40
43
47
48
50
55
56
59
67
74
75
76
81
85
87
88
89
90
92
96
99
103
105
107
108
109
112
113
115
122
123
124
128
135
141
142
144
146
150
153
154
158
160
162
165
168
169
171
175
184
186
187
188
189
191
196
198
202
205
209
215
217
220
223
226
229
230
235
237
241
244
247
248
249
251
252
253
256
259
260
262
264
271
272
274
280
281
283
289
291
292
294
295
296
300
303
304
306
307
309
313
315
319
320
322
327
329
332
334
337
338
343
344
347
349
350
352
355
360
365
366
367
372
373
378
379
381
384
385
392
396
397
399
402
404
406
407
410
412
414
417
421
428
431
435
437
438
441
443
447
451
454
457
460
461
462
466
467
470
477
479
480
481
482
483
485
488
490
494
495
497
502
503
506
507
508
511
512
515
517
518
520
521
527
529
530
534
543
545
549
552
553
555
560
563
569
573
576
577
578
580
581
583
588
589
597
599
602
608
610
613
620
623
626
628
636
638
639
641
643
644
647
652
653
659
662
663
668
669
671
677
678
679
685
686
687
688
689
695
697
698
700
701
706
709
712
715
716
717
719
725
727
730
733
735
737
757
760
765
767
768
772
774
775
777
778
785
786
787
793
798
800
803
805
806
808
813
816
818
819
823
824
831
834
836
838
848
850
852
857
859
861
866
870
871
874
876
879
880
882
884
886
888
890
892
898
905
908
909
911
912
914
917
918
919
922
926
928
935
940
941
943
946
948
952
954
956
961
963
968
973
975
976
978
979
981
985
988
991
993
994
1003
1004
1005
1011
1014
1016
1021
1022
1023
1026
1029
1031
1032
1034
1035
1036
1037
1043
1046
1047
1048
1051
1053
1054
1057
1063
1067
1069
1070
1071
1072
1077
1078
1081
1086
1087
1090
1094
1096
1098
1099
1100
1104
1106
1108
1111
1112
1113
1115
1116
1117
1121
1125
1128
1130
1131
1132
1134
1138
1140
1141
1142
1146
1147
1154
1155
1156
1159
1161
1162
1164
1170
1176
1179
1184
1186
1188
1189
1191
1192
1193
1195
1197
1199
1200
1204
1206
1207
1211
1213
1215
1218
1219
1220
1221
1224
1225
1228
1230
1231
1235
1236
1242
1244
1246
1247
1248
1249
1250
1252
1256
1279
1280
1281
1288
1293
1294
1295
1296
1297
1298
1301
1304
1309
1310
1312
1313
1316
1322
1328
1330
1331
1337
1349
1351
1357
1364
1365
1367
1368
1371
1372
1375
1376
1378
1381
1387
1390
1391
1402
1404
1414
1415
1416
1422
1423
1424
1429
1431
1433
1438
1439
1441
1442
1447
1448
1449
1453
1456
1464
1465
1466
1468
1477
1486
1488
1490
1495
1496
1497
1502
1503
1504
1506
1507
1512
1513
1523
1525
1531
1540
1542
1543
1544
1547
1553
1555
1556
1557
1559
1562
1569
1571
1573
1576
1578
1579
1580
1581
1588
1596
1599
1603
1608
1609
1610
1615
1617
1619
1620
1622
1623
1626
1627
1629
1632
1635
1637
1638
1639
1644
1648
1654
1657
1658
1671
1673
1674
1676
1677
1678
1679
1680
1681
1682
1683
1686
1689
1695
1697
1703
1705
1706
1708
1710
1716
1717
1723
1724
1725
1726
1727
1728
1733
1735
1738
1744
1745
1747
1749
1750
1751
1752
1753
1754
1756
1757
1758
1759
1767
1768
1770
1771
1772
1773
1775
1776
1777
1779
1780
1783
1785
1787
1788
1795
1796
1801
1802
1805
1806
1809
1810
1812
1813
1821
1823
1825
1826
1827
1831
1832
1833
1834
1835
1837
157
156
98
28
153
140
123
69
104
23
44
30
21
37
159
148
129
32
84
163
78
36
100
1
29
85
9
137
147
116
65
19
3
2
59
138
40
50
63
149
86
118
122
160
164
8
95
46
113
41
125
127
45
13
128
101
52
135
83
162
134
6
87
143
82
145
131
64
43
12
7
26
146
77
66
39
142
58
79
88
154
115
119
60
124
18
102
49
109
114
75
139
110
72
55
56
81
42
54
15
80
133
130
20
91
70
31
74
0
61
14
4
68
108
141
144
48
57
67
25
71
96
93
5
35
16
89
117
151
22
155
111
136
94
152
97
150
24
38
76
47
17
157
158
10
99
27
103
132
51
121
90
34
107
33
53
120
112
