278
8
28
33
41
44
71
91
93
95
103
109
113
139
141
142
156
164
169
173
176
179
180
181
182
196
198
199
204
205
213
250
260
264
277
291
307
315
346
355
373
396
398
406
407
411
412
418
441
453
454
466
468
470
473
481
484
521
555
567
569
579
583
589
596
597
601
604
625
628
638
674
678
682
697
703
707
711
715
719
722
739
743
757
760
787
794
795
801
808
823
844
848
853
865
867
879
882
894
927
932
942
945
954
959
965
974
975
979
982
986
994
996
1002
1015
1021
1023
1031
1032
1040
1060
1067
1076
1080
1115
1122
1179
1187
1193
1194
1208
1209
1213
1220
1224
1226
1227
1229
1230
1231
1241
1243
1266
1276
1280
1283
1285
1301
1312
1313
1324
1327
1352
1360
1365
1367
1373
1388
1393
1394
1400
1408
1423
1425
1437
1439
1440
1445
1448
1455
1458
1473
1480
1488
1497
1508
1509
1512
1541
1548
1563
1577
1587
1593
1598
1604
1607
1624
1652
1657
1669
1674
1679
1693
1717
1722
1739
1740
1749
1750
1751
1760
1763
1774
1783
1827
1833
1834
1852
1863
1869
1871
1872
1884
1891
1896
1928
1933
1935
1936
1947
1966
1972
1973
1979
1986
1995
2005
2025
2038
2061
2071
2084
2104
2120
2121
2126
2131
2145
2148
2153
2160
2198
2217
2218
2220
2236
2237
2241
2244
2250
2251
2282
2284
2335
2343
2348
2350
2382
2396
2421
2426
2432
2441
2446
2483
2501
2508
2541
2544
2558
2578
2584
2592
2593
2595
2604
2617
2623
160
67
91
130
33
134
75
131
21
73
86
2
113
16
64
11
6
80
135
160
103
123
144
53
114
106
98
51
66
55
4
59
107
93
88
30
95
154
65
74
152
3
121
92
29
77
56
133
23
117
122
26
40
70
42
82
99
24
137
19
44
28
148
156
34
89
7
54
43
157
18
105
8
109
9
47
5
50
118
63
83
69
81
94
146
125
129
20
87
49
72
145
120
140
85
1
142
39
37
25
155
52
141
38
102
143
112
96
119
62
35
84
90
149
111
27
36
136
151
60
110
61
127
14
41
108
17
13
10
116
139
138
104
31
15
97
48
22
158
128
150
68
71
124
100
147
79
115
76
46
132
101
0
126
32
12
45
78
58
153
57
