259
4
5
6
9
16
29
34
86
104
114
130
132
168
176
178
191
195
207
208
209
222
230
236
263
268
283
286
295
296
300
305
321
326
342
350
374
379
382
389
399
423
442
455
462
469
476
481
482
484
488
495
507
512
519
526
532
543
590
592
650
662
671
676
688
692
711
714
729
730
739
748
764
768
792
793
817
834
836
842
849
857
859
865
868
871
878
892
897
898
900
909
914
927
932
935
937
953
956
959
965
966
971
1002
1019
1025
1038
1042
1055
1068
1075
1076
1091
1101
1105
1110
1111
1116
1120
1146
1147
1166
1170
1201
1205
1229
1233
1240
1260
1308
1310
1321
1327
1357
1359
1361
1367
1368
1384
1395
1399
1411
1412
1419
1423
1434
1467
1476
1477
1485
1495
1529
1540
1546
1558
1559
1563
1596
1598
1604
1605
1622
1636
1637
1641
1649
1662
1673
1675
1679
1681
1701
1712
1726
1739
1755
1775
1791
1832
1852
1862
1874
1881
1905
1906
1943
1944
1947
1957
1982
1991
2009
2013
2015
2017
2021
2037
2040
2042
2074
2093
2094
2107
2109
2111
2123
2129
2142
2148
2154
2155
2165
2171
2176
2184
2203
2215
2239
2250
2255
2272
2279
2294
2310
2321
2324
2325
2327
2328
2331
2332
2345
2374
2376
2387
2401
2408
2418
2427
2431
2433
2440
2443
2444
2445
2457
2467
2476
2485
2516
2517
2524
2533
2547
2561
2575
2578
2579
2616
2621
161
146
87
73
74
23
77
136
27
48
19
80
59
55
160
4
8
40
12
95
6
140
121
9
51
32
0
34
36
99
58
118
31
39
28
84
53
155
115
62
158
57
43
135
132
50
129
127
10
104
21
29
111
131
11
52
110
117
1
18
68
78
42
159
97
142
89
14
70
24
63
106
13
157
122
17
33
148
71
92
120
61
7
82
37
133
93
103
101
137
54
2
76
30
114
3
90
141
143
98
79
72
116
123
47
126
119
125
41
102
44
49
100
20
45
26
25
153
83
144
75
69
81
150
109
86
105
124
64
96
66
152
113
139
147
138
145
67
128
91
134
35
56
22
94
156
46
65
108
16
85
88
151
130
60
107
154
15
5
112
38
149
