129
77
80
109
112
132
136
146
148
150
159
174
185
189
236
247
284
285
290
295
301
316
381
393
400
404
409
487
511
517
527
543
545
546
621
639
642
646
648
655
671
678
737
766
788
803
805
810
839
840
881
887
903
956
970
1001
1018
1031
1062
1068
1079
1096
1128
1148
1159
1167
1184
1192
1206
1246
1253
1264
1283
1294
1299
1302
1353
1418
1425
1439
1446
1461
1484
1522
1525
1526
1558
1564
1577
1597
1609
1611
1627
1678
1707
1737
1770
1771
1774
1793
1807
1824
1831
1843
1891
1902
1903
2008
2015
2052
2088
2102
2152
2163
2203
2213
2233
2236
2251
2275
2283
2297
2304
2318
2387
2398
2399
2405
2441
2444
162
135
143
82
133
1
91
148
23
44
93
83
85
98
70
65
125
111
27
64
120
137
131
13
77
112
145
156
101
41
155
7
89
22
28
6
87
104
53
18
99
97
128
113
142
12
127
81
43
105
61
140
49
132
48
103
25
84
160
20
26
114
100
50
96
80
94
57
30
122
69
11
17
149
58
73
67
47
141
150
146
126
119
129
151
33
24
19
139
15
55
144
161
130
78
16
159
62
74
46
40
72
68
9
54
3
102
124
162
115
118
136
138
157
4
154
42
152
123
35
36
39
56
60
34
45
8
51
59
90
10
76
147
32
109
116
14
29
106
5
0
38
75
37
117
71
66
134
79
153
2
158
92
108
21
88
107
95
86
31
110
52
63
