265
14
31
38
41
51
55
64
66
79
89
92
98
115
123
124
131
136
138
147
179
183
192
197
198
221
236
240
245
252
280
287
290
300
305
306
312
350
367
384
391
393
409
421
427
442
451
453
474
477
482
485
489
493
496
515
527
551
563
596
599
601
604
606
619
641
666
668
671
681
683
687
695
699
704
717
726
730
731
744
786
788
789
790
808
868
872
873
880
882
887
888
889
890
893
902
914
916
935
940
949
958
982
987
1007
1028
1034
1037
1047
1055
1061
1064
1069
1075
1081
1083
1091
1092
1112
1147
1155
1163
1172
1194
1197
1200
1214
1241
1264
1265
1273
1278
1288
1299
1301
1307
1311
1329
1343
1347
1378
1399
1404
1409
1412
1425
1440
1443
1445
1450
1466
1469
1483
1501
1505
1516
1518
1526
1528
1532
1534
1540
1563
1595
1609
1620
1621
1640
1642
1644
1645
1652
1654
1660
1661
1681
1684
1688
1700
1713
1717
1744
1753
1761
1765
1781
1788
1789
1793
1808
1810
1813
1857
1867
1870
1875
1879
1883
1898
1904
1914
1924
1929
1941
1966
1979
1999
2006
2009
2012
2019
2020
2027
2033
2036
2053
2060
2065
2066
2087
2099
2108
2113
2121
2150
2168
2178
2184
2190
2194
2205
2207
2224
2225
2233
2269
2272
2305
2309
2335
2344
2357
2361
2374
2387
2388
2414
2419
2423
2439
2453
2460
2464
2470
2506
2542
2543
2544
2563
2582
2583
2593
2597
2613
2616
2621
161
116
122
126
51
54
131
86
81
125
154
109
95
135
23
120
97
94
60
39
25
7
42
128
13
151
44
22
146
85
142
63
80
79
117
124
64
65
113
19
69
4
105
149
129
132
6
137
84
87
157
89
93
56
82
72
38
160
127
148
50
136
119
18
134
152
156
98
159
123
36
115
114
71
57
145
147
102
74
40
61
30
46
96
100
138
52
140
32
59
28
70
153
26
41
58
76
33
16
31
75
158
0
37
34
83
111
88
1
29
143
2
141
92
9
10
62
12
27
20
53
43
17
66
35
67
99
121
130
101
155
73
47
24
104
110
112
15
118
45
107
133
14
103
5
139
55
8
106
144
21
90
68
108
11
49
78
91
3
77
48
150
