82
129
191
194
213
227
232
274
279
288
318
325
339
349
357
358
362
373
379
420
441
473
500
510
534
563
580
595
601
624
636
639
645
685
755
766
776
796
800
837
923
944
968
1062
1072
1110
1125
1147
1150
1213
1236
1252
1264
1267
1268
1269
1315
1321
1333
1380
1412
1417
1420
1463
1471
1477
1515
1533
1548
1603
1608
1624
1640
1650
1658
1660
1728
1740
1746
1762
1772
1783
1801
121
61
113
91
59
72
149
58
75
145
112
147
35
1
9
64
111
54
142
157
131
76
132
122
146
50
110
38
160
154
125
148
8
26
36
103
99
79
68
117
37
24
31
163
27
4
150
141
102
130
78
16
13
51
6
123
14
92
153
97
86
129
18
53
84
121
120
151
73
77
156
29
3
118
143
80
52
137
134
55
69
23
7
94
101
60
105
133
20
136
70
95
164
30
41
32
40
11
47
104
107
82
126
66
106
48
158
65
10
109
116
81
135
140
88
34
89
138
139
46
57
159
