70
162
195
198
226
248
276
296
303
332
371
386
392
400
456
479
527
537
590
608
611
669
674
686
688
712
732
752
774
779
797
872
879
908
916
986
1082
1128
1133
1143
1159
1179
1197
1208
1236
1260
1277
1281
1298
1327
1329
1341
1349
1382
1434
1460
1461
1470
1533
1535
1575
1587
1590
1653
1678
1681
1693
1703
1800
1820
1824
114
147
46
95
26
154
124
135
36
66
152
98
128
41
116
138
101
141
105
9
33
21
127
111
100
153
77
51
13
67
28
99
47
0
10
73
27
125
109
61
56
34
122
69
97
164
44
70
103
3
163
54
106
84
113
108
63
142
155
112
74
42
104
131
137
120
121
49
151
144
123
57
38
80
29
85
43
31
55
50
130
1
161
19
14
146
45
75
39
40
60
89
2
132
11
64
82
115
140
65
6
102
107
148
30
136
32
88
58
86
160
4
72
37
76
