132
11
47
52
94
103
133
144
164
191
196
215
220
222
229
237
238
247
254
257
272
275
289
310
323
327
357
360
381
386
398
399
420
425
448
494
546
594
633
639
647
658
724
726
738
743
752
756
783
797
827
850
870
873
901
955
976
998
1001
1009
1021
1026
1049
1050
1074
1112
1119
1121
1148
1232
1253
1265
1300
1329
1361
1364
1369
1486
1499
1550
1582
1612
1617
1619
1623
1631
1652
1657
1717
1721
1734
1745
1752
1779
1814
1820
1823
1834
1850
1859
1908
1916
1944
1948
1951
1961
2002
2015
2037
2077
2120
2122
2163
2165
2167
2185
2186
2216
2220
2224
2231
2247
2260
2271
2306
2337
2341
2345
2353
2365
2420
2428
2435
163
87
26
162
104
7
1
62
156
85
68
71
130
48
142
114
160
121
90
39
80
23
144
24
150
38
8
103
49
117
37
75
25
118
108
154
153
98
15
56
13
10
129
84
101
33
53
57
138
19
28
50
59
55
149
152
109
69
88
11
61
6
116
133
140
22
30
157
12
145
34
27
20
79
137
158
123
45
36
70
151
124
73
47
135
77
120
21
112
100
99
35
91
159
74
126
17
125
44
141
83
134
119
147
136
16
132
97
14
66
94
32
155
102
127
110
113
146
89
51
2
82
3
106
65
111
18
0
139
72
143
115
5
131
96
58
40
42
67
64
63
128
41
105
95
148
54
81
31
93
4
76
92
52
43
86
122
29
161
46
107
78
60
9
