67
124
147
187
241
242
244
255
258
335
430
444
452
464
475
528
566
598
614
649
653
706
770
777
782
832
876
886
896
897
903
923
926
944
1068
1094
1114
1153
1184
1192
1197
1270
1300
1303
1311
1321
1349
1399
1409
1425
1445
1450
1470
1505
1508
1515
1537
1566
1586
1626
1655
1675
1676
1745
1774
1800
1819
1832
109
10
26
108
48
53
71
95
30
38
104
58
129
23
159
103
18
55
154
20
158
99
105
29
131
155
35
7
65
36
0
107
61
51
90
28
43
32
82
56
34
98
1
138
161
17
120
27
91
31
47
50
73
102
121
16
93
9
37
21
144
156
42
101
52
145
76
22
5
40
114
132
122
64
89
115
13
116
25
141
119
153
151
127
33
4
14
142
67
111
79
60
94
143
92
75
12
80
24
41
157
123
125
11
57
19
100
126
59
15
