135
0
24
29
52
57
65
69
99
163
230
231
238
300
315
335
342
350
398
412
416
433
443
459
478
492
532
543
548
555
565
568
617
629
630
647
658
716
721
772
815
818
823
827
881
882
917
928
961
968
971
1010
1028
1030
1073
1076
1090
1096
1104
1114
1139
1144
1166
1167
1219
1234
1236
1242
1243
1295
1296
1340
1343
1382
1388
1390
1454
1457
1460
1461
1466
1472
1489
1504
1527
1529
1546
1554
1556
1577
1589
1596
1616
1644
1657
1664
1702
1707
1755
1768
1775
1822
1839
1850
1859
1874
1903
1923
1949
1951
1977
1998
2009
2035
2062
2123
2134
2148
2157
2183
2184
2216
2231
2272
2275
2301
2306
2307
2332
2344
2370
2373
2378
2388
2401
2425
163
77
120
139
127
148
46
122
42
48
117
145
135
37
53
69
106
113
7
33
17
158
28
8
31
24
71
86
26
147
146
131
60
124
68
38
126
111
80
15
6
150
36
5
58
61
101
41
87
121
43
49
72
103
19
13
136
56
99
64
27
132
65
50
29
23
137
94
144
156
109
9
21
67
54
22
12
32
74
45
123
57
73
52
10
161
97
112
4
96
25
66
83
130
142
125
118
140
155
160
104
0
119
51
90
102
84
78
100
18
47
11
2
62
143
162
154
76
105
107
20
159
63
153
129
138
34
75
128
39
81
95
55
98
40
115
59
108
44
16
3
35
88
1
70
134
116
114
149
14
82
92
151
157
91
141
152
93
133
89
85
30
110
79
