265
14
17
24
31
50
57
68
79
88
89
109
113
124
127
136
140
158
175
186
231
239
242
243
266
274
284
306
309
328
329
330
346
351
396
399
411
427
432
435
437
446
453
467
475
476
490
492
527
552
571
583
595
605
606
613
617
627
628
641
647
652
655
692
711
715
725
741
743
751
777
779
820
823
844
845
864
869
881
888
899
906
909
915
929
939
940
945
953
956
960
963
983
998
1008
1017
1031
1049
1058
1067
1092
1108
1111
1121
1132
1146
1174
1192
1207
1227
1245
1278
1308
1312
1325
1329
1348
1350
1361
1368
1378
1383
1384
1391
1392
1402
1416
1421
1424
1429
1451
1459
1462
1467
1469
1471
1475
1494
1503
1513
1514
1524
1526
1553
1554
1583
1591
1599
1602
1616
1620
1637
1640
1659
1668
1676
1701
1725
1758
1759
1765
1770
1779
1784
1792
1808
1821
1831
1840
1847
1858
1864
1865
1883
1886
1897
1906
1920
1930
1935
1942
1951
1962
1969
1970
1996
2013
2021
2058
2059
2069
2076
2086
2093
2096
2097
2102
2119
2132
2148
2160
2165
2169
2171
2190
2192
2193
2206
2214
2231
2232
2236
2240
2264
2275
2283
2285
2286
2295
2300
2319
2323
2325
2335
2348
2352
2353
2356
2357
2368
2370
2371
2377
2394
2399
2410
2421
2422
2423
2427
2431
2452
2459
2463
2464
2472
2480
2487
2492
2496
2505
2512
2531
2534
2538
2540
2541
2551
2574
2609
2612
2615
2618
2619
2623
2624
161
99
60
36
85
40
71
76
112
139
32
63
89
133
130
124
106
7
65
146
132
82
25
43
0
128
142
30
34
149
17
119
113
84
144
91
1
56
136
108
80
35
38
13
33
74
117
123
5
51
98
93
156
81
114
55
160
148
109
24
105
42
50
92
157
68
54
59
11
143
28
126
73
97
62
104
61
90
69
88
134
154
15
3
101
135
129
23
153
87
26
72
2
137
75
122
141
70
46
41
159
67
12
115
44
14
120
116
96
20
107
78
127
150
83
79
158
86
95
100
22
47
125
21
77
6
9
18
94
31
118
58
147
45
57
10
29
27
39
49
110
145
64
121
138
103
53
155
16
37
111
140
66
152
102
4
131
19
151
8
48
52
