117
4
92
116
125
143
144
152
156
171
173
206
225
250
262
283
285
290
392
394
403
439
460
474
485
527
533
557
562
608
613
642
644
663
682
723
766
790
812
820
844
865
869
883
888
894
921
923
966
976
978
979
1024
1032
1047
1078
1093
1119
1161
1226
1320
1345
1373
1377
1392
1394
1419
1427
1433
1436
1468
1473
1484
1486
1491
1493
1506
1517
1530
1555
1597
1607
1615
1624
1640
1650
1653
1655
1712
1722
1744
1746
1792
1811
1837
1843
1847
1863
1887
1907
1996
2008
2036
2066
2115
2154
2190
2266
2286
2301
2303
2317
2338
2379
2394
2400
2420
2443
153
148
31
69
41
43
54
51
40
124
104
3
81
55
88
100
90
56
95
130
138
98
47
25
132
83
9
74
158
4
76
106
155
156
67
62
125
80
64
44
152
139
34
79
68
114
127
146
10
162
151
60
73
26
82
120
27
89
75
140
57
20
70
85
121
96
119
112
77
18
153
6
50
118
93
14
52
49
78
33
87
22
99
30
15
5
71
53
122
24
110
72
150
136
17
59
2
0
1
65
92
161
8
111
38
160
135
16
97
108
149
45
131
116
29
46
84
109
107
58
145
37
137
48
101
129
143
103
86
28
115
133
7
42
12
91
123
94
35
102
63
105
134
19
144
159
32
113
147
141
154
117
66
21
