114
160
165
172
174
178
199
208
211
217
247
262
278
300
317
371
378
393
400
415
416
440
460
481
519
520
546
600
630
642
644
649
650
689
718
743
767
808
816
829
844
857
872
873
936
963
988
1056
1059
1075
1117
1120
1125
1159
1162
1184
1190
1194
1216
1222
1226
1242
1263
1331
1360
1422
1459
1464
1486
1495
1505
1520
1529
1564
1631
1643
1648
1703
1773
1788
1802
1804
1807
1833
1850
1851
1854
1858
1861
1889
1893
1902
1932
1950
1971
1986
2019
2121
2131
2148
2183
2191
2242
2252
2268
2269
2289
2391
2406
2416
2419
2420
2422
2428
2433
150
8
123
27
82
56
111
25
132
130
102
129
96
60
20
57
22
37
16
44
66
45
85
90
7
86
119
79
142
26
14
62
125
6
81
158
148
15
34
115
36
71
89
143
64
104
127
131
65
146
41
138
114
150
144
121
18
46
118
11
113
94
70
61
53
51
141
92
109
110
21
38
43
98
59
13
55
49
106
28
137
76
107
153
101
103
154
77
69
108
39
40
10
145
159
73
134
2
100
29
75
67
32
68
112
99
136
116
1
155
133
48
147
63
84
52
74
117
88
35
149
4
161
135
122
97
9
91
19
80
157
126
105
0
12
160
151
156
93
139
33
47
95
78
72
23
5
30
124
50
120
