686
5
7
9
10
13
16
18
19
20
22
23
24
25
26
27
29
30
33
37
38
39
43
44
45
46
48
49
51
53
54
55
58
59
61
63
68
71
74
75
76
77
78
79
80
81
82
83
86
88
89
90
94
95
98
101
103
104
105
106
107
108
109
110
111
114
116
119
120
122
127
128
131
134
135
136
138
139
141
142
143
144
145
146
147
148
150
151
152
154
155
156
158
159
160
161
163
165
167
168
169
170
171
173
176
177
178
179
181
182
183
185
186
187
188
190
191
193
195
196
197
198
199
201
203
204
205
207
208
210
211
212
213
214
215
216
217
218
219
221
222
223
224
225
227
229
230
231
232
235
236
237
238
239
241
245
247
249
250
251
252
254
255
258
260
262
265
266
267
269
270
271
272
274
275
276
278
279
281
283
284
286
289
291
292
293
297
298
299
301
304
305
306
307
308
311
313
314
315
316
319
320
321
322
323
324
326
327
329
331
334
337
338
340
341
342
343
344
345
346
347
349
350
353
354
355
356
358
359
360
361
362
363
364
365
367
368
369
370
371
374
375
378
379
380
381
383
385
386
387
388
389
390
391
393
394
395
396
397
398
401
402
403
404
406
407
409
410
411
412
414
415
416
417
418
421
422
423
424
427
428
432
433
435
437
442
444
446
447
450
452
453
454
456
457
458
459
460
461
462
464
470
471
472
473
474
476
477
482
484
485
486
488
489
491
493
494
496
508
509
512
515
517
518
519
520
521
522
527
528
532
533
534
535
538
541
542
545
546
547
548
549
551
552
555
556
557
558
559
560
561
562
563
565
566
567
568
569
570
571
572
573
574
576
579
580
581
582
583
584
585
586
587
588
589
590
592
593
594
595
596
599
602
603
604
605
606
607
608
609
612
614
617
618
619
620
621
622
625
627
632
634
635
639
640
641
642
647
649
651
654
655
659
661
662
664
665
667
668
669
671
673
674
681
683
684
687
688
689
692
693
694
696
697
698
700
702
705
706
707
708
709
710
711
714
715
716
717
722
723
724
725
726
727
728
729
730
732
733
734
736
737
738
741
744
746
749
751
755
759
762
763
764
767
768
769
770
771
773
774
776
777
778
781
782
783
784
785
787
792
793
794
796
797
798
800
801
802
803
804
806
807
810
811
812
814
815
816
818
822
824
826
827
828
829
830
831
834
835
837
839
840
841
842
843
844
845
847
849
851
852
855
858
860
864
865
868
870
871
876
877
878
879
880
882
883
885
886
887
888
889
890
891
893
894
895
896
898
899
901
902
903
904
905
911
913
914
915
916
917
918
919
920
921
922
923
926
927
928
930
931
933
936
937
938
939
940
941
942
943
944
945
946
947
948
949
953
954
956
957
958
959
960
961
962
963
964
965
968
970
973
974
977
980
982
983
984
987
988
990
993
994
998
999
1000
1002
1003
1005
1006
1007
1009
1016
1022
1023
1026
1027
1034
1035
1036
1037
1041
1042
1043
1044
1045
1046
1048
1051
1053
1055
1057
1058
1059
1060
1061
1062
1064
1065
1066
1067
1069
1070
1072
1073
1074
1076
1077
1078
1079
1080
1082
1083
1084
1085
1087
1088
1090
1093
1094
1096
1097
1098
1099
1100
1103
1105
1107
84
74
48
26
49
22
35
86
66
61
65
10
81
52
5
50
7
24
31
67
82
85
39
4
27
62
29
53
37
77
15
18
13
42
55
6
0
44
68
76
38
40
28
47
87
11
16
3
19
59
75
70
80
84
9
1
36
51
71
54
56
72
8
58
57
78
2
60
79
33
17
73
43
41
20
63
46
45
83
32
34
69
14
23
64
