677
11
18
20
25
26
32
35
42
44
46
53
58
65
66
67
69
72
73
74
75
76
77
79
80
81
82
83
85
86
87
89
90
92
97
99
100
101
107
108
111
113
115
117
119
121
123
127
128
129
131
137
138
140
143
144
145
147
151
152
159
162
166
173
175
178
183
187
188
189
190
191
196
199
200
201
203
205
214
215
216
218
220
224
226
229
231
234
239
242
243
244
249
252
253
254
259
265
270
272
274
276
279
280
284
285
286
288
291
292
295
297
299
300
303
307
308
309
317
318
323
327
332
335
339
342
343
345
346
347
350
351
352
354
357
358
363
364
366
367
370
377
380
381
383
385
387
388
389
390
391
394
396
397
398
399
400
402
406
409
412
420
424
425
426
432
434
437
438
440
441
446
447
456
467
468
476
479
482
490
493
494
499
505
506
509
511
512
514
519
522
524
525
526
529
531
532
533
535
536
537
548
549
552
553
554
556
560
561
567
574
576
577
580
582
586
589
593
595
598
604
605
608
613
614
619
620
623
625
628
630
633
639
640
644
645
648
650
651
652
654
658
663
664
665
667
668
669
671
673
675
676
677
678
687
688
696
697
698
701
702
709
712
713
717
718
721
722
723
724
725
728
733
739
741
743
744
745
749
755
756
757
758
762
766
767
774
779
787
789
790
791
792
793
795
804
805
811
812
822
823
824
828
832
835
836
839
840
842
843
844
845
846
849
850
851
854
855
858
860
861
862
865
870
877
878
879
888
891
896
897
898
900
903
907
910
912
914
922
926
930
931
933
937
939
943
946
953
958
959
965
967
968
970
971
975
977
978
979
981
982
984
986
988
990
992
994
995
997
1004
1005
1007
1008
1016
1017
1027
1032
1036
1038
1052
1054
1056
1059
1060
1062
1065
1067
1068
1069
1071
1072
1074
1077
1080
1081
1082
1083
1086
1090
1102
1109
1114
1119
1124
1127
1128
1132
1133
1134
1137
1138
1141
1148
1150
1152
1153
1157
1161
1163
1170
1171
1172
1174
1178
1180
1183
1184
1185
1187
1190
1192
1195
1200
1206
1207
1208
1211
1214
1220
1222
1224
1227
1231
1232
1233
1235
1237
1238
1246
1248
1249
1253
1254
1256
1259
1260
1263
1267
1274
1276
1277
1281
1285
1298
1303
1304
1306
1313
1315
1317
1319
1322
1323
1326
1329
1330
1331
1332
1340
1341
1350
1354
1356
1357
1359
1364
1366
1369
1373
1375
1377
1379
1382
1384
1388
1391
1393
1396
1400
1401
1402
1403
1408
1413
1414
1415
1418
1422
1423
1427
1430
1432
1434
1435
1436
1437
1442
1443
1446
1451
1453
1456
1457
1459
1460
1464
1467
1468
1470
1471
1475
1476
1479
1480
1483
1485
1488
1490
1497
1499
1502
1503
1504
1508
1514
1517
1518
1520
1524
1527
1528
1529
1533
1535
1538
1548
1549
1550
1551
1552
1553
1558
1563
1565
1567
1572
1574
1581
1585
1587
1589
1590
1591
1592
1593
1596
1599
1601
1602
1603
1609
1614
1616
1618
1620
1626
1627
1629
1631
1632
1635
1636
1640
1641
1642
1643
1644
1653
1654
1656
1660
1661
1662
1668
1670
1672
1678
1680
1682
1685
1686
1687
1688
1693
1694
1695
1696
1697
1698
1699
1700
1701
1705
1706
1707
1708
1710
1713
1714
1716
1721
1722
1724
1725
1729
1732
1733
1735
1737
1741
1744
1745
1746
1750
1751
1752
1753
1755
1762
1767
1771
1772
1776
1778
1779
1780
1781
1788
1791
1792
1793
1794
1795
1797
1798
1804
1806
1808
1810
1813
1815
1818
1819
1821
1828
1831
1836
1839
158
53
38
31
59
87
146
16
95
143
90
128
98
22
109
81
25
72
83
127
13
115
141
62
140
116
142
2
65
9
121
26
122
74
66
52
91
125
4
145
132
99
23
139
37
133
152
68
43
138
155
17
80
75
112
46
158
148
41
108
70
129
118
160
14
92
39
154
7
69
35
149
163
100
55
119
73
42
50
88
114
156
57
124
34
78
3
47
85
107
153
5
56
30
76
134
67
103
36
6
54
10
144
126
117
150
105
110
49
18
161
147
71
82
15
123
12
48
93
24
136
97
51
157
28
64
159
20
113
137
89
40
94
21
130
60
19
151
8
61
33
104
84
29
162
86
106
0
77
102
45
135
27
164
11
44
131
79
1
