686
11
12
13
14
16
18
20
21
23
24
25
26
27
29
31
32
33
34
36
37
38
39
42
47
48
51
52
53
54
55
56
58
59
61
62
65
66
67
68
69
70
71
74
76
78
80
81
83
84
87
88
89
91
92
93
94
95
96
97
99
100
101
103
104
105
106
107
108
109
111
112
113
114
115
116
118
119
120
121
122
123
124
126
127
128
129
130
131
132
135
136
137
140
141
142
143
145
146
148
149
150
151
153
155
156
157
158
160
162
164
166
168
169
171
174
176
177
181
182
185
186
188
190
191
192
193
194
196
199
200
201
202
204
206
207
208
209
210
211
215
216
218
219
222
224
225
228
230
231
232
234
235
236
238
239
240
243
245
246
247
249
250
257
258
259
260
264
269
271
274
275
276
277
278
280
281
282
283
284
285
286
288
289
290
291
293
294
296
297
298
300
301
303
306
308
309
310
311
313
315
316
317
319
321
325
327
328
329
331
332
333
334
337
343
346
347
349
351
352
353
357
359
361
362
363
365
367
368
370
372
373
374
375
380
381
382
383
384
386
387
390
391
392
393
394
395
396
397
398
401
404
405
406
407
409
410
411
412
413
414
416
417
418
419
421
422
423
425
426
428
430
431
432
434
436
440
443
446
447
449
451
452
453
455
456
459
460
461
462
463
467
468
470
471
472
473
479
480
481
482
483
484
487
489
492
493
495
496
497
499
500
501
502
503
504
505
506
507
508
510
511
512
514
515
516
517
518
519
520
523
524
525
526
527
528
529
530
531
532
534
535
536
537
538
540
541
542
543
545
549
550
552
553
554
555
558
559
563
564
565
566
568
570
571
572
574
575
576
577
578
580
582
583
585
586
587
588
590
594
595
596
597
601
602
603
604
607
608
609
610
611
612
613
618
619
620
621
626
628
629
632
633
634
637
639
642
643
645
649
652
654
656
657
658
659
661
664
665
666
667
668
669
672
673
674
675
676
677
679
680
681
682
684
685
686
689
690
692
695
697
698
699
700
701
702
703
704
705
709
710
712
713
714
716
718
721
725
728
730
731
732
733
734
736
737
738
739
740
742
743
744
746
747
748
751
752
753
756
757
758
759
761
762
763
764
765
770
771
772
773
775
777
778
779
780
782
783
784
786
788
789
790
791
792
795
796
798
799
804
806
809
810
812
814
816
817
819
820
822
824
826
827
828
830
831
832
833
834
835
837
838
839
843
845
846
850
851
854
855
857
861
862
865
867
871
872
873
875
876
880
881
882
883
885
888
890
891
892
893
895
897
898
899
902
903
907
911
912
913
915
916
917
918
919
922
923
924
925
926
927
928
929
931
933
936
937
939
940
941
942
943
944
949
950
951
952
953
955
958
959
962
964
965
966
968
970
972
974
975
976
977
979
980
982
985
988
989
991
992
994
995
999
1001
1002
1004
1005
1006
1007
1008
1011
1012
1014
1015
1020
1022
1024
1025
1026
1028
1029
1031
1033
1035
1036
1037
1040
1041
1043
1044
1045
1046
1047
1052
1053
1055
1056
1057
1061
1062
1063
1066
1067
1068
1069
1070
1072
1074
1076
1077
1078
1080
1081
1082
1083
1085
1086
1088
1095
1096
1097
1099
1101
1103
1105
1106
1107
83
86
8
41
5
42
49
29
16
57
9
55
15
30
68
64
20
3
76
10
13
14
80
78
87
50
44
73
36
43
18
62
40
77
82
24
83
65
28
12
67
45
31
79
32
52
53
19
85
38
7
58
61
6
70
46
25
4
39
35
72
23
0
2
60
17
27
84
63
54
22
21
47
51
59
48
26
56
74
11
1
71
33
69
