122
2
15
28
33
54
72
121
123
129
139
147
166
196
214
219
225
226
255
380
381
386
411
415
437
451
456
510
518
677
682
686
696
802
810
818
847
856
878
891
894
905
935
938
940
1003
1066
1081
1094
1097
1104
1113
1147
1168
1188
1199
1217
1228
1255
1259
1265
1302
1317
1321
1341
1354
1477
1480
1493
1504
1506
1540
1568
1580
1584
1600
1610
1621
1657
1693
1720
1742
1765
1767
1798
1799
1834
1863
1865
1881
1900
1924
1938
1948
1980
1981
2006
2009
2018
2037
2040
2043
2086
2118
2120
2142
2150
2177
2202
2218
2235
2271
2292
2299
2323
2334
2366
2370
2374
2399
2422
2423
2424
162
75
93
120
137
1
128
118
100
84
83
76
46
10
55
67
104
29
38
58
147
28
17
130
32
151
125
106
21
64
113
144
49
141
139
45
87
3
110
70
142
50
8
138
133
111
114
95
51
44
5
102
97
13
91
82
61
4
155
26
68
6
149
127
88
143
105
158
124
60
33
48
134
69
56
79
27
73
108
90
153
160
34
146
136
81
7
62
86
92
2
57
162
157
152
96
30
53
80
36
121
117
116
101
59
159
119
54
71
131
78
66
25
89
41
11
72
77
14
145
9
115
99
109
23
42
156
19
40
20
140
52
63
0
123
22
35
150
24
94
103
98
65
18
129
112
132
39
122
74
148
107
15
154
16
161
37
85
43
47
12
126
31
