678
4
7
12
13
16
19
28
30
33
35
36
38
42
43
45
46
47
48
49
55
56
57
60
61
62
63
66
68
69
74
75
82
83
87
88
89
93
95
98
100
103
104
107
109
111
116
117
121
128
129
132
135
136
137
141
143
144
145
149
153
155
158
159
160
164
165
168
171
172
174
175
176
182
185
187
188
193
196
197
204
205
208
210
213
214
215
217
219
222
226
228
230
231
233
237
238
240
246
247
248
250
251
252
253
255
263
265
266
270
274
275
277
278
280
282
287
288
289
294
295
296
297
298
299
304
308
315
316
317
318
320
321
323
326
331
332
334
338
339
340
341
345
346
362
363
366
368
369
371
372
373
375
378
379
382
385
386
387
395
396
398
401
404
407
411
412
416
422
427
428
429
431
435
436
437
441
443
445
446
447
449
451
455
456
458
460
465
467
469
473
474
478
479
482
485
494
495
498
499
502
503
504
505
506
507
508
512
513
514
515
516
517
522
523
524
527
535
536
540
541
544
547
551
555
557
558
561
562
566
582
586
589
591
592
594
595
598
600
606
607
609
625
630
635
637
638
639
640
644
645
647
648
649
650
651
652
656
658
663
666
667
668
669
670
677
679
681
683
692
696
702
707
708
709
711
712
714
722
723
724
725
728
731
735
736
737
738
740
741
744
746
751
754
756
758
759
764
766
769
771
776
778
779
785
790
791
793
794
796
797
798
804
805
807
821
825
827
832
835
840
841
842
844
846
849
853
854
856
859
860
863
864
866
876
877
878
881
882
886
891
897
903
904
925
926
927
930
932
933
934
936
937
940
942
946
949
957
958
959
963
967
968
976
978
981
982
984
987
989
991
992
996
999
1000
1001
1005
1010
1011
1012
1013
1015
1017
1027
1028
1030
1031
1032
1033
1034
1036
1037
1040
1044
1045
1049
1051
1056
1058
1060
1061
1066
1071
1072
1073
1074
1080
1084
1088
1092
1093
1094
1095
1099
1100
1102
1105
1106
1107
1108
1112
1116
1119
1123
1124
1126
1129
1130
1131
1132
1137
1138
1140
1142
1150
1151
1153
1156
1157
1167
1169
1171
1177
1179
1182
1184
1188
1189
1192
1194
1201
1202
1204
1205
1206
1209
1211
1213
1217
1223
1227
1231
1240
1241
1242
1246
1250
1258
1261
1264
1265
1268
1272
1275
1281
1284
1285
1288
1292
1296
1298
1299
1301
1302
1304
1306
1308
1310
1311
1317
1319
1324
1326
1327
1332
1334
1337
1338
1346
1356
1358
1361
1363
1368
1369
1371
1378
1379
1380
1391
1393
1397
1400
1406
1409
1410
1412
1418
1419
1420
1425
1427
1431
1439
1440
1448
1451
1452
1461
1469
1471
1472
1474
1478
1480
1482
1483
1489
1491
1493
1494
1495
1496
1497
1500
1505
1506
1508
1509
1510
1515
1516
1517
1521
1525
1527
1529
1532
1537
1539
1543
1548
1553
1555
1557
1561
1567
1571
1572
1575
1576
1577
1578
1579
1580
1582
1585
1589
1590
1591
1594
1597
1600
1601
1603
1605
1606
1609
1614
1620
1621
1622
1625
1630
1631
1637
1639
1641
1644
1648
1650
1651
1653
1654
1657
1658
1660
1661
1664
1665
1668
1669
1670
1671
1677
1686
1687
1688
1690
1691
1693
1694
1696
1701
1704
1708
1712
1714
1718
1721
1723
1725
1726
1733
1734
1736
1738
1739
1742
1743
1746
1748
1749
1750
1752
1754
1755
1761
1763
1764
1767
1771
1772
1774
1775
1776
1778
1779
1781
1782
1786
1787
1789
1794
1798
1799
1802
1805
1811
1813
1816
1817
1818
1822
1823
1824
1828
1832
1833
156
77
97
89
162
143
164
57
24
7
5
76
8
106
138
134
110
117
132
16
127
157
90
102
65
62
29
111
37
25
163
44
152
116
139
49
83
82
153
15
107
141
147
136
112
146
50
53
145
32
68
94
101
159
105
109
40
160
61
1
56
86
129
151
128
2
46
144
3
71
21
142
19
41
38
31
58
150
30
79
124
95
11
114
130
51
78
120
121
108
135
149
98
84
42
133
34
131
36
119
155
55
6
122
23
4
80
73
70
20
104
14
43
9
92
154
123
39
10
93
63
60
66
17
59
13
67
28
22
81
27
140
75
103
99
161
69
26
72
158
47
125
85
118
156
137
87
126
54
64
18
113
91
12
74
0
45
