239
22
48
53
79
86
114
136
154
163
164
204
209
222
229
250
252
273
286
291
293
294
301
310
318
330
364
377
394
398
402
414
423
433
439
460
476
481
505
510
534
538
539
540
570
605
608
610
613
616
632
644
655
660
687
709
718
721
735
737
746
765
776
785
796
802
814
816
824
829
831
873
876
885
886
889
894
895
902
909
933
947
948
959
962
968
999
1011
1017
1033
1040
1053
1056
1069
1072
1075
1091
1129
1133
1144
1145
1151
1157
1166
1173
1181
1207
1228
1234
1255
1263
1268
1269
1308
1319
1320
1325
1326
1327
1331
1335
1338
1349
1351
1352
1354
1369
1372
1383
1398
1417
1434
1440
1458
1469
1475
1496
1499
1512
1513
1535
1537
1542
1546
1547
1549
1554
1564
1572
1577
1581
1589
1595
1599
1602
1608
1609
1620
1626
1645
1655
1677
1678
1707
1712
1750
1754
1761
1767
1775
1807
1811
1827
1843
1867
1875
1897
1903
1909
1926
1946
1947
1951
1971
1988
2014
2017
2028
2029
2035
2044
2052
2058
2085
2091
2110
2112
2142
2153
2186
2192
2193
2205
2210
2224
2234
2239
2242
2256
2272
2288
2290
2293
2295
2307
2339
2342
2360
2371
2385
2415
2423
2450
2456
2462
2496
2499
2504
2505
2546
2557
2562
2591
2592
2597
2604
2606
2607
2613
2621
161
68
121
141
145
5
6
136
62
75
29
123
89
156
149
39
81
54
44
160
115
82
76
110
80
134
61
78
77
31
58
154
8
46
36
20
104
27
105
100
21
2
10
63
130
35
129
64
45
99
18
133
128
67
87
28
137
143
125
1
109
111
152
17
15
147
4
38
50
24
92
85
139
91
90
120
7
40
148
138
19
57
26
56
32
94
146
132
0
72
12
33
73
47
48
74
140
88
30
86
23
144
16
55
159
158
83
41
122
3
135
119
96
117
150
25
112
101
126
95
98
124
106
22
155
9
13
11
116
42
37
157
53
84
102
108
127
60
107
52
14
65
71
34
142
49
151
131
153
69
97
114
103
93
79
43
70
66
59
118
113
51
