686
4
6
11
12
13
14
17
18
21
22
25
29
31
33
35
37
38
40
41
44
45
46
48
50
51
52
55
56
57
58
59
60
63
64
66
67
68
70
71
72
73
74
78
80
81
82
83
84
87
88
89
90
93
95
96
97
99
101
102
104
106
107
108
109
110
111
112
114
115
116
117
119
120
123
124
125
126
127
128
129
130
132
133
134
135
136
137
139
141
142
144
145
146
147
152
153
157
158
160
162
163
164
165
166
167
169
170
171
172
174
181
184
185
193
194
195
197
200
203
205
206
209
212
215
216
217
218
219
220
223
224
225
226
227
230
231
232
233
234
236
237
238
239
240
241
242
243
244
245
247
248
250
253
258
261
263
264
265
266
267
268
269
270
272
273
276
280
281
283
284
285
286
289
292
293
294
295
296
297
298
301
303
307
308
310
311
312
313
314
316
320
321
322
323
324
325
327
329
332
333
334
336
337
339
340
342
344
345
346
348
351
353
355
356
357
358
359
360
362
365
368
371
375
376
378
380
381
383
384
385
388
389
390
391
393
394
395
396
397
398
400
401
404
408
411
413
415
416
418
419
421
424
425
426
427
429
432
433
437
438
443
444
445
447
448
450
452
453
454
456
458
459
460
463
464
466
467
468
469
470
471
472
474
475
476
478
480
481
482
483
484
486
487
489
490
491
492
493
494
496
498
499
500
501
502
503
504
505
507
508
509
510
511
512
513
517
518
519
521
523
524
526
527
531
537
538
541
542
544
545
547
548
549
550
551
552
553
554
555
557
565
566
568
570
572
573
574
579
580
581
582
584
587
590
595
597
598
599
600
601
602
604
605
610
611
614
617
618
619
620
624
625
626
630
631
633
634
635
636
638
639
640
641
643
645
646
647
648
649
650
651
654
660
661
663
664
665
668
669
671
672
673
674
675
676
678
679
680
681
682
683
684
685
687
688
689
690
693
694
696
697
698
699
700
701
702
703
704
706
708
709
710
711
712
714
717
718
719
720
721
722
726
728
730
731
732
733
734
735
738
739
740
741
745
746
748
749
750
753
754
755
757
758
760
763
764
765
766
768
769
770
771
772
773
775
777
778
779
780
781
782
785
789
790
791
793
795
796
797
799
800
802
803
805
809
810
811
812
813
814
815
816
818
819
820
821
822
824
825
826
827
829
830
832
836
838
839
841
842
843
844
845
847
848
851
852
853
854
857
859
861
862
863
864
867
868
869
870
871
875
876
877
879
880
885
887
888
891
894
896
898
899
902
904
905
911
913
914
915
916
919
921
922
925
926
932
933
934
935
936
937
939
942
945
946
947
948
949
950
951
952
953
954
955
956
957
960
961
962
964
965
966
967
968
969
970
972
975
978
979
981
982
984
985
986
988
993
995
997
998
1001
1002
1003
1004
1006
1008
1009
1010
1011
1012
1013
1015
1017
1018
1021
1022
1023
1024
1025
1026
1027
1029
1030
1031
1032
1034
1035
1036
1037
1038
1040
1041
1042
1043
1045
1046
1047
1048
1049
1050
1052
1055
1056
1058
1059
1060
1061
1062
1063
1065
1066
1067
1068
1069
1071
1072
1075
1076
1077
1079
1080
1081
1082
1086
1087
1088
1089
1091
1095
1098
1100
1101
1102
1104
1106
1107
83
74
70
37
75
76
60
34
36
21
16
54
30
4
56
47
59
53
45
84
27
43
7
11
15
50
9
8
57
5
2
46
81
77
64
1
80
38
42
19
68
22
85
55
78
71
23
52
72
10
61
51
20
48
29
86
31
58
63
65
41
49
67
66
87
24
6
3
40
83
62
18
44
13
14
28
73
17
35
26
0
12
82
69
