115
2
123
124
128
185
200
292
387
399
418
426
441
451
460
519
539
544
551
560
562
564
572
599
605
615
632
634
637
651
655
701
718
726
751
756
760
777
788
793
795
827
829
838
857
860
872
877
897
929
1056
1114
1120
1122
1170
1179
1192
1199
1205
1224
1285
1304
1329
1351
1354
1372
1399
1427
1441
1446
1451
1472
1491
1533
1537
1554
1574
1600
1612
1647
1652
1668
1685
1730
1744
1763
1766
1816
1822
1843
1903
1913
1936
1960
1971
1990
2039
2049
2064
2070
2081
2200
2236
2246
2296
2309
2324
2326
2345
2354
2355
2383
2389
2395
2398
2422
160
47
103
57
45
110
159
78
151
86
50
125
146
22
95
76
126
18
67
73
81
16
54
43
82
142
74
23
104
85
149
41
91
0
39
3
6
99
161
124
132
61
51
154
2
134
138
25
17
152
9
1
90
71
102
53
49
75
10
143
119
139
111
77
65
11
115
117
29
26
40
94
160
133
15
127
135
114
34
83
140
4
24
158
122
108
28
131
101
97
89
8
162
19
98
32
147
64
116
155
156
107
33
46
137
72
56
84
12
59
70
128
48
113
141
118
109
66
37
148
52
44
68
21
35
7
106
80
130
120
31
112
5
42
123
30
96
60
27
62
58
150
145
92
69
121
63
129
136
105
93
144
79
100
87
157
14
153
38
20
88
