686
5
6
7
9
10
11
12
13
14
15
20
21
22
25
27
29
30
31
32
34
35
36
37
39
41
42
45
46
48
49
51
53
54
58
59
60
61
63
64
67
69
70
71
72
74
75
77
80
81
82
85
86
87
91
93
95
100
103
106
109
111
112
116
118
120
121
122
124
126
129
130
134
135
136
137
138
140
141
142
144
146
147
149
150
151
152
153
154
155
156
157
158
159
160
161
162
163
164
165
166
167
170
172
174
175
176
177
178
180
183
185
186
187
189
193
194
195
196
197
198
199
200
202
203
204
205
207
208
209
212
213
214
216
218
219
221
224
225
226
227
228
231
233
235
238
239
240
241
243
244
245
247
249
250
252
253
254
256
257
258
259
261
262
263
268
269
271
275
276
278
279
280
283
285
286
287
288
289
290
292
293
294
296
297
298
299
300
301
304
305
306
307
309
310
311
312
313
314
317
322
324
325
326
327
330
333
334
336
337
339
347
351
352
353
354
355
356
357
358
359
363
365
366
368
369
371
374
375
378
379
380
381
382
383
384
385
386
388
389
391
392
394
395
396
397
398
399
400
401
402
405
406
409
410
412
417
418
419
420
421
422
424
425
426
427
428
429
433
434
435
437
439
441
442
443
444
445
446
452
453
454
456
457
458
459
461
464
465
466
467
468
470
471
473
477
478
480
481
483
484
485
486
487
489
490
492
494
496
500
503
504
507
508
509
510
511
512
513
514
516
518
519
520
521
523
524
525
526
527
528
529
530
534
535
536
537
538
540
541
543
544
545
546
548
549
550
552
553
555
557
559
560
561
562
564
565
566
567
568
570
573
574
575
577
578
583
584
588
590
591
592
597
598
599
600
601
602
603
605
607
608
609
610
612
613
615
616
617
619
620
621
622
623
624
625
626
627
628
629
630
631
634
638
639
642
643
646
648
649
650
652
655
656
657
661
663
664
665
666
667
668
669
670
673
675
676
677
678
679
683
684
685
687
688
690
692
693
694
695
698
700
701
702
703
704
705
706
707
709
710
711
712
713
716
719
720
721
723
724
725
726
727
728
729
730
732
734
735
736
737
738
739
742
744
746
747
748
749
752
753
754
756
757
759
760
762
764
765
766
771
772
773
775
776
777
779
780
781
786
788
790
791
792
793
794
795
796
798
799
800
801
802
803
804
806
810
814
815
817
820
822
823
825
826
827
828
829
834
835
836
837
838
839
841
842
843
844
845
846
847
849
851
854
855
856
858
860
861
866
868
873
874
876
877
879
880
881
883
886
887
888
889
891
892
893
894
896
899
902
903
904
905
906
909
910
911
915
920
922
924
930
932
933
936
937
938
939
940
943
945
946
947
951
952
953
954
955
957
958
959
960
961
962
963
965
966
969
970
972
974
977
978
979
981
986
987
988
989
991
993
994
995
999
1000
1001
1002
1004
1005
1006
1007
1008
1009
1010
1013
1014
1015
1016
1020
1024
1026
1027
1028
1029
1030
1034
1035
1036
1037
1038
1040
1041
1044
1045
1046
1047
1049
1055
1056
1057
1060
1061
1062
1063
1064
1066
1069
1071
1074
1078
1079
1080
1081
1083
1084
1085
1086
1088
1090
1091
1092
1094
1095
1099
1100
1105
1107
83
78
67
83
39
36
4
52
65
37
42
46
68
0
5
61
73
49
14
72
20
25
62
80
38
85
56
22
27
40
86
3
10
18
47
13
48
41
29
1
24
59
69
8
19
17
6
57
45
66
35
53
28
15
75
74
50
11
63
64
81
30
58
23
12
2
55
54
87
43
76
33
79
51
31
16
84
77
26
32
71
9
7
82
