686
7
8
10
11
13
19
20
21
23
25
26
27
28
29
30
31
33
34
35
37
40
41
42
44
48
50
52
54
56
57
58
59
61
62
63
65
66
67
70
71
72
74
78
79
80
81
82
83
84
85
87
90
91
92
94
99
100
101
102
103
104
105
106
108
110
111
113
114
117
118
119
120
121
122
125
126
128
129
131
133
134
135
139
140
142
144
145
147
148
149
153
154
155
156
157
158
159
160
161
162
163
164
165
167
169
171
174
176
178
179
181
184
185
186
187
188
189
190
191
192
194
195
198
199
200
203
205
206
207
208
209
210
212
213
214
215
217
218
219
221
222
225
228
229
230
231
232
234
236
237
238
239
241
242
243
244
245
246
247
251
252
253
256
259
260
261
262
263
264
266
267
268
269
270
272
273
275
277
283
284
285
286
288
289
290
291
292
295
297
298
301
305
306
307
308
310
311
312
313
315
316
317
320
321
322
324
326
329
330
332
333
335
337
338
339
341
342
343
344
345
347
348
350
351
352
354
355
356
357
358
361
368
369
371
372
374
377
379
381
383
384
385
387
388
390
393
394
395
397
398
399
400
403
405
406
408
409
410
412
414
415
416
417
418
419
420
421
427
429
431
434
435
436
437
438
439
442
444
446
447
448
449
450
452
453
454
455
456
457
459
463
464
465
467
469
470
471
473
475
476
478
479
480
481
482
483
484
486
487
489
491
492
493
494
495
496
497
498
499
501
502
503
504
509
510
511
514
515
516
519
520
521
522
523
524
525
529
530
532
534
536
538
539
540
541
542
543
548
550
551
552
555
556
557
558
559
563
566
568
569
570
571
573
575
576
578
579
580
581
582
583
584
585
587
588
591
593
594
595
596
599
601
602
604
605
606
607
610
611
612
613
615
617
620
624
625
627
628
630
631
634
636
639
641
642
644
646
649
650
651
652
653
655
656
657
658
661
662
663
665
667
668
669
671
673
677
678
681
682
684
685
687
689
691
693
695
696
699
700
701
702
704
705
706
707
709
710
712
713
716
718
720
721
723
724
726
728
729
730
731
732
733
734
735
737
738
740
743
745
746
749
752
753
755
756
758
759
764
766
768
770
771
772
773
774
775
777
778
779
780
781
782
784
787
789
791
792
794
795
797
799
801
803
804
809
810
815
816
817
818
819
820
821
826
828
829
832
833
835
836
837
838
839
840
842
843
845
847
848
850
852
853
856
857
861
862
863
867
868
870
871
872
873
874
877
878
879
884
885
886
887
888
889
890
893
894
895
896
897
898
900
903
906
909
910
913
916
917
918
919
920
922
923
924
926
928
929
930
931
932
934
936
937
940
941
943
946
948
949
951
953
954
956
957
959
960
961
964
965
967
969
970
971
972
973
974
975
977
983
984
986
988
992
994
995
996
997
999
1001
1004
1005
1008
1009
1010
1011
1012
1013
1014
1017
1018
1022
1023
1024
1025
1027
1028
1030
1032
1033
1034
1035
1037
1039
1041
1042
1043
1045
1046
1047
1049
1050
1051
1053
1054
1056
1057
1060
1062
1063
1064
1065
1066
1069
1070
1071
1075
1076
1077
1078
1079
1082
1083
1084
1085
1087
1088
1089
1090
1095
1096
1098
1099
1102
1103
1106
1107
83
70
16
7
6
44
43
76
67
45
50
84
82
26
87
61
79
17
12
2
4
22
9
52
48
65
24
51
62
35
85
63
33
54
41
18
64
19
71
23
36
55
40
42
74
60
34
20
8
78
31
81
27
46
59
3
13
75
38
21
11
29
10
77
72
66
15
56
68
28
53
73
47
32
30
80
49
37
58
69
1
14
25
5
