72
114
140
262
269
275
295
296
317
370
405
457
463
467
506
511
516
554
590
610
612
651
663
684
714
792
801
811
812
828
833
841
850
852
941
942
955
974
987
993
1012
1037
1052
1095
1097
1103
1141
1158
1181
1283
1297
1389
1391
1411
1449
1465
1486
1499
1560
1578
1591
1596
1630
1652
1680
1685
1771
1773
1778
1805
1807
1810
1819
106
11
98
21
41
23
110
51
133
73
44
59
57
1
55
8
115
88
95
142
10
27
75
39
26
4
14
155
148
104
160
35
54
157
159
89
76
19
70
122
6
5
46
141
17
31
13
48
135
78
61
43
74
107
94
154
100
12
126
99
18
67
63
120
152
42
36
47
83
71
77
22
91
62
119
87
147
29
130
64
128
108
149
66
139
96
69
123
16
2
81
60
117
3
7
132
102
40
93
138
112
30
156
124
146
28
158
