260
13
30
34
36
48
54
74
77
78
81
82
86
87
122
123
134
142
144
146
154
168
172
197
207
209
221
227
242
252
287
291
314
323
330
339
345
348
360
373
378
379
398
400
406
421
461
472
485
491
494
501
507
522
526
567
569
576
577
595
602
632
641
651
654
666
689
702
719
729
733
735
749
759
824
826
834
844
847
852
871
876
891
897
898
906
922
923
929
931
938
941
943
953
971
991
1007
1008
1013
1020
1028
1051
1060
1068
1081
1088
1101
1103
1128
1132
1135
1159
1189
1204
1230
1231
1232
1239
1242
1262
1263
1265
1294
1298
1301
1305
1306
1319
1323
1329
1335
1340
1353
1354
1359
1368
1370
1385
1388
1400
1426
1428
1441
1490
1543
1544
1558
1565
1593
1607
1629
1634
1640
1654
1656
1662
1666
1678
1692
1696
1701
1739
1754
1762
1764
1775
1802
1818
1837
1847
1893
1896
1898
1903
1905
1917
1925
1929
1952
1957
1960
1962
1968
1974
1988
1995
2003
2004
2009
2017
2020
2021
2025
2030
2034
2039
2043
2044
2047
2056
2079
2082
2087
2103
2105
2109
2140
2142
2149
2152
2158
2160
2185
2186
2204
2207
2208
2217
2220
2224
2233
2242
2258
2259
2267
2279
2291
2299
2301
2310
2318
2319
2324
2325
2328
2339
2362
2365
2374
2386
2389
2403
2405
2427
2435
2444
2451
2464
2472
2476
2488
2497
2504
2506
2525
2558
2559
2581
2594
2611
2614
161
9
146
78
89
44
90
20
142
58
80
51
155
97
111
54
59
116
31
126
46
73
147
128
2
70
113
93
122
86
92
156
132
151
74
152
117
158
99
81
112
107
149
26
45
57
119
43
53
32
109
22
3
63
150
102
19
124
60
62
133
75
71
10
137
72
104
12
35
30
84
28
5
40
125
105
11
88
106
76
64
37
4
68
8
123
160
87
52
50
131
23
145
121
66
85
18
91
157
65
103
24
120
69
100
138
42
61
83
148
56
13
153
101
108
25
127
1
95
110
38
115
136
27
0
143
135
144
36
16
141
77
118
34
140
130
114
49
94
98
134
17
79
82
6
129
154
15
41
55
139
159
96
39
29
33
14
47
7
67
21
48
