686
3
4
5
7
8
12
13
15
18
20
21
22
24
25
29
34
35
36
38
39
42
45
46
47
48
55
57
58
59
60
61
62
72
74
76
78
80
81
83
84
86
87
88
89
92
93
94
95
96
97
98
100
102
103
104
105
108
111
112
113
114
115
117
118
122
123
125
126
130
132
134
136
137
139
140
141
145
146
149
152
153
157
158
159
160
161
162
164
165
167
168
170
171
175
178
179
180
182
184
185
187
189
191
192
194
196
199
200
206
207
209
210
212
213
216
219
221
222
225
226
228
229
230
231
232
233
236
237
238
239
241
246
247
248
250
252
255
256
257
260
261
264
266
267
269
270
271
273
276
277
278
280
281
283
284
286
287
288
289
290
291
292
294
295
297
299
301
303
305
306
309
311
312
315
317
318
323
324
326
327
330
331
334
336
337
338
340
341
342
343
344
345
347
349
350
351
352
353
355
357
358
360
362
366
368
369
371
372
373
374
376
377
378
380
381
382
384
385
386
388
389
390
391
392
393
394
395
396
398
400
401
402
403
405
406
407
408
409
410
413
418
420
421
422
425
427
428
429
430
432
433
434
436
437
438
439
440
444
446
449
450
454
455
456
457
458
459
460
461
462
463
464
467
468
470
471
472
473
474
476
479
481
483
487
488
490
491
493
495
496
498
499
500
502
503
504
505
506
508
510
511
513
514
516
520
521
523
524
526
528
529
530
531
532
534
535
536
537
538
539
540
541
542
543
544
545
547
550
552
553
554
555
557
558
559
562
563
567
571
572
574
575
579
580
581
582
583
586
588
589
590
591
592
593
594
597
598
599
600
603
604
605
607
609
610
611
614
616
617
620
621
622
624
625
626
628
629
630
632
636
638
639
640
641
642
644
645
646
647
651
652
653
655
657
658
660
662
663
664
665
666
667
669
671
672
673
676
677
678
680
682
684
685
686
690
691
692
693
695
697
698
701
702
703
704
705
707
709
710
711
714
715
717
718
719
722
723
726
727
730
731
732
734
738
742
743
745
747
748
750
753
756
757
758
759
760
761
763
765
766
767
768
769
770
771
773
775
777
778
781
782
783
784
785
786
788
789
793
796
797
798
800
801
802
803
805
807
808
809
811
812
814
817
819
820
822
823
824
825
828
831
832
833
834
835
837
838
839
840
842
843
845
846
848
849
850
853
856
857
858
859
860
861
863
864
865
866
868
869
870
871
872
874
875
876
877
880
881
882
884
885
886
887
888
889
890
891
893
894
895
897
899
900
901
903
907
909
911
912
913
914
915
916
918
919
920
922
923
924
926
929
930
933
934
935
936
939
941
942
944
946
947
948
950
951
952
953
956
958
959
960
961
962
963
964
966
970
973
975
976
977
978
979
981
982
983
985
987
991
992
996
997
1000
1001
1002
1003
1005
1006
1008
1010
1011
1013
1015
1017
1018
1019
1020
1022
1024
1025
1027
1028
1029
1030
1031
1032
1034
1035
1037
1039
1040
1041
1044
1045
1046
1048
1049
1050
1051
1052
1053
1055
1057
1058
1059
1062
1064
1066
1067
1068
1069
1070
1071
1074
1076
1078
1079
1080
1081
1082
1083
1085
1086
1088
1089
1090
1091
1092
1093
1097
1099
1101
1103
1104
1105
1107
83
69
29
48
47
60
70
6
4
27
83
3
18
13
54
19
14
64
71
81
28
46
53
85
76
74
52
34
42
67
78
8
15
43
24
21
56
30
86
82
41
80
61
63
84
72
75
12
1
55
0
51
73
38
37
10
26
2
36
11
7
68
59
87
5
35
77
20
22
9
79
17
40
62
33
31
58
66
57
49
65
16
44
45
