658
9
10
12
15
17
20
24
29
31
34
37
38
40
46
49
53
58
59
60
63
66
67
69
73
76
79
81
83
84
85
87
93
99
101
102
106
110
111
114
123
124
127
128
132
133
134
135
149
150
160
165
178
180
181
182
183
184
186
189
192
194
196
197
198
200
204
207
212
217
219
220
224
229
230
232
234
235
244
245
247
250
256
257
261
262
263
265
266
270
276
280
282
283
290
292
293
294
295
297
300
304
310
313
319
322
323
325
326
327
328
334
338
339
340
343
347
349
350
352
355
359
361
362
364
370
373
375
378
381
383
387
391
393
396
398
400
405
406
407
408
410
411
413
414
420
421
423
425
427
428
429
437
444
448
450
454
461
465
466
467
470
473
477
480
481
485
487
488
496
498
504
507
508
510
512
514
519
520
523
526
527
530
531
532
533
537
541
542
544
546
551
554
555
556
558
561
562
567
568
569
575
576
577
579
580
585
592
593
596
597
598
601
602
610
614
626
628
638
645
646
649
658
660
661
665
666
670
671
672
673
674
676
677
678
680
684
689
690
692
694
695
701
703
705
707
713
714
715
716
718
720
725
726
727
730
731
733
736
737
741
743
744
746
749
751
752
755
756
758
760
762
764
765
769
770
776
783
791
793
796
799
803
806
809
810
811
813
817
819
820
822
827
837
839
845
847
848
849
850
851
855
859
861
866
868
871
872
876
878
879
881
882
887
892
895
896
902
904
905
908
911
913
914
915
917
918
919
923
924
929
932
938
941
942
944
948
951
952
958
961
965
969
971
979
980
988
994
997
998
1000
1004
1015
1018
1020
1023
1031
1032
1034
1036
1038
1040
1043
1045
1047
1048
1051
1053
1055
1056
1059
1062
1067
1069
1073
1074
1078
1086
1089
1091
1096
1098
1100
1101
1103
1109
1110
1111
1112
1114
1116
1119
1127
1128
1131
1132
1133
1134
1135
1138
1140
1142
1144
1151
1156
1157
1159
1161
1162
1166
1168
1172
1176
1177
1179
1180
1181
1184
1186
1188
1199
1203
1205
1211
1212
1215
1218
1220
1223
1225
1233
1237
1244
1252
1256
1261
1263
1265
1267
1270
1273
1275
1278
1279
1280
1283
1284
1294
1295
1296
1298
1301
1306
1309
1310
1311
1312
1317
1322
1324
1325
1329
1330
1337
1338
1339
1341
1346
1347
1348
1350
1359
1364
1367
1369
1370
1375
1378
1380
1382
1383
1385
1388
1390
1392
1395
1404
1406
1408
1410
1411
1413
1420
1422
1424
1426
1429
1431
1432
1433
1435
1437
1438
1444
1446
1448
1451
1452
1453
1455
1456
1458
1460
1461
1467
1469
1472
1473
1482
1485
1488
1490
1491
1494
1498
1501
1503
1505
1508
1509
1516
1517
1519
1520
1521
1526
1528
1531
1533
1538
1539
1543
1545
1546
1549
1550
1554
1555
1561
1562
1565
1567
1570
1571
1575
1576
1578
1581
1582
1590
1591
1593
1599
1605
1606
1607
1610
1615
1616
1617
1620
1621
1624
1627
1628
1629
1631
1633
1636
1638
1640
1641
1642
1646
1648
1650
1651
1652
1655
1659
1660
1661
1662
1663
1666
1669
1670
1672
1676
1679
1681
1682
1685
1689
1695
1697
1698
1701
1702
1707
1708
1710
1714
1721
1723
1726
1729
1731
1737
1741
1742
1743
1747
1749
1750
1753
1756
1757
1758
1759
1760
1761
1764
1776
1785
1786
1787
1792
1794
1800
1802
1806
1807
1808
1810
1811
1813
1814
1816
1817
1820
1824
1828
1829
1832
1836
1837
1838
1839
155
6
45
60
33
46
104
49
13
76
44
19
34
129
78
154
75
31
89
93
112
18
131
118
150
82
114
110
130
21
139
92
86
124
128
136
55
3
23
24
123
90
1
105
109
43
59
5
87
42
26
2
117
149
27
4
0
17
37
151
29
38
85
160
83
147
141
41
120
97
48
40
69
56
52
79
107
51
121
145
70
132
80
84
88
71
8
94
54
138
74
53
36
100
50
142
64
119
159
115
68
30
101
157
106
111
57
39
35
146
67
108
162
134
77
72
96
137
9
122
98
140
144
125
66
25
102
158
73
148
10
153
95
81
65
116
143
15
7
28
135
152
156
163
161
32
155
16
47
63
103
127
58
20
14
113
