688
13
17
21
26
27
30
31
32
39
42
43
46
52
53
54
57
64
66
68
71
73
79
83
86
89
90
91
92
94
95
97
99
101
103
104
107
111
112
116
122
123
124
129
133
137
138
140
141
142
151
152
154
159
160
161
162
168
169
170
175
176
180
185
186
188
191
194
196
197
202
204
207
208
210
211
214
215
216
217
219
221
228
231
233
235
239
241
242
245
247
251
252
255
256
258
264
267
269
273
276
277
278
279
281
283
288
294
299
300
304
306
307
313
315
325
326
327
328
329
330
333
337
338
349
350
351
356
357
359
360
365
369
372
373
375
376
386
387
390
395
398
399
400
401
402
405
411
412
413
416
417
418
422
423
425
427
428
429
437
439
440
442
443
444
445
452
453
455
459
463
471
478
479
480
481
482
483
484
486
487
492
494
496
500
502
504
514
517
518
519
520
521
522
524
525
527
539
540
544
546
548
550
552
557
559
560
561
563
564
567
568
571
572
574
575
579
582
587
591
596
599
600
603
608
614
617
620
625
628
632
641
645
646
652
657
658
666
667
674
685
688
691
692
696
698
703
706
710
715
716
721
723
724
725
726
728
730
732
733
738
746
747
749
750
754
759
761
762
766
767
769
773
777
781
783
785
787
790
791
793
794
796
797
800
802
803
807
810
811
816
817
819
820
823
827
830
837
839
841
846
847
849
853
854
856
861
862
863
865
866
867
869
872
873
874
876
878
881
883
884
887
888
891
893
895
897
898
902
911
912
913
918
922
923
926
927
928
929
943
945
946
953
959
963
964
970
971
973
975
976
978
980
982
983
985
986
988
990
994
995
1000
1002
1004
1007
1011
1012
1014
1017
1022
1026
1027
1029
1030
1032
1037
1038
1039
1043
1045
1048
1056
1059
1060
1061
1062
1063
1065
1066
1068
1073
1074
1077
1079
1082
1086
1088
1093
1099
1100
1113
1115
1116
1118
1120
1121
1124
1126
1128
1129
1130
1135
1139
1143
1146
1152
1154
1155
1160
1163
1170
1172
1173
1174
1175
1177
1181
1182
1186
1187
1190
1193
1194
1195
1196
1199
1200
1202
1203
1208
1209
1212
1219
1226
1228
1230
1231
1232
1235
1236
1239
1240
1241
1244
1245
1247
1248
1252
1255
1257
1263
1267
1268
1272
1280
1281
1286
1291
1293
1294
1297
1300
1306
1313
1314
1317
1320
1323
1324
1340
1344
1345
1347
1348
1350
1352
1355
1359
1360
1364
1366
1369
1370
1371
1372
1374
1378
1383
1384
1388
1390
1391
1393
1396
1398
1400
1401
1403
1405
1409
1410
1413
1416
1417
1419
1420
1421
1426
1431
1434
1435
1438
1440
1442
1447
1448
1449
1451
1452
1453
1454
1455
1457
1458
1459
1460
1464
1465
1466
1470
1473
1476
1477
1479
1481
1483
1485
1491
1492
1493
1498
1501
1503
1504
1505
1508
1512
1514
1515
1518
1519
1522
1527
1529
1531
1537
1539
1543
1545
1547
1548
1552
1556
1558
1561
1566
1567
1568
1572
1573
1574
1584
1588
1590
1592
1593
1595
1599
1601
1604
1605
1607
1608
1614
1616
1617
1622
1623
1624
1630
1631
1632
1633
1635
1636
1637
1640
1642
1646
1648
1650
1651
1652
1656
1657
1658
1659
1670
1671
1674
1676
1677
1680
1682
1684
1686
1687
1689
1693
1694
1698
1702
1703
1704
1705
1706
1712
1714
1715
1716
1718
1719
1725
1726
1728
1730
1731
1732
1733
1736
1739
1747
1748
1756
1762
1763
1764
1765
1766
1770
1771
1775
1780
1785
1786
1793
1796
1797
1798
1799
1800
1802
1804
1809
1812
1815
1821
1822
1823
1825
1826
1828
1830
1831
1832
1833
1836
1838
1840
155
139
26
106
40
30
156
121
141
151
94
61
52
134
11
163
79
114
103
102
80
164
28
18
98
71
133
143
130
146
124
5
131
9
42
95
82
161
59
76
138
53
33
1
91
110
112
46
66
162
57
160
35
81
84
19
43
127
13
41
31
14
86
111
135
60
158
157
51
109
129
117
145
93
154
37
6
50
17
153
155
38
63
120
72
83
24
68
159
25
54
20
62
36
0
29
88
104
147
123
16
90
149
45
58
118
55
108
101
107
75
7
142
122
85
116
70
10
64
3
21
2
15
32
113
8
77
96
119
97
89
99
23
137
22
44
39
132
144
69
148
74
27
12
4
67
115
126
105
152
125
48
56
78
128
150
