129
90
93
99
130
151
182
198
200
228
241
245
260
304
327
328
338
360
392
425
446
460
480
486
495
497
541
554
587
607
622
627
635
670
673
676
696
739
745
750
835
919
939
944
960
980
1002
1010
1016
1120
1130
1142
1148
1152
1197
1218
1229
1248
1252
1275
1297
1309
1317
1320
1324
1351
1352
1362
1380
1420
1427
1445
1446
1450
1451
1468
1471
1472
1487
1491
1514
1515
1530
1531
1536
1581
1586
1618
1619
1620
1634
1670
1700
1764
1799
1859
1874
1922
1937
1956
1980
1981
2006
2015
2019
2033
2036
2038
2053
2088
2119
2176
2193
2196
2214
2218
2226
2228
2238
2247
2248
2275
2346
2348
2353
2354
2385
2395
2401
2405
154
47
161
92
125
5
58
2
109
99
97
31
146
4
51
3
12
7
89
155
154
68
96
48
100
140
81
91
26
108
23
123
11
36
44
138
78
102
105
106
38
59
46
17
75
34
27
80
103
10
142
39
8
21
135
159
126
95
150
130
114
153
145
132
79
120
151
128
65
82
62
29
69
50
67
40
15
90
52
49
127
55
94
64
76
83
86
131
156
9
134
84
71
158
66
112
124
45
19
43
25
147
77
107
157
28
139
160
133
101
118
14
41
152
122
110
42
148
30
98
57
115
37
111
35
32
0
149
73
85
143
141
162
53
1
137
13
74
129
93
16
88
18
113
121
119
87
117
54
33
72
70
56
116
6
