135
13
58
65
109
121
123
125
129
141
162
182
206
228
232
247
291
301
317
333
335
384
430
467
477
499
522
551
573
599
605
619
634
670
687
694
732
753
755
772
798
810
830
839
841
862
872
904
948
957
980
1051
1078
1084
1096
1107
1108
1110
1154
1168
1188
1208
1220
1250
1290
1310
1327
1346
1439
1459
1463
1485
1504
1525
1529
1538
1564
1585
1606
1608
1640
1674
1716
1721
1743
1749
1767
1773
1796
1804
1805
1808
1827
1829
1831
1865
1872
1911
1916
1921
1975
2002
2016
2050
2054
2095
2109
2111
2113
2133
2141
2172
2173
2178
2207
2213
2220
2231
2232
2240
2241
2243
2253
2274
2275
2277
2284
2293
2306
2319
2333
2340
2373
2378
2380
2407
163
15
52
128
46
36
122
41
90
120
13
104
134
42
93
10
16
115
85
21
57
5
99
103
33
111
107
96
140
141
11
9
35
150
160
105
66
6
75
127
136
44
81
22
20
39
91
101
142
148
95
63
50
146
19
48
1
145
18
23
14
89
68
84
133
143
144
118
28
114
151
34
126
70
25
123
45
51
67
138
159
149
32
59
4
31
40
131
37
121
154
87
109
108
62
29
155
77
86
106
82
97
3
69
79
64
71
72
162
98
147
27
65
152
119
88
12
156
158
112
0
17
54
110
102
92
49
113
94
7
117
56
157
153
47
129
76
132
83
80
125
53
116
139
61
55
43
137
58
26
135
30
130
24
2
161
78
38
8
73
100
74
60
124
