149
29
40
59
60
62
65
74
75
85
90
92
93
104
107
131
150
151
153
155
158
163
164
165
179
184
187
193
199
200
213
215
227
228
230
231
245
265
267
269
282
285
293
294
304
305
308
322
328
332
334
336
337
346
361
362
366
376
416
418
423
426
439
455
462
467
497
503
507
512
527
531
553
557
566
567
581
584
585
586
594
597
604
612
613
618
642
643
649
660
665
675
683
685
688
690
696
713
722
727
740
749
750
753
757
764
770
773
777
786
789
790
793
805
856
866
876
886
895
916
917
918
922
934
946
953
960
969
973
983
986
992
998
1010
1011
1025
1029
1031
1038
1039
1046
1047
1066
1071
1076
1079
1080
1091
1092
1104
72
42
37
28
63
41
83
34
7
67
15
44
32
77
8
33
13
40
85
18
16
78
3
4
6
36
26
75
84
48
47
76
52
49
31
0
53
82
11
69
87
46
70
61
14
62
51
39
80
55
59
2
73
24
12
54
17
20
45
21
71
64
9
72
60
43
65
30
10
5
74
1
19
