253
4
22
35
37
61
93
98
107
108
112
114
131
134
147
154
178
200
209
238
241
247
262
265
278
279
280
285
303
323
325
326
327
332
333
366
370
388
437
442
455
457
473
483
487
490
501
502
510
519
524
538
585
591
603
638
640
647
654
661
664
695
701
711
718
728
732
734
737
740
743
744
749
760
772
773
804
808
813
824
837
839
853
862
873
876
910
927
946
989
999
1005
1006
1007
1016
1031
1035
1040
1048
1050
1051
1053
1054
1065
1066
1069
1070
1071
1090
1099
1101
1105
1115
1127
1130
1136
1164
1172
1175
1178
1181
1187
1192
1196
1197
1204
1211
1236
1239
1263
1288
1302
1317
1318
1340
1343
1349
1360
1361
1367
1395
1410
1417
1422
1428
1430
1436
1441
1459
1474
1475
1500
1517
1523
1528
1537
1540
1551
1552
1584
1626
1629
1648
1657
1664
1667
1680
1682
1687
1711
1712
1730
1731
1749
1767
1775
1786
1800
1813
1824
1827
1831
1851
1852
1859
1869
1870
1879
1893
1894
1905
1912
1931
1946
1984
1996
2003
2011
2012
2019
2021
2042
2047
2056
2080
2081
2083
2087
2092
2102
2106
2112
2117
2121
2127
2128
2131
2133
2143
2160
2162
2177
2199
2209
2217
2218
2234
2241
2262
2266
2275
2291
2330
2383
2395
2400
2425
2439
2463
2491
2507
2515
2527
2534
2536
2543
2546
2548
2551
2562
2572
2578
2588
2615
161
12
77
31
4
112
125
45
94
153
68
110
151
62
127
59
18
61
66
156
9
107
137
87
92
37
133
5
143
109
42
64
73
56
149
78
88
13
49
123
138
91
118
132
146
157
71
43
60
99
160
0
79
124
52
15
54
35
22
147
111
57
117
141
21
33
96
140
25
23
46
106
150
58
129
53
32
8
154
139
44
155
16
144
75
30
158
67
47
97
136
1
20
28
41
115
36
86
14
128
72
40
76
74
119
84
7
159
39
69
103
142
3
83
17
81
95
122
152
105
29
65
63
10
130
70
2
131
26
126
48
11
38
51
80
102
89
113
145
101
134
34
90
108
104
27
19
135
114
82
24
121
55
120
100
6
98
148
93
50
85
116
