115
29
72
105
116
166
173
190
248
299
371
386
399
428
432
460
468
490
493
514
545
572
580
591
604
617
627
634
683
714
716
723
732
763
813
821
822
859
872
874
887
894
944
973
974
989
1008
1130
1147
1170
1183
1195
1241
1340
1342
1361
1410
1412
1418
1433
1457
1471
1478
1491
1543
1552
1555
1562
1609
1620
1622
1629
1638
1706
1712
1722
1739
1747
1767
1792
1807
1855
1866
1873
1908
1919
1927
1928
1947
1998
2058
2079
2111
2113
2114
2127
2129
2158
2213
2224
2228
2249
2291
2308
2309
2323
2330
2351
2358
2367
2372
2390
2421
2428
2429
2440
155
55
132
61
124
131
100
81
46
87
67
0
13
10
145
102
90
22
82
126
73
21
117
77
1
103
134
30
3
76
154
121
72
17
63
57
18
122
75
83
110
25
125
106
74
28
39
37
59
7
50
31
133
68
150
96
65
128
15
53
153
69
160
136
99
161
78
43
148
16
94
40
123
8
14
62
42
4
137
107
109
142
104
147
84
27
6
41
158
157
85
140
139
120
52
141
144
54
108
152
151
70
24
71
143
119
116
47
115
32
29
130
114
20
89
64
98
48
101
44
159
80
113
2
111
38
86
92
66
12
35
149
112
146
138
91
11
26
36
135
155
51
56
19
5
97
45
93
58
105
60
156
118
79
34
33
