267
31
32
38
42
45
46
48
61
68
74
83
101
105
106
115
122
124
130
136
139
143
151
165
172
181
191
192
214
225
228
236
240
250
265
276
280
284
291
297
299
306
317
341
349
352
366
413
415
416
421
430
432
433
441
455
460
467
470
479
494
515
516
532
554
568
581
589
595
610
613
620
627
628
645
668
672
677
678
679
687
734
737
742
743
755
756
764
787
792
804
815
838
840
844
865
873
879
888
920
928
940
942
950
971
986
991
998
999
1020
1050
1051
1064
1072
1083
1090
1109
1112
1119
1138
1142
1143
1159
1160
1165
1175
1176
1214
1233
1241
1247
1248
1250
1253
1268
1280
1291
1301
1312
1327
1332
1344
1357
1358
1375
1380
1388
1401
1412
1414
1418
1429
1432
1436
1446
1457
1471
1511
1512
1543
1557
1565
1566
1567
1580
1581
1597
1602
1607
1609
1615
1639
1645
1648
1652
1654
1673
1674
1684
1692
1711
1724
1725
1727
1729
1772
1776
1792
1817
1820
1826
1835
1848
1858
1877
1883
1896
1901
1906
1933
1936
1959
1967
1973
1986
1991
2035
2037
2039
2046
2066
2067
2070
2085
2088
2097
2098
2116
2118
2120
2122
2127
2179
2185
2192
2199
2207
2238
2239
2251
2269
2274
2287
2339
2348
2349
2358
2361
2371
2395
2420
2421
2429
2448
2449
2450
2457
2462
2480
2484
2491
2492
2497
2510
2519
2523
2528
2540
2542
2544
2547
2569
2573
2613
2615
2616
2617
2619
152
4
105
98
30
73
91
112
78
148
35
80
21
11
32
144
93
108
53
115
158
64
95
57
116
34
47
6
126
84
65
90
52
9
48
118
61
135
153
125
18
140
27
17
81
82
130
151
55
49
20
38
121
36
101
58
29
7
28
74
102
109
31
50
117
41
15
70
56
66
72
127
62
88
13
124
129
60
37
152
14
85
54
96
156
137
42
44
143
128
94
71
43
120
59
99
149
111
150
107
16
68
106
142
23
69
63
25
114
75
138
45
160
22
26
147
122
3
104
2
33
110
145
133
87
86
79
76
113
103
51
8
5
139
19
157
92
146
132
131
134
141
0
40
123
83
97
24
46
39
10
89
1
