686
5
7
9
11
15
16
17
18
19
21
22
23
25
26
28
32
33
34
35
36
37
38
39
40
44
45
47
48
49
50
51
52
55
57
58
59
60
62
64
65
66
67
68
70
71
72
75
79
80
82
83
84
85
86
89
90
91
92
96
97
98
99
101
102
103
104
105
106
108
109
111
112
113
114
115
116
117
118
119
120
121
122
123
125
126
128
129
134
136
139
142
143
144
146
147
150
153
154
157
158
159
160
161
162
163
164
165
166
167
169
170
172
173
174
176
177
179
180
181
183
185
188
190
191
192
193
195
196
197
198
199
200
201
202
203
204
206
207
210
211
214
216
217
218
221
222
223
224
225
226
227
230
231
234
235
236
237
238
239
241
243
244
245
246
247
249
250
251
252
256
257
260
261
263
264
265
267
269
271
272
273
275
276
277
278
279
280
281
282
283
284
285
286
290
291
292
293
296
298
299
300
301
302
304
305
307
310
311
312
313
314
315
318
320
321
322
323
324
325
326
327
329
330
331
333
334
335
336
337
338
340
341
342
343
344
347
348
349
352
353
354
355
356
357
361
363
364
365
368
371
373
375
376
378
379
380
381
383
386
387
388
389
391
392
395
397
398
399
400
402
409
410
411
416
417
418
419
420
422
423
424
425
426
430
433
434
435
437
440
441
442
443
444
446
447
448
449
451
454
456
457
459
460
461
463
464
467
471
472
473
474
476
477
480
482
485
487
489
490
491
493
496
497
498
501
503
507
508
509
510
511
514
515
516
518
521
522
524
525
526
528
529
530
531
532
533
534
535
537
539
542
543
547
548
550
551
552
554
556
558
560
563
564
565
571
573
575
577
579
581
584
586
587
589
590
592
594
595
596
597
598
602
603
605
608
609
610
611
613
614
615
616
618
620
622
623
624
626
627
628
629
630
631
633
634
635
636
640
641
642
644
645
646
647
648
649
651
653
655
658
659
661
662
663
665
667
668
670
673
674
676
677
678
680
682
683
685
686
687
688
690
692
693
694
696
703
704
707
708
709
710
712
713
715
717
718
719
722
723
724
725
728
729
730
731
733
735
737
739
740
742
743
745
748
749
751
754
755
757
758
761
764
765
766
767
768
769
770
771
772
773
774
775
776
778
780
781
782
784
785
786
787
788
791
792
794
796
797
800
802
803
807
810
813
815
816
817
820
821
822
824
826
827
828
830
831
832
833
834
837
839
841
845
848
850
851
853
854
855
859
860
861
862
864
865
866
867
872
873
874
875
879
880
884
885
886
889
890
891
892
894
896
898
899
900
902
903
904
905
906
907
908
912
915
918
919
920
921
922
923
928
929
930
931
932
933
939
940
941
942
945
947
948
952
956
957
958
959
961
964
965
966
968
972
977
978
980
982
984
985
986
987
988
989
990
991
992
993
995
996
997
999
1001
1004
1006
1008
1009
1010
1011
1017
1021
1023
1025
1029
1030
1031
1033
1034
1035
1036
1037
1038
1039
1040
1041
1042
1043
1045
1046
1047
1048
1050
1051
1052
1053
1054
1056
1058
1059
1060
1062
1063
1066
1067
1070
1071
1075
1077
1079
1080
1083
1084
1085
1086
1087
1088
1090
1091
1092
1093
1094
1096
1098
1101
1105
1107
83
71
85
28
72
80
29
2
58
12
69
77
30
20
67
81
84
11
31
66
0
26
18
52
24
59
41
8
37
10
22
86
60
78
63
79
13
43
36
40
73
62
23
15
45
64
9
74
87
19
75
32
55
25
6
44
65
46
17
3
38
68
33
5
61
14
70
54
16
50
27
47
76
48
4
53
7
1
42
56
35
49
51
83
