149
0
24
42
47
57
61
63
68
77
81
91
100
108
114
124
133
146
148
152
161
192
193
201
204
206
210
216
223
224
235
236
247
251
263
264
281
287
292
293
296
297
305
310
314
329
333
355
357
358
359
361
373
393
405
424
433
434
437
439
446
457
465
469
476
485
489
498
501
513
517
518
524
528
534
536
540
553
561
601
606
612
613
620
629
631
634
641
650
655
678
684
685
692
694
695
699
701
703
708
718
725
733
737
744
756
769
794
800
802
804
812
814
823
825
835
844
848
861
864
867
876
888
895
901
915
923
929
931
939
948
963
967
973
976
977
981
1002
1004
1018
1019
1025
1026
1041
1042
1060
1065
1069
1083
1085
76
73
15
12
47
11
23
64
43
79
72
53
29
20
69
76
36
45
24
16
37
35
83
40
58
68
71
3
78
75
48
77
51
80
4
31
82
21
54
19
65
26
27
63
10
67
9
28
84
33
2
8
13
70
6
18
17
87
74
85
66
61
41
50
7
59
25
5
86
14
56
62
49
81
22
1
32
