244
23
24
27
37
49
53
65
73
77
98
108
143
149
153
234
241
245
253
255
263
293
299
301
324
327
335
341
342
358
369
371
375
377
380
392
405
420
423
465
478
480
486
487
520
521
529
555
558
565
567
575
577
578
580
583
586
635
639
649
662
663
686
704
706
707
716
720
729
737
756
768
773
776
788
797
812
816
834
836
843
870
895
910
912
919
921
925
937
939
945
995
1000
1003
1011
1013
1030
1032
1056
1064
1065
1079
1081
1083
1088
1100
1117
1129
1143
1156
1169
1182
1185
1189
1244
1246
1247
1258
1266
1278
1320
1335
1371
1379
1381
1431
1433
1443
1446
1463
1477
1496
1512
1514
1515
1521
1531
1538
1540
1549
1555
1557
1559
1583
1597
1600
1604
1612
1617
1625
1631
1648
1661
1669
1693
1695
1697
1716
1722
1730
1742
1748
1749
1750
1759
1763
1773
1790
1793
1814
1821
1835
1853
1868
1869
1870
1886
1904
1907
1916
1917
1920
1923
1946
1947
1949
1958
1962
1967
1993
1998
2004
2023
2024
2097
2099
2101
2121
2128
2130
2151
2195
2207
2216
2218
2221
2222
2237
2239
2249
2252
2253
2261
2272
2290
2307
2332
2341
2349
2356
2360
2362
2369
2371
2372
2381
2385
2395
2403
2418
2469
2472
2476
2485
2490
2505
2518
2544
2557
2574
2600
2603
2607
2613
2624
160
38
149
40
1
106
70
147
145
17
11
110
87
31
15
135
16
107
89
82
22
125
104
42
146
7
140
54
113
57
105
24
151
150
76
53
72
21
127
61
118
19
80
67
158
90
30
121
12
83
28
35
77
23
86
132
93
10
14
6
117
122
94
8
131
137
48
2
126
55
108
133
102
119
63
78
50
9
111
115
136
143
62
128
68
129
39
142
156
56
109
45
71
91
96
29
144
134
0
73
81
88
159
60
160
41
79
27
120
139
64
123
157
18
69
46
32
155
92
103
154
20
52
112
34
152
43
116
3
44
95
148
97
47
13
66
153
114
58
124
4
25
141
36
74
130
51
49
33
59
75
98
84
138
26
37
101
5
85
99
65
