661
7
15
19
26
27
31
33
35
36
40
42
44
48
50
51
63
64
66
67
68
70
72
73
81
82
83
84
86
91
92
94
95
100
102
103
105
107
111
115
116
118
119
121
124
125
127
130
131
132
133
144
146
152
157
159
161
162
170
171
173
179
183
184
187
188
197
199
202
204
208
209
211
213
219
220
227
230
231
233
234
235
236
237
239
241
243
246
249
250
251
255
260
261
262
263
265
271
276
277
285
286
287
292
293
296
299
300
304
305
307
310
313
314
316
318
321
322
325
338
341
342
353
354
356
358
361
364
366
368
369
370
372
373
375
377
378
391
395
400
402
404
406
407
410
411
413
418
420
422
432
435
436
437
440
441
444
446
447
450
451
454
456
459
465
466
467
468
470
476
483
486
487
488
491
493
494
496
498
502
507
508
510
515
518
521
522
526
528
532
541
544
545
548
549
550
554
556
562
564
565
566
568
569
571
575
576
577
578
579
584
586
592
594
601
602
603
605
606
611
613
615
616
617
618
621
623
626
629
632
646
648
649
654
659
661
663
664
667
668
671
674
675
677
678
690
692
694
695
696
699
702
703
709
710
720
722
723
726
729
732
735
736
739
743
747
748
749
753
754
758
759
761
762
763
768
769
772
777
778
783
784
786
790
793
794
800
801
805
808
809
811
815
817
818
820
821
822
823
827
830
831
832
833
834
840
841
843
844
845
847
848
849
851
858
864
865
868
871
872
878
887
889
890
891
895
897
898
902
912
913
914
915
917
918
926
929
931
935
936
945
946
948
954
958
962
965
969
971
977
978
979
980
992
993
994
995
996
997
999
1000
1004
1005
1007
1015
1016
1017
1020
1027
1028
1033
1036
1038
1039
1044
1045
1047
1049
1053
1054
1055
1057
1059
1060
1063
1065
1066
1068
1069
1070
1076
1080
1082
1088
1089
1091
1093
1095
1101
1102
1106
1108
1111
1114
1120
1121
1122
1123
1124
1125
1126
1129
1131
1133
1143
1146
1151
1152
1153
1160
1168
1169
1172
1174
1176
1180
1181
1182
1183
1190
1191
1192
1195
1208
1217
1218
1222
1230
1233
1236
1239
1240
1241
1243
1244
1252
1253
1255
1256
1257
1261
1265
1268
1270
1274
1277
1278
1287
1288
1290
1292
1293
1295
1297
1298
1300
1302
1305
1306
1307
1308
1309
1310
1311
1312
1319
1324
1333
1334
1338
1350
1351
1353
1354
1355
1361
1365
1370
1386
1393
1398
1402
1404
1406
1410
1411
1412
1416
1417
1418
1424
1427
1429
1431
1434
1436
1439
1444
1450
1452
1458
1464
1465
1466
1468
1469
1470
1471
1472
1476
1478
1479
1480
1481
1482
1483
1485
1488
1493
1495
1500
1503
1504
1506
1508
1512
1516
1519
1520
1523
1524
1525
1528
1529
1533
1537
1538
1539
1548
1550
1553
1554
1555
1564
1568
1570
1571
1574
1576
1577
1578
1581
1583
1587
1588
1593
1594
1595
1596
1601
1602
1606
1607
1608
1612
1616
1617
1622
1623
1631
1633
1635
1636
1637
1640
1643
1644
1645
1647
1648
1650
1653
1656
1658
1660
1666
1668
1669
1670
1672
1676
1684
1685
1686
1691
1693
1697
1698
1701
1703
1704
1707
1709
1711
1712
1714
1718
1722
1724
1725
1727
1728
1731
1732
1733
1736
1737
1738
1739
1743
1744
1748
1758
1759
1760
1761
1767
1771
1782
1785
1787
1792
1793
1794
1796
1797
1798
1800
1801
1808
1812
1817
1818
1819
1823
1824
1826
1831
1833
1838
1839
1840
156
59
99
46
93
112
32
75
77
79
150
63
107
20
127
30
50
16
131
4
135
42
49
116
120
36
148
17
126
159
153
92
128
19
69
53
121
155
82
6
136
28
37
15
33
7
40
97
160
78
157
125
94
146
43
130
8
67
5
1
39
89
145
90
61
41
47
31
140
162
27
115
55
102
35
111
13
88
72
144
142
95
64
119
101
70
132
86
54
113
152
100
3
58
109
22
133
87
141
164
48
138
106
26
25
76
80
24
123
91
117
45
104
98
147
96
0
103
14
85
108
84
60
29
139
51
151
149
71
156
83
114
21
23
143
124
56
62
137
2
110
74
65
118
18
66
161
57
154
44
134
73
10
105
158
129
9
