120
66
78
103
112
174
228
265
307
308
368
386
407
409
412
421
422
452
455
476
480
485
494
520
549
576
611
653
728
738
740
777
781
783
792
798
805
833
835
842
857
859
861
864
913
931
946
967
975
985
1017
1045
1077
1151
1153
1175
1183
1186
1195
1209
1212
1224
1247
1253
1258
1289
1324
1342
1347
1362
1387
1390
1395
1397
1417
1429
1438
1440
1461
1575
1607
1625
1667
1684
1692
1718
1720
1810
1812
1835
1859
1881
1901
1916
1919
1949
1977
1983
2041
2046
2070
2072
2081
2119
2136
2139
2149
2179
2194
2209
2236
2258
2266
2267
2278
2303
2351
2354
2361
2382
2431
162
103
10
111
129
27
3
130
122
53
123
105
140
88
40
84
63
1
60
145
81
159
94
79
46
109
8
71
48
126
161
121
146
97
162
86
0
104
32
100
68
38
62
131
119
51
5
80
113
18
118
78
36
90
134
141
115
49
89
157
54
59
135
37
30
98
29
61
120
96
12
65
28
142
69
22
144
158
58
83
91
43
15
107
41
73
6
138
117
154
136
106
124
70
23
34
143
114
50
101
42
16
137
139
74
133
55
66
92
127
87
72
116
148
147
19
151
160
14
156
110
82
67
93
33
11
7
4
9
64
99
152
26
39
24
150
45
95
13
132
155
2
47
128
102
77
20
35
125
149
57
21
76
52
108
44
112
153
17
25
85
56
31
