140
55
72
126
154
185
190
205
229
232
252
273
279
282
301
316
342
354
364
370
374
377
397
406
413
419
428
439
442
446
460
466
468
493
509
529
544
547
552
554
557
569
625
632
670
681
684
700
720
738
741
780
827
828
836
875
890
897
962
980
993
1005
1017
1048
1083
1086
1186
1216
1225
1261
1266
1268
1291
1299
1300
1328
1334
1348
1401
1405
1426
1434
1455
1473
1478
1483
1487
1503
1520
1527
1537
1573
1599
1697
1704
1736
1765
1800
1802
1803
1821
1844
1850
1855
1867
1879
1898
1912
1926
1978
1987
1994
2014
2018
2030
2047
2052
2062
2129
2151
2156
2176
2180
2201
2215
2239
2250
2283
2302
2305
2327
2347
2383
2398
2407
2408
2410
2411
2420
2431
2446
159
1
84
80
25
76
113
143
126
154
72
8
55
44
27
43
50
115
40
91
64
146
131
59
79
162
34
87
19
123
151
127
39
132
139
67
51
130
122
118
11
157
108
135
109
96
26
35
13
33
53
89
0
77
82
71
81
18
73
31
104
69
32
140
93
99
116
152
46
15
28
54
86
149
106
2
147
145
107
21
155
61
12
3
97
156
119
92
4
90
20
102
142
6
150
83
101
5
98
7
129
29
37
68
110
62
70
9
16
88
125
10
117
137
38
63
144
57
22
121
111
30
100
74
95
52
159
17
23
47
138
94
24
65
41
128
148
136
56
42
105
45
134
141
58
66
103
14
78
48
112
161
133
60
120
75
160
49
153
158
