122
66
74
140
161
209
220
221
263
292
311
315
376
397
412
415
422
436
438
488
511
535
536
542
547
588
600
620
695
699
701
735
742
814
818
831
833
840
885
887
890
894
914
923
966
993
1009
1037
1051
1052
1053
1077
1105
1135
1153
1163
1204
1205
1248
1249
1258
1265
1335
1342
1395
1457
1492
1506
1521
1526
1549
1554
1637
1694
1695
1731
1784
1786
1807
1825
1843
1846
1868
1888
1897
1932
1945
1997
2006
2019
2029
2038
2043
2077
2095
2096
2128
2151
2169
2176
2182
2186
2194
2195
2196
2214
2225
2231
2237
2239
2244
2304
2317
2325
2330
2344
2349
2369
2375
2398
2422
2425
2432
163
77
92
37
57
120
20
70
119
104
109
84
118
100
75
49
97
147
102
125
26
8
139
59
44
3
157
29
50
61
87
124
133
155
80
130
110
47
99
7
31
113
78
122
18
136
144
73
140
141
121
149
65
48
85
160
21
34
126
67
154
64
6
116
86
5
90
45
33
68
158
89
74
42
23
46
39
143
142
16
83
24
108
138
137
32
38
52
107
101
152
63
79
66
27
40
36
132
105
153
69
91
22
145
115
54
159
17
127
103
14
146
0
15
25
76
35
11
51
161
81
28
41
150
95
114
72
53
134
13
111
123
19
96
56
106
71
112
4
9
12
62
82
148
43
156
98
55
151
60
128
135
162
2
117
94
58
10
131
129
1
30
93
88
