114
29
52
77
80
94
153
158
203
210
242
247
249
260
273
292
326
352
379
408
415
452
496
531
582
618
627
628
665
726
749
750
785
810
817
828
841
921
938
1014
1015
1045
1052
1066
1096
1107
1152
1195
1201
1202
1203
1247
1266
1312
1349
1364
1368
1401
1405
1420
1426
1447
1462
1469
1479
1496
1499
1531
1541
1546
1567
1591
1613
1618
1627
1631
1678
1704
1716
1718
1725
1761
1762
1774
1815
1827
1834
1886
1895
1941
1946
1955
1968
1979
1992
2042
2055
2103
2128
2155
2156
2167
2197
2207
2244
2255
2268
2284
2301
2316
2351
2365
2382
2423
2442
161
87
2
92
18
0
12
93
96
89
23
69
109
88
106
151
25
104
143
128
115
129
5
49
91
71
114
144
64
59
101
41
34
150
85
28
35
46
124
31
56
156
7
68
77
94
60
55
8
47
162
131
157
118
32
145
142
39
100
6
139
116
159
81
103
58
76
78
105
40
134
140
138
127
102
141
111
17
48
107
13
51
146
154
149
108
67
79
122
36
97
113
63
135
16
52
73
126
21
110
148
70
132
98
147
1
45
61
123
57
11
26
82
152
43
74
4
160
125
24
133
120
33
158
121
53
137
112
72
30
29
44
95
3
136
117
37
50
65
15
10
80
66
27
20
155
9
14
161
42
54
75
119
22
84
86
83
130
153
99
38
19
