80
16
22
24
37
52
63
76
92
103
127
172
180
185
207
220
231
233
245
267
305
311
341
355
394
475
555
600
665
670
687
698
746
762
794
820
823
847
869
893
905
906
931
969
990
1018
1022
1042
1066
1099
1109
1129
1140
1162
1173
1200
1204
1214
1233
1245
1254
1338
1457
1468
1473
1510
1613
1615
1623
1631
1649
1672
1678
1704
1724
1749
1753
1764
1778
1783
1790
123
40
126
91
50
79
144
77
44
162
45
101
142
33
6
128
110
98
43
31
125
134
65
139
7
62
145
119
122
10
30
104
95
17
22
48
71
82
155
157
0
97
18
105
88
67
163
76
54
13
159
73
121
74
12
141
57
70
108
94
75
130
151
59
133
161
84
149
42
19
131
150
90
114
106
164
55
89
136
46
120
138
9
96
129
61
24
143
83
102
66
80
112
38
56
60
115
92
156
34
41
35
51
58
4
29
154
117
111
99
123
78
86
53
2
103
148
113
64
124
27
11
47
68
