149
21
48
53
60
69
72
93
97
105
122
136
145
167
169
173
184
186
190
196
199
203
212
217
218
219
223
228
238
242
245
252
253
254
260
261
273
286
297
298
314
340
351
365
371
373
380
383
384
385
386
389
391
396
406
411
412
429
441
447
453
460
466
472
483
486
491
508
517
519
521
541
558
563
569
570
574
602
604
605
610
619
623
624
627
632
635
640
675
677
682
684
687
716
717
718
720
734
737
740
753
757
778
779
780
781
791
794
800
802
818
826
827
828
829
833
840
850
855
860
862
870
885
888
890
916
926
932
936
938
940
944
950
962
963
984
998
1001
1016
1026
1030
1038
1046
1047
1054
1067
1078
1080
1087
1104
74
77
48
2
7
63
26
74
21
13
51
45
72
69
24
18
37
36
4
50
82
40
56
53
65
59
3
29
16
49
76
86
27
58
46
38
17
9
87
39
10
75
31
41
30
25
42
35
80
64
11
84
73
44
28
71
78
15
43
55
61
1
66
34
85
83
47
23
20
14
52
62
19
5
81
