109
154
158
167
175
178
184
201
251
298
360
364
372
399
431
456
460
462
466
468
493
510
566
590
611
618
637
653
655
685
686
740
793
798
803
838
869
877
881
887
901
904
916
924
933
948
993
1034
1039
1054
1072
1117
1121
1143
1151
1188
1191
1192
1242
1261
1278
1282
1314
1320
1321
1363
1368
1399
1417
1419
1470
1510
1523
1526
1527
1549
1593
1616
1631
1644
1675
1690
1700
1708
1812
1820
1830
1835
1851
1859
1877
1918
1934
1946
1972
1994
2005
2139
2182
2220
2248
2291
2354
2362
2363
2374
2376
2382
2392
2407
155
104
66
58
0
134
40
117
16
131
31
153
80
36
34
142
130
129
19
158
124
4
30
18
11
121
38
128
3
85
44
83
51
143
75
116
90
27
28
110
54
140
155
160
48
149
98
115
100
94
101
108
112
106
69
59
86
22
148
122
57
1
68
65
147
151
82
136
49
96
39
77
45
64
144
14
12
55
156
157
89
79
138
154
63
2
84
78
10
93
46
67
162
26
161
92
72
74
71
145
13
8
7
43
97
118
135
132
109
99
61
41
6
88
107
102
62
119
111
60
113
141
76
42
17
53
20
29
37
150
24
159
15
52
56
133
73
87
123
21
9
35
5
47
114
33
95
120
32
81
137
146
50
126
70
125
