149
2
11
37
42
51
55
60
62
64
65
85
89
98
111
112
115
128
133
134
141
148
149
154
155
166
169
172
176
178
192
197
211
245
248
256
276
285
296
304
311
314
315
324
338
341
360
363
366
371
378
381
389
399
401
413
418
422
429
439
452
454
459
470
471
479
490
495
497
518
533
536
544
546
576
580
583
584
589
601
602
615
626
631
657
658
661
668
669
690
694
730
754
757
763
764
772
775
779
800
803
804
805
812
815
820
829
832
853
854
855
862
863
880
892
895
901
909
921
923
924
927
935
943
952
964
975
990
997
1002
1015
1018
1020
1021
1022
1028
1041
1042
1043
1053
1054
1058
1060
1062
1067
1070
1073
1084
1093
1105
75
66
52
19
37
18
61
38
35
3
60
7
28
25
39
44
5
6
78
17
64
47
73
9
36
84
82
15
68
14
24
10
0
69
79
23
54
46
50
58
20
72
31
85
63
53
65
8
71
87
4
55
80
48
56
49
41
11
33
76
45
42
27
77
62
32
86
1
81
74
34
16
51
30
13
2
