686
5
6
8
9
10
11
14
16
17
18
19
22
24
25
29
30
32
33
34
35
37
40
41
42
43
44
45
48
49
51
52
53
54
56
57
58
59
60
61
63
69
71
72
73
74
75
76
78
80
81
84
88
90
92
94
96
97
98
99
100
101
102
104
105
106
107
108
111
112
114
115
119
120
121
122
126
127
130
133
136
137
138
139
140
141
142
143
144
145
146
150
152
153
156
158
159
164
165
166
167
168
170
171
172
173
174
175
178
179
180
182
183
184
190
191
192
194
195
198
199
201
204
205
208
209
210
211
212
214
215
217
218
219
220
221
222
223
225
226
228
230
231
233
234
237
239
240
241
244
246
247
248
250
252
253
254
255
256
260
261
263
264
267
268
269
270
272
273
274
275
278
279
280
281
282
284
285
286
292
293
295
298
300
301
302
303
304
305
306
307
308
309
310
313
314
315
316
317
318
319
320
322
325
326
328
329
330
333
334
335
336
339
340
341
343
344
345
353
354
356
358
359
360
364
367
370
372
373
376
378
379
380
381
382
383
384
387
389
390
392
393
397
398
399
400
402
403
405
406
407
410
411
412
414
415
416
417
418
422
423
425
426
427
428
429
430
431
432
433
434
435
436
438
439
440
444
446
450
452
454
455
456
459
461
462
464
466
467
468
469
470
471
473
474
475
477
479
481
483
485
486
487
489
490
492
493
494
497
498
499
500
503
505
506
507
508
509
511
512
513
514
515
518
519
520
521
522
523
524
525
526
527
529
530
531
532
534
537
538
539
540
542
543
545
546
548
549
550
551
553
556
557
558
561
562
563
564
565
566
567
568
569
570
572
574
577
579
580
583
584
587
588
589
594
597
600
601
606
607
608
609
611
612
613
614
615
617
619
620
621
622
623
625
626
627
628
630
631
632
636
637
638
639
640
641
644
645
646
647
648
649
651
656
658
659
661
662
663
664
665
666
668
669
671
672
674
675
676
678
680
683
684
685
686
687
689
691
692
693
694
697
700
701
702
703
704
706
708
710
713
714
715
716
717
718
720
721
722
725
726
728
729
730
733
736
737
738
739
740
744
748
749
751
752
755
756
758
759
760
761
762
765
766
767
769
770
771
772
773
776
779
780
781
783
784
785
788
789
790
791
792
795
796
798
800
801
802
803
804
805
806
807
808
810
811
815
816
817
819
820
821
824
825
826
827
829
830
831
832
837
839
841
842
843
847
848
849
850
851
852
853
854
857
860
861
862
863
864
865
867
868
872
874
875
876
878
880
881
885
886
887
889
890
891
892
893
896
897
904
905
906
908
910
912
914
918
920
922
923
924
925
927
929
934
935
936
938
939
945
947
948
951
952
953
954
955
956
958
959
963
964
965
967
968
969
970
971
972
973
974
979
980
982
983
984
988
991
992
994
995
996
999
1000
1002
1004
1005
1007
1009
1010
1013
1014
1015
1016
1017
1019
1020
1023
1024
1025
1026
1028
1029
1033
1034
1036
1038
1042
1043
1044
1045
1046
1047
1048
1049
1050
1054
1056
1057
1058
1059
1060
1065
1066
1067
1068
1069
1071
1073
1076
1077
1080
1081
1082
1083
1085
1086
1088
1091
1092
1093
1095
1101
1103
1104
1105
1106
83
55
73
3
79
80
65
59
51
32
4
82
25
23
44
83
50
74
85
81
21
72
69
30
68
46
15
28
27
38
78
14
64
22
26
37
2
20
84
35
18
61
53
16
6
36
56
19
11
60
75
43
29
17
47
33
42
49
24
40
41
57
76
13
62
7
87
12
0
45
67
10
8
48
52
54
71
58
5
9
31
63
1
77
