126
12
54
71
81
94
119
138
160
180
200
201
209
210
220
286
308
334
335
354
357
361
363
367
411
413
466
476
480
497
516
539
562
568
602
606
654
679
701
703
719
782
793
795
804
830
842
849
871
872
879
882
893
894
901
903
913
954
957
995
1030
1048
1079
1083
1087
1099
1124
1151
1163
1206
1209
1221
1230
1267
1284
1286
1315
1316
1320
1356
1365
1403
1412
1440
1495
1510
1522
1531
1579
1588
1594
1661
1675
1687
1717
1735
1754
1762
1772
1787
1796
1825
1842
1847
1851
1869
1894
1905
1939
1984
1995
2014
2019
2030
2035
2067
2106
2141
2142
2150
2304
2312
2323
2332
2367
2414
2435
161
116
107
120
48
133
74
114
147
53
159
73
3
57
21
100
2
162
69
44
96
6
40
118
17
125
78
143
87
161
158
45
81
104
80
106
111
26
131
109
101
7
98
86
94
61
12
97
20
138
122
152
119
137
13
85
149
136
83
67
134
146
75
153
8
123
68
77
84
63
115
24
142
103
105
91
135
35
130
92
27
124
62
110
32
11
39
89
38
43
140
64
18
58
117
50
148
82
9
65
112
23
141
129
90
0
52
41
56
60
150
22
79
157
30
88
76
33
51
126
151
93
47
37
5
55
128
72
145
16
71
156
113
29
1
127
15
160
59
155
54
102
36
34
144
108
14
154
70
66
25
28
10
132
4
42
19
139
31
99
46
121
