255
14
31
52
71
79
93
97
103
105
108
112
116
135
151
163
176
183
197
234
262
287
304
308
313
316
321
335
367
382
392
407
413
424
428
431
436
446
469
529
531
534
539
542
552
556
564
573
589
591
597
600
608
611
623
627
629
639
640
644
653
684
687
706
708
717
726
727
731
738
749
763
774
785
789
804
820
822
842
843
853
858
902
904
924
959
977
999
1002
1003
1008
1010
1014
1021
1023
1025
1028
1031
1051
1053
1056
1072
1079
1095
1101
1107
1112
1117
1119
1126
1147
1152
1172
1176
1177
1179
1181
1185
1187
1190
1216
1224
1230
1233
1250
1281
1290
1294
1313
1316
1321
1330
1332
1354
1360
1364
1374
1390
1402
1409
1417
1418
1419
1428
1431
1441
1443
1448
1450
1463
1467
1483
1500
1510
1519
1524
1530
1542
1567
1604
1611
1614
1624
1636
1640
1642
1654
1657
1662
1663
1669
1678
1695
1696
1713
1715
1723
1731
1740
1746
1758
1759
1769
1770
1782
1788
1808
1811
1822
1839
1845
1849
1861
1862
1876
1882
1887
1897
1898
1901
1928
1960
1969
1972
1977
1988
1999
2063
2078
2092
2093
2094
2096
2099
2101
2104
2115
2121
2163
2178
2182
2190
2197
2203
2226
2261
2268
2284
2297
2321
2332
2334
2346
2375
2376
2379
2383
2401
2428
2443
2463
2493
2495
2496
2504
2516
2518
2525
2532
2559
2576
2582
2593
2604
2610
2613
157
11
82
149
17
1
54
24
153
90
37
116
73
138
129
74
84
148
150
43
122
64
157
154
136
34
151
109
51
10
7
31
12
106
118
78
146
26
128
8
96
117
110
28
56
45
145
35
86
62
105
132
158
121
124
134
44
32
22
25
65
95
120
91
48
55
147
5
111
115
85
23
57
92
68
70
59
159
89
61
113
123
93
36
130
9
125
79
67
46
112
50
80
100
81
160
103
98
6
152
140
30
102
114
40
104
33
94
142
75
141
88
97
16
156
0
47
60
69
4
137
77
133
101
99
127
52
58
49
66
13
143
72
29
63
53
108
71
155
42
119
20
83
135
21
2
87
131
14
39
18
144
3
76
107
27
19
126
