111
4
95
116
125
135
144
145
151
160
167
174
189
213
219
245
263
267
312
324
339
340
350
358
367
406
421
442
445
460
504
533
609
623
642
670
711
712
771
809
845
851
856
858
884
901
923
925
937
974
992
1011
1044
1050
1061
1121
1163
1173
1184
1188
1196
1228
1262
1284
1313
1399
1411
1448
1469
1494
1501
1531
1537
1543
1548
1558
1606
1627
1648
1680
1700
1754
1769
1778
1783
1798
1815
1843
1886
1913
1939
1947
1976
2039
2045
2102
2104
2166
2177
2180
2181
2224
2252
2282
2319
2335
2337
2361
2365
2373
2395
2425
151
103
16
72
157
62
134
26
145
89
15
48
74
146
41
107
162
32
132
84
4
22
13
109
94
115
71
25
155
0
7
104
98
59
45
18
34
106
46
95
79
77
110
36
80
124
160
11
128
117
75
118
27
24
43
12
14
8
54
39
70
97
38
148
131
141
154
112
61
69
76
2
147
29
33
83
31
125
86
99
40
42
135
88
30
161
37
101
57
81
55
111
19
82
3
149
44
140
5
35
23
156
143
10
58
67
68
121
123
51
49
114
113
144
64
137
102
136
130
6
96
1
120
53
47
158
138
119
63
150
66
52
139
91
73
126
20
108
122
78
60
17
50
133
159
56
142
65
85
9
151
153
