130
55
137
143
155
160
193
208
221
254
287
307
319
383
387
417
421
454
460
469
506
534
545
552
575
577
591
595
598
601
620
638
644
648
657
716
755
758
796
856
874
882
889
892
894
903
924
925
972
1024
1101
1123
1158
1177
1178
1181
1207
1211
1221
1252
1282
1287
1295
1371
1397
1403
1417
1432
1449
1545
1552
1556
1573
1625
1655
1667
1685
1696
1698
1712
1718
1722
1750
1774
1789
1811
1814
1830
1835
1855
1890
1898
1911
1914
1946
1956
1966
2002
2011
2013
2018
2033
2036
2053
2058
2060
2067
2073
2083
2084
2087
2109
2111
2179
2184
2201
2229
2247
2251
2296
2304
2309
2334
2336
2351
2367
2374
2376
2383
2392
2424
161
138
23
61
6
0
37
142
33
56
5
57
70
162
47
147
2
89
64
128
34
107
75
88
124
156
35
15
66
32
50
95
44
100
111
21
76
121
28
116
38
132
4
97
1
7
73
27
53
106
13
151
8
122
55
86
130
58
126
103
26
30
133
46
20
81
157
113
69
71
127
52
82
48
85
161
12
149
92
155
3
84
102
118
10
43
108
51
131
45
59
49
141
123
105
129
67
104
150
90
146
145
101
11
19
98
31
78
41
148
125
25
140
54
17
135
110
87
36
96
62
117
153
83
79
119
144
139
159
93
134
65
68
99
63
42
109
80
152
115
94
22
18
74
29
77
158
136
9
91
14
143
60
39
114
40
160
72
112
24
137
16
