686
5
8
9
10
11
13
14
15
16
17
19
20
21
23
25
26
27
28
31
32
33
35
36
39
40
41
42
43
44
45
46
47
48
49
51
52
53
54
55
57
59
60
63
67
70
73
74
75
77
78
80
81
84
86
87
88
91
92
93
94
96
100
101
102
104
105
107
108
109
110
111
112
113
114
115
116
117
118
119
120
121
122
125
126
128
131
136
137
139
141
143
144
145
146
150
151
152
154
155
156
158
159
160
163
167
168
169
170
171
172
174
175
176
178
179
180
181
186
187
188
189
190
192
193
195
196
197
199
200
203
204
205
206
207
211
213
219
220
222
224
225
226
227
228
230
231
232
233
234
235
236
239
240
241
242
243
246
248
250
252
253
254
255
256
257
259
260
261
262
264
266
268
269
272
274
275
276
277
278
279
281
282
283
284
285
287
288
289
291
293
294
296
297
298
303
304
305
306
308
309
310
312
314
315
317
318
320
322
324
325
329
330
332
334
336
337
338
339
340
342
343
346
347
349
351
352
354
356
359
362
363
364
365
368
370
371
372
375
377
378
379
382
383
386
387
388
390
391
392
393
394
395
396
397
398
399
401
402
404
406
407
410
411
412
413
418
420
422
423
424
426
427
429
433
435
437
438
441
446
447
450
451
452
453
457
458
461
463
464
465
466
467
468
469
470
471
474
476
477
478
479
480
482
483
485
486
488
489
490
491
492
493
494
496
500
501
503
508
509
510
512
513
516
518
519
520
521
524
525
527
529
530
531
533
534
535
536
539
540
541
542
543
544
545
549
550
551
553
554
557
558
560
562
566
567
568
570
571
573
575
577
578
580
585
586
590
592
593
596
599
600
605
606
607
611
612
613
614
615
617
618
619
620
621
622
623
625
630
632
633
634
635
637
638
639
640
641
642
643
647
648
649
650
652
653
654
656
659
661
662
664
665
669
670
671
672
673
675
677
678
679
680
681
683
689
690
691
697
698
699
700
701
704
706
707
710
711
712
714
715
720
721
722
723
725
728
729
730
731
732
733
735
737
738
739
740
741
743
745
748
750
755
757
758
759
760
761
762
764
767
773
775
777
779
780
781
782
783
784
786
788
789
790
791
794
795
796
797
798
799
802
803
806
809
811
812
815
816
817
818
819
821
822
823
824
826
827
832
833
834
835
837
838
839
841
842
843
844
845
848
850
851
853
856
857
858
859
860
861
862
863
864
868
869
870
871
872
874
875
876
877
879
880
883
885
886
887
889
890
891
892
894
897
898
900
901
902
903
905
906
908
909
912
913
917
919
925
926
932
933
934
936
937
938
939
940
941
942
943
944
945
946
949
950
952
953
956
957
958
961
963
964
966
967
968
971
973
975
976
977
981
983
984
985
986
988
989
990
991
992
995
996
997
999
1000
1001
1002
1003
1004
1005
1006
1007
1009
1010
1011
1013
1016
1017
1018
1019
1021
1022
1023
1025
1027
1029
1030
1032
1034
1035
1036
1040
1041
1042
1043
1044
1045
1048
1053
1054
1055
1057
1058
1060
1061
1062
1063
1064
1065
1066
1067
1068
1072
1073
1075
1077
1079
1080
1081
1082
1083
1084
1088
1089
1092
1094
1095
1096
1097
1099
1101
1102
1103
1104
1105
1107
83
10
24
15
14
46
17
74
73
47
31
71
28
36
11
61
40
8
32
68
38
4
35
80
86
5
49
7
48
62
76
54
29
59
56
45
51
84
0
67
66
82
77
18
23
9
52
87
41
83
60
13
69
37
55
12
65
72
27
22
21
16
6
1
53
2
81
58
50
79
64
3
44
57
43
39
42
26
20
63
85
33
19
78
