255
21
22
30
59
62
76
77
85
98
104
106
108
120
130
132
148
162
164
166
170
178
179
186
188
189
223
229
231
238
248
260
270
292
307
314
321
339
343
359
369
375
377
383
387
394
425
449
464
470
471
481
483
494
500
509
516
539
588
599
608
618
635
642
680
704
712
715
722
723
725
727
730
733
749
754
781
783
790
798
801
812
818
826
828
855
859
861
862
870
898
945
961
972
976
983
996
998
1005
1011
1017
1023
1033
1037
1047
1060
1066
1068
1072
1085
1101
1108
1120
1148
1159
1164
1167
1172
1173
1182
1218
1222
1234
1241
1256
1258
1262
1307
1308
1309
1326
1357
1374
1389
1391
1395
1404
1416
1420
1431
1434
1442
1443
1468
1478
1491
1503
1514
1523
1538
1557
1571
1576
1579
1583
1599
1614
1620
1642
1644
1648
1656
1667
1682
1686
1693
1708
1723
1724
1728
1738
1783
1813
1814
1826
1828
1832
1847
1852
1859
1865
1883
1885
1900
1932
1935
1938
1942
1950
1953
1966
1973
1974
1993
1999
2003
2013
2016
2034
2035
2036
2041
2063
2074
2100
2104
2106
2119
2120
2143
2161
2162
2167
2180
2190
2204
2210
2215
2216
2234
2242
2254
2265
2268
2269
2285
2289
2310
2311
2326
2348
2351
2371
2376
2380
2393
2413
2431
2455
2461
2463
2468
2470
2487
2494
2495
2497
2507
2584
2587
2600
2609
2615
2619
2621
2624
154
123
69
23
24
159
7
62
80
140
106
158
1
115
131
54
11
60
59
19
35
109
142
85
34
70
25
2
71
145
52
30
10
43
104
155
149
136
146
127
133
118
74
87
148
39
81
50
88
135
117
58
18
4
66
51
137
27
21
72
97
68
41
84
38
79
132
122
44
107
113
32
63
144
124
31
0
28
112
42
86
57
152
29
8
94
45
20
105
89
120
143
126
14
156
125
17
153
61
111
96
157
48
98
83
154
73
16
103
151
64
93
56
77
47
129
13
100
37
82
33
5
141
40
49
95
22
15
36
55
75
110
46
147
65
121
116
92
67
90
12
53
76
6
108
78
139
9
150
101
26
99
119
128
134
