149
9
29
31
33
42
49
56
63
84
88
101
113
117
118
128
131
137
173
175
178
180
189
227
228
245
248
255
279
297
303
310
313
316
321
331
336
337
344
345
350
360
372
389
393
395
400
417
418
421
423
424
427
436
443
449
453
454
467
498
513
530
538
541
549
556
559
565
598
611
613
618
627
631
633
641
673
687
688
693
699
706
707
710
717
725
727
730
736
741
748
751
754
759
761
766
771
781
782
786
791
792
798
803
804
807
815
822
826
833
834
837
844
853
864
869
871
907
911
914
921
925
952
953
954
955
961
964
970
974
986
990
1001
1013
1014
1028
1031
1034
1036
1038
1040
1042
1044
1045
1060
1066
1086
1090
1093
1106
77
70
77
58
80
1
45
84
41
25
67
28
42
20
85
69
33
47
66
83
34
51
78
10
82
44
15
54
48
43
60
31
4
40
57
3
14
46
79
61
50
38
81
5
18
35
37
13
52
12
24
59
62
6
22
23
29
27
2
76
68
16
74
9
64
21
19
87
30
65
73
72
63
49
11
7
36
53
