149
14
17
27
50
61
63
72
73
89
90
99
104
108
124
128
132
144
147
149
170
176
184
191
193
211
222
224
248
260
279
287
292
305
323
325
330
334
340
341
358
359
371
373
378
382
387
390
391
392
398
408
409
417
421
423
432
449
456
458
468
471
479
481
483
485
504
508
521
529
532
534
536
577
582
587
592
593
600
626
630
637
638
647
674
685
689
694
696
701
704
705
711
714
730
731
732
736
738
741
743
744
751
754
758
781
783
798
807
816
836
854
855
860
865
867
871
878
901
913
916
918
935
936
946
949
955
957
963
966
975
978
979
982
1024
1036
1041
1044
1047
1052
1061
1083
1085
1086
1093
1096
1097
1098
1105
1107
73
26
35
47
49
3
20
21
51
31
69
42
54
33
71
50
38
27
75
43
13
24
6
48
4
76
60
73
23
32
40
17
7
81
34
30
59
74
46
36
82
84
77
9
29
78
22
11
45
39
19
57
79
53
41
67
80
83
85
56
61
16
15
37
87
2
86
1
8
62
63
28
64
14
