60
215
284
285
297
304
354
361
384
387
435
562
639
652
654
657
670
707
734
747
778
811
832
837
840
844
908
921
928
936
965
1010
1022
1095
1099
1172
1193
1198
1202
1217
1272
1300
1338
1359
1396
1412
1417
1460
1478
1590
1597
1644
1671
1674
1706
1712
1740
1752
1754
1796
1830
125
36
93
128
22
35
56
79
162
106
27
120
42
18
94
124
51
39
43
70
40
16
46
44
157
150
158
110
37
68
78
50
63
75
30
113
97
4
32
107
122
9
123
101
61
66
2
111
6
19
95
3
47
142
33
163
139
45
141
136
104
92
117
1
26
48
100
64
81
133
11
129
23
49
76
126
59
0
151
121
13
91
65
137
86
62
41
85
72
96
29
148
57
38
99
20
14
52
153
7
60
125
87
160
24
71
144
28
67
88
69
5
58
15
134
80
12
145
146
143
73
159
127
8
155
84
