60
41
47
55
70
87
113
117
167
217
244
254
281
293
318
319
337
379
416
417
446
448
522
530
559
562
563
732
749
772
822
840
868
885
951
984
1016
1028
1038
1053
1073
1097
1130
1140
1195
1231
1281
1343
1474
1555
1570
1581
1586
1590
1592
1629
1641
1650
1785
1793
1807
110
47
55
164
80
73
138
109
63
112
27
88
107
77
72
142
69
108
0
148
19
101
59
156
36
74
11
161
110
5
97
20
35
157
134
13
121
17
41
90
129
54
62
16
96
64
42
76
4
152
23
103
44
28
84
49
70
95
99
18
160
145
39
89
10
33
68
60
1
22
53
154
130
117
58
45
113
143
86
38
163
114
104
146
118
141
115
75
153
119
9
140
48
116
102
144
106
43
61
125
139
37
162
15
46
81
150
123
57
149
159
