107
1
4
9
58
89
216
218
239
248
251
278
291
345
375
383
391
433
435
453
458
478
482
505
537
585
597
605
615
649
749
755
842
893
946
953
954
963
987
990
1053
1065
1101
1203
1207
1223
1226
1242
1337
1346
1402
1403
1409
1412
1434
1437
1460
1485
1488
1491
1502
1506
1573
1582
1611
1618
1659
1668
1683
1691
1709
1718
1729
1732
1818
1870
1886
1901
1934
1992
2000
2010
2013
2026
2048
2051
2079
2088
2101
2114
2118
2147
2149
2159
2164
2168
2214
2237
2253
2257
2264
2297
2350
2366
2368
2408
2412
2446
162
44
52
154
86
58
160
137
111
90
12
96
119
105
103
70
147
101
3
84
161
6
18
15
121
65
159
26
76
99
42
19
115
124
50
28
144
13
118
82
132
69
66
94
81
1
131
73
27
17
61
60
108
135
47
72
97
31
126
64
155
16
22
112
116
8
107
158
110
143
71
141
37
36
34
33
95
11
35
23
151
30
9
67
133
48
78
79
2
145
102
117
109
146
56
125
156
136
142
20
152
114
53
25
120
21
10
62
83
127
89
130
32
43
57
51
122
74
92
77
128
68
24
106
88
59
5
38
46
140
129
113
29
157
149
40
54
80
153
123
100
14
87
138
7
41
139
45
98
93
148
75
91
134
63
0
39
85
4
150
49
104
162
