148
72
81
82
83
90
112
135
159
169
246
292
299
313
321
330
334
338
354
382
400
413
423
456
460
519
523
525
537
606
622
679
684
762
782
818
832
838
842
846
872
889
899
916
932
939
971
1005
1009
1010
1017
1023
1049
1067
1096
1132
1148
1170
1202
1216
1262
1266
1314
1333
1341
1363
1379
1385
1386
1398
1415
1455
1477
1490
1492
1528
1531
1539
1543
1546
1549
1564
1587
1606
1612
1650
1664
1678
1702
1727
1741
1743
1754
1757
1792
1800
1839
1843
1853
1862
1875
1894
1930
1958
1972
1975
1984
1992
1997
2016
2029
2036
2067
2073
2075
2077
2081
2082
2085
2100
2116
2119
2124
2137
2178
2197
2203
2224
2229
2232
2257
2262
2275
2296
2337
2341
2347
2373
2378
2398
2401
2403
2404
2412
2413
2424
2427
2443
2446
155
12
28
121
10
139
128
11
1
67
47
62
140
120
150
104
78
34
157
148
49
57
64
154
149
152
96
24
86
40
123
82
143
80
41
5
142
76
32
119
8
103
14
42
97
71
50
89
161
31
135
84
53
29
156
93
136
56
37
108
160
100
0
19
21
55
4
111
122
147
69
87
130
132
30
131
44
72
63
46
22
98
99
73
134
107
162
145
66
75
153
16
13
54
20
79
91
90
102
51
68
105
59
146
115
58
83
77
118
109
9
60
17
45
48
129
2
95
43
18
124
38
144
117
81
52
94
27
127
39
138
133
113
6
101
7
70
33
15
65
110
158
141
151
36
159
74
26
137
61
125
88
92
3
155
112
