124
85
95
104
107
110
135
139
145
192
198
209
223
269
282
294
296
359
409
460
486
497
525
646
665
686
717
723
750
765
767
780
796
801
814
831
870
873
880
883
919
925
927
966
998
1001
1004
1016
1050
1055
1080
1101
1112
1155
1162
1180
1200
1204
1206
1213
1241
1262
1276
1298
1362
1370
1432
1445
1450
1451
1460
1471
1476
1495
1501
1504
1521
1525
1533
1537
1556
1560
1572
1590
1608
1616
1624
1664
1669
1673
1696
1706
1745
1772
1795
1837
1846
1854
1861
1876
1883
1906
1937
1970
1998
2004
2005
2021
2045
2126
2131
2140
2173
2187
2242
2302
2306
2315
2352
2384
2391
2397
2415
2418
2436
147
46
130
34
48
52
134
161
117
115
32
33
110
83
13
45
142
151
70
129
87
20
154
60
135
97
89
11
94
21
29
2
10
72
126
119
162
98
8
51
15
27
149
121
96
42
155
59
0
57
158
99
74
138
85
67
28
79
55
140
75
102
133
17
9
106
56
147
65
6
146
69
76
112
1
88
156
143
5
71
159
118
153
73
50
122
82
128
47
145
63
132
157
25
54
101
23
80
152
150
41
113
116
144
123
86
4
131
104
62
7
91
125
66
105
100
92
160
124
3
111
39
139
95
49
77
58
108
61
53
30
37
137
19
136
127
107
141
120
43
109
24
90
14
81
18
84
148
