258
3
8
14
21
24
25
28
43
46
91
95
101
102
112
114
126
129
151
174
180
186
195
213
216
218
220
223
226
239
244
256
278
285
286
296
318
363
367
368
369
370
371
379
404
423
429
443
444
465
503
513
518
522
529
534
538
549
571
580
599
622
643
696
702
705
706
720
722
733
734
757
766
795
798
830
836
840
841
853
857
873
876
890
899
904
914
929
931
936
986
992
1011
1023
1027
1044
1047
1068
1072
1090
1094
1101
1103
1123
1130
1142
1178
1181
1190
1200
1206
1208
1212
1235
1244
1246
1275
1289
1290
1294
1295
1322
1323
1327
1328
1338
1341
1365
1366
1367
1376
1394
1396
1401
1412
1426
1427
1445
1455
1458
1466
1467
1473
1505
1507
1508
1531
1532
1540
1564
1575
1582
1584
1592
1610
1612
1622
1633
1648
1656
1663
1674
1677
1680
1681
1682
1683
1714
1730
1742
1756
1760
1770
1773
1774
1786
1805
1807
1810
1820
1825
1843
1845
1866
1869
1887
1890
1909
1924
1925
1929
1934
1945
1948
1954
1957
1980
1997
2003
2014
2016
2023
2031
2061
2074
2079
2080
2084
2088
2092
2109
2120
2121
2123
2125
2127
2128
2143
2160
2179
2193
2196
2208
2217
2222
2243
2257
2277
2280
2288
2304
2314
2318
2327
2340
2342
2351
2371
2373
2397
2410
2433
2448
2455
2462
2481
2492
2493
2496
2510
2533
2541
2542
2559
2560
2574
2587
2595
2600
161
96
79
66
77
13
27
97
129
0
17
20
124
112
84
122
5
14
119
56
43
34
51
60
144
150
100
85
2
154
67
155
120
80
26
81
6
88
71
32
83
92
132
72
148
8
3
131
109
141
118
107
103
40
39
36
10
105
12
35
123
18
106
48
121
147
125
1
52
135
128
30
157
74
62
152
78
82
25
47
94
46
101
23
4
42
127
149
50
133
143
116
55
136
28
68
86
158
104
16
76
69
139
114
24
115
145
22
117
21
110
49
59
64
57
11
75
113
160
159
93
29
44
142
37
15
126
102
146
153
130
91
33
95
156
140
63
19
137
41
98
87
61
138
38
90
99
65
73
31
53
151
70
89
7
111
134
108
9
54
58
45
