655
13
16
17
18
19
20
21
23
25
27
28
30
33
37
38
41
44
47
50
51
52
53
55
60
63
64
65
67
69
71
74
81
84
93
95
97
101
103
104
107
109
110
111
112
118
119
121
124
125
126
127
130
131
134
136
139
140
143
144
145
148
154
156
157
159
160
161
163
166
168
170
171
172
174
177
183
186
190
191
192
195
197
201
204
210
213
215
216
220
222
225
228
229
231
236
240
242
243
245
247
252
253
259
261
266
269
277
282
284
285
297
304
305
309
310
312
315
318
320
321
322
327
331
334
336
341
343
344
347
348
349
351
355
356
363
366
370
372
375
376
377
379
382
384
386
387
390
392
398
399
400
401
402
403
405
407
412
413
415
424
425
426
430
431
432
434
436
440
443
446
452
454
456
457
461
465
468
469
472
473
474
478
481
482
483
484
485
486
491
492
493
497
498
505
506
508
509
510
512
517
519
521
526
527
529
534
539
540
541
542
550
558
562
563
572
575
576
583
585
588
591
593
596
597
599
600
602
605
612
621
625
637
641
643
644
645
646
648
655
659
660
665
669
672
676
677
678
681
683
687
688
689
691
692
694
696
703
708
710
713
714
716
717
718
721
723
729
735
738
739
742
743
744
746
748
751
756
757
758
759
760
764
766
769
770
771
773
777
778
779
780
783
784
790
792
796
802
803
806
807
808
809
811
815
819
821
825
833
834
835
840
842
845
848
850
852
853
856
861
862
867
868
871
876
877
880
883
893
894
896
899
903
904
906
908
909
911
913
915
917
918
922
923
928
929
931
933
934
938
942
951
953
955
958
960
962
963
972
979
983
990
991
992
993
994
997
998
999
1000
1001
1007
1011
1012
1014
1015
1016
1022
1027
1029
1031
1033
1036
1040
1041
1046
1049
1050
1051
1054
1057
1060
1064
1067
1068
1069
1072
1078
1083
1087
1089
1092
1096
1101
1102
1107
1108
1113
1115
1116
1120
1125
1126
1129
1132
1136
1137
1144
1147
1153
1164
1166
1170
1171
1172
1173
1174
1175
1178
1180
1181
1183
1184
1187
1189
1193
1194
1195
1197
1198
1199
1200
1201
1202
1206
1207
1209
1216
1220
1221
1222
1227
1229
1231
1233
1236
1240
1245
1246
1249
1252
1254
1258
1262
1265
1266
1268
1271
1272
1273
1274
1275
1276
1277
1280
1283
1286
1288
1292
1296
1299
1304
1311
1314
1316
1317
1318
1321
1323
1325
1327
1332
1333
1336
1338
1345
1349
1351
1352
1353
1354
1361
1367
1370
1372
1373
1379
1380
1381
1384
1386
1389
1390
1391
1393
1399
1400
1403
1407
1410
1413
1417
1422
1431
1437
1438
1443
1445
1448
1452
1453
1457
1458
1466
1469
1472
1480
1483
1484
1486
1487
1488
1489
1491
1494
1495
1496
1498
1502
1505
1506
1511
1513
1519
1520
1521
1525
1527
1528
1530
1535
1536
1538
1542
1543
1544
1546
1547
1552
1560
1576
1577
1580
1588
1589
1591
1595
1596
1602
1603
1605
1608
1615
1617
1620
1621
1625
1626
1627
1628
1636
1640
1643
1644
1645
1647
1648
1649
1652
1655
1656
1661
1662
1665
1666
1667
1671
1673
1677
1679
1682
1685
1686
1687
1688
1693
1698
1700
1702
1704
1709
1711
1714
1719
1724
1725
1733
1740
1741
1742
1743
1744
1745
1752
1757
1758
1760
1768
1770
1771
1782
1784
1788
1794
1796
1802
1803
1806
1812
1815
1824
1826
1829
1835
1838
1839
158
90
155
110
19
117
60
122
157
41
131
1
71
158
76
97
106
20
39
34
99
139
46
93
28
23
67
35
130
11
80
141
53
26
4
86
84
123
3
31
81
134
61
162
64
87
108
10
150
133
94
14
48
135
38
148
29
68
159
58
149
156
32
77
25
75
88
128
8
111
114
100
140
142
57
107
102
5
83
154
91
27
9
42
17
36
49
7
22
85
2
153
146
55
54
151
0
113
127
116
43
129
119
147
66
65
160
70
59
104
56
124
132
15
103
69
98
126
136
137
51
143
145
121
12
21
138
112
72
79
78
96
82
125
118
120
50
109
33
30
73
164
37
92
44
101
6
40
13
16
161
52
115
24
163
89
95
144
45
