686
6
7
11
12
13
15
17
18
19
20
24
25
26
27
29
30
32
36
37
38
40
41
42
43
45
46
48
49
50
51
52
53
54
59
61
63
66
68
69
71
72
74
75
76
77
78
79
80
82
83
87
88
89
91
95
96
98
99
100
101
102
104
105
106
107
109
111
114
115
118
119
120
122
123
125
127
130
132
133
135
138
139
140
141
142
146
147
150
152
153
154
160
162
165
168
169
170
171
172
173
174
175
177
178
179
182
183
185
186
187
190
192
193
194
195
196
197
199
200
201
205
206
207
208
209
211
213
214
218
219
220
221
225
226
227
228
231
233
234
236
237
240
242
243
245
246
247
248
249
250
251
252
253
254
256
258
259
261
262
263
266
267
268
270
271
272
274
276
277
279
280
283
284
288
289
290
291
293
294
295
296
297
302
304
305
307
308
309
314
316
318
320
321
326
328
329
330
332
333
334
335
336
338
339
340
342
343
344
346
347
348
350
352
353
354
356
357
358
359
360
362
364
365
366
367
368
369
370
371
373
374
376
377
380
381
382
383
384
386
387
388
392
394
395
396
397
398
399
400
402
403
404
406
407
409
410
412
416
417
418
423
424
425
427
428
429
430
431
432
434
435
436
438
441
443
444
450
452
453
455
456
457
458
459
460
462
463
464
466
468
469
470
471
472
474
476
479
480
481
482
484
486
488
490
493
494
496
497
499
500
501
502
503
504
506
511
512
513
514
518
520
522
527
528
530
532
534
535
536
537
538
540
541
542
544
546
547
548
549
551
553
556
557
561
562
564
565
566
567
568
569
571
573
574
575
576
577
578
579
580
581
582
585
586
588
589
590
593
594
595
596
597
598
599
602
603
606
607
608
609
610
611
613
614
617
619
624
625
626
628
629
631
632
635
636
638
639
640
641
643
644
645
646
648
652
655
656
657
658
662
663
664
665
670
671
675
676
677
678
679
680
683
684
685
687
690
691
693
696
697
698
699
700
701
702
704
705
706
707
708
709
710
711
712
713
714
715
716
717
719
721
722
724
725
726
727
730
734
735
736
737
738
739
740
741
742
744
746
747
748
751
753
755
756
760
761
763
764
765
768
769
771
772
773
774
775
776
780
782
783
788
789
790
793
794
797
800
801
802
803
804
805
806
807
811
812
814
816
818
819
820
821
822
824
825
826
827
829
830
835
837
838
839
840
841
842
844
846
848
849
850
856
857
860
861
863
864
865
867
868
870
871
872
873
876
879
881
882
883
885
886
888
889
890
893
894
895
898
899
900
901
902
903
904
905
906
910
911
912
913
915
918
919
921
923
924
925
927
928
929
930
934
937
939
941
942
945
946
947
948
949
951
952
953
955
959
964
965
966
967
969
970
971
972
974
975
977
981
982
983
985
987
991
992
994
997
999
1001
1002
1003
1004
1005
1006
1007
1008
1009
1011
1014
1015
1016
1019
1020
1021
1022
1024
1025
1026
1027
1028
1031
1034
1035
1036
1041
1042
1043
1048
1049
1050
1051
1052
1053
1056
1057
1058
1059
1060
1063
1064
1066
1067
1071
1072
1073
1074
1076
1079
1080
1081
1083
1084
1085
1086
1088
1090
1091
1092
1093
1094
1096
1097
1099
1100
1101
1103
1104
83
70
9
65
76
45
18
20
69
57
13
10
0
7
72
75
15
50
83
60
33
28
79
67
19
61
3
51
29
74
63
80
11
71
1
64
41
24
6
27
49
43
5
77
23
84
54
42
36
81
58
16
22
52
35
8
39
73
17
21
62
40
31
25
34
82
48
47
85
2
4
56
53
38
59
30
26
86
37
68
14
78
87
46
