268
7
11
20
27
29
38
40
45
54
70
77
86
104
108
110
125
135
158
177
183
194
199
211
249
256
257
261
262
266
267
268
283
290
292
298
299
310
311
347
351
356
370
371
381
395
399
422
458
462
465
470
479
480
487
527
537
542
546
547
548
555
562
576
594
612
618
623
638
641
644
651
657
659
690
692
696
715
725
736
739
745
748
775
828
852
857
860
862
867
890
896
898
911
916
918
932
934
942
949
955
969
975
984
986
1004
1014
1020
1028
1031
1038
1056
1058
1059
1075
1090
1096
1101
1102
1113
1138
1155
1160
1162
1185
1189
1195
1206
1239
1250
1280
1305
1306
1315
1320
1324
1327
1352
1362
1375
1380
1395
1396
1418
1432
1441
1451
1453
1454
1481
1498
1500
1503
1507
1519
1547
1553
1566
1573
1575
1585
1588
1592
1594
1602
1608
1609
1616
1620
1624
1625
1630
1634
1642
1648
1667
1684
1700
1711
1718
1725
1726
1752
1764
1783
1796
1808
1832
1836
1850
1867
1878
1883
1885
1919
1925
1935
1942
1946
1976
1987
2040
2046
2050
2055
2061
2062
2067
2084
2105
2109
2110
2120
2123
2135
2138
2151
2153
2155
2162
2173
2186
2187
2189
2200
2204
2221
2222
2231
2239
2261
2267
2268
2292
2296
2321
2323
2335
2336
2355
2360
2389
2406
2408
2409
2421
2435
2438
2441
2458
2460
2478
2485
2495
2498
2503
2508
2511
2516
2524
2536
2540
2558
2564
2588
2591
2597
2610
2614
161
124
7
14
149
28
119
27
86
71
110
140
141
30
145
44
104
54
67
70
75
76
0
16
155
73
63
56
25
69
62
134
6
49
123
143
138
122
148
158
77
41
15
136
112
79
43
147
94
84
12
91
127
93
23
10
78
111
64
58
142
48
114
2
129
151
128
144
33
13
72
153
135
18
45
66
68
8
19
11
116
37
36
150
96
89
40
103
60
34
21
131
65
118
52
22
98
101
83
87
160
74
20
17
120
57
9
90
61
85
42
125
115
117
31
53
107
5
4
50
38
95
126
137
24
97
88
92
154
3
121
159
47
80
55
81
152
146
59
26
32
1
130
132
108
100
51
39
82
99
35
29
156
106
105
139
46
102
133
113
109
157
