251
1
5
19
45
46
53
54
66
77
81
87
94
118
129
130
133
136
141
143
147
155
161
176
177
182
186
189
199
205
215
229
254
280
287
291
305
313
320
324
332
342
350
351
353
388
394
413
427
436
468
482
485
494
509
510
517
533
536
540
542
552
569
571
576
587
595
597
600
605
626
638
644
660
661
666
674
686
687
716
753
755
759
769
776
780
795
800
806
810
815
818
823
836
842
852
858
859
879
888
910
928
929
936
938
954
956
958
979
991
1008
1017
1040
1048
1061
1085
1088
1094
1098
1111
1112
1117
1126
1130
1141
1149
1154
1169
1185
1189
1201
1210
1216
1250
1255
1260
1285
1291
1296
1324
1333
1335
1350
1369
1380
1381
1403
1409
1411
1449
1453
1469
1471
1473
1502
1522
1526
1549
1568
1576
1583
1584
1594
1620
1630
1634
1676
1679
1680
1693
1696
1699
1703
1713
1716
1758
1764
1775
1776
1777
1778
1779
1780
1785
1794
1807
1828
1832
1838
1846
1854
1901
1909
1920
1929
1949
1958
1970
1977
1978
1980
1981
2004
2022
2038
2050
2056
2057
2083
2093
2105
2126
2127
2134
2140
2146
2167
2200
2212
2213
2227
2230
2234
2243
2256
2273
2282
2302
2324
2328
2330
2351
2363
2365
2396
2397
2398
2400
2416
2446
2453
2471
2521
2538
2553
2562
2569
2594
2605
2614
2615
2624
161
99
105
52
61
68
160
0
74
88
24
149
30
156
118
123
95
110
76
138
93
46
8
137
23
2
94
113
142
70
39
135
25
127
40
78
41
108
72
27
9
86
66
65
1
145
5
153
59
36
92
131
56
114
140
10
150
151
37
58
63
116
60
122
38
104
159
133
112
119
33
21
64
143
83
45
134
6
132
87
96
20
35
4
18
89
139
67
71
121
100
51
7
91
128
77
98
16
144
3
155
148
55
101
48
22
129
90
107
32
14
125
62
80
75
146
17
111
136
50
141
103
124
157
147
126
44
19
117
158
43
97
79
154
130
12
109
115
102
34
28
73
82
54
69
85
106
42
152
31
11
29
47
26
84
53
120
15
81
13
57
49
