109
55
156
216
224
264
295
313
326
371
411
412
429
443
460
502
518
531
580
590
591
597
599
607
613
623
648
649
661
684
687
749
796
798
823
832
905
916
918
928
930
934
963
985
995
1028
1049
1100
1103
1108
1120
1126
1153
1175
1263
1276
1284
1407
1466
1482
1492
1517
1521
1542
1544
1565
1571
1617
1631
1683
1685
1730
1751
1787
1806
1807
1811
1820
1840
1860
1881
1910
1980
1983
1994
2000
2024
2062
2064
2084
2119
2123
2125
2137
2159
2188
2196
2208
2211
2249
2258
2260
2283
2296
2312
2325
2404
2408
2424
2443
162
149
23
134
48
11
140
96
115
142
132
79
160
121
49
113
10
31
84
47
144
89
46
78
95
7
5
17
75
106
74
119
30
66
54
157
120
80
41
92
37
118
21
97
107
105
86
70
161
57
61
33
26
152
102
24
139
71
159
68
51
117
162
93
56
108
141
34
22
137
59
19
91
85
27
87
110
126
76
58
2
69
133
3
28
12
98
146
154
52
73
1
145
60
130
158
114
148
156
153
53
143
67
63
62
125
64
122
39
72
38
9
112
124
43
55
36
4
116
127
40
135
50
0
90
83
18
81
82
147
20
101
136
8
35
155
150
138
104
15
32
94
99
77
16
128
25
65
13
131
151
103
100
123
14
45
109
129
88
6
29
42
44
