70
182
185
253
257
275
310
317
328
357
362
384
394
403
409
426
469
485
550
566
567
614
632
640
671
702
709
723
775
780
781
808
829
853
856
878
885
886
895
901
918
955
977
980
992
1005
1038
1071
1074
1115
1142
1148
1194
1205
1235
1246
1271
1275
1278
1282
1319
1337
1348
1356
1438
1470
1576
1577
1578
1694
1799
121
82
98
118
47
95
105
72
146
158
70
39
71
9
5
76
130
65
83
81
92
30
120
1
96
129
149
138
25
143
41
125
161
33
36
22
116
44
59
8
52
24
48
163
119
136
88
113
102
109
18
60
7
104
100
115
101
58
156
49
64
15
13
66
122
145
27
147
26
144
164
86
42
106
40
11
139
67
50
134
141
51
54
157
31
37
2
79
69
126
91
0
19
148
20
123
10
131
6
135
43
14
99
94
38
89
61
45
73
155
53
90
63
57
16
84
74
112
121
4
21
55
