686
17
21
24
26
27
30
33
38
40
45
46
57
60
61
64
65
67
72
74
75
76
79
80
82
85
93
94
96
100
101
105
110
111
113
114
115
117
123
124
128
130
135
141
143
145
147
148
150
151
156
157
163
164
166
170
174
178
182
191
192
193
195
197
199
203
204
205
206
207
209
217
218
220
221
223
228
231
233
237
239
240
243
244
246
248
249
251
259
260
261
262
263
265
266
271
272
273
275
278
279
280
281
283
285
291
298
303
305
307
308
311
313
315
316
319
321
322
327
329
330
331
333
344
346
348
349
351
352
353
359
364
365
368
371
372
373
375
381
383
387
389
391
392
393
394
398
402
407
408
411
413
414
417
420
421
422
425
428
429
431
432
434
435
437
439
441
446
447
448
449
450
451
453
459
462
464
467
469
472
473
477
478
483
484
490
491
492
493
495
497
499
501
505
510
512
515
519
520
522
524
526
528
530
531
532
538
539
547
550
551
552
554
557
559
566
574
575
583
584
586
587
588
589
596
597
599
605
606
610
611
612
616
617
619
625
627
631
632
633
635
641
643
644
648
649
650
656
659
664
677
681
683
685
686
689
696
698
704
705
713
715
716
718
719
720
721
723
725
728
729
730
734
737
745
747
757
759
763
765
766
767
768
771
772
773
776
777
780
781
784
785
787
793
794
796
799
800
802
804
806
809
811
819
820
823
831
832
833
834
835
836
838
840
843
845
846
854
858
861
862
864
866
867
872
876
878
879
881
883
884
891
893
896
899
900
901
902
905
907
908
914
916
917
920
923
925
926
927
928
936
937
938
939
942
943
945
946
954
956
960
963
964
968
971
976
985
988
991
993
995
996
999
1002
1009
1010
1012
1013
1016
1017
1018
1019
1020
1021
1023
1025
1026
1032
1033
1035
1040
1042
1044
1047
1048
1050
1053
1057
1060
1065
1066
1067
1071
1072
1073
1074
1075
1077
1083
1084
1087
1090
1092
1096
1099
1104
1105
1107
1109
1113
1121
1122
1125
1128
1129
1132
1133
1134
1136
1137
1141
1143
1144
1146
1147
1150
1162
1163
1165
1169
1170
1171
1172
1173
1174
1178
1180
1181
1182
1183
1184
1189
1191
1196
1199
1200
1201
1203
1207
1209
1210
1211
1213
1214
1215
1216
1217
1224
1226
1230
1237
1238
1240
1244
1246
1250
1256
1259
1262
1264
1265
1266
1271
1273
1274
1277
1279
1285
1289
1292
1296
1299
1308
1309
1310
1318
1321
1322
1323
1327
1329
1333
1338
1339
1340
1349
1353
1354
1356
1357
1358
1359
1360
1363
1364
1367
1370
1374
1375
1376
1378
1385
1386
1387
1390
1393
1396
1398
1399
1400
1408
1411
1412
1413
1416
1417
1421
1424
1426
1429
1439
1442
1443
1444
1448
1454
1457
1460
1461
1462
1463
1464
1467
1470
1473
1475
1484
1485
1486
1489
1494
1497
1498
1499
1504
1505
1507
1508
1511
1512
1514
1515
1518
1520
1521
1522
1525
1526
1527
1529
1534
1536
1541
1545
1546
1549
1550
1552
1553
1554
1563
1571
1572
1577
1578
1580
1583
1584
1588
1589
1590
1594
1595
1599
1604
1608
1613
1614
1618
1619
1620
1621
1623
1632
1633
1634
1635
1637
1638
1645
1646
1650
1657
1658
1662
1667
1668
1670
1671
1673
1675
1678
1686
1690
1694
1698
1699
1700
1702
1708
1712
1714
1718
1723
1724
1726
1731
1732
1733
1736
1744
1745
1750
1751
1754
1755
1756
1759
1760
1762
1769
1770
1774
1776
1779
1781
1784
1792
1793
1795
1802
1808
1812
1813
1816
1817
1819
1820
1822
1824
1827
1829
1830
1831
1832
1834
1839
158
6
80
29
15
94
162
151
4
146
5
89
22
115
70
43
64
68
112
131
159
163
124
54
82
79
97
25
88
164
123
99
16
21
141
93
74
119
148
37
12
147
158
48
67
139
62
40
118
76
38
128
63
44
20
144
137
145
90
116
106
86
104
59
39
60
28
102
152
72
161
7
0
8
51
142
69
35
127
108
66
117
149
154
105
65
41
122
109
23
34
24
27
19
150
58
136
129
130
91
75
121
101
10
135
96
160
92
42
17
84
155
1
2
114
61
125
13
46
110
143
31
36
113
32
133
26
45
156
134
138
78
33
47
98
52
9
71
95
111
49
57
30
120
107
157
100
3
50
11
56
83
126
153
73
132
81
53
55
