274
14
39
54
55
56
58
89
100
108
138
140
156
176
178
180
181
192
203
206
215
217
226
230
231
244
265
266
291
302
307
311
323
327
333
343
351
356
359
362
372
373
383
395
428
448
461
472
531
562
585
597
599
602
617
630
633
642
646
649
651
652
657
682
687
702
720
723
725
726
739
751
788
790
799
803
815
821
829
839
865
897
900
911
915
927
953
969
970
973
986
987
1007
1010
1013
1016
1038
1047
1067
1070
1075
1086
1088
1097
1103
1109
1119
1123
1130
1136
1137
1142
1146
1154
1158
1171
1181
1190
1199
1219
1245
1251
1253
1255
1263
1279
1285
1286
1291
1294
1295
1310
1326
1334
1337
1350
1353
1359
1360
1362
1375
1390
1391
1398
1418
1419
1427
1449
1452
1457
1459
1464
1473
1488
1490
1496
1536
1546
1558
1563
1590
1595
1597
1603
1610
1611
1622
1630
1667
1671
1682
1683
1685
1688
1700
1705
1723
1724
1731
1753
1761
1762
1763
1769
1774
1777
1789
1793
1798
1802
1822
1832
1839
1862
1866
1872
1874
1887
1889
1890
1897
1899
1911
1920
1930
1939
1944
1949
1956
1976
1978
1980
1987
2002
2010
2018
2044
2047
2049
2055
2059
2069
2073
2086
2102
2120
2121
2135
2154
2163
2167
2181
2190
2196
2205
2210
2218
2225
2226
2241
2255
2257
2288
2319
2333
2337
2343
2366
2374
2380
2413
2434
2448
2452
2458
2460
2463
2470
2484
2493
2507
2515
2520
2521
2522
2553
2558
2564
2565
2574
2587
2589
2591
2607
2608
160
52
114
75
3
108
21
125
86
99
102
122
59
85
124
146
14
141
119
37
77
23
91
13
30
129
89
106
68
107
46
19
24
38
79
105
34
155
5
15
78
44
92
137
135
8
50
48
100
98
152
147
65
112
116
132
153
33
12
156
67
36
87
66
40
62
150
111
20
134
64
17
128
88
80
26
11
103
130
160
32
70
90
10
144
158
110
140
96
117
136
4
56
0
53
71
145
72
133
1
109
157
60
101
2
55
104
143
142
7
47
138
74
131
93
97
69
41
54
94
42
51
57
28
115
49
29
121
84
83
73
95
6
154
113
18
9
27
22
118
149
61
39
126
81
123
127
151
58
35
63
31
120
148
45
43
25
76
139
159
16
