669
10
12
13
14
17
20
29
30
36
45
51
55
59
60
61
62
63
66
75
78
80
81
83
84
85
87
90
93
94
95
98
99
100
104
106
107
109
110
114
118
119
120
121
124
125
127
128
129
130
131
134
136
137
142
149
150
151
156
157
158
160
162
166
167
168
170
171
176
182
183
186
187
188
189
194
200
201
202
207
208
215
216
221
225
228
229
232
236
239
241
244
246
247
249
251
253
255
256
259
263
265
273
276
282
284
285
286
290
293
297
300
309
314
317
318
323
326
327
329
331
332
333
343
344
348
353
355
357
361
366
367
368
369
372
375
376
380
382
383
387
388
389
391
395
398
399
400
401
404
407
409
411
414
420
422
423
424
427
428
431
433
437
438
445
449
450
453
457
459
460
461
465
470
471
472
479
482
483
484
485
487
488
492
494
496
499
500
501
503
506
508
514
517
523
527
528
529
533
536
537
539
541
542
543
544
547
549
550
551
553
554
557
559
560
562
564
566
567
572
573
574
575
576
579
580
583
584
586
588
589
591
601
604
605
606
609
610
613
617
619
625
626
628
631
632
635
652
653
655
657
664
666
672
674
676
681
683
684
691
693
694
698
699
701
703
706
707
711
713
716
718
719
721
723
724
727
728
730
734
737
746
748
749
751
754
760
763
768
774
780
781
782
784
797
801
802
804
805
807
811
813
815
820
821
822
826
827
830
832
833
834
835
836
838
840
841
842
845
846
848
850
851
859
860
866
874
879
880
882
883
885
886
889
890
891
892
894
896
902
903
909
911
914
918
930
931
932
933
937
940
946
954
956
959
960
962
969
975
978
980
983
987
989
992
996
997
1000
1003
1010
1014
1016
1020
1024
1026
1028
1029
1030
1031
1040
1043
1045
1048
1049
1051
1052
1057
1059
1063
1064
1065
1070
1073
1078
1079
1080
1084
1086
1090
1093
1094
1096
1097
1102
1106
1108
1111
1112
1113
1115
1117
1119
1128
1130
1131
1133
1134
1138
1145
1146
1158
1159
1163
1164
1165
1166
1167
1169
1170
1175
1176
1178
1182
1183
1190
1192
1193
1194
1196
1201
1202
1204
1210
1213
1215
1218
1223
1225
1226
1230
1232
1235
1250
1251
1252
1254
1256
1258
1260
1261
1262
1269
1273
1275
1277
1280
1281
1282
1283
1286
1287
1288
1289
1291
1294
1295
1296
1298
1299
1301
1303
1306
1310
1311
1313
1315
1317
1323
1325
1326
1327
1328
1329
1333
1335
1336
1342
1345
1352
1358
1362
1368
1370
1371
1372
1377
1380
1381
1382
1383
1384
1386
1388
1389
1392
1393
1396
1398
1399
1405
1408
1409
1413
1414
1416
1418
1420
1421
1424
1427
1429
1435
1452
1455
1457
1459
1461
1465
1469
1470
1474
1475
1477
1478
1479
1480
1481
1486
1489
1490
1491
1497
1504
1505
1507
1508
1511
1513
1515
1516
1517
1524
1528
1532
1535
1543
1545
1546
1548
1551
1553
1554
1557
1564
1566
1567
1570
1577
1583
1586
1587
1593
1595
1598
1602
1603
1604
1606
1608
1611
1615
1616
1617
1619
1620
1622
1628
1629
1637
1638
1640
1646
1650
1653
1660
1661
1662
1666
1668
1669
1677
1679
1681
1687
1689
1694
1695
1708
1711
1714
1719
1723
1724
1726
1731
1732
1733
1735
1736
1739
1740
1742
1753
1758
1760
1761
1763
1767
1772
1775
1779
1780
1781
1783
1784
1785
1789
1791
1793
1796
1797
1803
1805
1806
1808
1809
1810
1811
1817
1818
1819
1821
1827
1829
1831
1832
1833
1834
1837
1839
157
32
60
65
126
135
3
105
120
12
92
45
148
59
157
53
121
22
124
151
98
42
67
72
76
101
158
138
52
125
108
26
77
97
49
107
29
54
164
109
7
62
84
102
87
146
20
122
143
5
86
27
156
141
50
47
14
152
25
21
23
81
38
48
114
123
16
55
73
79
70
63
94
106
2
33
154
24
111
36
118
110
161
128
10
153
0
43
127
83
85
134
160
40
100
119
88
112
159
56
155
162
91
80
11
116
30
71
17
66
15
69
68
115
44
131
132
95
51
113
129
13
150
37
117
149
34
140
78
64
130
35
39
4
9
82
28
133
89
75
57
8
145
104
18
144
93
96
1
137
99
46
90
19
74
142
31
41
