149
21
24
29
40
51
58
78
87
88
93
100
110
131
132
149
165
174
175
189
194
200
203
204
205
213
221
232
237
242
250
255
266
269
271
274
277
285
286
291
294
295
297
303
304
307
312
326
332
334
335
346
347
351
352
359
367
380
387
388
400
408
412
424
444
447
449
462
463
478
480
490
516
522
535
550
553
561
577
580
583
585
590
593
595
612
614
616
620
633
643
649
655
664
676
685
698
703
707
712
713
724
734
740
748
771
777
782
785
796
800
813
823
830
832
836
840
850
855
856
864
871
876
900
918
931
939
941
944
961
963
964
966
980
988
990
995
1003
1004
1014
1019
1032
1044
1046
1070
1074
1083
1092
1102
1103
72
32
41
57
42
83
44
56
27
36
13
21
84
60
82
87
22
24
39
75
51
76
14
29
50
62
58
54
11
74
26
19
20
85
4
61
70
63
67
9
68
45
1
86
37
48
80
43
25
81
64
10
28
73
16
78
65
35
18
69
23
34
52
72
53
49
17
47
3
2
8
31
38
