265
9
10
24
47
59
64
74
80
87
90
98
103
138
148
154
171
173
183
190
197
205
215
224
234
245
247
257
266
273
305
316
318
323
329
337
361
369
371
395
398
402
419
443
465
469
471
483
493
510
514
515
518
521
538
555
562
576
591
605
625
633
650
672
695
696
712
717
730
731
734
744
749
753
761
767
777
804
811
823
826
835
837
842
853
863
881
887
891
900
902
910
916
943
947
952
959
967
974
979
986
987
1002
1004
1006
1036
1044
1050
1058
1062
1086
1088
1098
1099
1102
1113
1115
1119
1135
1151
1169
1172
1187
1194
1205
1206
1213
1217
1229
1258
1259
1262
1266
1291
1296
1312
1331
1342
1349
1350
1353
1367
1373
1383
1398
1419
1435
1438
1440
1458
1463
1491
1509
1514
1525
1529
1537
1539
1545
1549
1553
1570
1577
1583
1593
1598
1606
1610
1613
1626
1641
1652
1656
1667
1687
1691
1707
1711
1713
1718
1723
1743
1747
1750
1756
1762
1767
1772
1774
1779
1789
1809
1814
1845
1860
1875
1895
1898
1901
1919
1927
1955
1964
1966
1972
1979
1984
2000
2006
2043
2045
2056
2063
2066
2076
2094
2110
2130
2141
2150
2153
2159
2175
2179
2184
2187
2196
2197
2213
2217
2219
2249
2258
2274
2291
2292
2293
2295
2316
2320
2338
2366
2368
2374
2387
2412
2426
2443
2467
2479
2488
2493
2506
2508
2513
2519
2521
2529
2532
2543
2544
2571
2583
2586
2619
2622
161
87
120
27
111
149
151
8
48
65
118
109
95
73
0
147
24
22
37
26
119
46
58
28
160
127
25
80
35
7
102
135
124
126
104
114
54
16
17
2
23
41
128
134
110
19
6
156
45
132
93
103
66
44
68
121
76
90
11
88
72
60
1
131
117
47
152
21
82
33
69
141
18
159
39
144
53
158
15
9
74
52
20
108
70
67
12
133
122
115
51
101
30
136
116
34
129
142
94
145
113
3
154
86
107
157
96
42
79
137
63
78
112
55
5
146
29
150
99
91
64
56
36
50
32
89
140
153
97
138
77
31
57
62
59
130
106
105
155
13
4
71
100
75
148
143
61
84
123
43
92
10
139
85
83
98
40
81
38
125
14
49
