251
0
11
20
25
39
54
61
71
84
125
142
153
157
162
173
178
185
193
198
211
212
229
237
244
250
256
257
269
300
302
305
312
321
323
329
332
333
338
343
362
364
367
383
388
391
396
397
405
425
451
452
478
482
496
508
510
530
535
565
578
586
587
607
611
629
632
685
692
699
711
712
717
718
736
747
749
760
761
804
809
813
820
821
829
837
845
849
860
861
911
912
924
925
939
941
965
969
973
976
979
987
989
994
1021
1025
1027
1042
1044
1061
1078
1100
1136
1147
1211
1226
1249
1277
1283
1285
1288
1299
1303
1309
1330
1333
1347
1352
1353
1354
1355
1356
1361
1403
1411
1430
1438
1451
1472
1478
1484
1496
1508
1514
1561
1583
1585
1587
1599
1614
1618
1620
1632
1633
1642
1643
1654
1715
1727
1733
1744
1757
1759
1770
1771
1780
1791
1792
1793
1797
1821
1829
1835
1845
1848
1865
1869
1877
1891
1919
1924
1942
1943
1953
1955
1963
2004
2008
2036
2045
2060
2070
2075
2087
2095
2126
2132
2135
2151
2157
2160
2167
2169
2175
2185
2204
2206
2211
2239
2243
2253
2262
2271
2291
2297
2298
2302
2319
2329
2349
2350
2357
2358
2366
2393
2395
2397
2405
2421
2433
2434
2437
2438
2448
2460
2462
2466
2473
2475
2481
2495
2517
2519
2524
2551
2557
2565
2595
2597
2608
2613
2614
161
31
46
2
126
103
77
33
109
115
123
78
92
93
104
95
10
136
153
116
71
132
146
60
56
76
86
18
157
129
4
30
9
12
70
72
112
51
158
50
128
73
36
53
113
64
83
26
118
29
155
108
137
13
122
119
61
6
3
48
140
42
27
152
63
94
151
58
147
97
38
84
80
47
117
107
102
34
154
59
55
52
20
141
89
148
121
7
82
39
101
144
62
99
98
11
68
134
24
130
19
135
142
21
1
127
156
100
49
35
85
57
5
150
160
120
114
87
43
25
159
44
124
88
66
145
74
106
65
17
14
110
28
45
79
23
90
81
15
138
67
139
143
131
8
40
133
54
0
149
41
125
111
96
105
37
69
32
75
16
91
22
