149
11
28
53
63
93
101
136
148
150
156
159
162
166
175
177
178
182
188
199
200
206
218
222
236
240
255
262
264
276
280
292
297
322
328
354
369
382
383
401
408
412
415
418
422
429
431
432
444
445
451
460
465
470
471
475
478
483
491
495
515
518
542
560
577
580
597
605
606
607
611
615
620
625
643
644
648
652
655
656
657
658
659
663
665
670
672
677
679
684
700
739
752
754
763
768
775
776
792
796
802
803
804
811
814
831
834
844
863
864
867
868
870
889
910
913
916
919
929
930
931
934
939
945
955
966
968
975
984
994
999
1003
1008
1012
1016
1020
1024
1033
1036
1040
1041
1045
1048
1052
1057
1059
1063
1085
1093
1095
73
63
48
55
65
42
18
83
0
67
30
54
14
19
56
74
37
52
78
64
1
22
36
57
61
87
26
69
62
23
31
27
43
76
35
25
71
16
53
79
20
4
82
49
15
29
40
7
47
51
73
59
13
32
72
50
39
84
58
45
68
5
3
85
28
8
12
11
81
41
38
24
86
2
