267
3
9
29
39
51
70
85
91
93
119
125
133
146
147
148
171
176
179
185
191
204
211
254
268
294
300
302
312
327
341
342
353
370
371
374
381
397
398
407
412
413
417
431
436
451
454
485
486
505
507
516
518
520
529
539
565
571
572
578
586
590
595
614
618
622
628
635
636
638
642
643
644
652
655
681
682
716
731
740
744
748
752
767
771
775
780
788
798
801
811
815
826
829
840
854
864
865
868
871
882
897
907
912
929
981
998
1012
1013
1018
1040
1041
1042
1064
1072
1073
1078
1087
1091
1092
1100
1109
1129
1136
1141
1142
1188
1189
1198
1202
1203
1221
1229
1232
1236
1239
1241
1288
1291
1292
1295
1298
1303
1311
1316
1323
1325
1348
1357
1361
1364
1373
1382
1385
1394
1395
1396
1398
1400
1409
1410
1411
1412
1416
1424
1427
1439
1440
1451
1484
1498
1500
1509
1516
1524
1539
1541
1554
1557
1561
1563
1564
1604
1618
1632
1653
1664
1665
1691
1698
1705
1722
1734
1738
1753
1768
1769
1794
1803
1808
1830
1840
1853
1870
1881
1894
1903
1911
1918
1934
1955
1956
1979
1986
2002
2020
2028
2032
2034
2046
2050
2053
2062
2095
2106
2119
2123
2128
2158
2175
2186
2208
2216
2220
2253
2257
2264
2279
2281
2295
2324
2360
2408
2417
2434
2437
2473
2474
2478
2491
2510
2513
2515
2529
2544
2545
2548
2556
2560
2562
2580
2581
2587
2595
2603
2606
2610
2624
161
119
50
125
100
81
147
65
117
114
106
150
67
123
94
68
74
152
3
130
93
135
137
72
142
138
35
70
22
104
77
107
14
59
110
39
153
121
85
133
129
159
115
151
136
80
38
2
120
23
157
86
8
126
111
108
83
56
36
144
49
156
160
124
109
60
52
55
43
98
97
28
4
90
96
103
64
82
71
31
84
10
51
76
79
134
37
25
21
155
48
141
29
11
122
139
66
17
15
47
9
18
6
87
102
7
41
128
44
146
105
75
26
34
20
13
19
148
116
132
143
149
112
57
113
145
0
92
54
95
158
118
27
33
42
30
140
99
69
78
88
40
53
62
131
101
46
12
32
63
91
154
58
127
24
1
73
61
89
5
45
16
