68
67
95
101
107
156
237
248
294
326
376
430
439
440
524
529
542
577
590
607
610
614
630
670
712
790
797
803
813
822
832
843
858
864
903
915
919
964
986
1036
1059
1125
1129
1152
1161
1162
1192
1214
1247
1263
1267
1357
1373
1376
1398
1428
1430
1467
1489
1500
1504
1596
1663
1699
1724
1785
1800
1814
1826
115
57
123
56
149
159
115
4
78
152
141
86
102
60
120
26
6
16
7
36
44
137
68
41
130
0
2
54
43
164
75
62
95
28
66
160
83
146
50
117
122
73
69
34
113
144
88
11
63
129
163
90
148
9
25
105
101
30
74
157
51
15
82
116
33
103
61
127
106
128
109
97
89
134
142
124
126
70
79
55
77
136
143
132
118
53
72
76
65
155
162
156
52
46
80
59
161
139
96
140
35
32
104
100
67
37
147
107
121
20
49
21
119
91
84
125
