686
9
10
12
13
17
18
20
22
23
24
26
27
30
31
32
34
35
37
41
42
43
44
45
48
49
52
54
55
57
58
59
60
62
64
65
67
70
73
75
76
77
79
80
88
89
90
93
94
96
97
98
99
100
102
103
105
106
108
109
111
112
113
114
115
116
117
118
119
120
121
123
124
125
129
130
132
133
134
135
136
139
141
142
143
145
146
148
149
150
151
153
154
155
156
157
158
160
162
163
164
167
168
169
170
173
175
176
177
179
180
181
182
184
185
186
187
188
190
192
193
194
195
196
197
199
200
203
206
207
210
212
213
214
216
219
222
224
226
228
231
234
235
236
237
238
239
240
243
244
245
247
249
251
252
256
258
259
260
261
262
265
266
268
269
270
271
273
274
276
280
281
284
286
287
288
289
290
291
292
296
297
298
302
303
305
307
308
310
311
312
313
314
315
316
317
324
325
326
327
328
330
333
334
337
339
340
343
345
346
347
348
349
352
354
355
356
357
358
361
364
365
367
368
369
371
373
374
376
377
378
379
382
384
385
387
388
390
392
393
395
396
397
399
400
403
405
406
408
409
411
415
416
419
420
421
422
423
424
426
428
429
430
431
432
434
435
436
438
441
443
445
447
448
449
450
452
453
454
457
459
460
461
464
465
466
467
468
470
472
474
475
476
478
479
482
486
487
488
489
490
491
493
495
496
497
499
501
502
503
504
508
509
510
511
512
513
514
515
519
520
526
527
528
532
535
537
538
539
541
542
544
545
548
549
550
552
553
555
556
558
563
564
565
567
568
569
571
572
573
574
575
577
578
581
585
586
588
589
591
592
593
595
596
597
598
599
600
601
603
605
607
609
610
613
614
618
619
620
621
622
623
624
625
626
627
628
629
633
634
637
638
640
641
642
643
646
648
650
651
652
654
655
657
658
659
660
661
662
665
666
667
671
672
674
675
676
677
679
680
682
685
688
689
690
691
693
694
695
696
697
700
701
702
703
704
706
707
709
710
713
714
716
717
722
725
726
729
732
733
735
736
737
742
745
747
748
749
750
751
753
754
755
757
758
759
760
762
763
764
765
766
768
769
771
772
774
775
776
778
780
782
784
785
786
787
790
792
795
796
798
800
801
803
805
806
808
812
814
816
817
818
819
820
821
823
824
827
830
831
833
834
838
840
841
843
844
847
850
851
852
854
855
856
857
858
859
860
861
862
863
865
867
868
870
871
874
875
876
877
878
881
882
883
887
888
889
893
894
895
899
900
904
906
907
908
910
911
912
913
916
917
919
921
922
926
929
930
932
933
934
936
937
938
939
940
942
943
944
945
947
948
950
951
952
953
954
958
959
961
962
964
965
967
968
970
972
973
974
975
977
978
979
981
982
984
985
986
988
990
991
993
994
995
996
997
998
999
1000
1002
1004
1005
1006
1007
1008
1010
1014
1015
1017
1018
1019
1020
1021
1023
1024
1025
1026
1031
1032
1033
1034
1037
1039
1040
1041
1043
1046
1047
1049
1051
1052
1053
1054
1055
1056
1057
1060
1062
1063
1064
1065
1066
1069
1071
1072
1073
1076
1077
1080
1083
1084
1087
1088
1089
1091
1092
1093
1094
1097
1098
1099
1101
1102
1103
1104
1105
1106
83
87
31
48
29
52
10
6
69
83
9
76
39
19
0
33
35
66
37
54
20
1
78
12
84
43
27
73
36
53
59
85
82
50
86
4
16
57
62
15
28
25
70
47
34
81
51
45
40
58
63
26
75
23
71
24
72
67
60
3
61
18
41
65
64
7
42
13
49
38
14
22
55
79
21
56
74
46
17
5
77
2
8
11
