115
2
17
53
59
99
100
137
144
148
165
210
227
229
274
275
282
305
347
348
371
383
410
415
468
483
491
501
537
591
618
631
659
660
669
673
717
727
731
732
738
768
803
812
813
818
830
831
851
853
873
892
938
945
968
985
1010
1023
1027
1077
1091
1183
1185
1187
1215
1218
1248
1252
1258
1264
1346
1397
1400
1417
1422
1440
1514
1523
1543
1552
1584
1616
1628
1631
1670
1674
1678
1695
1736
1751
1768
1778
1854
1880
1891
1936
1988
1998
2006
2022
2036
2075
2082
2112
2197
2226
2300
2310
2330
2332
2351
2366
2402
2421
2424
2427
163
44
117
143
108
74
91
125
103
9
158
14
60
61
41
162
154
54
144
33
69
89
83
110
30
133
138
20
87
52
159
88
11
161
66
127
86
156
106
147
67
45
39
126
107
84
77
62
145
78
6
65
97
136
51
56
34
63
31
4
151
21
40
137
48
50
115
85
121
75
141
22
8
100
129
79
139
118
2
15
0
1
72
98
73
43
59
49
24
99
124
3
26
32
102
101
29
42
111
150
23
37
57
95
152
114
94
7
64
142
153
128
25
149
47
90
131
17
112
135
28
80
146
12
68
71
55
82
10
19
134
155
122
70
123
5
93
157
120
53
38
35
104
160
148
116
113
92
58
13
140
46
130
18
76
132
105
119
27
109
81
16
36
96
