230
14
19
32
33
42
47
48
62
70
71
76
80
97
111
121
153
158
176
185
203
210
215
220
233
235
236
244
246
255
256
257
277
281
283
301
316
325
337
339
358
368
369
372
378
395
396
413
440
442
469
478
483
486
491
494
496
497
508
511
537
562
564
596
613
625
631
634
637
639
651
657
666
674
699
743
754
766
774
775
787
801
803
818
829
843
845
847
850
861
863
865
867
879
885
905
917
926
932
939
943
951
959
960
969
991
1006
1010
1015
1021
1023
1031
1037
1042
1045
1073
1077
1080
1108
1137
1157
1161
1165
1174
1194
1202
1225
1233
1241
1252
1253
1266
1272
1273
1290
1305
1375
1401
1403
1433
1445
1467
1512
1513
1516
1529
1540
1552
1555
1561
1619
1645
1663
1682
1684
1688
1718
1722
1735
1753
1754
1762
1803
1826
1828
1846
1863
1887
1899
1918
1920
1952
1976
1996
1997
1998
2005
2023
2029
2032
2048
2049
2062
2067
2071
2083
2115
2128
2138
2149
2153
2175
2190
2206
2209
2217
2228
2233
2248
2269
2270
2272
2288
2300
2303
2325
2329
2337
2345
2347
2368
2379
2397
2405
2414
2417
2443
2470
2471
2480
2512
2514
2523
2533
2535
2558
2579
2586
2600
2611
2620
161
140
90
28
34
91
33
107
109
152
47
35
113
57
134
32
26
142
156
24
101
158
21
86
72
59
133
110
38
94
22
104
148
151
144
31
50
122
100
66
23
118
81
49
17
7
52
138
89
130
70
127
36
131
143
61
16
154
44
139
54
63
114
98
29
12
37
111
78
121
62
9
64
41
73
103
65
97
145
2
153
160
20
123
150
75
67
30
80
10
82
126
68
76
4
85
108
77
39
56
58
79
112
15
84
116
5
155
74
55
102
147
45
25
83
159
99
19
13
40
43
128
1
88
0
125
14
11
53
106
149
137
69
8
129
46
105
157
115
6
51
132
117
42
136
87
60
96
141
48
120
135
95
146
27
119
92
3
71
93
124
18
