149
36
42
59
75
85
91
111
125
128
129
134
137
148
149
150
151
152
154
172
175
180
187
196
211
232
238
242
243
262
268
284
297
304
306
308
318
319
326
354
359
373
384
387
395
411
416
419
423
424
428
433
442
446
449
450
455
457
466
468
469
487
491
493
494
497
498
507
510
514
527
536
538
543
554
557
574
575
584
585
592
600
611
621
631
648
649
651
654
655
657
658
664
673
683
689
693
709
731
738
739
754
764
768
773
779
782
799
808
811
813
817
845
874
878
880
883
894
909
923
931
939
940
947
954
959
970
981
994
995
997
1001
1006
1025
1030
1031
1043
1044
1045
1048
1056
1058
1067
1072
1073
1085
1091
1099
1100
1103
76
56
37
68
4
70
58
5
19
16
20
55
13
14
15
18
59
60
79
27
66
77
11
29
44
49
6
46
31
75
64
24
35
34
83
67
17
7
87
25
3
84
63
40
10
42
2
76
22
80
81
73
9
62
26
85
33
53
54
45
48
82
28
47
38
52
78
50
41
72
86
30
0
8
1
51
69
