670
6
8
17
19
20
21
25
26
27
28
29
38
41
42
46
47
53
54
56
59
71
76
77
85
86
87
89
96
97
102
104
105
112
113
114
118
119
123
124
127
130
134
135
141
150
151
153
160
161
162
164
165
166
168
169
170
175
180
183
185
186
192
193
194
195
198
202
206
208
211
213
215
221
222
225
228
230
234
240
246
248
249
250
260
262
264
267
270
273
276
279
280
282
283
284
286
287
289
291
295
300
307
308
309
310
311
318
321
322
323
325
326
327
331
333
341
347
355
358
359
361
362
364
367
368
374
375
377
378
380
381
382
387
388
389
394
397
398
401
403
408
409
410
418
420
423
426
428
433
438
439
440
441
444
446
447
448
450
454
458
459
460
463
464
475
476
483
493
495
498
499
500
505
508
509
510
511
512
519
521
522
526
529
530
532
536
543
545
551
552
554
556
557
560
561
563
564
565
573
578
580
581
587
590
591
593
596
597
600
602
604
606
607
608
612
615
623
626
627
630
633
635
637
638
643
645
646
648
650
651
654
655
657
659
661
663
665
667
668
670
671
675
678
681
687
688
689
691
692
695
700
702
703
706
707
708
709
710
711
715
717
721
723
726
728
735
736
737
738
741
744
750
752
753
754
758
760
762
768
778
784
787
798
808
810
811
812
813
815
816
817
823
824
825
836
837
841
842
844
847
851
852
857
858
864
865
867
868
870
872
873
874
883
886
888
892
895
898
901
905
907
909
910
918
925
929
931
934
935
937
939
940
941
944
950
951
953
954
957
959
960
961
962
964
967
968
972
973
974
980
982
987
988
989
1000
1001
1005
1011
1018
1020
1021
1022
1024
1025
1026
1027
1029
1032
1033
1042
1043
1044
1045
1049
1052
1054
1055
1061
1062
1069
1078
1087
1092
1095
1096
1097
1100
1101
1102
1104
1105
1106
1107
1108
1109
1112
1116
1119
1121
1127
1130
1132
1136
1137
1138
1139
1142
1143
1145
1148
1150
1152
1153
1154
1157
1162
1169
1175
1177
1178
1181
1182
1183
1184
1187
1188
1191
1195
1198
1199
1204
1206
1207
1208
1210
1213
1214
1220
1221
1225
1226
1227
1230
1231
1232
1234
1239
1240
1242
1251
1255
1266
1270
1271
1273
1276
1277
1280
1288
1290
1291
1297
1300
1307
1309
1311
1316
1318
1320
1324
1326
1328
1329
1331
1333
1349
1352
1353
1358
1359
1366
1371
1374
1376
1381
1382
1383
1386
1387
1393
1394
1396
1397
1403
1406
1407
1408
1411
1413
1420
1426
1427
1432
1434
1442
1448
1449
1450
1454
1457
1464
1465
1466
1467
1469
1476
1477
1478
1481
1483
1486
1490
1491
1493
1495
1496
1498
1502
1508
1512
1513
1514
1515
1518
1520
1522
1526
1529
1531
1533
1534
1536
1538
1539
1540
1542
1543
1544
1552
1554
1557
1561
1564
1571
1572
1575
1577
1578
1579
1581
1582
1587
1588
1589
1592
1593
1594
1597
1598
1604
1605
1606
1607
1608
1610
1613
1614
1616
1619
1622
1625
1627
1628
1629
1630
1632
1634
1635
1638
1640
1646
1647
1650
1652
1654
1659
1662
1665
1666
1667
1673
1674
1677
1678
1683
1684
1686
1687
1692
1697
1698
1699
1702
1703
1705
1706
1713
1714
1715
1717
1719
1721
1724
1728
1729
1733
1734
1736
1740
1741
1743
1745
1747
1752
1754
1756
1758
1760
1763
1766
1768
1770
1772
1775
1777
1781
1782
1785
1790
1791
1794
1795
1799
1800
1801
1803
1805
1806
1810
1814
1816
1817
1820
1824
1827
1828
1830
1834
1836
1839
157
51
144
47
129
77
155
7
132
52
13
90
74
103
123
16
68
127
140
65
33
121
44
128
34
76
23
150
154
84
67
125
32
149
43
41
119
147
122
146
109
98
126
110
92
63
48
161
106
142
99
114
85
88
54
100
82
93
131
28
27
11
36
160
157
96
94
25
5
108
50
87
130
21
159
30
14
124
8
143
102
37
162
22
145
80
9
70
6
24
135
42
40
4
153
133
53
156
83
64
97
78
17
35
55
15
1
151
79
0
105
107
12
104
45
120
134
138
139
163
60
49
118
111
73
116
3
113
31
112
57
18
19
115
117
26
91
72
152
39
95
20
141
69
62
71
56
81
148
38
89
59
2
158
75
46
29
66
