242
16
21
25
51
64
88
99
103
125
128
147
161
177
184
188
195
199
214
228
245
268
270
280
290
298
304
347
380
383
388
422
424
429
434
457
466
486
492
500
501
516
524
525
527
546
547
554
556
560
568
589
608
618
624
645
666
672
680
682
683
712
731
734
735
748
759
785
798
807
830
846
847
851
858
861
865
866
884
886
897
906
918
920
923
924
934
944
947
949
965
977
990
993
1002
1025
1026
1028
1039
1056
1077
1171
1179
1231
1236
1244
1247
1258
1267
1278
1281
1293
1295
1305
1309
1315
1327
1336
1339
1361
1377
1379
1393
1409
1416
1421
1452
1453
1469
1495
1500
1517
1544
1546
1554
1564
1566
1567
1576
1577
1583
1587
1619
1632
1642
1652
1657
1669
1680
1683
1687
1689
1709
1737
1745
1752
1766
1783
1785
1793
1806
1811
1818
1820
1828
1837
1840
1841
1863
1866
1870
1890
1922
1932
1937
1958
1962
1964
1967
1990
1997
2052
2066
2070
2071
2072
2091
2096
2100
2102
2106
2141
2147
2151
2152
2158
2160
2162
2169
2171
2179
2182
2204
2213
2218
2222
2244
2246
2295
2297
2303
2316
2321
2332
2339
2343
2344
2347
2375
2403
2417
2432
2450
2455
2474
2484
2506
2509
2517
2520
2525
2532
2533
2545
2550
2563
2570
2576
2585
2593
2605
2618
2624
161
88
109
81
51
130
64
60
16
32
83
125
77
66
113
129
74
122
116
20
61
44
111
12
102
58
80
47
75
106
35
27
107
123
128
152
112
99
147
8
31
145
50
63
7
39
98
137
78
56
103
72
95
41
150
134
42
154
104
65
33
138
52
71
1
14
153
62
34
101
53
87
155
100
22
17
13
37
11
97
55
108
159
146
28
114
143
142
140
110
94
69
85
82
4
132
29
3
151
25
127
92
156
67
126
46
19
30
144
105
139
43
117
84
133
38
124
93
40
149
157
131
91
6
135
73
54
96
115
70
23
119
76
36
24
158
59
48
68
86
148
26
118
57
120
10
2
45
121
90
79
21
18
5
49
15
9
0
141
160
136
89
