128
47
73
160
192
197
225
234
277
309
337
384
396
402
430
445
474
518
533
583
591
595
605
615
633
635
639
685
720
730
774
783
817
834
842
856
859
865
867
872
879
897
901
910
914
926
942
1035
1036
1041
1057
1079
1089
1130
1149
1151
1160
1185
1201
1205
1206
1233
1246
1255
1288
1351
1371
1384
1408
1411
1415
1433
1434
1439
1535
1555
1562
1604
1617
1619
1629
1647
1668
1699
1712
1726
1750
1751
1794
1806
1819
1822
1827
1833
1848
1856
1863
1867
1873
1892
1899
1901
1902
1903
1915
1933
1979
2012
2041
2062
2064
2077
2085
2089
2099
2102
2131
2133
2138
2149
2157
2173
2179
2226
2231
2255
2370
2379
2418
161
80
90
69
162
12
10
149
97
58
119
40
25
159
138
148
147
16
62
39
123
124
57
139
120
55
127
29
15
2
137
23
41
22
95
109
92
30
110
145
83
63
6
34
33
1
117
19
130
111
79
66
133
143
116
146
60
142
144
26
88
17
155
75
91
160
134
81
107
84
151
14
99
65
128
32
122
131
118
73
100
20
156
49
87
98
94
70
112
35
48
8
140
71
68
114
157
64
27
103
132
47
0
36
24
9
7
44
53
51
85
150
52
74
21
153
54
106
129
89
28
104
18
115
31
152
5
82
43
93
135
4
102
136
61
46
72
96
78
3
125
77
50
42
121
56
37
141
59
113
158
126
45
76
161
86
108
11
105
13
101
154
