149
23
36
46
47
51
65
71
74
78
79
82
95
102
115
133
134
143
147
151
158
160
162
175
189
202
205
208
212
214
218
222
223
224
229
236
238
247
259
262
268
275
277
288
301
308
311
315
324
327
330
337
338
349
354
367
379
381
388
392
398
399
410
412
415
431
438
440
441
452
453
455
461
472
476
483
502
508
513
515
523
526
538
555
558
560
572
585
590
598
602
604
605
611
615
630
652
655
658
695
700
702
704
717
728
733
739
740
752
753
756
763
768
780
789
800
801
806
809
811
827
848
878
894
902
908
912
923
952
953
958
967
970
981
984
988
992
1018
1021
1026
1028
1036
1041
1045
1046
1047
1055
1062
1066
1087
77
41
69
18
31
48
67
62
54
26
14
71
21
20
49
55
28
39
53
29
16
61
35
63
70
11
37
73
10
77
86
78
2
9
4
24
81
51
40
27
79
68
32
84
82
74
76
47
25
3
8
1
15
87
60
7
17
43
5
42
66
85
59
0
12
45
65
19
75
36
33
34
46
64
6
83
50
22
