125
40
45
49
73
82
84
99
108
110
113
133
138
153
159
174
183
215
219
314
339
342
367
456
507
513
525
561
587
611
615
636
788
819
872
894
895
899
901
908
913
929
943
959
971
972
974
1001
1009
1011
1044
1046
1064
1068
1120
1136
1168
1173
1191
1193
1276
1280
1310
1314
1317
1322
1327
1378
1401
1426
1432
1458
1465
1501
1506
1534
1543
1549
1559
1601
1624
1628
1629
1638
1641
1660
1661
1679
1684
1689
1700
1780
1805
1819
1822
1867
1906
1940
1950
1959
1996
2000
2014
2037
2051
2059
2063
2067
2070
2071
2109
2140
2155
2183
2189
2204
2251
2284
2310
2329
2330
2331
2378
2383
2389
2430
163
63
94
86
104
46
59
106
19
99
70
6
150
113
128
11
115
12
152
153
18
9
139
55
84
79
141
61
124
97
14
122
34
116
82
77
21
67
72
20
45
148
91
137
114
101
161
134
0
88
126
133
156
89
123
4
119
25
38
159
105
102
5
35
121
157
125
13
58
39
3
129
90
144
2
43
127
96
15
69
65
151
36
138
136
40
33
7
28
117
30
155
31
98
74
22
87
51
53
54
16
158
92
23
118
47
132
71
110
68
130
162
29
57
42
100
131
26
143
64
37
32
107
142
93
73
60
83
44
81
146
145
50
85
76
56
66
78
10
95
62
41
147
17
75
120
49
8
80
108
48
52
149
154
1
103
135
112
111
160
24
140
27
109
