686
5
8
9
12
15
16
17
18
19
22
23
24
25
33
36
37
39
40
41
42
44
45
47
49
50
54
55
56
58
59
60
63
65
66
70
71
72
73
78
80
83
84
85
86
87
88
89
90
91
92
93
99
101
105
107
108
110
111
112
113
115
116
117
122
125
127
128
129
130
131
132
134
135
136
137
138
139
140
141
142
146
148
149
150
151
152
153
154
156
157
159
160
161
162
163
167
169
171
172
173
174
175
176
177
178
181
183
184
185
186
188
190
191
192
194
197
198
199
200
202
204
205
206
207
208
211
213
215
216
217
220
221
222
223
226
227
229
231
232
233
235
236
237
238
241
242
243
246
247
249
250
251
252
254
255
256
257
258
260
262
264
265
266
267
271
273
274
278
279
280
281
282
283
287
289
290
292
294
296
297
298
301
303
306
307
310
311
314
315
316
319
320
321
324
325
326
329
330
335
336
337
338
340
341
342
345
346
347
348
349
350
352
355
356
357
362
363
365
367
373
374
377
378
379
380
381
384
385
387
388
389
390
393
395
396
397
398
399
400
402
403
404
406
407
408
409
410
413
416
418
420
421
422
423
424
425
426
427
429
430
432
434
435
438
439
440
444
446
447
450
453
456
457
458
459
460
461
462
463
465
466
467
473
474
475
477
478
480
481
482
483
484
485
486
487
488
490
491
492
493
497
498
500
501
503
506
508
509
511
512
514
517
518
519
520
521
522
525
526
528
529
533
534
536
537
538
540
542
543
544
547
548
549
550
551
552
553
557
559
560
561
562
563
565
566
567
568
569
570
574
575
579
580
582
583
584
586
589
594
595
596
597
598
599
601
603
607
608
610
611
614
619
620
621
622
623
624
625
628
629
630
631
632
635
636
637
639
641
643
645
647
648
649
650
654
656
658
659
661
662
663
664
665
666
667
669
671
672
673
674
675
678
681
682
683
686
687
688
689
690
693
695
697
699
701
702
707
709
710
711
714
715
717
719
720
724
725
726
727
728
730
731
733
735
738
739
742
745
747
748
749
750
751
752
753
754
756
757
758
761
762
764
766
767
768
769
770
771
773
774
775
777
779
780
782
783
784
786
787
789
791
792
793
794
796
797
799
800
802
804
805
806
807
808
809
813
816
817
818
819
820
822
824
825
826
827
829
830
831
832
834
835
836
838
839
841
844
846
848
849
851
852
854
855
857
858
860
861
862
864
865
866
867
868
869
872
873
874
875
879
880
881
883
885
889
890
891
893
897
898
899
900
902
903
904
905
906
907
908
909
910
911
912
914
915
918
919
920
921
922
923
925
926
929
931
932
935
936
937
938
940
941
943
944
945
946
947
948
950
951
952
955
958
959
960
961
965
966
968
970
971
974
975
976
977
978
979
980
981
983
984
985
986
987
990
992
995
996
997
998
1000
1003
1004
1006
1009
1010
1012
1013
1014
1016
1017
1019
1021
1022
1023
1024
1025
1026
1027
1029
1031
1034
1035
1036
1044
1045
1046
1049
1050
1051
1052
1054
1055
1056
1057
1059
1060
1063
1064
1065
1066
1068
1071
1073
1076
1078
1080
1082
1083
1085
1087
1088
1089
1090
1091
1094
1095
1096
1097
1098
1099
1100
1102
1103
1106
1107
82
84
39
62
65
23
68
80
7
27
43
72
3
40
17
14
78
10
16
54
31
51
22
66
2
61
19
9
24
44
42
77
11
48
29
15
76
69
82
63
6
87
26
53
71
64
28
67
60
79
74
30
45
56
86
52
4
21
35
32
58
0
41
1
49
73
5
85
70
18
38
12
20
46
50
83
36
13
47
75
37
59
8
