255
14
58
60
67
70
81
82
95
100
128
142
150
163
169
199
200
201
202
212
229
233
234
248
257
264
268
277
288
290
308
334
352
376
379
381
397
400
403
404
406
409
413
417
424
444
446
448
451
453
459
492
507
516
543
547
569
572
589
596
607
647
655
660
663
665
674
679
683
712
723
737
751
772
803
811
821
822
831
832
842
846
867
896
919
938
962
963
996
1016
1044
1063
1068
1086
1125
1127
1136
1166
1179
1181
1189
1194
1210
1221
1222
1239
1241
1272
1293
1301
1329
1332
1354
1364
1376
1382
1383
1394
1396
1411
1430
1432
1436
1447
1474
1484
1497
1510
1517
1520
1523
1527
1529
1532
1535
1540
1565
1566
1568
1572
1589
1596
1599
1603
1604
1611
1615
1624
1648
1653
1662
1667
1668
1678
1693
1694
1711
1714
1719
1730
1748
1778
1781
1794
1813
1818
1825
1850
1861
1865
1866
1869
1871
1875
1892
1897
1917
1932
1952
1961
1964
1972
1973
1979
1989
1997
2017
2020
2030
2035
2056
2060
2064
2065
2074
2079
2093
2095
2103
2106
2127
2133
2138
2140
2146
2174
2178
2185
2195
2198
2213
2216
2217
2227
2239
2244
2247
2251
2257
2268
2269
2276
2281
2283
2289
2315
2316
2335
2345
2348
2358
2366
2367
2387
2388
2400
2417
2421
2428
2430
2432
2438
2443
2448
2462
2469
2473
2502
2513
2583
2588
2591
2593
2597
2598
2618
161
13
19
157
74
135
8
54
89
42
29
2
32
107
52
33
143
82
149
5
85
122
62
0
44
95
90
125
128
120
100
81
28
69
159
1
98
87
123
72
136
93
138
145
34
63
23
103
57
53
50
51
102
130
49
116
139
104
48
84
43
133
46
27
127
35
20
47
73
124
76
45
115
14
121
65
96
129
109
6
75
88
119
17
92
11
156
132
24
78
30
31
134
110
126
39
67
91
61
108
25
68
79
4
77
142
112
41
70
147
58
155
94
118
16
7
106
18
144
141
21
86
83
12
111
137
113
59
101
154
37
148
9
97
131
40
55
153
105
3
150
36
60
158
80
15
152
160
64
99
26
151
56
114
10
71
38
66
22
140
146
117
