257
20
24
29
32
33
34
38
43
46
56
67
77
88
89
113
131
145
146
147
174
191
203
215
219
232
235
252
277
292
300
315
316
318
322
326
337
340
342
348
350
352
381
392
395
397
403
429
440
446
457
479
487
489
500
501
508
530
535
540
547
553
583
587
591
637
638
649
655
660
705
714
720
727
752
754
759
772
787
792
820
826
830
832
835
836
839
854
858
859
911
915
955
956
968
971
972
980
992
1004
1038
1044
1059
1073
1088
1099
1119
1124
1127
1134
1135
1155
1158
1165
1169
1175
1177
1187
1194
1196
1197
1207
1209
1210
1216
1236
1267
1308
1325
1328
1332
1333
1347
1348
1355
1370
1371
1372
1377
1378
1384
1406
1421
1423
1436
1459
1463
1472
1541
1547
1550
1560
1562
1568
1579
1583
1584
1596
1601
1606
1627
1642
1649
1650
1651
1665
1669
1670
1689
1702
1715
1716
1731
1734
1743
1746
1757
1768
1769
1774
1777
1792
1809
1816
1839
1840
1857
1866
1867
1873
1875
1887
1893
1898
1946
1965
1989
1997
2002
2020
2025
2026
2038
2046
2051
2052
2060
2067
2070
2072
2075
2117
2124
2126
2129
2142
2151
2162
2164
2171
2176
2179
2204
2209
2213
2235
2241
2246
2252
2268
2269
2272
2305
2335
2343
2345
2365
2388
2407
2422
2427
2428
2442
2449
2461
2463
2465
2470
2489
2539
2564
2569
2572
2574
2587
2592
2616
2622
154
16
24
116
132
54
69
34
95
150
23
156
1
154
31
114
55
58
45
6
8
40
56
79
39
141
20
74
22
84
63
70
127
72
76
105
91
117
83
133
9
75
18
52
65
148
153
19
146
129
7
120
80
126
122
90
94
140
15
99
107
125
66
26
64
144
157
73
130
35
14
124
102
32
27
0
46
28
21
86
96
5
12
147
115
68
142
50
139
67
134
78
158
113
44
110
4
37
159
152
42
128
43
98
101
11
87
89
155
106
82
151
138
111
131
51
48
41
92
17
81
53
112
137
135
119
121
77
60
62
88
104
57
85
118
29
47
10
25
71
160
109
33
108
30
149
2
123
145
49
143
136
97
36
61
