104
21
34
37
46
54
69
99
148
177
182
209
224
299
320
347
395
398
401
419
425
431
460
488
496
536
552
562
579
596
606
618
685
688
696
707
726
760
810
822
831
854
857
887
888
911
927
935
953
969
973
986
1011
1016
1035
1045
1052
1062
1104
1110
1127
1156
1158
1181
1233
1257
1301
1413
1416
1423
1432
1450
1476
1492
1503
1517
1534
1561
1563
1588
1591
1601
1617
1675
1680
1698
1752
1761
1762
1803
1927
1934
2012
2018
2071
2081
2083
2195
2229
2319
2333
2398
2420
2434
2442
156
15
64
37
52
17
73
140
4
131
82
113
59
143
142
84
99
27
126
116
1
86
26
151
3
78
88
35
112
81
95
38
68
19
114
138
40
25
123
117
57
137
98
89
141
14
101
6
22
47
42
159
148
120
72
50
96
135
145
119
16
60
29
122
161
107
56
23
118
160
139
153
63
39
5
80
10
125
144
93
51
62
155
32
150
31
12
157
0
9
87
94
146
34
65
45
110
20
76
90
162
108
11
61
69
127
109
154
106
104
44
55
2
13
156
70
71
102
28
21
67
48
132
115
75
103
130
111
136
74
36
79
49
121
83
18
8
30
92
124
97
54
133
41
24
58
147
77
7
158
128
33
149
66
53
105
134
