678
13
26
27
40
41
43
44
46
50
52
54
57
58
61
65
66
68
69
71
74
76
80
82
83
84
85
91
97
99
100
102
104
114
119
122
124
126
128
129
131
132
136
137
138
140
141
143
144
147
150
151
155
156
157
160
161
162
164
166
167
172
174
176
178
180
181
183
185
187
190
195
196
197
200
208
210
212
213
215
216
221
223
225
229
232
233
236
239
242
243
248
257
264
265
267
271
272
274
275
277
287
288
289
292
296
300
301
302
310
314
319
322
331
332
335
337
342
345
347
349
354
357
360
361
362
363
365
368
369
371
379
382
383
384
385
386
387
389
394
396
399
402
404
406
409
410
412
418
419
420
425
429
431
432
438
439
449
451
452
454
455
457
460
462
464
468
471
477
478
491
493
495
500
505
506
507
510
513
514
515
518
519
523
527
528
532
534
535
536
537
539
540
543
546
547
548
549
552
553
556
562
563
565
568
571
577
581
584
587
588
592
593
594
599
600
601
604
606
609
612
614
616
624
625
628
636
637
638
640
641
648
649
657
658
659
662
668
669
674
679
681
688
692
693
701
704
706
709
710
714
715
718
719
721
725
728
729
738
744
746
750
751
753
754
755
759
762
764
766
772
773
775
782
784
786
790
791
793
795
796
801
803
807
808
810
811
812
814
817
821
822
823
824
826
827
829
832
834
839
841
842
845
847
849
854
855
857
862
863
864
867
868
870
871
873
874
875
876
884
887
888
889
890
892
893
894
895
897
899
901
905
909
913
915
916
919
926
929
933
934
938
939
941
943
949
950
959
966
973
974
975
978
982
983
984
985
987
988
993
999
1002
1003
1004
1007
1008
1012
1015
1016
1019
1021
1022
1025
1027
1028
1029
1030
1031
1032
1034
1035
1036
1038
1041
1042
1044
1051
1053
1056
1062
1064
1065
1066
1067
1084
1086
1088
1090
1091
1092
1093
1095
1096
1098
1099
1101
1104
1107
1113
1118
1119
1120
1122
1125
1127
1129
1130
1131
1133
1135
1138
1139
1140
1141
1144
1145
1150
1152
1154
1155
1157
1168
1170
1176
1182
1184
1185
1186
1188
1194
1198
1202
1204
1205
1208
1210
1214
1217
1220
1221
1222
1224
1225
1226
1228
1232
1233
1234
1235
1236
1239
1240
1241
1244
1249
1255
1257
1259
1260
1265
1267
1269
1272
1274
1275
1278
1280
1284
1289
1292
1293
1301
1304
1307
1308
1310
1311
1316
1322
1323
1325
1327
1328
1332
1342
1346
1348
1349
1350
1356
1357
1358
1359
1362
1363
1368
1369
1370
1372
1373
1375
1377
1381
1383
1385
1386
1388
1392
1395
1397
1399
1400
1402
1405
1409
1412
1415
1419
1421
1424
1425
1430
1434
1435
1443
1444
1449
1450
1456
1458
1460
1462
1466
1468
1472
1473
1474
1485
1490
1493
1494
1496
1502
1505
1506
1508
1511
1515
1519
1523
1529
1530
1531
1537
1541
1542
1543
1546
1550
1551
1555
1556
1558
1560
1567
1571
1580
1581
1585
1587
1588
1589
1593
1594
1596
1598
1599
1600
1601
1603
1608
1610
1611
1616
1617
1620
1622
1623
1628
1629
1630
1632
1634
1636
1637
1638
1639
1641
1642
1644
1650
1651
1653
1657
1660
1665
1668
1669
1671
1674
1679
1682
1683
1685
1688
1692
1695
1697
1700
1705
1708
1713
1714
1720
1727
1728
1730
1733
1740
1741
1743
1746
1750
1751
1754
1757
1758
1761
1762
1766
1770
1775
1776
1780
1782
1783
1792
1793
1797
1807
1808
1809
1811
1813
1814
1815
1816
1818
1826
1828
1829
1832
1833
1834
1835
1837
1838
1839
1840
157
56
153
55
8
147
149
66
52
138
99
131
110
160
128
9
111
49
65
42
89
47
164
21
63
98
41
140
19
72
116
124
60
86
82
73
59
39
90
51
118
71
93
48
81
74
159
58
77
46
129
37
2
26
115
67
88
91
7
5
64
36
32
144
75
101
43
150
135
117
123
6
30
83
12
84
27
112
96
17
133
20
137
152
104
102
156
80
29
151
22
76
155
15
107
148
87
154
103
163
113
1
23
78
157
162
10
158
127
45
34
139
0
70
13
24
130
31
92
79
28
97
119
11
85
109
114
141
53
16
143
105
125
3
4
69
40
121
145
120
57
35
94
38
44
108
50
122
18
136
146
54
126
132
134
33
95
68
