80
55
115
117
121
157
174
184
216
242
317
343
373
375
385
407
433
456
458
478
555
559
566
605
607
620
629
672
689
733
777
804
824
836
858
870
901
916
922
977
984
992
1011
1046
1066
1072
1077
1103
1126
1148
1152
1168
1188
1191
1235
1263
1273
1323
1443
1474
1482
1496
1503
1537
1539
1560
1579
1584
1593
1646
1648
1655
1667
1675
1695
1709
1751
1753
1766
1773
1808
123
82
5
153
150
48
72
73
74
154
162
106
7
128
76
105
103
159
94
163
62
29
140
28
79
78
41
34
9
108
109
52
161
23
6
11
43
158
4
91
95
120
151
157
96
10
26
155
136
32
27
16
164
117
97
88
104
89
152
39
101
142
47
98
42
121
56
102
125
35
92
131
123
55
141
143
149
135
69
49
45
144
100
15
21
61
81
145
130
148
40
2
90
80
67
129
46
31
51
18
99
53
124
84
115
114
107
160
38
12
60
134
25
127
137
54
86
156
20
59
77
13
111
116
