660
4
6
13
14
18
21
23
26
28
29
30
33
34
40
43
44
45
46
48
49
54
55
59
64
65
66
68
70
72
73
74
77
78
81
82
87
89
91
92
96
97
103
113
116
117
118
121
124
131
132
133
137
138
141
143
145
147
149
155
156
157
158
162
165
166
168
169
172
175
179
182
183
189
193
195
196
199
200
203
206
207
208
216
219
220
221
222
223
227
228
230
231
232
233
237
239
242
245
248
250
251
256
257
259
265
267
270
271
272
274
280
290
292
295
296
298
301
303
304
306
307
310
311
312
315
316
318
319
324
325
326
327
329
330
332
333
334
335
338
347
348
349
350
354
359
360
362
364
366
367
371
372
374
379
381
386
393
397
399
401
403
404
409
412
414
419
422
423
424
425
426
428
430
433
438
439
440
441
442
443
447
453
455
458
465
466
468
470
474
475
476
480
485
486
487
491
492
495
497
498
499
503
507
508
512
513
517
519
524
527
528
529
530
532
533
535
540
543
546
549
552
557
563
569
570
571
577
578
581
583
584
588
595
596
597
598
603
605
607
615
621
622
625
627
628
629
632
633
639
640
644
648
651
655
656
659
661
664
665
666
670
677
678
680
683
686
687
693
698
704
708
709
710
711
713
714
721
733
739
742
744
748
750
752
756
758
762
768
772
775
792
794
798
803
804
808
814
821
822
826
833
835
836
838
839
840
845
846
849
854
857
860
864
867
868
870
872
875
878
880
883
885
889
890
891
895
900
902
904
905
909
911
912
913
917
920
923
926
932
933
936
939
940
941
943
945
949
956
958
959
960
962
964
970
973
979
982
984
985
987
990
991
992
994
996
997
1004
1006
1007
1009
1010
1011
1012
1014
1018
1019
1026
1034
1035
1039
1040
1041
1044
1045
1048
1057
1060
1065
1074
1077
1078
1079
1081
1083
1086
1087
1092
1094
1095
1096
1097
1098
1102
1104
1105
1106
1107
1113
1115
1117
1120
1123
1130
1131
1133
1136
1143
1146
1147
1148
1151
1154
1155
1157
1158
1159
1162
1166
1167
1170
1172
1174
1175
1176
1179
1185
1186
1187
1189
1193
1194
1195
1197
1199
1205
1206
1207
1208
1209
1211
1212
1213
1218
1223
1225
1228
1232
1238
1239
1243
1245
1249
1251
1252
1253
1256
1261
1265
1266
1269
1272
1274
1275
1279
1281
1283
1284
1286
1289
1296
1302
1306
1307
1309
1319
1327
1329
1330
1335
1338
1340
1344
1345
1346
1347
1348
1349
1350
1358
1359
1365
1366
1367
1371
1374
1379
1381
1388
1391
1392
1394
1397
1400
1404
1405
1406
1412
1422
1423
1424
1433
1439
1444
1446
1447
1450
1454
1455
1456
1457
1462
1463
1466
1468
1470
1471
1475
1476
1482
1485
1486
1488
1491
1492
1497
1501
1507
1509
1513
1516
1517
1520
1524
1529
1531
1532
1534
1536
1537
1538
1542
1547
1548
1552
1554
1560
1561
1565
1568
1570
1572
1578
1585
1591
1593
1594
1599
1602
1608
1609
1611
1614
1618
1621
1622
1628
1629
1630
1631
1637
1642
1645
1646
1648
1649
1652
1656
1657
1666
1669
1674
1677
1680
1681
1682
1683
1684
1686
1694
1696
1697
1698
1705
1707
1709
1713
1714
1717
1718
1731
1734
1735
1736
1737
1738
1739
1744
1745
1747
1748
1750
1754
1755
1756
1761
1768
1769
1770
1772
1776
1778
1779
1786
1789
1793
1796
1799
1800
1805
1809
1814
1815
1820
1822
1828
1829
1832
1835
1836
1837
157
4
97
105
141
72
6
101
114
20
130
69
31
79
93
148
124
120
109
116
2
92
152
35
75
52
14
10
84
110
19
65
80
96
13
82
73
78
162
89
49
111
155
88
94
128
64
25
143
48
41
150
142
135
16
95
149
32
118
115
99
45
87
36
12
59
153
134
54
40
140
67
17
98
159
3
136
1
26
8
103
42
160
71
43
37
57
138
44
68
131
81
133
22
24
91
122
125
126
112
100
144
55
90
86
51
7
147
66
157
21
102
108
139
129
77
145
56
53
38
28
123
47
18
76
5
27
60
156
117
30
113
146
39
34
85
9
132
106
70
50
127
46
15
104
158
23
0
63
61
164
11
58
151
121
154
107
161
