255
14
27
47
68
91
115
138
139
150
164
172
175
194
207
209
210
215
226
227
230
251
264
277
285
292
293
297
314
317
322
324
335
347
356
359
360
361
374
377
392
397
417
423
424
433
458
461
463
471
476
496
522
530
535
571
578
579
583
622
631
643
644
657
662
667
693
703
709
740
765
771
773
800
802
808
809
812
815
823
835
839
841
844
855
862
882
892
899
903
921
963
983
997
1011
1026
1027
1054
1058
1061
1065
1071
1080
1087
1097
1100
1108
1116
1122
1132
1139
1146
1150
1159
1178
1179
1180
1191
1207
1209
1222
1228
1238
1250
1261
1273
1283
1287
1289
1291
1304
1306
1315
1319
1322
1324
1330
1331
1334
1353
1360
1361
1383
1386
1397
1410
1412
1435
1440
1455
1461
1462
1478
1497
1499
1503
1512
1521
1532
1539
1540
1543
1561
1586
1624
1644
1653
1657
1668
1670
1674
1734
1774
1775
1785
1791
1803
1828
1833
1850
1852
1853
1857
1873
1875
1885
1920
1925
1934
1944
1986
1991
2012
2018
2025
2039
2048
2077
2082
2088
2089
2093
2095
2102
2103
2106
2110
2113
2114
2119
2120
2122
2131
2134
2157
2162
2170
2191
2192
2201
2217
2240
2255
2264
2269
2275
2281
2286
2292
2323
2334
2342
2356
2357
2376
2385
2388
2394
2400
2413
2414
2433
2444
2466
2497
2499
2505
2508
2532
2537
2542
2543
2575
2577
2596
2601
161
65
50
153
76
95
146
54
156
149
25
141
159
125
8
0
72
111
63
39
107
131
94
32
136
110
140
86
80
85
160
14
102
49
58
34
29
135
33
16
117
20
59
1
45
127
142
145
115
15
132
60
148
10
17
27
151
35
84
90
57
106
37
143
31
109
22
36
24
73
99
13
98
61
104
40
53
30
150
47
157
51
5
67
44
75
155
158
18
77
43
122
82
55
103
28
137
112
126
79
133
147
26
108
134
21
70
62
2
23
88
64
130
9
139
3
129
41
128
69
119
138
7
52
92
123
66
78
116
91
121
11
152
105
38
113
81
87
97
100
89
68
42
56
154
48
114
83
101
96
144
118
19
124
71
74
4
93
46
120
12
6
