232
14
30
36
53
56
60
62
70
85
90
95
111
138
144
155
171
179
181
188
199
208
217
222
228
276
295
298
304
310
320
330
336
337
372
392
393
394
405
407
419
425
431
434
441
454
474
482
486
495
509
522
550
558
563
585
599
602
608
639
643
673
692
695
708
735
738
744
748
760
764
766
774
788
792
803
813
815
845
853
865
874
882
897
904
910
918
933
953
960
974
990
999
1011
1022
1026
1033
1035
1039
1052
1071
1077
1078
1113
1131
1132
1136
1141
1144
1206
1211
1217
1223
1244
1277
1286
1293
1309
1322
1336
1377
1398
1434
1435
1437
1451
1474
1476
1539
1553
1577
1580
1592
1596
1617
1623
1634
1640
1650
1654
1667
1672
1674
1675
1677
1698
1706
1709
1728
1729
1742
1749
1756
1761
1765
1772
1784
1788
1794
1807
1814
1817
1836
1853
1862
1865
1869
1877
1885
1891
1899
1927
1935
1936
1942
1943
1946
1964
1968
1972
1973
1974
1978
1982
1987
1993
2005
2024
2031
2049
2066
2081
2092
2103
2112
2117
2126
2135
2137
2162
2164
2190
2195
2203
2225
2232
2245
2251
2269
2272
2275
2306
2324
2327
2353
2377
2385
2428
2431
2440
2499
2505
2509
2516
2517
2526
2533
2555
2559
2564
2575
2579
2609
156
115
64
33
140
4
122
160
98
59
32
91
24
74
123
87
16
18
131
21
132
151
63
142
120
43
93
139
129
22
6
143
2
56
39
72
95
10
104
125
148
29
82
47
31
124
155
126
61
127
35
107
23
96
57
136
41
146
66
147
77
154
44
19
158
27
134
117
36
20
119
11
110
13
105
116
71
5
94
109
7
69
80
37
103
89
153
26
152
60
34
137
100
92
1
73
130
138
48
112
8
12
88
70
0
101
144
108
49
38
30
86
3
128
141
55
62
46
78
50
79
54
133
118
111
42
156
25
51
114
28
121
97
40
45
113
102
159
68
53
81
52
150
58
83
67
145
17
65
90
149
85
99
84
14
9
157
