106
142
148
156
166
173
178
183
187
233
257
259
324
331
372
383
417
422
423
453
460
499
543
564
568
572
612
647
650
663
692
746
749
782
825
829
830
850
876
884
906
925
931
935
945
953
977
1010
1015
1018
1027
1030
1041
1059
1075
1150
1205
1224
1236
1352
1378
1389
1402
1406
1417
1418
1446
1458
1466
1468
1487
1488
1533
1538
1566
1567
1571
1585
1595
1635
1637
1648
1667
1708
1712
1768
1791
1826
1833
1852
1858
1932
1951
1967
2047
2057
2064
2180
2186
2263
2293
2300
2353
2356
2375
2389
2443
153
113
110
109
48
66
88
89
24
152
124
122
129
76
59
92
7
44
96
139
148
84
138
74
26
126
141
106
158
2
12
71
107
160
37
8
16
135
82
87
56
54
18
60
36
14
150
43
134
90
38
108
62
103
161
31
111
125
10
61
27
162
17
13
22
47
51
52
136
116
119
94
53
29
41
143
145
25
85
46
128
114
140
91
95
72
105
3
30
23
73
21
142
4
153
0
100
118
123
146
33
40
68
112
81
57
120
50
154
157
79
19
159
147
65
45
32
15
127
63
156
117
133
115
131
77
28
121
155
58
67
6
102
69
101
49
99
55
149
75
5
70
20
144
98
83
86
34
80
137
93
42
78
39
