249
14
22
25
39
46
62
83
114
122
124
134
154
165
167
171
174
182
192
197
213
224
275
292
293
314
319
328
342
347
361
366
391
398
406
407
409
412
418
427
453
454
456
457
458
467
477
480
506
509
510
520
531
537
544
573
580
582
594
595
596
611
614
624
641
645
667
679
680
687
690
724
733
738
746
748
756
767
807
808
820
830
844
851
859
863
877
896
905
937
949
951
973
975
976
981
990
1015
1022
1026
1049
1060
1068
1076
1077
1096
1127
1144
1147
1165
1174
1183
1194
1196
1200
1202
1219
1228
1236
1254
1273
1300
1311
1326
1328
1336
1337
1345
1348
1356
1365
1378
1381
1386
1392
1395
1399
1404
1416
1440
1443
1487
1518
1526
1572
1594
1605
1627
1673
1674
1688
1699
1700
1703
1710
1713
1714
1719
1727
1730
1739
1744
1753
1758
1775
1777
1778
1794
1799
1806
1817
1819
1825
1826
1832
1847
1850
1851
1852
1853
1855
1860
1866
1872
1877
1907
1908
1911
1912
1913
1930
1952
1960
1963
1983
2001
2019
2040
2042
2043
2045
2057
2058
2066
2074
2080
2101
2103
2120
2123
2142
2165
2175
2176
2181
2189
2199
2201
2217
2219
2232
2245
2265
2271
2282
2284
2288
2294
2319
2337
2387
2395
2420
2429
2437
2443
2452
2464
2475
2497
2527
2549
2550
2569
2574
2576
2583
2586
2606
2612
161
87
130
9
78
17
41
94
111
157
133
131
6
112
55
155
83
77
114
127
159
56
16
27
7
37
144
31
79
90
142
146
123
148
147
149
69
15
151
71
104
125
103
34
89
96
101
113
88
99
119
22
116
70
129
0
46
64
58
60
48
126
11
138
121
76
92
54
145
75
68
42
8
45
12
122
98
13
51
63
73
80
143
128
21
84
93
85
95
18
86
153
32
26
105
124
82
65
154
156
57
91
108
67
137
23
35
1
38
120
36
109
66
5
102
110
118
139
74
24
158
19
33
3
40
28
81
106
44
4
100
50
160
132
117
59
140
39
47
49
62
61
43
97
152
135
25
30
72
20
136
10
150
134
52
107
115
29
53
14
141
2
