686
3
6
10
11
15
16
17
18
19
20
21
26
29
32
33
34
35
36
38
39
40
41
43
47
48
49
52
53
54
57
58
59
62
63
64
67
68
69
72
73
74
75
77
78
79
80
81
83
88
91
93
94
95
97
99
100
103
104
106
108
110
113
115
116
117
119
120
123
124
125
128
131
134
137
139
141
143
144
145
146
147
148
149
150
151
153
154
155
156
157
160
161
166
167
168
170
171
172
173
176
177
178
179
180
181
186
187
189
191
193
195
196
197
199
201
202
206
207
208
209
210
212
214
216
219
224
226
227
228
230
231
232
233
235
236
238
239
240
241
242
243
244
246
247
250
251
252
254
256
257
258
260
262
263
265
266
267
268
270
273
274
275
279
280
283
286
288
289
290
292
295
296
297
298
299
300
301
303
304
305
306
307
308
309
310
311
316
318
319
321
322
323
325
328
330
332
333
334
335
336
339
340
341
342
343
344
345
346
347
351
352
354
357
358
359
360
361
363
366
367
369
370
372
373
375
376
378
379
381
382
386
388
389
390
391
392
393
394
395
396
400
401
402
404
405
407
408
409
410
411
412
413
415
417
420
422
423
424
426
427
428
429
430
431
432
433
435
441
442
444
447
448
449
450
452
454
455
457
458
459
460
461
462
464
466
469
470
471
473
474
475
476
478
479
480
481
482
485
486
488
489
491
492
493
495
499
500
501
502
503
504
505
511
512
513
515
518
520
521
522
523
525
526
527
530
532
534
535
536
538
539
541
542
543
544
545
546
547
550
551
554
557
558
559
561
563
564
565
566
567
568
569
571
574
575
577
578
579
580
581
582
583
584
585
586
589
590
592
593
594
595
597
599
600
601
602
603
604
605
606
607
609
610
611
613
614
615
617
620
622
623
624
626
627
628
633
634
635
636
637
638
639
640
641
642
643
644
647
649
653
654
657
658
659
662
663
664
665
667
669
670
671
673
674
675
676
679
681
688
689
691
692
693
695
696
697
698
699
700
701
703
704
706
707
710
711
712
714
715
716
719
720
721
722
723
725
728
729
730
732
734
735
737
738
740
741
742
744
745
746
747
749
750
753
756
760
761
763
764
766
767
771
772
773
774
776
777
778
779
780
781
782
783
784
785
786
787
790
791
792
793
795
797
799
800
802
803
805
807
809
811
813
814
815
817
818
819
822
823
825
826
827
829
830
831
832
833
834
841
842
843
844
846
847
848
850
851
854
857
859
861
862
863
866
867
869
873
877
879
882
883
885
886
887
888
890
892
894
895
896
897
898
899
900
903
906
907
908
912
914
916
917
918
919
920
921
922
923
924
925
927
930
931
932
933
935
937
940
941
942
943
946
948
949
950
953
957
958
959
961
962
964
968
969
970
972
974
975
977
979
980
984
985
986
988
989
990
993
994
996
997
998
1002
1004
1005
1006
1007
1010
1013
1014
1016
1017
1019
1021
1022
1023
1024
1025
1027
1029
1030
1031
1033
1035
1037
1038
1040
1041
1048
1050
1052
1055
1056
1057
1058
1059
1060
1065
1066
1067
1069
1070
1071
1072
1074
1075
1077
1078
1079
1080
1082
1084
1085
1086
1088
1089
1090
1095
1096
1097
1099
1103
1104
1105
1106
1107
83
9
83
2
19
55
30
10
47
27
82
74
20
4
35
54
36
52
85
22
42
37
6
58
65
84
78
29
70
23
41
25
43
61
26
18
45
76
12
31
53
40
49
13
72
8
5
46
86
67
16
51
44
75
87
11
17
34
64
60
24
28
1
32
63
3
7
48
66
59
56
62
73
77
68
33
38
80
71
57
15
0
69
14
