672
14
16
17
18
23
25
27
35
37
39
40
42
48
50
54
57
58
60
64
68
72
76
78
80
81
82
92
93
95
98
99
102
103
104
111
113
117
122
124
126
129
130
131
132
133
135
138
140
144
146
150
151
153
156
159
162
164
165
168
169
173
177
180
184
185
186
188
190
191
192
195
197
198
201
202
205
207
208
209
210
211
212
213
216
217
219
220
223
224
226
229
230
233
237
243
247
248
253
254
263
264
270
271
274
279
283
284
285
289
290
293
295
298
299
304
308
310
313
314
318
319
322
327
328
330
332
333
335
336
337
338
340
346
348
350
351
354
356
362
363
364
367
370
371
373
374
375
377
379
384
385
392
393
401
406
415
416
418
421
424
425
426
432
435
439
440
442
445
446
448
451
453
459
465
468
469
471
472
477
481
483
484
489
490
491
492
493
495
496
497
499
504
505
507
510
511
516
518
519
521
530
533
536
537
538
539
541
545
547
552
555
556
563
565
569
570
573
575
577
579
580
583
586
590
593
595
599
600
606
610
612
617
619
620
621
623
624
626
631
638
640
641
646
647
649
653
655
657
660
661
662
665
666
667
669
670
672
677
688
690
691
693
698
699
701
704
707
710
712
723
729
731
737
739
741
742
744
749
750
753
754
755
756
757
758
760
761
762
764
766
768
771
773
774
775
776
778
781
782
790
792
796
799
801
803
804
806
809
810
811
812
815
818
822
832
833
834
835
842
845
847
848
852
853
855
865
866
868
879
880
887
894
898
899
900
901
904
906
907
908
911
914
916
920
924
925
926
928
930
931
933
934
936
939
943
945
951
954
956
957
961
962
964
965
966
970
972
975
980
984
986
990
992
995
996
999
1003
1004
1007
1009
1010
1014
1015
1024
1030
1033
1035
1037
1038
1040
1047
1050
1051
1053
1054
1055
1063
1068
1069
1074
1076
1079
1081
1088
1092
1099
1100
1104
1112
1113
1114
1116
1117
1119
1124
1127
1128
1129
1130
1136
1137
1140
1144
1147
1148
1151
1152
1156
1157
1160
1162
1164
1165
1167
1171
1172
1175
1176
1177
1178
1179
1181
1182
1183
1186
1191
1194
1195
1197
1198
1199
1200
1201
1204
1205
1206
1207
1209
1214
1216
1217
1219
1221
1224
1225
1229
1234
1236
1239
1246
1254
1257
1258
1261
1262
1263
1264
1268
1270
1279
1284
1285
1289
1290
1291
1292
1294
1295
1296
1298
1300
1302
1303
1310
1311
1319
1320
1321
1322
1323
1326
1327
1331
1332
1333
1334
1337
1341
1346
1352
1361
1362
1364
1371
1374
1375
1377
1379
1380
1383
1384
1387
1390
1391
1393
1394
1407
1410
1414
1417
1418
1422
1423
1425
1431
1432
1434
1438
1440
1441
1444
1445
1452
1455
1459
1461
1462
1465
1466
1470
1477
1480
1482
1485
1492
1493
1499
1502
1505
1509
1510
1511
1518
1519
1526
1528
1531
1534
1535
1538
1539
1548
1550
1551
1555
1560
1561
1562
1570
1575
1576
1579
1580
1581
1582
1583
1585
1587
1589
1590
1591
1592
1598
1599
1601
1602
1605
1607
1609
1610
1620
1621
1624
1627
1636
1637
1639
1643
1649
1650
1652
1654
1655
1656
1657
1658
1659
1663
1664
1671
1682
1684
1685
1686
1687
1690
1691
1693
1701
1702
1708
1711
1714
1717
1727
1732
1735
1737
1741
1744
1748
1752
1758
1759
1768
1769
1775
1776
1780
1781
1782
1787
1788
1794
1795
1797
1798
1799
1800
1801
1805
1807
1808
1809
1811
1818
1821
1822
1830
1832
1836
1838
155
113
149
16
82
40
45
109
12
48
53
103
79
150
22
163
74
143
123
129
145
55
98
51
49
76
156
160
32
58
90
5
158
97
105
116
42
140
36
6
99
29
83
118
87
37
131
153
17
44
117
72
30
128
86
9
132
23
2
14
52
135
69
1
33
61
11
119
80
108
100
93
19
8
142
94
46
137
111
126
155
21
136
77
84
133
39
146
57
122
71
138
112
10
162
3
62
141
78
144
59
54
127
95
152
147
164
7
38
56
120
41
67
28
154
25
121
35
70
4
139
47
26
13
110
157
124
88
125
34
92
107
15
73
101
31
24
68
27
159
130
50
60
114
96
134
0
64
43
18
104
66
161
102
20
106
