132
2
26
60
61
88
104
140
142
143
215
279
286
298
299
327
328
349
368
380
383
386
398
406
407
424
443
454
499
521
522
571
589
614
683
685
701
706
738
741
744
746
781
859
867
884
899
903
972
1015
1031
1034
1043
1058
1078
1098
1115
1153
1177
1182
1207
1208
1217
1227
1262
1270
1275
1304
1318
1325
1331
1362
1377
1423
1427
1525
1556
1562
1592
1622
1627
1656
1674
1679
1683
1702
1735
1737
1763
1764
1769
1784
1789
1801
1827
1829
1846
1873
1877
1927
1951
1953
1954
2007
2015
2018
2058
2060
2068
2072
2076
2078
2082
2092
2128
2131
2145
2150
2195
2229
2242
2243
2257
2289
2292
2324
2343
2344
2375
2378
2412
2422
2436
163
75
159
0
155
45
134
156
37
55
2
108
84
41
120
133
68
77
129
140
100
119
67
82
83
46
131
154
157
139
8
48
85
78
10
96
31
127
121
32
71
21
137
35
144
53
160
161
56
26
73
18
116
149
57
3
153
12
122
38
27
128
97
109
102
74
22
110
19
76
124
14
142
36
54
81
33
147
91
17
141
5
105
70
51
88
24
146
132
113
101
125
115
79
111
34
28
44
59
98
62
47
126
89
162
40
52
4
135
112
106
72
158
117
9
86
49
42
43
103
118
58
63
13
64
29
99
69
143
138
80
87
123
66
7
60
65
25
94
152
61
90
93
23
151
104
11
145
50
16
6
30
39
15
20
114
92
95
107
136
130
150
1
148
