253
9
32
38
45
52
82
85
86
108
112
138
148
162
165
166
167
199
213
225
230
236
242
274
275
301
304
309
313
320
323
324
329
330
335
338
341
354
360
369
381
408
413
423
428
432
471
475
477
484
492
499
501
518
526
531
540
542
543
548
551
555
557
564
573
577
599
607
608
624
633
642
650
663
667
672
694
697
705
720
749
769
772
773
774
779
799
811
823
863
867
874
884
886
899
902
914
915
922
925
927
948
980
986
990
1002
1004
1022
1023
1035
1068
1070
1074
1085
1100
1116
1128
1130
1138
1141
1144
1151
1172
1181
1183
1195
1245
1249
1251
1267
1272
1278
1285
1310
1316
1325
1335
1344
1363
1364
1374
1390
1396
1407
1428
1434
1450
1458
1467
1481
1483
1506
1508
1516
1523
1536
1545
1548
1581
1609
1610
1617
1636
1648
1654
1660
1664
1676
1680
1682
1692
1727
1728
1729
1742
1745
1748
1762
1777
1786
1791
1802
1814
1827
1851
1853
1863
1865
1880
1886
1890
1893
1904
1925
1936
1939
1944
1946
1974
1995
1997
2002
2006
2019
2025
2043
2044
2048
2060
2076
2089
2112
2145
2147
2171
2180
2203
2218
2233
2262
2264
2274
2299
2310
2313
2316
2347
2355
2367
2383
2392
2399
2400
2405
2423
2433
2439
2444
2446
2466
2470
2491
2504
2512
2524
2525
2529
2555
2558
2568
2573
2593
2610
2624
161
116
74
158
159
120
79
146
122
77
157
46
141
0
85
78
41
124
154
84
39
89
56
145
94
129
123
66
11
113
55
43
104
152
30
136
131
143
13
45
144
132
73
26
48
106
54
127
2
20
140
70
23
6
27
19
101
51
107
98
10
28
36
130
138
115
148
114
47
93
65
86
9
134
96
49
128
135
33
35
156
125
72
44
150
147
75
137
50
88
121
151
103
4
139
142
109
87
102
68
52
15
64
76
8
38
91
32
63
57
97
108
3
69
22
100
118
67
1
119
111
12
40
29
62
81
59
92
110
99
160
61
7
133
117
80
155
83
153
17
34
58
14
31
149
37
95
82
126
71
24
25
60
18
105
16
42
53
5
21
90
112
