638
17
18
20
21
29
42
47
49
50
51
53
60
62
65
66
67
68
70
74
76
81
83
84
85
87
89
91
96
98
99
100
101
102
105
110
111
113
116
118
119
129
132
133
137
138
141
145
149
153
161
162
163
165
168
169
171
173
174
175
177
178
184
185
188
190
196
202
205
207
208
212
215
220
224
225
230
235
239
240
242
245
246
249
254
255
257
258
259
261
263
268
269
270
274
276
287
288
290
294
295
296
303
309
311
314
316
317
318
324
325
329
332
337
340
341
342
347
351
363
364
366
369
370
371
373
374
376
381
387
388
389
394
397
400
401
405
409
410
411
412
415
417
420
422
434
435
437
438
439
443
449
450
451
453
454
455
456
471
474
475
477
483
484
486
488
489
492
494
500
501
507
512
514
516
517
520
525
527
532
533
535
536
538
539
542
543
544
549
556
562
566
567
568
569
571
572
577
579
581
583
587
588
592
596
601
604
607
609
613
615
616
620
621
626
631
636
637
643
646
647
648
651
654
655
658
660
661
666
668
673
675
676
678
689
690
696
697
699
706
708
710
712
714
724
726
729
731
736
741
748
750
753
760
762
763
764
771
773
780
783
784
786
791
792
793
800
801
809
810
812
813
824
825
832
834
837
840
848
850
852
853
855
856
857
862
864
866
869
875
876
877
888
889
891
892
893
894
896
898
899
900
904
907
908
909
913
915
917
920
922
930
935
940
944
945
950
952
953
958
959
961
962
963
964
969
970
971
975
981
983
984
989
992
993
996
997
1000
1002
1003
1004
1005
1006
1007
1008
1014
1015
1020
1021
1022
1023
1025
1027
1028
1031
1034
1037
1039
1040
1047
1048
1053
1058
1061
1067
1073
1074
1076
1082
1083
1084
1086
1087
1092
1095
1097
1103
1106
1115
1125
1127
1128
1141
1142
1144
1148
1152
1153
1156
1157
1160
1163
1164
1168
1171
1172
1178
1179
1185
1194
1195
1196
1201
1205
1208
1218
1221
1223
1227
1238
1240
1242
1243
1244
1245
1246
1250
1251
1254
1256
1257
1263
1265
1269
1272
1274
1275
1276
1279
1280
1282
1285
1286
1287
1288
1290
1294
1296
1298
1302
1308
1309
1314
1317
1320
1321
1324
1326
1330
1334
1336
1339
1340
1344
1349
1350
1351
1352
1354
1355
1360
1361
1365
1368
1369
1373
1379
1380
1383
1388
1390
1394
1398
1401
1406
1409
1412
1424
1434
1436
1438
1439
1441
1443
1444
1450
1458
1460
1462
1466
1468
1472
1474
1483
1484
1489
1490
1492
1493
1494
1497
1500
1502
1510
1511
1512
1513
1514
1516
1520
1523
1528
1530
1531
1532
1534
1535
1537
1540
1541
1548
1549
1555
1556
1558
1559
1562
1564
1566
1567
1568
1575
1577
1580
1585
1588
1590
1591
1592
1593
1603
1605
1613
1614
1619
1623
1628
1633
1634
1635
1637
1639
1640
1645
1647
1648
1649
1650
1651
1658
1659
1661
1669
1671
1676
1677
1679
1681
1683
1684
1686
1688
1689
1691
1694
1695
1697
1699
1705
1706
1707
1709
1710
1712
1714
1716
1724
1727
1729
1732
1733
1734
1736
1737
1738
1744
1745
1746
1749
1750
1751
1752
1754
1756
1759
1760
1762
1764
1765
1768
1772
1776
1779
1781
1784
1785
1788
1790
1793
1797
1800
1806
1807
1808
1809
1810
1812
1814
1820
1821
1822
1824
1830
1831
1833
1836
1837
1839
1840
158
116
120
101
56
97
19
91
99
40
45
135
34
109
114
30
21
20
77
128
118
16
15
54
149
131
152
104
142
44
50
62
96
134
61
155
29
158
86
3
153
7
87
33
8
126
138
121
115
81
122
93
49
85
150
9
156
24
55
4
6
70
71
106
107
35
60
132
162
74
113
94
47
10
140
1
98
141
89
92
39
25
41
105
78
31
125
164
95
100
119
163
123
110
145
22
127
146
102
64
52
59
147
36
0
27
137
28
144
79
37
157
80
112
73
82
51
154
90
72
143
42
23
32
5
58
68
46
66
129
139
69
117
136
18
76
84
161
159
65
38
57
148
26
13
108
83
43
160
67
124
111
12
103
133
130
75
88
17
