233
3
23
29
30
41
42
43
47
53
57
64
66
69
76
83
93
100
124
127
132
134
156
159
163
178
191
194
195
215
218
228
242
243
246
255
279
281
308
318
328
329
344
359
367
385
406
431
433
441
446
456
459
482
490
510
527
535
554
555
564
571
581
582
587
599
605
612
625
640
667
676
690
697
722
727
730
738
743
745
747
750
759
772
793
796
806
819
820
824
847
850
853
879
899
924
929
957
961
976
982
988
1003
1005
1026
1028
1032
1045
1062
1063
1104
1110
1114
1116
1137
1148
1159
1186
1207
1222
1225
1227
1247
1248
1249
1254
1264
1280
1285
1296
1300
1312
1315
1324
1334
1347
1359
1370
1399
1430
1435
1438
1454
1464
1474
1501
1503
1513
1535
1554
1582
1593
1648
1659
1671
1678
1681
1687
1703
1717
1728
1745
1750
1755
1781
1787
1793
1796
1801
1806
1810
1814
1817
1825
1833
1843
1846
1862
1886
1893
1896
1906
1945
1957
1958
1962
1963
2007
2022
2027
2059
2107
2110
2113
2138
2140
2152
2167
2176
2222
2245
2253
2269
2275
2284
2287
2312
2318
2338
2354
2356
2379
2394
2395
2404
2440
2444
2447
2448
2489
2497
2503
2512
2513
2514
2517
2525
2539
2541
2563
2565
2581
2582
2613
161
144
105
22
60
37
72
33
159
99
76
69
147
3
77
8
5
107
25
24
73
152
79
130
26
89
54
9
41
21
93
85
0
141
138
66
109
46
19
100
146
65
57
154
59
49
80
133
17
28
158
149
113
71
132
31
123
53
145
95
157
125
129
67
47
84
7
52
122
128
88
39
82
148
45
11
81
87
101
106
120
23
38
103
124
155
35
40
14
61
64
134
63
83
20
111
136
140
114
78
6
51
137
150
1
27
117
18
90
153
10
58
34
160
97
110
86
13
43
116
131
56
62
70
2
12
118
91
29
142
44
108
126
32
96
143
68
92
74
112
115
55
75
15
48
156
139
104
151
121
50
36
127
98
94
30
42
4
102
135
119
16
