671
17
18
19
21
22
23
24
27
29
31
33
36
39
40
41
43
44
45
47
48
49
53
56
58
60
63
64
65
69
72
75
77
78
79
80
83
89
94
96
99
102
103
107
109
112
113
115
117
120
121
123
127
130
131
134
139
143
147
150
152
156
158
161
168
169
178
179
180
184
186
188
191
192
194
200
202
206
209
211
212
217
218
221
223
226
229
233
234
235
236
237
238
245
246
247
248
249
254
255
256
260
261
267
268
270
271
272
275
277
278
279
282
283
284
289
292
296
302
303
305
306
310
314
317
318
320
324
326
327
328
334
335
339
342
343
345
347
348
349
351
352
353
354
355
356
359
365
366
367
368
370
374
376
377
380
381
383
389
395
396
401
402
405
413
420
421
424
434
439
441
442
446
447
448
450
452
456
464
465
472
474
475
477
480
487
489
490
499
502
503
505
506
509
512
513
516
519
522
526
527
534
535
536
539
540
541
546
548
549
553
554
567
569
571
572
573
575
576
577
585
586
591
593
594
596
597
598
599
601
602
611
613
614
615
616
618
621
629
638
641
646
650
651
654
656
658
664
667
668
669
675
680
681
683
685
691
692
695
698
699
702
704
706
708
710
711
712
716
718
720
721
724
726
728
729
730
733
741
743
750
756
761
765
769
772
773
775
777
778
780
781
782
784
789
793
795
798
799
801
806
807
809
810
814
815
818
819
822
823
825
827
829
835
837
840
843
848
859
861
863
865
866
868
869
874
876
882
883
884
886
891
892
894
896
898
900
907
909
911
921
922
924
925
926
927
928
939
940
944
949
950
951
953
957
958
959
961
964
965
969
973
975
978
980
982
984
992
994
996
998
1002
1003
1008
1009
1011
1016
1018
1020
1021
1024
1025
1028
1032
1033
1038
1041
1044
1049
1050
1051
1052
1054
1055
1057
1059
1069
1073
1078
1081
1082
1083
1091
1092
1094
1096
1097
1098
1099
1103
1110
1111
1113
1114
1118
1120
1124
1126
1127
1128
1131
1132
1134
1143
1147
1151
1153
1154
1168
1170
1171
1174
1175
1181
1182
1184
1185
1186
1187
1189
1190
1192
1196
1206
1207
1208
1211
1215
1219
1220
1222
1227
1229
1235
1236
1238
1239
1240
1243
1245
1246
1247
1248
1253
1254
1258
1259
1260
1261
1263
1264
1272
1276
1278
1279
1280
1282
1284
1286
1287
1289
1290
1293
1294
1302
1303
1308
1315
1323
1325
1331
1338
1339
1341
1343
1347
1349
1350
1351
1353
1357
1361
1362
1363
1370
1375
1378
1380
1384
1386
1388
1390
1392
1393
1397
1402
1406
1409
1415
1417
1420
1421
1423
1425
1426
1427
1432
1439
1440
1447
1448
1451
1455
1460
1461
1462
1465
1466
1467
1473
1474
1479
1483
1486
1487
1497
1504
1505
1508
1509
1513
1519
1520
1526
1530
1532
1536
1539
1540
1542
1546
1549
1551
1552
1553
1554
1555
1556
1560
1561
1562
1563
1565
1566
1570
1572
1582
1585
1586
1589
1592
1593
1595
1596
1600
1601
1602
1603
1605
1607
1609
1614
1618
1619
1626
1631
1634
1637
1639
1641
1643
1644
1645
1646
1648
1654
1657
1660
1661
1664
1668
1669
1673
1674
1675
1677
1678
1680
1681
1691
1693
1696
1699
1718
1722
1725
1726
1729
1730
1732
1734
1736
1741
1742
1743
1748
1751
1755
1758
1764
1767
1768
1769
1772
1774
1775
1782
1783
1785
1786
1787
1788
1795
1796
1798
1799
1802
1803
1809
1811
1813
1814
1817
1821
1824
1826
1827
1832
1835
1836
1838
1839
158
23
15
75
119
0
106
60
134
19
73
92
3
80
29
130
22
110
117
18
30
147
27
96
52
54
14
108
1
63
45
59
2
74
100
70
116
150
69
62
120
9
76
16
47
99
5
157
94
118
6
124
127
46
72
78
44
84
138
115
135
156
109
93
121
97
66
112
125
143
77
81
95
85
20
50
67
12
102
65
41
26
32
113
49
38
105
158
152
151
36
137
146
128
145
148
131
64
159
107
4
57
31
53
42
35
39
68
7
86
40
79
141
24
104
133
87
21
129
37
83
160
89
162
61
126
136
91
149
55
51
142
139
90
111
132
17
122
161
144
58
25
34
82
103
33
56
98
28
140
164
154
123
101
71
13
43
114
153
