263
14
33
34
46
55
73
76
83
85
86
87
116
127
132
133
142
149
157
160
165
172
185
193
200
201
205
208
213
214
241
242
245
261
276
283
300
303
322
337
361
405
406
441
450
454
462
465
489
505
514
517
518
521
544
592
610
614
637
642
643
644
649
654
662
666
671
679
685
712
715
716
725
736
737
747
759
765
775
776
783
786
798
815
818
832
834
835
843
860
861
866
884
886
896
928
929
937
942
952
958
962
975
983
1005
1008
1009
1015
1034
1038
1048
1065
1095
1122
1126
1129
1136
1143
1169
1186
1195
1200
1209
1214
1228
1239
1252
1262
1263
1272
1284
1287
1289
1299
1307
1308
1309
1315
1316
1326
1330
1339
1344
1356
1360
1371
1377
1379
1388
1410
1414
1440
1446
1454
1463
1473
1484
1494
1501
1513
1551
1556
1577
1580
1581
1583
1594
1600
1612
1620
1626
1657
1674
1675
1677
1688
1703
1720
1723
1740
1748
1750
1768
1770
1773
1775
1779
1789
1810
1813
1843
1852
1860
1862
1904
1912
1925
1940
1947
1954
1959
1973
1977
1989
1995
2002
2005
2037
2053
2057
2063
2092
2094
2096
2098
2102
2105
2125
2130
2147
2151
2153
2170
2175
2198
2217
2225
2229
2233
2266
2269
2274
2289
2297
2301
2306
2308
2316
2329
2357
2367
2387
2410
2411
2412
2413
2428
2432
2437
2451
2455
2478
2484
2490
2498
2510
2538
2549
2553
2581
2582
2586
2594
2601
161
47
85
27
156
133
81
106
139
145
97
6
127
12
72
134
93
125
114
71
14
149
117
137
43
63
131
100
96
61
115
74
29
75
26
108
99
19
130
20
142
16
123
110
17
141
62
104
143
56
10
37
126
109
147
68
1
65
87
122
101
138
48
105
67
159
30
57
32
91
128
13
73
98
22
46
129
116
54
84
152
121
69
42
88
155
107
8
53
40
89
25
33
119
160
95
31
35
153
154
113
44
77
82
146
55
111
59
11
21
136
23
76
78
79
158
39
34
140
2
157
112
70
28
5
120
3
132
38
41
15
58
90
50
66
135
94
24
124
83
49
0
80
144
151
150
18
103
60
118
102
36
92
45
9
7
148
64
86
51
52
4
