685
10
16
24
31
34
38
39
40
45
49
50
51
56
65
67
68
70
71
72
73
82
87
92
93
94
97
100
102
103
106
110
112
113
117
119
122
124
125
126
131
133
135
138
139
142
144
145
146
147
151
153
155
160
162
163
164
165
166
169
170
172
173
175
179
181
183
186
188
193
195
197
198
202
205
212
213
215
218
220
221
222
223
224
226
227
228
229
230
232
235
236
237
238
245
246
251
255
256
259
262
263
269
271
276
277
278
282
283
287
288
290
294
301
302
303
306
309
314
315
317
318
320
324
329
333
334
335
336
338
342
343
347
351
353
354
355
356
361
362
364
365
368
372
373
374
376
380
383
389
390
392
394
396
397
400
401
403
404
407
408
409
410
413
414
418
420
421
423
424
431
434
435
441
444
448
449
452
456
457
458
464
465
466
469
470
471
472
480
487
490
493
500
501
502
504
505
506
509
515
516
517
518
519
520
522
525
529
533
534
535
536
539
541
547
550
553
564
567
568
569
572
574
582
583
585
586
588
589
592
596
598
604
607
608
610
612
613
614
615
618
620
622
623
624
626
627
628
629
630
641
645
651
652
653
654
655
658
662
664
666
668
675
677
679
680
683
684
686
689
692
695
698
701
702
705
706
707
708
711
713
715
723
727
728
734
737
738
744
747
749
751
755
756
757
758
760
761
763
766
768
776
779
781
782
785
790
794
797
798
799
800
802
803
804
805
808
809
815
817
821
822
823
824
825
827
831
832
836
837
838
839
841
842
848
851
852
855
858
864
871
873
877
879
880
882
886
888
890
891
895
896
899
902
903
904
905
909
914
915
917
922
924
926
927
928
935
938
940
950
954
956
958
963
964
965
967
969
972
976
978
980
990
991
993
994
998
1000
1001
1002
1005
1006
1008
1021
1022
1025
1026
1029
1031
1032
1034
1035
1037
1039
1040
1043
1044
1049
1052
1054
1055
1056
1058
1059
1061
1065
1067
1071
1075
1083
1087
1091
1092
1093
1095
1096
1099
1100
1105
1106
1107
1108
1114
1116
1118
1119
1120
1124
1131
1135
1137
1142
1144
1148
1150
1151
1161
1167
1168
1169
1170
1171
1172
1176
1178
1179
1180
1190
1196
1197
1198
1199
1204
1205
1206
1208
1209
1212
1213
1214
1215
1216
1218
1220
1221
1223
1224
1229
1230
1233
1235
1241
1244
1249
1250
1252
1255
1258
1259
1260
1261
1265
1267
1274
1276
1279
1284
1287
1291
1292
1294
1297
1305
1313
1317
1319
1321
1331
1334
1336
1337
1340
1342
1345
1347
1351
1359
1368
1373
1374
1378
1379
1385
1387
1389
1393
1398
1407
1411
1413
1414
1418
1428
1430
1434
1438
1446
1450
1451
1465
1466
1468
1472
1474
1476
1481
1482
1483
1484
1485
1488
1489
1491
1492
1501
1502
1505
1507
1508
1514
1515
1516
1517
1518
1530
1533
1536
1538
1539
1543
1545
1546
1547
1550
1553
1556
1557
1560
1562
1565
1566
1568
1573
1574
1578
1585
1587
1589
1595
1596
1597
1602
1603
1605
1608
1611
1612
1616
1617
1621
1622
1624
1626
1627
1629
1634
1636
1640
1642
1644
1645
1651
1653
1660
1661
1665
1666
1668
1671
1672
1675
1679
1680
1681
1682
1684
1685
1686
1687
1692
1693
1702
1704
1709
1711
1721
1723
1725
1729
1732
1733
1734
1736
1737
1739
1740
1741
1743
1744
1745
1747
1749
1750
1752
1758
1759
1762
1764
1765
1776
1780
1782
1784
1787
1788
1789
1790
1798
1800
1803
1806
1811
1812
1813
1815
1816
1818
1822
1825
1828
1829
1830
1833
1835
1838
1839
155
36
98
121
81
72
80
6
134
104
66
21
127
120
19
130
68
151
45
109
133
5
77
136
101
154
87
116
89
118
47
150
39
15
8
65
161
22
123
126
33
125
152
16
124
90
62
7
48
26
9
132
53
119
88
61
111
3
84
14
115
60
30
4
114
54
73
153
82
76
59
63
139
50
162
13
94
137
40
140
70
32
155
113
71
17
108
159
49
31
51
52
28
57
145
1
131
117
44
146
129
42
128
38
122
135
67
10
0
157
164
112
148
85
143
37
55
29
138
12
156
2
91
107
99
149
24
100
46
79
64
34
74
147
110
75
18
41
43
11
58
158
93
35
142
25
83
69
27
141
78
56
86
92
20
106
