66
37
87
90
128
148
162
183
260
338
394
428
452
472
500
511
527
532
585
603
623
645
675
686
689
706
782
834
861
927
939
945
991
1014
1027
1029
1045
1074
1097
1196
1204
1220
1235
1263
1274
1276
1349
1366
1415
1430
1516
1569
1576
1637
1644
1675
1677
1708
1714
1719
1745
1752
1756
1783
1803
1818
1835
114
3
86
52
111
107
128
15
147
53
76
42
39
148
117
6
97
131
18
137
122
49
9
130
82
150
132
164
151
71
149
11
84
33
118
48
80
46
145
136
64
72
160
85
51
125
66
67
96
28
102
138
22
154
31
62
162
158
26
10
94
58
134
95
121
56
127
100
77
65
133
90
35
120
83
61
8
24
57
89
37
41
63
112
40
0
109
114
68
81
27
123
25
104
5
47
99
163
105
140
50
101
159
141
142
38
91
36
23
106
143
4
161
103
129
