103
12
77
109
157
158
178
324
357
440
445
446
460
502
521
578
611
640
654
668
671
731
749
750
765
787
790
828
835
851
868
882
896
899
935
939
975
986
987
1027
1031
1052
1074
1079
1092
1094
1131
1133
1145
1173
1188
1191
1193
1308
1346
1371
1376
1379
1386
1393
1440
1464
1506
1533
1561
1600
1604
1644
1664
1680
1783
1853
1859
1864
1889
1943
2006
2035
2047
2073
2076
2077
2080
2088
2105
2106
2111
2124
2137
2146
2155
2190
2206
2223
2259
2319
2333
2356
2368
2375
2381
2397
2419
2441
162
121
51
31
153
12
50
101
108
106
85
54
69
57
104
28
78
118
114
86
154
38
39
84
98
110
133
19
18
148
9
120
141
14
150
130
30
135
156
11
71
47
36
88
107
23
56
92
60
83
82
105
87
162
124
100
21
151
138
160
15
158
61
81
113
53
4
75
10
70
140
76
136
111
131
48
112
93
41
79
42
77
117
52
109
26
29
159
134
44
24
97
91
146
128
129
3
43
119
49
142
116
149
157
95
143
115
145
137
65
35
63
25
155
67
46
33
68
144
59
94
161
102
72
22
6
126
13
89
27
20
66
127
17
37
8
0
62
58
64
152
99
32
2
132
123
7
122
139
55
45
73
90
1
147
34
74
125
96
80
40
16
5
