78
40
51
84
108
113
115
127
138
157
167
174
180
209
238
250
255
265
349
393
420
462
547
581
604
609
612
649
663
666
695
705
729
822
858
926
937
960
1019
1062
1082
1123
1163
1173
1193
1199
1205
1216
1219
1222
1228
1232
1250
1254
1261
1290
1344
1351
1421
1435
1438
1494
1503
1507
1517
1527
1589
1600
1601
1611
1686
1710
1723
1728
1790
1804
1810
1818
1821
121
72
143
163
10
52
109
148
28
14
12
150
156
81
66
62
2
85
7
115
104
34
71
16
147
19
135
26
45
69
105
144
108
141
142
97
49
70
55
6
61
114
140
153
65
96
99
154
58
102
146
83
77
155
98
9
60
130
124
22
149
39
38
111
80
136
47
86
57
41
128
121
82
37
129
160
48
78
117
53
164
161
125
116
43
93
75
131
120
21
159
1
118
8
44
67
36
127
23
30
89
3
112
158
126
5
132
157
74
59
134
119
151
51
73
64
84
92
90
15
4
138
