672
6
11
14
15
25
28
30
31
33
34
35
36
37
38
40
41
42
44
46
49
52
55
57
60
64
67
68
76
78
79
80
83
84
85
86
88
89
90
91
94
95
96
99
102
103
104
105
114
119
120
125
128
130
136
137
139
140
142
146
149
151
152
154
157
158
164
167
170
171
177
178
180
181
188
189
190
191
196
198
203
205
206
207
209
212
215
216
224
225
226
230
231
232
234
236
237
238
240
241
248
249
254
256
258
259
260
262
266
269
270
271
275
277
281
284
285
294
297
299
301
304
305
307
309
311
314
317
326
327
332
333
334
340
343
344
348
350
351
352
361
366
368
369
375
376
377
379
384
388
392
397
400
407
408
412
413
417
419
423
426
428
430
431
432
440
441
443
448
450
451
456
458
462
463
465
466
467
470
478
480
485
486
488
494
499
500
502
507
509
511
512
514
516
518
521
522
524
525
528
530
537
545
552
553
555
559
560
561
562
564
565
571
572
574
575
579
580
583
584
589
590
594
601
605
606
609
611
615
616
619
621
623
624
626
627
639
648
650
655
656
657
658
663
664
665
666
669
671
672
675
676
680
681
683
686
690
693
694
696
699
701
702
704
709
714
715
717
719
720
722
723
727
730
732
735
736
738
739
744
745
749
750
755
757
758
760
764
765
769
770
771
776
777
782
783
789
792
794
795
798
800
805
807
810
811
812
815
817
818
819
821
824
825
828
838
839
841
842
843
850
851
858
860
862
864
868
869
870
874
875
879
880
883
884
890
892
895
898
903
906
909
919
926
928
931
932
935
937
941
942
943
944
949
955
967
977
978
982
983
984
987
988
993
994
995
1002
1003
1009
1011
1015
1019
1020
1022
1023
1024
1027
1028
1031
1032
1035
1044
1047
1054
1055
1059
1060
1063
1066
1067
1069
1072
1074
1075
1077
1078
1079
1081
1086
1088
1093
1094
1096
1100
1102
1104
1105
1106
1113
1115
1130
1131
1132
1134
1138
1141
1142
1145
1146
1148
1150
1155
1158
1161
1162
1163
1167
1175
1179
1183
1186
1188
1189
1191
1195
1196
1199
1200
1201
1205
1206
1222
1225
1226
1230
1231
1234
1236
1239
1245
1251
1252
1258
1259
1262
1264
1268
1269
1271
1273
1274
1277
1278
1280
1284
1285
1289
1296
1298
1299
1302
1314
1317
1319
1321
1324
1328
1332
1340
1341
1344
1357
1363
1365
1366
1373
1375
1379
1381
1383
1384
1385
1389
1391
1392
1395
1400
1406
1408
1409
1412
1413
1415
1416
1420
1423
1432
1434
1435
1436
1439
1441
1450
1456
1457
1458
1461
1465
1466
1468
1469
1470
1472
1473
1474
1475
1479
1482
1484
1485
1486
1488
1490
1494
1495
1500
1503
1506
1508
1509
1510
1516
1517
1520
1521
1522
1525
1526
1527
1531
1533
1536
1538
1541
1542
1543
1546
1547
1553
1555
1556
1557
1559
1565
1568
1569
1574
1576
1577
1585
1587
1588
1590
1594
1596
1598
1603
1604
1606
1611
1612
1613
1620
1622
1625
1627
1628
1630
1637
1639
1640
1641
1642
1645
1647
1654
1656
1657
1658
1661
1662
1665
1671
1672
1675
1677
1679
1680
1681
1684
1687
1691
1692
1694
1695
1696
1699
1700
1701
1703
1704
1705
1706
1707
1708
1716
1717
1718
1725
1726
1731
1737
1738
1741
1742
1748
1750
1756
1760
1761
1766
1767
1769
1772
1775
1776
1780
1786
1789
1790
1793
1799
1803
1804
1805
1807
1808
1811
1815
1816
1817
1818
1822
1823
1824
1827
1829
1830
1832
1833
1834
1836
1837
155
71
0
7
154
79
117
70
29
59
130
65
12
132
41
120
30
91
143
83
32
47
124
129
77
108
161
80
38
89
24
152
151
153
17
36
148
18
112
142
37
23
53
92
61
54
163
35
69
51
60
73
67
98
72
13
81
126
133
15
122
102
157
66
58
10
149
159
135
84
46
90
6
155
9
21
16
3
33
147
127
8
55
11
100
144
31
113
43
104
146
45
28
76
106
42
64
160
22
145
56
115
99
97
50
136
101
118
121
78
52
137
1
88
19
95
85
20
111
109
94
68
49
96
156
75
150
139
5
164
25
116
125
39
44
128
57
63
131
138
4
2
134
87
119
74
27
93
26
110
82
141
158
162
105
107
