664
10
18
19
21
23
24
25
26
28
29
30
31
35
36
38
39
40
41
42
44
50
51
53
56
62
72
73
75
76
77
79
81
88
91
93
96
97
98
100
101
102
103
107
113
115
120
121
124
125
127
130
134
135
136
137
142
150
152
153
155
157
159
164
166
167
168
170
171
172
173
174
176
182
183
186
190
194
196
197
198
199
204
205
207
208
211
214
215
219
220
225
227
230
232
238
240
241
244
245
246
247
248
251
252
253
254
261
262
264
267
271
274
275
283
284
287
288
291
292
293
294
297
300
302
303
305
308
311
314
319
320
321
324
325
326
327
329
334
338
339
340
342
346
354
356
363
364
365
367
369
373
375
379
380
385
386
387
391
396
400
403
404
405
406
407
410
412
413
414
416
417
419
421
422
425
426
427
429
431
439
443
445
451
453
455
458
460
461
462
465
468
470
474
475
476
479
484
485
486
487
492
493
495
496
499
506
514
521
529
530
534
536
538
540
542
549
550
551
557
558
561
564
565
568
569
570
572
578
579
581
585
586
588
589
590
593
595
599
600
603
605
607
609
612
613
615
619
624
625
629
630
633
635
637
638
641
643
645
647
649
651
655
660
662
663
667
672
673
676
680
688
694
701
702
710
715
717
723
724
725
726
731
734
737
738
739
740
745
748
750
752
753
757
759
761
763
770
775
776
777
778
782
785
786
792
794
795
796
799
801
804
807
809
814
824
825
829
830
831
832
834
836
837
838
839
842
845
852
858
861
864
865
867
868
869
871
876
877
882
885
886
888
889
893
894
898
903
908
909
913
915
917
920
921
922
923
930
931
936
939
941
942
948
949
951
956
958
959
960
964
967
974
975
977
982
988
991
992
995
997
1008
1011
1013
1024
1025
1030
1033
1039
1040
1045
1046
1048
1050
1052
1053
1059
1063
1065
1074
1077
1079
1081
1084
1086
1087
1088
1089
1091
1099
1100
1101
1106
1108
1112
1116
1117
1118
1119
1121
1127
1133
1135
1139
1142
1143
1150
1156
1157
1159
1160
1161
1164
1167
1170
1174
1175
1177
1178
1179
1184
1185
1186
1189
1192
1199
1203
1209
1211
1213
1214
1220
1222
1223
1225
1230
1231
1234
1237
1241
1246
1249
1250
1251
1254
1255
1256
1257
1260
1263
1265
1271
1284
1288
1289
1290
1293
1295
1298
1304
1308
1310
1311
1312
1315
1317
1318
1319
1323
1327
1329
1330
1331
1332
1333
1335
1336
1337
1339
1347
1349
1354
1356
1358
1359
1361
1365
1369
1370
1371
1375
1380
1392
1397
1405
1407
1408
1411
1413
1421
1427
1431
1433
1441
1444
1447
1450
1452
1453
1454
1455
1458
1459
1462
1466
1467
1468
1478
1482
1485
1487
1492
1495
1496
1501
1502
1504
1505
1506
1512
1515
1516
1517
1522
1524
1526
1532
1538
1539
1545
1546
1554
1556
1558
1563
1566
1571
1594
1597
1602
1604
1605
1607
1609
1610
1612
1613
1614
1615
1616
1618
1624
1625
1627
1629
1637
1638
1646
1647
1649
1652
1656
1658
1659
1662
1663
1665
1669
1670
1671
1673
1675
1678
1679
1683
1688
1689
1699
1702
1703
1704
1706
1708
1709
1711
1719
1720
1727
1730
1731
1733
1734
1737
1739
1741
1742
1748
1752
1755
1757
1761
1768
1769
1772
1773
1775
1781
1782
1783
1784
1787
1788
1789
1790
1791
1792
1793
1797
1798
1799
1800
1804
1806
1809
1810
1811
1814
1819
1820
1821
1830
1831
1833
1837
1839
155
13
45
110
98
49
163
157
48
63
61
55
114
74
21
28
1
90
142
141
17
83
73
76
72
135
86
109
104
11
58
44
153
69
107
81
26
160
97
102
133
147
60
32
53
24
84
47
123
143
149
127
78
125
67
41
159
89
80
19
56
112
116
156
126
150
154
50
27
87
152
54
51
101
145
3
139
140
43
12
106
130
134
25
14
113
144
155
0
99
119
146
52
39
158
15
22
9
46
151
96
111
85
137
68
10
93
88
35
92
5
124
65
18
8
4
16
148
128
71
20
164
66
117
129
161
31
64
42
34
37
162
95
59
122
2
108
29
36
57
82
62
38
75
105
79
131
118
121
77
7
132
30
91
6
94
