100
176
181
224
230
251
276
306
328
358
370
413
421
426
427
460
480
506
544
547
555
591
662
720
824
875
883
893
943
1011
1015
1040
1046
1054
1064
1067
1075
1112
1156
1192
1225
1233
1237
1251
1277
1284
1285
1301
1318
1319
1344
1370
1389
1392
1426
1436
1460
1500
1502
1503
1545
1552
1557
1579
1584
1603
1608
1610
1642
1730
1762
1765
1809
1843
1848
1858
1871
1892
1894
1896
1905
1956
1961
1991
2004
2016
2086
2093
2120
2179
2213
2252
2256
2261
2297
2309
2328
2355
2362
2366
2444
152
39
65
109
98
51
26
41
104
144
61
54
151
157
108
153
117
31
136
111
30
88
116
145
22
110
150
158
137
82
75
47
73
83
37
17
146
92
102
25
50
74
118
10
121
112
142
64
133
48
155
45
16
120
115
141
56
7
3
124
132
129
85
18
13
5
42
127
0
14
68
72
99
70
159
11
160
33
125
29
84
101
140
27
149
80
35
2
131
32
43
28
53
44
90
138
8
113
96
114
15
161
55
147
123
103
71
69
19
6
49
135
1
60
38
152
86
154
40
94
57
67
156
4
95
122
24
128
105
107
20
81
97
162
59
66
77
119
93
34
76
100
12
78
21
148
89
87
143
126
134
62
9
