149
31
36
43
48
56
59
63
79
86
93
99
101
106
108
110
115
120
144
159
161
169
171
174
177
200
201
210
220
227
228
234
238
243
250
268
274
278
289
298
302
304
313
317
321
324
329
347
354
359
365
367
375
379
385
386
404
408
409
411
423
429
445
450
465
479
481
482
488
494
496
510
524
532
542
570
571
573
578
587
592
609
637
641
643
651
656
660
666
672
675
682
699
709
710
718
721
724
729
739
747
749
756
762
763
764
780
781
783
808
809
814
840
843
844
853
859
866
868
869
870
873
885
886
887
900
916
942
945
970
971
975
977
980
983
988
997
1000
1005
1014
1016
1030
1034
1046
1070
1071
1074
1079
1102
1105
77
58
65
57
6
81
53
25
32
56
41
87
19
77
17
23
61
18
75
52
14
31
67
2
78
45
72
55
16
33
70
64
30
60
50
24
28
80
20
27
37
40
8
26
85
69
48
38
22
59
21
42
35
84
13
5
83
73
0
36
15
74
51
46
11
29
49
62
10
44
86
1
79
68
3
7
39
9
