143
55
59
72
80
83
93
101
110
129
143
151
161
178
201
214
230
250
266
274
282
319
332
334
385
408
412
434
435
436
460
498
499
503
575
618
619
665
682
708
731
744
749
785
804
806
815
828
830
860
917
938
949
969
974
1000
1027
1033
1093
1098
1106
1115
1119
1123
1127
1165
1197
1212
1219
1240
1289
1305
1319
1321
1362
1376
1377
1394
1430
1451
1469
1475
1493
1543
1550
1560
1569
1598
1600
1601
1605
1621
1628
1636
1639
1654
1679
1683
1728
1735
1774
1810
1812
1817
1827
1842
1882
1899
1906
1908
1915
1927
1942
1954
1956
1972
1973
1982
1987
1999
2088
2089
2094
2096
2133
2157
2160
2177
2204
2241
2245
2253
2290
2295
2337
2348
2349
2377
2381
2382
2392
2393
2427
2438
155
87
140
54
61
99
74
6
107
150
85
135
104
148
73
62
88
38
4
110
21
30
11
76
113
81
2
120
154
117
133
63
55
68
94
27
75
93
71
102
158
89
67
95
128
53
19
161
60
14
66
25
132
152
41
0
20
155
139
112
153
5
1
52
116
12
134
111
33
114
125
84
29
101
57
138
10
47
37
31
141
122
115
51
100
149
147
97
121
3
58
137
157
119
45
91
108
72
136
43
105
151
98
56
46
90
44
144
103
127
18
50
39
129
35
49
13
131
160
78
118
34
146
130
82
92
79
17
42
159
7
142
22
16
9
8
80
23
86
24
126
69
32
15
40
96
70
123
109
28
143
156
145
59
26
48
