137
49
54
57
113
118
140
141
143
165
215
221
231
242
261
265
278
284
288
298
335
337
348
353
379
386
393
395
396
401
429
448
471
496
515
534
543
560
599
610
618
628
703
728
784
806
832
833
881
909
964
966
968
970
971
972
993
1061
1079
1093
1099
1158
1168
1179
1181
1213
1227
1241
1242
1253
1327
1329
1358
1377
1385
1415
1446
1461
1477
1485
1496
1497
1498
1504
1528
1537
1557
1568
1577
1590
1599
1611
1616
1621
1626
1635
1636
1638
1651
1653
1654
1697
1726
1739
1771
1777
1802
1805
1826
1829
1888
1900
1904
1927
1967
1968
1996
2000
2067
2069
2080
2086
2092
2128
2133
2156
2181
2216
2250
2269
2289
2298
2322
2341
2347
2402
2420
2444
163
130
3
23
148
160
20
154
149
126
10
52
47
21
99
4
107
134
27
44
56
86
142
16
41
73
118
66
151
62
112
162
157
6
140
31
150
90
93
120
100
85
9
80
152
37
116
115
89
53
127
92
40
144
129
110
35
22
158
88
95
141
101
122
1
117
81
38
8
19
46
67
25
161
84
102
18
12
128
5
111
124
28
77
57
114
146
69
121
76
75
11
123
71
125
72
36
51
136
105
0
94
131
13
132
15
97
48
42
143
82
137
26
156
64
61
29
55
65
79
138
32
91
54
2
155
49
45
74
58
98
68
147
113
108
145
43
33
70
153
59
60
109
39
139
159
104
24
83
78
106
7
87
50
96
17
14
103
133
119
30
34
63
135
