232
14
45
53
75
86
100
120
127
131
135
140
152
154
180
196
200
217
228
232
242
266
279
280
282
288
316
340
358
377
392
394
402
411
436
469
474
480
494
505
521
526
534
541
545
557
572
574
578
595
602
606
615
616
618
620
623
637
644
650
662
663
670
703
708
716
721
729
733
735
761
773
776
796
801
804
818
826
830
837
841
844
897
899
934
936
951
958
960
978
980
992
995
1002
1023
1033
1035
1058
1063
1077
1079
1135
1147
1152
1155
1157
1171
1173
1193
1198
1222
1225
1248
1249
1264
1297
1305
1309
1326
1332
1349
1361
1371
1385
1391
1397
1438
1444
1448
1459
1471
1480
1519
1532
1570
1592
1610
1612
1615
1658
1667
1675
1679
1681
1684
1692
1693
1713
1725
1728
1742
1756
1757
1758
1769
1770
1785
1792
1799
1801
1805
1807
1835
1843
1847
1852
1872
1882
1886
1890
1915
1921
1924
1943
1949
1953
1959
1962
1967
1969
1974
1992
1995
2007
2016
2027
2042
2067
2069
2088
2093
2102
2103
2106
2117
2138
2147
2155
2163
2169
2177
2182
2192
2195
2196
2205
2210
2222
2259
2261
2264
2271
2277
2296
2303
2342
2347
2353
2356
2368
2383
2428
2462
2470
2471
2530
2540
2552
2558
2573
2608
2612
2618
161
21
151
137
120
19
97
112
51
157
77
35
83
44
65
72
11
107
59
130
78
133
102
47
55
127
54
89
158
5
98
10
92
113
37
115
12
80
153
48
68
84
100
103
33
94
67
121
146
26
76
110
49
82
87
156
20
159
114
7
154
53
28
61
36
93
34
126
38
144
73
71
160
32
18
139
105
136
75
52
143
108
117
118
23
140
104
81
109
106
119
90
27
57
17
22
2
131
4
29
155
24
30
129
15
1
147
124
116
134
63
96
25
62
60
70
149
46
3
0
41
43
6
101
135
42
132
111
50
39
16
31
66
123
125
91
150
95
85
58
88
56
9
148
152
45
14
79
145
64
138
40
69
99
128
141
13
142
8
86
74
122
