122
58
74
77
85
95
134
152
189
195
204
222
240
248
268
299
310
343
354
356
363
364
430
435
480
490
494
503
532
535
542
583
629
637
660
687
701
703
712
771
776
827
850
860
883
913
925
928
931
951
975
1029
1037
1042
1061
1073
1080
1128
1132
1142
1148
1151
1174
1182
1183
1190
1213
1294
1320
1323
1330
1335
1342
1348
1371
1413
1502
1509
1511
1530
1546
1564
1576
1607
1631
1655
1693
1711
1721
1725
1744
1800
1825
1848
1881
1944
1950
1954
1992
2012
2022
2030
2072
2102
2107
2111
2143
2145
2146
2163
2204
2258
2271
2295
2304
2334
2341
2354
2358
2359
2393
2421
2438
162
119
8
67
156
92
147
154
85
58
109
14
45
31
27
139
42
50
26
82
153
162
102
145
125
65
96
70
79
24
76
135
118
34
55
132
37
113
49
44
98
13
17
138
54
9
121
104
137
103
142
60
143
46
136
97
116
61
100
91
94
88
160
81
107
106
41
11
59
18
157
52
75
57
122
129
15
51
127
158
112
148
16
108
95
152
110
20
62
53
120
40
43
33
0
4
23
80
87
126
161
93
78
21
72
5
131
150
144
19
47
128
71
123
77
115
146
90
66
30
69
105
74
114
68
140
7
141
56
149
2
124
134
22
38
1
36
84
159
83
12
35
133
6
73
151
3
89
130
64
29
111
155
86
28
10
63
32
101
25
117
48
99
