133
55
79
105
134
172
177
225
242
263
271
272
287
302
377
404
417
430
431
436
453
460
489
494
532
554
557
564
583
588
634
650
657
675
705
719
724
736
787
792
850
853
854
884
903
914
937
938
945
957
964
968
992
1002
1040
1058
1062
1110
1117
1120
1127
1129
1135
1138
1148
1185
1194
1229
1251
1285
1295
1315
1324
1364
1454
1459
1483
1493
1497
1504
1508
1511
1517
1524
1525
1589
1597
1621
1625
1658
1673
1686
1712
1726
1727
1737
1752
1755
1774
1793
1818
1829
1856
1861
1888
1904
1910
1915
1925
1938
1951
2002
2004
2012
2013
2067
2083
2089
2120
2128
2151
2153
2166
2174
2177
2212
2255
2300
2322
2354
2367
2383
2385
2391
159
84
1
112
0
131
58
60
32
65
39
115
69
103
49
150
119
149
156
99
20
4
96
6
42
117
138
34
147
85
35
158
144
143
142
82
61
56
102
43
120
92
15
44
161
50
27
5
148
104
122
17
111
40
93
8
126
41
91
38
132
14
153
45
71
75
73
28
13
52
155
48
124
121
108
135
116
146
106
63
9
118
154
137
70
2
53
72
107
160
157
22
55
145
74
59
141
97
123
37
19
89
62
78
98
133
18
86
109
140
113
77
30
159
66
87
80
130
54
33
95
3
105
134
125
12
128
81
31
101
139
79
110
152
129
114
16
100
10
29
23
67
76
57
21
83
151
24
11
162
68
51
46
88
25
94
90
7
127
47
