72
171
182
191
229
245
249
252
253
285
296
334
386
400
429
452
517
542
563
602
630
638
639
671
687
718
738
752
760
811
819
829
871
883
963
969
970
976
1008
1016
1050
1057
1065
1072
1080
1119
1129
1188
1238
1261
1287
1293
1326
1405
1409
1424
1442
1492
1528
1531
1559
1574
1638
1648
1661
1697
1702
1746
1797
1806
1809
1824
1835
114
74
72
49
98
35
141
157
0
120
23
50
83
106
16
143
122
154
112
137
135
86
128
15
19
118
117
138
88
71
93
159
113
46
148
162
10
37
75
27
160
12
146
40
6
132
20
147
152
77
79
144
126
94
129
33
5
124
24
150
80
85
95
41
8
161
104
116
151
32
96
108
164
109
67
87
111
30
56
81
47
127
22
34
11
107
48
76
45
158
54
78
7
84
31
68
133
21
65
123
44
114
51
70
9
1
60
66
100
42
103
110
18
4
43
