128
22
36
44
45
52
97
125
143
153
165
178
197
201
218
232
257
277
280
282
297
326
333
368
391
431
437
466
484
499
501
512
549
560
612
647
663
676
684
717
725
768
783
785
811
821
823
870
894
957
968
985
1019
1029
1038
1061
1108
1120
1142
1150
1154
1220
1228
1229
1265
1272
1281
1318
1322
1326
1339
1361
1457
1472
1479
1480
1485
1496
1499
1508
1524
1571
1573
1596
1597
1614
1628
1723
1736
1738
1741
1761
1783
1788
1794
1805
1807
1848
1856
1872
1883
1885
1892
1941
2004
2019
2033
2046
2083
2095
2123
2124
2134
2150
2168
2171
2204
2218
2237
2259
2291
2308
2332
2351
2379
2399
2423
2438
2447
162
135
125
48
36
8
131
102
5
153
85
7
89
81
2
133
106
149
76
112
21
44
118
13
15
52
63
17
115
74
73
32
101
67
154
148
141
117
9
93
90
57
150
95
46
38
84
75
43
161
145
155
127
134
111
12
128
123
22
159
61
0
83
87
27
142
33
26
18
40
20
119
69
88
65
62
98
29
103
70
151
108
140
113
124
80
58
45
10
120
109
136
94
56
82
143
11
97
19
147
105
132
34
50
4
72
71
100
99
68
16
31
55
146
37
130
14
92
79
41
114
162
64
39
49
78
160
122
158
54
23
157
42
24
66
51
6
126
144
139
3
129
35
104
30
137
1
60
91
107
116
47
77
86
25
96
59
110
156
53
121
28
138
