680
7
11
12
17
21
24
25
26
28
29
30
32
43
49
51
53
55
59
62
63
69
70
74
75
79
82
86
90
92
95
102
104
106
107
108
109
116
117
120
122
125
127
129
132
135
138
140
147
152
157
158
160
161
163
169
170
172
174
179
182
183
184
186
187
188
194
195
197
198
202
203
204
206
207
208
209
212
214
215
217
220
224
225
226
228
231
232
233
236
238
241
244
247
250
251
252
253
254
258
259
262
266
267
268
271
275
278
281
283
284
285
287
288
294
295
297
305
306
311
315
321
324
329
330
332
334
335
338
341
343
346
348
352
353
357
358
359
363
370
371
374
376
377
378
381
382
384
387
389
390
398
408
416
417
418
422
425
426
427
432
435
437
438
440
444
448
450
451
456
457
463
466
467
474
479
497
498
499
501
506
508
509
510
512
517
527
529
531
533
538
540
544
549
550
553
556
561
563
568
569
570
579
580
581
584
585
587
588
589
595
597
599
602
603
605
609
613
615
616
617
620
621
623
626
628
632
633
635
638
639
641
643
644
647
648
650
656
657
662
666
669
673
674
677
679
681
686
688
689
691
692
693
694
699
702
703
704
705
709
710
711
714
716
717
718
719
724
731
732
734
735
736
737
738
739
740
742
744
749
750
754
756
757
758
759
760
761
762
763
767
768
769
774
775
776
777
779
781
789
792
795
796
798
800
801
805
806
807
808
813
815
817
818
820
821
824
826
827
835
841
843
844
847
848
853
855
856
857
859
864
868
871
872
873
874
877
878
886
890
895
896
904
905
906
909
912
914
915
917
931
932
933
934
946
949
954
959
960
962
965
966
967
971
974
977
978
979
980
983
984
985
988
989
990
992
995
998
1001
1004
1007
1008
1009
1010
1012
1014
1015
1018
1020
1026
1027
1028
1029
1033
1037
1038
1041
1042
1044
1046
1048
1049
1050
1051
1056
1057
1063
1067
1069
1071
1072
1073
1075
1079
1080
1081
1082
1088
1093
1097
1098
1100
1102
1104
1105
1107
1110
1112
1113
1116
1119
1121
1124
1132
1136
1143
1147
1150
1157
1160
1163
1164
1165
1166
1167
1177
1181
1182
1183
1186
1187
1189
1190
1191
1192
1193
1196
1199
1200
1208
1213
1214
1217
1218
1219
1220
1225
1227
1228
1229
1230
1233
1238
1241
1243
1244
1246
1252
1254
1259
1263
1264
1266
1267
1273
1288
1289
1290
1291
1297
1299
1307
1313
1320
1324
1327
1330
1340
1342
1343
1344
1345
1348
1353
1355
1357
1359
1363
1364
1365
1366
1368
1369
1372
1374
1375
1376
1388
1390
1392
1393
1395
1396
1397
1398
1399
1402
1403
1404
1405
1406
1409
1411
1413
1416
1419
1420
1421
1422
1424
1425
1426
1430
1433
1436
1437
1444
1448
1449
1452
1468
1474
1476
1477
1478
1490
1493
1494
1497
1503
1508
1510
1512
1516
1521
1525
1527
1528
1530
1534
1550
1556
1561
1562
1564
1567
1570
1573
1574
1576
1583
1584
1587
1588
1592
1594
1595
1596
1598
1600
1601
1604
1610
1618
1619
1629
1631
1633
1634
1637
1639
1640
1641
1645
1647
1648
1649
1654
1656
1657
1658
1660
1665
1666
1670
1676
1679
1681
1682
1686
1687
1695
1696
1700
1703
1705
1708
1712
1714
1715
1716
1718
1719
1721
1722
1725
1727
1728
1729
1732
1737
1739
1740
1743
1745
1753
1754
1758
1760
1761
1767
1771
1772
1778
1782
1783
1788
1793
1795
1796
1801
1802
1806
1807
1812
1813
1815
1817
1823
1824
1825
1827
1828
1831
1833
1835
1836
1837
1838
1839
1840
158
107
118
146
150
145
124
151
59
141
67
20
21
73
28
105
109
119
64
154
14
134
156
32
85
2
160
49
8
35
121
41
80
115
142
6
44
82
98
16
126
128
37
122
56
140
120
108
50
74
55
88
99
71
84
11
95
147
10
91
46
159
158
116
138
31
106
130
143
117
164
42
104
36
87
163
111
89
25
127
12
79
18
29
152
81
34
17
83
162
96
65
5
45
133
15
3
136
13
129
47
66
131
60
90
9
110
0
48
123
76
24
27
38
97
19
63
43
77
40
1
101
157
61
148
58
113
30
78
69
102
94
23
112
161
139
53
4
51
70
144
125
153
26
137
93
54
132
52
114
68
75
39
57
86
155
135
149
72
