231
14
24
38
82
93
101
110
127
131
140
153
155
161
186
199
200
216
232
242
245
248
251
261
267
275
294
297
311
322
325
328
356
398
414
432
467
470
474
488
493
509
529
538
543
560
574
627
639
696
707
709
728
737
757
763
781
835
839
850
862
882
887
892
894
899
946
948
965
969
972
977
987
989
991
1011
1027
1028
1036
1043
1075
1077
1085
1089
1095
1100
1105
1116
1134
1153
1158
1168
1183
1196
1229
1243
1250
1268
1270
1272
1284
1305
1316
1351
1353
1359
1367
1370
1381
1401
1421
1456
1513
1514
1516
1535
1540
1553
1555
1570
1585
1591
1595
1640
1644
1663
1667
1678
1680
1696
1723
1741
1750
1753
1770
1775
1779
1783
1785
1790
1805
1811
1817
1827
1833
1845
1850
1856
1860
1866
1872
1879
1884
1894
1901
1905
1928
1937
1942
1944
1965
1970
1971
1987
1989
1993
2005
2029
2038
2075
2081
2105
2119
2125
2130
2131
2133
2154
2158
2162
2167
2183
2187
2197
2202
2216
2222
2251
2259
2263
2269
2270
2277
2307
2321
2327
2328
2341
2342
2345
2362
2376
2404
2407
2412
2426
2432
2455
2457
2473
2474
2477
2481
2486
2510
2518
2530
2539
2547
2548
2551
2564
2572
2580
2587
2590
2591
2600
2620
2621
2623
2624
161
56
118
96
7
143
144
60
90
124
91
14
17
78
139
70
138
155
156
1
88
79
37
9
25
36
140
83
159
4
35
92
154
125
142
58
53
149
80
137
26
15
133
27
93
13
10
45
48
77
94
129
123
11
18
102
110
113
51
81
71
59
114
40
32
5
39
57
82
47
116
3
160
23
107
21
43
64
19
120
87
103
157
134
141
152
89
85
150
44
101
151
108
146
68
38
147
97
50
136
41
6
121
100
22
132
24
126
69
84
135
63
86
67
29
49
106
115
130
111
16
74
117
153
62
46
122
76
33
54
158
98
72
131
109
127
99
34
8
112
73
145
2
104
12
20
42
119
52
65
66
61
105
148
128
30
31
95
0
55
75
28
