686
5
7
8
9
10
11
17
18
20
21
22
23
24
27
28
29
30
32
33
34
36
37
38
39
41
42
43
44
46
49
50
51
52
55
57
61
62
64
65
66
67
68
70
71
72
75
78
82
83
84
86
87
88
90
91
92
94
96
97
98
100
101
102
104
105
106
107
108
109
110
111
113
114
115
117
119
121
123
124
130
131
132
134
135
137
138
141
143
144
148
150
151
153
155
157
158
163
164
167
169
170
171
172
174
175
177
178
180
181
182
183
184
187
188
189
190
192
193
194
195
199
200
201
202
203
204
205
206
207
208
209
211
212
213
214
215
217
218
219
220
221
222
223
224
226
228
229
233
234
236
239
243
244
245
246
247
248
250
252
253
255
256
257
258
260
263
264
265
268
269
271
272
273
274
277
278
281
282
283
284
285
289
290
291
292
294
295
297
298
299
300
303
304
305
306
307
308
309
311
312
315
318
321
322
323
324
327
328
329
330
331
332
333
334
336
338
340
342
344
345
346
349
350
351
353
356
357
359
360
361
362
363
364
366
368
372
375
380
381
383
385
386
389
390
391
392
398
401
402
403
404
405
406
407
408
409
411
412
414
415
419
420
421
423
424
425
426
428
429
434
436
437
438
439
440
441
444
447
448
449
450
451
453
454
456
457
458
459
461
462
463
464
467
468
469
471
473
478
482
483
484
487
488
490
491
492
494
495
496
498
501
502
504
508
510
511
515
517
521
523
525
526
527
528
529
530
531
532
533
535
536
538
540
541
543
544
546
547
549
551
552
554
555
557
559
560
561
562
563
564
565
567
568
569
570
571
572
573
575
579
581
583
584
587
588
590
591
592
596
597
598
600
604
605
606
608
609
610
611
613
614
615
621
622
624
627
629
630
633
634
636
637
639
640
641
645
646
649
651
652
655
656
657
658
659
660
662
663
665
668
670
671
672
673
674
676
678
679
680
681
684
686
689
690
691
692
695
697
699
701
702
703
704
705
708
710
711
712
714
717
718
720
721
722
723
725
726
727
728
729
730
731
732
735
736
737
739
740
742
743
745
748
749
751
753
754
755
756
757
758
759
763
767
768
769
771
773
774
775
778
781
784
787
788
790
792
793
794
797
799
800
801
802
803
807
811
812
813
814
815
816
817
818
820
821
825
826
827
828
829
831
832
833
834
835
838
839
840
841
842
843
844
845
846
849
850
853
854
855
856
857
859
860
861
862
863
864
866
867
869
870
871
872
873
874
877
878
879
880
881
883
884
885
886
889
891
892
893
895
898
899
900
901
902
904
905
908
909
910
911
917
920
921
923
924
927
928
930
931
932
934
935
938
940
941
942
943
944
945
946
947
949
950
951
952
953
954
955
956
957
959
960
961
963
966
967
970
971
973
976
977
978
980
984
985
987
988
989
991
992
996
997
998
999
1001
1002
1004
1009
1010
1014
1015
1016
1018
1021
1022
1023
1029
1030
1031
1032
1033
1034
1036
1037
1038
1039
1040
1041
1042
1045
1046
1048
1049
1050
1051
1053
1054
1055
1056
1057
1058
1059
1061
1064
1065
1067
1068
1069
1071
1072
1073
1075
1077
1078
1081
1083
1084
1089
1090
1092
1093
1096
1097
1104
1105
1106
83
29
17
62
87
76
22
16
5
58
75
24
60
28
55
42
79
48
4
34
59
20
21
10
68
77
27
69
32
84
49
11
46
18
85
73
37
9
61
47
39
71
63
40
14
19
80
36
0
8
66
51
31
83
7
38
30
2
78
52
15
64
70
6
65
26
53
45
56
3
67
82
74
54
25
41
1
43
35
12
33
13
81
72
