274
1
21
33
51
76
77
80
81
86
95
105
107
116
127
131
146
149
151
170
172
184
190
195
202
210
222
231
234
268
272
279
305
320
325
330
338
341
356
368
369
376
383
391
411
442
447
466
480
494
507
512
513
522
534
555
559
569
576
578
611
612
637
639
649
650
665
668
678
683
690
694
703
706
720
730
750
763
766
778
794
817
825
841
850
861
867
869
878
880
881
901
905
932
933
939
942
956
970
974
986
1018
1024
1050
1056
1082
1111
1120
1122
1125
1147
1162
1169
1175
1182
1207
1223
1236
1240
1241
1242
1243
1246
1247
1256
1269
1285
1292
1296
1303
1317
1323
1327
1341
1349
1374
1384
1410
1427
1437
1442
1456
1457
1462
1475
1483
1509
1510
1532
1538
1540
1543
1558
1559
1562
1564
1567
1568
1573
1585
1589
1598
1605
1606
1608
1611
1625
1633
1638
1653
1655
1657
1666
1692
1713
1723
1763
1778
1801
1812
1816
1822
1824
1855
1874
1881
1882
1883
1897
1909
1910
1925
1929
1941
1943
1951
1954
1959
1970
1971
1978
1982
1988
1994
1998
2000
2008
2030
2032
2041
2062
2072
2079
2101
2105
2113
2125
2140
2148
2173
2187
2207
2211
2214
2218
2230
2247
2249
2250
2254
2255
2256
2266
2282
2286
2293
2298
2301
2307
2311
2332
2351
2358
2382
2386
2403
2408
2412
2423
2439
2453
2466
2468
2476
2477
2485
2486
2488
2492
2497
2498
2500
2501
2506
2518
2527
2539
2558
2565
2590
2591
2614
2616
2617
2623
161
94
1
142
132
27
79
41
74
112
136
34
47
124
40
50
111
98
18
55
19
21
12
48
107
4
76
87
82
129
80
68
120
58
90
25
128
36
31
5
108
157
141
26
45
89
105
86
81
52
11
0
97
32
139
54
148
117
133
100
30
147
88
84
149
102
6
121
14
16
63
10
59
51
96
151
24
145
95
113
154
160
150
49
152
8
91
28
64
23
67
158
38
159
155
130
143
33
9
75
78
35
156
122
134
73
101
137
69
17
39
92
44
138
13
126
103
66
29
56
72
65
115
118
144
22
42
60
46
7
57
15
131
85
104
43
153
37
2
71
119
99
53
123
135
93
146
116
3
114
125
127
83
70
77
62
61
20
109
106
110
140
