251
32
33
42
55
66
105
119
129
132
174
177
185
210
223
228
233
235
245
260
261
269
290
291
308
320
335
339
340
349
356
369
371
397
412
414
416
417
419
439
468
475
487
517
526
527
531
549
565
575
577
580
581
586
593
595
612
633
635
644
657
671
674
707
712
720
735
741
746
748
751
754
758
763
770
773
788
815
825
847
855
869
874
885
890
895
896
903
950
960
967
978
1005
1035
1047
1066
1079
1093
1103
1111
1132
1143
1146
1175
1178
1192
1205
1211
1229
1232
1290
1310
1318
1322
1325
1333
1336
1348
1354
1359
1360
1362
1364
1369
1374
1380
1383
1389
1431
1442
1452
1477
1493
1499
1500
1508
1532
1540
1542
1550
1551
1553
1555
1557
1558
1573
1575
1582
1587
1593
1600
1601
1611
1617
1642
1656
1676
1678
1684
1690
1693
1694
1696
1711
1712
1736
1745
1772
1790
1791
1808
1830
1837
1839
1891
1914
1924
1936
1941
1976
1986
1998
2016
2018
2030
2034
2043
2059
2076
2080
2088
2098
2113
2115
2116
2117
2124
2130
2138
2141
2146
2161
2175
2185
2199
2209
2216
2219
2236
2256
2269
2289
2290
2301
2313
2315
2347
2353
2361
2369
2370
2388
2393
2400
2407
2413
2426
2432
2439
2451
2453
2457
2478
2488
2490
2505
2507
2508
2515
2530
2532
2535
2546
2552
2561
2565
2572
2574
2576
2580
2591
2624
153
160
10
56
96
152
142
109
107
133
27
61
103
15
43
81
28
82
65
156
128
23
136
1
8
87
29
151
124
30
110
157
93
46
41
67
104
22
118
60
155
21
42
143
100
31
95
119
79
85
45
12
57
53
5
24
75
129
6
130
63
7
126
149
20
89
44
134
117
64
132
54
11
94
72
39
145
86
48
55
32
97
36
154
125
159
84
2
141
99
9
150
0
16
18
34
102
62
40
127
88
69
135
92
147
91
146
90
112
25
105
35
52
58
76
4
78
38
131
83
123
148
120
26
137
139
80
111
14
71
3
140
101
47
73
121
153
138
77
19
144
51
70
116
122
113
98
158
115
106
50
13
49
108
