149
22
24
37
38
41
44
52
58
80
95
109
119
131
141
143
155
161
175
181
182
207
213
216
228
232
253
265
283
287
293
302
307
309
319
332
333
335
336
355
356
357
358
362
374
375
377
380
381
390
392
402
410
418
439
444
446
451
457
461
488
489
492
496
500
505
510
511
529
533
535
539
540
549
552
556
560
570
571
582
586
591
623
634
637
643
644
650
667
685
688
703
704
712
715
716
719
727
731
734
739
748
749
766
770
777
786
790
794
797
801
802
820
839
843
850
851
852
853
862
870
872
880
884
887
892
902
910
928
936
941
946
955
960
964
969
972
977
978
987
991
992
998
1003
1042
1051
1092
1094
1102
1105
74
14
60
11
76
4
30
74
45
43
66
79
17
82
71
87
3
73
37
48
5
33
70
75
1
59
47
25
20
50
8
65
83
29
27
0
41
63
18
84
72
81
35
80
64
68
53
77
13
69
24
6
61
86
10
12
19
52
16
55
58
7
67
36
78
56
85
2
22
49
32
51
54
40
38
