74
162
168
182
197
212
218
253
259
274
278
280
311
316
325
345
389
420
477
488
559
591
627
666
736
742
752
764
804
837
878
882
895
914
932
944
960
961
974
1004
1066
1070
1082
1106
1121
1135
1141
1216
1246
1257
1261
1268
1301
1334
1362
1369
1398
1431
1457
1469
1472
1498
1524
1527
1542
1544
1551
1586
1640
1664
1667
1668
1709
1777
1826
102
57
12
113
56
98
100
162
145
0
11
47
9
102
131
132
64
52
61
3
44
17
31
72
152
28
123
154
139
7
110
81
88
41
161
46
58
107
99
20
149
21
76
67
89
134
127
160
4
105
128
43
49
114
18
126
146
30
5
68
116
82
34
143
106
86
97
35
6
150
115
69
122
39
14
60
24
156
136
87
26
23
78
29
53
137
140
95
65
144
1
51
73
25
142
141
104
91
37
63
48
124
153
