264
14
26
46
66
96
106
122
130
134
137
138
139
143
147
148
150
160
176
181
187
197
198
202
224
225
230
234
241
250
260
261
267
294
305
311
321
327
335
338
349
355
361
376
381
384
387
390
401
414
435
444
456
463
469
474
497
507
545
554
560
563
565
568
571
572
593
610
641
657
670
681
687
688
722
723
743
757
759
760
766
780
782
801
808
813
820
835
865
872
884
885
889
895
902
910
914
917
925
928
937
945
951
963
968
979
994
997
1008
1028
1031
1034
1045
1053
1056
1067
1077
1082
1088
1093
1101
1113
1116
1121
1133
1135
1137
1139
1149
1175
1178
1189
1203
1206
1223
1240
1255
1280
1297
1298
1300
1302
1306
1338
1356
1358
1376
1405
1410
1413
1414
1422
1424
1436
1445
1482
1499
1508
1514
1518
1543
1547
1559
1567
1569
1584
1608
1609
1617
1639
1667
1668
1674
1675
1707
1726
1731
1741
1742
1748
1750
1769
1788
1791
1792
1793
1794
1797
1810
1832
1838
1840
1856
1860
1861
1865
1866
1868
1892
1897
1901
1909
1919
1920
1940
1962
1989
2010
2048
2051
2075
2087
2104
2106
2112
2123
2135
2149
2150
2153
2162
2163
2173
2174
2178
2179
2188
2193
2211
2219
2221
2235
2239
2244
2269
2311
2330
2349
2367
2385
2401
2416
2419
2420
2429
2453
2458
2471
2475
2491
2497
2513
2542
2578
2579
2583
2584
2586
2594
2601
2611
2614
2616
2617
2622
160
42
147
61
7
78
130
10
115
63
22
90
159
143
5
138
74
95
39
11
33
107
112
141
120
109
0
20
98
59
103
91
9
19
88
35
119
55
82
21
57
101
47
85
129
132
160
70
133
158
3
72
75
1
134
146
37
48
29
124
157
58
8
60
116
81
121
144
53
6
31
100
151
152
105
17
41
77
118
68
127
84
156
86
93
99
137
46
40
114
14
23
44
102
92
56
154
36
43
18
52
110
4
113
65
122
80
106
15
136
108
153
2
12
96
142
69
128
26
117
16
140
145
25
87
139
32
27
13
111
24
45
149
76
50
28
94
62
64
71
66
79
49
83
38
30
104
135
123
126
54
97
73
131
34
155
150
125
67
148
89
