686
2
3
8
10
11
13
14
15
16
17
18
19
20
21
22
23
24
25
26
29
31
32
33
34
37
38
40
42
45
46
47
48
49
50
56
57
61
64
66
69
70
71
75
76
77
78
79
80
83
84
85
86
88
89
90
91
92
93
95
97
99
103
105
106
107
108
109
110
111
113
116
117
118
121
122
123
124
125
126
130
132
133
134
135
136
138
139
140
144
145
146
147
151
152
153
154
155
157
158
160
162
163
164
165
166
169
175
177
180
182
183
185
186
189
190
191
192
193
194
195
198
200
201
204
205
206
208
210
212
213
214
215
217
218
219
220
222
224
227
228
229
231
232
233
234
236
237
238
239
240
242
243
244
245
246
247
249
250
252
253
254
255
256
257
260
261
263
264
265
271
272
273
274
277
279
280
282
285
288
290
292
294
295
296
297
298
301
305
306
308
309
310
312
313
314
315
316
318
319
320
321
322
323
325
327
328
329
330
333
334
335
337
341
342
348
350
351
354
357
358
360
361
363
364
365
366
367
368
369
371
372
374
375
379
381
384
385
386
387
389
391
392
393
399
400
402
403
405
406
408
409
410
411
412
413
414
416
417
418
419
420
421
422
423
424
425
426
427
429
430
431
432
435
436
439
440
441
444
445
446
447
449
450
451
452
453
454
455
456
457
459
461
462
465
466
468
471
472
473
475
477
478
479
480
481
483
484
485
486
487
489
490
491
493
495
496
497
498
502
503
504
505
507
508
510
511
512
516
519
520
523
524
525
526
527
529
530
535
537
538
539
541
542
544
545
546
547
550
551
552
553
556
557
558
560
563
564
565
566
567
568
571
572
573
575
576
582
583
585
587
588
589
590
592
595
596
598
601
603
604
605
608
609
610
611
612
613
614
617
618
621
622
623
624
626
627
628
629
630
631
632
634
635
636
637
638
640
641
643
644
645
646
649
650
651
652
653
656
657
659
661
663
664
665
666
667
669
671
672
673
674
675
676
677
678
679
683
684
686
687
689
691
693
696
697
699
700
701
702
704
705
707
715
716
717
720
721
723
724
726
727
728
731
732
733
734
735
736
740
742
744
749
750
751
753
754
755
757
758
760
761
762
763
767
768
770
771
772
773
774
775
776
777
778
779
780
782
784
785
786
787
788
790
793
795
796
797
798
799
803
805
806
807
811
813
814
816
817
818
819
821
822
823
824
825
826
829
830
831
832
835
836
840
841
843
844
847
848
850
852
854
856
857
858
860
861
862
863
864
867
871
872
874
877
880
881
882
887
888
889
890
891
892
893
894
895
896
897
899
900
902
903
905
906
910
913
916
918
920
921
922
924
926
928
929
930
931
933
934
935
936
939
940
943
944
946
953
954
955
956
957
959
960
964
965
966
967
968
969
971
974
975
977
978
979
980
981
983
984
985
986
987
988
990
991
992
994
996
997
998
999
1001
1002
1006
1007
1008
1010
1011
1013
1016
1017
1018
1020
1021
1022
1024
1025
1027
1032
1035
1036
1037
1038
1039
1040
1041
1043
1045
1046
1047
1050
1053
1057
1058
1059
1061
1062
1067
1068
1070
1071
1075
1076
1079
1081
1082
1084
1086
1087
1089
1090
1091
1097
1104
1106
1107
83
19
42
58
32
36
77
27
73
31
76
33
1
44
48
13
83
16
9
74
24
38
55
25
54
37
65
80
46
87
50
66
40
6
10
2
7
22
71
8
86
3
41
43
60
23
28
51
62
47
82
72
67
49
4
18
57
14
52
29
84
11
79
56
20
64
61
53
81
5
78
75
69
85
17
15
63
68
45
0
34
35
26
59
