221
14
32
48
55
58
59
71
84
101
112
128
152
160
172
195
196
198
211
244
269
278
281
284
289
294
297
300
309
332
345
347
369
375
383
391
413
417
418
423
435
436
447
466
541
554
559
573
575
601
604
605
607
618
651
653
662
678
682
687
692
710
712
723
726
745
778
784
804
809
819
835
837
857
868
873
874
899
913
957
958
967
975
979
980
982
993
1012
1013
1015
1033
1044
1046
1057
1060
1062
1068
1078
1092
1099
1102
1108
1116
1123
1142
1174
1232
1256
1266
1291
1299
1309
1310
1339
1374
1379
1380
1393
1396
1398
1415
1431
1438
1440
1441
1453
1457
1473
1481
1483
1492
1495
1511
1527
1566
1572
1582
1600
1604
1649
1658
1659
1664
1665
1683
1688
1694
1706
1720
1728
1743
1766
1770
1820
1825
1828
1837
1872
1881
1884
1885
1889
1897
1913
1914
1918
1974
1999
2002
2020
2033
2041
2046
2054
2065
2092
2098
2103
2118
2151
2173
2179
2187
2192
2208
2215
2228
2240
2241
2257
2269
2276
2279
2287
2289
2291
2296
2308
2316
2328
2336
2339
2365
2373
2399
2407
2408
2446
2448
2452
2457
2469
2485
2501
2515
2522
2576
2589
2601
2605
2607
2615
157
115
21
63
17
7
0
72
97
65
94
1
53
137
31
12
23
124
44
139
15
66
143
20
78
46
52
86
117
157
105
10
14
82
85
154
81
107
73
8
121
148
141
145
2
93
51
89
43
27
118
83
49
88
4
123
54
138
25
131
153
71
120
116
147
152
59
108
96
24
140
91
74
132
29
32
40
134
22
3
75
103
128
35
151
126
122
62
48
61
113
102
5
67
125
150
110
68
79
41
28
92
56
130
84
19
60
135
45
76
129
142
11
99
47
26
155
16
50
146
6
80
9
39
38
64
34
156
100
127
119
57
77
112
104
55
69
13
111
37
136
95
160
90
106
101
58
98
30
159
109
42
158
114
18
33
133
70
