686
4
5
6
7
9
10
12
13
17
19
21
23
24
25
27
28
29
30
32
33
34
36
42
43
46
47
48
49
50
51
52
54
55
57
58
59
60
63
66
67
68
69
70
72
74
76
81
82
84
86
89
90
91
93
95
97
98
100
101
104
105
106
107
108
109
110
113
114
116
118
119
122
123
124
127
128
130
132
134
136
139
140
141
142
143
144
146
149
150
151
152
154
155
156
157
159
161
164
165
166
167
168
169
171
172
173
175
177
178
179
180
183
184
185
191
192
193
195
196
197
199
201
202
203
204
205
206
207
208
209
210
211
212
213
216
218
219
221
223
224
225
227
228
229
231
234
235
236
237
240
243
245
246
248
251
253
254
257
261
263
265
266
268
269
270
272
273
274
278
280
283
284
286
288
289
290
291
292
293
294
295
296
297
298
299
300
301
302
303
305
310
311
312
314
315
318
320
322
323
324
325
326
328
329
331
332
334
335
337
339
341
342
343
344
345
346
348
350
352
355
357
358
360
363
367
372
374
375
376
377
381
383
384
385
386
387
388
390
392
393
395
396
397
400
401
404
407
409
410
411
413
414
415
416
418
420
421
422
423
424
426
427
429
430
431
432
433
434
435
436
438
441
442
443
444
445
446
447
448
450
451
452
453
457
459
460
461
462
465
466
467
469
471
473
474
475
477
479
480
481
482
484
485
486
488
489
491
492
493
494
495
497
500
501
503
504
506
507
508
509
510
511
512
516
519
520
521
522
523
525
526
527
528
529
532
537
539
540
541
544
545
546
547
549
551
552
553
554
555
558
561
563
565
567
571
573
576
579
581
582
583
584
587
589
590
591
593
594
595
596
599
600
601
603
604
606
607
608
609
611
614
615
616
619
620
621
623
624
625
628
629
632
633
635
638
641
642
643
644
645
647
649
652
654
660
662
667
668
672
673
676
677
680
681
682
684
685
686
687
689
690
691
695
697
698
699
700
702
704
705
706
707
711
712
713
714
716
717
719
721
722
726
728
729
730
731
732
733
734
735
736
737
738
739
740
743
744
745
747
751
753
756
758
759
762
764
766
767
768
769
770
774
776
777
778
779
780
782
786
787
789
790
792
793
794
796
798
799
800
801
802
803
804
807
809
811
812
814
816
818
819
820
821
822
823
825
826
828
829
831
834
835
836
838
840
841
842
843
844
845
846
847
850
851
852
854
862
863
864
865
866
867
869
871
872
873
874
877
879
880
881
882
883
884
885
886
888
890
892
894
895
896
897
898
900
902
903
904
905
907
909
911
912
914
918
919
920
921
924
927
928
929
931
932
933
938
941
943
944
945
946
949
951
954
956
957
958
959
960
961
962
963
964
966
967
969
972
973
974
975
976
977
980
982
983
985
986
987
988
991
993
994
997
1000
1001
1002
1003
1004
1005
1006
1007
1008
1011
1013
1016
1017
1018
1020
1024
1025
1027
1028
1031
1034
1035
1036
1038
1040
1041
1042
1043
1044
1045
1046
1047
1049
1050
1052
1053
1054
1057
1060
1061
1062
1063
1064
1067
1068
1069
1070
1071
1072
1075
1076
1077
1078
1080
1081
1082
1084
1085
1086
1088
1090
1091
1092
1093
1095
1096
1097
1101
1102
1103
1105
1106
1107
82
58
14
38
62
65
73
74
87
15
22
1
17
51
77
67
49
45
23
72
26
52
83
2
70
60
68
85
43
75
64
56
54
76
84
18
24
10
5
78
29
31
9
86
35
12
42
30
55
69
3
57
27
82
13
16
71
66
4
53
48
37
20
41
6
61
0
40
81
28
50
47
19
80
11
32
8
59
33
25
34
7
36
