117
12
22
45
49
64
89
90
92
93
127
133
191
202
221
224
231
257
258
263
266
305
316
325
330
352
354
358
363
411
452
481
487
489
572
576
642
665
716
720
746
765
803
851
856
858
868
937
943
986
993
1017
1024
1047
1053
1054
1060
1098
1113
1121
1124
1143
1149
1199
1246
1255
1263
1281
1287
1294
1298
1302
1337
1439
1458
1459
1483
1500
1533
1619
1661
1663
1667
1723
1754
1756
1770
1771
1787
1816
1819
1826
1836
1843
1892
1903
1940
1948
1951
1996
2007
2024
2056
2074
2104
2108
2114
2118
2160
2173
2175
2194
2309
2316
2372
2376
2393
2420
163
62
45
78
120
150
116
83
50
82
2
77
21
89
91
36
24
158
88
130
93
104
117
160
157
23
147
58
4
139
128
69
134
60
19
68
10
142
144
46
108
146
65
31
3
74
153
115
131
11
102
148
145
8
41
40
99
84
123
141
122
14
127
76
49
9
71
30
125
0
137
111
136
110
37
12
86
101
15
42
35
59
156
81
43
126
20
90
27
16
53
133
57
161
105
138
70
97
56
51
44
34
1
114
18
38
85
112
25
72
155
73
67
149
87
96
103
98
47
151
106
154
162
52
135
39
79
75
29
132
113
66
129
22
94
7
17
26
124
61
159
63
109
118
119
140
33
100
13
143
32
64
54
152
48
107
55
95
92
6
5
28
121
80
