695
7
9
15
18
28
41
46
50
51
52
55
61
63
69
70
76
78
80
81
82
83
84
86
88
89
92
94
95
96
101
107
108
111
112
113
115
117
119
121
122
123
125
127
128
129
135
136
137
141
144
147
149
150
153
156
165
167
170
176
180
182
186
187
192
193
195
196
197
198
199
201
203
206
207
210
217
219
231
238
240
241
242
244
256
258
263
264
270
271
272
274
276
278
281
282
283
285
294
300
301
304
311
316
317
319
320
322
324
325
328
329
330
333
334
345
347
348
349
350
354
355
362
363
367
372
374
376
380
381
382
383
386
387
388
389
393
395
397
399
400
403
405
407
410
411
412
415
421
422
423
425
427
429
430
432
437
439
442
443
445
446
448
452
453
454
455
464
474
477
478
480
484
486
499
500
506
508
509
513
514
518
525
526
532
533
535
536
537
539
542
543
544
546
553
556
557
558
560
561
562
563
564
565
567
568
569
570
571
574
576
580
583
588
590
595
596
601
602
604
606
607
611
615
617
619
623
626
627
629
630
631
632
633
636
641
643
645
646
648
649
650
654
657
658
659
660
666
667
671
673
674
677
683
685
686
688
690
691
696
697
699
700
702
703
704
705
708
709
714
715
716
717
721
723
726
727
735
740
741
743
746
747
748
750
751
753
754
755
756
757
759
764
766
769
777
778
779
780
784
787
791
792
793
794
800
802
804
805
810
811
814
815
816
819
823
824
827
830
835
836
837
838
840
841
843
844
846
849
852
854
855
858
859
866
870
871
872
874
875
881
884
888
889
891
894
895
898
901
903
906
907
908
911
913
918
919
922
924
930
933
936
937
938
939
942
943
948
950
951
953
955
957
959
960
962
963
965
978
979
983
984
985
989
990
993
994
997
998
1005
1006
1007
1009
1015
1017
1019
1027
1028
1029
1031
1036
1039
1044
1046
1051
1053
1055
1063
1065
1066
1068
1078
1082
1086
1091
1092
1099
1102
1110
1112
1114
1117
1120
1121
1122
1125
1126
1128
1129
1131
1135
1139
1140
1143
1144
1146
1148
1151
1154
1157
1158
1160
1161
1162
1163
1167
1171
1173
1174
1177
1178
1186
1188
1189
1207
1209
1210
1212
1213
1217
1218
1222
1226
1227
1228
1231
1237
1239
1245
1246
1247
1249
1251
1254
1255
1256
1257
1258
1261
1262
1263
1266
1270
1276
1277
1278
1279
1282
1283
1286
1287
1292
1294
1296
1298
1300
1302
1303
1306
1307
1308
1311
1313
1314
1317
1319
1320
1324
1327
1328
1329
1330
1332
1334
1336
1337
1338
1341
1343
1349
1350
1352
1354
1357
1358
1364
1368
1370
1374
1378
1379
1383
1388
1392
1393
1394
1396
1400
1402
1403
1404
1405
1407
1408
1411
1413
1414
1417
1422
1424
1427
1428
1429
1430
1432
1433
1435
1440
1442
1444
1447
1448
1457
1461
1462
1463
1464
1467
1471
1475
1479
1480
1482
1483
1484
1489
1491
1494
1495
1496
1501
1502
1506
1509
1510
1511
1515
1518
1523
1526
1528
1531
1533
1537
1542
1543
1545
1547
1558
1560
1564
1567
1572
1579
1582
1587
1588
1589
1594
1598
1600
1603
1604
1608
1612
1617
1621
1622
1626
1630
1646
1647
1658
1659
1660
1665
1666
1668
1669
1670
1672
1676
1680
1681
1683
1685
1686
1687
1690
1693
1695
1696
1698
1701
1705
1712
1716
1718
1720
1721
1723
1725
1726
1729
1730
1731
1733
1740
1743
1744
1751
1756
1757
1758
1759
1761
1764
1766
1768
1770
1775
1779
1780
1783
1784
1786
1787
1792
1794
1795
1798
1799
1800
1801
1806
1811
1819
1820
1823
1824
1826
1827
1828
1833
1838
1840
157
90
117
14
77
6
32
158
87
52
157
128
163
104
41
145
131
60
31
8
33
148
98
142
155
149
25
93
108
151
120
24
9
12
72
140
40
0
26
110
17
118
91
2
49
162
11
115
159
164
109
150
102
78
42
16
127
47
116
68
101
134
64
15
89
21
23
55
112
5
4
156
30
81
83
147
152
138
111
46
39
20
135
85
161
48
3
80
10
28
67
119
141
74
71
144
125
58
114
126
44
100
70
53
122
107
139
51
1
96
153
79
65
50
154
84
43
61
36
7
59
88
19
92
56
54
123
75
18
160
37
99
62
69
86
13
105
136
130
76
45
29
27
73
57
22
143
124
146
95
137
121
94
106
129
66
132
113
