149
16
26
35
43
57
63
68
69
71
73
74
76
82
86
89
102
123
126
128
135
138
145
146
148
154
162
177
188
200
202
207
209
222
233
235
240
255
259
278
282
283
286
288
300
307
314
340
342
346
348
357
358
364
368
380
407
423
424
428
463
465
477
479
480
481
483
490
496
498
523
535
554
566
568
574
580
592
595
596
607
609
626
627
629
635
636
637
638
649
653
661
673
675
682
687
690
694
701
710
716
717
738
741
745
751
759
772
779
780
782
794
801
822
825
830
839
841
846
852
858
861
874
875
881
889
893
896
898
902
910
926
930
935
942
954
961
979
996
1016
1018
1021
1022
1027
1038
1060
1065
1068
1071
1105
75
25
42
81
63
50
66
57
51
16
61
85
21
24
2
31
10
14
77
64
67
11
36
47
41
5
8
38
3
39
86
27
74
80
60
7
73
53
45
6
33
46
84
69
37
83
13
0
55
70
72
59
78
68
29
49
79
43
56
19
62
44
22
35
76
20
65
71
18
58
1
15
52
34
9
40
