80
117
129
204
222
223
283
301
304
313
320
331
343
377
388
424
439
502
505
537
568
608
631
654
662
665
666
687
734
747
792
812
834
839
843
850
896
930
951
979
1012
1015
1016
1018
1020
1073
1104
1118
1134
1175
1211
1277
1291
1301
1302
1324
1345
1353
1398
1457
1462
1483
1529
1553
1579
1598
1601
1610
1632
1645
1684
1693
1707
1719
1739
1763
1765
1783
1801
1813
1824
124
124
85
95
151
66
64
105
138
78
150
69
91
127
20
72
34
119
15
67
160
37
6
92
45
47
110
63
131
147
87
39
161
31
156
159
125
28
106
93
134
51
46
9
41
152
101
155
68
21
76
36
77
132
27
19
86
49
99
128
73
146
149
18
121
139
22
164
65
116
29
89
137
40
140
43
144
2
135
162
13
33
53
12
71
24
107
16
102
80
148
44
0
52
143
14
1
75
108
10
26
58
3
59
83
158
11
109
56
90
30
130
115
120
113
38
8
154
42
62
136
98
112
17
122
