125
89
96
104
152
162
176
177
200
258
300
303
304
333
344
360
361
369
416
431
443
450
460
474
513
525
528
529
531
554
564
583
587
591
600
608
609
615
619
643
670
703
777
778
789
803
811
822
844
850
900
902
923
957
987
998
1033
1075
1092
1113
1124
1139
1152
1182
1255
1266
1281
1295
1298
1308
1320
1321
1331
1365
1446
1463
1469
1498
1532
1542
1603
1614
1644
1674
1737
1748
1749
1788
1790
1792
1801
1862
1900
1918
1925
1941
1972
1980
1998
2044
2048
2098
2112
2127
2136
2146
2156
2194
2209
2231
2234
2250
2264
2283
2289
2304
2330
2347
2357
2369
2375
2386
2387
2391
2409
2422
146
139
115
147
103
39
134
46
33
16
35
20
18
56
58
52
113
57
102
104
86
78
4
51
119
89
79
61
43
117
160
6
49
55
73
111
26
80
148
28
91
74
71
137
12
132
143
127
158
10
82
96
68
50
70
118
138
2
135
106
141
25
120
21
47
130
42
22
41
76
19
40
84
162
11
99
116
34
121
125
48
3
126
156
150
140
124
31
14
112
23
154
122
17
87
145
45
95
8
94
133
155
129
77
144
161
101
81
27
85
24
44
7
93
90
60
54
88
105
109
123
157
142
72
69
98
152
146
100
128
32
5
59
110
151
15
38
153
107
29
114
149
1
65
53
97
92
