118
25
35
96
200
203
208
213
220
224
280
294
297
307
308
323
354
356
371
411
458
471
508
512
519
522
562
590
595
613
636
640
690
696
734
738
747
764
766
773
792
807
809
810
815
823
834
849
851
860
906
920
934
988
1028
1030
1034
1054
1057
1099
1100
1111
1120
1190
1202
1209
1238
1246
1256
1284
1306
1316
1376
1382
1385
1406
1426
1453
1465
1472
1529
1543
1583
1595
1602
1670
1686
1715
1762
1793
1810
1833
1838
1856
1869
1875
1908
1912
1930
1936
1940
1973
2022
2049
2081
2083
2126
2129
2147
2165
2198
2213
2280
2329
2386
2405
2421
2428
2442
160
111
161
58
11
106
28
133
90
86
151
33
113
99
5
43
27
7
91
160
138
117
123
128
135
87
16
74
29
140
149
14
35
118
157
36
129
54
108
1
150
142
137
26
17
139
97
79
143
122
64
45
15
131
109
38
30
23
121
110
57
159
126
130
20
56
13
95
49
34
25
78
10
148
63
71
89
141
44
31
37
101
3
40
68
2
124
12
75
81
105
115
93
19
72
127
145
103
39
158
88
59
9
154
119
156
21
162
155
147
50
116
42
152
61
22
69
76
92
55
96
52
100
24
83
104
146
85
66
18
32
41
120
82
136
77
132
47
153
94
134
53
48
6
144
114
112
4
46
8
60
62
107
125
70
73
0
98
80
67
84
