124
4
7
16
37
59
88
94
105
113
137
138
162
176
193
201
208
212
228
229
238
245
261
264
330
338
379
391
392
394
424
437
515
562
565
590
625
628
639
666
682
691
735
749
760
763
812
846
860
899
952
971
977
983
998
1004
1019
1020
1026
1029
1077
1086
1103
1122
1136
1199
1202
1236
1238
1248
1357
1363
1424
1437
1453
1464
1478
1511
1514
1522
1577
1592
1641
1671
1680
1687
1721
1780
1786
1799
1853
1870
1880
1902
1908
1916
1920
1927
1932
1964
1982
2009
2010
2016
2018
2019
2030
2059
2068
2071
2089
2094
2139
2143
2151
2178
2184
2226
2260
2269
2284
2311
2357
2407
2430
160
38
78
99
137
75
109
66
68
7
67
33
25
23
65
154
32
114
133
117
8
35
112
93
45
4
6
12
46
69
22
55
100
138
20
83
57
115
42
95
43
162
48
13
72
49
88
76
28
134
36
107
30
21
105
130
132
149
124
152
26
159
106
62
97
131
148
54
96
150
136
120
27
37
10
39
84
70
110
2
94
64
17
102
116
89
58
122
125
34
11
71
118
119
5
53
160
146
51
73
139
41
113
29
143
0
74
101
86
129
108
61
98
103
87
104
79
56
157
80
123
92
3
128
142
121
52
91
127
155
44
40
141
81
31
19
47
153
111
85
1
15
9
158
161
82
14
144
135
24
140
151
18
16
145
77
90
156
60
59
126
