244
8
20
22
32
34
46
65
73
92
96
98
103
108
112
140
155
170
191
202
217
218
223
239
246
249
253
257
267
269
280
286
301
311
317
321
322
332
333
334
335
340
356
365
390
400
418
419
427
476
514
515
517
522
543
553
569
571
572
573
578
586
588
589
593
609
622
623
637
668
692
704
720
731
733
740
773
836
837
843
846
852
855
865
869
870
881
883
893
903
905
906
911
912
925
936
953
966
980
995
1007
1010
1016
1024
1038
1062
1093
1098
1100
1113
1116
1130
1136
1138
1144
1145
1165
1175
1177
1185
1192
1200
1201
1214
1220
1227
1269
1273
1278
1286
1294
1314
1325
1332
1337
1343
1380
1382
1396
1398
1407
1429
1460
1462
1471
1479
1480
1495
1498
1529
1533
1540
1546
1558
1564
1579
1601
1606
1618
1637
1639
1643
1649
1670
1675
1679
1684
1712
1724
1731
1738
1743
1746
1759
1761
1787
1812
1814
1827
1848
1853
1857
1861
1878
1887
1933
1947
1948
1949
1969
1971
1972
2007
2015
2026
2039
2040
2060
2063
2078
2096
2113
2137
2152
2162
2170
2189
2193
2197
2199
2204
2215
2228
2245
2247
2269
2286
2316
2320
2333
2352
2395
2401
2414
2417
2449
2452
2458
2476
2491
2495
2496
2510
2522
2523
2535
2548
2556
2562
2565
2574
2575
2579
2613
2623
161
91
120
69
64
51
40
89
74
144
96
160
81
106
152
95
111
0
125
12
113
46
141
41
114
45
39
23
92
122
43
116
50
104
151
90
52
80
49
107
17
115
65
86
70
99
60
124
54
109
7
126
156
53
139
72
34
21
47
132
44
14
98
27
88
157
67
84
77
93
83
131
127
133
159
31
155
61
103
129
142
62
136
6
140
154
42
78
22
87
11
56
25
118
19
30
138
75
13
137
18
145
57
63
128
100
26
149
16
10
76
148
110
117
35
3
66
71
55
2
105
119
143
38
8
123
20
82
94
29
101
58
36
85
121
24
158
79
4
153
48
108
5
135
130
15
150
147
73
59
32
9
146
102
37
1
68
28
112
97
33
134
