149
23
37
49
63
68
85
93
109
115
127
130
132
146
149
150
154
161
164
166
173
176
182
195
197
198
203
204
211
214
228
234
236
238
239
248
273
286
289
293
295
297
303
305
307
330
331
334
341
357
366
368
371
374
375
379
389
390
397
405
422
438
444
446
447
450
451
467
480
481
482
484
485
490
492
496
497
512
513
514
515
537
561
567
569
572
574
579
595
600
618
625
634
652
653
674
682
688
690
700
704
717
719
730
735
738
777
783
789
790
791
792
796
802
808
810
812
822
825
828
837
852
874
877
878
881
884
885
911
918
922
941
948
952
953
958
962
977
1001
1008
1025
1045
1046
1063
1081
1089
1092
1098
1106
1107
70
15
41
40
5
32
83
63
27
46
2
10
57
56
78
30
47
21
48
0
4
3
86
14
13
42
64
53
68
7
9
17
20
81
73
45
6
60
77
38
39
82
28
22
43
84
44
65
29
74
71
1
76
24
8
67
55
72
11
49
33
69
19
18
70
36
26
54
85
31
61
