64
168
181
228
254
300
314
328
345
395
416
466
504
523
572
584
587
601
602
649
653
697
717
773
777
786
797
831
833
867
880
953
977
984
1010
1029
1039
1052
1056
1059
1073
1087
1106
1167
1211
1228
1266
1282
1283
1290
1335
1337
1409
1431
1433
1451
1525
1546
1562
1627
1636
1685
1706
1729
1836
114
59
25
116
149
135
43
10
130
101
1
70
131
72
56
69
67
115
147
20
6
39
64
89
118
106
52
29
92
47
103
102
143
57
104
8
78
86
37
145
84
55
125
155
48
76
129
160
138
73
163
31
66
87
109
122
141
91
148
41
152
49
96
2
58
151
158
150
61
121
5
134
144
164
90
27
107
75
22
71
62
95
74
3
82
11
108
12
53
44
23
35
99
139
28
93
60
119
51
50
117
32
30
7
83
156
88
45
40
19
126
105
137
146
16
