149
33
40
60
72
74
94
95
96
99
106
107
135
144
149
155
157
166
172
174
180
199
208
212
213
214
228
232
244
251
257
261
271
272
275
297
303
307
311
313
314
320
323
333
350
355
361
364
368
371
375
378
380
395
397
402
412
418
419
421
424
431
435
449
452
453
460
463
468
473
481
487
502
515
524
566
583
586
588
589
592
593
611
617
619
624
626
627
629
639
645
647
657
659
664
667
683
688
696
718
725
774
786
788
794
803
806
815
836
846
847
849
856
868
872
874
876
886
890
898
915
917
919
926
928
937
940
942
960
963
966
968
973
981
995
1005
1006
1016
1031
1034
1037
1039
1053
1056
1063
1074
1076
1090
1099
1101
77
81
49
73
87
74
77
53
6
20
38
78
75
40
76
23
25
48
19
65
13
82
31
11
85
56
43
27
44
34
67
2
79
51
57
5
69
84
4
39
45
61
60
58
80
29
59
42
7
55
83
86
8
28
26
1
24
35
47
14
22
36
41
21
64
37
17
71
46
50
16
32
15
62
0
3
54
72
