78
87
96
116
124
148
150
184
189
200
236
251
275
292
300
301
329
381
449
538
547
550
582
584
595
650
652
655
707
748
761
819
820
827
862
864
872
923
930
932
934
946
1023
1126
1148
1164
1189
1223
1230
1237
1253
1256
1269
1281
1340
1356
1364
1409
1435
1437
1456
1461
1518
1548
1558
1596
1614
1627
1634
1656
1657
1660
1665
1682
1707
1712
1772
1784
1814
120
84
140
46
146
28
153
125
156
14
23
123
128
83
77
9
79
120
69
16
52
51
110
144
115
97
81
13
108
71
7
29
160
40
6
116
130
34
26
91
133
45
117
129
58
111
95
41
90
27
114
43
73
107
3
132
64
112
94
127
61
20
85
30
33
4
47
154
5
57
143
10
152
72
62
104
1
92
11
89
109
44
50
163
60
158
80
65
122
56
101
124
32
18
157
148
8
159
15
19
105
17
35
74
31
67
103
139
126
78
149
121
48
22
39
98
66
145
49
147
70
