686
12
13
14
15
16
17
18
20
21
22
24
26
27
28
29
32
33
34
35
36
37
38
39
40
41
42
43
44
45
46
48
49
50
51
59
60
62
66
67
68
71
76
79
80
81
82
86
91
94
97
98
99
103
104
105
107
108
109
111
114
115
118
120
121
122
123
124
126
127
128
129
130
131
132
133
134
136
137
138
139
141
142
143
145
147
152
153
155
159
160
162
165
166
167
170
173
174
175
176
178
181
182
184
185
186
187
188
189
191
192
195
196
198
199
200
201
202
203
204
205
206
208
210
211
214
215
222
223
224
225
227
228
229
231
233
234
235
236
237
240
241
242
246
247
249
251
253
254
255
257
258
260
264
265
266
269
270
271
272
273
274
275
276
278
279
280
281
282
285
287
288
289
291
292
293
294
295
296
297
299
301
302
304
306
307
309
310
313
314
315
316
317
318
320
321
322
325
326
327
328
329
331
333
334
335
336
340
341
343
345
346
347
349
350
351
355
356
357
358
359
360
362
364
366
368
369
370
372
373
374
375
377
378
379
380
382
385
387
388
390
391
392
393
394
395
396
398
400
401
402
403
404
407
409
411
412
413
417
420
421
422
423
425
427
428
430
431
434
435
437
438
442
445
446
447
448
449
450
451
452
455
458
459
461
462
463
466
468
469
470
473
474
476
478
479
480
482
484
485
486
488
489
490
492
494
496
497
498
499
501
502
503
504
505
507
508
513
514
515
517
519
520
522
523
524
525
527
528
529
535
536
537
539
540
542
545
546
547
548
549
553
554
555
556
559
560
561
562
563
569
570
573
574
576
577
578
580
581
582
584
585
589
590
592
593
594
595
598
600
602
603
605
606
607
608
609
610
612
613
614
622
623
625
629
630
631
632
633
635
636
641
642
644
645
646
648
652
653
654
655
656
657
658
659
662
663
664
665
667
668
671
673
674
675
677
678
679
680
685
686
687
688
689
690
691
692
693
694
697
699
701
702
704
705
709
713
714
715
716
717
718
720
722
723
724
725
726
727
728
729
730
731
733
734
735
736
737
738
739
740
741
743
744
747
749
752
753
754
755
757
759
761
762
764
767
769
770
772
774
775
778
779
780
784
785
786
788
791
792
793
794
797
799
802
803
806
807
808
809
810
811
813
814
815
818
819
820
821
822
823
825
827
828
830
832
834
835
836
837
840
843
844
845
849
850
853
854
855
857
859
861
862
863
864
865
866
867
868
869
870
872
873
874
875
876
877
878
884
886
888
893
895
896
899
901
902
903
904
905
906
908
909
912
913
914
915
917
918
919
920
921
923
924
925
927
928
931
932
934
936
938
940
941
942
943
944
945
946
947
949
950
951
953
955
957
958
962
964
966
967
968
969
970
971
973
974
975
976
977
979
981
982
983
985
989
991
992
993
994
996
997
998
1000
1006
1007
1010
1011
1014
1015
1016
1017
1018
1019
1020
1021
1024
1026
1027
1028
1035
1039
1040
1041
1042
1043
1044
1046
1047
1050
1051
1052
1055
1056
1058
1062
1064
1067
1068
1069
1070
1071
1072
1074
1075
1076
1077
1078
1079
1080
1081
1084
1086
1087
1089
1090
1091
1095
1096
1098
1100
1101
1102
1103
1104
1106
1107
83
7
65
10
85
55
76
11
23
60
75
43
5
2
12
42
82
18
26
67
72
54
70
16
44
48
1
37
49
87
47
40
53
9
83
77
62
71
73
36
50
34
32
52
24
84
45
20
30
51
74
25
63
33
27
29
56
64
69
61
31
6
81
0
28
3
78
4
38
19
80
41
59
8
46
57
35
58
14
17
13
22
68
86
