67
46
55
132
134
145
154
175
220
239
286
293
312
335
364
384
409
415
417
451
474
522
523
541
545
568
572
625
633
643
664
697
751
770
841
890
929
933
948
959
964
1154
1199
1230
1237
1316
1327
1352
1355
1406
1425
1459
1464
1475
1480
1515
1546
1562
1567
1580
1597
1635
1680
1725
1762
1784
1785
1791
114
75
138
141
38
64
160
16
78
101
92
155
153
130
109
5
32
161
140
164
82
83
126
50
94
147
159
56
72
84
98
107
124
144
150
156
154
123
118
62
0
74
112
14
163
97
113
77
21
152
79
148
26
13
42
128
8
36
71
85
135
18
88
129
49
34
63
65
122
48
24
29
121
120
2
9
70
134
1
87
133
67
12
103
46
151
4
111
39
89
6
106
119
35
136
137
73
22
108
145
59
43
47
143
116
58
40
102
104
76
60
57
51
142
41
