648
22
25
28
29
31
32
34
35
38
44
50
51
53
55
57
59
61
64
67
69
73
76
79
81
83
84
86
90
100
103
105
110
119
120
127
128
129
134
135
141
142
144
145
146
147
148
149
152
153
157
158
164
167
168
169
171
172
173
177
178
179
180
182
183
184
190
195
198
200
203
207
221
226
229
231
233
237
245
247
249
250
253
254
257
258
265
270
271
272
276
277
278
280
283
285
287
291
294
296
302
306
312
315
317
318
325
327
328
329
331
334
337
338
340
342
345
346
350
351
352
357
358
359
360
362
369
371
373
376
382
385
386
391
404
407
408
413
415
416
422
423
424
428
431
432
433
434
436
437
439
441
444
447
448
449
450
451
458
459
460
462
464
465
468
470
473
481
483
491
495
497
500
501
509
511
515
518
519
522
523
524
525
528
529
531
536
537
540
543
544
547
549
552
553
557
559
561
562
568
571
576
585
589
591
595
597
600
605
606
607
608
609
612
615
619
626
627
629
635
636
638
640
644
645
648
650
654
655
658
659
662
668
672
674
679
683
684
692
693
694
695
696
705
709
710
712
719
723
724
725
728
731
732
733
737
738
739
740
741
742
743
744
745
746
748
749
752
753
755
756
764
766
770
779
781
782
784
786
787
790
792
798
821
822
823
828
831
832
833
836
844
847
850
852
854
858
859
860
861
865
870
871
873
875
877
878
884
885
886
887
888
889
893
897
898
904
905
909
911
914
915
921
922
925
930
931
932
935
940
942
946
952
957
958
966
968
969
970
971
983
985
987
1005
1006
1009
1010
1014
1016
1018
1019
1021
1022
1028
1036
1040
1041
1042
1043
1047
1057
1058
1059
1066
1071
1073
1077
1087
1090
1095
1096
1097
1098
1104
1106
1107
1110
1111
1113
1114
1120
1123
1124
1127
1128
1130
1138
1139
1143
1144
1146
1150
1151
1154
1160
1162
1163
1168
1171
1174
1175
1182
1185
1187
1189
1190
1191
1196
1203
1211
1212
1213
1214
1215
1217
1218
1221
1222
1223
1226
1227
1229
1231
1233
1234
1235
1236
1238
1240
1241
1242
1243
1244
1245
1249
1256
1257
1261
1266
1269
1271
1273
1277
1289
1290
1294
1296
1298
1300
1304
1309
1317
1320
1321
1323
1324
1327
1328
1331
1338
1340
1341
1345
1348
1349
1352
1357
1359
1361
1364
1369
1372
1374
1375
1376
1378
1380
1384
1385
1389
1390
1392
1395
1399
1400
1401
1408
1409
1410
1412
1417
1418
1420
1427
1429
1431
1432
1435
1446
1449
1451
1454
1459
1460
1461
1464
1467
1468
1472
1473
1474
1485
1486
1487
1493
1494
1497
1499
1501
1506
1510
1511
1512
1513
1518
1520
1521
1523
1524
1530
1531
1536
1543
1545
1552
1553
1554
1555
1556
1558
1559
1562
1566
1570
1571
1573
1574
1576
1577
1579
1583
1584
1586
1587
1591
1593
1594
1595
1597
1602
1603
1606
1607
1609
1610
1611
1614
1615
1621
1624
1626
1627
1632
1634
1638
1639
1640
1646
1647
1650
1653
1654
1656
1658
1661
1663
1664
1668
1669
1671
1679
1687
1688
1689
1693
1694
1695
1697
1700
1701
1705
1709
1710
1713
1715
1718
1720
1726
1727
1728
1729
1730
1732
1738
1742
1746
1748
1749
1750
1752
1756
1757
1758
1759
1760
1763
1765
1766
1774
1775
1777
1781
1784
1786
1788
1789
1792
1793
1803
1807
1809
1810
1814
1817
1823
1825
1826
1829
1839
157
142
67
112
107
146
144
121
2
131
18
100
109
118
117
77
92
5
153
154
46
7
115
20
164
49
94
23
63
95
122
50
163
140
128
15
73
22
89
101
113
74
158
57
48
14
27
133
30
135
39
157
124
120
47
111
79
97
53
4
38
80
75
156
125
152
66
129
132
26
105
6
123
33
159
9
8
86
85
90
64
16
104
1
36
83
119
137
56
59
130
106
58
25
44
150
35
102
126
82
84
81
54
110
155
24
162
116
96
51
12
141
0
29
127
3
136
160
147
148
32
72
40
19
11
41
139
161
68
62
134
93
60
45
143
70
13
138
61
55
149
42
114
21
43
91
69
17
28
108
145
98
71
31
99
37
88
76
