70
187
243
263
264
268
277
343
352
386
403
415
440
443
482
529
530
538
557
559
628
635
638
652
662
669
722
747
765
792
901
921
984
1019
1040
1045
1048
1074
1081
1155
1179
1181
1208
1223
1259
1276
1302
1308
1321
1349
1351
1373
1389
1428
1431
1479
1488
1490
1524
1547
1591
1596
1627
1630
1650
1658
1665
1686
1687
1711
1756
120
77
122
75
119
30
97
145
87
33
67
70
22
112
140
47
6
23
4
48
94
139
154
161
5
129
144
17
141
132
45
29
21
37
121
91
109
27
85
71
51
36
115
31
20
111
49
98
13
41
57
104
65
83
73
10
58
157
103
125
148
106
50
100
138
101
3
143
28
146
68
88
116
147
84
105
40
136
79
26
54
9
8
43
118
66
2
82
63
46
162
108
135
7
62
92
158
80
60
156
153
39
24
134
149
76
19
42
131
113
52
72
126
56
78
55
133
38
114
32
130
