257
6
12
13
14
68
91
107
131
134
136
139
142
151
161
168
179
195
197
218
232
236
251
272
277
285
291
326
332
337
346
347
349
357
359
363
381
384
387
427
439
465
476
481
489
508
511
514
518
523
525
527
573
583
596
606
640
655
666
667
670
673
686
735
755
759
761
763
766
774
777
787
788
798
805
810
821
834
863
869
871
873
885
888
894
896
914
916
941
945
958
971
977
980
998
1013
1017
1022
1027
1028
1044
1051
1072
1074
1100
1106
1109
1129
1147
1149
1172
1187
1189
1192
1194
1205
1206
1212
1220
1222
1238
1242
1247
1251
1265
1268
1281
1294
1303
1304
1308
1310
1319
1320
1332
1338
1346
1363
1373
1428
1435
1440
1473
1476
1494
1514
1540
1556
1557
1572
1574
1576
1580
1581
1590
1594
1612
1614
1618
1624
1629
1639
1644
1645
1649
1676
1688
1712
1719
1723
1733
1735
1773
1799
1802
1814
1815
1818
1820
1822
1824
1826
1832
1835
1879
1905
1913
1914
1933
1935
1945
1946
1951
1965
1969
1972
1976
1980
1996
2006
2017
2030
2035
2036
2042
2061
2066
2080
2098
2110
2119
2122
2125
2163
2167
2173
2197
2202
2216
2222
2239
2262
2298
2314
2324
2332
2351
2353
2366
2377
2382
2389
2400
2408
2412
2413
2428
2438
2444
2447
2452
2459
2464
2469
2493
2497
2504
2507
2524
2529
2530
2534
2549
2560
2584
2589
2598
2615
161
0
14
96
117
85
3
87
68
49
28
55
24
105
100
125
157
108
115
134
88
90
86
78
120
27
92
41
38
25
81
10
129
21
36
118
6
131
37
76
114
70
57
147
15
133
61
26
95
116
135
97
23
32
145
150
91
143
47
121
11
119
98
9
124
17
83
140
4
113
132
5
34
160
122
101
112
152
104
106
39
58
138
20
16
77
67
142
48
42
66
8
53
158
102
148
64
103
12
33
110
45
59
84
22
35
153
50
94
126
43
154
46
137
74
13
56
149
72
93
63
136
128
109
99
111
151
65
44
127
52
29
89
7
146
2
40
79
159
130
31
107
82
141
19
30
156
71
80
62
75
144
1
139
60
155
123
51
18
73
69
54
