129
55
96
97
116
135
140
150
154
173
213
241
242
256
294
295
298
303
304
329
343
380
413
415
419
426
434
460
474
506
553
578
606
612
619
632
633
642
648
654
660
671
679
702
706
719
770
778
791
794
848
879
924
976
991
996
1006
1011
1029
1071
1080
1090
1125
1141
1144
1169
1180
1216
1231
1234
1242
1292
1295
1339
1366
1393
1420
1431
1434
1455
1466
1486
1493
1533
1560
1589
1595
1596
1613
1614
1626
1634
1654
1688
1692
1708
1716
1746
1752
1762
1809
1810
1818
1831
1843
1851
1902
1913
1920
1936
1950
1985
1994
2014
2017
2105
2169
2170
2216
2235
2256
2263
2266
2309
2357
2370
2382
2405
2426
2436
160
99
92
29
45
11
48
138
117
18
9
7
152
93
67
49
112
128
17
150
149
85
87
131
113
38
37
103
154
111
20
142
30
98
121
54
122
143
60
32
26
141
66
160
51
24
106
110
3
144
115
0
90
108
139
73
146
59
23
126
82
12
147
125
132
69
65
42
50
137
75
80
124
114
76
13
162
46
140
19
100
43
107
44
155
1
91
61
118
158
133
70
94
2
135
84
57
86
64
89
159
55
8
15
151
27
77
95
88
58
81
157
71
10
53
116
63
119
130
33
127
68
41
105
34
31
161
25
16
153
5
40
79
4
83
47
62
96
52
74
109
97
28
72
35
123
104
148
156
101
21
56
6
102
14
120
22
36
134
78
39
