142
55
75
143
152
153
168
180
182
197
198
204
217
218
219
220
251
257
268
285
305
319
321
328
339
378
405
413
418
431
436
440
442
448
460
472
492
584
591
596
616
636
637
671
700
706
718
727
735
749
760
763
764
799
803
834
840
842
843
887
895
924
935
945
967
1009
1020
1033
1052
1097
1122
1128
1132
1138
1178
1197
1266
1277
1314
1331
1350
1376
1387
1399
1402
1450
1452
1454
1460
1475
1476
1494
1502
1537
1577
1590
1608
1612
1638
1639
1654
1690
1698
1708
1728
1731
1762
1766
1770
1819
1840
1870
1906
1942
1965
1980
1994
2002
2031
2040
2043
2088
2122
2141
2180
2191
2200
2227
2228
2232
2242
2243
2251
2318
2319
2323
2325
2348
2353
2355
2373
2384
2409
157
143
148
41
1
0
16
57
111
135
126
68
136
83
141
71
75
17
125
127
50
30
34
107
66
37
139
33
2
74
9
11
129
89
86
145
12
106
112
73
25
44
140
28
22
60
64
156
113
97
81
151
120
39
26
159
65
137
98
21
7
70
158
72
87
19
152
10
79
31
32
59
131
56
114
61
95
161
38
78
23
51
35
45
20
48
96
77
18
54
94
58
108
4
101
117
82
92
93
149
99
138
100
91
36
24
15
147
124
155
84
121
42
103
150
80
43
85
128
110
90
13
123
46
8
47
133
3
104
52
130
132
102
40
144
162
157
146
118
119
115
105
62
63
142
6
29
53
55
27
122
5
154
116
88
49
109
134
