688
4
8
11
12
14
16
18
19
20
22
29
32
34
35
36
39
40
43
48
50
53
55
56
60
61
66
68
71
73
77
92
96
98
104
105
109
110
111
112
113
116
119
121
123
124
125
126
141
145
150
154
155
158
162
163
164
167
171
173
174
179
180
181
184
186
187
193
200
204
205
207
208
215
218
221
222
224
226
227
228
230
231
232
233
236
237
240
247
249
253
256
257
259
262
264
265
266
272
277
278
282
286
287
288
290
293
297
299
300
305
310
316
322
325
330
331
333
334
336
339
342
343
345
346
348
351
354
356
359
360
361
362
363
364
373
376
388
390
393
394
395
397
403
405
413
414
415
416
417
423
427
428
437
440
441
443
445
447
451
452
454
457
461
463
464
465
474
479
480
481
482
483
485
486
489
490
493
497
498
502
505
512
517
525
535
539
541
544
546
547
550
555
569
571
577
578
579
580
585
587
590
594
595
596
598
600
602
603
604
607
608
612
614
615
620
621
626
627
631
632
633
637
639
646
647
648
649
651
652
653
654
658
659
662
663
667
668
671
672
674
676
679
681
683
689
690
694
695
701
702
704
706
709
713
714
715
716
721
726
727
729
730
731
734
737
739
740
743
744
747
748
750
755
757
761
772
774
776
778
779
784
792
793
795
800
801
803
804
805
807
808
809
810
812
814
817
828
830
833
838
839
841
843
844
846
847
849
856
863
864
867
870
871
873
877
878
880
887
888
894
895
897
899
900
901
905
907
908
909
910
911
912
914
916
919
920
922
928
929
930
935
937
939
941
943
945
949
952
957
960
962
963
964
970
972
973
975
983
985
989
991
999
1000
1007
1012
1025
1026
1030
1035
1036
1039
1040
1043
1045
1047
1049
1052
1060
1062
1063
1064
1065
1072
1077
1079
1080
1086
1090
1095
1098
1102
1103
1104
1106
1113
1114
1119
1123
1124
1125
1126
1127
1130
1131
1133
1137
1144
1151
1152
1154
1156
1157
1158
1159
1160
1161
1163
1164
1172
1173
1176
1178
1179
1180
1182
1184
1185
1188
1190
1191
1192
1196
1198
1204
1205
1206
1207
1210
1211
1212
1213
1214
1215
1216
1220
1224
1225
1227
1229
1233
1236
1238
1240
1243
1246
1250
1251
1253
1258
1260
1262
1263
1264
1265
1268
1270
1271
1272
1273
1274
1276
1277
1280
1281
1282
1285
1288
1289
1291
1295
1298
1302
1303
1306
1308
1315
1318
1322
1324
1334
1336
1340
1341
1348
1350
1351
1356
1357
1358
1359
1360
1362
1365
1367
1368
1370
1372
1373
1375
1376
1386
1387
1388
1395
1396
1397
1400
1401
1404
1408
1411
1414
1415
1422
1424
1432
1433
1434
1439
1440
1441
1446
1448
1450
1451
1456
1459
1460
1465
1467
1473
1474
1476
1478
1479
1483
1485
1486
1487
1488
1496
1501
1502
1503
1504
1505
1510
1513
1515
1517
1518
1519
1521
1522
1523
1526
1528
1529
1530
1535
1547
1549
1550
1551
1553
1554
1561
1563
1564
1572
1573
1574
1580
1582
1583
1584
1585
1586
1589
1593
1597
1598
1599
1600
1602
1607
1609
1611
1614
1616
1618
1620
1621
1622
1623
1625
1627
1630
1631
1633
1634
1635
1636
1638
1644
1645
1648
1649
1652
1655
1656
1662
1664
1665
1666
1673
1678
1679
1681
1685
1686
1690
1692
1693
1698
1699
1701
1703
1705
1707
1708
1712
1715
1716
1721
1726
1727
1729
1736
1742
1744
1747
1749
1751
1752
1753
1755
1757
1758
1759
1762
1763
1765
1766
1767
1771
1775
1778
1780
1782
1783
1784
1786
1790
1794
1799
1803
1804
1811
1815
1817
1822
1823
1828
1835
1836
1838
1839
158
109
87
43
48
53
129
21
58
44
126
14
86
98
91
55
148
23
94
104
162
37
66
121
139
163
81
113
124
3
6
115
152
32
130
96
59
19
78
15
138
145
72
31
28
156
20
146
8
71
68
69
149
117
7
51
118
39
90
4
88
57
74
100
103
25
135
161
77
54
158
34
150
132
112
153
157
80
154
107
133
147
106
40
2
151
122
102
35
116
140
110
13
160
10
45
125
42
85
144
70
79
137
26
47
76
29
134
108
65
164
84
111
119
30
123
38
128
5
155
60
143
82
27
67
11
36
16
105
17
46
33
49
63
136
99
95
159
61
9
93
120
50
83
92
1
141
52
73
75
101
41
56
131
24
22
18
89
64
