79
116
117
163
174
224
244
257
331
338
339
355
399
413
450
468
480
500
507
542
573
591
598
627
646
660
675
697
707
749
756
758
781
785
792
855
858
859
874
882
922
953
966
969
1047
1109
1165
1173
1202
1239
1256
1279
1286
1287
1289
1303
1355
1364
1369
1399
1428
1440
1447
1495
1503
1514
1527
1543
1556
1568
1585
1612
1620
1623
1693
1699
1713
1781
1790
1836
129
118
116
57
9
39
129
138
15
151
79
61
74
32
93
147
153
40
154
46
25
64
150
34
142
50
155
60
84
6
101
128
105
132
80
33
68
114
22
134
159
117
49
96
89
82
53
77
148
59
23
112
123
69
29
160
1
136
43
137
85
95
13
66
94
139
35
30
113
158
38
56
0
127
103
162
156
45
141
157
121
24
124
36
73
87
144
119
37
104
133
11
140
41
143
107
18
135
48
67
78
98
146
163
115
51
70
97
16
145
42
47
55
27
88
63
99
90
31
102
3
81
108
26
83
109
62
149
7
14
