686
8
10
13
15
16
19
21
23
24
25
26
29
30
31
32
33
34
35
36
37
38
40
41
42
43
48
49
51
53
54
55
56
57
58
60
61
62
63
64
65
66
67
68
69
71
72
75
76
77
80
84
85
87
88
89
91
92
95
96
97
100
101
102
103
104
107
108
109
112
113
114
115
116
119
121
124
125
126
127
128
129
132
134
136
138
139
140
141
142
143
144
146
149
150
151
152
154
157
159
161
162
163
164
165
167
169
171
172
173
174
175
176
178
184
186
187
188
189
197
199
200
202
203
205
206
207
208
209
212
213
216
217
220
221
222
224
225
228
230
232
233
234
236
238
240
241
242
243
245
246
247
248
249
253
255
256
257
258
260
261
262
263
268
270
271
274
279
281
283
287
290
293
294
297
298
299
301
303
305
306
310
311
312
314
315
316
319
320
322
323
324
325
327
333
334
335
339
341
342
343
344
345
349
351
353
354
355
356
358
359
360
363
364
366
367
368
369
370
371
372
373
375
377
379
380
382
383
384
385
387
389
390
391
392
394
396
397
399
400
401
403
404
405
406
407
409
410
411
412
413
414
415
418
420
422
423
424
425
426
427
428
430
432
434
435
437
440
443
444
448
452
454
455
457
458
459
460
461
462
464
465
466
467
471
473
475
476
480
483
484
486
489
491
492
493
494
498
499
500
501
502
504
506
507
508
509
510
514
515
517
518
520
521
522
524
525
526
528
529
530
531
532
535
536
537
538
539
540
541
542
544
547
548
549
551
553
554
555
556
560
564
566
567
569
570
572
573
574
575
576
580
581
584
585
586
587
588
591
593
595
596
598
599
601
603
605
606
610
614
616
617
618
619
623
625
626
627
629
630
631
633
634
635
637
638
639
640
641
642
643
644
645
646
647
648
653
654
656
657
660
661
662
663
664
665
666
667
668
669
672
674
675
677
679
680
682
683
685
686
687
688
689
690
691
693
694
696
700
701
702
703
704
706
707
708
709
711
714
715
717
720
723
724
725
726
727
728
730
731
733
734
735
737
738
741
743
744
745
746
747
748
749
750
752
753
755
758
759
760
761
762
763
765
766
768
769
771
775
776
778
779
780
782
784
785
786
787
789
793
795
797
799
801
803
805
806
807
808
809
810
812
813
814
815
816
817
818
819
820
821
823
824
825
826
827
830
831
832
833
836
838
841
845
846
847
848
849
852
853
855
856
858
860
863
864
866
868
869
870
871
872
873
875
876
877
878
880
882
883
885
886
887
888
890
892
894
896
898
900
901
904
905
906
907
908
910
912
915
917
918
919
920
922
923
924
925
928
929
933
934
935
936
942
943
945
946
947
948
949
951
952
955
956
957
958
961
962
964
967
972
976
977
978
979
980
983
984
985
989
991
993
994
995
996
999
1002
1008
1010
1011
1012
1013
1014
1015
1017
1022
1025
1028
1029
1035
1036
1037
1038
1039
1040
1041
1044
1045
1046
1049
1050
1052
1055
1056
1058
1059
1060
1061
1062
1063
1065
1066
1068
1069
1070
1072
1073
1074
1075
1076
1077
1078
1079
1080
1083
1084
1085
1088
1089
1090
1091
1092
1093
1094
1095
1096
1097
1098
1099
1100
1101
1102
1103
1104
1105
1106
1107
81
28
61
43
20
22
27
11
35
78
85
47
63
25
13
15
51
40
29
23
74
69
24
45
18
42
19
83
66
10
48
5
86
72
70
60
26
0
65
38
75
71
64
46
80
8
17
59
68
2
79
4
54
6
87
52
37
76
7
32
16
84
50
31
73
62
57
1
34
41
82
3
14
49
39
56
53
67
36
9
77
58
