129
55
65
92
100
107
119
120
137
138
150
154
162
229
250
271
309
320
355
368
381
387
396
432
437
462
488
533
553
583
593
601
610
611
620
634
642
648
658
660
665
666
669
694
719
763
779
796
807
823
826
829
832
873
885
909
912
929
937
952
953
991
997
1019
1111
1115
1116
1134
1141
1154
1157
1180
1201
1203
1204
1254
1281
1324
1327
1337
1353
1365
1369
1427
1441
1546
1608
1623
1639
1654
1681
1686
1724
1734
1748
1763
1772
1794
1820
1830
1896
1983
1996
2019
2026
2044
2048
2057
2060
2068
2082
2088
2091
2097
2107
2143
2153
2155
2176
2194
2229
2230
2255
2295
2327
2373
2388
2391
2437
2441
156
93
71
151
108
51
80
18
10
27
88
159
107
133
139
13
23
155
17
121
21
95
118
147
132
84
48
11
160
66
102
83
47
38
15
55
137
35
26
113
98
120
0
31
143
8
112
62
136
74
5
7
111
106
158
119
146
57
42
58
79
60
97
145
99
123
138
45
129
44
39
134
89
19
6
128
122
41
53
154
22
130
82
36
94
109
2
67
77
3
131
114
28
78
54
141
65
91
24
25
46
135
30
12
148
33
37
63
149
1
4
14
90
125
100
161
140
156
73
61
87
103
92
64
72
49
101
96
32
150
153
144
142
117
20
110
105
76
50
162
40
127
126
52
29
124
81
70
69
9
152
86
16
56
68
75
59
