101
29
38
41
52
53
61
69
132
133
145
174
277
283
308
324
381
460
471
481
497
513
575
667
668
672
680
685
691
693
694
743
795
829
836
850
867
891
901
931
938
996
1043
1054
1057
1058
1060
1130
1137
1164
1167
1169
1192
1209
1265
1285
1350
1402
1415
1423
1443
1459
1538
1545
1567
1591
1607
1610
1634
1763
1798
1814
1829
1849
1866
1885
1932
1937
1989
1990
1994
2000
2056
2072
2091
2157
2172
2178
2181
2203
2208
2240
2250
2260
2309
2317
2323
2362
2378
2391
2402
2444
160
99
13
144
46
129
26
140
4
64
95
51
53
104
119
41
159
65
30
149
75
139
153
18
112
3
76
145
162
61
98
146
130
37
23
128
60
152
71
131
22
91
90
28
40
21
161
117
66
16
113
158
89
39
74
80
10
5
134
72
9
7
6
157
133
62
110
124
148
19
54
85
33
107
125
79
17
100
32
43
127
68
24
123
93
94
150
143
57
96
34
147
88
67
156
114
154
82
109
25
8
0
58
132
27
2
73
106
121
36
151
31
136
52
155
122
92
42
87
126
44
1
137
63
50
142
48
84
81
29
120
138
35
83
15
105
108
160
49
56
86
102
11
12
118
55
69
101
47
14
78
135
45
103
141
77
20
111
70
97
59
