116
55
68
72
79
85
120
123
142
158
183
231
239
257
351
365
408
409
448
461
477
500
526
541
543
568
582
623
635
643
662
681
692
693
758
761
769
869
890
913
918
968
991
1009
1048
1055
1087
1094
1110
1139
1142
1238
1252
1257
1297
1313
1344
1352
1369
1375
1389
1393
1411
1422
1448
1492
1496
1502
1504
1510
1524
1539
1573
1594
1640
1695
1733
1740
1759
1769
1783
1805
1817
1818
1825
1877
1885
1886
1887
1919
1925
1975
2011
2032
2054
2081
2084
2092
2141
2152
2153
2184
2193
2196
2198
2201
2208
2244
2261
2268
2327
2328
2369
2371
2434
2443
2444
150
51
45
80
107
59
8
133
156
134
29
14
152
3
30
38
141
159
44
42
87
32
138
35
142
122
28
144
100
52
109
83
153
96
130
78
70
93
149
105
90
157
50
135
85
95
73
18
77
117
37
0
47
84
57
53
40
49
110
151
58
12
72
89
60
132
74
114
154
139
31
127
81
24
61
54
26
6
11
22
43
123
97
146
106
79
160
66
129
120
9
62
21
68
4
121
86
150
36
143
2
39
116
111
41
137
119
7
113
16
148
92
98
23
76
19
102
67
27
75
46
55
48
136
103
101
63
13
118
56
1
161
131
65
104
88
10
33
145
162
34
147
124
69
125
94
82
155
25
158
20
