679
13
15
19
22
27
36
37
38
39
41
42
46
49
50
51
54
55
56
57
58
60
66
67
77
79
80
87
89
90
92
98
99
103
108
109
110
115
120
124
125
127
130
132
134
135
140
143
147
148
149
153
157
158
161
162
163
165
166
167
170
171
173
174
175
176
178
181
184
190
192
196
197
200
201
205
209
210
216
218
221
225
229
232
234
237
238
243
244
245
246
249
254
257
258
259
265
271
272
275
276
282
284
286
291
295
298
299
306
313
314
315
321
329
337
338
340
341
343
346
347
348
349
350
352
354
357
358
359
365
368
369
372
382
383
384
386
389
392
397
398
401
402
403
404
414
418
419
420
421
423
426
427
430
431
432
443
447
450
451
452
453
454
456
458
459
463
464
465
467
468
470
471
473
474
475
484
485
486
488
491
496
497
498
502
503
504
506
508
509
510
512
516
518
519
524
537
540
543
546
549
551
552
554
558
559
566
567
569
570
572
575
579
580
581
583
587
588
589
591
595
598
599
603
607
613
617
618
622
628
629
633
636
641
647
650
652
653
656
659
660
663
664
681
688
690
693
696
704
705
707
709
714
717
719
723
729
730
732
733
734
735
737
744
750
751
753
755
759
762
764
767
770
772
776
778
780
783
784
785
789
790
791
794
803
811
813
815
817
826
827
828
831
833
834
837
838
840
842
844
850
852
858
859
860
861
866
868
869
873
874
880
882
884
887
905
908
909
912
923
925
930
931
933
935
936
938
939
942
944
945
948
949
951
952
957
959
960
968
972
975
977
979
980
983
989
992
993
994
1001
1005
1008
1010
1011
1012
1013
1015
1019
1020
1029
1031
1034
1035
1043
1046
1048
1049
1050
1052
1055
1057
1061
1064
1067
1069
1071
1072
1077
1078
1080
1083
1086
1087
1091
1093
1094
1097
1099
1101
1103
1105
1109
1110
1111
1113
1114
1115
1116
1117
1120
1123
1125
1126
1129
1132
1133
1140
1142
1144
1145
1146
1154
1157
1158
1159
1160
1164
1165
1167
1171
1175
1184
1189
1190
1193
1197
1199
1200
1203
1204
1208
1209
1212
1214
1217
1218
1225
1226
1227
1228
1230
1234
1235
1236
1238
1240
1242
1243
1245
1247
1248
1249
1252
1255
1256
1261
1262
1266
1267
1269
1270
1271
1273
1274
1277
1283
1286
1289
1293
1295
1296
1299
1301
1303
1304
1308
1313
1315
1321
1326
1330
1332
1333
1334
1335
1338
1339
1345
1347
1352
1353
1354
1357
1358
1359
1360
1364
1366
1368
1373
1375
1376
1380
1382
1387
1389
1391
1400
1405
1407
1408
1409
1410
1411
1412
1415
1420
1421
1423
1424
1425
1428
1429
1431
1435
1436
1440
1442
1443
1444
1446
1447
1450
1452
1454
1455
1458
1466
1469
1473
1477
1479
1483
1504
1505
1506
1509
1512
1517
1523
1524
1526
1528
1537
1538
1539
1540
1542
1545
1546
1547
1548
1550
1551
1553
1554
1557
1560
1561
1567
1568
1571
1572
1576
1578
1581
1582
1583
1584
1585
1593
1597
1600
1609
1611
1616
1617
1622
1623
1625
1628
1632
1634
1637
1640
1641
1644
1645
1648
1653
1656
1658
1660
1664
1665
1667
1669
1671
1672
1676
1677
1680
1681
1682
1686
1690
1697
1698
1701
1702
1703
1705
1713
1715
1716
1717
1718
1720
1724
1727
1734
1735
1736
1740
1741
1742
1744
1745
1749
1750
1754
1757
1759
1760
1761
1764
1767
1771
1772
1775
1782
1785
1786
1787
1791
1793
1794
1795
1801
1803
1804
1805
1812
1813
1814
1817
1821
1822
1823
1824
1825
1827
1829
1830
1833
1834
1835
1837
1838
1840
157
36
66
7
134
44
104
121
157
100
39
138
101
77
86
91
51
150
56
53
69
21
152
16
25
12
92
137
147
40
63
31
98
55
24
72
0
47
154
162
114
41
132
143
107
116
74
146
81
35
122
85
131
28
49
87
3
151
141
10
155
82
54
88
158
83
93
11
8
2
103
32
161
108
126
65
128
14
163
42
19
125
89
109
76
52
18
15
123
9
106
99
59
78
48
17
156
94
112
129
148
50
4
164
46
159
27
84
90
33
62
57
67
6
58
22
113
38
64
95
1
115
120
80
117
130
75
102
135
34
140
5
26
45
153
160
29
20
68
96
124
23
30
119
37
133
139
149
118
105
110
43
79
13
60
111
97
144
