123
7
56
67
131
149
180
196
210
263
266
280
299
361
366
367
396
417
434
445
466
477
490
496
526
535
556
567
636
653
690
710
714
721
724
728
745
747
753
780
802
804
820
826
831
832
847
851
857
882
905
961
989
993
1015
1086
1106
1109
1170
1178
1196
1202
1205
1211
1229
1269
1279
1287
1300
1337
1360
1392
1395
1401
1419
1431
1433
1446
1447
1450
1460
1480
1487
1496
1544
1563
1592
1593
1595
1659
1669
1686
1695
1711
1715
1740
1757
1783
1798
1833
1856
1861
1900
1985
1989
1996
2010
2013
2052
2103
2124
2142
2152
2163
2172
2175
2248
2283
2284
2305
2309
2361
2426
2442
163
4
118
58
13
78
73
87
126
77
83
31
14
154
108
146
107
34
48
10
47
103
143
161
92
30
115
5
132
67
155
64
19
134
72
2
24
100
141
28
121
1
54
16
145
136
23
102
160
133
81
12
70
55
35
123
11
71
124
39
42
88
9
116
105
149
37
21
98
130
74
104
119
152
25
41
120
158
156
95
113
93
44
50
99
110
3
97
52
96
36
18
66
148
61
142
150
40
62
29
140
127
138
27
20
137
84
56
65
75
82
162
60
157
68
135
85
91
80
147
26
15
125
122
6
38
0
151
51
111
153
159
8
46
79
17
86
112
144
139
57
109
63
43
129
101
33
114
89
94
117
59
69
106
49
32
131
76
7
45
90
22
128
53
