140
27
31
51
64
68
82
128
150
170
194
244
277
290
301
329
360
399
415
427
430
442
447
472
483
488
490
516
525
585
597
605
608
621
695
713
731
734
742
776
818
869
886
908
911
912
918
956
959
996
998
1001
1006
1018
1060
1070
1085
1086
1106
1112
1114
1161
1163
1232
1236
1241
1251
1275
1280
1283
1291
1301
1334
1364
1373
1376
1426
1434
1450
1451
1453
1479
1528
1618
1621
1625
1642
1690
1701
1702
1703
1710
1726
1737
1744
1748
1753
1759
1763
1769
1797
1819
1848
1870
1889
1901
1922
1931
1946
1959
1974
1996
2021
2029
2043
2057
2075
2091
2114
2147
2155
2166
2169
2201
2248
2255
2262
2266
2293
2334
2336
2354
2366
2372
2375
2378
2380
2382
2405
2440
2447
162
81
17
83
117
50
116
114
37
60
21
146
77
8
144
63
19
55
132
88
43
46
127
94
29
147
24
107
65
78
135
9
115
157
138
52
25
64
72
33
95
156
103
90
16
112
49
120
105
119
126
26
3
129
14
47
31
136
86
82
39
66
85
18
51
87
38
106
28
42
159
15
158
128
76
74
133
84
97
150
22
56
99
142
61
59
137
73
58
23
20
79
96
160
68
101
123
5
139
145
100
110
1
10
113
32
109
36
11
2
40
57
69
13
27
124
0
125
67
54
6
91
44
102
162
121
140
98
48
149
111
71
70
89
141
75
155
151
122
35
92
161
131
80
93
154
143
108
53
62
30
12
153
4
7
41
118
45
104
148
34
130
134
