270
1
7
8
25
37
44
52
81
84
91
98
113
120
136
140
150
151
153
173
176
194
201
205
210
225
240
288
295
301
322
324
337
351
353
382
385
388
389
390
395
401
431
438
439
444
451
452
456
467
474
477
483
506
527
533
557
561
575
582
592
619
620
625
638
645
669
681
682
685
694
705
712
717
719
720
721
741
745
757
772
775
794
818
821
823
824
829
835
840
865
870
873
889
894
895
897
902
903
912
939
959
961
972
990
995
1003
1011
1013
1015
1035
1037
1040
1051
1091
1117
1124
1138
1142
1155
1182
1187
1197
1204
1212
1213
1221
1258
1286
1299
1303
1306
1312
1316
1317
1333
1337
1340
1343
1358
1360
1379
1380
1382
1402
1425
1427
1428
1430
1443
1452
1461
1471
1488
1491
1496
1497
1500
1505
1521
1522
1523
1525
1531
1537
1538
1552
1576
1579
1591
1593
1600
1601
1603
1614
1641
1657
1688
1713
1715
1716
1717
1719
1722
1731
1736
1741
1756
1775
1777
1779
1785
1804
1811
1813
1835
1859
1877
1883
1887
1893
1895
1909
1911
1930
1931
1937
1939
1951
1965
1967
1977
1982
1987
1989
2007
2018
2044
2065
2075
2077
2087
2095
2102
2108
2116
2131
2146
2182
2186
2201
2220
2225
2231
2237
2238
2246
2263
2275
2279
2301
2305
2324
2335
2378
2396
2397
2405
2412
2413
2420
2425
2446
2479
2487
2493
2506
2508
2526
2533
2537
2556
2557
2559
2562
2563
2565
2569
2605
2612
2624
159
3
6
52
36
40
127
92
51
112
145
27
104
95
80
149
148
25
26
21
86
146
84
78
61
137
68
115
138
62
65
45
105
110
16
33
160
152
66
69
14
130
147
103
129
109
71
106
158
60
113
56
17
22
150
131
24
15
75
102
156
23
41
111
94
107
63
37
144
101
49
74
53
128
96
35
48
82
118
122
159
89
2
90
88
44
18
155
19
157
114
29
117
79
81
85
13
46
143
0
123
76
1
42
132
124
47
99
10
97
120
11
83
121
20
134
64
98
58
153
140
119
135
43
72
125
108
38
133
39
70
77
9
151
73
12
67
55
139
31
8
126
91
50
34
141
4
59
116
136
154
5
32
93
57
7
28
30
142
87
