686
0
7
8
9
12
14
15
16
20
22
26
27
28
31
33
35
36
37
38
39
41
43
45
49
50
51
53
54
55
56
60
61
65
68
70
71
72
73
74
75
76
78
79
80
81
82
83
84
85
86
88
90
91
92
94
95
96
98
101
103
106
107
108
110
113
114
116
117
121
122
124
125
126
127
129
131
134
136
137
140
144
145
146
148
153
154
156
157
158
159
163
164
165
166
167
168
169
170
171
172
173
175
176
177
178
179
180
181
182
183
185
186
187
188
189
193
196
199
201
202
203
204
206
207
211
212
214
215
218
219
222
223
224
226
228
229
230
231
232
233
234
235
236
237
238
239
241
243
244
245
246
247
248
249
250
251
252
253
255
256
257
260
262
264
266
267
268
269
272
273
277
278
280
281
282
283
285
287
288
290
291
292
293
295
296
300
301
302
303
305
306
307
308
309
312
313
314
315
317
318
319
320
323
324
325
328
333
334
336
337
338
339
340
345
346
348
349
350
351
352
353
354
359
360
362
365
366
369
372
374
375
377
378
379
381
382
383
386
387
388
392
396
397
399
404
407
409
410
411
414
415
417
423
424
425
426
427
428
429
430
431
432
433
434
435
436
437
438
439
440
441
445
449
452
453
454
458
459
460
461
467
468
469
471
472
474
479
480
482
483
484
487
488
490
491
492
493
494
496
497
499
502
503
504
505
506
507
509
511
512
514
515
517
519
520
521
522
525
526
529
530
531
532
533
534
535
536
539
540
542
543
545
548
550
552
553
555
559
561
564
565
566
567
569
570
571
573
574
575
576
577
578
579
581
585
586
588
589
590
591
592
593
595
598
599
602
603
605
606
607
609
610
611
612
613
614
615
618
621
623
625
627
628
632
633
636
637
638
639
640
641
645
646
647
650
651
653
654
656
657
658
659
660
661
662
663
666
667
668
669
670
672
673
675
676
677
678
680
683
684
686
687
688
689
693
697
698
703
704
707
708
712
716
718
719
720
721
723
726
728
729
731
732
733
735
736
737
738
740
743
744
746
748
749
750
751
753
754
755
757
759
760
761
762
763
765
766
768
771
772
777
780
783
786
787
789
791
793
794
796
798
800
803
807
808
810
811
812
813
814
815
817
819
822
824
826
827
829
831
832
834
835
836
840
842
844
846
847
848
849
850
854
855
859
860
862
863
864
866
867
868
869
870
871
872
873
874
875
876
877
880
881
883
884
885
886
889
890
891
892
894
895
896
897
898
900
901
902
903
904
905
906
907
910
911
912
913
914
916
918
921
922
923
925
926
927
928
929
930
931
932
934
935
937
938
939
942
944
947
950
951
952
954
957
958
959
961
962
964
965
967
970
971
972
973
974
975
976
978
980
981
982
983
984
987
988
989
993
994
995
996
997
998
999
1000
1001
1002
1003
1004
1008
1009
1010
1011
1012
1014
1016
1017
1018
1019
1020
1021
1023
1025
1027
1028
1029
1031
1032
1033
1034
1035
1037
1038
1041
1043
1044
1045
1046
1048
1049
1050
1051
1052
1053
1054
1055
1056
1058
1059
1061
1062
1063
1067
1068
1071
1072
1073
1074
1075
1076
1077
1081
1082
1084
1086
1087
1088
1091
1094
1095
1096
1103
1104
1105
1106
1107
82
56
9
5
78
62
44
71
72
46
41
38
40
45
12
80
4
65
42
75
13
69
30
85
11
16
67
28
66
83
68
55
15
81
79
23
58
36
61
3
54
48
2
31
34
63
18
51
74
10
29
39
35
76
7
77
64
1
86
57
60
82
53
52
47
87
50
49
19
6
14
17
24
37
73
8
0
20
22
32
27
84
59
