149
37
46
49
54
56
65
69
88
90
103
106
108
113
129
153
158
166
167
176
177
179
183
188
192
199
208
209
214
215
224
227
231
232
235
241
246
250
252
255
263
264
268
279
289
296
298
305
307
309
312
321
334
335
347
358
381
396
401
405
409
415
458
467
484
489
492
493
508
510
527
579
583
596
615
626
630
646
647
662
664
681
688
695
703
706
714
716
733
738
739
745
754
756
767
773
788
796
799
803
810
818
843
850
853
859
863
866
872
876
879
883
891
893
895
903
908
914
921
927
934
938
940
950
957
961
975
987
992
993
1007
1008
1012
1016
1017
1024
1026
1030
1031
1048
1054
1063
1067
1068
1070
1088
1090
1095
1100
1103
71
82
56
66
78
57
46
68
24
58
37
40
5
74
49
65
44
85
28
35
60
79
67
53
80
2
3
31
10
62
59
48
71
55
27
0
26
50
33
4
17
13
61
69
54
86
70
72
20
73
51
11
84
87
19
63
47
15
64
42
32
38
1
34
16
29
41
7
18
45
76
14
