255
0
2
7
9
22
30
35
39
45
49
51
64
69
70
97
105
107
108
112
116
121
132
147
148
165
169
173
186
203
205
217
222
225
237
240
246
252
253
271
276
317
351
368
387
407
408
414
446
452
454
459
468
472
474
486
489
500
514
521
532
538
546
556
574
585
612
619
622
650
654
659
660
666
706
711
716
717
722
723
729
735
737
742
745
760
768
769
775
802
805
816
827
831
834
840
867
876
882
892
898
906
918
920
934
936
937
962
963
972
984
1002
1008
1025
1032
1039
1049
1057
1060
1069
1097
1098
1100
1114
1115
1119
1126
1129
1131
1156
1159
1165
1167
1170
1180
1201
1214
1220
1224
1227
1233
1239
1258
1285
1297
1316
1326
1370
1383
1386
1400
1410
1423
1443
1447
1454
1458
1459
1475
1479
1514
1515
1530
1541
1561
1562
1571
1587
1599
1610
1631
1633
1642
1651
1654
1691
1692
1699
1701
1752
1761
1779
1804
1812
1822
1830
1839
1872
1880
1892
1900
1943
1944
1953
1954
1958
1959
1962
1965
1966
1968
2002
2011
2015
2034
2036
2046
2050
2083
2090
2095
2100
2102
2108
2116
2120
2122
2132
2134
2135
2140
2148
2150
2166
2181
2227
2233
2242
2252
2266
2268
2283
2296
2297
2299
2361
2377
2383
2386
2393
2409
2416
2419
2453
2454
2492
2502
2509
2510
2524
2532
2547
2564
2576
2577
2578
159
138
131
32
2
129
123
141
106
67
38
58
87
16
146
7
89
40
157
145
117
109
14
150
142
6
160
15
92
102
101
120
44
105
1
68
127
130
66
98
75
43
90
84
55
82
153
25
111
11
3
49
147
26
10
72
114
18
48
136
73
132
126
155
12
86
23
112
76
41
28
110
53
94
20
57
118
59
140
85
154
103
116
81
107
70
62
93
47
115
60
61
156
74
152
30
64
104
151
79
51
135
71
17
137
149
121
63
69
36
65
139
124
134
46
4
13
52
33
99
78
27
122
31
125
143
95
42
128
5
158
97
35
56
45
91
108
37
133
8
34
0
80
22
29
19
24
159
83
88
144
148
113
21
54
96
119
39
9
77
