686
5
6
9
11
12
14
15
16
18
19
20
21
22
26
27
29
35
36
39
43
44
47
50
51
53
54
55
56
57
58
59
62
63
66
70
71
73
75
76
77
78
79
81
82
84
85
88
89
91
94
95
97
98
99
100
101
102
103
104
106
107
108
109
111
116
117
118
119
120
121
122
124
125
126
127
128
129
131
132
134
136
137
138
141
142
144
145
146
147
148
149
150
151
153
156
158
159
160
161
163
164
167
168
170
172
173
174
175
176
182
184
186
188
190
191
193
195
196
197
198
201
202
203
204
208
209
214
215
217
218
219
223
224
225
227
229
230
231
235
236
237
238
239
240
242
243
249
251
252
253
254
256
258
260
261
262
264
271
272
276
278
279
280
281
282
283
284
285
288
289
290
293
296
297
298
301
303
305
307
309
310
311
312
315
316
317
318
320
321
323
324
326
328
331
332
333
334
335
336
337
338
339
343
345
346
349
351
352
353
354
356
361
362
364
365
368
371
372
375
378
379
380
381
383
385
386
387
388
392
394
395
396
399
400
401
403
404
406
407
408
409
410
412
414
417
418
419
421
423
424
428
431
432
434
435
436
440
441
442
444
445
448
449
450
453
455
456
458
459
460
462
469
471
473
474
475
476
478
479
483
484
485
487
489
490
492
493
494
495
496
497
500
501
504
508
509
511
512
514
515
516
517
518
519
520
525
526
527
529
530
531
532
534
535
536
537
538
540
541
542
543
544
545
546
547
548
550
551
553
554
555
559
560
562
570
571
572
573
575
576
579
580
581
583
586
588
590
591
592
594
595
597
599
600
601
602
603
606
607
609
610
613
615
616
617
620
621
624
626
630
633
634
635
640
641
642
643
645
646
647
649
650
651
653
654
655
656
657
658
660
661
663
665
666
667
668
669
670
672
673
676
677
678
680
681
683
685
686
689
690
691
692
693
694
696
698
699
701
702
703
704
705
707
708
709
710
711
712
714
716
717
718
719
721
722
723
724
725
726
727
731
735
736
737
739
741
742
744
745
746
747
748
749
750
751
752
753
754
755
756
758
760
761
762
763
766
767
769
771
775
777
778
779
781
782
783
784
785
786
788
790
793
795
796
797
799
800
801
803
804
806
808
812
813
814
815
817
818
819
820
823
824
825
826
832
833
836
840
841
842
844
845
847
849
851
852
854
857
858
859
860
863
864
865
866
868
870
873
875
876
878
881
883
884
885
886
887
889
890
891
892
893
894
895
897
898
899
901
903
904
905
907
909
910
912
913
916
917
918
920
921
922
923
924
925
926
927
928
929
930
931
933
934
935
936
937
940
941
942
943
945
946
947
951
952
954
955
957
959
960
961
964
966
967
968
969
970
971
972
973
974
975
976
977
978
980
981
982
985
986
987
988
989
992
993
996
997
998
1000
1003
1006
1008
1010
1012
1013
1014
1015
1016
1017
1018
1020
1021
1022
1023
1024
1026
1028
1029
1030
1031
1032
1033
1036
1037
1038
1039
1040
1041
1044
1045
1046
1050
1053
1054
1055
1056
1058
1059
1061
1062
1063
1067
1068
1070
1072
1073
1076
1077
1078
1079
1087
1088
1090
1092
1093
1094
1096
1097
1098
1100
1101
1102
1103
1104
1105
1107
84
31
75
47
73
61
74
62
42
32
44
30
65
48
37
17
18
8
13
56
5
60
12
69
39
36
2
57
35
77
15
14
54
0
59
29
10
81
46
50
51
20
27
24
55
76
53
6
82
87
64
28
11
84
70
26
80
85
52
16
58
71
19
4
86
3
22
1
67
33
43
49
45
78
83
40
25
63
7
38
41
72
9
34
68
