641
10
11
13
16
18
19
20
22
23
24
25
30
36
38
40
41
46
50
51
60
72
75
76
77
82
83
85
86
92
93
95
96
97
99
100
101
102
107
108
114
119
121
122
124
126
127
131
132
139
140
142
143
146
147
148
150
151
152
154
157
164
167
168
170
173
174
177
180
182
189
192
193
195
196
201
203
205
208
209
211
213
215
218
221
225
226
230
231
233
234
237
238
242
244
245
248
262
264
265
267
269
271
277
280
287
292
294
295
296
297
298
304
305
314
317
318
319
320
323
327
329
331
336
337
338
347
352
353
354
355
356
357
359
365
367
368
369
372
373
376
378
379
386
389
393
395
398
399
400
402
404
416
421
423
424
428
430
436
437
438
441
446
449
450
453
454
455
456
458
469
473
479
480
482
484
487
494
495
502
503
504
505
508
509
515
517
518
521
525
532
534
536
537
544
553
556
558
561
563
564
568
570
573
575
579
580
584
590
593
595
598
601
602
604
607
616
619
623
625
626
636
644
650
653
657
660
661
665
667
671
681
685
689
692
694
695
696
697
698
706
710
711
712
713
714
716
719
720
721
725
730
731
732
733
735
737
743
745
749
751
753
757
759
762
763
765
768
771
772
776
778
781
786
791
803
809
814
819
822
823
830
833
835
839
844
850
853
854
855
857
858
861
863
867
868
875
876
877
878
879
881
885
886
890
892
899
903
915
917
921
929
932
933
936
937
942
949
950
951
955
957
958
959
961
964
965
966
968
970
971
974
977
984
989
990
995
996
999
1003
1004
1012
1015
1016
1018
1028
1031
1035
1036
1043
1046
1047
1049
1053
1058
1063
1064
1069
1077
1081
1083
1084
1088
1092
1093
1096
1097
1100
1102
1107
1113
1114
1121
1123
1125
1128
1131
1132
1133
1134
1135
1136
1141
1143
1145
1151
1154
1157
1161
1164
1165
1166
1168
1170
1173
1177
1178
1179
1181
1185
1202
1206
1207
1212
1214
1215
1216
1217
1218
1221
1222
1223
1227
1232
1233
1237
1239
1240
1241
1242
1243
1251
1252
1257
1258
1259
1264
1270
1272
1273
1274
1280
1281
1283
1284
1286
1290
1292
1301
1305
1306
1307
1309
1312
1318
1319
1322
1326
1333
1335
1336
1338
1340
1341
1342
1346
1349
1351
1353
1354
1355
1359
1360
1366
1367
1369
1374
1380
1383
1385
1386
1393
1400
1401
1403
1405
1406
1409
1410
1413
1418
1419
1420
1421
1424
1425
1427
1428
1429
1431
1435
1442
1444
1445
1446
1449
1455
1456
1459
1461
1463
1464
1467
1468
1471
1475
1476
1478
1479
1482
1484
1487
1489
1498
1500
1502
1507
1508
1509
1513
1514
1515
1519
1520
1522
1523
1529
1532
1534
1535
1539
1540
1541
1544
1545
1552
1556
1557
1558
1559
1560
1563
1565
1569
1571
1572
1573
1580
1581
1585
1590
1593
1594
1597
1603
1606
1608
1609
1610
1613
1618
1619
1621
1626
1627
1628
1633
1635
1645
1648
1654
1657
1658
1659
1661
1663
1665
1667
1669
1672
1675
1676
1679
1680
1685
1691
1692
1695
1697
1699
1704
1706
1707
1708
1712
1714
1715
1717
1722
1724
1726
1728
1732
1735
1740
1741
1742
1744
1747
1749
1756
1757
1758
1759
1763
1770
1772
1773
1774
1782
1784
1786
1788
1791
1792
1794
1796
1799
1804
1806
1811
1812
1815
1817
1819
1820
1822
1826
1832
1833
1836
1838
157
147
43
114
100
63
90
38
101
94
10
91
79
16
52
122
33
98
137
145
6
32
23
9
111
78
66
149
18
116
59
24
30
54
50
13
152
150
156
126
77
68
131
26
110
44
39
99
95
80
108
7
64
22
34
12
107
29
17
75
135
8
157
71
162
144
15
125
42
25
164
47
41
60
67
76
84
139
37
102
89
81
142
61
119
136
123
0
153
93
21
53
72
69
31
140
138
158
160
74
113
151
58
104
154
161
120
27
115
36
55
51
127
49
96
134
62
129
109
121
106
70
112
20
133
87
124
3
56
155
143
128
82
48
28
46
85
132
4
92
130
105
14
57
146
148
1
11
141
86
117
103
19
83
45
159
118
2
