232
14
27
44
47
55
64
65
73
78
98
111
115
116
119
177
225
229
275
304
306
307
369
370
376
379
391
401
408
409
419
424
427
439
446
448
457
463
469
472
479
507
511
525
532
534
539
542
543
572
589
605
612
622
630
687
703
724
726
734
739
741
748
759
764
769
800
806
827
849
877
909
912
920
953
955
990
991
1002
1004
1008
1009
1023
1037
1046
1057
1059
1065
1067
1076
1094
1095
1106
1108
1114
1124
1136
1146
1149
1161
1179
1180
1207
1208
1212
1218
1229
1240
1262
1268
1280
1290
1297
1310
1333
1358
1370
1374
1385
1404
1419
1432
1452
1459
1465
1473
1480
1484
1496
1497
1500
1505
1533
1535
1548
1560
1589
1591
1592
1596
1602
1606
1615
1627
1630
1634
1638
1644
1659
1672
1687
1702
1749
1752
1765
1773
1833
1838
1848
1858
1868
1870
1896
1909
1933
1948
1960
1972
1973
1993
2010
2014
2015
2029
2041
2042
2063
2066
2082
2112
2122
2125
2144
2152
2161
2173
2184
2195
2203
2205
2210
2217
2220
2222
2230
2254
2267
2269
2271
2284
2289
2304
2318
2325
2346
2354
2361
2368
2372
2380
2381
2388
2392
2404
2426
2449
2471
2473
2477
2481
2483
2484
2489
2496
2503
2512
2517
2528
2563
2576
2597
2599
2601
161
126
101
141
112
37
147
64
2
78
51
23
69
36
109
81
58
55
66
84
3
4
91
11
75
39
123
7
137
85
74
49
17
83
52
67
148
97
61
108
16
0
92
88
96
94
71
117
105
113
20
14
119
150
32
151
107
142
152
155
63
100
5
22
95
41
153
111
13
158
103
122
30
48
72
79
82
46
38
99
160
93
129
50
104
127
124
6
131
121
154
45
60
157
77
135
110
54
125
25
115
116
29
87
44
15
19
102
18
138
21
12
76
140
149
106
145
136
130
8
89
73
26
33
28
98
35
40
34
27
134
118
114
128
24
57
42
47
143
159
120
68
146
1
90
139
43
10
156
59
70
80
132
9
144
133
65
56
62
86
31
53
