233
0
6
14
17
32
40
72
78
91
95
99
108
115
131
148
149
157
180
194
203
211
224
227
254
271
280
290
295
297
304
306
315
318
324
325
352
359
375
389
390
408
416
435
438
441
451
458
471
473
496
501
508
539
549
550
562
572
586
600
616
640
642
660
670
687
715
726
739
743
744
754
758
788
793
794
809
826
860
872
879
895
898
913
923
924
937
942
952
954
959
965
997
1000
1030
1040
1073
1087
1088
1109
1112
1120
1126
1130
1131
1147
1182
1193
1204
1207
1209
1220
1252
1283
1297
1301
1303
1304
1313
1315
1316
1317
1331
1356
1376
1381
1404
1413
1423
1426
1438
1449
1451
1456
1462
1463
1471
1477
1497
1524
1546
1556
1567
1617
1619
1628
1637
1640
1661
1679
1682
1697
1708
1713
1730
1766
1777
1791
1795
1802
1845
1847
1866
1883
1892
1898
1918
1926
1942
1951
1953
1957
1960
1972
1973
1977
1983
1987
2015
2025
2037
2043
2047
2062
2065
2075
2084
2085
2093
2104
2106
2111
2128
2152
2164
2166
2178
2182
2187
2222
2239
2243
2277
2285
2295
2317
2329
2335
2361
2363
2381
2387
2394
2396
2397
2400
2409
2420
2424
2440
2475
2479
2488
2493
2509
2511
2531
2539
2570
2612
2613
2615
2620
2623
160
94
10
35
146
22
26
154
14
25
158
31
147
107
8
68
70
87
15
50
23
0
65
54
17
57
112
159
97
116
96
21
142
90
37
160
93
60
59
128
62
82
13
113
136
155
98
134
88
124
152
36
56
91
27
148
52
48
3
103
126
12
24
63
86
32
71
47
73
58
7
78
104
39
105
150
74
84
41
29
144
95
51
49
157
139
80
114
100
83
45
109
61
99
125
40
6
75
46
138
149
66
122
77
119
141
143
4
44
34
30
129
108
55
101
89
72
20
79
67
121
120
19
132
123
131
151
118
5
127
81
117
9
43
76
1
64
38
140
2
53
153
137
106
156
145
110
92
28
135
69
85
33
11
130
42
133
16
102
115
111
