149
79
98
107
110
120
123
140
141
147
148
157
162
165
179
180
195
198
208
211
226
229
232
235
238
241
244
248
250
254
258
261
262
268
273
276
277
280
294
300
312
313
316
343
347
349
352
370
373
380
389
410
411
417
422
431
432
447
448
456
477
480
483
486
489
492
496
497
503
512
514
515
521
522
532
543
546
555
558
559
564
568
573
579
598
631
653
655
657
660
661
665
674
676
684
688
703
710
712
725
732
742
744
749
757
769
771
772
773
778
781
791
794
802
824
845
848
857
869
874
883
885
889
913
914
918
932
933
940
943
944
963
966
967
970
973
984
985
988
991
1002
1009
1017
1029
1053
1069
1073
1080
1086
1089
70
27
49
32
79
4
61
62
66
84
2
35
28
42
69
29
78
82
58
67
43
1
40
14
76
13
51
73
83
37
45
85
52
71
75
39
55
15
8
3
22
0
41
72
47
21
53
50
60
24
5
68
6
19
74
87
7
16
10
18
23
30
64
48
65
54
11
31
63
20
17
