262
14
27
36
43
44
58
86
98
112
121
126
131
134
137
151
157
161
168
170
179
213
224
230
237
238
243
251
265
273
281
282
294
310
313
320
341
372
385
395
412
413
419
422
429
443
445
451
459
468
474
481
491
505
540
547
599
609
610
612
618
625
646
675
678
685
693
711
714
722
725
759
764
766
774
779
782
794
812
813
817
832
836
856
860
902
908
913
920
949
971
979
982
987
1001
1011
1025
1046
1047
1048
1052
1056
1058
1062
1071
1099
1117
1125
1133
1135
1142
1143
1156
1169
1171
1174
1217
1225
1226
1234
1243
1258
1266
1288
1289
1292
1304
1308
1313
1336
1345
1348
1357
1401
1408
1409
1423
1425
1428
1446
1467
1471
1479
1509
1511
1520
1526
1538
1540
1542
1547
1549
1580
1592
1603
1619
1624
1678
1691
1698
1699
1708
1740
1746
1752
1754
1773
1779
1783
1788
1795
1802
1814
1819
1822
1823
1825
1841
1847
1848
1856
1861
1865
1870
1879
1882
1905
1913
1916
1939
1941
1946
1952
1962
1976
1991
1992
1994
2002
2011
2013
2031
2034
2035
2053
2054
2059
2087
2093
2122
2124
2129
2135
2165
2175
2178
2180
2189
2196
2237
2247
2249
2251
2262
2269
2271
2287
2290
2291
2297
2302
2315
2318
2324
2325
2329
2341
2345
2367
2377
2389
2396
2413
2420
2425
2431
2436
2437
2439
2448
2465
2488
2497
2502
2507
2519
2544
2546
2552
2580
2592
2609
2623
160
119
123
72
110
86
87
120
58
114
152
125
99
53
2
139
103
67
69
28
156
0
136
14
109
147
143
130
20
3
146
57
115
15
62
48
82
32
126
145
66
81
116
13
74
151
42
18
84
150
61
60
44
112
128
133
158
79
101
131
75
26
124
39
31
76
89
46
140
127
122
93
5
1
49
21
64
30
105
108
118
50
149
90
159
80
56
106
29
157
55
148
23
73
24
141
96
10
107
54
35
142
27
11
40
111
102
9
121
155
91
95
117
70
104
78
41
12
16
97
34
132
25
4
17
160
113
144
98
94
63
83
8
6
22
138
33
137
88
59
134
38
85
47
19
65
7
51
153
129
135
154
52
77
36
68
43
92
45
100
71
