686
6
9
10
11
12
13
14
15
16
17
18
19
20
24
25
26
28
30
31
32
34
35
36
38
41
42
43
44
45
46
47
48
49
51
52
53
55
56
57
58
60
61
62
63
69
70
71
72
74
75
77
78
82
83
84
85
87
90
91
93
95
96
97
98
99
100
101
102
103
105
106
109
110
111
112
113
115
120
121
122
124
125
126
128
130
133
136
138
140
142
143
145
146
147
148
149
150
151
153
154
155
156
160
163
164
165
166
167
168
169
170
171
172
177
178
180
181
182
185
188
189
190
191
192
193
194
195
197
198
201
203
205
207
209
210
211
212
214
215
218
219
221
223
224
227
228
230
232
236
237
238
239
240
241
243
246
248
249
250
251
252
253
254
256
258
262
263
266
267
268
269
270
272
273
275
276
277
279
282
283
288
289
290
291
293
295
296
297
298
299
300
301
302
304
305
307
312
315
318
319
320
322
325
326
329
333
334
336
340
341
342
345
346
347
348
349
351
352
355
356
357
358
361
363
364
365
367
368
370
371
373
376
380
381
382
383
387
388
389
391
392
394
395
396
397
398
399
400
401
402
403
405
406
411
413
415
416
417
418
419
421
424
426
427
429
430
432
434
435
439
440
441
442
443
444
445
446
447
448
449
450
451
452
454
462
464
466
467
469
471
472
473
475
476
477
478
479
480
482
484
485
486
487
488
490
491
493
494
498
500
501
502
504
505
508
510
511
512
514
517
518
519
520
521
523
524
525
527
528
529
530
531
532
536
537
540
541
544
548
549
550
551
552
553
554
556
558
560
562
564
565
566
567
574
575
576
577
578
579
581
582
585
586
588
590
591
593
594
597
602
603
604
607
609
610
611
613
614
616
617
620
621
622
625
626
627
632
637
638
639
641
642
643
645
646
647
648
649
650
651
652
653
654
656
657
658
659
660
661
662
665
666
669
671
672
673
674
675
676
678
680
681
683
684
686
689
690
692
693
694
695
696
697
698
700
701
702
703
705
706
707
709
710
714
715
716
717
718
721
722
723
724
725
726
727
728
730
731
732
733
735
736
738
739
741
743
745
746
748
749
751
754
755
756
758
761
765
767
768
770
772
774
776
777
778
780
781
782
783
784
787
788
789
790
792
794
795
796
797
799
800
801
803
805
806
807
808
811
813
815
817
819
822
825
828
829
830
831
832
834
835
836
837
838
840
841
842
843
844
845
846
850
852
856
857
858
861
862
865
866
867
868
870
871
877
878
880
881
885
887
889
891
892
893
895
896
897
899
900
901
903
907
910
913
914
915
916
917
918
919
920
921
924
925
926
927
929
931
932
934
937
939
940
941
942
944
946
948
949
950
951
952
953
954
956
957
961
962
963
965
966
969
973
975
976
977
979
981
983
984
988
989
990
991
993
994
995
996
997
998
999
1000
1001
1004
1005
1006
1009
1010
1011
1014
1015
1016
1018
1019
1020
1022
1023
1024
1025
1029
1032
1033
1034
1037
1038
1039
1044
1045
1046
1047
1048
1053
1054
1055
1056
1059
1061
1063
1064
1065
1066
1067
1069
1070
1071
1072
1073
1074
1075
1078
1080
1083
1087
1088
1089
1092
1095
1096
1097
1099
1100
1102
1104
1105
1106
1107
83
43
5
61
26
23
76
64
20
6
72
2
69
65
13
49
33
10
14
4
46
19
73
24
36
66
78
9
67
47
31
42
15
27
83
35
11
80
57
84
41
32
63
44
3
39
7
68
51
1
70
74
86
59
38
53
56
82
60
22
75
85
18
81
0
28
37
48
71
58
29
30
62
16
25
55
77
52
45
54
87
8
17
40
