131
34
135
160
176
177
191
211
214
221
239
241
253
273
283
293
302
323
327
339
345
388
421
429
440
443
456
460
470
472
504
510
521
562
564
566
591
594
598
604
632
643
644
666
674
694
697
700
716
743
764
769
776
810
821
850
854
873
898
903
919
969
1014
1032
1036
1037
1042
1051
1088
1156
1179
1190
1205
1227
1231
1250
1256
1319
1333
1334
1340
1346
1401
1408
1420
1475
1504
1548
1571
1597
1631
1643
1647
1669
1708
1709
1755
1778
1802
1803
1817
1843
1855
1861
1877
1906
1924
1939
1944
1978
1989
2033
2068
2080
2089
2097
2110
2116
2137
2154
2204
2252
2258
2273
2299
2320
2324
2332
2343
2349
2387
2416
152
135
69
31
56
66
112
103
91
115
47
126
146
25
49
125
124
28
141
40
113
14
109
83
151
52
59
137
158
6
44
4
96
15
37
45
120
127
123
7
121
78
106
11
111
50
94
57
74
99
76
80
108
138
150
79
104
119
134
24
155
22
114
2
36
159
71
33
5
65
60
26
13
84
128
92
63
143
145
105
55
30
147
133
160
110
53
27
75
23
139
107
1
73
117
70
132
3
41
20
98
18
122
156
153
43
19
9
85
149
62
0
34
39
51
32
21
162
64
48
131
148
68
101
140
58
136
161
129
12
93
67
130
81
82
157
8
95
87
16
142
118
42
10
61
89
17
102
29
152
54
72
86
