115
10
23
50
57
93
113
139
163
229
291
306
328
330
333
334
345
356
369
425
447
472
503
524
526
558
577
579
590
626
634
652
658
671
709
714
723
732
747
750
784
804
810
814
815
824
846
857
881
908
909
934
954
1009
1013
1041
1136
1198
1268
1270
1282
1290
1322
1340
1341
1395
1398
1400
1413
1431
1450
1493
1499
1503
1511
1528
1538
1542
1556
1570
1588
1609
1614
1619
1635
1638
1661
1667
1692
1720
1731
1750
1765
1793
1887
1943
1957
2050
2087
2093
2110
2127
2168
2177
2184
2186
2204
2243
2257
2304
2316
2322
2349
2394
2406
2407
162
148
32
108
65
141
116
100
35
26
119
135
34
125
134
41
29
154
40
53
54
64
118
160
48
51
147
45
0
102
159
112
139
137
115
151
86
87
10
150
78
99
72
129
111
130
6
18
96
126
14
123
52
1
109
60
43
39
49
79
143
156
61
58
8
13
140
42
55
74
33
85
3
5
27
131
93
128
120
37
113
68
50
122
30
63
110
69
76
153
21
57
16
142
161
81
162
77
71
107
23
22
101
95
124
19
157
25
149
91
155
103
158
97
2
127
132
94
75
152
7
84
138
62
92
44
17
12
144
145
98
121
117
36
80
67
15
90
4
88
38
47
82
59
9
46
66
89
11
136
31
106
133
73
28
24
56
105
104
83
114
146
20
