149
24
30
33
37
51
53
59
63
86
99
105
111
114
126
129
137
140
153
157
159
167
171
172
189
191
193
210
218
223
241
242
245
247
248
253
254
255
263
269
280
286
292
294
307
315
325
331
338
339
356
357
361
364
369
383
390
391
402
405
422
427
428
438
464
486
493
495
516
520
524
538
551
560
564
573
586
591
611
616
625
634
645
646
649
667
673
682
686
688
689
715
720
726
727
730
733
749
752
753
762
774
780
786
793
825
833
839
840
846
867
885
889
897
899
900
908
913
914
917
918
943
944
954
961
963
964
966
976
977
987
997
998
999
1001
1003
1009
1012
1019
1027
1029
1038
1050
1061
1073
1087
1092
1095
1098
1106
73
40
39
78
70
83
1
49
18
84
11
16
31
54
32
57
77
12
33
19
21
41
65
48
68
69
66
2
23
17
52
27
6
81
64
9
79
85
63
46
36
76
87
86
22
82
20
24
34
30
72
29
56
50
74
3
37
13
28
47
61
42
43
45
8
14
7
5
15
38
53
60
71
4
