117
59
64
72
81
85
173
242
272
305
335
347
358
380
398
464
481
500
513
520
535
574
575
588
636
658
659
662
665
666
675
697
713
715
724
735
753
796
802
810
818
832
841
882
938
941
960
973
985
987
1003
1047
1075
1107
1115
1200
1215
1233
1235
1279
1332
1384
1417
1433
1460
1461
1480
1508
1517
1547
1561
1594
1609
1623
1649
1656
1662
1675
1679
1681
1684
1690
1697
1724
1751
1755
1796
1811
1813
1835
1837
1840
1880
1896
1952
1978
1986
2006
2013
2025
2059
2108
2150
2166
2171
2173
2202
2205
2225
2229
2282
2289
2299
2311
2338
2396
2408
2426
163
103
60
138
132
34
71
154
116
74
127
120
52
135
37
63
28
31
149
43
16
107
36
113
9
95
140
121
148
46
22
39
126
40
42
108
32
156
91
122
136
59
53
69
143
100
72
50
19
86
105
25
160
35
89
11
6
1
5
47
125
151
20
44
26
96
83
18
66
7
41
0
80
87
157
115
55
58
61
97
88
90
10
77
62
8
29
3
75
78
21
45
27
150
129
162
67
54
123
111
117
158
128
65
73
102
131
13
144
139
15
92
124
48
142
85
57
133
141
17
24
130
119
4
68
147
23
51
30
145
99
118
49
112
159
98
93
94
56
81
38
14
153
2
134
146
84
70
64
110
106
79
76
152
12
101
155
161
33
114
137
104
109
82
