71
34
45
130
155
164
191
211
272
285
302
313
324
328
359
381
394
423
452
505
518
546
585
603
605
616
618
619
638
647
665
708
718
754
768
792
844
880
935
937
967
1017
1025
1028
1066
1084
1092
1131
1163
1212
1244
1259
1261
1326
1361
1400
1403
1407
1418
1420
1444
1456
1491
1554
1562
1566
1591
1690
1701
1784
1786
1798
120
3
65
27
14
124
127
10
158
20
122
104
29
54
103
58
36
84
159
92
44
88
160
25
82
61
18
98
28
112
100
109
21
125
38
136
90
37
49
87
128
121
102
19
62
9
81
99
32
106
163
22
131
96
30
5
117
146
110
51
83
75
6
142
152
70
7
41
73
8
139
45
116
42
24
161
138
50
77
26
147
17
105
66
145
34
164
113
156
89
107
119
79
101
123
148
134
35
56
78
129
71
67
39
154
85
153
143
76
15
31
11
0
55
130
155
150
47
40
57
162
