119
55
61
71
109
136
138
170
183
213
215
246
258
259
269
277
302
303
306
327
330
356
389
424
430
435
439
446
460
532
577
631
659
667
690
719
723
749
828
835
836
837
853
875
881
897
933
943
950
1016
1040
1107
1118
1120
1121
1141
1146
1179
1187
1208
1247
1300
1362
1370
1413
1421
1473
1478
1498
1518
1524
1531
1539
1545
1582
1589
1596
1600
1621
1657
1659
1711
1768
1787
1796
1802
1807
1841
1862
1872
1886
1887
1889
1895
1897
1905
1930
1932
1948
1950
1951
1952
1956
1976
2012
2034
2044
2053
2113
2126
2142
2228
2273
2301
2327
2339
2353
2384
2386
2390
154
79
17
47
115
93
64
65
9
133
72
88
86
82
56
50
132
92
27
144
63
130
34
45
69
21
2
76
60
55
74
36
119
59
3
29
129
113
150
111
11
143
121
6
18
146
122
75
4
128
103
33
54
136
116
51
40
96
135
70
19
142
44
73
110
123
31
155
25
13
109
77
24
101
153
71
141
118
140
100
49
117
95
127
80
35
158
16
14
138
53
26
62
23
152
84
107
90
147
10
105
114
5
148
160
68
8
154
22
83
125
120
112
67
38
57
145
151
98
66
159
15
87
37
28
149
106
52
30
139
157
89
39
108
85
0
161
104
1
97
58
41
43
48
94
12
134
99
124
7
131
20
32
126
61
