686
9
11
12
14
16
17
18
20
21
22
24
26
27
28
32
33
35
36
37
38
40
43
45
46
48
52
53
55
57
58
61
62
63
68
69
70
71
73
75
78
81
82
85
86
89
90
91
92
93
95
96
97
98
99
100
101
102
103
104
105
107
108
110
114
116
117
118
119
120
121
123
124
127
129
130
131
132
134
137
141
143
144
146
147
148
151
153
154
155
156
158
160
161
162
164
165
166
168
170
171
173
174
175
177
179
180
185
186
187
188
189
190
191
193
195
196
197
199
200
201
202
203
204
205
207
209
210
211
213
215
216
217
218
223
225
227
228
229
230
232
233
235
237
238
240
242
244
245
247
248
249
251
252
253
254
257
258
260
261
263
272
276
277
278
280
283
284
285
287
290
293
294
295
296
298
299
300
302
306
309
310
313
314
315
318
320
322
323
324
326
327
329
333
334
337
338
339
342
343
344
346
348
349
351
352
353
358
359
360
362
364
365
366
367
372
375
377
379
381
383
384
385
388
389
391
392
394
395
396
397
398
399
400
402
403
407
408
409
411
413
414
415
416
417
418
420
421
422
424
425
428
429
430
434
435
437
440
441
443
444
445
446
448
449
450
452
453
454
455
456
457
458
459
461
462
463
466
467
468
469
472
473
475
476
477
478
479
480
481
483
484
485
486
487
489
490
491
492
493
495
496
497
498
499
500
501
503
504
506
508
509
510
511
512
514
516
517
518
522
523
524
527
529
530
533
534
535
536
538
539
541
545
547
548
550
552
553
555
556
557
558
559
560
561
563
564
565
566
569
570
571
573
574
577
578
582
585
586
588
589
590
591
594
595
596
597
598
604
605
607
608
609
611
614
615
617
618
619
620
621
622
623
624
625
626
627
628
629
630
631
633
636
637
638
639
640
643
644
647
649
650
651
653
655
657
658
659
660
661
663
664
666
667
668
670
671
672
673
674
675
677
678
679
680
681
682
683
684
685
686
688
689
690
692
693
694
696
697
698
700
702
703
706
708
710
711
712
715
716
718
719
723
725
728
737
738
739
740
742
743
744
745
746
747
750
751
752
753
754
756
758
760
761
762
763
764
765
767
768
769
772
775
778
779
781
782
784
786
787
789
795
796
797
799
801
803
805
806
807
808
810
811
813
814
816
817
818
819
820
821
822
825
826
828
832
834
835
842
848
851
853
854
855
857
859
862
863
865
866
867
868
869
870
871
872
873
874
875
876
877
878
880
883
884
886
887
888
889
890
891
892
893
894
895
896
897
901
902
903
904
906
910
918
919
920
923
925
928
929
930
931
933
934
936
938
939
940
941
942
944
945
949
951
952
955
956
957
958
961
966
967
969
970
971
972
974
975
977
979
980
982
983
985
987
991
992
993
994
995
997
998
1000
1004
1005
1006
1008
1010
1011
1012
1013
1014
1015
1018
1019
1020
1021
1022
1027
1028
1029
1031
1033
1034
1035
1037
1039
1041
1042
1044
1045
1046
1047
1048
1049
1050
1051
1052
1053
1054
1055
1056
1057
1058
1060
1062
1063
1064
1065
1066
1069
1070
1071
1073
1074
1075
1077
1078
1079
1080
1082
1083
1084
1085
1089
1091
1093
1094
1095
1096
1097
1098
1099
1100
1101
1105
1106
83
4
56
74
64
63
28
84
83
55
1
40
33
59
21
7
15
50
86
76
75
5
47
38
26
58
3
31
17
43
46
54
11
2
48
73
44
62
60
6
53
41
27
71
14
37
39
67
61
77
9
69
32
72
0
10
13
78
20
36
42
66
12
51
24
87
30
68
49
23
29
18
16
34
82
8
35
45
80
19
52
85
65
22
