686
3
4
5
7
8
10
11
12
15
16
18
20
21
22
23
24
27
29
31
33
34
35
36
37
40
42
43
44
45
46
47
50
51
52
54
56
58
59
62
63
65
66
67
69
71
74
75
76
77
79
80
81
82
84
89
90
91
92
93
94
95
96
98
99
102
103
105
106
107
108
109
117
118
119
120
122
123
126
127
129
132
133
136
137
138
139
141
142
143
145
146
147
148
149
150
151
153
155
157
159
160
163
165
166
167
169
171
172
173
174
175
176
179
180
182
183
184
186
188
189
190
191
193
194
195
199
203
204
207
208
214
215
216
217
218
219
223
225
227
228
230
231
233
237
238
239
241
244
245
246
247
248
250
251
252
253
254
258
259
260
261
263
264
265
266
267
268
270
274
275
277
278
279
280
282
285
286
288
290
291
292
296
297
299
300
301
302
303
307
308
311
313
316
317
318
319
320
321
322
323
324
326
327
330
331
337
340
341
342
343
345
347
348
349
350
351
354
356
357
358
359
360
362
363
364
366
368
369
370
371
372
374
376
377
379
380
381
383
384
385
386
387
388
389
390
391
392
393
394
395
396
398
399
401
403
404
406
408
410
411
412
414
418
419
420
422
424
425
426
427
428
429
430
432
433
434
435
436
439
442
445
447
448
449
450
452
454
457
460
461
462
463
464
465
466
467
468
469
470
471
472
473
474
478
479
480
481
482
484
485
486
487
488
492
493
494
498
499
500
501
503
507
509
511
512
513
514
515
516
517
518
519
520
523
524
525
526
528
530
532
533
534
536
537
538
540
541
542
544
545
546
547
548
550
553
554
557
559
561
564
567
569
570
571
573
574
575
577
579
581
582
585
587
588
589
590
596
597
598
603
604
605
607
608
610
612
613
614
615
616
617
618
619
620
621
623
624
625
626
627
630
631
632
634
636
637
640
643
644
648
651
653
655
656
657
658
660
661
662
664
665
667
668
669
670
672
673
674
675
676
678
679
681
684
685
686
690
691
692
693
695
697
701
702
703
704
708
712
713
714
715
716
717
720
721
724
726
728
729
730
731
732
734
735
736
737
741
742
743
744
746
748
749
750
751
753
754
755
758
759
761
763
764
766
768
769
770
772
773
774
776
778
782
783
784
786
787
788
789
791
792
793
794
795
796
798
799
804
805
807
809
810
812
813
814
815
818
819
820
821
822
823
824
828
830
833
834
835
836
838
839
840
841
842
845
847
849
850
851
852
853
854
857
861
862
864
865
866
868
870
872
874
875
879
880
882
883
885
887
888
889
890
892
894
895
896
897
898
900
905
906
909
910
912
913
915
918
919
920
921
922
928
929
931
936
937
938
939
940
941
942
943
948
950
951
952
954
956
957
958
959
961
962
963
964
965
966
967
968
969
970
972
973
974
975
976
977
979
985
986
987
988
989
990
991
992
995
996
997
998
999
1000
1005
1007
1009
1010
1011
1015
1017
1018
1019
1020
1027
1028
1030
1031
1033
1034
1035
1036
1041
1042
1043
1044
1049
1053
1054
1055
1057
1058
1059
1062
1064
1065
1066
1068
1069
1070
1071
1075
1076
1077
1083
1085
1086
1087
1089
1090
1091
1095
1097
1099
1101
1105
1106
1107
83
20
41
67
15
32
22
10
27
83
31
36
6
18
24
48
42
53
7
0
49
33
59
39
55
65
85
29
73
38
35
72
74
57
70
58
11
19
75
84
81
47
56
40
37
76
5
14
46
21
51
43
80
4
13
64
63
28
69
23
87
1
68
9
16
61
71
30
2
34
78
8
3
44
54
60
26
77
79
25
17
52
45
62
