227
15
22
27
51
56
64
72
79
89
109
126
134
137
145
165
177
179
185
204
211
218
229
248
254
263
283
296
310
330
337
358
362
393
397
433
451
473
486
493
507
523
526
530
533
541
548
570
571
577
591
609
610
616
623
624
627
635
671
685
687
688
690
710
711
729
735
741
767
769
782
790
795
822
836
837
850
891
892
914
917
919
920
947
953
991
998
1007
1034
1060
1062
1070
1071
1108
1114
1117
1124
1127
1132
1151
1158
1209
1226
1244
1271
1293
1308
1325
1329
1347
1352
1363
1370
1385
1407
1419
1448
1455
1467
1482
1488
1493
1507
1525
1541
1554
1557
1562
1567
1568
1571
1623
1628
1635
1640
1648
1669
1672
1674
1684
1691
1699
1745
1749
1759
1768
1775
1795
1798
1803
1807
1820
1834
1845
1848
1851
1870
1887
1928
1929
1939
1940
1970
1974
1979
1997
1998
2010
2045
2050
2057
2064
2076
2082
2090
2092
2103
2117
2133
2143
2145
2157
2161
2167
2170
2195
2199
2204
2207
2214
2215
2231
2253
2269
2275
2282
2291
2294
2303
2325
2340
2343
2359
2370
2381
2383
2395
2398
2401
2428
2432
2439
2440
2466
2467
2468
2482
2484
2521
2527
2532
2540
2545
2548
2549
2557
2567
2617
153
104
75
17
110
34
116
154
40
22
89
101
141
42
159
148
21
69
72
146
96
55
71
87
138
150
102
90
53
36
64
58
118
145
99
85
20
3
136
68
25
122
67
126
15
38
125
98
65
31
56
61
111
63
119
11
9
81
95
49
12
46
100
0
54
44
117
155
79
153
131
47
6
28
8
83
84
121
128
7
143
86
144
59
115
127
77
82
114
108
14
94
134
76
45
41
62
1
152
156
60
24
160
10
132
39
151
19
120
16
74
30
103
70
26
27
130
133
43
80
142
129
57
32
52
23
29
105
158
78
135
33
107
73
124
18
5
147
2
66
48
113
123
139
157
91
13
51
109
4
112
35
106
92
