74
179
194
236
276
291
306
327
335
340
347
359
374
379
390
431
473
484
520
622
625
635
636
654
668
689
704
736
763
779
780
831
848
863
885
894
943
996
1008
1015
1031
1050
1051
1083
1084
1086
1137
1169
1179
1196
1221
1264
1322
1351
1355
1382
1432
1469
1519
1544
1554
1593
1595
1617
1623
1674
1683
1692
1693
1727
1771
1778
1782
1801
1839
112
75
45
149
70
31
87
125
23
33
150
147
135
2
106
50
82
28
35
60
108
68
145
120
118
57
113
13
105
49
138
80
104
81
107
43
67
88
116
154
93
114
95
96
21
22
89
32
90
15
137
37
27
46
94
158
53
30
44
40
155
36
83
12
126
59
9
52
152
26
131
48
79
73
141
151
34
129
64
55
161
29
56
7
14
8
143
157
54
130
133
69
38
16
42
111
132
39
51
119
6
148
4
159
5
101
77
25
103
123
18
110
122
