686
3
5
6
7
8
9
12
13
15
18
21
25
26
27
29
31
32
33
34
35
38
43
44
45
46
47
49
52
53
54
56
58
61
62
63
64
65
67
70
71
72
73
76
80
84
85
87
90
92
93
94
95
99
100
101
102
105
106
107
109
111
112
113
114
117
119
121
122
123
124
126
127
129
131
132
133
134
136
137
138
139
140
142
143
145
146
150
151
154
157
159
162
164
167
169
170
171
173
174
175
176
177
178
179
181
182
183
184
186
189
191
192
197
198
199
200
201
203
206
207
208
210
212
215
216
217
218
219
221
222
223
224
225
227
228
229
231
234
236
237
238
239
240
241
245
246
247
248
249
251
252
254
255
256
257
259
260
261
262
263
264
266
267
270
271
272
275
276
277
278
280
285
287
288
289
291
292
295
296
297
299
300
301
302
305
306
309
310
311
312
313
314
315
316
317
319
320
321
322
324
327
328
329
330
332
333
334
335
337
338
339
340
341
342
343
344
345
347
348
349
350
351
355
357
362
367
370
373
374
376
378
379
380
381
382
383
385
387
389
390
392
394
396
398
399
400
401
402
403
404
405
410
411
412
413
414
415
419
420
421
423
426
427
428
429
430
431
432
434
436
438
439
440
441
442
443
444
445
446
449
451
456
457
459
464
465
468
469
470
471
472
476
478
479
480
481
484
485
486
487
489
490
492
493
495
496
497
498
499
501
503
504
505
506
511
513
514
518
519
521
522
524
525
526
527
530
533
536
537
539
541
543
544
545
547
550
551
552
553
554
555
559
560
561
562
564
568
569
571
574
575
576
581
584
585
586
587
588
589
590
591
592
595
597
598
601
603
604
606
607
608
609
610
614
616
617
618
619
620
621
623
626
627
628
629
630
631
632
633
635
637
638
639
641
642
647
649
651
653
654
658
659
660
663
664
666
667
669
671
672
674
675
676
679
680
681
683
684
685
687
688
689
690
693
694
695
698
700
703
705
706
708
709
710
711
714
716
718
719
720
721
723
724
725
726
728
729
730
731
732
733
734
736
741
742
743
745
746
747
748
749
751
755
758
759
760
762
766
767
768
770
772
773
774
775
776
777
779
783
785
786
787
788
791
792
794
795
796
797
798
803
804
808
809
810
811
812
813
817
818
819
820
822
823
824
826
829
830
832
833
836
837
838
841
843
849
850
851
852
853
856
859
863
864
865
866
867
869
870
871
873
874
876
878
882
883
884
885
886
887
889
890
891
892
893
894
895
896
898
900
904
905
906
910
911
912
913
914
915
916
918
919
920
921
922
923
926
927
929
930
931
934
935
936
937
938
939
940
941
943
945
946
948
949
953
955
956
957
958
959
960
962
966
967
968
970
972
975
978
979
982
984
985
986
989
990
992
994
995
998
1000
1001
1002
1003
1005
1006
1007
1009
1010
1012
1014
1015
1016
1018
1019
1020
1023
1025
1026
1027
1028
1032
1033
1034
1035
1037
1038
1039
1040
1041
1043
1044
1046
1047
1052
1053
1055
1060
1061
1062
1063
1064
1065
1066
1069
1070
1071
1072
1073
1074
1075
1077
1078
1079
1081
1082
1083
1086
1087
1088
1089
1090
1091
1093
1094
1095
1098
1099
1100
1101
1102
1103
1104
1105
1106
1107
83
4
59
77
76
61
1
9
55
7
52
21
79
49
84
56
46
43
17
71
66
22
62
80
11
67
87
47
65
58
29
28
8
10
15
14
78
32
25
63
45
82
73
19
69
85
37
24
53
36
5
16
33
40
42
20
2
74
86
60
54
41
13
0
39
30
26
75
18
57
27
38
35
3
51
23
68
6
83
48
50
64
31
72
