259
5
22
24
31
38
60
64
65
80
85
96
103
104
109
122
140
141
143
154
160
163
171
173
183
191
213
214
218
221
227
229
248
269
322
335
355
367
389
392
395
411
412
414
441
457
464
479
481
498
500
508
509
512
521
522
548
563
574
603
645
663
696
701
721
728
731
739
743
759
775
780
783
785
798
805
830
835
847
856
860
868
871
898
911
918
931
937
943
953
965
988
992
999
1019
1020
1042
1051
1064
1066
1072
1076
1115
1132
1134
1136
1138
1140
1151
1153
1155
1156
1165
1166
1167
1191
1201
1206
1218
1220
1230
1238
1242
1269
1270
1273
1350
1356
1360
1370
1376
1377
1378
1397
1399
1400
1402
1412
1424
1426
1435
1439
1445
1450
1469
1476
1497
1499
1502
1514
1515
1587
1608
1609
1611
1641
1649
1652
1662
1676
1678
1694
1703
1710
1718
1724
1725
1732
1755
1762
1763
1776
1778
1815
1827
1836
1837
1838
1846
1858
1863
1878
1885
1892
1896
1898
1900
1903
1909
1913
1914
1915
1933
1957
1964
1966
1974
1980
1981
1989
1992
1996
1997
2002
2005
2010
2011
2018
2023
2053
2055
2063
2070
2072
2108
2118
2122
2126
2128
2151
2157
2163
2175
2180
2185
2195
2216
2220
2230
2232
2244
2261
2277
2289
2293
2316
2330
2370
2373
2378
2389
2400
2423
2426
2449
2453
2455
2460
2463
2467
2477
2480
2485
2517
2527
2543
2561
2574
2590
2618
161
53
126
54
41
56
98
128
9
11
107
115
40
84
74
118
32
14
111
34
27
119
108
109
22
152
55
158
1
61
60
91
71
157
2
156
144
49
24
117
131
20
18
88
39
28
57
64
58
46
112
127
81
78
10
120
116
134
141
151
136
29
124
59
97
142
65
90
47
106
21
62
43
80
0
67
13
133
77
82
139
72
110
159
113
145
69
101
17
37
137
130
121
3
76
51
135
35
87
129
66
36
123
6
140
102
154
70
95
68
100
7
103
63
104
5
73
38
85
83
50
31
93
114
25
99
148
33
48
45
15
94
153
147
42
122
75
52
8
160
86
105
138
132
92
96
150
79
149
146
19
12
44
125
23
89
155
4
143
16
26
30
