256
6
22
27
30
32
66
69
88
99
109
113
121
140
168
175
198
202
209
220
235
237
251
254
272
280
287
298
315
322
323
329
343
345
348
354
359
373
374
392
394
399
402
413
420
421
425
430
450
457
464
465
470
476
485
486
488
492
517
527
534
548
550
559
572
587
601
605
610
630
636
641
653
662
671
682
688
697
707
708
713
730
743
745
759
763
768
799
801
807
811
837
850
851
853
871
877
885
890
895
901
913
950
951
954
963
964
1009
1047
1060
1064
1066
1069
1097
1100
1111
1113
1126
1135
1147
1152
1160
1171
1190
1195
1197
1205
1208
1211
1212
1222
1233
1236
1239
1241
1244
1251
1256
1263
1272
1275
1299
1309
1312
1324
1328
1338
1339
1359
1376
1390
1431
1432
1451
1453
1487
1488
1510
1513
1535
1555
1577
1591
1592
1599
1617
1620
1625
1629
1660
1671
1686
1694
1696
1700
1704
1721
1729
1742
1747
1748
1768
1777
1793
1802
1825
1848
1851
1868
1907
1914
1933
1943
1948
1949
1951
1974
1987
1989
2009
2014
2044
2045
2047
2050
2065
2070
2085
2128
2144
2153
2157
2158
2163
2174
2175
2181
2186
2190
2192
2224
2226
2230
2243
2250
2256
2262
2282
2289
2296
2309
2319
2334
2347
2358
2408
2418
2421
2423
2430
2440
2458
2474
2503
2516
2521
2535
2541
2550
2558
2563
2566
2568
2575
2576
2591
2604
160
40
46
152
69
38
130
44
99
28
127
146
51
36
68
138
76
116
5
110
16
93
34
135
100
18
139
73
53
87
79
54
75
105
6
126
133
60
154
94
13
158
8
71
147
137
80
85
23
109
31
27
78
11
57
145
101
148
2
33
124
115
14
153
107
37
29
25
20
123
141
95
9
156
82
159
84
103
70
35
3
42
72
62
104
21
24
15
118
64
121
119
19
117
111
17
1
144
22
7
97
102
134
74
61
81
155
26
136
83
49
108
131
112
98
132
59
55
92
48
96
125
77
90
142
30
4
140
151
50
128
157
56
0
41
106
88
89
122
114
129
43
12
160
66
113
45
150
52
143
65
39
91
120
10
47
86
32
67
58
149
