669
15
18
19
20
22
23
27
28
29
33
34
39
44
48
51
52
54
58
61
68
70
72
73
75
78
79
82
83
95
96
97
98
99
100
106
111
115
117
118
120
122
123
126
127
128
133
134
135
139
140
142
147
150
152
159
162
163
164
174
176
177
178
179
181
182
184
186
187
189
193
196
197
199
202
208
211
213
217
219
223
227
228
229
230
233
236
237
241
243
248
252
262
264
266
267
269
271
273
277
278
279
280
281
288
290
291
295
296
299
301
302
308
310
315
316
317
332
336
338
339
340
341
343
344
345
346
353
358
364
366
367
372
375
381
385
387
389
400
401
402
405
406
407
408
409
419
423
428
431
432
434
436
441
442
445
446
450
454
455
456
460
461
462
463
465
467
468
469
474
476
478
481
482
486
487
491
492
503
504
506
507
508
512
514
515
516
517
519
520
522
523
524
528
536
537
538
539
541
546
548
550
551
556
560
561
564
565
567
568
570
572
574
576
577
579
582
583
586
591
592
593
598
602
603
604
608
609
611
613
617
619
620
623
627
628
629
630
631
632
633
636
638
639
640
643
646
648
651
657
663
666
668
670
671
676
679
685
687
691
693
697
698
702
703
704
709
710
711
712
718
720
722
723
725
727
734
735
737
738
740
741
742
744
747
748
749
750
751
753
755
757
758
760
761
763
764
768
772
779
780
781
782
785
787
797
800
801
806
814
816
821
830
832
835
837
839
841
844
846
848
849
850
851
853
855
856
862
865
870
872
874
886
892
896
899
905
907
912
913
914
915
916
917
921
922
923
924
925
929
931
932
935
938
940
942
944
946
948
949
954
957
961
963
968
969
972
973
975
976
979
988
989
992
993
995
996
997
1003
1006
1008
1011
1012
1016
1019
1022
1023
1024
1025
1028
1029
1030
1032
1040
1042
1046
1053
1054
1056
1064
1065
1068
1070
1071
1079
1083
1086
1087
1088
1089
1090
1091
1093
1095
1102
1103
1104
1110
1112
1114
1115
1117
1118
1119
1129
1130
1136
1137
1139
1144
1150
1163
1164
1167
1173
1174
1176
1177
1180
1181
1185
1186
1190
1191
1194
1196
1206
1208
1210
1213
1216
1220
1223
1227
1229
1230
1231
1237
1240
1242
1244
1245
1249
1250
1253
1254
1256
1259
1261
1267
1268
1278
1281
1290
1291
1297
1298
1302
1312
1313
1316
1317
1324
1325
1326
1327
1329
1332
1333
1338
1339
1340
1342
1344
1345
1350
1360
1361
1362
1363
1365
1366
1369
1372
1374
1375
1376
1377
1381
1385
1387
1391
1393
1395
1404
1406
1409
1414
1416
1419
1421
1423
1426
1429
1432
1433
1434
1435
1436
1440
1451
1458
1460
1463
1464
1465
1466
1469
1471
1472
1475
1476
1479
1487
1489
1491
1492
1494
1497
1498
1501
1506
1508
1510
1511
1512
1516
1517
1520
1525
1527
1528
1530
1532
1533
1535
1536
1537
1538
1543
1548
1549
1550
1552
1553
1554
1556
1559
1560
1562
1564
1566
1571
1572
1573
1575
1577
1579
1585
1586
1587
1593
1600
1602
1604
1613
1617
1621
1631
1635
1636
1638
1639
1642
1643
1644
1645
1648
1651
1656
1669
1672
1674
1675
1677
1679
1680
1681
1682
1688
1691
1694
1701
1702
1705
1708
1709
1711
1717
1719
1720
1723
1726
1737
1740
1741
1742
1746
1748
1749
1752
1754
1757
1762
1765
1773
1776
1782
1784
1786
1789
1792
1793
1797
1801
1810
1811
1812
1813
1817
1818
1819
1820
1821
1823
1825
1826
1829
1832
1833
156
25
74
139
31
103
107
106
119
104
131
76
40
49
70
123
93
154
39
22
50
21
13
32
142
140
156
133
149
16
87
161
128
113
124
85
52
71
61
63
100
80
130
12
81
44
143
34
2
38
67
18
56
108
94
60
14
114
127
115
101
30
150
59
75
164
6
51
105
24
79
35
8
27
141
159
53
112
17
126
84
117
162
36
88
125
116
145
90
37
144
120
69
42
23
26
121
10
136
41
9
64
58
132
152
55
163
78
158
118
151
109
146
3
95
29
135
102
66
5
20
98
28
7
4
160
147
57
110
15
89
122
148
68
73
46
92
157
0
54
96
134
77
83
19
153
1
91
99
82
72
43
45
62
11
33
65
