249
14
27
32
40
45
54
70
73
77
78
93
102
121
131
148
178
182
183
189
191
193
197
204
219
240
252
254
266
268
270
273
274
332
356
367
376
392
399
412
431
458
477
495
501
531
536
539
544
549
554
562
585
620
643
645
656
662
663
665
680
685
691
693
698
700
703
704
710
713
719
727
730
738
745
751
756
760
767
796
807
808
809
817
824
847
851
862
864
880
892
907
928
938
952
964
967
975
976
979
996
1023
1030
1038
1047
1058
1069
1125
1135
1139
1153
1158
1162
1176
1180
1189
1208
1212
1216
1221
1224
1226
1232
1234
1237
1254
1256
1263
1269
1294
1306
1314
1329
1335
1337
1358
1361
1369
1395
1416
1436
1453
1455
1480
1494
1499
1511
1519
1520
1524
1535
1542
1543
1552
1553
1562
1595
1605
1611
1625
1636
1657
1661
1675
1676
1683
1724
1732
1736
1738
1748
1753
1762
1766
1767
1771
1775
1779
1808
1815
1821
1822
1862
1863
1872
1887
1897
1898
1903
1911
1914
1942
1944
1952
1987
1993
2024
2027
2029
2046
2083
2087
2094
2095
2101
2103
2104
2213
2214
2217
2224
2229
2233
2234
2240
2243
2246
2247
2256
2269
2288
2303
2319
2352
2357
2379
2382
2389
2394
2397
2405
2406
2414
2437
2461
2462
2472
2501
2503
2511
2518
2524
2539
2540
2561
2572
2582
2595
2603
2607
160
52
114
92
123
90
97
84
63
20
40
124
125
91
45
93
132
50
88
70
105
144
4
110
46
137
15
136
27
146
14
140
13
155
39
134
55
10
77
57
67
130
61
23
65
72
121
107
135
12
49
113
86
9
17
3
111
28
99
37
59
69
64
131
127
43
83
54
109
32
85
51
76
151
25
71
112
1
153
74
158
8
7
26
33
18
87
89
143
150
21
101
147
2
117
120
96
100
53
81
11
62
141
108
145
95
118
44
16
22
58
126
68
157
160
103
138
31
152
128
80
73
48
36
116
149
42
159
104
154
115
56
133
156
41
122
148
19
34
29
47
82
30
5
6
35
102
94
75
38
60
119
142
98
106
139
79
78
129
66
0
