119
171
184
187
195
209
230
237
261
266
287
292
305
316
319
331
339
350
357
360
377
410
412
416
448
460
464
505
541
563
583
591
608
617
622
631
651
681
692
693
697
711
836
847
849
882
895
897
937
949
1013
1033
1034
1065
1105
1127
1140
1153
1159
1177
1205
1209
1224
1264
1334
1357
1369
1372
1409
1446
1468
1469
1471
1504
1520
1530
1532
1539
1558
1560
1582
1595
1603
1629
1632
1638
1642
1665
1678
1791
1794
1799
1811
1814
1829
1852
1922
1970
1984
2007
2011
2018
2045
2098
2099
2102
2114
2238
2250
2251
2269
2289
2310
2333
2345
2356
2398
2403
2417
2421
152
62
79
87
157
105
26
48
129
130
102
120
133
75
74
78
158
68
131
1
33
61
55
28
106
23
86
80
160
127
11
135
112
63
83
95
31
92
108
154
119
84
30
6
27
42
111
124
29
126
18
24
9
77
41
162
117
143
114
88
37
97
12
72
59
152
115
22
20
93
19
147
32
125
161
96
16
44
56
70
7
0
159
141
3
101
145
150
91
40
15
156
134
139
148
38
82
13
99
8
132
53
66
34
76
51
57
64
58
113
50
149
89
98
144
17
69
73
10
4
153
85
2
54
116
122
109
5
110
123
71
151
138
14
103
60
45
49
39
46
137
128
36
107
52
25
136
65
43
118
121
104
94
