686
3
7
8
10
11
12
19
20
21
23
24
25
27
29
32
35
36
38
40
41
42
43
44
45
46
47
48
49
50
51
53
54
55
57
58
59
60
61
62
63
67
68
69
70
73
75
76
77
78
81
85
88
91
93
94
95
97
98
99
100
102
104
105
106
107
110
114
117
118
119
122
123
124
125
126
127
130
132
133
138
140
141
142
143
144
146
147
148
153
154
156
157
159
161
162
163
164
165
166
167
169
171
176
178
180
182
183
184
185
186
188
189
190
192
193
195
196
197
198
199
200
202
204
205
207
208
211
212
213
215
216
217
218
219
220
221
223
224
227
228
230
231
233
234
237
238
239
240
242
243
244
245
250
252
253
254
255
256
258
259
260
261
262
265
267
268
269
271
273
275
276
277
279
280
282
283
286
289
291
292
293
296
299
303
305
306
307
308
310
313
314
316
317
319
320
321
322
323
324
326
327
328
330
334
335
336
337
340
341
343
344
345
347
348
349
352
353
354
355
356
358
359
362
363
365
366
368
369
371
372
373
374
379
380
382
383
384
385
387
390
391
393
396
397
398
399
400
401
403
404
405
406
410
412
416
417
418
419
420
421
422
423
424
426
427
433
434
435
436
439
440
441
443
444
445
446
447
448
449
450
451
452
453
455
457
461
465
466
468
470
471
472
474
475
476
477
478
481
482
484
486
488
489
492
493
494
497
498
503
504
507
508
511
512
513
514
515
517
518
520
521
524
525
528
530
531
532
533
534
535
537
539
541
543
544
545
546
548
549
550
552
553
554
556
557
558
559
560
561
562
564
566
567
569
570
571
573
575
578
579
580
586
587
589
590
591
593
594
595
597
598
600
602
603
606
607
608
611
615
618
620
622
624
625
629
630
632
635
636
638
639
641
642
643
644
645
646
647
648
650
652
653
655
656
658
659
660
661
662
663
665
666
668
669
670
671
673
675
676
678
680
682
683
684
686
687
689
690
691
693
694
695
697
699
702
703
704
705
706
708
709
710
711
714
715
716
719
720
723
724
725
726
728
729
731
732
734
736
737
738
743
745
746
747
748
749
750
751
753
754
755
757
758
760
761
762
763
765
766
768
770
772
774
776
780
783
784
785
790
791
793
794
795
796
798
799
800
801
802
806
807
810
811
812
814
815
816
817
818
819
821
823
824
825
826
827
828
829
831
833
834
835
838
842
843
845
846
847
848
849
850
852
853
856
857
860
861
862
863
864
866
868
869
870
871
872
875
876
877
880
882
883
884
887
888
889
890
892
893
896
897
898
902
903
904
907
908
909
911
913
914
915
920
921
922
926
929
931
932
933
935
936
941
942
943
945
946
947
948
949
951
953
955
957
958
959
960
965
966
968
971
973
974
975
976
977
981
982
986
991
992
995
996
998
999
1000
1001
1002
1003
1004
1006
1007
1009
1011
1012
1014
1016
1020
1022
1024
1026
1027
1028
1031
1032
1034
1036
1038
1039
1040
1041
1042
1045
1046
1047
1048
1049
1052
1053
1055
1056
1057
1058
1059
1060
1061
1063
1064
1065
1068
1069
1070
1072
1073
1075
1081
1082
1083
1085
1086
1087
1088
1090
1091
1094
1095
1096
1097
1098
1099
1101
1103
1104
1105
1106
1107
82
86
30
9
0
84
70
50
51
24
8
46
11
83
31
65
40
87
55
29
77
28
12
52
6
41
43
36
10
56
75
78
32
68
49
18
45
76
17
57
61
22
81
62
47
13
73
14
54
15
74
42
53
64
26
25
63
20
85
69
39
5
35
1
82
3
44
59
67
16
58
60
27
21
7
2
19
48
72
4
71
38
80
