106
92
102
117
131
149
189
232
261
330
347
364
440
456
460
486
491
502
567
591
618
624
650
665
683
801
803
818
820
892
914
925
934
944
960
961
970
979
983
1011
1017
1070
1093
1101
1120
1134
1156
1170
1212
1222
1228
1267
1330
1380
1433
1442
1461
1464
1525
1527
1545
1547
1554
1561
1570
1573
1592
1607
1628
1660
1663
1676
1731
1757
1771
1824
1865
1892
1908
1921
1938
1968
1999
2034
2061
2065
2077
2091
2145
2158
2164
2168
2216
2233
2238
2263
2267
2268
2285
2318
2328
2349
2359
2402
2434
2443
2447
150
149
10
123
139
34
7
44
154
31
82
65
106
127
57
89
33
75
159
56
119
118
126
61
26
87
83
67
32
4
84
36
147
157
19
142
69
73
38
12
51
47
59
102
43
116
74
92
115
18
37
49
131
160
45
145
63
105
20
94
53
152
58
98
101
23
112
72
117
6
111
8
96
130
129
128
162
125
158
146
121
40
13
66
150
11
95
80
25
148
2
30
122
17
5
132
27
124
85
35
113
28
140
70
138
110
136
134
143
109
133
62
107
91
9
78
86
77
3
0
71
88
64
52
15
99
76
81
68
14
155
50
151
55
114
39
48
41
29
24
108
144
79
161
16
120
103
22
1
97
42
