686
3
5
10
11
12
13
14
21
22
23
24
26
28
29
33
34
37
40
41
42
43
47
50
54
55
56
57
58
59
61
62
64
65
69
71
72
74
76
78
80
83
84
85
86
88
89
90
91
92
93
94
96
100
102
103
104
105
106
108
109
114
115
117
118
119
120
121
124
125
126
128
129
131
132
133
134
135
136
137
138
139
140
141
142
145
146
147
151
152
153
154
157
158
159
160
161
162
163
165
167
168
169
172
174
176
177
180
181
184
185
186
187
188
189
191
192
193
194
195
197
198
200
202
207
208
209
211
212
213
214
215
216
218
220
221
222
223
225
226
227
228
229
230
231
233
234
235
236
240
242
243
245
246
247
248
250
252
253
256
257
260
262
265
267
269
270
271
273
274
275
278
279
281
282
283
284
285
286
287
289
290
292
293
297
299
300
301
302
303
305
306
311
313
315
317
318
319
321
324
325
326
330
331
333
338
339
340
344
345
347
350
351
352
353
354
355
357
359
360
361
363
366
368
369
370
371
372
373
374
375
376
377
379
383
385
386
387
388
389
390
391
393
394
398
400
401
403
408
410
412
413
414
415
417
418
419
420
421
422
424
427
429
430
431
432
433
434
435
436
439
441
442
444
446
448
449
450
451
453
454
455
456
457
458
459
463
464
465
466
467
469
471
472
475
477
478
479
481
482
483
484
485
486
493
494
498
499
500
501
502
503
504
506
507
509
510
512
515
519
520
522
523
524
525
527
528
529
530
531
533
534
535
537
539
540
544
546
547
548
550
551
552
553
557
558
560
563
566
567
568
569
570
571
572
573
574
577
581
583
584
586
588
589
590
591
592
593
594
596
597
598
600
601
602
603
604
605
606
607
608
611
612
614
616
617
618
621
622
624
625
627
629
630
631
632
635
636
639
640
641
642
643
644
645
649
654
656
658
660
661
662
663
666
667
669
670
673
675
676
677
679
681
682
683
684
685
686
688
690
691
693
695
696
697
701
705
706
707
709
710
713
714
715
716
717
720
721
722
723
724
726
728
729
731
735
737
738
739
740
741
742
743
746
747
749
750
751
752
755
757
761
762
763
764
766
767
768
769
770
771
773
774
775
776
778
779
780
783
785
786
787
789
791
792
793
794
797
798
799
800
802
803
806
807
808
810
811
812
814
815
818
819
820
825
826
828
831
832
834
835
838
840
841
842
844
845
846
847
848
849
851
852
854
855
856
857
858
859
861
862
863
864
865
866
868
869
873
876
878
880
881
882
883
884
885
886
888
891
893
898
899
906
907
909
910
911
913
914
916
921
923
924
926
927
928
931
932
934
935
937
943
946
947
950
951
952
953
954
955
956
957
958
960
961
962
964
965
966
972
973
974
975
976
979
982
984
985
986
987
988
989
990
991
992
993
994
995
997
999
1001
1004
1006
1010
1011
1012
1014
1016
1017
1019
1023
1025
1027
1028
1029
1031
1032
1033
1034
1035
1039
1042
1043
1045
1046
1047
1048
1049
1050
1051
1052
1053
1054
1057
1059
1061
1062
1064
1065
1066
1068
1071
1074
1075
1076
1077
1079
1080
1081
1083
1085
1087
1088
1089
1090
1092
1094
1095
1096
1097
1099
1100
1101
1102
1103
1105
1107
83
22
58
20
32
41
57
54
75
74
19
63
10
35
36
42
77
14
85
31
69
76
3
72
49
67
84
9
7
34
78
33
51
6
48
79
40
28
17
0
43
47
45
1
62
71
46
2
82
64
27
29
53
8
12
13
55
83
25
61
52
68
50
70
24
16
44
21
18
73
4
60
56
59
15
87
11
38
26
65
37
5
81
80
