236
9
14
17
25
41
55
116
119
135
136
142
167
170
184
191
206
245
252
277
282
287
315
318
325
326
338
339
340
349
392
410
423
437
438
439
442
448
449
452
454
478
482
491
525
527
553
554
576
583
588
602
603
612
622
637
642
657
659
673
680
684
690
699
700
728
741
779
791
805
818
824
845
847
849
868
873
874
876
885
888
894
902
907
934
955
957
982
986
989
1005
1010
1016
1039
1064
1072
1074
1075
1081
1082
1087
1113
1122
1125
1128
1129
1131
1140
1150
1161
1168
1171
1182
1220
1229
1247
1248
1260
1268
1293
1301
1315
1318
1319
1321
1338
1351
1356
1372
1383
1396
1411
1451
1454
1465
1467
1481
1489
1490
1498
1506
1510
1516
1534
1539
1546
1549
1551
1579
1594
1607
1616
1632
1680
1687
1698
1699
1706
1713
1714
1722
1726
1767
1769
1785
1790
1802
1815
1819
1828
1839
1848
1859
1860
1873
1884
1901
1904
1933
1952
1970
1973
1978
1982
1987
2003
2014
2039
2053
2058
2062
2067
2120
2129
2144
2146
2171
2185
2199
2209
2216
2218
2230
2232
2245
2246
2283
2284
2294
2302
2313
2317
2324
2330
2332
2343
2369
2376
2382
2384
2392
2396
2409
2425
2427
2438
2446
2450
2469
2482
2494
2500
2504
2509
2556
2563
2598
161
0
67
65
156
118
69
32
12
136
94
93
133
146
55
47
7
86
79
80
37
22
148
113
137
9
18
147
153
120
30
111
13
89
128
131
78
31
157
71
122
14
54
2
16
70
90
99
42
140
52
25
82
123
144
96
34
84
115
116
105
125
134
117
23
107
121
5
119
151
59
127
73
40
97
77
101
6
1
92
39
53
44
75
132
27
57
155
103
49
50
19
138
152
159
145
81
112
56
102
66
104
8
17
150
126
100
141
76
129
36
85
11
108
74
33
130
106
58
98
95
142
61
109
63
64
135
46
160
29
158
20
21
3
124
48
4
110
91
38
15
68
51
62
88
149
83
114
10
35
154
43
72
28
45
26
24
139
41
87
60
143
