235
28
47
49
71
73
94
98
110
119
125
131
133
138
139
146
147
158
159
175
178
184
185
214
221
239
242
266
271
277
292
294
318
321
322
364
372
376
399
408
409
417
429
448
455
456
463
469
491
516
527
568
569
584
587
592
612
619
631
638
641
644
645
662
686
697
720
747
748
780
812
816
839
848
855
861
894
899
902
925
930
944
961
982
1009
1015
1018
1020
1026
1042
1053
1063
1067
1083
1103
1106
1111
1116
1130
1151
1157
1164
1190
1221
1261
1262
1270
1294
1299
1301
1304
1307
1313
1324
1332
1342
1348
1352
1358
1369
1370
1402
1441
1466
1476
1499
1500
1507
1515
1518
1529
1549
1553
1554
1558
1583
1590
1599
1622
1631
1633
1642
1643
1644
1657
1659
1660
1674
1687
1689
1692
1696
1697
1720
1726
1737
1743
1750
1760
1762
1783
1784
1785
1797
1817
1819
1843
1882
1889
1890
1892
1893
1903
1909
1916
1933
1937
1941
1948
1949
1952
1953
1979
1987
2002
2013
2044
2049
2071
2073
2088
2091
2109
2114
2134
2160
2173
2185
2187
2208
2229
2230
2251
2265
2269
2279
2282
2284
2286
2287
2291
2296
2328
2337
2346
2363
2372
2383
2392
2395
2405
2429
2437
2456
2483
2484
2494
2513
2527
2543
2547
2555
2566
2570
2579
2596
161
39
137
148
16
90
15
129
70
131
28
119
95
111
67
154
17
33
80
123
12
99
107
10
73
86
142
48
160
130
25
3
51
62
34
114
30
127
97
56
132
106
42
146
78
140
138
116
112
139
128
141
117
54
74
66
143
23
2
92
124
149
43
126
36
31
108
81
58
72
89
156
151
121
125
147
7
75
27
105
159
110
102
104
22
20
55
11
85
82
98
52
69
41
68
35
77
46
61
145
29
134
135
26
4
87
5
50
49
47
63
44
100
153
133
155
8
157
158
57
38
113
1
24
103
136
84
37
65
13
88
83
79
122
64
109
32
96
6
71
53
9
120
21
115
144
18
118
91
76
60
152
93
101
59
150
94
40
14
45
0
19
