686
4
7
8
14
15
18
20
21
23
28
30
31
32
33
34
35
36
38
40
42
43
44
45
46
47
48
50
52
53
54
55
56
57
58
59
60
61
63
64
67
70
71
75
76
78
80
84
86
87
89
90
91
92
94
95
96
99
103
105
106
108
109
111
112
113
114
115
116
117
118
120
121
122
123
124
125
126
127
128
130
131
132
133
134
137
138
139
140
141
143
145
147
148
150
152
155
156
160
162
165
167
168
169
170
172
173
174
175
176
177
179
180
187
188
189
190
192
193
195
197
198
200
203
204
205
206
209
210
211
212
213
214
216
218
219
221
224
225
226
227
229
230
231
233
234
239
240
242
243
244
245
246
248
249
250
254
255
256
257
258
259
263
264
266
269
270
273
277
278
279
280
282
285
286
289
290
291
292
293
294
295
296
297
298
300
301
302
303
305
307
308
309
310
313
314
317
318
319
321
322
323
324
325
326
327
328
329
330
331
333
334
335
338
339
341
346
347
348
349
351
354
355
357
358
359
360
361
363
364
365
366
367
368
369
372
373
374
375
377
378
380
382
383
385
389
390
391
392
394
396
398
401
402
403
404
405
407
408
409
410
411
412
413
417
420
421
422
425
427
433
436
438
440
441
442
443
444
446
447
450
452
455
456
457
459
460
461
462
464
467
469
470
471
473
474
477
480
481
483
484
486
487
488
490
491
492
493
498
500
501
502
504
505
506
508
509
510
512
513
514
516
518
519
522
523
524
527
532
533
534
537
538
540
541
543
544
545
546
548
549
551
552
554
555
557
558
560
561
564
568
571
573
574
577
580
581
582
583
584
586
587
589
590
592
593
595
596
597
598
599
601
602
603
605
608
609
614
616
617
620
621
622
627
632
633
636
640
641
643
644
645
646
647
648
650
651
653
655
659
660
661
662
663
664
665
668
669
670
673
674
675
678
679
680
683
685
686
687
688
693
694
695
698
699
702
703
705
708
709
711
712
714
716
717
718
719
721
722
723
724
725
727
728
731
732
733
734
736
737
738
741
742
743
744
747
750
753
754
755
756
759
763
764
765
767
768
769
773
774
775
778
780
781
782
783
784
785
787
788
789
790
792
793
795
796
797
798
801
803
805
806
807
808
811
812
814
816
817
819
820
822
823
825
827
829
830
833
834
836
837
838
839
840
842
843
844
847
848
850
851
852
853
855
856
857
858
865
869
873
876
878
879
880
881
883
884
885
886
887
888
889
890
893
894
898
900
901
902
903
904
905
906
908
909
911
912
914
916
917
918
919
920
921
922
923
924
925
926
928
929
931
932
933
935
938
939
941
943
944
946
947
948
949
951
952
954
955
957
963
964
965
967
969
970
971
973
976
977
978
980
985
986
987
989
990
991
992
994
995
996
999
1000
1001
1003
1004
1007
1009
1010
1012
1013
1014
1015
1017
1018
1019
1020
1021
1022
1023
1024
1025
1026
1029
1030
1031
1032
1033
1034
1035
1036
1037
1038
1039
1040
1041
1044
1045
1049
1050
1051
1052
1053
1054
1055
1057
1059
1062
1063
1064
1065
1067
1068
1069
1070
1071
1073
1074
1077
1079
1080
1083
1084
1085
1088
1089
1090
1093
1094
1095
1096
1100
1102
1103
1104
1105
1106
83
27
48
56
84
45
53
7
75
37
58
21
32
6
64
61
78
33
52
80
86
41
67
26
42
24
20
72
46
3
87
38
2
73
13
49
59
47
54
31
14
25
11
17
71
4
10
28
0
69
1
57
74
35
15
63
60
9
40
36
83
5
85
19
43
51
62
18
8
29
16
55
68
30
65
34
22
81
44
50
82
76
12
77
