73
180
251
258
273
285
287
306
308
332
338
340
354
375
413
423
472
523
529
582
684
693
697
712
714
728
755
822
846
860
874
881
932
937
946
975
985
990
993
1021
1046
1058
1059
1132
1138
1147
1154
1166
1175
1263
1295
1296
1320
1360
1458
1514
1516
1528
1543
1557
1580
1586
1632
1705
1717
1726
1742
1744
1749
1770
1787
1788
1791
1837
112
96
6
66
33
32
98
134
127
162
88
153
7
41
164
77
43
117
24
108
150
145
119
22
159
112
125
148
123
34
54
12
51
74
16
115
132
109
36
65
64
27
147
18
111
144
69
131
0
124
95
91
158
23
94
38
53
40
129
70
1
121
44
116
67
39
83
58
9
142
90
35
161
2
133
107
106
47
4
155
118
136
48
99
68
78
21
149
71
84
139
92
11
50
72
30
81
29
25
62
17
146
163
13
8
45
101
42
85
63
156
105
154
