149
35
42
51
60
75
79
96
108
110
116
119
125
129
131
135
158
165
168
173
179
186
191
202
205
207
221
223
226
233
250
251
260
269
270
288
292
299
300
305
328
329
330
337
343
348
358
373
381
387
388
391
405
407
411
424
427
428
432
441
452
459
463
465
467
474
479
480
483
489
492
498
501
510
521
525
533
536
547
549
560
567
603
620
636
650
651
655
660
682
683
692
697
701
708
710
725
727
732
737
747
755
770
778
788
799
803
804
813
824
846
859
861
862
871
873
875
889
902
906
908
909
914
915
927
930
941
945
949
961
966
982
983
988
999
1000
1008
1011
1015
1025
1028
1031
1034
1036
1050
1057
1067
1077
1083
1084
76
62
17
54
65
38
37
19
4
11
12
49
7
42
70
86
80
14
58
28
32
20
5
63
87
72
1
81
78
23
40
13
24
73
56
30
35
6
51
41
16
48
43
18
85
71
29
53
25
33
22
47
84
50
8
69
75
82
76
74
36
39
60
67
68
9
3
64
61
77
59
45
31
0
27
66
57
