686
3
4
7
9
10
11
12
13
16
17
19
22
23
25
27
28
30
35
36
37
39
40
42
43
44
46
47
48
51
53
54
55
56
57
58
59
60
61
62
64
71
74
76
79
80
81
85
86
89
90
91
92
94
95
97
98
100
101
102
104
105
106
108
109
110
112
116
119
120
121
124
126
128
129
130
131
132
134
137
138
140
141
142
143
146
147
148
149
150
151
153
155
157
158
159
160
161
163
164
165
166
167
170
171
177
180
184
185
186
187
188
189
190
191
192
193
195
196
197
199
200
202
204
206
208
209
210
211
212
214
217
219
220
222
223
225
227
229
230
231
234
235
236
237
239
240
242
243
244
245
246
248
249
251
252
254
255
260
262
263
264
265
266
267
268
269
270
273
274
275
278
279
282
283
285
286
287
288
290
295
296
299
303
304
305
306
308
309
311
312
313
316
317
318
320
321
323
325
326
329
330
331
333
334
336
338
339
340
343
344
345
346
347
349
350
352
354
355
356
357
360
361
362
363
364
365
369
371
372
373
379
380
381
383
384
385
387
388
390
391
392
393
394
395
396
397
398
399
401
402
403
404
405
406
407
408
409
412
413
415
418
421
422
423
425
426
429
432
435
438
439
440
441
442
443
445
447
449
452
453
454
455
456
457
458
460
462
463
464
465
466
467
468
469
471
472
475
476
481
484
485
486
488
489
491
493
494
495
496
497
498
501
503
504
505
506
507
508
510
512
513
514
515
516
520
524
525
527
528
529
530
532
534
535
539
542
543
545
548
549
550
552
555
556
558
560
562
563
569
570
572
575
576
580
581
582
585
586
587
589
590
591
592
596
597
599
600
604
606
607
609
610
612
615
616
619
620
621
625
627
628
629
630
631
632
633
634
635
636
637
638
639
640
641
643
644
646
648
650
652
654
655
657
659
660
663
664
669
671
672
673
675
676
678
680
681
682
683
684
685
688
689
690
691
692
693
695
697
700
702
703
704
706
707
710
711
712
715
719
720
721
722
723
724
725
727
731
732
733
734
735
736
737
738
740
741
743
744
745
746
747
749
752
753
754
755
757
758
759
760
761
762
763
764
768
769
770
771
773
775
776
777
778
779
782
784
785
786
787
789
791
792
793
794
795
797
798
799
800
801
802
803
804
805
807
808
811
814
816
818
820
822
824
825
826
827
828
829
830
832
837
839
841
842
843
845
847
848
850
851
852
853
855
857
862
863
864
865
866
867
871
872
874
875
878
879
881
882
884
886
887
888
890
892
893
894
898
899
900
902
905
907
909
911
913
914
917
918
919
921
922
924
926
930
931
932
935
936
938
939
940
942
944
945
946
948
950
951
955
957
959
962
963
964
970
972
975
977
979
980
981
983
984
985
986
987
989
991
992
993
994
999
1000
1001
1002
1004
1007
1008
1009
1010
1011
1013
1014
1015
1017
1018
1019
1021
1022
1024
1026
1030
1031
1032
1033
1034
1035
1038
1039
1040
1041
1043
1044
1047
1049
1051
1053
1054
1055
1056
1057
1059
1060
1063
1065
1066
1067
1068
1069
1070
1071
1072
1073
1074
1078
1079
1080
1081
1082
1084
1086
1087
1088
1090
1092
1094
1095
1096
1097
1098
1099
1100
1102
1103
1104
1105
82
87
51
11
58
60
36
54
56
45
62
3
84
69
50
41
46
79
35
65
7
81
85
4
67
48
39
28
15
31
29
78
1
0
42
52
76
49
26
34
71
80
30
77
86
68
66
59
73
61
37
33
32
38
24
5
43
6
16
22
75
74
83
20
19
8
27
82
23
13
55
25
9
70
2
10
64
40
14
47
18
63
53
