130
72
82
121
128
129
157
163
194
198
199
241
278
279
300
306
333
356
358
398
439
460
478
502
508
529
532
548
588
647
649
655
663
674
691
699
712
726
727
728
738
781
799
819
841
850
873
875
880
905
909
913
916
952
980
1025
1041
1101
1106
1131
1132
1173
1216
1223
1238
1240
1259
1261
1270
1271
1272
1274
1311
1315
1353
1358
1371
1373
1396
1398
1466
1479
1502
1548
1550
1570
1628
1633
1643
1673
1691
1722
1746
1750
1759
1766
1769
1807
1837
1841
1864
1868
1871
1876
1893
1902
1953
1995
2002
2021
2040
2044
2131
2132
2158
2168
2181
2183
2197
2206
2235
2248
2249
2262
2319
2327
2336
2339
2347
2375
2431
152
23
1
158
27
2
51
26
162
73
86
11
153
117
13
48
95
159
145
105
47
32
150
101
140
128
102
44
96
42
97
76
50
5
70
74
79
30
39
9
28
77
12
89
82
110
75
146
88
121
21
38
7
155
133
18
65
33
63
98
67
100
37
149
25
34
72
3
69
93
56
104
116
66
148
58
54
123
10
24
31
83
134
78
160
40
22
103
68
45
154
15
92
152
156
46
55
113
120
49
94
109
142
57
141
87
29
111
62
136
124
53
85
59
99
4
80
144
0
143
151
115
20
132
139
130
161
119
135
108
61
17
114
118
71
16
129
84
19
106
52
8
36
41
60
126
107
125
6
138
122
157
14
