69
41
101
122
172
175
185
204
205
213
228
262
263
340
357
404
407
423
449
492
517
541
574
584
595
598
614
615
636
653
654
687
696
748
778
800
826
864
882
885
893
896
912
946
970
1044
1045
1059
1112
1119
1225
1250
1273
1279
1307
1345
1354
1363
1420
1430
1593
1635
1642
1676
1691
1700
1713
1780
1804
1829
128
143
128
55
129
18
135
155
57
124
121
120
158
65
39
37
99
1
87
30
51
41
73
89
2
69
44
154
0
156
107
161
103
130
24
32
127
79
64
43
118
106
138
125
85
116
75
145
63
141
151
131
70
49
62
117
93
10
11
67
114
109
112
147
84
149
25
46
159
38
50
29
58
115
111
164
97
28
20
152
52
123
76
17
36
31
108
80
5
90
4
68
162
26
27
66
15
78
144
88
98
6
122
19
7
139
61
54
100
96
113
119
150
126
56
136
9
134
13
71
45
132
105
153
133
137
110
146
16
