149
32
36
50
54
56
75
83
86
89
91
94
96
97
104
108
116
119
124
134
149
154
155
159
168
172
178
187
195
220
225
251
260
262
264
270
278
280
283
288
298
317
319
325
330
348
357
373
382
383
403
421
425
432
469
474
480
489
491
492
495
496
498
499
507
516
517
519
529
545
547
555
556
574
582
585
587
601
610
614
615
616
619
635
639
644
647
658
660
667
677
680
686
688
691
698
700
705
707
725
731
743
747
749
753
754
756
762
764
794
802
804
806
808
817
825
826
827
833
838
839
840
891
893
905
907
913
966
978
979
988
1000
1002
1004
1005
1006
1009
1012
1015
1029
1038
1054
1056
1065
1080
1083
1085
1090
1094
1106
78
25
77
27
14
87
40
82
48
70
11
68
12
61
2
75
41
38
72
71
47
1
31
8
62
81
78
16
37
59
51
24
6
42
50
52
86
29
36
43
15
39
65
5
23
22
63
60
9
73
55
46
19
10
53
54
58
34
49
56
74
28
13
20
84
69
30
3
57
7
21
17
67
4
64
80
33
85
35
