251
12
14
41
59
70
99
105
123
124
128
134
169
172
211
227
229
232
239
262
280
282
297
315
323
332
361
374
380
385
396
410
411
412
436
440
444
446
459
482
494
541
548
552
554
584
588
617
620
626
627
628
637
645
659
673
683
695
699
707
742
763
769
774
799
806
809
818
842
867
870
891
894
915
920
934
935
947
975
984
990
998
1016
1018
1021
1024
1050
1054
1055
1064
1070
1102
1112
1113
1127
1130
1131
1134
1140
1154
1162
1172
1187
1198
1204
1222
1233
1254
1262
1271
1284
1285
1312
1313
1319
1322
1324
1332
1337
1339
1341
1342
1343
1348
1350
1354
1362
1367
1369
1372
1388
1403
1404
1409
1429
1439
1445
1455
1467
1476
1481
1497
1511
1519
1525
1526
1528
1530
1545
1546
1570
1573
1574
1586
1615
1620
1625
1637
1656
1661
1663
1669
1683
1706
1709
1712
1736
1744
1747
1751
1767
1776
1778
1798
1802
1804
1820
1842
1854
1861
1864
1868
1873
1881
1915
1923
1924
1935
1947
1956
1969
1989
1998
2006
2014
2019
2027
2036
2041
2056
2071
2077
2086
2088
2090
2101
2116
2118
2127
2158
2160
2180
2208
2228
2235
2236
2247
2258
2270
2272
2274
2276
2297
2300
2304
2307
2312
2326
2352
2368
2376
2382
2384
2411
2415
2416
2418
2442
2443
2453
2474
2481
2500
2514
2520
2527
2530
2537
2543
2551
2564
2585
161
51
7
14
131
90
109
43
106
58
82
79
11
122
117
67
38
104
143
39
31
66
34
23
159
69
113
50
128
97
111
59
87
21
126
158
103
47
91
124
29
150
30
6
119
135
49
115
153
151
96
15
145
116
41
20
125
44
9
27
36
105
100
68
139
142
3
154
98
48
137
74
37
13
1
53
61
110
45
26
63
72
107
149
112
80
147
25
57
93
10
65
52
22
152
4
46
28
155
89
8
120
2
99
86
134
85
75
71
127
101
12
95
32
138
55
146
77
140
156
148
136
121
5
16
102
83
84
64
94
35
92
24
73
81
76
88
70
130
40
42
17
157
78
123
108
160
19
18
118
114
133
62
144
60
33
141
132
0
54
56
129
