127
2
12
94
95
122
124
144
155
160
173
210
221
261
263
267
273
286
311
313
340
386
389
409
419
432
433
435
445
476
491
531
572
578
581
614
627
647
648
655
691
692
694
711
726
731
740
742
765
769
772
777
795
815
842
846
853
877
901
906
912
921
931
942
968
1020
1035
1058
1071
1092
1126
1154
1171
1191
1194
1221
1236
1269
1289
1306
1337
1388
1453
1460
1462
1492
1496
1501
1516
1532
1568
1626
1669
1675
1681
1696
1704
1707
1732
1735
1740
1757
1776
1789
1893
1912
1921
1922
1925
1938
1950
1980
2052
2055
2059
2103
2105
2128
2181
2190
2204
2220
2244
2311
2379
2384
2386
2407
162
51
98
109
55
107
123
124
95
78
96
40
141
162
153
41
4
113
144
37
8
136
3
122
42
35
81
112
63
82
158
7
2
59
34
131
97
16
87
28
18
22
68
118
13
85
100
152
79
145
39
26
83
46
0
54
56
93
115
149
159
30
67
147
129
43
102
137
92
58
80
154
1
36
108
105
156
77
117
31
103
126
44
110
132
69
90
86
125
104
62
10
106
72
14
151
60
91
11
70
38
114
9
49
148
64
24
133
23
45
76
48
111
155
29
116
146
99
121
5
73
53
74
32
52
19
27
142
161
160
65
6
120
157
25
75
61
15
66
57
130
71
135
12
143
134
88
127
138
94
89
20
84
101
140
119
17
33
139
50
128
21
150
