149
54
68
72
76
80
82
107
110
125
134
136
139
141
151
160
171
173
182
189
193
198
202
203
210
212
215
216
224
225
229
232
246
248
256
258
261
277
278
283
287
302
307
314
317
325
336
339
342
346
348
353
354
361
370
376
377
394
397
406
410
419
430
441
445
453
468
474
476
481
485
499
511
513
514
519
531
555
559
564
580
584
586
598
612
620
621
629
639
641
646
652
656
657
670
677
679
681
702
703
706
710
722
725
729
733
735
741
781
792
798
799
812
824
829
844
854
855
864
899
909
925
927
928
929
942
944
945
951
964
977
980
985
988
993
1005
1009
1014
1015
1021
1027
1028
1039
1042
1049
1064
1066
1082
1086
1100
74
69
87
79
30
23
26
78
36
42
35
57
38
85
56
19
24
70
3
67
1
32
18
25
21
60
83
11
73
62
33
76
27
47
49
8
51
82
6
75
17
50
15
54
74
68
12
20
52
22
14
2
64
61
55
29
37
4
45
44
81
80
53
48
71
77
7
65
13
72
28
40
34
10
41
