686
2
3
5
7
8
10
12
13
14
19
22
23
28
30
31
32
33
35
36
38
39
40
42
43
45
47
49
50
52
54
55
57
58
59
61
62
63
64
65
66
67
68
69
70
71
74
75
76
78
79
80
81
82
84
85
86
87
88
89
93
95
96
97
98
103
104
105
107
108
110
112
114
115
117
118
119
121
122
124
126
127
129
130
132
133
134
135
136
137
138
140
141
143
144
146
147
148
149
150
152
153
155
157
158
160
162
165
166
167
169
171
172
173
174
175
176
177
178
179
180
181
183
184
188
189
190
192
193
194
195
198
199
200
201
202
203
204
207
208
210
211
212
213
214
217
222
224
225
231
232
234
235
236
237
238
241
242
245
246
248
249
250
251
252
254
255
256
258
260
261
262
263
264
265
266
268
269
270
271
272
274
276
280
281
282
284
285
287
289
290
291
292
293
294
296
297
298
301
302
304
306
308
309
313
315
316
317
319
323
324
325
328
329
331
332
333
334
337
338
339
340
341
342
343
344
345
346
347
348
349
350
351
353
356
358
359
362
363
364
366
368
371
372
374
375
376
378
379
380
383
385
386
391
392
393
395
396
398
400
401
402
407
408
409
410
411
412
413
414
415
419
420
424
425
426
427
429
430
431
433
435
436
437
438
440
442
444
445
446
447
448
450
452
453
454
455
456
457
459
460
461
462
463
467
470
471
472
474
475
476
478
479
480
482
484
487
489
490
491
493
494
495
497
498
499
503
504
507
508
509
511
512
513
514
516
519
522
524
525
526
528
530
534
537
538
540
541
542
543
544
547
550
551
552
553
554
555
556
557
558
561
563
564
565
566
567
570
573
576
577
578
579
582
583
584
586
587
589
590
591
592
595
597
598
600
601
603
604
605
607
608
609
610
611
613
614
615
616
617
618
619
620
621
623
624
626
627
628
629
633
635
636
637
638
640
644
646
647
648
650
651
652
654
657
664
665
666
667
668
671
672
673
675
676
677
680
683
684
685
686
687
688
689
690
691
692
693
695
696
697
699
702
705
707
708
709
711
713
714
715
717
719
720
721
722
723
724
725
726
727
729
731
732
734
735
736
738
739
741
743
744
745
748
750
751
753
755
756
758
761
764
766
767
768
770
772
775
777
781
784
785
787
788
790
793
794
796
797
798
801
802
803
804
806
807
810
811
812
813
816
817
818
820
822
823
826
827
828
830
832
833
834
839
841
842
844
845
849
850
853
856
857
859
860
862
865
866
868
869
871
873
874
875
876
877
878
879
880
881
882
884
886
887
888
889
890
892
893
894
895
898
899
904
906
907
909
911
912
915
916
919
920
922
923
925
926
928
929
930
931
932
933
934
935
939
941
943
944
945
946
947
950
953
956
957
958
960
961
964
965
966
967
968
971
973
974
975
979
981
982
986
987
991
996
997
999
1000
1002
1004
1005
1007
1008
1011
1013
1014
1015
1019
1022
1024
1025
1026
1027
1028
1032
1035
1036
1037
1038
1040
1041
1042
1044
1045
1047
1049
1050
1053
1054
1055
1056
1058
1059
1061
1064
1065
1070
1071
1075
1076
1080
1081
1086
1090
1091
1092
1093
1094
1095
1099
1101
1102
1103
1104
1105
1106
1107
83
7
63
26
36
34
31
84
41
12
49
8
56
54
68
86
40
3
83
15
42
47
51
6
45
76
44
78
16
72
70
0
14
65
74
38
2
73
85
28
43
77
10
32
35
11
53
23
4
82
60
58
69
75
30
62
29
20
48
18
22
39
27
79
1
19
80
24
67
21
9
61
17
37
46
57
87
5
71
81
52
59
13
64
