686
6
8
10
12
16
17
18
20
21
22
24
25
26
27
29
30
31
32
33
34
37
38
40
44
46
47
48
49
53
54
58
59
60
61
62
64
66
67
68
69
70
71
72
73
74
76
78
79
80
81
82
83
85
86
87
88
90
93
94
95
96
97
98
100
101
102
103
104
105
106
108
109
110
111
112
113
114
116
118
119
120
121
123
124
125
130
132
134
137
138
139
141
142
144
145
146
149
150
151
154
155
156
157
159
160
166
168
171
172
178
179
180
181
183
185
186
187
188
189
190
192
193
195
197
198
199
200
202
203
204
205
206
209
211
212
215
216
217
218
221
222
223
224
225
226
227
228
229
230
232
233
234
237
238
239
240
241
243
244
246
247
248
249
250
251
256
257
258
261
262
263
264
265
266
267
268
270
273
276
277
279
280
281
282
287
291
292
294
295
297
299
300
302
303
306
309
312
313
315
317
319
320
322
323
324
325
328
330
333
334
335
336
338
339
340
343
345
346
348
350
353
354
355
357
358
360
361
362
364
366
367
369
370
371
377
378
379
380
381
382
385
386
387
393
394
395
396
398
399
400
401
402
403
404
407
408
410
412
413
414
419
423
427
429
431
433
435
436
439
442
443
446
447
448
449
451
452
455
458
459
460
461
464
467
468
470
471
472
474
475
476
479
480
482
484
486
487
489
490
491
492
493
495
496
497
499
503
504
505
506
507
508
509
510
511
512
513
514
515
517
518
520
522
524
525
528
529
530
531
532
533
534
535
537
538
539
541
542
544
546
548
550
551
552
554
555
556
557
558
559
560
561
562
563
566
568
571
572
573
574
575
576
578
579
580
581
582
583
584
585
586
588
591
592
593
594
597
598
599
600
603
604
605
606
607
608
609
610
614
615
618
623
625
626
627
628
629
630
631
633
634
639
643
644
647
648
649
650
651
652
653
656
658
660
661
663
664
665
666
668
669
670
671
672
675
676
677
680
681
685
686
688
689
690
693
694
697
698
702
704
706
707
708
711
712
713
714
715
716
720
723
725
727
730
733
735
737
738
741
742
743
746
749
753
754
755
756
757
759
760
761
765
767
768
769
770
771
772
774
775
776
777
778
780
782
787
789
790
792
794
796
799
803
804
806
808
809
810
814
815
817
818
824
825
827
828
829
830
834
836
837
838
839
841
842
843
845
848
850
851
852
853
854
855
856
858
860
861
863
865
866
867
869
872
874
875
876
877
878
879
880
881
882
883
885
889
891
892
893
894
895
897
898
899
900
901
903
904
906
912
913
914
916
919
920
921
923
925
927
929
930
931
932
933
934
935
937
939
943
945
947
950
951
952
953
954
957
958
960
961
962
963
964
965
966
967
968
969
970
972
973
974
975
977
978
980
981
984
985
989
990
991
992
993
995
996
998
999
1000
1001
1003
1004
1005
1006
1007
1011
1013
1015
1016
1017
1018
1020
1021
1022
1023
1025
1026
1029
1030
1031
1032
1034
1036
1037
1038
1039
1040
1041
1042
1043
1045
1047
1048
1049
1050
1051
1052
1055
1056
1058
1060
1061
1063
1064
1066
1068
1073
1075
1076
1077
1078
1079
1080
1081
1083
1085
1086
1088
1089
1091
1092
1094
1097
1098
1102
1104
83
62
15
73
33
64
47
37
36
80
21
51
69
66
52
75
70
19
20
4
79
57
77
39
48
23
41
17
10
30
29
40
61
28
24
56
11
14
50
53
59
2
65
32
42
54
67
83
3
43
18
26
9
27
6
25
46
35
82
58
87
0
1
85
38
45
7
74
71
5
60
72
84
22
68
49
76
8
31
16
34
63
13
78
