122
184
211
231
240
243
267
269
274
301
324
358
375
396
397
409
411
432
460
463
481
483
494
496
525
554
613
696
699
723
738
767
785
786
789
808
819
820
843
857
888
896
907
913
1033
1039
1049
1065
1120
1137
1141
1209
1214
1218
1251
1269
1273
1277
1281
1284
1311
1346
1357
1374
1378
1403
1418
1440
1442
1482
1486
1515
1523
1524
1547
1580
1597
1598
1603
1613
1635
1668
1669
1670
1708
1721
1741
1743
1778
1833
1878
1904
1910
1939
1981
1991
1993
2025
2055
2064
2069
2074
2091
2112
2128
2171
2182
2189
2190
2198
2205
2285
2304
2308
2335
2348
2354
2355
2361
2364
2375
2425
2447
152
121
158
73
83
12
31
18
39
61
143
43
141
29
26
118
57
62
8
59
113
34
129
146
92
112
14
108
102
5
15
17
144
117
132
145
109
82
122
19
110
44
96
9
91
159
138
36
55
134
85
21
106
149
119
46
0
125
63
3
58
11
33
131
148
72
40
2
60
23
94
114
6
128
67
140
139
22
7
84
95
160
4
24
93
151
32
116
90
130
16
120
25
104
88
71
56
87
161
74
124
77
147
45
42
89
49
66
54
150
133
115
97
50
162
86
64
137
99
81
76
152
78
27
28
136
156
79
10
111
69
105
30
153
37
100
135
107
48
101
20
51
52
80
47
53
127
41
75
142
98
35
1
