70
84
109
159
183
233
266
269
270
273
276
277
295
296
297
313
384
387
393
418
475
523
535
612
663
697
713
726
729
733
742
756
760
766
774
793
812
897
903
904
906
1060
1062
1097
1115
1131
1190
1207
1256
1262
1268
1279
1280
1304
1363
1377
1379
1398
1410
1463
1475
1490
1491
1506
1509
1525
1556
1671
1715
1751
1777
124
86
14
58
84
20
92
69
125
59
93
119
43
1
94
34
102
3
82
155
136
131
149
28
153
53
80
103
135
164
45
152
146
15
139
108
10
4
104
88
57
140
27
46
49
154
158
97
162
26
115
160
124
74
72
122
64
30
132
39
110
16
24
68
147
151
18
6
109
47
7
134
35
106
0
159
98
145
71
40
156
8
143
87
31
54
137
65
157
85
101
9
56
112
48
13
138
11
95
55
133
70
126
81
127
41
52
105
150
42
29
25
91
117
123
73
116
2
22
37
63
66
118
36
76
