674
15
17
18
19
23
24
26
32
33
36
37
41
44
50
51
52
55
56
61
62
63
64
65
66
67
68
71
75
77
79
82
85
88
91
92
96
100
101
102
105
107
109
111
113
121
124
126
127
128
129
130
135
136
140
142
143
148
149
152
154
159
160
169
172
180
181
182
189
201
205
209
214
222
223
225
227
228
229
230
231
232
235
241
248
249
250
251
252
255
256
264
271
274
275
284
285
288
289
292
296
301
302
305
309
313
315
317
324
331
332
333
334
335
338
341
342
347
349
350
353
354
358
359
360
364
365
366
370
372
373
375
376
380
383
386
389
391
395
397
403
404
405
407
408
411
413
419
420
421
422
428
430
432
441
442
444
448
451
463
469
471
475
476
480
483
484
485
487
488
493
498
499
504
505
506
511
512
513
516
519
520
523
525
528
533
534
535
536
537
541
542
544
548
552
553
556
557
558
564
565
566
567
568
570
579
580
581
583
585
586
587
588
589
590
592
593
595
596
601
606
609
610
612
616
619
620
623
626
628
631
632
633
635
643
647
648
650
651
652
655
657
661
669
670
672
673
674
680
687
692
693
695
697
698
703
704
709
710
711
713
715
717
719
720
724
728
730
731
733
734
736
737
742
743
746
749
750
753
756
758
761
773
774
779
780
783
784
786
789
791
793
794
795
800
804
808
810
814
816
817
832
833
834
836
843
845
847
849
853
854
855
857
864
872
873
875
879
887
888
890
891
892
894
895
896
897
906
912
920
922
926
928
930
931
932
933
934
935
936
938
942
943
944
945
948
951
956
959
961
965
967
968
969
970
972
974
977
978
981
985
987
990
991
992
995
996
999
1000
1005
1006
1008
1009
1015
1017
1018
1020
1021
1023
1025
1027
1028
1030
1032
1034
1039
1040
1044
1045
1046
1047
1048
1051
1052
1053
1057
1060
1064
1066
1067
1069
1075
1080
1084
1089
1091
1093
1095
1096
1097
1104
1105
1110
1111
1112
1116
1118
1120
1123
1125
1126
1129
1130
1131
1135
1139
1140
1143
1146
1147
1152
1154
1158
1159
1162
1163
1171
1173
1178
1180
1181
1182
1184
1187
1200
1202
1206
1210
1211
1214
1215
1218
1221
1222
1223
1224
1227
1233
1234
1238
1242
1246
1247
1248
1249
1251
1253
1259
1264
1270
1271
1276
1278
1283
1285
1288
1289
1292
1295
1301
1305
1306
1308
1310
1311
1316
1318
1319
1320
1321
1322
1326
1328
1330
1331
1334
1335
1342
1345
1347
1349
1351
1357
1359
1360
1363
1364
1369
1371
1372
1381
1383
1387
1389
1394
1396
1398
1400
1403
1409
1417
1427
1428
1430
1432
1438
1443
1445
1447
1448
1449
1451
1457
1460
1461
1463
1467
1471
1472
1474
1476
1478
1479
1483
1490
1491
1493
1502
1505
1508
1510
1511
1515
1517
1519
1521
1522
1523
1524
1527
1528
1530
1534
1539
1540
1542
1546
1549
1550
1551
1552
1555
1557
1559
1560
1561
1567
1568
1570
1571
1572
1573
1574
1583
1585
1586
1588
1590
1592
1593
1596
1599
1605
1611
1617
1619
1621
1622
1626
1629
1639
1640
1642
1643
1644
1645
1647
1648
1652
1653
1658
1659
1663
1666
1667
1671
1675
1679
1680
1683
1687
1697
1700
1706
1708
1709
1712
1713
1714
1719
1721
1722
1724
1725
1726
1727
1729
1731
1744
1750
1752
1756
1757
1758
1760
1766
1773
1774
1779
1781
1782
1784
1788
1790
1791
1793
1796
1797
1798
1804
1805
1806
1808
1816
1819
1821
1825
1826
1828
1829
1830
1832
1835
1837
1838
156
21
29
111
143
44
3
56
89
139
149
52
100
2
132
59
47
84
112
68
42
30
66
162
145
78
83
5
131
99
20
153
17
13
117
101
70
26
58
50
34
148
138
7
51
46
69
118
87
135
16
45
82
147
75
74
120
0
110
97
64
102
79
136
73
122
35
141
19
114
33
88
119
27
85
65
1
128
71
43
160
49
28
38
18
76
106
91
62
15
95
23
98
127
108
40
125
104
53
24
96
61
113
67
31
126
152
155
154
6
57
12
130
94
48
8
92
115
39
90
41
163
25
86
123
55
9
105
156
72
107
146
157
150
133
77
14
116
32
37
81
161
54
36
151
164
134
142
129
140
63
159
158
109
22
4
60
