658
3
4
7
8
9
13
15
16
17
18
24
25
27
31
32
34
36
37
39
42
44
55
56
57
62
67
70
74
75
76
79
83
87
91
93
96
97
100
107
109
111
112
118
126
128
132
134
136
137
138
139
147
149
151
155
161
162
163
164
166
167
168
174
175
176
177
178
180
181
182
187
188
189
190
193
198
208
210
211
215
216
218
221
223
226
230
231
235
238
242
243
249
253
254
255
259
265
267
271
277
280
282
283
284
286
287
292
296
298
299
301
303
304
307
311
312
316
317
320
321
324
325
330
332
334
336
340
341
345
346
348
353
355
357
358
360
362
363
366
368
369
375
376
379
386
387
388
390
391
394
398
399
404
405
406
407
408
411
412
413
417
418
422
423
424
426
427
428
436
438
440
441
445
448
449
451
452
454
461
469
471
474
478
479
481
495
500
501
502
503
504
506
507
510
511
513
515
521
523
527
528
533
534
539
543
545
548
549
550
552
553
554
557
559
564
565
567
568
569
570
571
574
577
579
582
583
587
588
589
596
597
598
600
602
603
607
611
614
615
617
618
621
624
626
630
633
635
636
649
650
653
671
685
689
691
692
696
697
699
700
704
705
706
707
709
710
714
718
724
727
730
732
734
738
743
745
750
751
752
753
754
756
757
759
762
766
770
772
773
775
776
777
778
779
780
782
793
800
801
803
804
806
810
813
814
820
821
825
828
830
831
832
836
837
839
842
843
844
851
857
874
875
884
886
888
896
899
900
902
904
906
911
912
913
914
927
928
929
930
931
937
939
941
943
944
945
948
951
953
956
958
959
960
962
963
964
967
968
969
970
971
976
978
979
980
982
988
993
995
998
999
1000
1003
1004
1005
1007
1008
1010
1014
1015
1016
1020
1023
1024
1029
1031
1033
1037
1039
1044
1045
1051
1053
1055
1062
1063
1065
1066
1068
1070
1071
1072
1073
1076
1077
1079
1081
1083
1086
1089
1090
1091
1092
1094
1095
1097
1100
1101
1102
1105
1106
1109
1111
1113
1120
1123
1125
1126
1127
1136
1137
1144
1147
1148
1151
1155
1159
1162
1167
1170
1172
1173
1174
1188
1191
1192
1193
1194
1195
1196
1197
1198
1201
1202
1203
1204
1217
1219
1221
1224
1225
1234
1240
1242
1245
1247
1249
1250
1256
1257
1264
1266
1268
1269
1275
1276
1277
1279
1281
1282
1284
1287
1288
1290
1291
1292
1293
1295
1298
1299
1300
1304
1307
1310
1311
1316
1318
1319
1320
1327
1329
1331
1333
1334
1335
1345
1346
1349
1354
1355
1356
1359
1361
1362
1365
1368
1371
1380
1386
1387
1392
1395
1396
1402
1405
1408
1409
1414
1420
1421
1427
1431
1432
1435
1436
1448
1453
1463
1464
1469
1471
1472
1476
1477
1478
1479
1482
1486
1490
1497
1499
1500
1501
1504
1507
1508
1509
1511
1515
1521
1531
1534
1535
1540
1542
1544
1545
1546
1547
1550
1555
1560
1561
1562
1566
1567
1568
1571
1572
1573
1576
1577
1578
1581
1582
1583
1589
1591
1594
1597
1608
1609
1615
1616
1618
1620
1627
1629
1631
1635
1637
1639
1642
1653
1655
1656
1659
1667
1672
1674
1675
1684
1685
1686
1694
1695
1697
1701
1702
1709
1710
1713
1714
1716
1718
1721
1722
1724
1726
1728
1729
1734
1737
1739
1742
1746
1747
1748
1751
1759
1760
1762
1763
1766
1769
1772
1790
1796
1799
1800
1803
1810
1819
1823
1831
1832
1833
1835
156
130
69
23
17
131
41
125
56
46
65
12
156
148
84
127
21
40
63
159
27
70
92
134
128
145
109
4
99
95
163
32
19
122
80
116
153
101
72
15
6
112
105
113
104
106
8
60
78
13
9
0
7
55
144
154
18
139
86
34
149
58
39
51
29
35
43
124
102
93
75
59
136
42
61
45
98
123
115
3
138
53
133
147
73
121
111
33
30
155
91
81
161
5
47
38
1
24
44
152
48
90
117
94
119
68
79
157
89
110
77
82
25
158
76
26
150
66
142
141
96
20
143
87
2
54
137
83
135
146
88
67
118
162
164
107
97
36
103
132
129
62
57
16
74
49
52
120
108
50
85
37
11
31
28
14
64
