108
57
79
104
138
154
155
172
208
219
239
250
252
254
257
264
278
299
309
319
345
350
359
368
382
391
394
430
448
455
518
540
589
595
598
622
654
662
690
705
716
806
827
839
851
920
946
950
951
955
973
1008
1046
1050
1135
1143
1185
1217
1237
1243
1278
1302
1370
1374
1427
1433
1456
1471
1548
1558
1605
1618
1646
1701
1720
1721
1767
1776
1793
1823
1826
1843
1844
1865
1868
1918
1940
1971
1977
1981
2082
2096
2115
2169
2185
2201
2235
2240
2245
2247
2300
2330
2353
2354
2364
2409
2418
2428
2434
163
157
131
133
129
38
55
139
12
82
123
28
156
25
135
11
116
152
101
95
120
61
147
158
16
127
148
31
84
111
58
67
57
132
8
87
44
86
23
63
14
155
27
3
105
2
33
10
60
56
72
96
48
113
109
124
41
122
75
144
150
140
126
108
45
88
54
15
47
34
94
117
149
71
49
115
74
89
112
90
59
17
7
141
100
121
24
107
51
32
6
40
161
93
36
83
26
13
102
68
114
1
37
91
42
159
119
130
46
110
66
80
142
78
52
128
77
104
50
153
154
65
21
103
137
143
85
69
99
35
5
53
29
106
98
97
136
76
22
162
151
160
9
134
145
18
138
64
73
4
39
30
62
0
79
20
70
118
43
19
146
92
125
81
