686
3
5
7
8
13
16
17
18
19
21
24
25
29
30
31
32
34
35
37
39
43
44
46
47
48
50
51
52
53
56
57
59
61
63
64
65
66
68
69
70
71
73
78
80
81
82
90
91
92
93
94
95
96
99
101
102
103
104
107
108
109
112
115
116
117
118
122
124
126
128
129
132
133
135
136
137
139
140
141
144
145
146
147
148
150
152
153
154
155
156
158
159
160
161
163
164
165
167
169
170
172
174
176
177
178
179
180
181
183
185
186
187
188
191
192
193
194
195
196
197
200
203
205
206
207
210
211
213
214
217
219
220
221
222
223
224
225
227
228
229
231
233
235
237
241
244
245
247
251
253
254
255
256
257
258
260
261
262
263
265
267
268
269
271
272
274
276
278
279
281
282
284
288
289
291
292
294
295
296
297
298
299
301
302
303
304
305
306
307
308
309
310
312
313
314
317
318
319
320
321
323
325
327
328
329
330
331
332
333
335
337
338
340
341
342
343
346
347
348
349
350
351
356
357
358
359
360
364
365
366
367
368
371
372
373
376
379
380
381
384
387
388
389
390
393
394
395
401
402
403
408
409
410
411
412
413
414
415
416
418
419
421
422
426
427
428
433
434
435
436
437
438
439
444
445
446
447
448
449
451
453
455
456
457
458
459
461
462
464
467
468
469
470
471
472
474
475
478
479
481
484
487
488
489
490
491
492
493
496
497
498
499
500
501
502
503
505
506
507
511
513
514
515
518
521
522
525
526
528
529
531
534
542
545
546
547
548
550
551
552
553
554
555
556
557
559
560
562
563
564
565
566
567
569
571
573
574
576
578
579
580
581
582
583
585
586
587
589
590
591
592
593
594
598
600
601
606
607
609
611
612
615
617
619
620
622
623
624
625
626
628
629
631
632
633
634
636
637
640
641
643
645
646
649
651
652
654
655
656
657
659
663
664
666
667
668
669
670
672
674
675
677
678
679
680
681
682
683
685
688
689
691
692
695
698
699
700
701
703
704
705
707
708
709
710
711
712
713
714
715
717
718
719
720
722
724
725
726
727
730
733
734
735
738
739
741
743
744
745
748
750
751
753
754
755
756
757
759
760
761
763
765
766
767
768
769
771
773
774
775
776
778
780
781
783
785
786
787
788
790
794
795
797
798
799
800
801
802
804
805
809
811
812
817
818
819
820
821
822
826
828
829
830
832
834
836
840
841
842
844
845
847
848
850
851
853
855
856
857
858
859
860
861
862
865
866
867
868
869
870
871
872
873
875
877
879
881
882
883
884
887
888
889
892
894
895
896
898
899
901
902
904
905
909
910
912
914
916
918
919
921
922
923
924
926
928
931
932
933
935
936
938
940
941
942
944
946
947
948
949
952
953
954
955
956
957
959
960
962
963
964
966
967
969
970
972
973
974
975
977
979
980
981
982
983
984
988
992
993
996
999
1000
1001
1003
1005
1008
1010
1011
1015
1018
1020
1023
1024
1026
1027
1032
1037
1038
1039
1040
1041
1043
1046
1049
1050
1051
1053
1054
1056
1057
1058
1059
1060
1061
1067
1068
1069
1070
1071
1074
1075
1077
1078
1080
1081
1085
1089
1091
1092
1093
1094
1097
1101
1103
1105
1106
83
36
83
26
18
32
58
38
17
8
60
12
4
85
50
27
81
45
73
39
9
53
24
21
28
1
69
7
67
2
61
14
16
65
80
6
15
87
11
34
13
5
78
66
30
20
64
0
71
82
22
31
56
25
42
49
72
23
70
51
35
33
10
77
68
62
76
29
46
43
47
84
52
40
75
74
86
3
63
48
19
54
41
59
