662
2
5
6
11
15
18
19
20
21
25
26
36
42
46
47
49
51
56
62
64
65
66
69
70
71
72
74
77
79
84
89
93
94
96
97
99
102
103
104
105
106
111
112
113
114
121
122
123
125
126
131
134
136
140
141
142
148
149
156
176
177
182
190
192
194
196
207
210
213
215
218
219
222
223
224
225
229
231
233
236
237
238
239
244
247
253
255
257
259
260
264
265
266
267
268
271
272
273
281
283
286
289
290
293
294
295
296
297
299
305
311
312
314
319
320
324
325
326
330
331
341
344
346
349
352
354
360
361
363
364
366
368
372
375
378
379
380
388
391
392
393
399
400
403
405
408
410
417
418
419
421
426
432
435
436
437
438
440
442
444
445
446
452
455
458
460
467
472
474
478
482
487
491
494
496
498
504
505
511
514
520
522
525
541
544
554
555
560
562
565
568
569
571
573
582
583
584
585
591
593
595
596
598
599
601
607
610
616
620
621
622
624
625
627
629
632
633
636
639
641
643
645
647
648
653
654
656
661
666
668
669
670
675
676
678
683
684
685
687
689
690
698
703
710
714
716
717
719
726
728
729
733
736
741
750
752
757
758
760
762
763
768
771
772
779
784
792
797
799
801
803
804
809
811
820
821
829
830
832
833
836
840
843
846
847
849
856
857
859
861
865
867
868
870
871
874
880
881
886
887
888
891
897
898
899
900
901
902
904
905
907
908
909
910
919
921
922
923
926
927
931
932
934
935
937
938
942
948
950
951
955
957
960
962
965
967
969
972
974
976
979
980
982
985
987
988
994
995
1001
1005
1010
1011
1013
1020
1021
1023
1024
1028
1029
1032
1033
1036
1038
1039
1044
1045
1049
1050
1051
1054
1058
1059
1061
1063
1070
1076
1077
1079
1080
1084
1089
1092
1096
1097
1102
1107
1108
1109
1110
1113
1114
1115
1124
1127
1129
1132
1137
1144
1145
1148
1151
1152
1156
1157
1158
1165
1169
1178
1180
1181
1182
1183
1185
1188
1190
1191
1193
1194
1196
1198
1199
1200
1202
1204
1205
1206
1208
1211
1215
1220
1222
1223
1225
1227
1230
1232
1235
1236
1239
1241
1242
1243
1245
1253
1255
1258
1260
1262
1263
1264
1266
1271
1279
1280
1281
1282
1285
1286
1289
1290
1293
1298
1299
1306
1309
1310
1314
1316
1317
1324
1328
1330
1332
1335
1336
1342
1343
1360
1361
1366
1372
1374
1376
1379
1383
1385
1386
1389
1392
1395
1396
1397
1400
1401
1402
1409
1410
1414
1415
1416
1417
1419
1420
1421
1426
1429
1433
1434
1436
1438
1442
1445
1446
1447
1450
1451
1456
1459
1462
1467
1472
1474
1478
1479
1481
1483
1484
1489
1490
1491
1493
1494
1496
1501
1503
1504
1508
1511
1512
1519
1521
1522
1523
1524
1526
1533
1534
1539
1540
1543
1545
1547
1550
1554
1562
1563
1564
1571
1576
1578
1579
1580
1582
1584
1586
1588
1590
1594
1595
1597
1601
1603
1605
1612
1616
1617
1618
1619
1626
1631
1633
1636
1637
1639
1641
1643
1647
1650
1651
1654
1657
1659
1661
1671
1672
1673
1675
1679
1680
1683
1684
1685
1686
1690
1694
1696
1701
1704
1706
1707
1709
1715
1719
1723
1724
1725
1727
1730
1732
1733
1738
1742
1743
1745
1747
1748
1752
1754
1755
1757
1762
1765
1770
1778
1779
1780
1781
1784
1785
1787
1789
1791
1792
1796
1797
1799
1801
1802
1809
1813
1814
1816
1821
1824
1827
1828
1830
1832
1833
1835
1836
1837
158
75
44
112
126
136
157
134
146
47
128
45
142
37
113
140
89
122
138
92
34
98
116
149
99
60
38
163
125
28
49
36
127
8
63
56
162
141
0
80
69
111
67
31
108
164
11
84
15
62
129
19
2
72
77
102
48
41
10
109
150
53
131
20
118
46
132
17
133
7
104
97
115
9
158
43
54
88
106
79
100
82
105
26
27
147
144
143
59
35
119
68
101
152
86
114
58
110
154
87
39
120
78
91
123
94
55
33
50
65
93
73
32
51
71
64
1
29
22
70
24
16
42
83
139
57
74
135
145
161
124
76
81
21
5
3
40
148
155
159
61
13
4
66
25
107
90
14
153
130
96
30
6
52
156
121
117
103
95
