256
14
88
107
110
111
126
138
161
174
178
187
193
196
197
206
219
222
225
234
245
246
255
256
263
273
286
293
305
306
309
318
319
320
364
368
373
381
389
400
401
404
415
417
419
448
453
464
475
476
481
512
513
518
521
535
545
549
577
591
597
611
612
616
630
632
642
659
667
671
674
677
695
719
721
731
740
780
788
795
806
816
835
838
840
849
850
883
900
928
930
935
952
955
973
977
981
987
1007
1021
1022
1025
1038
1059
1069
1079
1082
1096
1122
1124
1132
1156
1163
1168
1185
1189
1211
1219
1253
1261
1264
1265
1286
1288
1296
1298
1300
1319
1322
1331
1333
1347
1349
1355
1390
1394
1416
1421
1424
1448
1453
1464
1466
1488
1491
1512
1525
1527
1542
1543
1549
1550
1554
1556
1579
1581
1592
1593
1594
1611
1619
1627
1655
1657
1662
1666
1673
1706
1714
1730
1733
1752
1762
1774
1780
1789
1797
1824
1830
1856
1860
1863
1864
1870
1882
1889
1901
1913
1925
1928
1932
1941
1950
1952
1955
1958
1967
1997
2001
2017
2044
2061
2079
2112
2118
2120
2121
2125
2139
2144
2155
2165
2202
2211
2227
2236
2237
2250
2252
2269
2272
2283
2284
2302
2305
2308
2323
2335
2338
2342
2347
2349
2368
2378
2389
2409
2410
2411
2412
2416
2448
2457
2471
2483
2491
2510
2535
2563
2570
2573
2576
2587
2588
2595
2605
2608
2623
161
90
105
10
52
86
0
151
102
60
124
13
65
119
50
88
15
81
55
111
129
140
156
39
148
145
114
47
25
79
26
146
17
8
51
3
120
110
45
142
104
30
19
72
80
42
16
135
36
98
116
130
101
58
40
137
106
77
107
46
93
24
132
83
91
2
11
57
74
54
56
143
150
152
147
37
141
32
35
112
48
155
157
61
131
59
113
27
154
89
133
103
134
92
125
41
14
126
34
18
62
144
97
138
96
109
44
123
7
21
76
53
158
6
68
115
87
22
29
43
153
108
159
149
122
78
95
66
12
100
127
75
70
38
33
85
5
1
117
94
23
9
82
67
20
4
139
118
49
121
128
99
73
71
160
64
136
84
69
63
31
28
