74
40
56
72
104
121
139
179
213
224
225
259
322
362
364
375
387
392
427
431
454
477
513
559
608
645
664
675
690
694
700
703
715
722
744
757
773
777
859
864
902
907
934
935
972
1004
1040
1057
1063
1092
1113
1117
1153
1186
1196
1238
1247
1249
1273
1297
1302
1351
1364
1366
1402
1431
1465
1508
1586
1610
1619
1674
1755
1806
1814
126
91
98
162
26
66
87
135
163
88
105
157
137
131
8
104
64
69
44
128
83
116
71
120
28
84
51
150
93
33
36
2
3
73
158
22
56
97
6
146
154
85
132
16
72
40
48
107
133
136
99
25
119
18
129
17
80
109
141
5
139
126
27
144
89
21
39
52
113
30
134
45
11
82
50
102
140
19
70
86
111
20
23
58
81
106
10
124
95
159
121
13
57
31
7
55
42
125
127
15
153
79
62
61
142
12
59
112
29
9
63
147
75
54
41
149
14
67
35
92
115
78
110
123
155
152
145
