137
53
56
95
102
118
155
161
169
173
226
243
276
300
329
336
344
358
363
384
385
408
436
455
464
467
470
487
492
535
545
551
577
585
595
607
608
615
617
642
653
654
676
687
751
776
828
830
854
855
871
879
895
911
944
951
953
955
966
1000
1004
1027
1040
1064
1100
1101
1111
1116
1119
1158
1175
1212
1215
1219
1224
1227
1269
1313
1325
1340
1363
1370
1449
1466
1475
1476
1485
1575
1594
1621
1628
1634
1659
1671
1708
1718
1742
1762
1763
1795
1798
1821
1833
1850
1860
1861
1950
1956
1973
1977
1979
1993
2056
2071
2101
2102
2111
2121
2126
2132
2135
2136
2148
2161
2179
2216
2224
2235
2251
2267
2286
2337
2352
2354
2370
2374
2393
2415
162
6
91
37
10
46
154
76
89
121
56
59
94
133
160
33
140
8
86
19
24
102
75
124
128
25
157
52
106
153
109
23
3
39
110
29
84
96
134
138
136
129
118
53
117
67
83
144
20
42
132
5
158
98
51
115
9
40
1
155
152
44
41
71
108
30
27
111
17
0
99
22
113
116
7
105
100
120
151
82
43
2
126
57
85
36
70
88
38
15
74
123
101
78
26
92
130
77
45
142
137
18
73
58
4
127
49
28
11
161
50
112
90
156
131
81
48
135
61
162
69
60
64
150
62
12
103
21
34
148
16
87
65
139
63
122
32
14
107
114
72
54
125
95
146
66
13
79
104
35
141
159
119
55
149
145
147
80
97
31
47
68
143
