66
0
31
71
92
103
234
259
295
314
325
343
355
356
377
420
422
467
489
491
513
540
585
589
617
637
673
689
695
708
739
861
885
949
971
979
1038
1075
1094
1116
1118
1157
1183
1250
1261
1290
1366
1367
1380
1383
1406
1440
1450
1457
1471
1479
1566
1572
1587
1598
1710
1739
1744
1747
1770
1790
1807
117
76
95
43
50
115
13
164
36
110
9
48
89
67
148
51
38
44
127
47
58
3
112
1
12
77
61
106
146
92
0
24
85
97
125
4
124
74
16
23
73
49
96
45
133
11
35
27
126
117
57
90
91
118
2
141
33
159
122
15
162
56
80
28
83
120
105
19
157
66
107
129
151
101
142
111
37
31
60
156
69
7
17
18
41
63
139
130
40
93
88
82
128
137
136
143
81
94
5
65
138
34
99
152
84
78
98
46
30
53
8
55
10
163
100
70
135
132
