245
4
14
15
20
27
43
44
45
48
61
66
72
75
87
105
114
115
120
129
136
146
153
195
204
207
208
211
233
244
262
263
275
276
282
284
312
318
319
324
329
330
336
345
352
353
364
365
398
406
409
417
427
455
461
475
483
490
493
497
499
505
530
548
549
561
587
600
604
620
622
633
640
655
659
695
704
716
720
722
723
734
735
753
757
768
779
785
789
797
825
835
841
853
869
874
887
896
902
915
923
926
930
942
951
953
964
973
1011
1017
1056
1064
1067
1076
1077
1083
1087
1098
1135
1140
1142
1159
1161
1165
1169
1170
1189
1210
1223
1224
1241
1248
1252
1263
1270
1271
1278
1289
1296
1309
1326
1379
1392
1401
1413
1448
1501
1517
1535
1538
1559
1575
1577
1580
1596
1603
1648
1656
1657
1661
1674
1684
1686
1691
1710
1719
1734
1771
1780
1796
1802
1823
1831
1842
1843
1858
1861
1879
1886
1893
1906
1921
1933
1955
1969
1970
1980
1999
2008
2012
2024
2037
2049
2058
2060
2075
2092
2100
2109
2117
2129
2160
2162
2166
2182
2186
2187
2211
2213
2215
2216
2222
2228
2242
2249
2258
2261
2266
2283
2303
2310
2312
2316
2329
2347
2352
2358
2367
2401
2425
2444
2452
2467
2468
2503
2512
2514
2524
2565
2579
2587
2596
2600
2606
2615
2620
159
111
147
89
92
36
49
99
42
93
45
102
124
117
59
22
108
13
39
84
139
20
65
69
41
58
148
80
14
110
82
79
157
68
154
10
86
47
149
150
123
16
159
122
3
119
127
73
6
28
140
146
151
98
126
118
128
136
83
105
61
27
88
15
21
46
115
131
155
67
35
71
129
66
85
43
70
120
1
0
96
90
77
87
34
135
7
153
11
137
138
17
38
25
114
19
143
52
113
26
74
116
23
104
144
158
91
53
56
18
125
130
106
134
50
5
100
31
109
54
40
63
76
12
160
32
145
107
95
44
37
24
9
97
132
133
55
112
51
29
141
2
48
64
57
103
81
156
78
152
142
62
30
72
4
121
60
94
33
8
