239
14
25
28
36
49
52
60
70
76
79
81
103
118
129
151
152
154
159
166
173
201
209
218
243
244
254
255
293
306
310
313
333
355
361
396
402
420
421
422
423
445
450
453
472
504
509
521
526
537
561
562
583
633
634
635
640
651
661
665
666
673
704
732
746
761
779
784
788
792
796
798
802
804
819
824
831
851
856
868
872
892
913
919
929
930
941
947
953
959
960
970
998
1000
1008
1023
1024
1031
1034
1039
1040
1046
1073
1092
1109
1130
1151
1159
1160
1164
1171
1195
1213
1223
1263
1273
1274
1312
1326
1345
1356
1364
1373
1388
1395
1446
1476
1481
1520
1524
1550
1566
1577
1578
1580
1584
1593
1594
1597
1601
1603
1617
1619
1649
1650
1673
1677
1697
1700
1702
1704
1707
1709
1721
1723
1744
1753
1756
1770
1784
1801
1804
1809
1818
1820
1823
1850
1852
1860
1863
1898
1920
1935
1940
1962
1983
1999
2012
2014
2036
2042
2043
2045
2066
2069
2116
2124
2128
2134
2138
2143
2157
2185
2194
2205
2215
2224
2231
2236
2251
2253
2259
2269
2285
2288
2294
2298
2303
2309
2312
2318
2325
2334
2337
2339
2347
2355
2361
2407
2416
2455
2481
2493
2502
2504
2506
2507
2513
2517
2518
2519
2523
2536
2547
2560
2561
2563
2572
2587
2601
161
102
20
24
101
81
123
156
18
7
4
2
17
75
49
112
108
67
117
144
78
84
121
5
51
124
52
148
88
44
115
76
107
70
116
28
58
104
105
126
133
92
128
45
99
103
22
60
111
8
143
23
21
82
14
46
109
83
91
41
87
125
26
127
118
10
56
86
16
1
154
43
135
134
138
74
19
145
72
64
25
48
29
30
47
3
59
136
13
100
77
80
62
114
151
98
110
158
73
122
89
31
85
33
38
37
159
137
63
129
149
132
42
155
32
152
79
142
119
150
106
35
97
96
57
0
6
65
27
66
113
131
54
53
50
9
90
120
95
153
147
39
146
69
12
94
55
34
36
93
11
130
68
157
140
15
40
139
61
71
160
141
