268
9
25
30
45
49
68
76
87
99
103
105
108
132
139
143
146
147
160
163
181
182
202
203
219
231
240
248
252
352
356
364
375
388
407
419
434
446
458
465
474
476
479
484
488
501
506
515
521
527
532
543
547
558
562
581
586
587
607
610
614
621
645
651
652
659
663
664
676
698
705
707
712
722
728
740
747
751
759
767
774
780
781
782
821
824
828
831
837
845
858
860
874
878
888
891
893
898
899
901
907
914
919
928
954
986
996
997
1002
1013
1018
1019
1026
1042
1056
1058
1060
1079
1085
1095
1103
1123
1137
1141
1145
1192
1193
1201
1204
1228
1233
1245
1250
1284
1290
1297
1309
1313
1331
1336
1365
1380
1390
1404
1412
1449
1458
1462
1467
1479
1481
1483
1500
1503
1529
1537
1544
1566
1582
1587
1601
1628
1629
1636
1639
1660
1661
1670
1671
1681
1687
1692
1696
1697
1701
1703
1736
1737
1738
1753
1763
1767
1775
1787
1792
1802
1840
1849
1862
1866
1890
1895
1896
1902
1921
1924
1951
1954
1955
1962
1965
1969
1976
1978
1994
2005
2017
2027
2032
2039
2042
2071
2072
2091
2096
2112
2115
2116
2125
2128
2132
2133
2153
2161
2165
2178
2184
2186
2190
2200
2231
2234
2243
2297
2314
2326
2340
2370
2371
2379
2392
2400
2406
2421
2430
2437
2448
2459
2472
2515
2517
2520
2525
2543
2552
2553
2560
2562
2564
2566
2571
2572
2576
2580
2581
2590
2598
2603
2617
161
58
43
146
67
140
38
6
2
46
45
77
147
35
133
126
47
125
28
44
30
129
69
39
104
24
50
144
71
27
119
15
18
36
75
63
105
19
3
49
124
127
121
25
82
48
101
13
31
51
74
21
148
113
103
158
108
95
92
131
23
93
111
139
150
8
72
59
145
41
10
52
83
156
87
160
130
114
9
138
68
81
40
14
54
61
122
137
56
142
102
32
117
115
16
65
89
152
99
143
64
88
112
120
79
5
70
84
123
33
155
66
80
94
0
151
85
90
1
107
159
22
100
118
154
116
153
20
34
76
149
141
110
98
109
17
135
78
128
57
11
132
37
29
42
106
91
60
97
86
26
4
55
7
53
157
62
96
12
136
134
73
