687
17
20
21
22
23
25
26
30
33
37
38
39
41
43
50
52
53
57
60
61
63
65
66
70
74
76
77
79
80
81
82
84
86
90
91
94
97
99
100
102
104
106
108
112
121
122
123
129
130
131
132
133
135
136
139
141
145
148
150
152
156
157
158
165
168
169
170
172
173
174
175
176
181
182
183
185
188
191
194
196
198
201
202
206
207
208
209
213
214
216
217
220
222
225
226
228
233
234
236
238
240
241
242
246
248
251
255
258
259
261
262
265
266
268
271
273
274
277
278
280
282
284
285
288
290
292
304
308
309
315
316
318
321
323
327
330
331
332
335
336
338
341
345
346
348
350
353
354
355
356
357
358
359
364
366
367
375
380
383
386
388
390
392
394
396
402
403
407
408
409
411
412
414
420
421
422
425
428
429
432
434
436
438
443
446
450
455
457
459
467
474
475
476
477
479
482
485
488
494
495
498
499
500
503
507
508
515
519
523
524
525
527
529
530
542
543
551
559
561
562
563
567
572
573
575
579
580
581
582
588
589
595
598
600
601
602
609
613
617
622
623
627
629
632
635
638
639
641
643
644
645
648
649
651
653
657
660
661
662
663
665
668
670
673
674
675
679
680
683
685
687
690
692
694
696
698
701
702
703
707
711
713
715
716
724
725
729
732
734
736
746
747
749
751
754
757
758
759
766
769
774
777
784
785
792
793
794
795
797
798
800
804
806
812
813
814
820
821
823
827
828
831
832
833
834
837
841
842
848
850
853
856
863
865
873
875
878
880
881
882
883
889
890
893
894
901
902
907
910
913
914
918
922
923
925
926
928
929
931
933
936
948
951
955
958
959
961
968
977
980
984
985
986
992
993
994
997
998
1001
1004
1006
1012
1014
1017
1028
1032
1033
1040
1041
1042
1049
1050
1052
1057
1058
1059
1060
1063
1064
1066
1072
1075
1079
1080
1088
1089
1091
1092
1093
1095
1097
1102
1103
1104
1105
1106
1108
1110
1116
1119
1123
1124
1128
1133
1142
1144
1145
1146
1147
1151
1152
1162
1163
1166
1170
1171
1175
1177
1187
1190
1191
1198
1199
1200
1201
1203
1205
1208
1209
1212
1214
1215
1216
1217
1226
1235
1237
1238
1240
1242
1244
1246
1247
1250
1257
1259
1260
1261
1262
1263
1264
1267
1271
1274
1276
1278
1279
1280
1284
1288
1289
1294
1295
1300
1301
1302
1304
1306
1307
1311
1319
1322
1326
1328
1332
1334
1341
1342
1345
1347
1349
1352
1354
1357
1367
1368
1369
1370
1371
1374
1375
1378
1384
1387
1389
1392
1396
1400
1404
1406
1409
1411
1412
1417
1421
1424
1428
1431
1436
1437
1439
1441
1446
1448
1451
1455
1456
1457
1458
1459
1460
1461
1463
1480
1482
1484
1485
1488
1490
1494
1497
1499
1501
1502
1505
1506
1509
1516
1519
1521
1525
1527
1528
1529
1531
1532
1533
1534
1537
1543
1545
1546
1549
1551
1555
1556
1557
1560
1561
1562
1563
1564
1569
1571
1574
1575
1576
1579
1580
1581
1582
1583
1589
1590
1591
1593
1598
1599
1601
1605
1612
1616
1618
1620
1621
1624
1626
1628
1637
1638
1640
1641
1643
1644
1646
1651
1655
1657
1659
1662
1663
1666
1667
1668
1676
1678
1679
1681
1682
1687
1688
1691
1692
1694
1696
1698
1704
1706
1708
1713
1714
1716
1720
1722
1725
1729
1732
1741
1742
1744
1748
1749
1751
1754
1756
1757
1760
1761
1762
1768
1770
1771
1775
1778
1782
1783
1790
1791
1792
1793
1796
1809
1812
1813
1814
1816
1818
1819
1820
1825
1827
1828
1829
1832
1837
1839
1840
155
136
128
146
8
125
150
64
100
89
15
124
46
74
121
98
71
12
118
112
99
16
68
85
107
69
60
25
110
35
130
31
38
127
11
134
42
24
139
23
4
102
96
14
67
77
158
88
87
55
61
94
59
82
72
0
84
5
133
114
58
155
2
109
126
101
153
111
141
39
157
19
132
79
51
54
160
40
115
140
143
75
37
103
43
78
49
131
56
44
122
129
116
81
34
86
90
63
83
41
3
113
29
30
123
18
45
26
7
162
135
97
13
161
145
48
52
91
144
159
62
119
163
21
9
120
28
93
32
47
66
152
147
95
76
80
156
104
73
6
57
22
92
106
27
142
50
138
149
36
53
154
164
108
117
105
