149
33
46
69
79
99
101
104
106
109
118
119
134
137
140
151
157
166
167
168
188
209
212
222
224
231
233
256
273
280
282
291
308
313
314
320
326
327
332
339
349
356
365
376
377
388
398
403
411
418
420
430
436
445
447
454
457
461
462
463
480
483
492
493
495
500
502
516
517
523
535
553
563
564
569
570
584
589
590
608
615
627
637
639
641
642
649
653
659
669
686
701
703
709
712
719
721
723
724
725
730
731
734
738
744
754
766
772
781
795
821
824
833
835
845
853
863
869
873
888
909
913
914
916
919
920
939
944
945
954
963
968
973
989
993
1007
1015
1021
1028
1029
1045
1053
1054
1057
1059
1084
1085
1097
1102
1105
75
29
71
42
8
45
47
22
62
84
49
38
43
83
80
50
59
10
32
40
6
65
57
48
2
67
11
76
14
5
68
16
70
9
72
4
77
52
63
73
69
82
53
19
35
66
54
13
17
21
7
31
24
56
81
0
15
75
20
36
85
51
12
61
58
30
3
27
64
55
78
33
60
28
1
18
