78
143
154
156
192
203
241
263
269
283
291
296
318
321
335
337
342
350
366
369
401
407
421
444
449
452
546
552
566
573
595
610
611
614
653
666
673
693
706
750
792
813
821
840
880
885
926
935
949
1019
1029
1073
1103
1127
1170
1288
1291
1335
1339
1357
1359
1363
1370
1387
1396
1418
1437
1510
1572
1584
1613
1647
1660
1690
1695
1793
1819
1823
1828
131
49
137
88
150
13
82
132
9
30
51
69
161
67
114
157
6
101
70
17
136
112
20
16
59
122
77
144
42
97
84
119
29
87
63
40
45
103
98
3
147
39
34
50
154
0
43
26
94
128
58
33
46
121
91
92
111
108
28
158
55
151
106
1
135
37
11
72
100
164
38
48
110
142
73
66
60
160
163
125
27
57
4
18
156
62
118
127
104
12
56
86
80
145
153
159
14
141
7
152
74
61
95
81
22
96
131
148
155
71
19
116
89
47
76
109
102
44
123
115
36
146
124
15
129
68
138
79
113
41
75
5
