271
14
22
30
38
44
50
53
56
58
60
70
85
106
138
140
143
147
155
166
167
171
183
193
201
205
238
240
250
263
287
290
303
315
332
344
345
370
385
390
396
401
411
416
423
433
441
447
452
464
472
508
518
530
532
553
561
571
595
615
646
651
665
684
698
707
718
730
744
745
751
760
761
764
802
823
847
848
880
911
916
917
962
965
967
974
978
983
990
994
995
1001
1004
1012
1016
1030
1044
1058
1065
1067
1073
1076
1096
1103
1109
1134
1144
1148
1159
1171
1176
1177
1188
1221
1223
1226
1238
1239
1263
1270
1281
1284
1286
1313
1321
1332
1333
1335
1337
1348
1349
1351
1356
1373
1383
1391
1401
1407
1427
1428
1431
1432
1433
1440
1443
1447
1448
1450
1454
1455
1492
1507
1524
1550
1553
1559
1564
1582
1586
1598
1599
1601
1615
1623
1632
1633
1649
1651
1658
1659
1662
1663
1667
1676
1678
1697
1713
1722
1759
1788
1803
1804
1805
1810
1815
1831
1832
1854
1855
1861
1864
1866
1873
1875
1891
1893
1905
1912
1916
1927
1942
1946
1952
1974
1979
1983
2009
2016
2021
2032
2035
2042
2050
2066
2098
2100
2106
2108
2125
2154
2165
2178
2180
2182
2187
2228
2230
2235
2242
2249
2266
2267
2269
2270
2275
2297
2305
2311
2325
2329
2343
2350
2368
2370
2386
2396
2397
2429
2443
2450
2456
2476
2486
2498
2501
2504
2509
2520
2523
2526
2536
2552
2566
2584
2586
2588
2596
2598
2604
2607
2618
2624
161
64
33
112
24
150
127
114
108
56
125
79
84
69
152
72
66
153
29
104
0
155
9
30
120
88
41
58
62
143
126
40
2
74
138
156
128
11
63
134
38
48
137
122
5
68
87
32
124
75
133
16
70
81
55
20
110
135
99
129
121
83
111
105
15
18
76
45
73
14
39
154
27
65
35
98
37
94
80
59
102
106
82
60
31
71
113
34
91
77
46
93
130
142
61
159
107
146
43
119
7
4
12
54
95
52
53
92
78
19
101
123
103
145
96
115
57
49
100
13
131
28
21
147
44
90
51
50
160
85
144
22
6
67
116
23
148
26
89
157
141
140
47
132
10
25
117
109
3
1
42
149
118
139
97
151
36
8
136
158
17
86
