109
72
85
107
116
119
120
137
155
156
165
173
246
282
304
306
328
350
366
397
411
445
460
499
509
574
577
591
623
629
659
683
708
727
765
780
795
817
833
851
854
890
902
950
965
967
1012
1045
1047
1065
1173
1186
1190
1197
1210
1285
1286
1295
1397
1405
1418
1445
1470
1484
1500
1532
1542
1551
1559
1578
1625
1638
1697
1707
1770
1795
1843
1848
1852
1860
1876
1899
1940
1944
1960
1988
1999
2033
2037
2050
2097
2100
2131
2135
2156
2179
2185
2193
2198
2204
2234
2239
2242
2254
2314
2330
2336
2390
2413
2428
155
132
98
102
60
26
103
75
140
33
125
100
142
87
133
157
49
85
115
148
31
35
13
1
25
38
10
126
27
54
55
67
92
135
129
128
58
82
48
153
79
65
154
9
96
90
71
145
53
40
109
62
59
14
76
107
139
124
63
61
110
137
74
112
7
78
127
46
156
42
2
37
34
99
130
45
121
111
15
83
117
155
28
89
18
144
86
134
146
158
131
29
143
162
16
56
113
41
160
151
95
114
73
20
104
66
88
44
19
120
152
32
77
147
108
51
24
0
122
106
50
8
141
72
119
6
136
5
94
23
116
161
64
101
84
3
47
69
30
80
36
138
123
43
118
21
149
81
150
68
91
97
4
159
12
57
