664
17
18
20
21
22
24
25
26
28
29
31
33
34
42
47
50
51
52
54
59
69
71
73
74
76
77
78
81
82
84
85
91
92
93
100
101
102
103
105
110
111
112
113
118
119
122
132
134
135
136
138
141
142
146
149
150
152
154
156
157
160
161
163
166
167
168
169
171
172
174
175
177
178
182
184
186
193
199
201
206
207
208
211
212
214
221
227
228
234
236
240
246
248
249
251
252
254
257
258
263
266
270
274
276
278
286
287
288
290
291
293
297
298
300
301
303
306
307
308
309
315
316
322
325
326
331
333
336
344
354
357
361
364
368
370
372
374
375
378
379
382
383
385
387
388
390
391
392
396
397
400
404
405
407
412
413
414
424
426
428
430
432
437
439
442
446
458
459
468
473
476
478
479
480
481
483
484
487
488
492
493
495
496
499
501
502
508
513
517
519
520
523
525
526
528
529
530
531
532
533
534
536
537
539
541
544
545
552
554
557
562
564
565
570
573
579
580
584
585
588
589
590
591
603
605
613
618
619
620
621
622
623
628
632
635
636
637
638
641
645
649
650
655
657
658
659
660
670
672
673
674
678
681
685
686
690
691
693
695
701
704
709
710
722
723
724
725
726
730
732
733
738
739
746
747
748
749
750
752
753
756
759
760
761
764
766
768
769
776
784
789
790
791
792
793
794
798
802
803
805
807
809
812
815
820
822
823
825
829
830
842
843
848
852
854
857
863
869
870
873
876
880
882
888
890
891
893
899
902
907
911
920
921
922
927
928
931
932
933
934
937
938
939
946
948
951
956
967
968
970
972
977
980
984
986
997
998
1005
1007
1011
1017
1019
1020
1025
1033
1036
1037
1044
1046
1047
1048
1050
1051
1052
1053
1057
1063
1064
1065
1069
1070
1071
1077
1086
1091
1094
1095
1096
1097
1099
1100
1103
1104
1105
1110
1118
1120
1121
1124
1126
1131
1134
1136
1138
1141
1142
1143
1144
1146
1147
1161
1162
1164
1166
1167
1169
1170
1171
1173
1174
1176
1186
1187
1188
1190
1193
1197
1201
1207
1209
1211
1212
1217
1224
1225
1228
1229
1230
1234
1235
1237
1241
1245
1246
1247
1248
1255
1256
1262
1266
1268
1270
1271
1273
1280
1282
1287
1289
1294
1295
1296
1297
1298
1299
1300
1301
1302
1303
1304
1305
1309
1311
1313
1314
1315
1317
1320
1321
1323
1324
1325
1331
1335
1338
1339
1340
1343
1344
1348
1350
1351
1353
1360
1364
1365
1368
1369
1370
1373
1379
1380
1381
1382
1385
1387
1388
1393
1395
1397
1398
1399
1402
1403
1407
1409
1412
1414
1416
1419
1421
1424
1426
1428
1435
1443
1445
1447
1453
1454
1460
1463
1464
1466
1469
1470
1473
1474
1482
1490
1491
1493
1499
1500
1503
1504
1505
1508
1510
1511
1516
1520
1530
1532
1535
1537
1542
1544
1547
1552
1560
1561
1562
1566
1567
1570
1573
1575
1578
1580
1583
1590
1591
1594
1600
1616
1620
1623
1624
1625
1627
1628
1629
1632
1633
1640
1641
1648
1649
1650
1652
1655
1663
1667
1674
1675
1678
1680
1686
1691
1699
1700
1701
1703
1706
1709
1710
1712
1713
1716
1720
1721
1725
1726
1728
1731
1732
1734
1737
1738
1739
1742
1744
1746
1748
1749
1753
1755
1757
1758
1759
1760
1761
1764
1768
1770
1773
1774
1776
1778
1780
1781
1783
1785
1788
1789
1790
1791
1794
1797
1801
1803
1804
1811
1814
1815
1821
1822
1824
1826
1828
1831
1832
1837
1838
155
79
103
108
50
114
101
8
144
46
69
116
154
5
67
1
71
49
75
124
27
129
117
102
74
68
20
57
131
162
136
112
13
161
164
132
14
47
92
11
141
73
4
155
61
109
107
51
146
9
149
59
126
94
139
90
118
120
121
63
156
128
130
99
17
105
157
93
2
81
15
91
33
119
87
95
143
113
110
142
55
77
137
98
111
122
53
96
16
104
147
37
150
65
78
40
10
0
80
60
41
115
123
83
148
39
30
26
42
100
32
54
3
135
38
6
64
158
82
159
7
35
43
36
18
72
151
134
44
86
58
89
66
84
25
45
127
106
31
133
29
28
125
85
152
24
153
52
160
70
138
22
145
48
62
76
