264
36
44
51
77
83
96
99
109
116
135
145
172
196
200
204
207
215
216
230
240
254
265
269
279
284
293
301
305
335
347
359
366
371
372
375
376
403
405
411
424
437
456
464
470
475
493
499
525
529
531
539
549
556
569
589
599
604
606
612
622
662
663
664
673
689
702
713
732
734
742
748
754
756
758
781
798
806
807
851
876
883
885
898
919
949
961
969
971
978
990
999
1002
1004
1022
1024
1030
1036
1044
1055
1070
1073
1078
1091
1115
1123
1130
1140
1141
1151
1177
1184
1194
1205
1209
1216
1237
1244
1284
1286
1289
1320
1332
1335
1350
1351
1357
1365
1374
1376
1385
1399
1418
1419
1421
1426
1438
1445
1452
1468
1476
1481
1485
1490
1505
1506
1510
1520
1524
1534
1560
1566
1576
1594
1601
1633
1643
1661
1667
1676
1685
1688
1694
1695
1697
1715
1726
1731
1733
1740
1744
1749
1755
1759
1771
1774
1781
1782
1795
1836
1855
1868
1869
1890
1893
1900
1943
1945
1946
1953
1954
1955
1956
1970
1974
1978
2016
2024
2034
2041
2042
2054
2064
2067
2071
2072
2086
2100
2108
2117
2121
2139
2164
2175
2177
2195
2203
2211
2220
2227
2228
2249
2254
2262
2264
2269
2276
2303
2314
2319
2326
2335
2341
2367
2368
2369
2377
2394
2398
2409
2423
2430
2439
2440
2452
2479
2481
2484
2486
2487
2490
2516
2532
2542
2544
2553
2563
2578
2582
2593
2594
2595
2597
2599
2608
155
22
70
115
49
56
154
26
35
121
38
50
20
151
147
127
155
106
68
8
133
86
142
59
119
54
90
81
123
41
139
98
100
15
101
39
102
157
71
29
141
32
25
132
128
130
45
48
37
63
80
46
23
91
129
76
74
44
33
66
152
19
117
150
105
11
73
134
108
4
5
144
156
21
18
17
94
69
112
95
72
153
77
122
136
83
109
143
36
84
118
75
31
52
82
158
87
6
145
28
138
92
2
110
67
107
51
55
146
24
65
149
61
140
99
79
111
126
3
96
12
160
88
113
53
78
58
120
85
116
47
30
13
14
125
93
10
42
64
103
60
148
57
34
159
89
7
104
124
40
131
1
16
97
9
43
