75
45
67
81
87
111
124
136
154
183
188
217
219
231
234
242
270
293
298
338
368
381
383
390
409
418
441
445
495
503
538
610
631
648
666
686
694
713
749
757
767
791
793
807
869
929
940
975
1032
1103
1191
1220
1228
1250
1257
1270
1274
1279
1296
1319
1368
1374
1413
1416
1420
1593
1599
1604
1642
1659
1677
1695
1702
1730
1795
1820
114
127
30
69
96
104
76
61
17
129
64
15
5
73
94
51
41
158
103
130
124
24
12
60
131
149
70
101
159
1
75
138
156
134
108
135
8
32
121
83
66
26
46
113
23
82
4
116
151
98
39
97
9
88
16
50
86
13
33
146
150
132
91
55
87
47
147
25
56
136
77
28
85
109
35
42
81
111
115
99
161
78
44
49
2
102
89
120
118
18
3
31
163
125
112
53
95
67
40
57
45
80
106
162
140
27
100
11
68
126
137
20
154
152
155
