129
70
76
87
96
99
122
130
157
172
198
230
284
298
303
332
373
374
416
421
430
462
464
509
515
523
525
562
576
587
593
600
640
685
694
725
735
736
763
774
780
813
836
862
882
886
899
907
919
927
942
984
995
998
1004
1012
1066
1083
1090
1157
1166
1205
1216
1237
1255
1264
1292
1302
1310
1321
1329
1348
1361
1376
1406
1424
1430
1434
1435
1441
1452
1461
1465
1477
1480
1493
1514
1527
1539
1543
1569
1589
1643
1665
1680
1682
1693
1718
1719
1736
1749
1751
1761
1795
1858
1894
1899
1904
1919
1925
1944
1961
2026
2033
2051
2097
2105
2149
2170
2185
2262
2279
2319
2347
2371
2373
2374
2400
2414
2415
161
141
31
96
69
117
122
146
90
4
98
65
142
36
129
81
94
86
29
28
70
50
130
148
74
78
38
33
1
16
106
43
12
116
37
41
157
21
85
40
35
25
32
47
67
11
134
101
145
49
158
127
93
83
138
111
80
159
105
87
10
55
126
84
58
26
124
24
109
133
112
42
44
19
149
120
9
52
89
62
140
79
2
91
27
6
137
64
125
92
46
108
7
51
100
156
136
135
160
61
0
5
73
162
56
102
71
53
107
8
143
54
123
103
20
153
97
161
66
60
77
128
18
82
72
63
59
30
139
17
23
95
39
68
75
154
144
113
114
110
48
152
99
76
115
104
151
3
57
45
13
147
34
150
131
118
119
22
14
155
121
88
