149
27
43
55
62
65
78
84
88
89
93
97
100
101
107
108
115
117
120
150
151
152
199
200
206
209
222
231
242
244
245
261
279
288
301
308
321
323
332
335
349
358
367
368
369
370
392
394
408
418
422
426
428
430
431
438
457
479
480
481
492
493
495
499
507
509
513
518
526
532
541
550
553
563
573
574
590
594
596
603
611
624
627
633
637
640
653
660
674
683
687
690
696
701
705
714
721
722
726
731
732
744
745
747
750
751
753
756
766
768
780
800
801
803
810
812
819
820
823
831
832
833
838
842
862
876
883
896
898
920
932
934
949
954
956
966
974
979
982
983
1004
1007
1011
1015
1019
1033
1043
1084
1105
1106
76
62
2
7
11
29
21
43
18
53
38
5
20
65
50
3
17
8
36
12
78
10
82
59
47
74
42
22
76
84
27
69
32
72
6
70
48
31
80
24
0
56
44
58
49
54
66
77
64
75
35
51
23
71
15
85
19
28
57
52
61
1
87
33
41
37
67
34
16
39
63
30
14
40
4
9
45
