274
54
55
67
70
73
87
88
93
97
105
106
118
157
160
168
172
180
188
191
200
201
207
214
218
225
226
247
250
276
277
280
283
295
299
303
310
312
326
363
365
367
368
377
384
393
394
397
416
417
421
442
444
474
481
487
493
512
517
518
525
538
552
560
576
584
614
624
626
632
638
640
665
674
679
683
707
716
736
754
770
795
808
816
835
846
854
868
876
886
896
903
918
919
921
927
934
935
938
940
967
981
982
983
984
991
994
1001
1015
1030
1062
1073
1074
1078
1088
1096
1109
1127
1129
1145
1148
1151
1153
1156
1159
1161
1162
1168
1186
1190
1205
1214
1243
1250
1262
1264
1265
1278
1296
1312
1336
1340
1346
1348
1353
1356
1363
1378
1383
1396
1400
1408
1417
1418
1423
1440
1448
1452
1459
1481
1482
1505
1508
1521
1522
1529
1566
1588
1609
1619
1639
1641
1693
1698
1699
1703
1734
1757
1758
1763
1766
1773
1781
1782
1784
1793
1797
1809
1816
1824
1829
1834
1842
1850
1853
1862
1863
1871
1881
1893
1908
1919
1939
1942
1945
1949
1955
1958
1974
1981
1991
1994
2047
2050
2052
2053
2057
2062
2066
2077
2082
2088
2095
2096
2120
2122
2126
2131
2142
2165
2169
2171
2175
2183
2184
2187
2188
2192
2195
2202
2219
2221
2237
2254
2265
2279
2282
2293
2296
2298
2310
2315
2329
2335
2351
2356
2374
2379
2430
2450
2465
2483
2486
2488
2495
2505
2508
2518
2528
2549
2569
2584
2591
2619
2620
154
137
155
49
34
22
2
26
53
42
45
145
89
67
68
83
51
48
79
69
123
136
76
111
109
12
84
97
5
61
29
101
36
41
39
141
38
16
146
148
140
92
154
10
66
144
62
134
15
60
13
114
129
8
17
18
159
3
126
86
52
56
50
14
94
58
119
7
139
147
70
122
132
43
0
96
55
72
116
104
20
128
85
152
11
153
64
40
125
127
77
87
54
157
81
47
124
95
106
118
24
121
142
82
98
150
80
102
135
88
115
21
158
143
151
31
112
133
44
130
30
108
9
74
110
93
73
90
71
99
33
91
25
131
28
78
46
1
35
4
113
105
107
32
27
19
65
23
59
57
156
37
63
138
6
