118
72
76
83
88
107
133
140
153
157
224
236
239
250
275
329
343
351
359
386
387
393
460
467
484
509
559
620
626
656
688
768
776
787
797
811
812
821
824
825
835
859
874
881
885
894
916
971
978
991
996
1057
1084
1104
1126
1145
1163
1180
1183
1205
1226
1261
1310
1318
1373
1396
1398
1400
1414
1438
1449
1452
1458
1474
1484
1492
1507
1521
1601
1617
1667
1687
1690
1697
1719
1732
1736
1748
1750
1754
1783
1787
1809
1874
1890
1912
1913
1926
1937
1940
1967
1980
2020
2041
2076
2092
2124
2183
2220
2229
2258
2329
2341
2342
2350
2367
2376
2391
2402
151
109
46
35
45
159
86
42
24
89
56
60
33
132
19
125
114
52
6
38
154
138
106
75
135
88
82
93
44
118
4
110
111
25
66
117
0
5
102
11
161
34
140
91
121
98
149
141
3
126
100
68
13
51
47
90
49
107
156
81
69
65
158
129
26
84
29
1
145
40
94
113
54
32
18
87
131
160
92
14
162
123
41
17
112
16
151
146
137
115
101
71
61
119
153
55
58
74
85
139
144
152
155
130
7
43
20
150
37
57
96
62
10
59
95
77
124
157
64
2
116
8
127
72
142
67
30
76
148
12
27
133
122
73
39
70
120
31
48
143
53
147
63
108
80
99
9
23
134
21
28
79
