64
113
126
155
183
189
204
218
237
245
295
312
336
348
350
370
393
408
465
507
523
553
554
607
689
765
798
823
827
883
889
893
916
1022
1083
1107
1113
1130
1171
1194
1266
1336
1341
1409
1423
1453
1456
1459
1471
1481
1483
1494
1497
1499
1526
1541
1587
1608
1635
1666
1668
1669
1693
1821
1834
111
62
30
24
61
155
76
125
33
84
95
110
60
85
70
135
41
75
32
153
5
66
59
160
80
112
115
31
146
71
121
81
49
130
10
46
131
103
93
29
99
50
42
9
78
27
119
72
106
26
47
140
18
163
64
40
162
152
0
97
117
43
67
129
91
16
96
37
144
58
136
138
13
74
28
147
15
88
118
127
3
164
143
52
54
114
113
122
92
56
128
156
1
86
79
124
22
107
120
53
90
109
161
151
158
8
104
116
101
108
148
6
