149
21
23
32
35
38
40
49
51
57
86
89
91
107
111
113
117
118
127
128
132
145
157
162
167
184
191
201
208
214
218
226
233
235
243
248
254
259
276
277
295
304
306
307
316
319
326
362
365
370
373
378
382
385
420
423
440
465
480
485
490
500
517
518
529
530
532
551
556
560
570
575
586
590
605
611
621
630
638
641
642
643
644
656
658
671
674
688
689
694
702
710
712
713
715
719
725
736
745
762
763
767
794
812
820
821
841
842
844
866
873
874
875
879
881
883
885
908
914
923
924
926
927
929
937
948
951
954
960
976
982
993
996
1001
1006
1010
1022
1027
1028
1032
1034
1038
1070
1072
1081
1084
1087
1088
1099
1100
75
35
20
7
67
39
74
38
26
31
64
50
12
68
55
4
45
83
87
61
46
52
34
82
6
5
36
80
51
21
2
30
70
43
47
8
73
42
17
19
57
28
58
0
85
63
75
27
22
76
60
37
79
84
23
72
77
78
9
25
41
71
16
11
65
62
29
3
18
56
69
13
49
1
14
48
