240
14
41
44
47
57
81
86
89
92
171
210
212
214
216
232
240
254
264
285
290
297
302
311
328
346
360
382
407
408
425
434
435
438
463
471
479
482
493
498
523
533
538
542
554
571
578
586
591
595
602
616
627
631
634
656
659
666
681
754
766
768
819
828
846
850
852
853
885
898
913
917
934
935
941
954
969
1006
1023
1024
1025
1032
1046
1052
1057
1060
1065
1069
1076
1089
1093
1098
1128
1133
1166
1194
1203
1209
1219
1223
1230
1231
1238
1266
1281
1301
1305
1306
1315
1317
1321
1327
1337
1362
1369
1373
1377
1378
1379
1397
1400
1401
1409
1415
1426
1429
1432
1441
1450
1463
1470
1481
1482
1513
1518
1520
1530
1544
1557
1566
1570
1578
1580
1622
1625
1628
1629
1631
1632
1644
1697
1714
1715
1729
1743
1751
1764
1772
1773
1776
1782
1787
1795
1796
1797
1830
1833
1873
1875
1889
1898
1899
1907
1908
1922
1934
1936
1980
1989
2009
2028
2029
2032
2037
2056
2057
2079
2080
2103
2104
2108
2115
2119
2145
2176
2187
2190
2205
2207
2216
2223
2234
2242
2262
2269
2291
2298
2309
2312
2321
2333
2335
2339
2346
2352
2354
2358
2368
2369
2405
2424
2428
2446
2447
2448
2469
2470
2473
2474
2486
2492
2540
2545
2546
2573
2576
2580
2588
2589
2592
2599
161
98
144
137
74
7
152
1
73
65
140
42
3
46
26
95
89
139
100
96
37
104
115
27
11
30
91
136
79
20
121
134
116
82
151
126
132
35
92
110
125
86
6
55
138
114
31
122
135
52
67
19
29
88
45
99
78
53
43
143
24
28
15
107
153
119
124
101
157
120
109
50
39
60
66
142
75
58
68
62
102
56
16
17
63
154
71
83
64
8
155
129
93
51
2
159
156
59
84
33
40
127
160
118
130
77
150
23
18
9
76
41
87
103
81
149
97
4
49
12
145
22
5
105
123
106
54
131
69
34
0
61
113
94
108
32
47
112
36
25
133
21
146
48
148
85
90
111
158
80
147
141
72
38
10
14
13
70
117
128
44
57
