247
14
50
53
57
64
76
81
112
122
127
131
143
194
197
209
213
220
222
224
250
263
285
286
334
359
371
372
394
405
408
424
438
457
476
481
483
496
498
507
517
518
529
542
544
550
562
569
572
577
588
606
608
621
634
642
650
657
670
685
686
694
706
707
712
715
723
733
735
744
748
764
768
806
812
822
826
836
843
851
872
884
910
911
929
932
946
978
987
993
1001
1023
1049
1052
1058
1071
1079
1083
1091
1094
1115
1117
1121
1131
1133
1139
1141
1152
1166
1176
1186
1198
1205
1211
1219
1231
1236
1244
1246
1247
1252
1259
1292
1301
1322
1328
1359
1362
1370
1376
1391
1397
1403
1407
1419
1440
1450
1452
1464
1475
1499
1507
1509
1512
1516
1527
1530
1540
1544
1554
1577
1578
1593
1608
1624
1630
1631
1655
1673
1681
1685
1694
1696
1699
1706
1712
1755
1762
1763
1768
1770
1772
1780
1782
1786
1808
1809
1811
1821
1822
1852
1857
1858
1874
1925
1929
1932
1937
1945
1949
1959
1971
1973
1988
2008
2029
2045
2054
2060
2064
2067
2069
2086
2091
2092
2093
2096
2098
2137
2149
2168
2199
2222
2228
2269
2270
2271
2285
2289
2302
2303
2304
2311
2332
2341
2396
2408
2409
2414
2428
2440
2453
2454
2455
2480
2482
2494
2513
2523
2534
2540
2564
2569
2570
2573
2593
2601
2613
158
77
25
52
102
92
89
71
93
76
29
153
8
35
69
26
27
0
128
116
82
20
57
59
146
138
126
22
54
7
140
65
30
157
84
64
37
33
137
53
85
38
95
45
91
70
148
139
19
10
6
42
100
111
151
62
49
72
113
43
13
21
15
3
133
63
149
24
18
67
79
112
48
88
142
131
66
152
115
103
73
2
61
127
158
130
32
101
5
114
147
136
143
55
90
1
81
11
4
14
99
31
154
17
39
78
160
46
47
9
50
125
98
28
159
104
118
58
135
141
60
41
74
23
106
108
87
155
107
97
44
51
36
96
80
83
120
68
156
124
117
132
121
122
34
145
129
105
134
40
86
16
56
75
110
144
109
123
94
