711
5
6
11
15
18
20
21
25
26
37
38
41
42
47
51
52
55
58
60
64
66
67
70
72
73
79
81
83
84
88
89
90
93
99
102
106
109
112
116
118
119
120
121
123
124
127
132
133
136
138
139
140
143
145
148
152
155
156
157
158
160
163
165
166
167
168
180
181
182
183
184
189
190
192
193
194
201
203
205
206
210
213
215
216
218
226
227
230
234
235
236
238
240
242
246
254
255
256
257
260
262
266
267
269
271
273
274
277
279
284
288
290
292
295
298
302
303
304
306
307
308
312
317
319
322
324
327
331
332
333
334
336
337
339
340
341
342
346
351
352
355
358
359
360
362
364
369
370
371
372
373
377
379
382
383
386
387
388
391
393
395
396
397
398
400
406
407
410
416
418
424
426
430
431
432
433
437
441
444
446
451
454
455
458
459
462
463
465
467
470
475
477
482
483
484
485
488
497
500
508
509
511
515
519
523
524
527
528
530
534
535
537
538
541
545
547
552
553
554
556
557
559
560
563
564
566
573
574
576
583
585
586
587
588
590
591
592
593
595
596
600
602
608
610
611
613
614
617
620
624
625
631
632
635
639
640
641
646
647
649
651
655
656
657
658
661
664
665
666
668
672
673
675
676
677
681
684
685
686
688
689
694
695
697
698
699
702
704
705
706
707
710
711
712
715
720
723
727
729
731
733
734
737
738
739
740
742
743
747
750
755
759
763
767
769
776
777
780
781
786
792
798
799
802
803
805
810
812
815
816
824
826
828
831
832
833
834
836
840
843
849
850
852
855
858
861
863
866
867
869
870
871
872
877
884
886
888
898
902
904
905
906
907
909
911
913
915
916
920
921
922
923
925
930
931
934
938
942
943
944
945
951
952
957
958
963
964
967
968
972
973
978
980
985
987
988
990
991
993
994
997
998
1000
1002
1006
1007
1009
1014
1022
1025
1027
1032
1041
1043
1047
1049
1051
1055
1056
1060
1062
1070
1071
1077
1080
1081
1084
1086
1090
1091
1094
1096
1102
1104
1107
1108
1110
1115
1116
1117
1118
1121
1122
1123
1129
1131
1136
1138
1139
1143
1145
1152
1153
1155
1159
1165
1169
1172
1173
1175
1176
1177
1178
1182
1183
1184
1192
1194
1200
1201
1204
1210
1212
1214
1215
1218
1220
1221
1225
1228
1231
1233
1237
1243
1244
1246
1252
1253
1254
1255
1257
1259
1261
1263
1266
1268
1270
1271
1272
1273
1279
1281
1285
1288
1289
1293
1294
1295
1297
1300
1302
1303
1305
1309
1311
1315
1316
1319
1330
1332
1333
1334
1338
1340
1344
1345
1347
1349
1350
1352
1355
1357
1361
1365
1367
1372
1374
1376
1377
1381
1382
1383
1384
1389
1392
1397
1399
1403
1405
1406
1412
1416
1417
1420
1421
1430
1437
1442
1447
1448
1452
1455
1458
1464
1465
1467
1471
1474
1480
1486
1490
1491
1493
1495
1497
1501
1503
1504
1505
1508
1509
1513
1520
1521
1525
1530
1532
1533
1534
1538
1542
1544
1546
1549
1550
1551
1554
1555
1557
1561
1563
1564
1566
1569
1572
1575
1577
1579
1580
1593
1595
1598
1601
1604
1606
1609
1611
1617
1622
1623
1624
1625
1628
1630
1631
1633
1636
1642
1644
1646
1647
1648
1649
1650
1652
1656
1657
1660
1661
1663
1670
1676
1677
1681
1682
1685
1689
1690
1691
1694
1695
1696
1699
1700
1701
1702
1703
1704
1709
1713
1714
1715
1719
1724
1725
1726
1731
1733
1734
1736
1739
1740
1742
1745
1746
1747
1750
1753
1755
1756
1758
1759
1763
1764
1769
1773
1775
1778
1779
1780
1783
1784
1787
1793
1796
1798
1802
1806
1807
1820
1821
1822
1825
1826
1827
1829
1831
1834
1836
1838
1840
156
120
154
51
38
106
47
56
142
80
31
71
63
68
24
136
50
19
20
161
64
118
146
82
150
55
139
141
30
36
104
160
124
159
123
26
45
27
67
157
14
79
114
127
43
132
135
4
58
90
95
126
119
76
16
25
75
89
121
105
32
153
125
28
83
77
102
143
87
49
131
42
152
29
116
163
97
3
140
52
137
70
109
115
162
133
96
110
134
91
33
62
99
21
61
5
149
59
92
88
41
155
65
111
129
100
53
39
66
94
130
144
73
44
69
37
46
74
164
148
1
12
7
11
107
34
122
9
23
147
86
8
57
151
128
18
108
138
98
72
145
15
54
85
113
6
22
48
17
2
117
0
156
112
158
13
84
