149
8
9
10
13
16
29
41
47
49
55
56
62
70
72
77
79
88
97
99
131
150
159
170
174
179
182
199
200
212
219
225
228
241
249
250
260
261
286
299
312
323
328
333
343
344
350
354
367
368
370
371
384
387
389
401
404
408
430
447
454
455
459
463
468
473
489
494
506
522
523
524
541
562
565
570
577
591
599
602
609
612
622
626
630
643
651
657
663
665
666
680
688
690
695
696
697
703
714
718
741
755
757
762
763
769
770
774
778
782
789
797
802
805
806
814
818
819
830
846
848
850
859
869
877
881
900
913
916
968
973
974
978
995
1001
1005
1006
1018
1028
1038
1040
1042
1053
1057
1058
1069
1071
1080
1085
1096
74
46
57
54
1
9
75
5
41
7
42
30
87
82
79
78
4
65
37
70
33
52
29
15
72
84
43
58
45
39
62
18
2
71
16
24
48
64
50
86
31
53
11
76
27
63
3
61
51
0
20
28
36
85
55
74
35
19
68
12
49
60
67
6
38
80
59
47
17
40
22
8
69
32
13
