149
30
49
50
53
58
63
65
68
70
71
83
97
100
106
108
153
156
159
168
174
175
177
179
186
188
190
192
196
197
220
223
229
230
232
245
266
268
272
287
290
304
305
306
311
315
321
324
328
373
376
385
386
387
403
407
424
427
433
436
446
453
458
461
462
480
484
486
488
504
508
520
528
535
543
561
567
568
569
572
576
581
584
592
596
603
604
607
608
616
619
623
624
632
641
655
665
676
688
693
700
701
702
708
709
721
755
778
783
784
811
812
821
823
825
835
838
871
875
877
880
890
892
894
906
922
926
928
945
953
959
967
968
973
978
981
985
987
988
994
999
1001
1003
1005
1017
1036
1046
1050
1062
1104
72
72
81
63
53
46
48
38
56
86
87
16
68
17
47
75
21
67
71
27
4
44
3
15
9
33
57
54
85
62
73
84
19
36
39
5
83
58
18
0
59
74
82
79
28
51
23
60
7
35
24
52
30
14
22
43
49
26
6
40
29
12
77
11
45
42
10
80
50
69
61
13
1
