278
20
21
27
36
40
48
50
66
71
77
84
91
96
120
142
144
150
154
155
167
180
194
216
225
229
241
301
308
314
327
348
350
377
380
389
403
414
432
433
443
475
524
526
531
552
559
567
569
588
589
603
621
622
631
639
649
654
656
669
672
680
685
699
704
716
738
766
774
779
781
792
796
798
809
821
839
863
876
877
880
885
893
895
903
914
920
922
940
941
960
965
967
968
984
986
1000
1030
1034
1037
1071
1072
1082
1108
1110
1112
1123
1125
1128
1142
1147
1159
1160
1175
1183
1185
1186
1187
1191
1197
1198
1208
1212
1246
1247
1254
1255
1269
1271
1283
1288
1325
1327
1330
1338
1356
1357
1358
1402
1423
1430
1432
1438
1439
1443
1458
1461
1465
1469
1475
1495
1502
1521
1531
1537
1549
1550
1553
1560
1565
1567
1572
1583
1585
1590
1595
1599
1605
1608
1612
1642
1684
1687
1699
1705
1724
1725
1756
1767
1776
1780
1783
1791
1795
1796
1804
1816
1825
1847
1855
1858
1873
1915
1920
1925
1930
1932
1939
1945
1949
1950
1962
1979
1982
1987
1992
1993
2002
2011
2030
2033
2035
2045
2050
2065
2085
2086
2104
2110
2113
2115
2117
2118
2129
2140
2158
2159
2160
2161
2173
2174
2177
2181
2198
2200
2201
2208
2216
2221
2238
2247
2249
2267
2269
2291
2293
2298
2310
2311
2326
2337
2338
2342
2366
2368
2380
2381
2384
2388
2429
2430
2444
2452
2455
2465
2481
2514
2521
2532
2533
2537
2544
2548
2560
2568
2574
2578
2582
2624
154
134
44
94
76
128
97
57
104
56
136
59
109
16
138
50
144
146
156
14
22
90
132
98
23
153
31
61
26
65
159
42
131
60
58
115
105
34
1
122
83
28
4
114
103
96
141
17
119
10
64
81
93
32
84
52
54
125
5
120
63
35
82
18
89
133
92
149
47
39
55
49
78
158
160
116
73
74
71
140
113
8
99
25
143
2
124
12
150
127
3
66
85
117
95
53
126
62
24
9
123
37
19
75
110
72
27
111
45
21
147
130
0
88
41
33
29
107
48
112
151
43
6
30
70
46
108
15
20
91
121
100
154
148
137
77
79
69
68
102
129
38
36
80
51
40
7
142
145
86
152
157
106
118
67
