132
19
137
151
156
191
213
228
233
240
241
262
269
279
282
294
300
304
305
329
349
363
397
398
423
427
429
460
472
491
505
529
531
549
584
597
607
644
649
651
664
705
739
785
794
797
806
819
840
865
866
881
899
904
930
961
986
997
998
1001
1010
1054
1090
1109
1123
1125
1138
1156
1163
1179
1189
1195
1213
1230
1232
1271
1281
1301
1309
1343
1348
1370
1397
1408
1423
1435
1446
1451
1464
1477
1481
1494
1501
1525
1551
1562
1570
1589
1595
1620
1668
1699
1714
1742
1759
1939
1957
1973
1979
1981
2008
2036
2056
2069
2070
2076
2077
2084
2091
2105
2122
2160
2213
2215
2247
2311
2334
2362
2367
2369
2371
2413
2423
146
29
90
154
93
97
49
64
126
11
57
84
38
122
68
91
80
43
21
63
101
34
106
143
102
39
148
72
59
13
45
161
124
160
19
66
153
12
152
83
135
98
128
95
104
53
6
35
25
108
134
28
77
32
71
76
92
50
99
118
109
47
79
81
103
65
131
155
139
142
136
96
27
20
67
70
16
137
145
129
56
125
130
123
86
7
149
150
1
48
114
73
3
132
112
89
159
15
157
54
115
74
14
2
58
138
10
62
88
158
31
0
52
100
17
78
107
82
40
51
41
69
44
75
87
8
46
61
119
147
141
24
60
117
121
26
140
5
111
94
105
33
4
144
156
146
18
