242
20
43
53
103
118
126
135
156
161
168
170
172
173
202
205
217
229
232
246
249
259
271
277
278
292
301
304
305
306
311
313
323
327
328
330
344
355
356
369
427
441
443
444
465
466
482
490
493
496
498
509
514
516
523
527
589
607
630
643
649
669
674
678
695
731
732
736
740
747
753
763
800
809
811
838
847
852
858
860
879
883
887
890
896
902
920
927
957
958
961
964
979
997
1004
1022
1024
1025
1033
1034
1035
1045
1048
1056
1105
1106
1112
1114
1124
1137
1160
1186
1187
1205
1207
1212
1220
1222
1225
1230
1247
1261
1280
1285
1297
1299
1315
1320
1326
1329
1336
1339
1350
1363
1367
1376
1417
1419
1420
1428
1437
1441
1455
1478
1496
1497
1507
1516
1523
1533
1543
1546
1547
1548
1551
1555
1557
1564
1571
1576
1587
1600
1602
1652
1661
1663
1673
1674
1684
1695
1700
1703
1724
1742
1747
1751
1769
1790
1802
1816
1821
1830
1863
1864
1876
1889
1892
1906
1908
1926
1932
1976
1998
2031
2115
2129
2151
2170
2171
2173
2178
2207
2230
2245
2246
2250
2262
2269
2282
2289
2291
2294
2298
2299
2319
2331
2333
2335
2368
2379
2388
2411
2416
2418
2421
2425
2430
2437
2440
2446
2462
2491
2494
2502
2529
2533
2584
2585
2589
2592
2611
2619
2620
161
110
157
29
30
41
45
97
144
98
148
150
118
109
44
114
125
112
134
72
28
37
33
103
49
107
152
54
115
20
159
101
105
84
146
43
18
135
6
12
1
17
106
147
127
99
117
120
94
124
119
21
139
126
27
8
133
31
3
56
79
64
85
140
68
7
24
75
131
153
46
93
122
86
104
39
88
48
16
62
128
14
136
40
51
55
91
158
121
2
35
32
156
10
47
11
83
95
160
82
25
74
90
9
111
89
149
92
66
36
78
76
69
60
81
71
100
130
22
142
102
34
132
53
50
15
58
123
155
113
137
52
129
145
77
59
138
5
70
141
87
42
0
38
63
151
73
61
26
65
13
116
80
4
154
67
108
23
143
57
96
19
