243
14
75
82
101
103
131
152
158
161
164
166
180
196
209
214
216
227
247
248
262
268
289
299
302
308
309
322
340
345
346
347
348
356
368
422
433
437
443
452
461
462
481
494
511
515
523
539
545
550
565
570
578
581
584
617
624
670
671
676
685
687
689
698
708
709
732
737
744
764
766
768
787
788
791
794
795
797
809
813
818
850
880
883
885
887
899
909
920
924
929
931
933
934
935
955
975
978
994
995
1006
1013
1054
1085
1095
1099
1110
1166
1179
1184
1190
1198
1215
1217
1245
1278
1285
1292
1304
1316
1342
1346
1349
1353
1394
1410
1438
1461
1491
1499
1508
1529
1530
1539
1562
1569
1576
1607
1618
1619
1627
1663
1670
1677
1678
1684
1685
1695
1703
1707
1720
1723
1725
1733
1747
1750
1760
1786
1791
1804
1834
1851
1852
1861
1862
1882
1890
1891
1895
1915
1917
1943
1948
1949
1951
1960
1971
1983
1986
1991
1996
2003
2012
2013
2024
2032
2054
2059
2061
2101
2111
2116
2117
2126
2143
2167
2182
2196
2227
2228
2229
2231
2235
2237
2252
2269
2274
2283
2287
2291
2312
2328
2332
2342
2345
2352
2372
2377
2399
2423
2442
2460
2471
2480
2485
2487
2497
2509
2514
2521
2524
2526
2529
2530
2545
2550
2551
2553
2560
2570
2586
2590
2604
2617
161
38
104
42
105
103
37
124
22
11
142
83
108
154
54
89
39
116
44
40
2
36
101
82
151
141
93
135
126
8
63
64
20
147
61
157
70
115
97
125
60
128
33
43
59
122
12
84
139
94
41
6
52
67
136
134
95
13
23
153
81
86
76
17
28
73
110
15
150
46
80
62
29
159
24
78
18
35
74
121
10
99
127
19
50
79
102
47
31
145
106
68
112
65
158
138
117
96
4
49
56
137
111
107
16
144
3
72
114
148
75
1
71
58
87
129
130
100
113
69
92
9
51
109
88
85
5
133
160
149
123
146
91
132
27
118
55
30
21
119
25
7
98
32
77
48
152
120
14
53
140
66
90
131
0
155
156
34
57
143
26
45
