686
5
7
8
10
11
13
15
16
18
19
20
23
24
26
27
28
29
31
32
33
35
36
37
38
41
42
43
46
47
51
52
55
56
57
58
59
62
63
64
67
68
70
71
73
76
78
83
85
86
88
89
90
91
93
94
98
99
100
103
104
105
106
107
108
112
115
116
117
118
119
122
124
125
126
128
130
131
132
133
134
136
137
139
140
141
142
144
145
146
149
151
152
153
155
161
162
164
167
169
170
171
172
173
174
176
177
178
179
180
181
182
183
184
185
186
187
188
192
194
195
198
203
204
205
207
208
209
210
211
213
214
215
216
217
221
222
223
225
226
228
230
231
232
233
235
236
237
238
239
241
242
243
244
245
246
247
248
249
251
252
255
256
258
261
263
265
266
267
268
269
272
274
275
276
279
282
284
285
286
287
288
291
292
294
295
297
298
299
300
301
303
304
306
307
309
313
316
317
318
321
322
324
325
326
327
328
329
331
334
335
336
339
342
344
345
346
349
351
352
354
355
357
358
359
360
361
362
363
365
366
367
370
371
372
374
375
379
380
382
384
385
386
388
390
391
393
395
397
398
399
400
402
404
405
407
409
411
412
413
414
416
417
418
423
424
426
428
429
432
436
437
439
440
443
446
447
450
451
453
457
458
459
461
463
464
465
466
467
468
469
470
471
472
473
474
478
484
488
489
490
491
496
497
498
499
500
501
503
504
506
507
508
510
516
517
518
519
521
524
525
526
529
531
533
534
535
536
538
539
540
544
549
550
551
552
553
554
557
558
560
561
563
564
565
566
572
573
575
577
580
582
583
584
585
586
587
590
592
593
594
595
596
597
599
600
601
604
605
606
607
609
611
613
614
615
617
620
621
622
626
627
628
629
630
631
632
633
634
635
636
637
638
639
643
644
645
647
648
652
653
655
656
657
658
660
662
663
664
665
667
668
669
670
671
673
674
675
677
678
679
681
683
685
686
695
696
697
698
699
700
702
704
705
706
708
709
711
713
714
716
719
721
722
723
725
726
728
729
730
731
732
737
738
739
741
743
744
745
746
747
748
749
750
752
753
758
759
760
762
763
764
765
766
767
768
769
770
771
773
774
775
777
780
782
784
785
787
791
792
793
794
795
798
800
801
802
805
807
808
809
814
816
817
819
820
822
823
826
827
828
829
831
833
834
835
836
837
838
840
841
843
844
845
846
849
850
851
852
853
856
859
860
861
863
865
867
868
869
870
873
875
876
878
879
880
884
885
886
887
889
890
891
892
894
895
896
897
898
899
903
904
905
908
909
914
915
917
918
919
921
922
923
925
926
927
929
931
932
934
935
937
939
940
942
943
945
947
948
952
953
954
955
956
957
958
960
961
962
963
965
967
968
970
971
973
974
976
980
982
984
985
986
989
990
991
992
994
997
998
1002
1004
1005
1007
1010
1011
1012
1013
1015
1016
1018
1019
1020
1021
1022
1023
1027
1028
1029
1032
1033
1035
1037
1038
1039
1040
1041
1042
1044
1047
1049
1052
1054
1055
1056
1057
1058
1060
1061
1064
1065
1067
1068
1069
1070
1072
1077
1078
1079
1080
1082
1084
1086
1087
1091
1092
1093
1094
1096
1097
1098
1101
1102
1103
1104
1105
1107
83
78
70
77
4
2
59
51
32
86
18
76
55
27
35
19
34
64
43
72
53
54
47
8
12
5
13
21
49
26
33
15
85
81
36
42
75
22
3
82
79
11
56
52
29
9
10
30
61
40
31
41
60
20
0
63
58
83
71
7
69
46
16
17
28
6
62
1
24
39
45
84
14
38
80
65
67
68
87
74
73
57
66
48
