103
90
99
109
129
130
161
180
231
248
271
280
283
294
303
355
442
460
480
519
532
574
590
610
627
647
685
692
708
799
808
818
856
882
920
946
988
1008
1023
1026
1042
1055
1125
1161
1170
1196
1203
1216
1233
1240
1263
1288
1314
1319
1343
1351
1397
1405
1415
1416
1437
1445
1461
1523
1525
1542
1550
1620
1639
1649
1651
1671
1708
1714
1716
1727
1762
1763
1771
1795
1830
1839
1849
1872
1883
1909
1933
1941
2083
2136
2142
2166
2193
2199
2211
2251
2258
2280
2321
2329
2390
2404
2409
2420
147
47
88
18
117
160
104
30
27
25
7
93
100
96
78
66
17
143
89
145
37
73
9
155
101
49
116
21
92
98
140
43
103
75
144
3
50
159
32
118
128
20
125
152
158
113
141
129
76
29
41
33
55
0
134
102
121
46
24
48
90
13
120
67
28
57
58
95
85
52
36
19
147
161
64
122
14
69
105
2
83
97
148
124
138
151
68
149
12
119
162
44
107
111
42
86
72
8
45
94
59
6
130
77
15
62
84
39
5
106
54
71
10
123
23
132
40
60
80
157
139
81
91
82
108
136
34
74
11
135
127
35
150
112
126
109
79
61
137
4
70
56
31
63
133
99
16
53
