67
118
126
142
168
191
192
193
196
206
245
262
280
305
322
331
394
404
449
500
513
539
604
607
623
638
653
669
693
739
827
894
896
904
927
995
1058
1064
1128
1194
1245
1255
1260
1311
1336
1339
1360
1378
1393
1406
1408
1440
1441
1448
1457
1481
1491
1509
1581
1595
1629
1643
1702
1706
1748
1793
1816
1817
117
122
57
104
30
109
12
110
154
105
113
160
53
60
152
133
138
66
79
91
62
84
148
97
38
39
132
81
119
10
35
102
37
64
112
135
143
28
36
16
136
78
49
69
111
11
100
22
4
44
41
5
130
3
24
164
15
72
144
29
83
70
162
14
20
149
58
141
89
118
139
46
153
76
114
88
90
159
103
156
140
67
128
61
92
47
146
1
108
25
56
82
9
32
71
131
155
125
98
59
134
93
127
95
43
26
77
52
51
68
94
121
73
6
18
137
107
145
