272
14
34
36
44
51
62
65
67
72
78
94
103
125
141
163
181
183
184
187
204
238
255
259
266
276
283
296
299
317
318
323
325
327
345
359
361
366
370
377
387
391
392
422
439
443
444
469
471
472
484
640
643
644
678
682
709
731
733
745
753
771
787
797
806
811
812
825
826
828
832
837
845
851
861
862
865
872
877
892
895
901
908
930
941
942
955
960
965
966
976
987
988
989
993
996
997
1012
1022
1028
1036
1054
1056
1064
1067
1071
1075
1081
1110
1120
1130
1141
1147
1167
1170
1172
1173
1180
1187
1207
1220
1225
1246
1251
1254
1265
1278
1294
1305
1309
1314
1317
1325
1388
1393
1399
1401
1408
1409
1414
1427
1431
1438
1456
1462
1482
1492
1505
1535
1536
1547
1552
1556
1560
1571
1574
1626
1653
1662
1664
1688
1696
1708
1720
1724
1766
1775
1777
1780
1789
1793
1797
1806
1821
1829
1835
1841
1844
1847
1850
1853
1856
1868
1873
1884
1898
1903
1914
1932
1933
1934
1939
1941
1948
1966
1968
1977
1983
1999
2007
2009
2012
2020
2031
2047
2051
2053
2055
2060
2076
2082
2092
2095
2104
2106
2112
2113
2119
2127
2149
2150
2173
2182
2189
2218
2232
2244
2252
2257
2266
2269
2274
2298
2311
2318
2320
2348
2359
2363
2389
2393
2399
2405
2413
2419
2434
2436
2438
2439
2444
2463
2466
2468
2484
2485
2501
2502
2503
2509
2513
2530
2531
2534
2545
2549
2569
2570
2573
2584
2590
2600
2615
2624
161
97
42
103
129
134
101
60
89
160
24
62
117
6
96
95
50
9
27
112
152
54
126
142
83
79
93
41
64
156
63
77
55
115
145
147
43
87
4
10
32
84
148
137
119
80
16
98
25
40
49
30
85
155
70
31
121
66
7
20
114
39
136
22
132
14
94
1
75
67
69
86
38
21
19
90
125
149
74
108
36
61
154
57
120
81
158
12
11
23
71
105
73
28
33
37
139
135
45
72
107
5
143
76
52
34
150
91
15
99
110
92
18
35
130
133
13
131
118
58
44
82
140
116
17
151
146
104
100
124
88
3
0
29
26
123
122
111
46
106
68
65
113
47
48
153
59
2
157
128
51
109
56
78
102
53
141
8
127
159
138
144
