72
34
50
76
81
148
180
187
301
325
331
344
350
360
374
420
459
471
482
494
531
552
557
620
632
643
653
691
703
737
749
756
761
800
813
838
841
847
959
969
983
1036
1058
1076
1080
1098
1163
1173
1225
1239
1243
1259
1260
1327
1360
1377
1391
1400
1510
1512
1532
1568
1574
1594
1597
1635
1654
1778
1780
1809
1812
1822
1825
119
17
138
82
108
24
59
132
137
87
84
139
27
130
90
79
85
1
65
109
2
81
106
48
93
149
55
8
15
46
10
159
117
63
113
121
162
156
141
5
50
45
104
6
21
68
56
32
77
127
76
105
70
30
13
51
131
110
78
9
35
29
57
158
115
39
136
74
22
37
140
60
102
133
28
125
148
42
44
151
80
119
163
33
142
12
54
14
69
89
40
118
18
153
16
124
4
112
72
49
36
135
34
134
83
120
43
71
123
98
164
62
101
58
92
75
19
91
20
155
