663
9
11
16
20
21
26
37
38
40
42
46
47
48
50
52
53
54
56
57
62
65
69
73
74
75
79
80
81
86
87
90
92
94
96
100
101
102
109
110
111
115
117
121
125
126
130
132
138
139
145
146
152
153
154
158
164
166
170
171
172
179
182
185
188
191
192
193
195
199
202
205
206
207
208
209
210
212
220
222
226
227
230
231
233
235
236
238
240
245
250
252
253
255
257
260
264
268
269
271
275
277
279
285
287
289
291
295
298
302
303
312
315
316
318
319
324
325
326
329
330
334
335
336
338
355
358
362
367
368
370
371
374
376
378
381
382
384
385
391
394
395
396
398
403
408
409
416
420
421
424
425
426
432
433
434
443
448
457
458
465
467
470
474
476
480
483
484
489
496
497
498
500
504
507
508
514
516
517
524
527
531
536
546
547
551
554
555
559
565
566
567
568
569
570
572
573
574
576
583
584
585
591
593
595
596
598
599
602
607
608
613
615
618
619
629
631
632
633
636
638
644
645
649
654
657
661
668
674
675
681
686
687
690
695
698
702
704
705
708
710
711
717
720
727
733
734
740
742
745
749
750
751
754
755
756
757
758
760
766
768
774
777
778
781
782
783
786
793
797
800
801
806
811
812
821
822
823
825
827
833
838
839
841
843
849
851
854
856
859
866
867
873
874
876
881
883
884
885
892
895
897
899
901
902
905
908
909
910
911
918
921
924
928
931
936
937
943
946
949
956
959
960
961
965
966
967
968
969
971
973
975
976
979
980
982
983
984
985
986
988
994
996
999
1000
1003
1004
1008
1010
1013
1014
1022
1023
1024
1025
1031
1032
1033
1037
1038
1044
1045
1048
1050
1052
1054
1056
1069
1074
1075
1078
1079
1080
1084
1088
1091
1092
1095
1098
1100
1101
1104
1107
1109
1112
1113
1120
1121
1123
1126
1128
1129
1130
1131
1132
1133
1136
1145
1146
1148
1150
1151
1154
1155
1160
1162
1163
1164
1166
1168
1170
1172
1176
1178
1180
1182
1183
1184
1185
1186
1187
1189
1191
1192
1198
1205
1207
1210
1215
1220
1222
1223
1231
1238
1239
1241
1243
1244
1246
1248
1254
1256
1260
1261
1262
1265
1268
1270
1271
1275
1276
1281
1282
1283
1284
1288
1289
1291
1292
1294
1295
1296
1300
1301
1302
1303
1306
1308
1309
1311
1312
1314
1316
1317
1320
1324
1325
1326
1329
1332
1333
1334
1335
1340
1342
1344
1347
1348
1351
1352
1356
1359
1362
1365
1366
1370
1379
1381
1383
1384
1389
1390
1391
1395
1401
1402
1403
1405
1408
1412
1413
1416
1421
1423
1426
1431
1437
1440
1442
1444
1446
1447
1448
1449
1450
1455
1456
1457
1458
1459
1463
1467
1472
1475
1479
1482
1483
1486
1490
1494
1495
1497
1498
1502
1506
1508
1512
1522
1525
1526
1527
1530
1538
1541
1543
1546
1549
1552
1553
1555
1556
1557
1558
1559
1563
1564
1567
1568
1571
1578
1583
1585
1587
1591
1595
1598
1599
1602
1604
1605
1611
1613
1614
1616
1619
1622
1623
1624
1627
1628
1629
1634
1639
1640
1647
1650
1654
1655
1656
1657
1658
1664
1666
1667
1669
1672
1675
1676
1678
1680
1681
1684
1687
1688
1689
1692
1694
1697
1699
1700
1701
1704
1709
1711
1714
1723
1730
1734
1736
1741
1745
1747
1748
1750
1751
1757
1761
1762
1769
1779
1781
1784
1789
1792
1794
1796
1797
1802
1803
1804
1807
1809
1811
1812
1813
1815
1819
1820
1823
1825
1828
1830
1832
1837
157
105
97
125
122
49
101
62
29
36
132
48
112
158
7
131
117
76
129
31
73
60
61
17
139
146
164
54
70
90
124
23
50
154
147
8
159
1
13
84
12
2
91
133
152
142
18
100
104
26
148
25
38
126
19
42
86
130
140
93
45
119
108
11
56
32
28
85
37
94
22
143
157
151
149
27
52
75
114
78
88
79
161
160
24
4
107
87
46
162
138
16
57
82
115
120
121
72
136
116
128
20
127
99
53
77
92
47
74
5
64
69
89
102
144
59
123
44
14
67
155
3
63
30
81
66
0
98
110
118
51
40
39
103
58
80
113
83
145
9
6
135
141
134
21
153
15
65
109
43
156
34
137
95
41
150
55
106
