149
19
34
35
38
50
67
69
75
76
78
83
85
96
111
115
118
120
128
129
132
133
140
148
159
165
182
187
195
213
216
220
227
232
233
239
244
255
262
266
270
285
300
304
306
309
327
330
362
367
395
402
410
411
415
417
422
472
491
492
503
505
512
515
518
539
540
555
559
561
578
608
610
613
628
642
645
648
653
669
672
680
692
700
703
706
709
710
714
731
741
748
749
765
768
774
775
776
778
779
783
801
807
812
817
843
846
854
868
869
870
871
872
878
883
898
899
904
909
915
919
924
943
945
957
959
966
972
982
995
1010
1020
1021
1025
1029
1032
1036
1055
1059
1062
1065
1077
1084
1086
1092
1095
1099
1101
1102
1103
72
31
6
42
4
12
17
24
61
9
43
28
71
58
56
69
49
86
62
41
35
10
7
22
80
84
55
36
51
14
83
32
66
54
73
34
3
5
82
44
77
72
19
64
81
59
53
20
23
13
16
27
46
40
30
45
38
60
11
18
8
76
52
26
33
48
47
29
37
1
78
67
2
