272
0
24
30
37
45
49
80
83
86
96
99
112
146
147
157
170
192
201
205
217
218
224
230
256
260
283
305
306
310
316
335
342
346
353
356
366
369
370
372
373
374
381
384
411
427
434
441
470
484
499
501
502
514
545
546
548
549
550
553
559
562
573
574
575
576
581
586
587
589
590
604
652
662
667
721
724
745
746
761
770
772
774
777
779
785
787
791
803
820
827
830
845
849
859
865
872
878
894
906
915
918
928
930
946
947
961
964
988
989
1022
1031
1036
1046
1049
1053
1063
1077
1078
1089
1092
1096
1115
1120
1130
1139
1167
1169
1170
1194
1215
1266
1267
1269
1308
1330
1337
1342
1351
1352
1362
1365
1371
1375
1384
1386
1391
1400
1401
1420
1452
1461
1469
1479
1487
1493
1506
1538
1541
1553
1557
1574
1580
1581
1584
1602
1604
1607
1624
1625
1626
1642
1655
1660
1680
1694
1701
1753
1757
1785
1787
1793
1799
1813
1818
1819
1822
1858
1865
1866
1869
1876
1889
1958
1963
1967
1970
1978
1981
1990
2005
2006
2009
2019
2023
2030
2031
2039
2040
2053
2055
2062
2066
2072
2076
2090
2097
2107
2116
2129
2133
2134
2146
2149
2165
2173
2187
2212
2235
2240
2244
2247
2251
2252
2262
2269
2290
2302
2305
2307
2316
2333
2343
2345
2347
2351
2355
2369
2377
2379
2404
2408
2413
2415
2416
2420
2437
2438
2441
2442
2456
2460
2462
2489
2491
2529
2535
2545
2557
2560
2578
2617
2621
153
44
147
155
10
159
75
136
146
25
102
153
7
137
87
105
143
139
117
86
101
45
78
119
130
48
27
17
113
42
50
142
120
116
97
151
58
121
4
22
30
71
157
19
128
140
156
37
9
129
94
122
106
123
6
93
18
24
138
84
70
57
131
63
132
107
35
114
144
59
108
79
111
65
160
0
89
68
14
2
109
98
118
158
135
72
56
51
60
39
83
74
152
92
133
95
110
23
69
127
149
100
145
33
52
154
5
99
3
104
73
40
96
125
54
31
16
141
53
34
76
1
112
26
29
77
20
12
80
81
85
55
91
61
11
66
148
150
82
88
134
43
46
64
126
28
67
49
21
103
124
41
8
32
