673
7
10
14
15
18
19
24
25
28
32
33
34
36
42
43
50
52
53
57
59
61
64
65
67
73
74
78
79
80
82
83
85
89
91
93
104
106
108
110
113
116
122
125
126
130
133
135
136
138
140
142
149
151
157
160
161
163
164
165
166
167
168
173
186
192
195
206
207
209
216
217
218
220
222
223
224
230
235
236
240
242
243
244
245
247
249
252
253
256
257
259
262
266
272
273
274
278
283
286
290
293
295
297
298
304
310
311
314
316
318
320
329
330
331
334
337
342
343
349
352
357
359
362
363
367
372
375
381
383
384
386
387
388
389
391
392
393
398
402
403
408
409
410
411
417
420
421
422
426
427
432
433
434
437
438
440
442
446
448
451
452
455
457
459
463
465
466
467
470
475
482
483
487
489
491
493
495
497
498
499
501
502
505
506
508
511
513
520
521
523
528
529
532
533
537
541
542
545
549
550
551
555
562
566
568
575
578
590
592
593
594
595
596
597
599
600
607
608
610
614
616
621
627
631
641
644
645
646
647
650
651
652
655
659
661
662
663
671
672
673
675
676
678
681
684
685
687
688
689
690
691
695
697
698
699
709
710
712
715
718
719
720
722
726
729
731
733
734
735
738
739
741
744
747
748
752
754
756
757
760
761
763
767
771
774
777
781
782
783
784
791
792
794
796
801
803
804
807
808
809
811
812
813
816
818
819
823
824
825
829
832
833
834
835
837
841
842
850
851
853
856
857
858
859
867
876
880
883
886
887
889
890
891
892
899
900
904
905
907
909
917
920
928
931
933
935
936
938
941
945
948
949
951
953
954
955
967
970
971
974
978
979
980
982
983
985
989
990
991
992
993
998
1000
1008
1015
1020
1023
1024
1027
1035
1038
1039
1042
1043
1045
1049
1050
1051
1055
1056
1058
1060
1062
1063
1067
1068
1073
1074
1079
1083
1084
1086
1089
1090
1092
1095
1096
1099
1101
1102
1104
1105
1107
1114
1117
1118
1123
1124
1132
1134
1140
1145
1147
1153
1161
1164
1165
1166
1167
1170
1173
1174
1175
1181
1184
1185
1189
1190
1194
1197
1199
1201
1203
1204
1211
1214
1216
1221
1223
1228
1229
1232
1238
1239
1246
1248
1250
1252
1253
1254
1260
1261
1263
1269
1271
1273
1274
1275
1276
1277
1281
1283
1285
1288
1291
1292
1294
1295
1296
1300
1303
1304
1307
1308
1309
1310
1312
1313
1315
1317
1319
1323
1328
1331
1332
1333
1334
1337
1339
1342
1345
1346
1347
1351
1352
1355
1358
1359
1364
1366
1370
1373
1374
1376
1377
1379
1380
1381
1382
1383
1391
1397
1400
1401
1402
1403
1409
1413
1416
1418
1420
1425
1426
1427
1431
1432
1433
1437
1438
1440
1442
1448
1449
1451
1454
1457
1459
1461
1463
1466
1473
1476
1477
1478
1480
1486
1488
1492
1499
1500
1501
1504
1507
1514
1515
1517
1518
1521
1522
1525
1528
1530
1533
1540
1544
1546
1547
1548
1549
1552
1555
1556
1558
1559
1563
1564
1572
1573
1578
1579
1581
1582
1584
1585
1588
1593
1601
1605
1608
1609
1610
1613
1617
1619
1621
1622
1624
1625
1631
1632
1634
1636
1638
1643
1646
1651
1652
1653
1656
1657
1659
1663
1664
1667
1673
1684
1687
1695
1703
1704
1708
1710
1714
1715
1716
1717
1721
1722
1723
1725
1731
1738
1741
1750
1756
1758
1761
1762
1765
1770
1771
1772
1775
1777
1779
1783
1784
1785
1786
1789
1790
1795
1799
1801
1803
1806
1816
1824
1826
1828
1830
1832
1834
154
19
153
74
12
5
112
33
115
119
96
55
39
89
30
148
83
82
36
155
145
57
44
59
54
109
17
14
7
77
144
79
159
42
101
128
64
29
50
80
114
133
22
75
62
162
73
100
97
28
136
31
142
45
9
90
129
18
137
32
108
132
11
116
158
84
151
103
102
122
41
52
66
126
1
93
107
88
38
85
146
150
15
157
117
40
67
156
69
76
98
72
51
4
160
63
118
10
127
154
6
24
2
138
61
106
113
16
124
56
164
99
47
0
143
94
60
71
141
104
78
37
46
27
130
121
152
92
25
13
134
43
111
125
81
120
135
65
3
161
8
139
110
23
131
20
95
26
87
49
34
105
147
70
21
