149
26
27
34
35
36
39
51
52
65
75
79
80
89
103
109
116
121
124
132
133
149
161
171
189
199
208
209
215
239
246
248
250
252
262
265
272
276
284
291
297
299
310
313
319
321
325
326
330
339
353
358
359
368
369
372
399
409
411
412
422
423
446
465
466
477
485
486
489
521
522
529
538
555
558
561
575
580
582
590
593
596
597
598
602
609
613
619
622
624
649
651
653
673
675
687
703
705
708
714
715
718
735
748
760
764
767
770
781
802
819
830
836
848
855
867
872
874
876
880
881
891
902
909
924
934
950
965
970
977
1001
1003
1009
1010
1020
1021
1035
1040
1044
1047
1056
1068
1071
1072
1079
1081
1085
1090
1097
1100
74
58
76
14
61
26
2
27
70
44
32
55
49
69
74
25
15
41
87
0
66
64
57
35
80
10
19
82
53
62
43
11
50
42
71
36
18
52
46
60
83
38
47
45
8
6
85
51
28
68
54
7
20
67
48
84
86
33
1
13
12
59
40
56
24
29
5
65
81
17
39
4
78
30
23
