265
18
29
38
43
60
61
69
72
76
80
90
100
107
109
128
130
132
135
138
140
149
157
158
162
180
188
201
208
225
253
256
260
266
274
277
280
291
292
299
302
310
321
340
343
351
379
396
406
409
410
414
422
430
431
481
490
494
501
517
518
530
531
535
550
564
583
613
614
634
651
661
666
672
691
701
717
722
723
728
739
740
779
783
796
797
798
800
809
824
854
859
863
867
869
871
877
878
890
895
897
936
943
954
966
974
991
1011
1048
1051
1058
1062
1081
1082
1091
1099
1106
1120
1127
1129
1130
1141
1168
1169
1177
1184
1185
1189
1209
1213
1217
1231
1236
1237
1238
1240
1256
1259
1263
1264
1268
1284
1285
1288
1296
1298
1302
1304
1319
1344
1349
1350
1351
1361
1391
1417
1435
1438
1445
1451
1464
1465
1470
1476
1482
1489
1517
1518
1534
1555
1585
1586
1598
1608
1639
1641
1643
1665
1677
1680
1688
1699
1709
1710
1721
1723
1729
1737
1745
1753
1754
1761
1766
1802
1809
1828
1838
1842
1851
1854
1868
1870
1881
1887
1900
1908
1914
1919
1932
1937
1940
1959
1966
1978
1979
2011
2013
2049
2051
2069
2078
2099
2108
2112
2130
2162
2170
2190
2192
2210
2221
2226
2236
2241
2248
2251
2274
2284
2297
2308
2323
2342
2353
2370
2374
2385
2386
2392
2405
2420
2437
2462
2465
2467
2511
2522
2523
2538
2558
2559
2565
2570
2581
2594
2615
2622
153
108
13
153
105
61
36
117
113
155
94
55
89
120
39
8
10
9
3
16
72
46
41
111
126
149
18
66
73
100
71
27
136
82
70
53
33
160
93
138
118
38
19
124
134
75
157
151
76
148
129
96
98
152
131
141
128
150
109
12
60
110
24
48
21
2
56
146
31
0
135
17
99
104
32
43
1
49
145
79
112
40
37
133
22
114
63
85
121
23
68
6
78
116
122
25
65
30
54
84
132
81
147
44
144
142
11
20
69
125
87
57
28
50
115
59
47
127
58
14
26
74
15
34
86
52
140
67
158
90
119
159
143
106
83
29
130
4
92
123
156
107
91
45
88
62
5
80
7
97
95
137
139
51
