686
4
5
9
10
11
13
14
15
16
17
18
19
24
30
33
35
36
37
38
39
40
41
43
44
46
47
48
49
51
52
53
54
55
56
58
60
61
62
63
64
65
67
68
69
71
73
75
76
77
79
80
81
83
85
86
88
90
91
92
93
96
98
99
103
104
105
107
109
110
111
112
113
115
116
117
118
119
121
122
125
126
129
130
132
134
135
136
138
139
140
141
142
144
147
148
149
150
151
152
153
154
155
158
159
162
164
165
166
167
168
170
171
173
174
175
176
177
179
181
182
183
184
185
187
189
190
191
192
193
194
195
198
200
201
205
206
207
209
210
214
215
216
218
219
220
221
222
223
224
225
227
228
232
235
236
238
241
242
244
245
246
250
252
253
254
255
257
258
259
260
263
264
265
266
267
268
271
272
273
277
278
279
280
281
282
283
284
285
287
288
290
291
294
297
298
300
301
302
303
304
305
306
307
308
309
311
312
314
315
316
317
318
319
320
321
322
323
324
327
331
332
334
335
336
338
341
343
344
345
346
350
352
353
354
355
357
365
366
367
368
369
370
372
373
374
379
383
384
387
388
389
390
391
392
393
394
395
397
399
400
401
404
407
408
409
411
415
419
420
422
423
424
425
426
428
430
432
433
434
436
437
439
440
441
443
444
445
446
447
450
452
453
454
457
458
459
461
465
466
467
468
469
475
476
477
478
480
482
483
484
485
487
488
489
490
491
493
497
498
499
500
501
502
503
505
508
509
510
511
513
514
515
518
520
521
522
524
525
527
529
530
531
532
536
538
539
540
541
543
544
549
550
552
553
555
557
558
560
561
562
564
565
566
567
568
569
570
571
572
573
574
575
576
582
583
585
586
588
589
590
592
593
594
595
596
597
598
600
601
602
603
604
606
608
609
610
616
617
618
619
620
622
624
627
628
631
632
633
634
635
636
637
640
641
642
644
645
649
653
655
656
657
658
662
663
664
665
666
667
669
670
674
677
679
680
681
682
687
688
689
690
693
695
696
697
698
700
702
703
706
708
709
711
712
713
714
717
718
719
722
723
725
726
727
730
732
733
735
737
738
739
741
742
743
744
746
747
750
751
752
753
754
760
762
764
765
766
767
768
770
771
772
775
776
777
779
780
781
782
783
784
786
787
789
790
796
797
798
801
803
804
807
808
811
812
813
814
816
818
819
820
821
823
825
826
828
832
835
836
837
840
841
842
844
845
846
848
851
852
856
859
860
861
862
863
864
866
868
869
870
871
873
875
876
877
878
880
882
883
884
886
888
890
891
892
893
896
897
901
902
905
906
908
909
910
911
913
914
917
918
919
920
921
922
923
924
929
930
931
932
934
935
936
937
939
942
943
946
947
949
951
952
954
955
959
961
962
965
967
968
969
970
974
976
980
982
983
985
987
990
991
994
995
996
997
998
999
1001
1003
1006
1007
1009
1011
1012
1013
1015
1016
1019
1021
1024
1025
1026
1027
1028
1030
1031
1033
1035
1037
1038
1042
1043
1047
1049
1050
1051
1052
1054
1058
1059
1060
1061
1062
1065
1067
1068
1070
1072
1073
1074
1076
1078
1082
1083
1084
1085
1087
1088
1090
1091
1093
1094
1095
1098
1101
1105
83
8
78
9
22
69
7
73
23
63
30
21
50
47
82
37
36
1
81
42
67
27
29
83
4
11
64
25
52
45
76
46
17
2
43
16
55
53
24
6
60
71
56
87
58
26
14
48
70
62
18
68
85
80
77
51
57
32
15
28
84
61
10
39
41
19
65
13
20
0
72
40
3
75
86
74
54
59
38
5
49
44
12
35
