644
23
24
25
28
42
46
58
59
61
67
69
70
71
73
77
79
80
84
86
91
92
93
95
102
110
112
114
116
117
118
119
124
126
127
129
130
142
143
144
145
153
155
156
158
161
164
167
168
170
171
174
177
186
189
191
192
193
195
196
202
204
207
209
211
217
218
219
222
223
224
225
230
233
235
236
237
239
242
244
245
247
248
250
251
255
256
267
268
272
284
285
286
287
290
294
296
298
300
304
310
313
317
318
325
326
328
330
331
332
333
335
336
341
343
348
350
352
354
357
359
360
361
362
363
364
365
367
368
369
371
372
373
375
377
382
387
388
389
391
394
396
400
401
402
403
408
414
417
420
421
425
426
428
429
434
437
439
440
441
443
444
446
447
448
449
451
454
455
458
459
460
463
464
466
472
473
475
479
483
484
498
501
504
505
506
508
509
521
522
523
526
527
530
531
534
536
538
553
554
558
559
560
561
562
566
567
568
574
575
576
578
583
585
589
592
593
598
600
601
602
605
607
608
610
616
618
621
622
624
625
626
628
631
635
637
639
643
646
647
650
651
652
654
656
657
660
665
667
668
672
673
683
684
687
688
698
700
704
705
706
709
710
713
716
719
720
721
722
723
725
726
727
728
731
732
734
742
743
748
749
750
754
755
756
758
759
761
766
771
772
773
775
776
782
786
789
790
791
794
795
798
807
808
811
818
820
822
825
828
829
831
832
833
834
835
836
838
843
844
854
859
862
864
867
871
873
876
882
886
887
889
891
892
893
897
909
912
913
914
923
925
931
933
935
937
938
944
948
950
956
957
961
962
963
968
970
975
976
977
979
980
988
990
993
996
1000
1007
1009
1010
1012
1013
1014
1015
1017
1020
1022
1027
1028
1029
1032
1035
1038
1039
1046
1049
1053
1057
1058
1060
1061
1062
1064
1065
1068
1072
1073
1075
1080
1082
1084
1090
1093
1097
1099
1100
1101
1103
1104
1105
1107
1109
1110
1118
1126
1132
1133
1134
1144
1148
1155
1156
1157
1162
1164
1165
1167
1168
1170
1171
1173
1185
1188
1189
1191
1193
1195
1196
1199
1200
1203
1204
1205
1208
1211
1217
1221
1222
1227
1230
1240
1244
1247
1254
1255
1258
1267
1268
1272
1274
1275
1276
1277
1278
1279
1287
1288
1291
1292
1293
1294
1295
1297
1298
1299
1302
1311
1313
1314
1322
1324
1333
1340
1343
1344
1345
1349
1353
1355
1356
1359
1360
1363
1368
1371
1374
1380
1388
1389
1390
1391
1401
1403
1406
1412
1422
1424
1425
1428
1429
1433
1435
1437
1442
1448
1458
1460
1461
1462
1467
1474
1475
1479
1480
1481
1482
1483
1488
1489
1495
1496
1499
1500
1503
1513
1514
1522
1527
1528
1530
1532
1537
1538
1542
1550
1552
1555
1557
1558
1562
1563
1565
1566
1567
1570
1572
1575
1576
1580
1581
1584
1589
1598
1601
1602
1603
1605
1608
1610
1614
1620
1621
1623
1626
1629
1630
1637
1644
1645
1647
1650
1651
1659
1666
1668
1670
1672
1673
1676
1677
1681
1683
1686
1693
1694
1698
1699
1700
1712
1714
1716
1719
1721
1722
1723
1725
1727
1728
1729
1731
1734
1736
1738
1742
1743
1745
1746
1751
1752
1756
1760
1764
1765
1768
1774
1776
1780
1782
1789
1790
1791
1792
1799
1800
1804
1817
1820
1822
1823
1826
1830
1833
1835
1836
1838
156
118
137
103
86
4
98
20
163
6
9
115
160
161
119
124
145
135
79
153
117
154
158
105
39
140
123
96
70
71
33
156
144
66
54
155
28
133
43
32
55
92
72
21
109
36
102
104
0
78
73
138
49
90
151
125
60
41
68
159
112
61
84
150
58
83
44
157
106
141
152
35
146
100
45
116
129
16
11
46
50
110
3
111
82
5
107
30
59
120
8
24
77
37
80
114
63
57
14
148
27
67
162
93
15
76
134
18
75
19
56
91
136
17
97
99
94
51
95
22
128
89
25
2
108
7
113
130
64
132
26
10
149
1
131
23
13
69
147
65
38
31
85
52
29
143
122
40
47
42
87
127
88
34
101
74
121
