149
9
12
29
31
39
40
51
55
61
72
76
79
87
106
115
143
148
168
172
179
187
203
206
213
221
225
228
246
249
250
259
265
269
275
280
286
290
291
292
295
308
311
314
326
331
338
339
345
359
361
376
377
384
386
388
393
398
401
416
417
422
432
436
471
477
508
516
519
525
534
538
543
546
551
565
566
569
573
582
591
601
602
627
630
643
649
654
664
671
685
695
696
697
701
707
711
721
725
728
734
735
746
747
763
778
787
789
807
817
820
825
836
840
843
845
855
872
880
896
905
916
931
934
942
951
960
966
992
994
995
1002
1008
1013
1014
1018
1047
1052
1056
1060
1064
1067
1075
1078
1090
1092
1095
1097
1101
1107
77
73
20
71
76
67
13
81
5
78
38
24
68
29
80
54
33
34
37
21
61
35
0
64
48
19
77
63
53
31
14
36
28
65
42
16
17
10
18
2
12
70
50
52
23
3
15
41
66
26
45
27
9
83
69
46
47
22
1
8
11
32
75
4
84
7
57
56
60
51
79
40
6
82
87
39
59
58
