115
36
47
55
62
69
74
76
82
88
92
171
221
239
257
263
265
266
267
268
272
275
277
288
302
303
315
361
369
444
498
579
632
678
709
715
729
807
809
821
839
841
874
894
939
949
962
990
1012
1013
1026
1038
1042
1050
1062
1115
1160
1204
1237
1247
1278
1301
1308
1335
1350
1359
1366
1389
1397
1445
1446
1537
1556
1572
1578
1601
1608
1679
1718
1728
1734
1740
1830
1859
1881
1889
1903
1966
1994
1996
2010
2027
2031
2056
2062
2064
2124
2129
2132
2133
2143
2147
2149
2166
2206
2240
2244
2320
2334
2355
2358
2365
2378
2383
2385
2404
154
135
35
145
104
127
66
0
94
90
141
4
51
96
143
48
112
52
26
69
49
46
32
98
105
125
121
31
87
73
29
37
17
62
70
159
152
99
123
5
77
160
129
76
154
63
132
19
138
65
71
84
147
59
20
54
100
146
142
50
148
158
9
42
115
91
134
53
23
117
88
8
131
18
6
1
36
64
55
161
111
33
119
47
149
124
122
25
107
155
162
108
72
15
137
27
74
106
21
82
79
44
30
120
7
136
41
28
57
86
14
93
56
83
130
118
103
97
126
150
80
2
68
34
133
58
101
10
156
95
22
45
140
89
38
153
3
78
60
67
110
40
139
43
75
109
16
102
12
113
92
39
144
151
61
