686
5
7
8
9
10
13
15
16
19
20
21
23
24
25
26
28
30
32
33
35
38
40
42
45
46
47
48
49
52
53
54
55
58
61
62
63
65
68
70
71
72
74
78
79
81
82
83
85
87
88
89
90
91
93
94
95
96
98
99
100
101
102
104
106
107
108
110
113
115
117
118
121
124
126
129
131
133
135
137
140
141
142
144
145
146
147
148
149
150
152
153
156
157
159
160
161
162
164
165
166
170
171
173
174
176
177
178
179
182
183
186
187
188
191
192
193
194
196
197
199
201
202
203
204
205
208
211
212
213
214
215
218
219
222
223
224
225
226
227
228
229
230
231
232
234
235
236
238
241
242
243
244
245
246
247
248
249
253
254
261
262
264
267
269
270
271
272
273
275
277
278
279
281
282
283
285
288
289
292
293
294
295
296
297
298
299
300
301
302
303
304
305
307
308
311
312
313
316
319
320
321
322
323
324
325
326
329
331
332
333
334
335
336
337
338
340
341
342
344
345
346
347
349
350
352
357
358
360
361
363
364
365
366
367
368
369
371
373
374
375
378
379
380
381
382
383
384
385
386
387
389
390
391
397
398
401
402
403
405
407
408
409
411
414
416
417
419
420
421
422
424
426
427
428
429
430
431
432
433
434
435
438
439
441
442
444
445
446
447
449
451
452
454
456
458
459
460
461
463
464
465
471
473
475
476
477
478
480
481
483
484
489
490
492
493
495
498
499
502
506
507
508
509
510
513
514
515
516
517
518
522
525
526
527
528
529
531
539
540
541
544
545
546
547
548
550
553
554
555
559
562
564
565
566
567
568
571
572
574
576
577
581
582
583
584
585
586
588
590
591
592
593
594
599
600
601
603
605
607
608
609
611
612
613
614
615
616
618
619
620
622
623
624
627
629
630
632
633
636
640
643
645
647
650
651
653
654
655
656
657
658
659
662
663
664
666
667
668
669
670
672
674
675
676
678
680
682
684
685
687
688
689
691
692
693
694
695
696
697
698
699
700
701
702
704
705
708
709
710
711
712
713
714
715
717
718
719
721
723
724
729
731
732
733
734
735
737
738
740
742
743
744
745
749
750
760
762
763
766
767
768
769
770
771
774
775
776
777
778
780
781
782
783
787
788
792
793
794
795
798
799
801
802
803
804
806
810
811
812
813
814
815
816
818
823
824
825
826
828
829
831
832
833
834
835
837
839
841
842
844
845
846
847
848
849
851
852
854
856
857
858
859
860
861
862
863
865
867
869
871
876
878
883
885
886
887
888
889
890
891
892
894
895
896
897
898
899
902
903
904
905
908
909
911
913
915
916
918
920
921
922
923
924
925
926
927
931
933
934
936
937
939
940
942
943
944
948
950
951
958
962
964
966
968
970
971
973
977
978
980
982
984
985
987
988
994
995
999
1000
1001
1006
1008
1009
1010
1014
1015
1016
1017
1018
1019
1021
1022
1025
1026
1028
1029
1030
1033
1034
1035
1037
1040
1041
1043
1044
1046
1047
1048
1049
1053
1056
1057
1058
1059
1062
1063
1064
1065
1067
1071
1072
1073
1074
1075
1077
1078
1079
1081
1083
1084
1085
1086
1087
1088
1089
1090
1092
1094
1095
1096
1097
1100
1102
1103
1106
1107
83
85
50
55
63
22
65
8
43
42
3
31
2
35
33
72
36
45
68
14
28
37
73
53
18
38
52
59
49
41
61
83
40
77
20
25
5
21
76
7
15
70
29
56
64
4
54
6
1
79
60
9
27
16
75
23
62
11
13
19
78
82
47
71
57
51
46
17
80
81
30
10
86
66
0
26
24
48
58
87
32
69
84
67
