124
26
158
191
195
201
208
218
257
277
306
318
334
430
446
448
459
460
461
462
482
520
581
583
585
602
603
634
642
654
745
779
791
793
797
811
829
837
853
857
858
859
862
886
911
920
921
932
936
948
953
991
1036
1058
1069
1077
1111
1124
1132
1158
1174
1230
1248
1289
1300
1304
1311
1325
1351
1356
1362
1364
1373
1398
1417
1437
1443
1446
1503
1520
1535
1540
1569
1591
1594
1631
1636
1661
1667
1671
1693
1708
1771
1784
1796
1872
1873
1924
1965
1979
2010
2051
2087
2100
2116
2131
2132
2161
2162
2170
2187
2200
2207
2217
2224
2245
2276
2329
2338
2350
2355
2359
2368
2389
2430
149
161
79
88
54
13
84
29
159
97
10
93
15
162
48
28
150
91
127
51
24
60
47
98
135
62
53
30
72
0
32
8
102
86
133
65
117
155
125
151
96
85
12
25
139
66
34
138
78
55
100
46
128
4
156
126
120
94
43
87
112
36
109
160
118
19
123
70
20
26
52
131
74
45
130
40
56
148
104
154
116
6
16
63
2
59
61
142
33
67
115
57
108
11
1
114
71
105
157
39
64
90
101
149
119
82
69
22
121
9
42
140
58
80
49
113
137
44
134
153
18
145
110
106
37
83
3
14
68
111
122
107
21
92
23
147
31
50
73
144
152
17
35
141
146
124
158
5
103
41
