247
14
64
81
83
87
90
96
101
104
121
125
131
137
139
143
149
163
164
188
193
229
235
236
238
250
296
308
316
320
333
336
337
349
372
374
378
402
415
419
434
439
441
442
449
456
469
474
487
506
513
570
573
584
615
624
634
665
667
730
731
734
744
747
755
757
758
784
785
791
795
836
853
855
862
872
890
892
901
921
928
946
955
966
976
977
986
987
1004
1008
1021
1031
1035
1050
1053
1055
1059
1061
1066
1068
1078
1079
1082
1086
1111
1140
1141
1150
1161
1188
1195
1204
1206
1208
1223
1228
1229
1238
1244
1245
1251
1267
1269
1281
1282
1293
1314
1315
1339
1349
1352
1357
1361
1365
1371
1378
1388
1396
1404
1405
1417
1421
1443
1449
1461
1470
1477
1494
1522
1535
1540
1545
1558
1562
1563
1567
1588
1594
1597
1599
1606
1607
1629
1643
1658
1660
1665
1667
1679
1683
1695
1700
1716
1718
1721
1736
1751
1761
1767
1793
1799
1804
1849
1857
1861
1862
1899
1902
1907
1909
1910
1912
1921
1939
1956
1962
1964
1990
1991
2004
2009
2010
2012
2017
2053
2058
2059
2080
2085
2093
2106
2108
2120
2122
2126
2130
2133
2139
2147
2162
2185
2215
2220
2248
2253
2258
2270
2279
2305
2317
2326
2333
2349
2389
2394
2403
2413
2441
2458
2459
2493
2498
2500
2511
2524
2556
2572
2617
160
32
96
62
1
36
133
72
31
5
152
126
118
140
37
86
156
159
85
148
87
0
53
137
75
82
160
12
55
136
145
54
51
150
131
25
49
125
127
81
56
115
90
141
158
143
101
103
14
11
144
70
52
30
6
106
94
155
80
46
95
146
40
28
68
26
3
100
10
112
9
42
67
38
153
74
13
151
105
128
91
89
48
2
66
113
149
134
27
107
18
24
154
98
119
83
47
34
44
58
129
4
65
16
138
50
39
20
17
69
41
92
21
132
120
123
76
109
88
116
57
63
104
147
45
73
64
157
59
121
110
43
93
99
135
124
139
142
33
77
130
29
23
60
79
71
35
114
15
117
8
102
78
61
19
111
22
108
84
7
122
