255
14
28
59
70
89
96
99
129
131
141
145
170
176
182
184
190
193
195
209
220
221
228
230
242
244
261
263
265
279
284
317
319
320
321
330
342
350
354
367
376
381
407
415
432
438
448
485
486
491
497
509
514
519
527
545
553
562
582
601
637
651
657
665
683
684
689
707
725
740
747
751
757
758
766
769
773
780
781
827
841
847
854
862
864
883
901
926
942
965
967
970
1020
1039
1047
1048
1049
1061
1073
1074
1097
1111
1129
1139
1141
1142
1175
1176
1183
1185
1203
1225
1232
1238
1247
1251
1260
1275
1301
1308
1309
1319
1322
1324
1348
1350
1357
1360
1362
1368
1384
1395
1411
1427
1437
1447
1456
1488
1510
1516
1553
1560
1579
1598
1610
1620
1625
1634
1635
1636
1637
1655
1664
1693
1700
1711
1730
1738
1739
1744
1745
1758
1761
1762
1766
1790
1794
1808
1822
1829
1849
1851
1863
1868
1874
1877
1881
1887
1890
1894
1920
1926
1942
1947
1981
1982
2010
2026
2062
2073
2093
2102
2107
2116
2132
2143
2164
2169
2173
2182
2184
2186
2197
2199
2203
2210
2211
2217
2227
2230
2234
2264
2269
2272
2280
2289
2290
2293
2295
2312
2321
2341
2346
2353
2361
2368
2398
2400
2413
2420
2424
2429
2432
2442
2448
2454
2457
2470
2473
2474
2475
2477
2482
2484
2500
2542
2552
2559
2566
2570
2582
2584
2596
2601
2611
2616
161
13
120
3
83
135
57
88
27
81
65
141
151
11
0
92
117
124
49
104
133
54
60
44
115
68
160
42
63
75
76
36
159
84
38
21
103
150
147
152
8
39
14
74
53
25
40
56
71
24
157
29
82
118
66
155
91
153
146
142
1
47
114
26
15
61
46
110
34
7
131
87
35
156
23
79
62
18
98
28
41
136
97
125
128
73
90
78
112
37
127
45
5
148
48
95
72
129
31
113
154
132
32
22
107
137
17
109
6
140
85
122
96
119
33
126
144
9
20
93
143
69
130
70
108
105
145
149
99
43
138
64
58
51
100
19
30
80
12
50
16
134
59
123
2
52
94
102
4
10
77
116
158
55
101
106
111
121
86
67
139
89
