240
23
53
58
69
70
76
86
104
114
122
126
152
167
169
182
184
196
246
248
282
288
306
311
316
323
326
334
370
382
412
421
439
459
470
476
483
506
513
525
527
535
550
554
577
590
601
623
626
629
640
647
682
684
692
707
708
720
725
732
767
779
786
814
819
850
878
888
890
893
894
917
919
928
929
931
950
957
960
969
970
993
999
1013
1047
1052
1057
1059
1068
1070
1085
1100
1103
1105
1112
1122
1132
1133
1145
1192
1193
1198
1200
1208
1209
1218
1221
1226
1232
1273
1280
1284
1291
1293
1302
1309
1321
1373
1378
1418
1425
1445
1448
1455
1466
1471
1478
1509
1519
1523
1540
1544
1564
1569
1572
1585
1601
1619
1621
1642
1664
1665
1670
1679
1689
1704
1715
1727
1728
1741
1744
1747
1749
1763
1785
1791
1796
1797
1858
1870
1882
1893
1897
1898
1904
1927
1933
1945
1950
1954
1957
1959
1971
1978
1984
1992
2006
2019
2030
2043
2046
2052
2053
2057
2058
2059
2062
2080
2087
2105
2107
2115
2150
2155
2157
2174
2179
2181
2195
2196
2198
2210
2213
2214
2241
2245
2251
2267
2269
2289
2290
2306
2312
2314
2324
2332
2342
2343
2363
2370
2381
2383
2395
2407
2419
2423
2438
2442
2444
2460
2469
2478
2490
2495
2503
2543
2557
2570
2582
2587
2608
153
51
14
135
157
29
5
60
73
134
71
96
66
128
118
130
53
68
120
43
47
58
0
107
84
63
148
61
121
76
39
70
26
95
83
100
101
74
160
159
122
117
86
49
24
13
142
64
7
35
52
30
31
6
103
80
89
110
124
144
131
34
132
2
146
109
55
9
94
10
72
154
36
115
32
145
136
106
67
99
97
93
57
151
92
90
129
12
125
54
102
78
41
59
111
3
20
133
40
16
81
85
23
150
1
141
69
127
19
147
17
138
139
112
37
123
88
11
119
48
45
105
65
140
79
104
126
153
50
155
116
108
62
156
114
28
113
18
38
42
56
87
46
4
44
15
27
82
22
21
143
8
98
158
