253
5
31
34
55
68
69
80
81
108
119
122
133
141
142
146
148
162
168
183
191
192
201
210
212
236
237
241
248
256
257
274
287
290
303
324
342
347
373
392
401
407
411
455
462
486
490
491
492
495
513
520
522
533
534
569
573
577
580
585
588
599
610
611
616
622
636
641
646
649
671
677
686
701
704
707
712
730
732
755
761
767
777
781
791
797
807
810
827
837
847
849
870
887
893
906
908
925
930
937
971
1003
1024
1041
1046
1048
1060
1064
1065
1069
1071
1086
1089
1156
1167
1172
1264
1269
1270
1282
1285
1294
1297
1324
1335
1337
1359
1364
1374
1383
1386
1389
1398
1418
1437
1438
1477
1483
1494
1499
1507
1513
1519
1523
1532
1553
1559
1562
1569
1574
1581
1608
1633
1638
1639
1645
1651
1655
1667
1679
1684
1702
1722
1745
1753
1762
1779
1781
1789
1808
1810
1815
1817
1830
1831
1834
1870
1894
1901
1910
1914
1918
1924
1967
1981
1983
1988
2008
2010
2016
2017
2035
2039
2047
2048
2054
2059
2063
2065
2077
2082
2097
2098
2132
2138
2146
2149
2161
2179
2187
2189
2192
2220
2224
2225
2228
2240
2241
2250
2261
2290
2297
2307
2310
2327
2338
2341
2342
2366
2369
2372
2373
2392
2433
2450
2453
2484
2490
2499
2502
2508
2510
2515
2519
2526
2538
2549
2562
2582
2583
2601
2605
2608
2616
161
63
3
146
36
91
99
28
160
48
74
13
128
53
134
11
80
135
69
0
37
24
139
98
79
39
26
103
119
140
151
6
105
72
89
102
82
64
15
141
88
116
110
10
109
108
78
123
25
81
60
112
121
76
148
117
31
143
7
144
2
1
59
67
85
27
51
54
66
19
70
73
58
38
5
8
77
150
153
43
149
87
120
29
17
157
20
21
55
12
100
106
138
32
130
56
131
145
114
18
129
46
93
83
156
159
158
92
125
133
40
107
75
101
94
49
52
97
127
42
122
44
154
16
152
14
142
132
4
50
113
35
90
68
147
84
137
33
96
61
111
57
71
115
30
41
22
86
23
118
9
126
155
45
104
65
124
62
34
95
47
136
