686
8
9
12
15
17
18
19
20
21
24
26
29
30
32
33
34
35
36
37
38
39
40
41
42
43
45
46
49
51
52
54
59
60
61
62
63
64
65
66
69
70
72
73
74
76
77
79
80
84
85
86
87
88
89
90
91
92
93
94
96
98
99
100
101
102
103
104
105
106
107
109
110
111
112
113
114
116
117
120
124
125
126
128
130
131
132
133
136
137
140
143
144
145
146
147
149
150
152
153
154
156
157
158
159
160
161
162
163
165
166
167
169
171
173
174
175
176
177
178
179
180
187
190
191
192
193
194
195
197
198
200
202
204
205
206
207
208
209
210
213
214
215
216
218
219
221
222
223
224
226
227
229
230
233
234
236
239
241
242
243
244
245
246
247
250
251
252
255
257
259
261
265
268
269
270
273
276
277
280
282
286
287
288
289
290
291
292
294
295
296
297
298
299
300
303
305
307
308
309
310
312
314
315
317
319
321
322
323
324
325
326
329
331
332
333
335
336
337
339
340
341
342
343
344
346
347
349
350
351
352
358
359
362
365
370
371
372
374
375
377
378
380
381
382
384
385
388
389
392
393
394
395
396
397
398
399
403
404
405
408
409
410
417
419
420
421
426
427
428
429
431
433
436
437
438
440
441
447
448
449
450
451
452
453
454
456
458
459
460
461
462
463
464
466
470
472
473
474
477
481
482
485
487
492
493
495
496
497
498
500
501
503
504
507
508
510
511
512
513
514
517
520
521
523
525
527
531
536
539
540
541
543
545
546
548
550
551
552
553
554
555
556
557
559
561
562
563
565
566
569
570
571
572
573
576
577
579
581
582
584
585
587
588
589
591
595
597
602
606
609
610
611
613
614
615
616
617
618
620
622
623
624
625
626
627
628
629
630
631
633
634
635
636
637
638
639
640
641
643
644
646
647
649
651
652
654
657
658
659
660
661
667
668
672
675
676
677
678
679
680
681
683
684
685
686
688
689
692
695
696
698
702
703
704
707
708
710
711
712
713
714
716
718
719
720
721
722
723
725
728
729
730
732
733
734
735
736
737
740
743
744
747
749
750
752
755
756
758
759
760
761
762
765
766
767
769
771
772
773
775
776
777
779
780
781
784
785
787
789
790
791
792
793
795
796
797
799
802
805
806
807
809
810
811
812
817
819
821
822
823
824
828
830
831
832
834
835
836
837
838
839
840
841
843
844
845
846
848
849
853
854
855
857
858
859
863
864
865
867
874
876
880
884
885
887
889
890
893
894
896
897
898
900
901
902
903
905
907
908
909
911
912
913
915
916
917
919
923
924
925
926
927
929
930
931
933
934
935
937
939
940
941
944
946
947
949
953
954
956
957
958
960
961
963
965
966
967
968
969
970
971
972
973
974
975
976
978
979
981
983
984
985
987
988
989
990
992
995
998
1000
1001
1004
1005
1007
1010
1011
1013
1015
1016
1017
1018
1021
1026
1027
1028
1029
1030
1033
1034
1037
1038
1043
1044
1046
1047
1048
1049
1051
1052
1053
1054
1057
1059
1060
1061
1062
1064
1065
1066
1068
1072
1074
1075
1076
1077
1078
1079
1080
1082
1083
1084
1088
1090
1092
1093
1094
1095
1096
1097
1098
1101
1102
1103
1105
1106
1107
83
68
84
3
17
44
5
51
85
58
82
23
22
31
53
2
8
73
38
1
0
13
6
60
77
64
75
21
35
19
11
16
26
18
4
45
15
50
72
29
76
47
14
10
80
36
43
49
41
55
66
69
57
56
24
63
28
46
30
37
32
65
67
39
54
12
27
59
62
81
42
33
71
78
52
87
61
20
48
7
34
40
74
9
