149
24
32
44
49
66
68
70
75
77
80
88
91
111
118
120
123
144
152
153
158
159
170
172
179
186
194
196
197
200
203
206
209
210
214
218
221
235
237
254
263
264
268
293
306
308
311
321
322
323
324
336
340
354
358
364
380
388
399
408
413
418
419
422
429
437
452
473
476
492
497
501
513
539
544
549
550
552
556
557
558
560
562
566
577
580
581
586
587
591
597
608
622
630
642
644
662
669
691
707
709
712
713
718
723
731
738
739
755
773
783
784
787
789
822
828
829
831
853
876
891
895
900
901
904
916
917
928
942
943
946
949
952
964
965
966
972
976
994
997
1001
1006
1011
1016
1024
1042
1063
1079
1085
1096
74
28
31
71
78
54
64
69
7
21
56
27
36
3
66
85
22
9
6
2
41
10
84
57
8
24
32
1
0
67
49
20
81
83
30
82
38
86
58
40
74
51
55
16
17
13
15
47
79
25
61
63
5
70
45
53
87
23
43
33
80
44
60
62
65
42
46
19
76
12
37
48
11
68
29
