149
12
13
17
20
21
22
30
34
35
36
45
50
54
69
78
85
92
131
139
142
144
163
164
167
171
173
186
196
208
213
219
231
232
236
238
254
256
257
263
278
279
281
285
287
295
298
300
305
314
326
335
342
364
368
369
385
388
391
395
408
422
436
438
452
471
478
484
488
493
494
506
533
555
558
565
568
581
589
595
596
613
615
617
627
629
637
657
660
662
670
685
688
715
724
745
753
758
760
767
784
794
800
815
825
826
839
844
847
858
863
866
872
881
884
889
903
909
913
916
923
929
932
934
936
941
951
952
953
954
973
976
977
981
1011
1012
1013
1018
1021
1024
1027
1052
1063
1067
1069
1070
1084
1085
1100
1106
74
69
29
32
57
64
72
74
11
61
31
53
76
62
59
80
3
0
82
81
2
47
42
51
26
35
20
50
43
21
40
56
46
49
48
70
10
6
28
17
60
30
15
73
19
7
71
87
65
8
38
85
9
44
68
16
41
4
24
54
78
63
27
36
33
37
45
18
86
58
5
34
66
14
1
