664
15
26
30
31
32
33
34
38
39
40
42
43
46
55
58
63
65
67
76
77
80
83
84
85
86
87
88
93
95
96
102
107
111
112
115
117
119
120
122
124
125
128
133
134
139
140
143
144
151
154
155
158
159
162
163
167
170
171
177
180
181
182
183
184
186
190
192
194
195
196
202
203
210
211
212
222
223
225
228
234
235
237
240
241
245
252
254
255
256
258
259
262
263
267
272
274
278
279
285
286
290
291
292
294
296
298
299
306
314
316
321
328
330
332
334
336
338
339
342
343
344
346
349
351
355
357
358
359
366
370
371
375
383
385
386
390
392
397
399
400
402
405
406
407
408
409
412
413
414
415
416
420
425
427
428
430
432
440
441
443
445
448
449
453
457
458
459
460
461
462
463
465
467
469
472
473
474
476
481
483
485
489
492
497
504
505
507
510
517
518
523
536
540
545
546
552
554
556
563
564
565
568
572
573
574
576
585
591
592
597
598
601
603
606
608
611
612
623
625
626
627
628
629
630
638
639
640
647
650
661
662
664
670
671
672
674
678
679
683
684
686
689
691
693
694
695
696
697
700
703
704
708
714
717
718
720
723
729
732
735
738
739
741
747
749
750
753
754
756
757
759
760
762
764
765
767
769
770
772
776
778
783
785
787
796
797
800
804
805
808
809
812
814
815
822
823
824
825
831
834
836
838
840
841
852
856
857
861
867
868
869
871
873
874
880
881
885
886
888
889
890
892
895
899
901
902
905
907
908
910
911
914
916
921
926
937
939
940
948
949
951
952
953
959
961
968
972
974
976
977
980
984
986
987
988
991
993
994
995
996
1001
1004
1007
1011
1014
1016
1018
1020
1021
1023
1026
1027
1029
1030
1034
1035
1037
1040
1041
1043
1045
1046
1047
1049
1051
1053
1056
1057
1059
1060
1062
1063
1064
1066
1067
1069
1070
1076
1077
1079
1080
1081
1086
1087
1088
1090
1094
1095
1099
1100
1101
1103
1112
1116
1117
1119
1122
1124
1125
1126
1129
1133
1137
1144
1151
1153
1155
1156
1157
1158
1160
1161
1162
1163
1164
1165
1167
1174
1175
1176
1177
1178
1179
1185
1190
1191
1199
1200
1201
1210
1212
1215
1216
1217
1218
1227
1231
1238
1239
1240
1244
1245
1252
1254
1256
1258
1259
1260
1263
1268
1269
1270
1272
1273
1274
1276
1280
1285
1291
1293
1296
1298
1300
1302
1304
1305
1306
1308
1314
1316
1318
1319
1322
1327
1333
1335
1340
1343
1347
1356
1357
1359
1363
1365
1367
1368
1369
1374
1383
1387
1390
1392
1394
1397
1398
1399
1401
1402
1406
1418
1419
1423
1425
1427
1429
1439
1440
1444
1447
1451
1454
1461
1463
1464
1466
1468
1469
1470
1471
1472
1477
1485
1493
1505
1506
1508
1509
1510
1516
1523
1525
1528
1530
1531
1532
1533
1537
1540
1545
1546
1549
1559
1560
1566
1575
1576
1579
1584
1585
1586
1589
1591
1593
1594
1604
1607
1608
1609
1613
1614
1615
1619
1622
1624
1626
1633
1634
1635
1639
1640
1642
1643
1645
1646
1652
1653
1655
1660
1662
1663
1665
1666
1668
1672
1674
1675
1679
1680
1683
1692
1695
1697
1698
1699
1702
1703
1707
1712
1717
1718
1719
1721
1722
1723
1727
1728
1729
1733
1734
1737
1746
1748
1750
1752
1754
1756
1757
1764
1767
1770
1772
1773
1776
1779
1787
1789
1792
1793
1797
1798
1801
1802
1806
1808
1813
1821
1823
1824
1826
1828
1829
1831
1832
1839
158
38
39
70
98
128
66
0
56
36
126
29
71
8
114
17
109
110
30
2
152
15
121
106
5
95
102
138
87
21
19
77
140
94
89
45
118
67
135
115
44
31
40
133
127
150
107
91
9
37
13
132
139
155
72
20
99
74
144
62
100
49
116
101
41
86
147
153
90
60
26
111
81
143
43
7
12
129
69
14
82
84
55
23
24
124
92
158
146
154
119
80
76
46
25
145
65
75
137
48
141
88
18
125
134
103
148
73
4
1
58
61
120
163
164
16
93
11
34
3
42
149
160
22
6
63
59
47
85
83
51
50
157
159
113
123
131
104
156
122
96
112
161
27
117
28
52
78
64
54
130
162
105
32
79
142
33
10
57
