662
10
22
23
26
30
31
33
36
43
44
47
48
50
52
54
56
58
63
69
79
81
83
90
92
93
96
97
98
100
102
106
110
111
113
115
117
119
121
123
124
128
130
139
141
142
144
145
147
148
149
150
152
157
158
160
163
165
166
171
176
183
189
190
191
195
197
202
204
214
215
219
224
226
228
229
231
233
237
238
241
245
248
249
250
255
256
258
259
266
267
268
269
273
274
276
279
280
282
283
285
289
294
300
303
305
313
314
317
319
322
326
328
336
337
339
344
345
348
351
354
356
357
358
359
360
364
367
368
369
370
373
374
376
377
382
383
385
388
393
398
399
401
405
408
412
415
416
417
418
419
422
423
426
428
433
435
437
440
441
446
449
455
457
459
462
463
464
468
469
472
476
478
484
485
487
488
489
490
492
500
503
504
508
509
516
520
522
531
532
536
539
542
545
546
549
552
556
566
568
574
577
578
579
581
586
588
591
592
593
596
597
599
600
602
604
606
607
608
609
618
620
626
627
629
631
637
638
640
641
644
646
648
650
651
653
656
657
659
663
664
669
670
673
674
677
678
680
683
691
697
698
700
703
706
710
712
714
727
731
734
738
739
740
742
751
752
753
754
759
763
764
772
774
775
779
784
787
790
791
794
795
797
801
803
810
816
820
821
823
824
825
829
830
832
835
839
843
848
849
851
854
857
858
859
864
866
867
870
875
876
886
890
892
894
895
902
904
906
911
916
920
921
924
928
929
934
935
939
940
944
945
948
950
951
957
960
963
964
966
969
971
972
974
975
977
978
979
980
982
983
984
989
990
997
998
999
1001
1006
1007
1009
1010
1014
1017
1020
1021
1025
1027
1028
1033
1035
1039
1040
1041
1048
1051
1052
1056
1059
1064
1067
1072
1078
1080
1083
1095
1097
1100
1104
1106
1110
1116
1117
1119
1121
1123
1125
1130
1135
1137
1138
1139
1144
1151
1156
1157
1159
1160
1161
1162
1163
1164
1170
1174
1177
1178
1185
1186
1189
1190
1191
1193
1195
1199
1201
1203
1204
1205
1206
1209
1212
1217
1220
1221
1223
1230
1232
1237
1238
1239
1241
1242
1244
1246
1249
1256
1258
1259
1260
1261
1262
1263
1265
1266
1273
1275
1276
1280
1281
1284
1286
1289
1291
1293
1295
1296
1297
1299
1302
1306
1308
1312
1315
1319
1320
1322
1326
1329
1330
1338
1340
1343
1353
1365
1366
1368
1371
1374
1377
1378
1381
1384
1386
1387
1393
1394
1397
1400
1403
1410
1411
1412
1414
1418
1427
1428
1430
1434
1435
1437
1439
1441
1444
1446
1449
1454
1455
1456
1458
1460
1463
1465
1467
1468
1470
1472
1477
1480
1481
1491
1492
1501
1503
1504
1505
1513
1520
1521
1523
1524
1526
1529
1534
1536
1537
1538
1543
1544
1546
1547
1548
1554
1557
1558
1560
1564
1565
1567
1571
1576
1577
1580
1583
1587
1589
1594
1597
1602
1603
1604
1611
1613
1614
1615
1617
1618
1620
1624
1625
1630
1631
1632
1637
1638
1639
1641
1645
1646
1647
1650
1651
1652
1657
1658
1661
1663
1665
1669
1675
1676
1682
1683
1685
1690
1696
1699
1700
1701
1708
1710
1711
1712
1716
1717
1718
1723
1725
1727
1728
1732
1733
1741
1745
1746
1748
1753
1754
1757
1759
1764
1768
1769
1773
1775
1777
1781
1782
1787
1790
1791
1792
1793
1794
1798
1799
1801
1805
1807
1810
1811
1812
1818
1820
1824
1825
1828
1829
1832
1834
1836
1837
1838
1839
157
69
58
148
106
126
81
41
77
109
54
39
90
18
24
78
5
9
114
87
82
122
47
80
119
42
51
36
4
23
164
52
0
75
113
1
19
59
120
38
153
12
46
35
56
66
40
137
135
116
127
33
62
94
31
22
32
146
129
6
15
79
123
92
145
83
99
162
37
86
138
25
61
50
43
117
3
140
163
157
159
88
147
13
134
65
72
74
73
34
85
45
111
103
160
143
7
154
102
104
30
53
112
149
70
17
131
158
57
156
93
118
150
20
152
101
144
63
76
84
105
133
89
125
67
28
139
108
27
128
49
107
64
130
68
91
110
44
71
2
141
16
55
132
155
29
14
60
121
151
124
98
95
48
11
100
26
21
