272
26
32
41
42
65
74
83
103
111
122
126
129
160
175
193
198
201
205
208
219
227
230
231
242
244
248
273
278
284
287
291
312
315
325
329
330
332
335
356
359
435
442
444
446
449
450
452
453
481
488
512
516
527
555
556
564
569
571
586
589
596
597
605
608
614
628
644
645
651
664
665
666
679
683
685
698
725
731
732
751
754
757
763
765
782
810
812
829
831
836
841
890
912
932
933
955
956
993
997
1007
1025
1047
1062
1064
1067
1070
1089
1092
1105
1109
1156
1158
1175
1181
1185
1232
1253
1260
1262
1264
1278
1282
1304
1313
1326
1328
1330
1352
1361
1362
1377
1382
1391
1411
1422
1434
1438
1439
1466
1471
1477
1523
1526
1536
1538
1555
1570
1577
1580
1583
1587
1588
1594
1603
1611
1629
1634
1635
1639
1649
1660
1670
1676
1692
1711
1714
1721
1722
1757
1767
1768
1784
1790
1795
1816
1851
1856
1867
1890
1895
1904
1905
1909
1911
1920
1932
1943
1949
1953
1954
1969
1977
1991
1998
2011
2018
2059
2070
2082
2087
2095
2098
2100
2107
2116
2120
2131
2133
2142
2157
2183
2184
2188
2204
2219
2226
2234
2246
2251
2255
2259
2268
2269
2272
2276
2277
2298
2303
2305
2327
2331
2337
2350
2353
2355
2356
2358
2359
2371
2384
2385
2387
2394
2399
2400
2401
2412
2420
2444
2454
2459
2472
2475
2476
2481
2482
2484
2493
2495
2497
2519
2524
2533
2542
2551
2559
2567
2580
2583
2600
2613
2623
154
90
52
110
134
10
27
84
15
98
19
129
156
44
76
127
150
41
115
64
50
43
124
32
74
85
157
112
104
105
138
42
83
7
31
26
18
73
5
62
130
146
154
47
133
123
107
160
125
131
13
102
92
118
80
147
120
72
28
2
6
142
24
99
45
20
30
17
89
51
16
22
59
1
71
77
33
113
78
35
148
149
9
79
158
38
55
57
4
122
61
111
11
37
135
126
106
95
145
0
151
159
93
152
114
3
139
14
140
68
29
69
143
94
82
91
132
60
56
144
75
67
49
8
21
23
48
119
54
34
70
58
136
155
153
103
128
100
46
116
66
121
97
137
87
53
81
108
141
40
96
65
39
86
109
