651
18
29
30
31
32
34
36
38
46
47
48
53
55
57
60
61
63
64
74
75
79
80
81
84
86
87
93
99
100
101
104
106
108
111
114
115
116
122
126
128
129
131
133
134
135
144
147
151
154
155
159
164
166
168
172
176
181
184
186
187
192
196
197
200
204
205
209
210
212
215
217
218
221
226
228
229
231
232
236
237
239
243
245
248
251
259
262
263
265
268
272
273
274
280
281
283
284
286
288
290
292
295
298
300
303
304
306
311
318
324
325
326
327
330
332
334
339
344
345
347
349
351
352
354
356
362
364
369
380
381
384
387
389
390
395
400
402
407
409
410
412
415
418
421
422
424
431
449
451
454
456
459
461
462
464
470
475
478
482
483
485
488
489
492
497
504
505
508
512
513
516
518
521
527
529
530
532
538
544
545
549
555
559
562
563
576
578
580
583
584
585
587
588
592
596
598
600
612
613
614
618
620
621
626
629
631
632
638
651
653
654
656
658
660
664
667
674
681
683
685
689
694
697
700
701
702
703
708
709
712
720
722
723
725
727
728
729
731
732
736
741
743
744
750
751
754
756
757
758
759
764
768
772
774
776
777
778
782
787
791
793
794
798
803
806
807
808
811
813
815
817
821
824
825
827
828
831
834
837
838
841
843
844
845
850
851
853
856
858
859
864
865
866
869
870
873
880
883
885
886
889
892
893
897
898
902
909
916
917
920
921
923
925
926
930
934
936
938
939
940
945
949
951
953
954
955
957
961
966
967
968
974
977
978
979
980
982
983
985
986
990
992
993
999
1005
1006
1007
1010
1012
1014
1019
1024
1030
1032
1037
1045
1051
1054
1055
1058
1059
1063
1064
1067
1071
1072
1073
1074
1077
1083
1084
1086
1089
1091
1096
1097
1098
1108
1111
1116
1120
1121
1123
1124
1125
1126
1127
1128
1131
1140
1142
1145
1146
1152
1154
1160
1164
1165
1168
1170
1172
1179
1181
1184
1187
1188
1190
1191
1192
1194
1196
1199
1200
1201
1209
1212
1213
1215
1216
1220
1224
1225
1230
1231
1235
1236
1237
1244
1248
1249
1251
1254
1264
1265
1267
1272
1273
1278
1284
1287
1290
1293
1297
1301
1305
1307
1309
1310
1312
1316
1318
1320
1322
1324
1331
1333
1335
1340
1342
1343
1344
1348
1352
1357
1358
1361
1365
1367
1369
1374
1377
1379
1384
1388
1389
1391
1394
1395
1397
1403
1404
1405
1412
1414
1415
1416
1421
1425
1435
1439
1441
1442
1443
1444
1451
1452
1457
1459
1460
1466
1467
1468
1470
1473
1474
1475
1478
1479
1480
1485
1486
1489
1490
1493
1494
1499
1504
1505
1507
1510
1511
1512
1514
1525
1526
1528
1530
1534
1537
1539
1540
1543
1546
1547
1549
1550
1552
1553
1554
1558
1559
1563
1564
1570
1571
1572
1574
1575
1578
1582
1586
1587
1588
1590
1591
1597
1600
1601
1604
1609
1610
1616
1618
1622
1628
1632
1633
1635
1636
1639
1640
1641
1642
1643
1647
1649
1650
1654
1664
1667
1669
1674
1678
1679
1682
1684
1686
1689
1690
1691
1693
1694
1695
1699
1703
1705
1708
1709
1711
1712
1715
1716
1717
1720
1722
1724
1725
1727
1728
1729
1739
1741
1743
1746
1747
1748
1749
1750
1751
1754
1759
1762
1766
1768
1769
1777
1778
1779
1781
1785
1786
1793
1795
1797
1800
1803
1804
1806
1809
1810
1812
1813
1815
1824
1828
1830
1833
1835
1836
1839
1840
155
151
142
124
161
85
113
94
91
20
31
61
144
88
111
9
97
96
59
122
65
11
22
102
42
67
37
163
12
121
108
33
90
80
89
17
44
115
93
47
140
0
54
149
153
8
133
114
82
4
5
160
53
136
39
55
159
119
125
120
148
77
74
150
131
70
98
49
141
143
60
45
156
130
15
164
78
104
50
117
101
63
7
105
69
43
3
41
10
87
152
92
110
127
58
79
26
30
28
126
129
139
34
71
132
76
64
21
66
155
128
123
134
95
2
18
86
112
147
40
36
23
38
52
27
46
48
106
157
24
57
116
68
99
14
56
16
81
146
109
84
118
72
135
154
145
158
32
19
138
6
107
162
83
25
29
