669
8
9
10
11
18
19
23
25
26
27
30
33
34
35
37
38
39
40
41
42
48
51
55
73
76
80
82
83
85
94
97
98
99
101
103
105
107
109
112
113
114
117
118
119
121
122
124
136
142
148
149
151
156
159
161
165
167
172
182
183
192
196
197
200
203
208
210
211
212
213
219
221
222
229
230
232
237
239
240
242
243
246
250
252
253
263
265
271
272
276
277
278
279
280
281
283
285
289
291
292
294
298
300
301
303
304
306
307
310
311
317
323
324
325
329
332
333
335
336
337
338
339
347
348
350
352
354
356
357
359
363
368
370
371
372
373
374
378
380
382
383
385
387
389
390
391
393
394
398
403
404
405
406
407
409
413
415
421
424
425
426
429
430
431
435
436
441
444
445
460
465
466
469
472
474
476
477
478
480
482
485
487
489
494
496
498
499
504
508
509
512
513
514
525
526
530
536
539
540
541
542
553
554
558
560
564
565
566
567
570
572
573
579
583
590
592
597
600
607
608
612
613
615
616
618
621
635
638
639
648
653
657
664
667
669
671
675
676
677
678
680
683
684
687
689
692
693
696
699
702
703
705
710
715
717
720
721
722
723
724
726
728
734
735
736
737
738
740
741
743
754
759
763
771
772
774
778
779
782
783
785
786
787
789
790
799
802
803
808
814
823
824
827
829
831
832
834
838
840
847
851
852
855
857
860
863
867
868
869
870
872
876
878
880
882
883
886
891
892
895
898
902
908
910
912
913
914
915
918
919
920
921
923
928
930
932
934
935
938
941
942
943
944
945
948
949
956
960
964
965
966
968
970
973
974
977
978
979
984
985
986
987
991
995
999
1005
1007
1011
1018
1020
1021
1023
1024
1025
1027
1028
1032
1035
1039
1040
1044
1045
1046
1052
1059
1060
1062
1065
1072
1074
1076
1078
1080
1082
1086
1087
1088
1089
1091
1092
1093
1095
1100
1101
1105
1108
1109
1110
1114
1115
1118
1121
1127
1128
1129
1139
1141
1145
1147
1150
1156
1165
1168
1169
1170
1177
1178
1184
1185
1187
1188
1191
1192
1194
1195
1197
1202
1203
1205
1207
1208
1209
1210
1217
1219
1220
1221
1224
1227
1228
1231
1233
1237
1240
1243
1250
1251
1254
1256
1261
1262
1265
1267
1269
1270
1277
1278
1279
1286
1290
1293
1298
1299
1301
1302
1303
1305
1306
1309
1310
1312
1319
1320
1329
1330
1333
1336
1338
1345
1346
1347
1351
1352
1353
1354
1357
1359
1360
1363
1365
1370
1373
1374
1381
1384
1389
1392
1397
1398
1399
1400
1402
1407
1408
1410
1412
1415
1421
1423
1427
1428
1438
1443
1451
1453
1455
1458
1460
1464
1471
1472
1477
1479
1480
1481
1484
1486
1487
1489
1493
1495
1496
1497
1509
1510
1518
1519
1524
1525
1526
1528
1529
1532
1536
1537
1538
1539
1541
1545
1547
1548
1552
1557
1562
1569
1571
1573
1574
1579
1580
1583
1585
1587
1589
1590
1596
1597
1603
1604
1606
1608
1612
1613
1616
1621
1626
1627
1629
1631
1635
1640
1641
1643
1645
1650
1656
1661
1666
1668
1669
1671
1673
1677
1678
1680
1681
1682
1684
1685
1688
1692
1695
1696
1698
1699
1704
1706
1707
1709
1717
1718
1719
1720
1721
1723
1724
1725
1726
1727
1730
1736
1737
1739
1740
1743
1746
1748
1750
1753
1755
1761
1764
1766
1771
1773
1776
1778
1779
1780
1781
1782
1788
1789
1795
1796
1800
1801
1802
1808
1809
1816
1824
1828
1830
1832
1834
1835
1839
1840
158
84
53
34
19
40
15
44
39
140
60
68
5
111
121
123
3
147
94
63
104
91
31
99
50
125
58
130
162
96
92
70
150
118
54
8
158
49
100
32
51
11
152
107
28
109
159
141
9
35
20
102
12
73
149
79
127
48
114
57
95
117
106
69
163
108
36
146
13
25
115
67
126
133
47
83
59
29
148
110
88
42
143
1
164
124
93
112
101
21
0
78
138
6
120
155
97
56
16
135
4
80
86
64
18
37
122
85
156
14
66
33
134
55
145
27
77
76
41
139
26
52
46
2
90
128
43
7
153
157
116
151
30
113
10
103
105
129
62
82
24
136
23
74
154
22
75
161
61
160
72
98
89
131
38
45
17
65
119
