253
14
40
46
54
58
78
110
139
164
180
187
189
201
219
223
234
245
261
264
321
324
333
335
336
357
367
380
392
412
424
433
451
461
463
479
480
488
506
510
513
517
530
534
568
569
602
616
623
636
637
655
656
660
674
691
699
701
706
708
714
722
724
728
736
755
761
766
769
770
772
779
780
799
814
822
848
850
856
864
877
880
881
884
902
918
925
926
954
975
978
984
997
1017
1020
1024
1027
1033
1038
1041
1044
1047
1048
1061
1085
1129
1141
1144
1153
1154
1160
1166
1175
1178
1185
1202
1203
1214
1217
1218
1247
1251
1255
1276
1283
1290
1291
1293
1306
1326
1329
1345
1352
1376
1377
1378
1380
1385
1391
1423
1428
1441
1447
1455
1458
1466
1500
1529
1530
1541
1544
1561
1576
1582
1590
1595
1614
1618
1620
1636
1651
1655
1664
1665
1669
1671
1684
1691
1695
1707
1711
1715
1725
1728
1748
1771
1774
1777
1783
1786
1794
1799
1812
1814
1820
1823
1863
1874
1883
1896
1900
1922
1925
1931
1932
1952
1959
1969
1988
1991
2001
2004
2024
2046
2047
2048
2053
2058
2084
2089
2097
2099
2119
2142
2154
2157
2162
2163
2195
2214
2216
2223
2254
2256
2262
2271
2294
2305
2308
2315
2341
2345
2365
2369
2381
2383
2401
2404
2405
2420
2457
2459
2460
2482
2489
2516
2548
2567
2576
2583
2595
2609
2611
2622
161
156
138
96
80
82
65
76
116
18
88
121
122
86
151
152
41
114
125
26
73
19
44
155
40
132
75
81
56
69
123
84
150
159
71
62
135
153
87
59
79
27
0
83
21
115
110
137
92
74
107
124
25
60
45
49
16
47
10
8
144
67
2
42
140
36
32
158
142
12
120
35
147
129
29
131
9
141
148
149
126
30
3
90
66
111
28
64
98
143
145
104
146
128
58
38
127
133
130
68
97
39
91
46
136
85
51
43
15
23
57
113
78
139
101
70
54
100
72
17
103
52
108
11
63
106
5
102
89
157
14
37
154
109
134
4
77
7
105
160
61
34
99
31
112
93
48
22
53
33
117
24
119
50
95
94
55
13
6
118
1
20
