256
5
11
19
24
35
47
57
67
70
102
122
165
166
167
176
186
189
191
196
208
213
231
240
252
253
254
261
262
269
274
294
302
304
310
313
322
326
339
352
356
382
389
396
398
399
404
416
445
457
473
483
493
509
519
522
543
547
549
580
587
611
615
644
647
674
676
689
693
694
696
710
715
726
738
741
756
765
785
798
803
804
828
830
860
896
904
905
912
918
932
933
944
952
953
967
975
988
991
1015
1031
1051
1052
1059
1064
1066
1076
1078
1081
1085
1108
1120
1135
1140
1149
1168
1169
1186
1191
1206
1208
1210
1214
1219
1243
1282
1302
1308
1313
1333
1337
1338
1398
1404
1445
1446
1456
1466
1473
1475
1479
1505
1543
1547
1554
1569
1588
1590
1624
1625
1634
1635
1649
1680
1695
1735
1738
1743
1752
1788
1789
1798
1799
1813
1820
1823
1833
1840
1841
1848
1857
1864
1866
1870
1881
1887
1891
1926
1929
1934
1938
1945
1948
1970
2013
2019
2039
2056
2067
2070
2072
2082
2104
2106
2114
2126
2131
2138
2146
2155
2166
2168
2173
2174
2175
2194
2208
2216
2217
2238
2239
2261
2264
2274
2285
2289
2293
2298
2300
2314
2328
2332
2342
2356
2368
2377
2389
2395
2397
2398
2404
2408
2426
2433
2458
2470
2474
2476
2482
2483
2485
2493
2497
2500
2510
2528
2540
2541
2545
2563
2565
2576
2580
2599
2617
2619
2622
160
94
34
31
22
101
117
137
81
92
36
39
86
62
90
5
131
160
104
88
53
6
159
156
16
26
134
80
95
7
3
158
38
60
65
82
98
42
28
35
2
54
25
153
114
9
91
4
50
146
129
69
41
66
47
23
133
46
154
125
119
30
93
43
11
152
118
77
126
15
132
112
51
67
128
71
37
100
124
49
127
144
136
40
99
107
33
138
141
18
143
20
13
79
0
73
8
74
84
122
58
135
72
59
75
102
89
17
140
57
151
78
27
44
63
21
150
139
45
64
10
149
147
24
145
14
111
61
97
32
123
115
76
68
52
142
110
113
96
130
116
19
85
55
148
1
109
121
157
48
108
120
83
70
155
103
106
29
105
87
56
