133
55
71
72
96
102
125
147
151
154
162
212
252
253
271
274
309
340
341
416
423
428
452
460
474
478
484
487
494
508
523
525
530
548
571
611
636
637
668
681
714
728
758
807
854
875
885
888
917
933
970
977
978
1009
1014
1043
1049
1063
1067
1120
1121
1128
1144
1166
1172
1183
1192
1212
1232
1283
1319
1385
1386
1392
1395
1416
1434
1447
1464
1497
1525
1533
1538
1544
1552
1590
1592
1603
1619
1638
1644
1687
1714
1748
1780
1782
1793
1794
1820
1848
1851
1854
1856
1857
1930
1934
1959
1960
1977
1978
1985
2002
2036
2042
2065
2070
2074
2093
2100
2110
2130
2146
2149
2177
2212
2244
2275
2300
2311
2333
2336
2394
2412
2414
158
112
44
145
142
40
58
158
127
67
113
161
94
47
33
36
16
120
46
148
57
96
125
84
42
18
123
90
21
64
162
27
106
87
60
69
62
99
104
25
93
54
29
156
133
83
147
146
117
129
114
82
81
10
32
95
86
39
15
139
12
85
79
31
155
61
14
140
152
78
92
45
119
0
98
56
110
77
72
134
130
116
55
37
43
4
23
115
100
22
74
30
48
126
89
65
51
41
34
132
19
20
122
131
118
108
49
52
101
121
159
136
50
102
63
66
7
103
154
149
138
70
124
144
76
2
73
68
13
9
143
6
17
24
3
59
150
105
91
157
5
128
160
53
71
26
135
109
38
97
137
28
80
1
107
35
8
75
88
