109
193
202
211
215
231
234
235
237
244
311
317
326
336
377
399
412
460
479
486
489
503
556
562
604
625
638
661
670
698
727
734
743
745
784
811
831
833
877
880
977
984
1000
1034
1060
1081
1105
1110
1163
1165
1181
1209
1222
1251
1289
1292
1312
1330
1335
1337
1341
1359
1371
1398
1405
1445
1484
1498
1533
1539
1553
1558
1578
1581
1595
1597
1676
1679
1692
1702
1710
1712
1721
1763
1776
1881
1883
1924
1926
1988
2045
2070
2092
2121
2130
2142
2148
2179
2183
2200
2211
2212
2221
2240
2297
2326
2347
2370
2392
2446
148
138
36
19
2
123
129
130
87
152
85
11
29
120
32
121
44
31
17
159
13
101
150
115
52
3
145
97
73
106
100
143
133
41
61
112
65
4
140
89
74
68
142
80
54
75
162
144
108
35
10
58
16
72
86
40
134
9
114
155
118
1
124
15
103
76
96
94
42
62
153
88
117
20
21
70
30
56
154
92
59
147
27
24
7
82
149
125
14
8
43
46
38
119
79
135
49
113
160
128
91
48
126
141
84
18
33
151
22
98
77
6
64
39
12
66
132
83
25
45
71
69
127
109
161
131
104
5
23
53
158
146
57
50
51
67
26
90
107
122
60
105
116
28
157
34
81
148
156
