233
13
21
31
49
77
86
94
101
129
142
144
146
155
169
190
198
199
208
209
222
231
240
246
275
289
294
297
312
313
320
338
348
356
369
384
421
424
435
440
447
451
459
471
487
488
496
535
536
557
567
570
573
574
586
590
610
614
616
620
651
664
665
696
699
703
708
722
740
744
747
753
756
759
782
783
790
799
805
818
821
835
837
854
858
861
867
874
891
895
901
909
924
925
931
952
969
979
1001
1004
1018
1024
1033
1035
1042
1074
1077
1079
1080
1081
1085
1100
1104
1134
1141
1149
1164
1178
1205
1206
1209
1220
1232
1242
1243
1250
1270
1291
1298
1346
1353
1358
1359
1365
1368
1371
1375
1395
1400
1416
1417
1419
1432
1433
1455
1457
1458
1471
1484
1515
1541
1548
1550
1576
1601
1604
1608
1609
1612
1635
1645
1657
1680
1681
1718
1724
1742
1789
1790
1814
1816
1839
1842
1867
1876
1890
1895
1907
1920
1974
2015
2067
2101
2104
2105
2149
2206
2213
2221
2233
2235
2240
2241
2246
2251
2256
2261
2272
2280
2286
2304
2316
2331
2340
2362
2367
2373
2379
2383
2395
2405
2408
2410
2432
2438
2450
2454
2465
2469
2478
2486
2519
2543
2546
2569
2575
2580
2583
2592
2593
2604
2605
2610
2617
161
123
142
114
154
147
72
104
108
86
130
42
21
11
148
45
143
70
93
138
144
139
128
17
12
32
27
8
22
16
78
43
26
112
106
90
83
156
131
24
56
79
71
103
146
47
76
9
6
48
150
77
30
134
119
33
14
135
68
0
89
58
64
88
44
2
113
34
100
63
109
120
97
49
160
101
157
52
132
82
65
80
91
92
81
35
141
140
20
153
158
118
3
19
122
62
136
125
67
66
75
5
29
54
41
102
110
74
151
7
37
15
84
57
39
73
94
18
38
121
23
127
111
69
98
31
53
28
40
46
13
55
95
1
59
133
155
152
61
105
4
60
115
129
99
116
10
51
96
137
149
85
124
25
36
159
50
107
87
117
145
126
