149
23
43
52
57
59
63
64
67
79
85
91
99
111
117
141
144
149
155
156
161
180
184
187
198
199
202
207
216
217
226
230
245
252
266
267
270
282
287
288
291
308
317
324
346
356
362
377
388
396
397
413
417
450
472
480
485
487
495
496
503
504
518
520
521
548
549
557
559
573
578
581
588
592
596
597
623
636
655
662
673
675
689
691
693
702
704
710
714
718
720
726
729
738
744
750
770
776
779
785
799
803
809
812
817
820
824
829
843
845
853
856
872
874
880
889
897
903
904
922
924
926
930
931
932
937
944
948
951
954
955
965
983
991
1004
1005
1008
1010
1011
1013
1016
1027
1029
1041
1057
1073
1081
1091
1102
1107
75
37
43
4
74
77
86
62
1
38
61
45
70
31
17
68
60
87
8
46
9
41
6
73
83
13
32
66
59
29
28
81
55
75
24
35
65
76
30
71
22
69
84
39
82
63
18
80
58
79
54
40
78
19
33
12
44
20
2
49
48
14
26
85
47
11
34
5
52
27
53
36
10
57
67
42
