686
4
7
8
11
12
13
19
20
21
23
24
25
26
27
28
29
30
33
35
36
37
39
40
41
42
44
47
48
49
52
53
55
57
58
59
61
62
64
67
68
70
71
73
75
76
77
82
86
91
93
94
95
97
98
100
102
103
107
108
109
113
118
120
122
124
125
126
128
129
130
131
132
134
135
136
137
140
142
144
147
148
149
151
152
153
154
155
156
157
158
159
160
161
162
165
167
168
169
170
172
173
174
175
177
178
180
181
183
184
185
186
187
189
191
192
194
195
199
201
202
203
204
205
206
207
208
209
210
212
213
215
217
218
219
220
221
222
223
224
225
228
229
231
234
235
237
238
239
242
243
245
246
249
251
253
254
255
256
257
258
259
260
263
264
265
266
267
270
275
276
277
281
282
286
287
288
289
290
292
293
294
295
296
297
299
301
302
303
304
305
307
308
309
310
311
312
313
314
315
318
319
320
322
323
325
326
327
328
331
334
336
338
341
345
346
348
349
352
353
354
355
357
359
361
366
367
368
373
375
379
380
381
382
384
385
387
388
389
392
394
395
396
397
398
399
400
401
402
403
404
406
409
411
415
416
417
418
420
421
423
424
425
426
427
428
430
433
434
436
438
439
440
441
442
443
446
447
451
452
453
454
457
458
461
462
463
464
465
466
469
470
471
472
473
474
476
477
479
480
481
482
484
486
487
489
490
491
492
494
496
497
498
499
501
502
503
506
507
508
509
512
513
515
517
518
519
520
522
523
525
527
529
530
531
532
533
535
536
537
541
545
548
549
550
551
552
553
556
557
560
561
562
564
565
566
567
568
569
572
573
575
578
579
580
582
583
585
586
588
589
590
591
593
596
597
598
599
600
602
603
604
605
608
609
610
611
613
615
617
619
622
624
625
626
629
631
633
634
635
638
639
642
643
644
645
646
648
649
650
651
652
656
657
658
659
661
662
663
665
666
668
669
671
673
678
679
681
682
683
686
688
690
692
694
700
701
703
706
707
708
709
710
711
712
713
714
716
719
720
721
723
724
727
728
731
733
734
736
738
740
742
745
748
751
752
753
754
756
757
758
759
762
764
765
766
768
770
773
774
775
776
778
782
785
786
787
790
791
792
793
794
796
797
798
801
802
803
804
806
808
809
810
813
816
819
821
822
823
828
829
831
832
833
834
836
839
841
844
847
849
850
852
853
854
855
856
857
859
860
862
865
866
867
868
869
871
872
873
875
876
877
878
879
880
881
882
883
884
885
886
887
889
894
897
900
901
903
904
905
906
908
909
910
912
913
915
916
917
918
920
921
923
925
926
927
928
929
932
933
938
939
940
941
942
943
944
948
951
952
953
956
957
959
962
963
964
965
966
968
969
970
973
974
975
976
977
978
980
981
982
983
984
986
988
991
992
994
995
996
999
1002
1003
1004
1005
1007
1008
1011
1016
1017
1019
1020
1021
1022
1025
1027
1028
1030
1031
1032
1033
1034
1035
1036
1037
1039
1040
1042
1044
1045
1046
1047
1048
1049
1052
1053
1056
1059
1060
1061
1065
1067
1068
1070
1072
1073
1074
1075
1076
1077
1080
1081
1086
1087
1089
1091
1092
1093
1095
1097
1098
1099
1100
1102
1103
1104
1107
83
50
5
69
80
63
45
23
24
46
53
0
68
54
35
51
22
73
18
82
62
71
83
25
2
30
56
57
19
49
78
31
41
16
42
44
76
86
66
64
77
20
7
11
36
33
13
43
27
65
10
84
52
61
1
6
9
40
38
59
37
81
60
74
39
14
4
34
47
67
75
15
17
29
28
21
58
3
32
48
85
72
8
87
