111
3
7
15
16
88
157
160
190
191
231
245
320
326
369
434
439
451
460
509
511
515
533
541
554
569
587
612
628
635
648
675
676
679
702
724
731
749
757
758
782
811
817
824
876
1018
1023
1059
1065
1079
1087
1167
1212
1224
1272
1282
1290
1291
1352
1400
1469
1487
1494
1500
1502
1510
1517
1518
1537
1571
1646
1647
1663
1668
1714
1734
1740
1744
1753
1810
1811
1813
1833
1890
1908
1944
2005
2036
2050
2055
2061
2113
2119
2132
2147
2157
2168
2218
2220
2247
2257
2266
2273
2289
2294
2305
2330
2334
2418
2435
2443
2447
163
120
55
98
134
123
160
25
86
159
8
1
152
127
157
124
47
132
23
100
136
46
11
87
9
141
121
71
117
5
41
133
99
103
63
27
125
116
84
97
54
44
109
65
110
18
31
82
81
26
149
57
32
10
64
36
90
17
40
74
24
76
34
62
112
131
22
13
33
53
114
14
161
49
118
155
92
59
35
113
43
52
69
16
72
3
61
30
89
66
58
21
143
60
51
85
39
108
102
144
145
94
148
6
78
95
96
77
126
146
2
93
151
129
88
162
79
106
142
80
19
130
37
12
153
158
119
67
75
0
20
140
135
29
4
38
56
15
138
128
137
45
83
104
115
150
28
50
111
7
91
105
107
156
154
48
147
70
42
139
101
122
68
73
