149
10
12
26
32
35
36
52
54
59
61
81
88
100
101
106
109
120
132
137
138
152
155
157
173
187
226
232
238
239
247
248
249
250
263
269
281
282
286
290
292
296
315
331
340
349
354
360
368
376
379
411
415
421
423
426
427
442
449
455
467
472
482
486
487
503
507
510
521
532
534
537
540
548
550
557
561
573
574
585
614
615
634
638
646
649
651
652
658
672
677
681
693
712
714
718
724
725
733
746
752
755
768
772
781
793
797
802
808
822
839
843
856
866
868
869
887
891
893
894
905
915
917
923
927
929
932
957
972
979
981
986
988
992
996
1000
1013
1019
1025
1027
1029
1042
1048
1052
1072
1080
1085
1092
1097
1102
74
19
1
42
76
60
43
37
82
62
72
6
33
26
27
32
85
48
45
16
54
50
68
21
20
34
18
77
24
78
30
35
53
49
64
75
58
8
2
0
36
13
14
74
55
29
59
9
63
71
57
56
23
39
61
38
5
47
66
84
12
69
73
87
7
11
15
10
22
81
28
65
52
4
3
