79
103
165
166
172
199
247
251
272
303
306
321
362
428
473
489
492
508
542
582
584
590
599
621
640
646
691
743
744
762
780
805
823
839
843
871
899
921
938
976
983
1001
1007
1112
1113
1119
1122
1132
1142
1159
1169
1172
1176
1180
1217
1242
1254
1288
1352
1371
1389
1407
1417
1440
1443
1452
1454
1580
1590
1609
1610
1616
1648
1682
1695
1701
1720
1804
1810
1835
123
32
99
147
86
90
5
2
132
112
133
83
111
38
96
152
94
37
50
149
66
7
101
159
137
154
18
51
91
115
21
77
88
54
41
70
57
138
164
92
73
135
114
124
113
56
64
126
27
28
100
17
34
49
82
46
142
47
35
155
104
131
16
62
75
0
145
23
81
146
93
79
45
29
39
148
3
4
143
19
162
109
14
117
150
105
74
121
76
8
118
134
78
128
24
103
31
44
48
67
43
42
80
130
65
33
71
55
59
11
6
158
22
156
89
30
68
12
87
1
26
116
9
84
