71
29
47
92
117
123
131
135
142
168
176
195
196
200
249
254
267
272
279
304
361
388
425
457
470
474
524
532
588
633
638
658
660
674
688
766
781
798
819
823
827
889
913
932
953
966
1061
1091
1140
1168
1220
1290
1294
1344
1420
1432
1451
1468
1500
1532
1558
1567
1606
1609
1614
1643
1649
1703
1733
1818
1834
1840
117
106
137
93
135
115
62
112
2
31
114
15
52
101
59
45
68
76
132
56
102
66
78
146
140
133
43
61
3
117
151
8
153
50
108
109
40
88
70
18
44
64
67
47
124
9
136
149
79
77
126
65
20
22
32
155
143
14
55
162
38
113
27
71
125
25
131
17
159
34
83
134
75
36
11
72
98
84
24
86
122
120
152
118
69
161
142
110
53
97
157
42
33
85
23
89
90
26
30
5
35
128
13
91
148
123
95
119
141
57
58
158
100
116
28
29
74
41
