85
91
107
111
135
138
158
163
181
191
193
208
265
312
323
352
367
380
381
385
387
418
432
434
435
443
481
488
516
555
581
586
620
625
627
628
672
677
723
733
737
753
784
794
799
853
878
900
912
941
996
1004
1008
1030
1034
1103
1127
1138
1155
1157
1173
1191
1244
1368
1396
1397
1399
1416
1428
1456
1477
1494
1511
1512
1555
1558
1561
1591
1606
1638
1642
1743
1777
1786
1830
1831
111
0
105
26
67
115
22
16
43
4
97
31
106
5
21
81
41
153
122
110
35
49
89
30
76
2
99
135
10
58
84
77
118
92
82
17
68
50
3
56
111
133
59
116
78
24
120
160
46
55
42
47
64
65
139
114
164
13
34
144
61
12
29
130
132
163
137
143
71
123
94
134
136
157
48
152
154
159
87
124
53
25
79
147
91
162
85
18
161
57
90
70
6
80
146
95
151
66
54
86
63
20
23
38
96
1
32
44
113
39
8
125
