221
0
9
59
60
74
83
85
95
97
98
107
109
119
124
127
132
145
160
165
176
181
184
199
210
211
221
255
265
266
280
314
315
316
333
335
338
356
373
394
433
439
457
472
476
491
492
533
534
540
548
550
556
557
558
574
586
608
616
632
649
669
671
678
683
687
690
693
710
712
737
741
746
758
759
763
782
786
791
809
811
815
831
839
840
854
859
878
883
899
916
921
925
931
932
946
960
961
990
1004
1009
1020
1036
1067
1074
1081
1092
1107
1110
1111
1119
1123
1134
1147
1182
1184
1189
1195
1199
1203
1220
1221
1222
1226
1235
1236
1238
1247
1249
1255
1262
1272
1276
1297
1304
1322
1328
1373
1379
1405
1415
1422
1424
1430
1454
1483
1496
1502
1503
1515
1520
1532
1550
1556
1562
1563
1632
1636
1640
1644
1645
1657
1670
1676
1682
1683
1695
1713
1756
1770
1784
1798
1800
1802
1805
1857
1858
1878
1900
1910
1954
1963
1964
2003
2017
2029
2050
2081
2104
2110
2123
2125
2153
2165
2168
2169
2192
2196
2202
2205
2222
2264
2265
2286
2292
2326
2344
2348
2370
2395
2406
2424
2440
2462
2466
2484
2506
2508
2559
2568
2570
2605
160
25
1
76
117
94
16
152
0
135
103
159
102
70
157
148
107
138
8
56
141
41
52
6
30
9
5
28
72
7
92
149
58
55
87
40
79
154
110
145
73
115
140
12
23
151
39
59
69
77
54
34
112
14
37
51
68
85
121
136
113
50
114
119
29
111
71
19
131
33
98
147
49
86
142
143
42
24
139
36
81
22
47
153
155
116
65
27
15
75
97
89
134
61
160
109
129
95
105
158
144
133
66
127
20
84
11
150
118
93
74
132
82
122
130
137
99
128
48
26
80
63
21
62
100
67
146
106
108
38
17
44
4
57
83
46
120
13
88
101
31
35
2
156
104
96
64
123
18
60
45
90
32
43
78
124
126
10
3
91
53
