133
2
7
26
32
45
61
75
96
153
163
179
201
205
240
243
248
257
274
289
292
311
316
322
334
336
401
416
425
440
465
488
496
497
504
539
556
559
565
581
597
598
605
612
620
657
733
761
766
787
809
854
920
935
950
978
1058
1071
1074
1086
1146
1155
1157
1167
1222
1223
1230
1249
1258
1272
1291
1296
1308
1318
1343
1374
1377
1405
1420
1430
1474
1496
1523
1533
1534
1580
1608
1663
1707
1736
1738
1765
1770
1776
1784
1790
1809
1812
1813
1816
1849
1866
1889
1916
1921
1926
1940
1968
1976
1995
2013
2018
2021
2056
2083
2122
2147
2257
2258
2261
2286
2317
2328
2338
2341
2358
2372
2383
2399
2408
2411
2416
2433
2434
163
121
162
108
21
20
102
63
96
52
29
153
28
6
33
105
10
55
53
113
60
46
136
114
77
19
137
3
35
81
127
143
47
42
31
132
134
64
88
128
62
120
26
61
23
146
59
157
71
117
126
139
40
48
124
90
57
129
147
107
155
41
123
92
76
133
56
12
50
36
161
86
103
25
39
140
37
130
142
17
95
49
78
69
0
152
2
4
141
93
159
111
110
9
89
82
150
156
115
66
148
58
22
75
104
5
145
106
67
131
18
34
8
99
1
125
11
27
44
24
30
65
54
72
94
80
13
38
122
119
45
87
84
151
68
144
83
74
118
32
70
43
97
98
135
15
79
158
14
154
51
109
7
116
138
101
112
91
149
16
160
73
100
85
