116
169
180
206
229
232
239
265
293
297
305
306
312
332
358
392
401
451
460
508
564
579
591
620
636
651
687
697
762
765
768
775
803
819
838
850
860
865
881
886
927
954
964
987
1006
1028
1045
1049
1070
1074
1094
1101
1103
1144
1154
1180
1228
1252
1261
1282
1290
1298
1319
1322
1327
1337
1339
1359
1433
1448
1470
1506
1528
1562
1565
1613
1674
1675
1719
1725
1727
1730
1805
1811
1818
1884
1892
1898
1910
1915
1928
1961
2000
2004
2005
2009
2050
2067
2071
2094
2103
2129
2163
2183
2206
2211
2217
2232
2283
2284
2289
2343
2374
2387
2399
2405
2431
149
54
51
81
159
55
158
35
94
157
56
91
4
11
137
62
52
19
82
66
20
76
64
8
153
63
47
155
28
74
139
80
46
40
13
59
83
115
69
131
78
126
36
27
100
97
114
7
0
71
134
14
25
130
133
140
92
29
15
88
107
101
89
123
86
70
23
120
162
38
111
2
121
116
72
135
156
118
30
119
103
21
85
49
145
10
104
113
124
9
5
50
57
58
61
138
31
26
143
152
48
112
128
45
161
60
75
142
96
65
44
84
147
151
34
41
79
127
3
125
39
6
132
148
90
87
68
18
146
95
33
99
102
110
154
32
149
122
136
53
12
93
73
129
24
109
150
42
141
160
