149
12
24
31
36
38
43
52
59
67
71
72
85
103
110
121
122
127
130
131
141
172
182
195
199
201
221
232
248
255
266
269
287
291
294
304
305
308
310
315
325
326
336
353
359
366
369
385
386
387
394
395
396
405
406
408
420
422
424
436
458
459
467
470
471
477
485
486
493
497
515
532
533
536
544
565
566
580
581
593
594
601
635
643
651
670
675
679
684
699
704
714
715
724
729
732
745
750
766
768
778
779
782
784
788
790
794
803
812
821
825
841
855
856
860
867
868
885
894
903
916
919
922
926
946
949
964
967
968
973
983
987
988
992
994
1000
1010
1012
1014
1017
1021
1023
1039
1042
1051
1059
1071
1099
1101
1103
72
74
16
77
80
24
84
9
66
25
14
43
3
11
23
85
59
48
69
49
51
0
6
72
8
76
45
54
71
18
52
42
37
29
13
39
4
40
50
34
47
15
46
79
44
7
38
22
2
26
12
53
41
36
82
5
19
65
35
68
28
62
27
20
87
31
63
10
32
60
75
67
1
