110
31
55
77
83
85
86
97
153
164
203
204
216
234
323
328
356
370
373
383
388
399
410
417
482
566
582
636
641
644
656
658
662
663
665
692
716
720
726
774
828
910
918
938
970
984
1093
1117
1156
1191
1195
1224
1231
1237
1245
1258
1259
1305
1313
1340
1412
1420
1431
1452
1462
1466
1486
1523
1537
1546
1590
1621
1626
1666
1685
1694
1706
1711
1726
1727
1808
1809
1817
1836
1903
1924
1955
1972
1974
2008
2047
2069
2097
2161
2180
2186
2200
2220
2264
2278
2304
2314
2328
2334
2348
2360
2370
2395
2399
2415
2437
163
156
14
35
129
34
84
149
49
45
152
1
46
42
54
82
58
6
143
101
41
25
36
38
0
99
127
142
106
162
64
80
90
120
126
118
31
66
53
124
65
159
81
136
122
91
148
77
161
92
68
112
75
26
131
78
130
57
18
88
72
151
125
96
12
21
47
95
40
135
115
94
62
74
83
116
23
160
76
85
107
79
73
110
69
138
87
48
117
29
121
20
119
44
139
16
15
93
157
111
9
56
105
86
51
140
145
4
67
60
113
24
133
70
158
22
103
39
37
63
114
59
132
150
137
128
13
154
32
155
144
17
33
146
100
5
8
61
43
19
7
3
134
153
97
52
147
10
11
104
141
27
2
102
50
71
123
98
55
108
89
109
30
28
