248
5
15
17
74
79
81
85
93
96
114
173
180
181
192
201
202
218
222
225
228
232
238
241
242
247
263
293
295
305
315
319
343
363
367
368
383
389
392
422
428
432
439
456
462
487
488
489
493
497
508
510
511
519
537
570
580
595
606
617
625
634
635
641
650
662
665
666
681
685
690
699
719
720
726
727
748
760
771
782
796
799
803
817
825
847
848
901
916
933
947
962
966
1008
1015
1018
1024
1032
1036
1041
1050
1051
1115
1122
1134
1172
1176
1190
1196
1203
1228
1229
1233
1234
1236
1241
1252
1260
1275
1276
1316
1319
1327
1332
1334
1346
1351
1352
1365
1380
1389
1396
1410
1424
1425
1431
1435
1468
1479
1500
1511
1512
1513
1526
1534
1542
1567
1577
1599
1602
1607
1629
1630
1641
1653
1657
1669
1685
1688
1697
1708
1742
1743
1744
1764
1766
1767
1772
1791
1797
1831
1840
1844
1850
1867
1889
1895
1905
1909
1936
1951
1964
1981
1983
1984
1989
1993
1999
2010
2022
2033
2034
2041
2043
2050
2053
2066
2104
2106
2108
2123
2132
2138
2148
2164
2166
2175
2193
2194
2212
2216
2219
2243
2245
2247
2258
2280
2282
2288
2296
2298
2300
2306
2316
2325
2335
2348
2350
2365
2374
2412
2422
2423
2441
2452
2454
2469
2474
2489
2498
2499
2508
2517
2531
2534
2597
2600
2607
2615
161
110
126
117
135
106
68
100
27
58
146
18
94
50
73
8
77
67
102
65
124
79
109
0
125
132
14
153
39
24
26
23
7
89
96
147
4
141
82
97
158
54
25
155
56
60
159
9
134
123
36
121
74
120
43
63
113
71
136
31
130
122
143
30
66
37
52
41
80
53
137
45
70
104
114
57
35
148
1
81
55
131
107
51
34
133
105
40
119
13
93
156
38
151
160
116
76
28
90
139
149
17
144
103
49
42
140
29
59
21
112
32
75
92
86
16
22
2
85
108
152
145
61
12
88
84
142
33
15
62
157
47
10
72
48
46
69
127
154
78
87
118
5
115
98
83
111
3
99
11
6
128
64
44
138
101
95
150
91
20
129
19
