136
11
23
53
63
70
101
142
167
176
178
179
196
241
244
262
272
316
361
404
419
422
436
464
465
472
503
510
526
543
556
560
566
611
612
684
686
692
701
744
764
823
841
892
907
928
969
1000
1006
1022
1043
1093
1094
1122
1133
1135
1150
1174
1182
1196
1211
1213
1287
1295
1302
1306
1316
1349
1355
1412
1429
1436
1453
1456
1458
1459
1461
1462
1464
1494
1508
1510
1533
1586
1592
1594
1595
1600
1663
1673
1674
1691
1693
1710
1755
1757
1768
1788
1793
1820
1831
1842
1848
1851
1855
1862
1874
1880
1886
1898
1919
1926
1928
1958
2006
2038
2063
2072
2096
2105
2118
2136
2137
2144
2175
2224
2231
2252
2282
2305
2341
2366
2406
2408
2416
2418
2438
162
98
158
59
20
62
99
46
126
82
138
157
85
61
124
120
90
77
53
118
125
41
76
28
149
152
36
54
72
55
63
39
70
92
38
30
139
14
151
40
2
132
162
44
35
11
109
115
114
32
49
13
73
3
18
143
31
144
19
84
25
153
113
65
129
94
83
74
34
134
154
66
56
23
67
142
116
69
131
26
8
60
15
137
64
43
141
50
160
111
133
87
58
121
37
1
159
9
127
91
108
78
27
52
130
21
81
6
110
161
80
89
4
48
122
68
106
119
145
33
102
57
147
12
101
79
10
47
95
156
146
135
136
5
16
104
45
123
88
100
140
128
97
150
29
105
148
96
17
51
155
112
22
42
117
0
7
86
103
107
93
24
71
