149
28
30
31
36
42
52
61
66
91
97
114
115
145
181
185
191
206
209
213
214
218
223
224
227
233
236
237
248
256
266
269
270
272
275
280
284
299
302
306
308
318
321
325
336
350
352
354
360
362
363
370
383
396
398
401
406
415
416
422
425
436
437
451
453
457
470
475
482
483
488
490
494
497
498
521
537
543
550
558
584
594
612
619
628
630
636
639
641
658
663
669
683
696
700
705
712
714
716
724
745
751
778
785
787
792
799
801
817
819
827
830
840
860
867
870
873
888
894
896
911
926
939
940
952
953
960
968
974
976
988
989
994
997
1000
1023
1025
1027
1045
1050
1061
1075
1077
1080
1087
1094
1096
1097
1100
1107
75
60
52
85
23
65
46
17
47
53
81
34
66
80
15
31
0
73
78
79
68
56
63
84
6
49
75
1
33
2
59
48
50
14
28
20
43
35
12
40
70
19
18
24
39
76
74
61
3
9
62
77
45
72
27
26
71
16
83
11
42
64
41
10
7
4
38
5
87
8
30
69
51
44
36
13
