125
55
97
119
126
137
138
155
187
223
224
225
238
239
244
262
280
289
296
299
313
326
327
352
431
441
456
460
462
477
494
541
559
567
603
623
644
662
663
675
697
709
723
763
791
817
827
836
851
853
904
923
945
957
967
1016
1020
1026
1033
1044
1080
1087
1090
1138
1192
1207
1216
1229
1233
1235
1241
1245
1272
1287
1315
1329
1338
1398
1406
1410
1417
1424
1465
1522
1610
1645
1663
1671
1695
1713
1744
1761
1764
1774
1802
1814
1843
1874
1878
1892
1898
1935
1957
2017
2024
2053
2101
2126
2136
2178
2212
2217
2220
2221
2223
2259
2266
2292
2302
2359
2360
2378
2397
2423
2430
2447
159
149
9
1
66
81
12
150
133
155
108
160
107
20
50
151
123
72
35
109
144
154
43
59
14
64
145
157
58
74
36
44
94
89
38
4
79
63
0
119
42
45
82
120
96
13
10
49
6
161
3
126
37
87
99
67
98
110
21
60
39
91
25
93
102
57
33
136
28
18
90
140
137
130
105
127
2
88
152
55
32
162
8
70
159
7
97
135
68
19
86
80
48
31
129
106
101
73
128
71
113
52
153
84
111
41
138
40
146
56
139
29
122
142
156
141
121
147
47
131
24
17
116
62
69
15
54
115
132
158
85
114
112
27
92
104
22
75
26
95
125
30
83
117
148
34
11
76
65
61
118
103
100
77
5
124
134
53
16
51
