686
6
11
13
14
15
16
17
18
19
22
23
24
25
27
28
29
30
31
32
33
35
36
41
43
44
50
52
53
54
55
56
57
60
62
63
65
66
69
71
73
75
76
77
79
81
82
84
86
87
88
89
90
91
92
93
95
97
98
99
101
103
105
106
109
112
116
118
119
120
121
122
123
124
125
128
129
130
131
132
133
136
140
141
143
146
148
149
150
151
153
154
155
157
158
159
165
167
170
172
173
175
176
178
179
180
181
183
185
186
188
191
192
195
196
198
199
203
204
205
206
207
211
212
213
214
218
219
220
221
222
223
226
228
230
231
232
234
235
238
241
242
244
246
248
250
251
252
254
255
256
258
259
260
262
264
266
267
270
272
273
274
275
276
277
278
279
280
281
283
284
291
293
295
297
298
299
300
303
304
305
306
307
310
312
313
314
316
318
320
321
322
323
327
328
332
333
334
335
338
339
341
345
346
349
350
351
352
354
356
357
358
361
362
364
365
366
367
368
369
370
371
373
374
375
376
378
380
384
385
386
388
390
392
393
395
396
400
401
403
406
407
408
409
411
412
413
414
416
419
420
421
423
424
425
426
428
429
431
433
435
436
437
438
441
442
444
446
449
450
451
453
454
455
459
461
462
463
466
467
468
469
472
473
474
476
480
482
483
486
488
489
490
494
495
496
497
498
501
502
503
505
506
508
510
511
512
514
515
516
518
519
521
523
524
526
527
528
531
532
534
535
536
537
538
539
540
541
542
544
545
546
547
549
557
559
560
562
563
565
567
569
570
572
573
574
576
578
579
580
581
582
583
584
585
586
587
588
592
593
594
595
596
600
601
602
603
605
609
610
613
614
617
618
619
620
622
623
624
626
627
628
632
633
635
639
640
643
645
646
648
649
650
651
652
653
655
658
659
660
662
664
665
666
667
669
670
671
672
675
676
678
680
681
684
685
687
689
693
694
696
697
698
699
700
701
704
707
709
711
712
713
715
716
717
718
720
721
723
725
727
728
729
731
732
734
736
737
738
739
740
741
744
746
747
748
750
751
752
753
755
756
757
758
759
760
762
763
764
765
766
767
769
770
771
774
775
776
777
778
779
780
781
782
785
786
788
790
791
792
793
795
796
800
801
802
803
804
806
807
809
811
812
814
815
816
817
819
823
824
826
827
829
830
831
834
835
836
837
838
839
843
845
847
848
849
850
852
853
857
858
861
867
869
871
872
873
874
875
876
878
879
881
883
885
886
887
888
890
891
892
893
895
896
898
900
901
905
907
909
910
911
913
914
915
916
917
919
921
922
923
924
925
927
928
930
931
932
933
935
936
938
939
941
942
943
947
949
950
952
953
954
956
957
961
962
967
968
969
970
973
974
975
976
977
979
980
982
983
984
985
988
989
990
991
993
994
997
998
999
1000
1002
1004
1006
1007
1008
1009
1011
1015
1019
1020
1022
1026
1027
1028
1029
1031
1033
1034
1037
1038
1040
1041
1042
1043
1045
1047
1049
1050
1051
1053
1056
1058
1059
1061
1062
1063
1065
1067
1068
1069
1071
1074
1075
1076
1077
1078
1080
1081
1082
1083
1084
1085
1086
1089
1090
1091
1092
1093
1094
1095
1099
1101
1102
1103
1104
1107
83
67
16
13
11
61
22
51
35
7
28
46
79
6
80
18
3
83
77
31
58
64
50
14
84
63
43
1
12
69
29
62
68
34
49
52
26
56
41
15
10
20
4
40
60
76
73
86
5
19
27
48
8
42
17
9
75
47
24
23
70
2
53
66
44
57
71
65
87
54
38
39
55
74
37
45
72
85
32
59
36
78
82
0
