265
13
19
20
21
29
42
57
71
89
96
105
137
140
180
187
189
217
230
235
238
240
254
260
272
275
281
283
286
296
298
300
303
311
318
367
379
393
397
415
418
420
424
427
434
438
441
471
495
511
520
534
536
548
557
564
574
575
581
582
587
592
593
611
618
640
641
643
657
662
671
699
705
708
715
730
754
757
780
782
787
800
807
814
815
821
824
836
843
852
858
873
890
909
915
917
939
940
953
954
955
957
964
983
987
990
1008
1027
1034
1037
1045
1051
1057
1058
1072
1073
1115
1119
1127
1129
1139
1142
1153
1160
1174
1186
1196
1202
1214
1220
1223
1230
1247
1263
1267
1281
1282
1290
1319
1332
1336
1362
1373
1394
1396
1400
1413
1418
1421
1422
1425
1428
1431
1446
1474
1475
1476
1492
1513
1542
1545
1547
1551
1554
1560
1576
1580
1584
1592
1596
1601
1618
1620
1628
1642
1657
1661
1663
1665
1687
1693
1698
1706
1707
1716
1733
1734
1738
1746
1757
1759
1762
1764
1782
1794
1813
1828
1835
1836
1837
1842
1864
1895
1910
1917
1919
1920
1934
1947
1952
1964
2005
2033
2046
2069
2072
2099
2105
2106
2142
2145
2152
2155
2160
2167
2170
2177
2182
2192
2193
2197
2204
2246
2256
2271
2282
2285
2287
2294
2312
2357
2359
2362
2365
2371
2376
2377
2399
2407
2416
2433
2439
2440
2449
2476
2512
2527
2531
2550
2552
2558
2573
2575
2584
2590
2591
161
109
105
72
147
17
28
53
120
2
86
132
101
50
75
122
69
156
22
133
137
90
27
146
117
18
113
42
104
3
106
70
140
80
12
78
77
149
58
92
154
61
91
111
141
47
87
21
97
52
5
94
131
83
102
23
60
98
151
153
110
55
114
38
127
71
41
158
112
93
139
1
30
125
79
96
73
135
116
31
128
6
36
51
62
49
65
24
56
46
123
16
43
57
152
14
37
107
88
99
4
29
54
59
74
68
115
155
39
142
76
138
121
124
25
26
44
34
144
108
15
48
157
13
85
89
7
145
32
67
150
9
19
66
148
63
100
40
35
10
33
64
136
160
159
118
103
119
130
45
8
0
143
95
81
126
134
20
82
129
11
84
