137
4
48
90
96
112
122
142
145
159
162
163
176
218
239
243
249
281
303
308
311
353
364
385
397
405
409
418
426
439
440
455
512
519
541
564
573
605
630
633
642
708
740
767
772
795
824
837
875
900
906
912
927
958
960
967
972
977
989
1004
1050
1058
1063
1064
1104
1108
1112
1122
1135
1152
1163
1168
1179
1182
1198
1211
1218
1227
1229
1251
1253
1256
1260
1293
1312
1377
1390
1392
1404
1420
1476
1505
1511
1561
1568
1570
1590
1650
1670
1681
1686
1688
1714
1719
1744
1778
1781
1788
1822
1838
1853
1866
1895
1915
1949
2045
2047
2055
2100
2102
2139
2145
2181
2243
2246
2249
2272
2277
2280
2326
2338
2349
2356
2377
2403
2426
2442
2443
163
80
33
47
60
21
77
118
50
125
18
49
15
79
98
90
99
70
143
38
94
32
19
22
14
39
92
128
87
63
68
109
30
57
17
4
59
134
89
144
135
7
84
58
26
130
55
107
145
131
28
141
155
102
29
42
75
44
73
76
13
86
46
158
20
106
116
147
56
151
36
37
156
27
114
149
108
61
31
159
2
65
5
34
119
24
154
124
91
127
105
146
120
113
160
136
161
95
41
157
23
148
25
110
16
11
81
72
88
74
10
40
111
126
85
112
142
51
9
78
83
71
152
43
137
1
35
64
162
52
101
133
122
138
104
53
54
115
121
103
3
96
129
153
150
100
8
48
62
66
93
69
67
132
45
139
0
140
123
97
117
12
6
82
