66
161
166
202
209
249
281
297
325
372
382
391
407
427
431
490
551
567
574
576
655
704
742
818
840
847
852
873
945
961
973
1038
1051
1074
1080
1114
1129
1136
1137
1177
1199
1203
1207
1247
1255
1303
1377
1408
1411
1470
1475
1478
1481
1492
1566
1588
1619
1634
1667
1672
1694
1707
1762
1768
1834
1837
1839
82
144
79
61
54
164
78
160
123
40
113
50
29
117
19
76
162
25
58
7
69
65
148
37
125
18
81
90
86
6
118
95
154
159
130
99
88
131
153
27
12
133
4
75
70
39
66
138
107
42
82
112
127
91
24
17
141
21
116
126
64
9
134
41
52
44
43
10
28
59
110
1
137
108
38
106
47
30
120
56
80
68
84
