686
4
5
6
8
10
13
14
16
18
19
21
25
27
28
32
33
36
40
45
46
48
49
51
52
53
56
57
61
62
65
66
70
71
72
73
76
77
78
80
81
82
83
84
85
88
90
91
92
94
95
97
99
100
101
102
104
105
106
107
110
111
114
115
116
117
118
120
121
123
124
126
128
130
132
133
134
135
136
137
138
139
140
142
143
145
146
147
148
149
150
151
153
154
155
156
158
159
160
163
164
165
166
167
168
169
174
175
176
178
180
181
185
186
188
194
196
198
199
201
205
206
207
208
211
213
216
217
220
223
224
226
227
228
229
230
231
234
235
236
237
238
239
240
241
243
246
247
248
251
252
253
254
255
257
258
259
260
262
263
264
266
268
270
274
276
277
279
283
286
287
288
289
291
293
294
295
297
298
300
301
302
304
305
306
307
309
310
311
313
314
315
317
321
322
323
326
328
329
330
331
332
335
337
338
340
341
343
344
345
349
350
351
352
354
355
358
359
360
361
362
364
365
366
367
369
370
371
374
375
378
379
380
381
382
383
385
386
388
389
391
393
394
396
398
400
401
402
403
405
406
407
409
410
412
414
422
424
425
429
430
432
433
435
436
437
438
441
442
445
446
447
448
450
451
452
455
460
462
463
464
465
466
469
471
472
474
475
480
482
484
487
488
489
490
491
492
493
496
497
499
501
502
503
504
508
509
510
511
512
513
514
516
518
520
521
523
524
525
526
527
528
533
534
538
541
542
543
544
547
549
550
552
553
555
556
558
559
561
563
564
565
566
567
568
569
570
572
573
575
577
578
579
580
581
582
584
585
586
588
589
590
591
593
594
595
599
600
602
604
607
608
609
610
611
612
613
616
617
618
620
624
625
626
627
628
629
630
631
634
635
638
639
641
642
643
644
647
649
651
652
653
654
655
657
660
663
666
667
669
670
672
674
676
677
678
680
681
683
685
686
687
689
690
692
693
694
695
696
697
699
700
701
703
705
706
707
708
709
711
712
713
714
715
716
718
719
722
723
725
727
729
730
732
733
734
735
736
737
738
739
740
741
742
743
744
745
746
747
748
750
752
754
755
756
757
760
762
763
764
765
766
768
769
771
774
775
776
783
784
785
786
787
789
790
795
796
798
799
800
802
803
805
808
810
811
812
813
815
816
818
819
821
822
824
829
833
834
836
837
839
842
845
847
853
854
856
857
858
859
860
861
863
866
869
870
871
873
874
875
876
877
878
880
882
883
884
885
886
887
888
889
892
894
895
898
900
903
904
905
906
907
908
910
912
914
915
916
918
919
924
926
928
929
931
932
934
936
938
940
942
944
945
946
952
954
955
956
958
960
963
964
965
966
969
970
972
974
976
979
980
982
983
984
985
986
988
989
992
993
994
995
996
998
1000
1002
1003
1004
1005
1007
1008
1009
1010
1011
1012
1013
1015
1016
1018
1019
1020
1021
1022
1023
1024
1025
1026
1027
1028
1030
1031
1032
1033
1035
1037
1038
1041
1042
1043
1048
1049
1052
1054
1056
1058
1061
1062
1063
1065
1066
1067
1068
1069
1071
1072
1074
1077
1079
1081
1082
1084
1085
1087
1088
1089
1091
1092
1094
1095
1098
1100
1102
1103
1104
1105
1106
1107
84
18
20
56
8
31
26
1
78
47
36
16
87
73
58
66
17
28
9
64
70
24
57
7
13
11
42
37
6
23
2
60
44
63
19
85
62
39
82
45
4
27
38
55
61
53
29
43
50
72
51
10
80
84
77
15
68
33
83
48
40
71
59
81
75
22
86
76
3
67
54
12
14
5
0
41
74
30
69
46
35
65
21
79
49
