144
97
145
167
170
172
221
237
240
265
286
287
309
328
344
353
360
380
388
389
406
429
431
452
460
508
519
530
559
561
567
589
595
666
689
698
699
711
718
721
723
733
743
761
801
833
834
836
857
887
892
914
916
940
993
996
1005
1018
1025
1034
1041
1071
1112
1115
1173
1186
1203
1223
1257
1288
1304
1323
1333
1338
1384
1429
1434
1436
1449
1463
1478
1487
1546
1592
1600
1635
1638
1643
1649
1652
1656
1665
1683
1690
1698
1750
1762
1773
1780
1781
1791
1814
1825
1828
1838
1875
1879
1883
1888
1893
1897
1905
1911
1994
2005
2016
2019
2030
2032
2044
2046
2082
2105
2118
2145
2152
2156
2184
2215
2219
2234
2253
2259
2275
2359
2381
2383
2398
2416
2433
2434
2435
2440
2443
2446
155
2
55
64
79
132
52
144
134
109
33
31
151
127
48
63
102
30
40
76
150
54
23
149
112
101
21
86
110
35
9
135
158
34
22
12
68
116
69
155
32
62
94
74
160
162
161
96
133
121
122
87
75
42
119
130
4
137
56
143
136
10
80
16
7
113
111
124
24
6
100
53
11
120
88
156
17
57
60
123
140
70
65
36
138
20
27
81
19
77
67
83
41
72
45
47
125
73
146
58
84
153
15
141
103
14
5
129
118
82
59
0
92
126
85
51
25
105
115
95
39
117
93
43
44
152
89
18
3
148
50
49
28
131
66
71
8
147
139
157
107
38
46
154
26
98
106
97
90
108
159
99
128
78
104
61
