686
9
11
13
14
15
18
19
20
22
23
26
28
30
31
32
36
38
41
42
44
48
49
50
51
54
55
56
57
58
62
63
65
67
69
71
72
75
77
78
80
81
82
83
86
88
90
97
98
100
101
104
106
107
108
109
110
111
112
114
115
118
119
120
121
123
125
129
130
132
133
134
135
136
137
138
139
140
142
144
145
146
147
148
149
150
151
153
154
155
156
157
159
161
163
171
172
174
175
176
177
178
179
180
182
183
184
186
187
190
191
193
194
196
198
199
200
203
205
206
207
208
209
211
213
214
215
216
217
220
222
225
227
229
232
235
236
237
239
240
242
244
245
246
247
248
249
250
252
254
255
256
257
258
260
261
262
264
265
266
267
269
271
272
273
274
275
277
278
280
281
282
283
284
285
286
287
288
290
292
293
295
296
297
299
301
302
304
305
306
308
310
313
314
315
317
318
319
321
322
323
325
329
330
331
334
335
336
337
338
339
341
343
344
348
350
352
353
355
357
358
359
360
361
363
366
367
371
372
373
374
376
377
378
381
382
384
386
388
389
390
391
393
394
396
398
399
400
401
402
403
404
405
407
408
409
410
411
412
413
414
415
416
417
418
419
420
423
426
427
431
432
433
434
436
437
438
439
440
442
444
445
446
447
448
449
450
451
452
453
456
457
458
459
460
461
464
465
466
468
470
471
473
475
476
477
479
480
485
486
488
489
490
492
494
496
500
501
503
506
507
509
511
513
515
521
522
523
525
526
527
529
532
535
536
540
543
545
546
547
548
551
552
553
554
555
556
557
559
560
561
563
564
567
570
572
573
574
579
580
581
582
583
584
585
586
587
588
589
590
591
594
595
596
597
598
600
603
604
605
608
609
610
613
614
616
618
621
622
624
626
628
629
630
631
632
633
635
636
638
639
640
643
648
650
651
652
653
654
655
658
659
660
661
662
663
665
666
668
670
672
673
674
676
677
678
679
681
682
684
685
688
691
692
694
696
697
698
699
702
703
704
707
708
709
710
712
714
715
716
718
720
721
724
725
726
727
728
729
730
731
732
734
736
740
741
742
743
744
748
750
752
754
755
756
757
758
759
762
764
765
766
767
768
770
772
774
775
776
778
779
782
784
786
788
789
790
792
794
795
796
799
800
801
803
805
806
807
808
809
810
812
813
814
815
816
818
820
821
824
825
826
829
830
831
835
836
837
839
840
841
842
845
847
849
851
853
854
857
859
860
861
863
869
870
871
873
875
876
878
880
885
887
888
889
892
893
894
897
898
899
900
901
903
906
907
908
909
912
913
914
916
918
919
921
922
924
925
926
927
928
929
930
934
935
936
937
940
941
942
946
947
949
950
951
952
953
955
956
957
959
960
962
964
965
966
968
969
970
972
976
977
978
979
980
981
983
984
985
986
989
990
993
994
996
999
1001
1002
1003
1004
1005
1007
1009
1011
1012
1015
1016
1017
1019
1021
1022
1023
1024
1026
1027
1028
1032
1034
1035
1036
1038
1039
1040
1043
1045
1046
1051
1052
1053
1054
1056
1058
1061
1066
1069
1070
1071
1073
1074
1076
1077
1078
1081
1082
1083
1086
1087
1093
1094
1098
1100
1101
1102
1103
1104
1106
1107
83
30
3
86
25
62
83
59
37
27
18
76
48
34
52
84
9
31
64
55
81
20
2
70
14
69
33
58
71
26
75
22
78
87
5
61
7
23
42
45
63
6
67
82
12
36
1
46
66
60
15
73
39
72
41
0
51
50
19
32
8
28
43
56
47
44
68
77
49
29
40
4
80
13
85
11
16
38
24
10
54
35
53
65
