149
15
18
19
28
29
34
37
46
47
55
74
75
82
90
113
118
123
134
143
144
162
173
188
202
210
214
223
228
242
245
252
258
259
262
276
279
280
283
285
288
291
292
293
297
307
311
322
327
328
333
345
352
367
368
388
392
395
399
409
426
430
448
458
464
473
476
477
478
479
481
483
486
487
493
500
507
513
516
519
522
523
540
565
572
583
584
592
602
614
616
624
626
634
643
662
668
669
671
675
692
696
704
705
706
707
720
727
740
747
758
760
781
790
791
798
799
809
827
829
830
832
840
861
868
870
871
873
885
902
920
940
945
958
959
961
962
986
988
990
1022
1043
1050
1051
1056
1065
1068
1074
1077
1084
75
29
48
83
37
44
45
64
12
22
1
5
70
65
11
63
77
87
67
41
8
74
6
30
58
3
49
81
75
14
60
62
71
23
66
47
32
9
26
2
33
35
19
51
54
59
52
24
16
55
18
56
36
85
80
0
4
69
61
34
79
72
73
38
84
31
10
68
42
28
57
27
78
7
46
53
