149
12
13
15
25
35
37
39
40
48
82
88
90
91
96
100
110
113
122
133
136
155
157
164
165
176
178
180
181
183
184
202
207
213
224
234
245
246
250
252
265
293
299
314
315
317
323
333
350
351
359
380
387
390
393
409
415
421
439
443
450
453
459
485
488
489
490
493
509
520
521
535
538
556
561
569
582
584
588
597
620
624
632
642
664
667
671
673
681
686
687
707
712
718
728
736
742
751
758
760
762
767
771
780
790
796
798
799
802
808
809
812
830
831
838
849
862
869
871
874
883
892
896
899
901
908
921
926
957
966
978
986
987
989
1004
1011
1017
1018
1021
1030
1041
1054
1058
1081
1089
1091
1093
1099
1102
1105
77
1
10
3
63
66
87
77
35
85
13
11
59
14
42
28
62
17
84
75
68
47
8
57
53
78
33
72
73
43
40
55
74
79
76
67
56
81
32
49
51
24
52
20
25
61
12
65
31
37
48
50
41
45
7
2
70
16
80
60
19
4
29
22
18
26
36
38
27
83
54
39
69
9
71
6
5
23
