687
12
15
17
21
22
25
29
34
35
44
45
47
49
51
55
57
58
60
61
63
64
70
71
73
74
77
79
81
86
87
88
91
92
94
96
99
101
102
103
105
106
108
110
114
117
121
125
126
127
128
130
135
136
145
147
153
161
169
170
178
181
185
186
187
191
192
197
198
199
200
201
203
213
215
217
218
228
231
233
235
236
238
239
240
241
247
250
260
261
264
265
266
268
274
275
278
279
284
287
289
292
293
296
297
300
301
314
316
318
319
320
323
324
331
333
335
337
340
342
345
348
349
351
352
354
356
358
364
372
375
378
379
383
385
386
387
389
391
392
393
394
395
398
399
400
402
408
412
414
415
417
418
420
423
424
426
430
431
434
437
439
443
447
450
452
456
461
462
464
470
476
478
481
482
488
490
493
502
506
508
509
513
516
517
519
522
524
525
526
532
537
539
542
544
546
548
549
551
553
556
557
558
560
563
564
565
571
577
578
579
581
583
587
589
590
591
594
598
599
601
603
604
605
611
614
618
620
622
623
626
627
628
629
630
631
641
643
648
654
657
658
659
660
661
667
669
670
674
675
678
686
690
698
700
702
704
706
708
710
711
712
717
719
720
721
722
730
734
735
738
739
746
748
751
754
758
760
763
764
769
770
771
772
782
783
784
786
787
789
793
795
796
797
798
801
803
806
808
810
812
815
820
827
832
833
834
836
837
838
844
846
847
849
853
857
858
862
863
864
865
866
867
868
871
873
874
875
877
886
887
888
890
893
894
896
898
902
908
914
915
919
922
927
929
930
931
933
934
938
940
941
945
946
949
951
953
954
957
958
959
962
964
967
968
971
972
975
978
979
980
981
982
986
990
991
992
994
1000
1001
1004
1012
1013
1014
1020
1021
1023
1027
1031
1036
1037
1042
1044
1045
1048
1049
1055
1058
1061
1062
1063
1065
1066
1071
1072
1073
1074
1086
1087
1090
1093
1099
1102
1106
1110
1111
1116
1120
1122
1124
1125
1127
1130
1133
1134
1138
1140
1141
1143
1144
1145
1148
1150
1152
1153
1155
1158
1162
1163
1164
1170
1171
1177
1178
1180
1181
1182
1187
1188
1192
1194
1198
1206
1211
1212
1213
1219
1220
1224
1237
1238
1243
1244
1245
1247
1249
1250
1251
1253
1254
1256
1258
1260
1265
1272
1273
1274
1275
1283
1284
1286
1288
1289
1290
1291
1293
1299
1303
1304
1305
1306
1310
1312
1316
1317
1320
1321
1326
1328
1332
1334
1342
1343
1345
1350
1354
1356
1359
1360
1361
1364
1367
1371
1373
1378
1381
1385
1388
1390
1391
1392
1394
1398
1399
1400
1403
1404
1405
1406
1411
1412
1414
1415
1416
1418
1419
1426
1427
1428
1430
1434
1440
1445
1451
1452
1456
1457
1458
1459
1460
1464
1465
1466
1467
1474
1475
1478
1481
1484
1488
1490
1491
1492
1495
1509
1510
1514
1519
1520
1527
1528
1533
1534
1535
1539
1542
1543
1548
1554
1556
1558
1565
1567
1569
1571
1572
1573
1574
1577
1579
1580
1582
1585
1586
1589
1591
1593
1595
1597
1599
1602
1607
1610
1613
1619
1620
1621
1622
1625
1627
1630
1633
1638
1642
1644
1648
1649
1650
1651
1653
1660
1663
1666
1668
1671
1676
1679
1680
1687
1688
1695
1698
1699
1704
1710
1712
1717
1720
1725
1727
1728
1729
1731
1733
1734
1736
1738
1740
1741
1746
1748
1749
1750
1751
1752
1755
1756
1757
1761
1762
1766
1768
1773
1782
1784
1787
1789
1791
1793
1794
1795
1797
1800
1803
1804
1805
1806
1807
1810
1811
1814
1815
1818
1822
1831
1833
1834
1839
156
133
75
68
152
25
119
48
117
42
7
55
160
125
37
14
11
77
65
8
121
10
122
61
162
19
58
71
124
87
123
128
3
32
47
29
15
50
88
46
78
159
149
147
109
73
28
27
153
16
95
158
21
156
107
60
127
126
112
108
114
151
92
72
85
115
136
99
24
41
39
54
43
79
57
93
137
118
145
12
129
51
59
150
101
91
134
113
0
111
36
94
74
148
20
138
18
49
130
64
155
40
146
52
84
69
56
143
44
67
5
164
31
106
161
70
9
82
17
76
1
2
86
80
90
144
6
30
45
38
98
13
154
81
120
26
89
163
66
140
105
100
157
96
33
53
97
104
110
135
132
131
4
62
141
139
116
