113
33
144
152
211
233
235
245
256
275
281
323
336
353
380
390
418
438
459
499
559
563
565
572
620
675
687
692
694
700
732
735
742
747
756
759
782
837
884
893
977
1001
1015
1049
1087
1118
1132
1175
1203
1215
1223
1234
1240
1305
1320
1322
1383
1411
1413
1418
1428
1431
1451
1454
1511
1541
1563
1594
1610
1638
1660
1668
1674
1695
1717
1723
1742
1774
1823
1855
1881
1897
1900
1923
1990
2021
2051
2073
2108
2115
2136
2156
2164
2174
2181
2182
2183
2213
2225
2236
2240
2242
2247
2261
2268
2302
2323
2326
2360
2367
2408
2412
2426
2431
163
152
104
139
133
21
132
140
110
119
146
160
100
63
136
14
55
97
141
86
148
75
96
66
118
158
8
26
33
71
153
60
17
1
49
13
35
89
161
154
54
85
10
42
137
120
127
94
29
16
108
76
103
32
41
69
130
95
27
22
39
142
4
105
156
115
70
59
6
162
109
107
79
144
46
155
102
73
124
128
80
9
19
134
51
122
101
135
62
72
31
145
20
23
159
0
50
92
82
12
3
151
2
37
114
48
90
126
129
53
117
47
15
98
45
77
11
111
36
40
24
88
56
25
5
30
113
38
34
28
83
44
64
116
61
84
157
106
68
112
78
81
57
123
87
121
99
131
58
74
138
52
125
149
65
7
18
93
43
147
150
67
91
143
