76
41
51
79
85
115
167
178
189
207
254
272
286
289
360
376
383
443
470
505
515
552
554
555
565
603
607
611
678
711
737
800
802
887
892
913
941
949
960
962
1010
1029
1037
1044
1057
1105
1111
1147
1199
1232
1241
1254
1280
1287
1317
1327
1349
1358
1360
1393
1436
1439
1461
1546
1575
1590
1603
1612
1637
1648
1718
1726
1737
1754
1801
1819
1837
121
72
124
94
129
62
4
76
87
134
65
8
147
46
6
148
68
137
160
158
102
157
107
82
33
101
54
38
25
115
74
125
135
103
79
20
32
22
64
161
66
52
150
141
51
60
12
61
11
69
50
121
53
90
162
45
13
153
18
154
136
116
109
84
55
123
93
81
152
63
97
100
159
156
105
85
30
140
139
131
119
146
67
7
75
59
122
163
34
48
132
28
108
138
78
145
130
15
58
27
36
118
151
106
114
26
112
86
57
1
10
44
21
89
3
104
83
17
126
41
2
24
