130
16
100
124
130
144
205
206
216
225
235
312
318
320
331
332
342
349
372
400
402
404
405
423
452
453
460
479
487
519
575
576
580
583
586
631
634
638
656
698
708
716
721
723
730
735
739
749
758
791
873
882
907
921
945
964
974
1042
1043
1050
1098
1114
1145
1146
1149
1180
1183
1233
1259
1264
1266
1274
1300
1324
1383
1395
1401
1407
1412
1419
1466
1476
1485
1512
1534
1560
1587
1611
1622
1623
1626
1655
1670
1713
1716
1729
1733
1776
1777
1796
1802
1820
1826
1843
1863
1893
1908
1910
1933
1980
2013
2098
2112
2113
2131
2149
2156
2162
2183
2210
2220
2230
2234
2249
2271
2292
2316
2359
2371
2392
2446
155
38
1
152
95
13
22
109
60
31
114
41
131
108
34
78
46
96
115
74
103
129
48
7
24
137
136
154
61
30
25
32
83
6
40
107
35
75
28
19
14
45
153
58
2
111
11
44
149
59
80
17
73
148
66
132
77
15
123
106
158
85
16
79
0
128
70
122
138
155
124
27
162
142
63
117
130
88
98
161
160
29
105
99
72
140
47
54
12
49
102
143
52
50
33
65
135
51
146
93
89
90
82
69
118
156
26
125
86
42
10
145
110
4
121
64
139
23
84
116
112
56
3
157
37
134
21
159
104
8
101
43
5
18
119
67
126
81
91
120
92
36
147
87
133
9
39
53
127
55
94
97
141
68
151
113
