116
23
28
52
100
120
122
163
166
204
208
211
221
229
233
246
267
283
284
317
331
347
383
388
494
531
536
538
541
551
573
586
639
653
672
674
680
720
739
741
751
791
794
811
843
868
878
913
919
920
946
957
979
985
1016
1027
1032
1038
1043
1053
1075
1090
1171
1188
1199
1221
1234
1235
1237
1248
1255
1347
1371
1373
1377
1411
1430
1463
1497
1528
1589
1640
1653
1667
1706
1722
1723
1753
1765
1773
1810
1821
1834
1855
1859
1882
1886
1918
1941
1964
1965
2043
2077
2116
2117
2162
2194
2207
2246
2273
2303
2325
2389
2398
2412
2432
2437
163
124
101
35
157
141
144
137
105
84
138
72
108
139
48
68
41
73
146
20
89
132
25
118
149
112
23
111
113
51
27
28
6
78
114
34
161
90
64
142
24
32
106
37
66
92
95
126
143
156
80
134
85
129
150
131
45
21
115
86
147
116
26
97
75
152
31
3
62
148
4
47
0
13
133
79
160
50
103
76
39
117
16
122
94
11
162
88
107
99
36
128
136
155
93
40
159
67
10
87
2
74
77
151
109
63
5
29
120
71
145
55
38
102
153
19
104
83
58
8
60
17
43
130
158
121
119
30
46
65
49
154
52
135
70
7
123
53
57
81
12
125
54
98
61
22
127
59
14
82
15
56
100
1
91
96
33
44
110
18
140
42
9
69
