149
30
31
45
53
66
69
84
89
91
95
102
127
130
132
140
161
165
166
171
179
184
186
188
191
197
198
199
202
211
221
229
231
239
240
244
254
258
261
263
280
297
299
300
320
332
342
346
348
364
369
370
375
376
379
382
388
394
396
411
412
415
417
443
444
447
487
502
518
521
522
525
532
533
544
547
554
557
559
567
576
577
591
595
626
653
657
660
661
676
677
689
692
693
696
707
733
741
745
751
754
756
779
780
782
790
793
807
810
819
821
822
823
834
850
856
863
868
871
884
914
918
926
927
933
935
953
957
962
968
972
996
1001
1003
1008
1011
1028
1030
1054
1059
1063
1067
1069
1072
1082
1086
1093
1101
1106
1107
73
7
64
60
81
5
70
56
87
18
36
49
14
54
84
13
11
39
15
57
47
80
74
52
12
28
72
71
82
34
53
6
16
26
45
69
31
76
0
27
10
66
65
35
51
61
41
8
55
42
85
19
4
38
75
25
46
78
33
20
63
21
40
3
1
83
29
44
23
32
58
24
22
48
