149
32
33
45
47
54
61
66
76
79
92
96
98
99
110
111
125
136
150
154
158
170
179
185
189
191
192
198
211
213
222
225
236
247
253
256
262
272
273
282
292
293
296
297
308
313
333
334
343
350
354
358
367
368
369
379
385
389
396
405
407
408
418
431
432
443
449
467
471
479
486
487
498
499
501
513
520
545
550
572
591
598
602
603
618
622
629
630
635
636
640
646
649
653
661
662
674
678
691
697
700
703
706
720
721
725
727
729
732
753
754
757
760
773
776
789
792
804
820
823
826
828
836
842
848
849
857
858
859
862
874
888
901
935
947
956
965
981
982
987
992
994
1004
1006
1012
1035
1075
1088
1095
1097
74
49
78
28
80
3
53
4
63
85
47
11
73
46
22
33
32
67
5
14
36
19
69
62
68
25
72
17
35
18
38
23
9
30
16
59
64
84
2
40
50
60
10
8
13
27
1
81
44
71
75
56
66
21
61
42
48
51
58
29
24
65
0
82
6
43
52
39
76
77
57
34
41
54
20
