64
128
139
161
166
168
176
203
300
342
347
440
459
461
519
595
596
599
613
628
654
712
744
776
802
823
834
844
868
885
902
924
948
981
990
1013
1014
1023
1035
1037
1069
1147
1160
1177
1183
1192
1226
1300
1341
1389
1394
1469
1480
1488
1544
1556
1571
1591
1691
1742
1761
1764
1778
1783
1812
115
34
21
19
35
96
8
40
17
48
98
80
153
99
32
140
118
44
133
13
11
5
79
109
81
89
20
139
31
65
114
125
128
37
148
158
51
134
39
105
54
61
27
154
16
147
101
26
121
111
63
14
30
68
82
92
43
2
163
15
28
49
95
156
142
77
106
135
42
159
55
115
71
53
24
164
84
41
52
83
91
124
62
108
75
120
112
56
88
110
46
7
143
116
138
22
130
126
137
145
23
3
67
38
100
152
155
146
57
157
76
64
25
150
161
4
