254
14
32
41
42
51
58
75
84
104
144
146
198
216
237
249
264
278
289
310
328
375
382
410
421
434
439
464
473
483
486
487
488
501
506
511
513
523
550
552
554
564
568
595
628
630
634
655
662
679
695
696
702
708
710
711
713
730
732
733
738
746
747
755
776
779
786
789
793
801
821
823
845
870
890
894
896
903
910
912
923
929
933
943
976
977
982
989
993
995
1009
1019
1020
1032
1043
1063
1074
1080
1087
1091
1103
1114
1116
1128
1140
1146
1150
1156
1157
1204
1205
1211
1213
1215
1223
1229
1231
1239
1259
1260
1279
1302
1328
1329
1352
1355
1360
1363
1376
1381
1398
1404
1407
1425
1442
1451
1457
1466
1509
1517
1523
1551
1555
1565
1566
1583
1604
1612
1638
1640
1656
1659
1668
1670
1676
1692
1700
1706
1708
1719
1726
1729
1737
1769
1775
1778
1783
1796
1802
1804
1812
1828
1842
1853
1854
1868
1870
1886
1891
1898
1906
1942
1948
1969
1970
1981
1996
1999
2006
2015
2017
2028
2061
2072
2074
2077
2091
2104
2110
2112
2117
2127
2128
2130
2134
2145
2164
2170
2174
2184
2195
2199
2206
2220
2229
2249
2253
2255
2256
2258
2259
2264
2267
2269
2272
2274
2319
2334
2361
2362
2371
2373
2413
2417
2433
2444
2447
2451
2504
2511
2513
2520
2525
2526
2529
2553
2566
2570
2575
2581
2594
2595
2608
2616
2622
160
146
83
43
135
30
116
142
74
5
21
28
11
32
20
4
48
140
137
70
117
36
136
122
69
62
89
65
60
3
123
53
154
31
97
149
35
73
104
41
134
127
132
19
68
105
63
91
27
14
25
7
8
81
52
56
46
80
148
109
6
45
79
90
57
49
101
145
61
144
59
139
55
33
125
95
130
64
118
96
29
99
157
9
16
94
24
1
12
78
128
106
66
67
0
98
54
58
147
23
88
42
44
13
15
108
158
87
156
111
72
38
112
2
114
107
17
102
115
47
159
77
50
150
129
93
100
22
151
153
86
26
75
152
119
84
71
160
138
10
85
155
131
40
110
121
124
120
51
126
34
133
143
82
18
37
113
92
141
103
39
