134
89
100
101
104
140
152
156
232
266
288
292
311
351
364
377
384
385
393
409
445
452
460
461
467
487
498
503
527
528
530
532
555
559
590
597
611
627
672
699
723
727
729
732
745
798
817
829
871
912
925
941
970
978
999
1005
1010
1012
1024
1052
1059
1064
1067
1069
1071
1087
1151
1178
1201
1204
1265
1276
1285
1294
1308
1309
1311
1363
1372
1400
1401
1420
1431
1447
1493
1501
1524
1528
1532
1540
1567
1585
1606
1629
1681
1682
1692
1696
1742
1805
1839
1864
1865
1879
1916
1919
1925
1959
1995
2018
2029
2031
2044
2111
2128
2129
2144
2151
2168
2173
2180
2181
2183
2229
2233
2241
2273
2289
2303
2371
2393
2405
2424
2433
2435
149
0
82
162
106
96
2
114
12
88
78
160
64
98
8
86
116
51
141
125
79
18
75
115
85
66
107
68
145
43
69
149
142
72
71
124
147
30
153
80
29
24
130
67
39
11
91
10
19
134
37
74
40
157
26
155
32
50
135
60
34
55
63
161
148
105
113
151
47
89
118
76
25
90
159
23
48
27
6
104
84
77
73
35
156
123
112
94
154
138
132
126
121
9
144
45
139
101
111
52
1
4
137
14
131
44
58
128
117
97
41
158
57
99
136
122
33
53
59
152
42
21
110
150
65
102
129
36
108
93
22
143
7
3
87
5
56
119
92
146
62
120
109
103
83
20
31
15
54
133
