686
4
7
9
12
14
15
17
20
21
22
23
29
30
31
32
34
36
37
38
39
40
41
43
45
47
48
51
52
54
55
59
60
61
62
63
64
65
66
67
68
70
71
73
74
75
76
78
79
80
84
85
86
87
88
89
90
91
92
93
96
98
99
100
101
103
104
105
106
107
108
111
112
113
114
115
116
117
118
120
121
122
123
124
126
128
131
132
136
138
140
141
142
143
145
146
147
148
149
151
153
154
155
158
159
160
162
163
166
168
169
170
171
173
174
175
179
180
181
182
183
186
188
191
193
195
197
198
200
202
203
204
206
209
210
211
212
215
216
218
219
220
221
225
226
227
228
231
234
235
236
239
240
241
242
243
244
246
247
248
249
251
252
253
254
255
257
258
260
261
262
266
269
270
271
272
274
275
277
278
279
280
281
282
286
287
288
290
291
295
296
297
299
304
305
307
309
311
312
315
316
317
318
319
320
321
322
323
324
325
326
327
328
330
331
332
333
335
337
340
346
347
349
350
351
352
353
354
355
356
358
359
360
363
366
369
371
373
374
375
377
378
379
382
384
385
386
390
392
393
396
397
398
402
403
405
408
409
410
412
413
414
416
417
420
421
422
424
425
427
428
429
431
433
434
437
438
439
442
444
445
446
447
448
449
450
451
452
454
456
459
461
462
463
464
466
469
471
476
477
478
480
481
482
483
488
491
492
493
497
499
500
501
503
504
505
506
508
509
511
513
517
521
522
525
526
527
528
529
530
531
533
534
535
536
538
540
541
542
545
546
547
549
550
551
552
553
554
555
556
557
559
561
562
563
567
568
575
576
578
580
581
583
584
586
589
590
591
595
598
599
600
601
602
605
606
608
609
610
611
612
613
614
615
616
617
618
619
620
621
622
626
629
633
634
638
639
640
641
642
644
647
648
649
651
653
655
661
664
666
667
669
670
671
672
673
675
676
677
678
679
680
682
683
684
685
686
687
688
693
694
695
696
698
700
704
705
708
709
710
711
712
714
716
717
718
719
722
724
726
727
729
730
734
735
736
737
738
739
740
741
745
747
749
750
751
752
753
754
755
757
758
759
761
762
765
766
768
769
771
773
774
777
778
780
782
784
785
786
787
788
789
791
792
793
794
795
797
799
800
801
803
806
807
808
809
810
811
812
813
815
817
819
823
824
826
827
828
830
831
836
838
839
840
841
843
844
845
846
849
851
852
853
855
856
859
860
863
864
865
867
868
869
873
874
875
876
877
878
879
880
881
884
886
888
889
890
895
897
900
901
903
905
906
908
909
910
911
914
915
916
921
922
924
925
926
928
929
930
933
934
935
936
937
938
940
941
942
943
944
946
947
948
949
951
952
953
954
957
958
960
961
962
963
965
968
969
970
972
973
976
977
979
980
981
982
983
985
986
987
989
990
992
993
994
996
997
998
1000
1001
1004
1005
1006
1007
1011
1012
1013
1014
1016
1017
1020
1021
1023
1024
1025
1026
1030
1031
1032
1033
1038
1040
1041
1042
1043
1044
1046
1047
1049
1050
1052
1053
1056
1057
1061
1063
1065
1070
1074
1075
1079
1081
1082
1083
1084
1087
1088
1090
1091
1093
1094
1097
1099
1100
1104
1105
1107
84
47
70
14
52
53
56
13
63
68
64
39
67
44
27
24
85
77
61
71
17
54
75
82
0
58
4
73
48
2
40
78
69
23
50
1
22
33
86
38
29
80
62
15
79
9
84
76
25
74
19
60
36
8
10
42
43
18
6
5
12
20
32
49
57
65
11
83
72
46
26
45
51
81
41
87
59
7
31
28
3
35
30
37
16
