127
21
29
35
44
49
60
95
98
99
100
111
145
166
187
190
200
207
234
235
245
254
262
288
305
353
359
391
404
415
424
427
431
440
442
522
532
581
620
632
636
696
700
720
724
732
743
801
814
818
823
846
860
948
950
957
991
1005
1016
1031
1033
1037
1045
1049
1106
1113
1148
1165
1191
1196
1203
1229
1270
1291
1305
1340
1346
1362
1388
1408
1422
1423
1429
1476
1480
1512
1577
1585
1590
1601
1602
1646
1720
1728
1733
1736
1744
1747
1774
1786
1804
1849
1862
1871
1893
1898
1913
1927
1942
1946
2022
2028
2050
2091
2096
2122
2225
2232
2259
2311
2314
2321
2343
2363
2367
2385
2411
2416
161
60
159
87
147
149
41
74
128
67
57
44
116
136
80
72
55
84
127
48
88
5
155
19
56
148
21
150
22
54
81
43
145
69
135
4
140
118
75
38
139
111
62
52
15
151
94
102
119
79
129
99
40
95
61
142
131
28
115
16
138
20
90
46
18
126
49
11
37
25
65
78
1
106
130
8
24
132
45
108
93
153
32
36
13
154
141
47
12
58
144
112
2
14
34
0
107
89
143
91
134
101
105
59
76
110
104
70
113
98
17
66
103
85
73
114
121
6
96
42
53
157
158
30
82
27
117
51
68
3
123
125
64
161
146
83
77
124
156
10
133
23
71
31
9
86
63
92
160
33
122
39
29
100
97
120
162
50
137
35
7
109
