113
55
84
88
134
155
235
236
270
311
347
363
364
384
386
387
404
417
419
460
461
467
479
493
498
516
548
571
573
579
663
681
683
726
731
734
750
752
757
764
785
797
869
871
887
919
954
956
988
989
1022
1036
1042
1070
1084
1088
1107
1114
1140
1145
1171
1229
1263
1268
1290
1309
1317
1344
1353
1380
1389
1431
1446
1447
1465
1468
1487
1550
1575
1675
1691
1761
1762
1850
1858
1867
1875
1876
1894
1898
1908
1943
1945
1953
2020
2024
2039
2055
2113
2172
2187
2204
2223
2228
2253
2257
2283
2287
2303
2372
2396
2421
2424
2436
158
116
3
137
113
118
130
32
72
27
156
135
19
8
149
78
139
132
4
104
60
31
50
44
69
25
161
23
99
34
9
146
71
107
131
55
159
110
52
158
57
43
83
143
108
58
91
155
106
29
162
150
16
6
35
61
84
24
115
28
1
68
140
147
87
133
157
66
76
80
18
42
102
122
153
114
142
74
2
56
11
103
15
39
73
95
88
90
89
49
59
14
13
51
53
152
46
151
92
70
0
119
47
124
136
21
67
10
112
26
145
111
40
138
81
63
128
123
141
154
41
64
37
101
7
97
82
65
85
94
121
12
100
105
20
120
96
148
86
30
98
125
117
93
36
144
22
17
77
45
126
5
129
134
79
48
75
62
109
