686
5
7
8
9
10
11
15
16
17
18
20
21
22
25
30
32
33
34
35
37
38
40
42
45
46
47
50
51
53
54
55
56
57
58
59
60
62
63
64
65
66
68
70
71
72
73
79
80
82
83
84
85
86
87
88
91
92
96
97
98
99
100
101
102
103
105
109
111
112
115
118
119
123
124
125
126
130
132
134
135
136
138
139
140
141
145
147
148
149
150
151
152
153
154
156
158
160
161
162
163
164
165
166
168
169
171
172
173
174
175
180
181
182
183
184
185
186
187
188
189
190
191
192
193
196
197
198
199
200
202
203
204
206
207
208
210
211
214
215
219
221
223
224
225
226
227
228
229
230
231
232
233
235
236
237
238
239
240
241
242
245
248
249
250
251
254
255
260
261
262
263
264
265
266
269
270
271
272
274
275
276
277
278
280
281
282
284
285
286
288
289
290
291
292
293
296
297
299
300
301
302
304
306
307
308
309
315
316
317
318
319
323
324
326
328
329
330
332
333
335
336
337
338
341
343
344
345
348
349
350
351
354
356
359
360
361
363
365
366
367
369
370
371
373
374
377
379
380
382
385
389
390
392
393
394
396
397
398
404
405
408
409
410
411
412
417
418
419
420
421
423
424
428
432
433
435
436
439
442
443
444
446
447
448
449
451
452
453
454
455
456
461
462
466
467
468
470
471
473
475
477
478
481
482
483
486
487
488
489
490
493
494
499
500
501
502
504
509
510
513
515
516
517
519
521
522
526
527
528
532
533
534
535
538
539
540
545
546
547
551
552
556
558
561
562
564
565
566
568
569
570
571
573
574
575
577
578
579
582
584
585
586
591
592
593
594
595
597
598
599
600
601
602
603
604
605
606
608
609
615
616
618
619
620
622
623
624
625
626
627
628
631
634
635
636
637
638
643
644
645
647
649
650
651
653
655
656
658
661
662
663
666
667
668
669
670
671
672
673
675
676
677
681
683
684
685
686
687
688
689
690
691
692
693
694
695
696
697
699
700
701
705
706
708
709
710
711
712
714
715
718
719
722
727
728
729
730
733
736
738
739
740
741
742
743
748
752
755
756
758
759
761
762
765
767
768
770
771
773
777
778
780
782
783
784
786
787
788
789
790
794
795
796
797
799
800
801
802
803
804
805
806
807
808
809
810
811
813
816
818
820
822
825
826
827
828
829
830
831
832
834
835
836
837
838
840
841
842
843
844
848
851
852
853
854
856
859
861
862
863
864
866
867
868
870
871
872
876
877
879
880
884
887
889
891
893
896
897
898
900
901
904
906
907
909
911
914
916
917
919
920
923
924
926
927
929
931
932
933
934
936
937
938
939
940
942
943
944
945
946
947
948
949
950
951
954
955
956
957
958
960
963
966
968
969
970
972
973
974
975
979
982
983
984
985
986
987
990
991
993
995
997
999
1000
1001
1002
1003
1004
1005
1006
1008
1009
1010
1011
1014
1019
1021
1022
1023
1024
1025
1027
1028
1030
1033
1037
1038
1039
1040
1044
1046
1047
1049
1051
1053
1054
1055
1056
1059
1060
1061
1062
1064
1070
1071
1072
1073
1074
1076
1079
1081
1082
1085
1086
1087
1088
1090
1092
1094
1098
1099
1103
1104
1105
1106
1107
83
29
51
40
57
82
31
17
85
5
75
32
8
16
72
18
4
6
0
14
86
36
28
69
77
65
26
55
81
45
38
22
46
74
61
68
56
35
54
79
49
64
67
7
63
60
59
27
1
87
25
23
48
34
24
15
52
37
41
78
2
53
83
80
84
30
12
62
76
11
3
21
9
43
47
66
42
58
13
71
73
10
20
19
