686
1
4
5
8
9
11
12
13
15
16
17
18
19
20
22
24
25
27
28
31
32
33
35
36
37
38
39
40
41
42
43
44
45
47
49
50
54
56
59
61
65
68
69
73
74
75
77
78
80
81
82
85
87
88
89
90
91
93
94
95
97
100
101
102
103
105
107
108
109
112
116
117
118
119
120
122
123
124
125
126
127
129
131
134
135
137
138
140
141
142
143
144
145
149
150
151
152
155
156
158
162
166
167
168
169
170
172
174
175
176
177
178
184
185
186
187
188
189
190
191
194
195
197
198
200
201
202
203
204
205
206
209
210
211
212
213
214
216
217
218
220
222
223
225
226
229
232
234
235
240
242
245
247
248
249
251
252
256
257
258
260
261
263
264
269
270
271
272
274
275
276
278
280
284
285
287
290
294
295
301
304
305
307
308
314
316
320
321
322
323
324
326
327
329
330
332
333
335
336
337
338
340
342
348
349
350
351
352
354
356
358
359
360
364
365
368
372
374
376
377
378
379
380
381
382
384
387
391
394
395
396
398
399
400
401
402
405
407
409
410
411
414
416
417
420
421
425
426
427
430
431
432
434
435
436
440
442
444
446
447
449
450
454
455
458
459
460
461
462
463
465
467
469
472
473
475
477
479
482
483
485
486
487
489
492
493
494
495
497
498
499
501
503
504
505
506
507
509
511
513
514
516
517
518
521
523
524
527
528
529
530
531
532
533
535
536
537
538
539
540
541
543
544
545
546
548
550
553
554
559
561
562
563
566
567
569
570
572
574
575
577
578
580
581
585
587
588
589
590
591
592
593
594
597
601
603
604
605
606
607
609
610
611
613
614
616
619
620
621
622
624
625
626
627
628
629
631
632
634
635
636
637
638
641
642
645
646
650
651
652
653
654
655
656
657
658
660
661
663
664
665
666
668
671
672
673
675
676
677
678
680
681
682
685
687
688
689
690
692
693
694
695
699
700
701
706
708
709
710
711
713
714
718
719
723
724
726
727
731
732
733
734
735
736
737
740
741
743
745
747
748
749
750
751
753
755
756
757
758
759
760
761
762
763
766
767
768
770
771
775
777
778
779
780
781
782
783
786
787
789
790
791
792
793
794
795
796
797
800
804
805
806
807
808
810
813
814
818
821
822
823
825
826
827
829
832
834
835
838
839
840
843
844
845
846
849
850
852
853
854
857
858
859
860
862
863
864
865
866
867
868
869
871
872
873
875
876
877
878
879
880
884
885
887
888
890
891
892
893
895
897
898
899
901
902
903
906
908
910
911
912
915
916
918
919
921
922
924
926
927
929
930
931
932
933
934
935
937
938
939
940
943
945
946
947
950
953
954
955
956
960
961
962
963
964
965
966
967
969
970
971
972
973
974
975
976
977
978
979
980
981
985
990
994
995
998
999
1001
1002
1003
1004
1005
1006
1007
1009
1011
1012
1014
1017
1019
1021
1023
1025
1026
1027
1028
1030
1032
1033
1034
1035
1036
1037
1038
1039
1040
1041
1042
1043
1046
1047
1049
1051
1052
1053
1054
1056
1058
1059
1061
1063
1065
1066
1068
1070
1072
1073
1074
1075
1079
1080
1081
1084
1086
1089
1090
1091
1093
1094
1095
1096
1100
1101
1105
1106
1107
83
87
75
27
76
28
79
85
22
33
24
31
50
82
16
26
9
38
68
8
48
74
41
78
59
80
58
10
20
23
61
6
19
32
46
71
83
43
69
62
67
7
54
86
56
66
30
64
44
42
13
65
49
4
51
77
15
72
40
81
5
39
63
45
3
18
34
25
52
53
14
11
29
36
1
35
60
47
21
37
2
0
17
84
