72
29
78
157
162
172
195
198
277
281
286
287
317
352
372
380
418
420
440
447
512
519
528
547
597
654
713
717
831
919
966
969
1034
1035
1054
1058
1082
1088
1090
1120
1123
1124
1132
1136
1141
1180
1191
1216
1217
1252
1270
1298
1313
1377
1383
1398
1419
1493
1513
1533
1544
1565
1609
1657
1677
1680
1689
1698
1703
1724
1727
1791
1808
126
23
147
0
142
29
115
76
42
163
19
101
67
118
133
54
20
37
4
105
120
103
159
39
56
9
116
63
28
30
86
35
110
49
160
87
150
106
131
22
66
151
156
98
55
14
117
26
17
132
45
70
13
145
121
134
80
36
96
78
154
128
137
43
79
91
8
12
108
125
50
144
143
94
31
61
164
24
72
1
129
111
27
153
107
122
139
149
84
6
92
71
148
97
2
102
140
52
157
10
152
59
69
104
99
93
162
123
155
58
25
113
119
141
114
64
88
82
135
81
95
57
77
100
146
75
158
