657
15
18
19
25
26
29
30
31
33
36
42
46
48
50
56
57
58
60
63
64
67
70
72
73
76
78
83
85
88
90
91
98
100
105
112
114
115
117
118
120
122
123
124
125
128
132
135
136
142
143
145
146
148
151
152
154
158
160
164
165
169
170
174
176
179
182
187
188
192
193
194
197
203
205
206
209
212
213
216
217
223
230
236
241
242
244
246
249
250
252
253
255
257
258
259
260
262
263
265
269
270
276
277
288
289
291
296
301
303
305
306
307
309
311
312
313
314
315
320
325
330
331
334
336
339
341
349
350
354
356
357
358
360
363
372
373
374
376
377
379
380
381
382
383
384
385
388
398
400
401
402
403
404
406
407
409
411
413
414
417
420
421
423
427
431
433
434
436
442
444
445
446
450
452
455
456
458
462
465
466
467
470
471
480
481
488
490
491
492
495
499
502
503
504
505
514
518
520
525
527
529
532
533
536
542
544
545
547
548
551
553
556
561
570
571
572
580
585
587
592
593
595
596
599
601
604
608
609
610
617
622
623
624
627
628
638
648
655
661
665
667
670
674
678
680
681
687
699
700
704
705
709
712
714
716
718
721
722
726
731
733
743
744
748
749
751
755
758
759
760
761
762
770
771
772
773
777
778
779
780
786
793
795
796
798
803
806
809
810
811
812
814
816
819
821
827
828
830
832
833
834
835
837
838
840
844
845
852
854
857
858
867
868
869
876
881
882
885
887
889
893
894
896
900
902
903
905
907
908
912
921
923
928
929
930
931
932
934
935
936
941
942
944
946
950
957
959
960
965
967
968
970
974
977
981
982
990
991
992
1001
1004
1005
1006
1007
1015
1016
1018
1025
1026
1028
1034
1035
1037
1038
1041
1042
1047
1049
1050
1053
1059
1061
1063
1064
1065
1067
1069
1071
1074
1076
1080
1086
1093
1095
1096
1098
1099
1104
1109
1111
1114
1118
1120
1127
1131
1132
1133
1139
1140
1144
1148
1150
1154
1155
1156
1157
1160
1173
1174
1175
1179
1180
1183
1186
1188
1193
1194
1195
1199
1201
1205
1206
1207
1208
1210
1213
1218
1220
1221
1227
1229
1234
1235
1236
1238
1239
1241
1243
1251
1252
1255
1257
1258
1259
1261
1264
1269
1271
1273
1274
1279
1282
1284
1286
1287
1290
1292
1295
1297
1298
1299
1301
1303
1305
1311
1316
1318
1322
1325
1327
1328
1330
1331
1332
1334
1338
1341
1342
1343
1346
1348
1356
1357
1360
1362
1363
1365
1367
1373
1375
1379
1383
1385
1388
1396
1402
1403
1404
1405
1406
1410
1412
1415
1416
1421
1426
1429
1430
1438
1441
1444
1446
1448
1449
1457
1458
1460
1464
1465
1467
1475
1477
1478
1480
1483
1485
1486
1487
1491
1492
1495
1506
1507
1511
1512
1513
1514
1520
1521
1522
1526
1529
1535
1537
1539
1540
1547
1550
1551
1555
1559
1560
1562
1565
1568
1569
1570
1571
1572
1577
1578
1580
1582
1590
1596
1598
1599
1601
1608
1610
1613
1615
1616
1621
1626
1628
1629
1631
1632
1633
1636
1639
1640
1642
1646
1654
1655
1662
1666
1669
1685
1686
1687
1688
1690
1694
1695
1697
1703
1705
1707
1711
1713
1715
1716
1721
1722
1723
1725
1727
1731
1738
1739
1740
1741
1742
1744
1745
1749
1755
1765
1766
1768
1774
1780
1781
1782
1784
1785
1786
1787
1789
1792
1800
1801
1809
1812
1814
1819
1822
1823
1829
1830
1832
1833
1839
1840
158
59
91
143
84
161
29
61
119
43
80
121
35
51
112
36
163
20
16
21
104
132
111
33
100
85
131
114
12
77
4
26
106
66
142
151
6
11
99
126
1
8
82
156
64
71
27
76
107
138
150
22
147
120
102
148
110
23
46
41
139
90
134
28
47
108
153
31
125
135
72
103
109
40
159
45
124
13
157
113
2
14
73
50
75
79
48
83
3
65
58
101
92
15
49
56
55
118
86
117
62
137
78
154
155
10
69
42
54
81
149
87
136
152
32
130
0
38
44
129
63
105
89
34
93
37
52
70
5
128
158
123
19
68
67
18
140
25
9
122
60
133
30
162
74
115
144
94
17
57
116
96
146
39
97
24
141
145
53
