125
72
92
142
163
166
175
184
206
258
269
287
298
300
302
317
355
377
425
436
460
472
504
555
563
585
617
638
659
666
670
702
744
745
757
764
787
806
808
826
866
879
926
980
983
997
1034
1039
1049
1062
1067
1080
1210
1220
1222
1237
1243
1245
1251
1252
1256
1259
1270
1284
1315
1360
1398
1407
1422
1426
1427
1430
1450
1462
1478
1479
1480
1489
1522
1535
1574
1578
1584
1625
1631
1656
1694
1703
1744
1761
1812
1826
1840
1843
1845
1862
1868
1901
1906
1948
1951
1956
1965
1971
1987
1998
2017
2020
2029
2075
2076
2084
2088
2098
2109
2113
2117
2125
2128
2145
2148
2188
2255
2347
2362
2433
157
157
140
143
87
120
67
130
129
104
10
28
148
69
146
43
126
33
1
88
81
20
89
19
94
137
76
109
6
100
84
91
21
122
102
112
24
86
121
153
154
116
85
162
65
48
117
57
131
8
55
95
103
31
141
9
158
128
77
54
58
138
11
155
23
75
79
14
30
80
66
42
41
27
53
5
17
13
62
39
2
32
83
15
68
3
161
106
113
60
70
150
45
36
50
111
114
49
108
118
132
35
97
64
96
44
4
147
134
160
52
105
12
47
123
82
7
18
72
40
59
152
16
26
99
115
127
133
38
34
149
145
56
98
139
73
119
37
142
0
71
125
92
159
93
78
135
107
51
101
22
61
29
63
46
144
25
124
