689
8
9
19
20
27
33
34
35
39
40
43
52
55
59
60
61
65
67
71
73
75
76
80
81
82
83
85
86
87
89
90
91
94
99
100
103
104
106
107
108
111
119
120
122
124
125
126
131
139
140
142
144
147
149
152
154
162
163
164
166
167
171
174
180
181
182
185
189
198
204
210
212
213
217
221
222
224
225
226
230
232
238
240
241
243
249
250
253
257
259
260
261
264
265
266
269
271
274
278
280
282
285
286
287
289
297
298
299
300
301
303
304
306
310
312
314
315
317
318
321
323
328
329
330
334
336
338
343
344
345
346
348
350
352
358
360
361
363
365
367
368
370
373
375
376
385
387
388
390
393
402
405
410
411
412
414
420
423
424
428
433
443
444
445
446
448
449
456
457
461
467
471
474
475
479
482
491
492
493
497
498
499
504
505
506
510
512
517
519
520
524
530
532
535
538
539
540
542
543
546
548
550
553
554
555
557
559
560
562
563
565
569
577
581
584
585
589
590
591
596
598
599
600
601
603
604
605
606
612
619
622
627
632
637
639
641
644
646
647
654
658
659
660
664
665
666
667
669
670
679
680
681
685
686
687
688
689
692
696
702
703
704
706
708
710
712
714
716
718
719
725
726
727
733
735
736
737
738
739
740
748
749
750
753
754
759
761
764
767
770
771
772
775
776
777
781
782
784
785
793
796
802
803
810
811
812
816
817
822
826
827
828
829
834
840
845
846
847
849
851
852
853
858
860
861
863
864
867
868
872
873
874
875
877
878
881
887
891
893
894
896
897
899
904
905
907
914
915
916
917
918
921
927
928
929
933
938
939
940
941
944
945
951
953
960
961
964
967
968
970
972
973
974
977
978
979
980
981
984
985
987
988
989
990
991
992
993
995
998
999
1000
1001
1007
1008
1012
1013
1015
1019
1021
1022
1023
1024
1027
1028
1040
1054
1056
1064
1069
1076
1080
1082
1086
1087
1088
1091
1094
1095
1100
1104
1107
1108
1110
1113
1114
1117
1118
1119
1124
1125
1126
1129
1132
1135
1136
1141
1142
1145
1148
1150
1151
1152
1155
1158
1160
1161
1163
1164
1166
1167
1177
1178
1179
1185
1186
1187
1188
1190
1194
1195
1196
1202
1209
1210
1217
1223
1224
1225
1227
1232
1235
1238
1240
1244
1247
1249
1251
1253
1256
1258
1261
1268
1271
1272
1274
1277
1280
1282
1283
1291
1296
1298
1299
1302
1303
1307
1308
1310
1314
1315
1321
1325
1326
1332
1334
1335
1341
1344
1345
1347
1348
1349
1350
1354
1355
1357
1358
1362
1364
1365
1368
1369
1373
1375
1377
1378
1381
1389
1391
1397
1398
1404
1405
1406
1412
1413
1414
1417
1422
1423
1424
1426
1427
1428
1429
1430
1432
1433
1434
1436
1438
1443
1444
1447
1448
1451
1453
1454
1459
1464
1466
1469
1473
1475
1479
1482
1486
1488
1500
1502
1503
1506
1510
1511
1516
1517
1520
1524
1526
1527
1528
1529
1531
1533
1535
1536
1539
1543
1544
1547
1552
1554
1558
1579
1580
1581
1583
1586
1594
1595
1597
1601
1602
1605
1607
1611
1624
1627
1631
1636
1637
1640
1641
1645
1647
1648
1649
1652
1654
1655
1657
1661
1662
1664
1665
1669
1670
1672
1673
1674
1676
1677
1678
1680
1683
1688
1698
1704
1709
1712
1719
1720
1727
1728
1729
1734
1735
1736
1739
1743
1744
1747
1749
1754
1757
1758
1764
1766
1769
1771
1773
1778
1780
1785
1787
1790
1791
1793
1794
1795
1796
1801
1805
1809
1811
1813
1815
1816
1820
1822
1823
1824
1827
1828
1829
1830
1836
1839
1840
155
87
138
59
90
13
112
119
6
76
24
7
18
92
123
147
81
107
127
82
83
48
151
124
111
3
93
80
0
84
108
116
158
154
9
55
49
142
16
10
131
52
100
135
45
66
26
14
70
95
153
64
38
149
101
152
86
121
113
89
56
163
99
120
8
54
50
88
79
20
139
31
73
134
28
62
78
15
160
144
65
72
145
37
19
21
157
104
146
75
29
140
51
118
117
27
96
11
102
161
98
46
132
39
71
67
106
125
77
2
74
41
25
58
23
32
115
159
4
109
155
130
110
114
85
43
143
22
94
60
53
33
44
30
136
36
47
12
148
105
91
126
69
17
68
57
141
162
137
150
5
128
129
1
156
122
