246
14
58
66
69
86
94
104
115
122
123
130
136
143
161
165
168
172
175
197
204
209
222
240
256
284
288
292
306
313
339
344
349
378
391
413
432
447
450
451
460
462
464
476
492
493
497
506
508
532
538
552
553
562
580
581
587
588
596
597
620
624
640
641
651
655
656
682
684
688
697
717
728
749
763
773
795
796
826
845
852
858
859
872
877
883
889
909
912
917
939
944
946
948
957
960
964
966
969
973
1031
1038
1040
1048
1051
1055
1056
1061
1095
1105
1109
1117
1127
1170
1174
1176
1179
1184
1187
1188
1208
1228
1234
1241
1247
1259
1267
1286
1289
1290
1293
1297
1304
1305
1308
1311
1331
1349
1357
1384
1400
1411
1439
1442
1447
1457
1458
1460
1463
1482
1484
1495
1503
1512
1529
1530
1533
1539
1553
1559
1564
1576
1609
1619
1651
1658
1659
1685
1686
1691
1700
1740
1756
1762
1771
1797
1798
1799
1818
1822
1830
1834
1880
1884
1898
1903
1930
1940
1963
1965
1967
1972
1999
2018
2030
2034
2040
2044
2072
2085
2149
2154
2165
2199
2206
2219
2237
2240
2246
2249
2255
2259
2268
2269
2271
2273
2276
2277
2287
2293
2299
2335
2341
2352
2357
2367
2382
2391
2392
2394
2395
2398
2421
2444
2452
2473
2483
2489
2492
2526
2540
2542
2543
2558
2607
2620
2621
159
120
80
99
28
128
110
155
70
85
44
53
75
36
15
22
144
87
29
68
64
48
11
112
71
127
10
100
7
149
42
40
51
38
130
27
141
79
57
90
2
135
98
13
5
131
115
113
129
114
123
50
96
83
47
1
35
147
34
88
14
23
108
156
137
45
73
134
33
119
118
63
72
89
6
19
37
92
66
62
76
84
125
158
32
20
59
0
95
3
52
26
152
126
74
117
9
61
116
94
31
132
82
81
21
91
104
77
18
41
55
106
111
54
46
4
105
143
86
124
56
25
136
142
107
30
69
8
93
146
145
154
102
157
17
148
49
43
58
122
140
133
151
60
109
160
78
139
24
138
121
12
153
150
39
65
97
67
103
16
