149
54
59
60
62
75
77
83
90
93
100
107
113
116
142
152
154
160
163
173
184
186
191
196
214
227
232
233
235
237
239
257
282
292
310
312
314
320
339
359
364
373
376
377
382
383
393
401
416
418
419
420
425
434
443
452
458
461
464
465
467
469
471
473
474
487
491
505
518
519
525
553
558
563
580
593
607
615
618
619
622
632
638
641
642
656
659
680
686
691
697
704
712
718
720
725
727
753
757
777
782
783
793
796
814
821
822
845
848
851
857
882
883
891
895
907
932
933
942
951
952
957
964
966
969
970
971
975
977
980
981
983
984
986
1001
1002
1021
1026
1028
1037
1049
1051
1052
1054
1061
1076
1079
1084
1099
1101
75
84
13
85
22
44
29
15
3
68
74
73
9
86
50
62
77
65
37
66
10
5
43
36
24
30
25
1
54
26
21
46
17
52
49
11
80
7
81
40
83
4
63
35
79
18
60
69
64
28
56
51
31
2
27
67
58
23
38
32
19
53
42
39
20
87
82
16
70
45
61
76
47
59
8
14
