686
4
8
10
14
15
17
18
19
21
23
24
26
27
28
33
34
36
37
38
40
41
43
44
45
46
49
51
53
54
55
59
60
63
64
66
67
70
71
72
73
74
75
76
79
80
82
85
86
87
89
90
91
92
93
94
95
96
98
99
100
101
102
104
105
107
108
109
111
112
116
117
119
120
121
122
124
127
128
129
130
131
132
134
136
137
138
140
143
144
145
146
147
148
149
151
152
153
155
156
157
159
165
167
169
172
174
175
177
178
179
180
181
182
183
186
188
190
192
193
196
198
199
200
203
205
206
208
212
214
215
216
217
220
221
223
224
226
227
228
230
232
233
234
236
237
238
240
241
243
244
247
249
250
251
252
253
254
255
256
258
259
261
264
265
266
267
268
269
272
274
278
279
280
281
282
283
284
286
287
290
292
293
295
296
300
301
302
303
304
307
308
309
310
311
312
313
316
318
319
320
322
325
327
328
329
330
331
332
335
339
340
342
343
344
345
346
348
349
350
351
352
353
354
355
356
359
361
362
363
364
365
366
368
370
373
374
375
376
378
379
380
381
383
384
385
386
387
388
389
390
391
392
393
395
396
397
399
400
404
405
408
411
413
414
415
416
417
418
419
420
421
423
424
425
429
430
431
433
434
436
437
438
440
441
444
445
446
451
455
457
460
461
463
464
465
469
470
472
476
479
481
482
485
488
489
491
492
494
498
499
501
502
503
504
505
507
508
510
511
512
513
514
515
516
518
519
520
522
526
529
531
532
536
537
538
540
543
544
545
549
550
551
552
554
555
556
558
559
560
563
564
568
569
570
571
573
574
575
576
580
581
583
584
585
587
589
590
591
592
593
597
599
601
602
604
605
606
607
611
614
616
617
619
621
623
624
625
626
627
630
631
633
634
636
639
640
641
642
643
644
645
646
648
649
650
651
653
654
657
659
660
662
663
664
665
666
667
668
670
675
677
679
680
681
683
684
685
686
687
688
689
690
692
693
694
696
697
699
700
701
702
705
708
709
711
712
715
717
718
719
720
722
725
727
728
729
732
733
735
737
740
741
742
743
745
750
752
753
754
755
757
758
760
761
762
765
767
768
769
770
771
772
773
774
778
781
783
784
786
788
789
790
791
792
797
798
799
800
802
805
806
807
808
809
810
811
813
814
815
817
818
820
821
822
823
824
825
826
827
830
836
840
841
843
844
846
851
853
854
855
858
859
861
862
863
864
866
867
868
870
872
873
880
881
886
887
888
890
891
892
893
895
897
898
900
901
902
903
904
905
907
910
913
918
919
920
926
927
928
929
931
932
933
934
935
936
937
938
939
940
941
942
948
950
951
953
954
955
958
959
960
961
962
963
964
965
966
967
975
976
977
978
979
980
982
983
984
985
986
987
988
989
991
992
993
995
997
999
1004
1005
1006
1009
1011
1012
1016
1017
1020
1021
1022
1023
1024
1025
1026
1027
1028
1030
1031
1032
1033
1034
1035
1036
1037
1038
1039
1041
1042
1043
1044
1047
1050
1051
1052
1056
1057
1058
1061
1062
1068
1069
1071
1072
1073
1074
1075
1076
1077
1079
1080
1081
1083
1086
1087
1088
1090
1091
1092
1093
1096
1097
1098
1099
1101
1102
1105
1107
83
47
83
48
34
4
16
9
45
67
68
19
76
5
85
2
58
82
55
3
72
56
36
74
79
14
18
23
15
50
81
43
24
8
53
49
77
27
33
13
42
30
63
21
52
73
6
31
69
28
54
7
51
60
84
10
87
35
32
37
65
62
78
29
11
26
71
61
57
40
17
38
64
22
86
80
59
46
70
20
1
41
0
75
