267
18
27
31
39
47
54
69
101
106
107
118
130
147
150
159
164
174
187
191
203
216
225
226
231
234
248
250
259
266
270
296
297
303
306
307
343
345
347
366
373
385
397
407
425
437
443
448
457
466
478
486
493
511
529
546
558
564
585
587
588
592
603
618
619
625
632
659
672
674
675
678
686
695
696
697
698
716
735
743
744
753
773
781
794
801
807
808
810
815
817
840
841
843
854
857
866
886
895
904
928
942
969
989
990
993
1007
1019
1039
1048
1054
1075
1094
1095
1097
1102
1152
1161
1163
1164
1174
1186
1192
1197
1222
1245
1253
1277
1281
1291
1296
1311
1315
1318
1325
1329
1330
1360
1364
1372
1376
1386
1390
1398
1400
1404
1425
1460
1470
1471
1489
1499
1502
1511
1522
1525
1530
1542
1546
1553
1561
1568
1574
1577
1587
1590
1612
1615
1623
1631
1645
1648
1677
1685
1693
1705
1706
1711
1714
1728
1735
1740
1743
1745
1755
1756
1761
1771
1794
1795
1807
1814
1841
1848
1859
1861
1863
1873
1875
1877
1890
1912
1930
1932
1937
1947
1953
1956
1974
1976
1979
2016
2024
2031
2042
2045
2089
2097
2098
2117
2135
2142
2143
2146
2165
2176
2199
2200
2213
2217
2226
2231
2244
2270
2294
2299
2309
2319
2321
2325
2334
2338
2344
2376
2378
2389
2422
2433
2436
2437
2443
2449
2455
2478
2479
2488
2493
2515
2534
2535
2537
2545
2557
2561
2563
2579
2604
2615
160
115
104
103
79
37
139
96
44
51
150
138
76
119
8
72
5
106
52
100
40
35
112
63
47
120
146
67
132
118
125
17
116
13
29
1
0
45
71
20
110
137
38
88
22
159
41
4
108
130
127
117
82
69
91
99
151
43
121
15
48
153
21
113
60
57
81
124
14
65
111
24
30
158
109
92
46
28
149
114
31
87
26
94
54
78
136
36
59
53
10
83
107
39
70
84
126
160
97
86
142
105
12
23
147
98
55
6
90
80
50
33
49
102
122
155
77
154
156
64
140
3
18
148
141
145
27
152
93
68
129
11
19
16
144
32
9
101
73
61
34
133
143
2
62
56
74
25
128
95
135
123
157
7
85
89
58
42
134
66
131
