222
14
60
83
103
113
132
146
186
211
214
230
242
263
266
284
292
296
301
307
325
338
343
375
399
412
417
423
435
457
462
472
481
484
494
495
517
531
553
554
557
560
573
574
575
595
609
629
633
636
637
652
657
666
667
670
685
721
724
731
746
752
758
764
776
816
821
834
857
876
884
899
908
910
922
930
952
955
956
970
974
980
982
993
1018
1027
1039
1045
1053
1066
1076
1079
1092
1097
1110
1111
1133
1148
1166
1190
1202
1213
1220
1247
1248
1259
1263
1265
1268
1298
1302
1304
1308
1358
1362
1365
1371
1373
1375
1399
1400
1424
1429
1433
1447
1460
1482
1502
1519
1533
1544
1549
1550
1560
1563
1564
1567
1574
1576
1584
1600
1603
1608
1620
1625
1632
1645
1651
1659
1677
1681
1686
1700
1706
1708
1722
1730
1762
1765
1766
1771
1778
1786
1806
1824
1852
1864
1872
1878
1880
1900
1909
1910
1917
1920
1930
1937
1941
1947
1958
1983
1984
1988
2000
2003
2004
2039
2049
2052
2066
2073
2095
2124
2138
2162
2190
2198
2234
2238
2264
2282
2284
2307
2311
2350
2363
2366
2394
2413
2427
2451
2461
2465
2481
2485
2507
2544
2550
2565
2583
2593
2618
2621
160
129
7
28
34
113
86
126
69
22
92
50
5
124
134
64
61
17
84
85
125
80
47
118
111
51
112
133
74
53
3
105
68
117
114
107
91
11
153
33
102
156
6
31
94
123
25
39
45
151
18
79
90
120
57
27
78
42
46
138
83
158
97
41
10
104
37
136
119
0
2
81
157
93
72
1
88
55
82
109
130
12
142
154
65
67
110
116
13
100
150
76
140
132
16
19
152
147
98
40
135
49
77
87
58
21
73
139
30
148
106
32
59
122
141
128
101
121
54
43
63
36
26
38
108
15
4
89
8
160
56
9
99
75
149
71
145
29
70
20
23
44
155
103
137
95
35
66
60
96
48
159
24
115
52
143
146
144
14
131
127
