129
72
89
100
102
134
170
176
178
192
223
236
257
264
268
287
296
297
298
300
332
345
363
366
383
399
410
413
437
460
468
488
505
556
567
592
596
633
652
668
685
693
701
726
763
768
770
775
805
810
813
814
860
864
871
895
902
909
910
924
946
960
961
1013
1061
1068
1076
1090
1126
1144
1180
1183
1196
1219
1250
1257
1258
1274
1277
1282
1318
1327
1329
1357
1375
1390
1396
1416
1430
1456
1473
1476
1486
1512
1522
1524
1565
1569
1675
1726
1740
1754
1767
1770
1801
1806
1830
1884
1927
1988
2044
2077
2115
2162
2168
2183
2197
2198
2232
2244
2282
2301
2312
2321
2357
2367
2371
2389
2413
2435
155
70
97
88
77
44
30
98
145
38
148
158
96
24
146
58
39
12
124
64
159
17
25
101
16
135
152
107
51
22
91
103
65
69
153
26
32
111
83
89
157
112
40
6
5
154
156
113
63
45
4
116
7
115
123
1
155
90
129
137
68
105
29
161
60
130
33
57
56
59
104
133
120
66
19
8
76
106
9
81
121
37
82
49
62
79
61
85
20
95
80
53
86
43
15
50
143
21
127
119
128
160
136
27
74
162
108
11
139
2
48
125
46
41
142
109
94
150
14
55
132
92
84
147
73
75
118
122
0
87
23
18
138
36
114
144
71
78
134
54
117
126
3
34
10
100
93
141
13
149
31
52
102
131
42
72
