135
12
25
38
59
61
82
143
152
161
165
175
177
211
244
263
270
280
285
302
327
362
384
443
455
460
469
497
517
577
603
618
621
646
688
725
760
805
809
843
873
880
881
893
905
917
925
944
1036
1079
1081
1207
1210
1235
1293
1369
1408
1410
1416
1425
1437
1438
1440
1455
1470
1481
1489
1490
1496
1502
1532
1559
1582
1591
1644
1645
1655
1656
1659
1689
1698
1708
1737
1765
1788
1790
1793
1800
1803
1804
1822
1830
1831
1838
1840
1842
1852
1885
1962
1970
1981
1990
1997
2029
2041
2048
2056
2074
2093
2099
2109
2146
2156
2161
2170
2181
2186
2202
2208
2232
2234
2272
2276
2286
2297
2356
2363
2377
2378
2396
2405
2407
2411
2421
2424
2436
163
137
26
34
132
151
30
80
15
123
51
109
54
10
100
104
141
90
32
146
133
2
145
134
154
55
75
35
110
5
70
81
65
113
33
72
67
155
94
13
39
135
79
16
127
7
25
111
53
116
9
50
159
19
27
152
115
108
144
77
0
37
157
88
128
161
129
93
87
162
18
74
31
14
52
89
131
44
1
92
118
91
11
114
48
71
102
150
130
61
96
76
158
8
69
84
57
60
3
97
143
46
148
21
160
43
99
41
120
121
126
136
139
83
117
153
119
86
58
106
12
6
156
59
85
103
24
105
42
142
47
95
56
36
101
66
125
122
38
23
82
112
45
68
62
4
63
29
107
78
49
73
28
124
147
140
22
20
17
149
40
98
64
138
