149
18
45
47
62
64
70
86
87
101
106
109
113
115
121
128
133
136
157
161
179
184
188
195
208
220
237
262
265
269
273
275
284
299
305
308
310
313
317
320
323
325
328
331
347
354
360
377
378
391
408
411
418
430
454
456
457
463
476
483
489
494
496
503
504
505
509
520
528
534
538
540
556
564
566
572
580
587
589
595
596
598
603
633
637
641
646
659
675
678
684
686
705
706
716
730
736
739
742
747
748
770
771
780
783
795
799
808
812
817
828
829
831
852
861
865
880
881
888
893
897
899
903
914
916
945
949
951
954
962
965
968
971
986
987
994
1016
1019
1026
1041
1050
1053
1060
1068
1082
1086
1087
1098
1102
1104
75
76
22
16
21
79
68
57
78
70
13
80
19
40
51
36
0
32
73
84
5
45
82
86
50
30
4
10
9
44
3
11
31
83
69
81
42
48
63
53
46
60
34
8
87
28
41
71
56
27
38
55
18
65
1
20
24
49
77
59
7
43
52
37
72
62
26
54
66
85
75
35
58
64
15
61
