667
6
15
17
18
19
21
25
30
41
43
46
49
53
54
55
60
61
65
69
72
73
75
77
79
81
84
87
90
92
94
95
97
98
99
101
107
108
111
117
118
121
122
126
131
132
133
135
136
138
142
143
144
145
146
147
153
158
159
161
162
163
166
169
173
180
182
183
184
187
188
189
192
193
196
199
200
201
202
205
208
209
210
212
213
220
223
224
225
228
229
232
237
243
247
248
249
250
251
252
253
256
258
260
266
267
268
271
272
274
276
281
284
285
288
289
291
292
294
301
304
307
311
313
315
320
321
322
325
329
331
334
337
338
339
340
344
345
346
348
352
356
357
359
362
363
365
367
373
381
385
386
390
397
400
401
413
415
417
419
422
423
426
427
433
435
437
441
445
448
449
451
452
459
460
462
463
464
466
471
481
483
484
488
489
491
493
494
495
500
501
504
508
512
516
518
520
525
526
528
529
531
533
534
537
538
544
547
550
554
558
560
564
565
566
567
568
569
570
571
575
576
579
592
593
594
595
600
601
603
606
607
612
613
615
616
617
620
621
623
625
626
627
628
632
633
635
636
638
640
641
648
654
655
657
659
662
664
667
672
673
674
676
680
683
684
690
691
697
699
700
702
708
709
710
711
713
715
717
723
724
726
735
738
740
741
742
746
752
754
768
772
774
775
776
780
781
783
786
791
793
794
795
796
798
800
801
802
803
805
806
808
812
815
816
817
819
820
823
828
831
837
843
846
848
850
851
852
855
856
859
863
866
867
875
877
889
891
893
900
901
904
906
911
912
914
916
918
919
921
922
923
924
925
930
935
937
945
950
957
962
967
968
971
973
985
986
989
996
1002
1003
1006
1012
1014
1021
1024
1027
1033
1036
1038
1046
1047
1050
1053
1054
1055
1056
1061
1064
1065
1066
1067
1069
1072
1073
1077
1078
1086
1088
1089
1093
1094
1098
1099
1100
1102
1104
1105
1106
1108
1112
1114
1121
1124
1128
1129
1130
1132
1135
1136
1145
1146
1147
1153
1158
1161
1167
1168
1175
1176
1180
1182
1185
1187
1190
1197
1204
1205
1206
1210
1211
1214
1215
1218
1221
1223
1224
1225
1226
1229
1230
1232
1237
1243
1247
1252
1254
1259
1260
1261
1262
1264
1268
1271
1273
1274
1276
1277
1283
1286
1292
1294
1298
1303
1304
1305
1309
1313
1314
1315
1317
1320
1322
1325
1326
1331
1333
1334
1335
1336
1337
1340
1341
1344
1349
1354
1355
1356
1357
1360
1362
1364
1365
1367
1368
1369
1371
1373
1378
1380
1381
1386
1389
1397
1400
1401
1403
1405
1407
1408
1409
1412
1420
1423
1426
1428
1430
1444
1447
1448
1451
1459
1461
1463
1466
1471
1476
1478
1479
1480
1481
1483
1484
1485
1487
1490
1493
1495
1496
1497
1509
1511
1512
1515
1517
1521
1522
1523
1525
1527
1528
1530
1537
1544
1550
1559
1561
1562
1564
1572
1573
1574
1575
1576
1580
1582
1589
1591
1598
1600
1602
1607
1609
1611
1612
1613
1618
1623
1624
1625
1628
1631
1632
1643
1648
1649
1651
1652
1656
1658
1660
1661
1664
1666
1667
1669
1670
1671
1673
1674
1678
1681
1683
1687
1692
1693
1694
1697
1699
1702
1705
1707
1709
1712
1714
1719
1722
1727
1728
1734
1738
1744
1745
1748
1749
1751
1753
1755
1758
1759
1762
1764
1765
1768
1772
1774
1775
1776
1778
1781
1787
1791
1793
1798
1802
1807
1809
1814
1816
1822
1823
1826
1827
1828
1829
1830
1831
1839
156
94
28
93
130
35
126
18
111
83
89
70
17
82
95
29
61
79
164
27
44
132
86
64
135
152
12
156
129
58
80
39
112
49
134
106
20
138
88
36
23
75
0
38
47
59
151
114
68
71
84
42
15
108
45
6
100
81
103
2
55
1
9
147
57
96
142
99
31
85
53
66
133
148
14
125
163
51
128
65
77
32
144
26
74
40
19
146
143
161
162
123
21
113
150
43
127
33
119
136
11
131
155
141
50
118
41
157
91
145
37
7
153
105
54
48
160
120
73
102
62
30
13
46
78
76
63
8
25
72
90
110
56
98
16
149
140
109
69
158
117
139
4
104
52
24
60
116
124
22
154
159
107
121
5
115
122
