258
14
15
24
35
36
52
64
69
155
165
170
175
193
209
212
214
224
231
239
242
247
253
265
267
283
302
334
335
342
343
349
351
355
376
392
409
421
424
436
438
443
465
483
486
494
495
498
509
511
517
521
544
545
565
594
597
600
622
627
628
635
642
649
654
655
656
672
690
705
717
748
769
780
783
792
796
811
827
840
841
843
845
850
858
861
879
880
909
919
924
939
953
954
961
969
981
988
1013
1035
1044
1047
1059
1062
1076
1077
1088
1089
1091
1092
1093
1095
1105
1115
1124
1126
1140
1149
1165
1172
1181
1184
1194
1197
1208
1215
1219
1225
1232
1235
1277
1286
1290
1294
1311
1312
1314
1317
1330
1335
1338
1339
1351
1362
1369
1385
1386
1401
1426
1429
1441
1459
1472
1483
1489
1524
1550
1569
1593
1596
1598
1610
1627
1643
1659
1663
1672
1691
1692
1700
1711
1740
1744
1761
1774
1781
1787
1789
1801
1811
1843
1851
1860
1870
1884
1890
1893
1928
1935
1946
1974
1976
1986
1987
1992
1997
2023
2024
2027
2033
2037
2038
2056
2063
2072
2077
2083
2098
2110
2113
2124
2126
2129
2133
2164
2187
2196
2206
2257
2275
2297
2300
2301
2317
2331
2353
2370
2383
2386
2408
2415
2426
2434
2436
2447
2452
2478
2479
2488
2496
2499
2503
2506
2510
2511
2526
2531
2543
2560
2564
2571
2574
2586
2598
2601
2610
2614
2618
2622
160
12
77
145
109
9
152
147
31
79
112
120
64
142
106
18
44
8
24
15
47
84
100
6
85
2
117
54
50
72
95
128
62
29
1
124
45
3
115
32
19
75
42
11
132
81
66
159
67
35
34
13
103
155
56
7
10
16
111
88
52
138
157
65
40
143
89
39
136
33
131
23
60
149
98
0
86
28
25
121
116
125
58
55
36
150
108
122
63
57
97
102
74
69
130
4
43
17
134
90
37
129
5
119
160
82
73
105
30
127
22
99
153
49
118
70
76
91
114
148
68
53
113
137
96
61
101
78
92
156
38
80
154
140
146
135
94
133
20
93
41
110
48
51
158
71
87
123
139
104
46
107
14
144
141
126
27
21
26
83
151
