253
17
23
40
45
52
54
82
87
89
102
103
113
114
156
175
183
204
227
235
238
250
254
255
267
276
281
286
305
327
341
344
352
375
391
395
407
432
446
451
457
466
470
486
487
497
509
513
530
531
544
555
569
571
580
599
601
605
618
625
630
636
641
666
668
718
724
732
760
789
795
798
803
806
816
840
850
892
893
895
899
900
915
922
932
946
950
955
963
965
966
973
1004
1006
1013
1038
1046
1050
1051
1063
1070
1082
1086
1095
1099
1137
1148
1149
1150
1163
1168
1185
1192
1195
1203
1235
1284
1290
1292
1303
1308
1323
1324
1342
1362
1368
1375
1379
1399
1430
1436
1454
1456
1460
1466
1472
1478
1500
1506
1507
1511
1531
1533
1535
1541
1547
1569
1575
1577
1581
1587
1594
1605
1633
1639
1641
1642
1644
1655
1658
1663
1698
1706
1728
1733
1735
1738
1743
1745
1765
1772
1782
1790
1799
1816
1833
1841
1857
1886
1893
1927
1938
1960
1965
1974
1979
1991
2000
2004
2009
2012
2013
2016
2035
2045
2046
2048
2065
2122
2128
2140
2147
2162
2171
2173
2176
2184
2189
2195
2207
2219
2228
2239
2249
2250
2262
2274
2282
2291
2301
2306
2314
2343
2350
2368
2392
2419
2425
2431
2443
2446
2455
2465
2471
2476
2492
2509
2517
2519
2522
2527
2539
2542
2557
2570
2580
2586
2588
2591
2596
2597
2606
2611
2624
161
153
133
78
152
70
89
139
51
146
33
20
97
127
68
136
65
96
66
19
57
119
43
14
113
0
117
91
79
35
140
100
44
104
85
83
159
61
86
132
16
41
81
101
3
59
17
11
155
12
134
115
90
13
60
129
42
10
156
28
45
56
149
30
18
63
36
87
158
148
108
71
54
106
26
64
124
21
99
160
110
95
49
29
141
151
137
125
62
143
72
24
142
76
94
67
40
46
5
88
39
34
74
114
144
47
122
53
103
150
80
37
145
9
98
8
154
27
126
58
131
2
93
55
120
121
130
73
147
31
38
7
22
23
109
1
111
105
118
32
4
135
107
75
112
69
48
92
50
102
123
52
128
82
157
138
77
25
15
84
6
116
