246
14
19
28
35
42
52
68
90
103
104
157
167
173
181
184
185
212
216
217
218
236
237
259
266
318
321
336
366
374
375
390
395
408
409
445
451
474
475
500
506
521
524
532
534
539
541
557
572
577
579
591
594
604
622
632
639
640
667
674
685
706
717
718
732
733
743
751
755
774
781
789
790
794
797
798
807
812
848
850
873
879
892
917
927
933
957
963
970
972
973
974
977
978
982
989
1003
1014
1016
1019
1020
1030
1036
1053
1057
1059
1081
1085
1095
1104
1105
1107
1155
1166
1183
1210
1220
1251
1276
1280
1282
1316
1317
1326
1334
1344
1346
1349
1350
1358
1360
1361
1367
1383
1431
1434
1450
1463
1499
1513
1515
1526
1553
1563
1578
1605
1607
1627
1629
1642
1650
1656
1670
1673
1687
1688
1693
1725
1731
1732
1739
1740
1743
1757
1760
1767
1772
1775
1788
1800
1801
1815
1819
1820
1839
1842
1847
1854
1868
1869
1884
1892
1906
1913
1915
1935
1954
1960
1970
1972
1998
2009
2026
2029
2036
2056
2063
2065
2086
2092
2113
2116
2129
2133
2135
2146
2174
2175
2184
2208
2210
2223
2224
2240
2251
2269
2290
2296
2306
2329
2367
2383
2384
2392
2394
2395
2408
2411
2417
2431
2437
2438
2454
2471
2476
2500
2517
2521
2523
2544
2562
2564
2566
2570
2612
2614
2619
161
102
98
19
134
93
13
92
72
138
148
127
132
11
100
82
153
141
14
48
131
121
26
31
85
150
35
59
116
159
57
6
38
21
41
84
107
62
40
68
155
146
56
42
105
64
147
117
108
27
49
23
89
46
103
86
4
3
112
152
29
129
18
1
30
15
75
44
60
8
74
95
151
9
76
51
77
110
17
69
96
10
81
66
133
87
5
65
111
20
52
91
137
140
55
97
156
88
34
54
79
130
28
124
142
12
50
80
32
43
109
104
115
36
135
78
70
16
94
71
125
37
113
126
106
101
83
154
0
158
145
47
73
128
123
58
144
53
149
122
25
24
45
114
7
33
119
39
157
139
63
2
143
67
22
99
120
90
160
136
61
118
