103
35
39
84
111
128
132
150
179
233
250
279
354
363
402
431
454
460
573
616
621
634
663
690
692
693
702
720
721
723
744
791
802
829
858
887
907
1033
1034
1084
1091
1112
1115
1139
1140
1157
1158
1195
1203
1205
1206
1207
1212
1222
1236
1305
1370
1423
1455
1476
1482
1483
1486
1498
1512
1531
1546
1590
1618
1620
1626
1648
1681
1688
1711
1764
1788
1797
1799
1801
1820
1824
1853
1905
1926
1929
1964
1992
2018
2020
2031
2033
2046
2100
2115
2121
2150
2157
2213
2244
2299
2360
2372
2392
162
50
49
88
62
76
84
130
26
122
68
141
34
75
99
39
132
77
129
97
0
14
100
140
144
139
93
20
143
90
161
48
134
138
113
116
15
137
51
101
41
153
53
136
69
32
11
40
28
125
8
18
127
10
5
146
74
70
17
66
102
72
67
133
21
149
112
104
124
86
109
37
114
45
63
95
118
83
2
60
36
157
110
121
89
52
131
46
13
80
82
151
4
31
123
108
79
115
19
160
87
30
29
9
42
59
162
73
128
44
158
64
135
111
61
25
94
71
12
27
147
148
145
78
119
6
142
152
106
154
58
22
33
117
3
92
54
81
91
103
56
57
98
38
107
65
24
105
96
7
159
16
85
23
43
156
126
155
150
120
55
47
1
