270
14
42
49
65
79
81
86
94
97
101
113
114
120
127
128
130
146
147
181
185
194
200
210
214
217
242
243
244
259
265
286
303
326
344
351
352
381
384
391
397
409
412
418
422
433
458
464
465
468
472
490
494
501
510
551
569
578
593
616
621
628
632
640
682
686
693
712
729
732
735
736
740
744
750
754
758
760
779
790
804
809
811
813
816
821
829
862
886
898
939
942
982
1012
1022
1025
1042
1048
1051
1059
1069
1088
1089
1108
1126
1128
1134
1136
1138
1144
1183
1185
1192
1198
1205
1217
1225
1229
1242
1259
1263
1270
1283
1284
1287
1298
1306
1312
1326
1357
1369
1370
1376
1403
1427
1439
1445
1447
1468
1491
1498
1516
1525
1539
1554
1558
1560
1571
1581
1591
1625
1626
1634
1636
1645
1648
1649
1651
1669
1676
1694
1700
1702
1706
1711
1719
1723
1745
1750
1751
1755
1757
1776
1784
1793
1794
1797
1800
1805
1808
1809
1819
1832
1833
1834
1837
1851
1866
1891
1895
1902
1923
1974
1982
1996
1998
2005
2017
2023
2041
2051
2058
2059
2062
2064
2071
2074
2082
2088
2106
2110
2116
2131
2134
2137
2143
2148
2153
2155
2171
2176
2177
2180
2210
2231
2232
2240
2248
2257
2265
2272
2287
2290
2314
2323
2327
2331
2333
2341
2342
2365
2375
2382
2387
2392
2395
2412
2414
2417
2419
2421
2439
2487
2493
2494
2497
2504
2509
2511
2519
2531
2538
2555
2569
2576
2577
2598
2600
2601
2616
2617
161
81
5
85
152
120
7
58
9
27
23
41
128
77
29
140
53
34
134
98
62
57
142
73
14
143
13
17
28
39
153
3
150
138
4
33
35
132
107
149
78
69
151
100
124
145
10
43
115
157
21
59
63
36
6
156
89
75
25
116
91
22
117
83
15
24
30
121
12
148
135
110
82
141
108
48
114
1
123
74
42
16
111
106
122
61
20
87
64
130
84
32
160
126
18
118
60
112
46
47
66
125
72
105
68
70
86
102
99
113
144
65
26
97
93
133
51
79
129
155
103
19
90
101
147
109
55
50
95
11
8
92
45
94
71
119
76
37
146
159
154
31
88
49
52
136
0
40
80
44
38
127
139
131
137
67
158
104
56
2
54
96
