686
6
7
8
10
15
16
18
21
22
23
25
26
27
29
32
34
36
37
40
41
42
43
45
46
47
48
50
51
52
53
54
57
58
59
61
63
65
67
68
71
74
75
76
77
79
83
84
87
88
89
91
94
95
100
101
103
107
109
110
112
113
118
119
128
129
131
134
135
136
137
140
143
144
145
146
147
149
150
151
152
154
156
157
159
160
162
163
164
166
167
169
170
173
175
176
177
178
179
180
181
182
183
184
186
187
188
189
190
192
193
194
195
196
197
198
200
201
202
203
205
206
208
209
210
212
213
214
216
218
219
224
225
227
228
229
230
231
232
234
235
236
237
239
240
241
242
243
244
247
248
253
261
262
266
267
268
270
274
278
281
282
284
285
287
288
289
290
292
295
296
297
298
300
301
302
303
306
307
311
313
314
315
316
317
318
319
320
323
325
327
328
329
330
331
332
333
335
337
338
339
341
342
344
346
347
348
349
351
352
353
355
356
359
361
362
363
364
367
368
369
372
374
376
378
379
380
381
384
385
390
393
394
395
396
397
399
400
402
403
404
405
406
407
408
409
411
413
414
417
418
419
420
421
423
424
426
427
428
429
431
433
436
437
438
440
444
446
447
449
453
454
455
457
458
459
460
461
462
463
465
466
468
469
471
473
476
477
478
480
481
482
484
485
486
487
488
489
490
491
492
493
495
496
497
499
501
502
503
504
505
507
510
511
512
514
515
516
517
519
521
522
523
528
529
534
535
537
539
540
541
543
544
546
548
549
550
551
553
555
557
558
561
562
563
566
567
568
569
570
571
572
573
574
575
576
577
579
580
581
582
583
584
585
586
587
588
591
592
594
596
597
599
601
605
606
608
609
611
615
616
617
618
619
620
624
625
626
631
632
636
638
639
644
646
647
648
650
651
653
654
656
657
658
660
661
662
663
665
666
669
671
673
675
676
679
680
681
682
683
684
685
688
689
690
691
694
695
697
698
699
700
702
703
704
706
707
709
710
712
714
717
718
720
722
725
726
729
730
731
733
734
735
736
737
738
739
741
743
744
745
746
747
748
751
754
755
757
761
762
763
765
767
768
770
771
772
773
774
777
778
779
780
782
783
787
789
792
793
794
795
798
801
802
803
804
805
806
807
809
810
812
813
814
815
818
820
821
822
824
827
828
829
830
831
833
834
837
840
844
846
848
849
850
852
853
854
856
857
858
859
861
863
864
865
867
868
869
870
871
877
878
879
880
881
882
883
885
886
891
892
893
894
895
897
899
900
902
905
907
908
909
910
913
914
916
918
919
921
922
923
924
925
926
928
929
930
931
932
933
934
936
937
938
939
941
943
944
945
949
951
952
954
955
956
957
958
959
963
964
966
969
970
971
972
973
975
978
979
980
982
983
984
985
988
989
991
993
995
996
998
1001
1002
1003
1005
1006
1007
1010
1011
1013
1014
1015
1016
1017
1018
1021
1022
1024
1028
1031
1032
1034
1035
1036
1037
1038
1039
1041
1044
1047
1049
1050
1051
1052
1053
1054
1055
1056
1058
1060
1061
1063
1065
1067
1068
1070
1071
1072
1075
1076
1078
1079
1081
1082
1085
1086
1088
1089
1090
1093
1094
1095
1097
1100
1101
1102
1105
84
4
58
44
84
25
29
43
48
76
45
10
64
50
41
66
82
34
1
28
72
63
55
17
77
57
54
75
39
35
20
70
69
46
78
73
22
59
21
74
37
38
81
60
67
27
23
40
53
83
11
61
13
24
14
56
80
62
30
71
68
36
0
42
5
7
15
52
9
65
18
19
6
33
51
86
16
49
2
85
31
87
8
3
47
