241
14
26
38
46
67
82
85
86
114
115
121
128
134
143
160
167
200
207
223
238
245
264
267
312
314
317
319
320
371
388
399
402
412
413
420
444
447
465
470
483
510
527
552
554
562
591
595
603
618
624
636
645
657
678
684
694
701
702
711
719
735
748
767
777
796
803
805
811
849
852
856
860
876
889
895
931
941
942
945
969
973
974
999
1004
1008
1012
1026
1043
1046
1053
1057
1063
1081
1086
1137
1138
1144
1176
1177
1178
1190
1205
1206
1213
1217
1224
1227
1229
1260
1279
1282
1288
1292
1309
1311
1314
1329
1344
1347
1348
1353
1370
1398
1405
1416
1426
1435
1450
1458
1462
1464
1475
1479
1489
1497
1512
1520
1522
1531
1542
1559
1561
1565
1576
1577
1600
1604
1607
1613
1615
1618
1619
1627
1642
1652
1659
1669
1679
1689
1702
1714
1760
1784
1785
1794
1798
1802
1804
1817
1818
1832
1839
1844
1847
1852
1872
1876
1881
1885
1908
1941
1942
1952
1953
1954
1959
1980
1993
1996
1998
2000
2002
2054
2072
2075
2076
2095
2128
2131
2161
2166
2170
2174
2180
2193
2221
2222
2234
2265
2269
2272
2280
2285
2293
2296
2300
2306
2307
2309
2323
2349
2357
2382
2400
2406
2418
2433
2461
2478
2482
2494
2499
2500
2502
2519
2529
2530
2551
2561
2582
2598
160
77
65
140
111
133
96
84
89
145
26
50
156
160
153
95
123
157
53
69
86
132
139
57
23
87
47
82
158
33
79
120
10
42
12
4
108
100
137
41
38
142
144
43
146
85
72
61
88
49
110
109
46
29
121
17
143
76
93
83
35
20
118
131
159
34
151
39
92
94
134
59
5
135
116
68
25
21
119
112
52
51
148
154
58
64
101
98
73
67
127
149
40
126
141
66
97
129
3
24
56
117
48
32
55
103
107
128
36
150
90
15
104
114
31
102
113
124
54
75
44
13
63
115
7
70
152
91
28
136
18
62
19
9
11
99
6
155
71
14
130
22
81
37
1
78
0
74
125
60
30
2
147
105
27
80
122
138
106
45
16
