248
22
28
31
33
39
40
43
45
61
72
73
82
95
135
155
161
169
199
203
206
219
228
243
252
255
261
267
270
273
287
296
306
307
312
318
324
344
355
389
394
396
400
411
413
427
429
460
480
481
490
499
506
521
529
536
542
544
548
557
578
604
612
618
620
621
626
631
633
645
664
687
704
712
713
722
739
765
837
848
852
862
865
894
931
967
970
978
1002
1014
1053
1068
1072
1079
1103
1104
1114
1130
1149
1155
1157
1164
1169
1178
1191
1209
1211
1215
1221
1238
1243
1248
1261
1278
1282
1317
1318
1322
1334
1343
1373
1377
1384
1392
1399
1402
1404
1406
1425
1428
1432
1434
1451
1454
1458
1475
1513
1523
1527
1529
1547
1554
1570
1580
1593
1602
1606
1610
1629
1633
1652
1660
1661
1690
1691
1693
1698
1710
1717
1718
1747
1752
1753
1763
1783
1789
1813
1817
1820
1823
1834
1837
1840
1842
1855
1872
1907
1912
1920
1925
1929
1949
1956
1968
1970
1973
1984
1987
1989
1994
1995
2000
2010
2011
2041
2050
2058
2059
2063
2074
2097
2112
2119
2128
2137
2152
2164
2175
2195
2212
2216
2219
2231
2247
2271
2312
2324
2328
2340
2351
2365
2367
2369
2372
2387
2388
2396
2406
2410
2412
2435
2436
2439
2475
2480
2502
2524
2525
2536
2540
2541
2546
2555
2574
2580
2601
2603
2613
2624
154
105
152
104
101
33
158
30
14
155
47
19
22
127
98
58
128
21
80
153
67
48
136
3
107
24
131
54
40
41
39
129
134
42
71
141
28
69
46
78
52
113
72
91
0
156
130
144
133
29
81
150
142
137
92
160
17
10
135
111
49
148
43
126
6
116
121
60
9
7
36
26
109
56
62
8
61
20
120
79
59
90
106
65
100
77
108
95
45
84
117
103
57
124
143
89
140
25
75
138
44
34
27
68
12
97
31
132
147
35
114
5
88
38
16
11
118
94
15
13
66
4
123
157
74
70
2
87
53
122
55
159
99
51
73
125
82
86
149
145
76
151
154
23
83
139
119
110
32
112
146
96
1
85
18
