130
94
98
99
131
144
187
191
199
228
251
258
282
330
349
359
365
375
441
455
460
470
500
510
535
552
589
641
665
706
718
725
748
791
798
804
825
839
868
881
883
884
885
897
909
924
946
964
1017
1030
1034
1069
1093
1112
1116
1150
1163
1178
1194
1210
1213
1232
1253
1270
1287
1293
1320
1334
1357
1365
1382
1393
1415
1417
1419
1424
1430
1447
1495
1520
1529
1531
1550
1562
1584
1594
1604
1642
1643
1651
1660
1665
1674
1675
1676
1687
1695
1734
1755
1806
1816
1822
1829
1838
1843
1852
1865
1872
1891
1934
1945
1962
1965
1987
2002
2007
2049
2072
2112
2116
2133
2146
2211
2285
2316
2330
2345
2357
2376
2416
2432
153
41
75
89
134
153
83
12
93
84
25
19
57
74
107
73
85
58
62
113
147
91
37
103
17
11
47
8
53
23
7
14
32
136
110
124
119
34
159
141
54
56
96
43
82
86
139
161
101
144
160
72
146
38
26
158
118
105
65
55
27
67
59
137
35
61
20
102
63
13
6
129
21
123
126
9
28
154
98
132
97
69
60
133
128
145
127
39
40
149
122
106
0
117
78
100
15
142
44
114
45
115
109
36
18
155
104
52
81
143
111
80
87
90
5
51
31
130
64
24
76
151
88
16
138
94
152
42
70
157
162
108
95
2
140
10
49
120
68
121
112
116
46
66
29
92
131
148
48
1
150
4
135
125
