686
6
7
10
13
14
15
16
18
20
23
24
25
26
27
29
30
31
33
34
37
38
41
43
45
46
48
50
51
52
53
54
55
56
58
59
60
61
63
65
66
67
68
71
72
73
74
75
76
79
80
81
82
83
84
85
86
87
90
92
93
94
96
97
99
102
103
104
105
106
107
108
109
112
113
114
115
116
117
119
121
122
123
124
125
126
127
128
129
130
131
132
134
138
140
141
142
143
144
147
149
151
152
154
155
156
157
160
161
162
165
167
168
170
171
172
174
175
176
177
180
184
185
187
188
189
190
191
192
194
195
197
198
200
201
202
203
204
206
207
208
212
213
214
216
217
218
220
222
223
224
228
229
230
231
232
234
235
236
237
238
239
241
243
247
250
251
252
253
254
255
258
259
260
261
263
264
265
268
271
272
273
275
276
277
278
279
280
282
284
285
286
287
288
289
291
292
293
297
300
301
302
304
305
306
307
308
309
310
311
315
317
318
320
321
322
323
324
325
327
328
329
331
332
334
335
337
338
340
343
344
346
347
348
349
351
352
353
354
355
357
358
360
362
363
364
367
369
370
372
375
381
382
383
384
386
387
388
390
391
393
396
397
398
399
400
401
402
403
406
408
410
412
413
414
415
417
418
419
420
422
425
427
428
431
432
433
434
437
438
440
441
442
445
446
447
449
450
451
454
455
456
457
458
459
461
462
463
464
465
466
468
469
470
471
472
474
476
478
479
481
487
491
492
496
497
498
501
502
503
505
506
507
508
509
511
512
513
515
517
521
522
523
525
526
529
531
534
535
538
539
542
544
545
547
549
550
551
552
554
555
557
559
561
563
564
566
567
568
571
573
574
575
576
577
578
579
580
581
583
584
585
587
591
592
593
595
596
597
599
600
601
602
603
604
605
610
611
619
620
621
622
623
624
625
628
629
630
631
632
635
637
638
640
642
643
645
646
647
649
651
653
654
657
660
664
665
669
672
673
675
676
677
679
680
681
682
688
689
690
699
700
701
702
704
705
706
707
708
710
711
716
717
718
720
721
722
723
724
727
728
729
731
735
736
737
738
739
743
744
747
748
750
753
754
756
758
759
760
761
763
764
766
767
768
773
775
777
778
783
785
786
788
789
790
791
792
793
794
797
799
800
802
803
804
806
808
809
811
813
814
815
818
820
821
823
824
825
826
829
830
831
832
833
836
839
840
842
843
844
845
849
850
852
853
855
856
858
860
864
865
866
868
873
876
878
879
880
881
884
885
887
888
892
893
894
896
897
898
899
900
902
903
904
906
907
909
910
913
914
915
917
921
923
925
928
930
931
932
933
934
935
937
940
941
943
944
945
946
947
948
950
956
957
960
963
964
965
970
972
975
978
980
981
984
987
988
989
990
992
993
994
995
997
998
999
1001
1002
1003
1004
1005
1006
1007
1009
1011
1013
1014
1015
1016
1017
1019
1020
1021
1023
1024
1025
1027
1028
1029
1030
1032
1034
1037
1038
1041
1043
1044
1045
1047
1048
1049
1050
1054
1055
1056
1057
1058
1060
1062
1063
1065
1066
1069
1070
1072
1074
1075
1076
1078
1079
1080
1082
1085
1087
1088
1092
1093
1094
1095
1097
1098
1099
1101
1102
1105
1106
1107
83
6
72
70
40
63
28
56
36
60
55
42
16
66
4
49
12
47
45
58
8
10
17
26
1
80
33
9
87
15
20
82
84
7
73
23
3
39
54
65
61
53
75
52
22
11
51
59
86
71
44
13
18
79
76
78
21
0
24
50
64
34
69
57
41
85
77
35
29
83
43
62
38
31
27
5
81
67
14
19
37
2
32
48
