107
4
7
29
73
79
117
128
163
171
173
215
248
279
288
297
312
364
385
464
483
491
515
538
544
551
562
639
696
697
701
714
750
819
820
829
834
858
884
908
942
954
1016
1032
1042
1067
1125
1145
1149
1153
1172
1173
1187
1196
1235
1266
1296
1301
1302
1316
1318
1331
1353
1404
1420
1446
1459
1496
1508
1515
1517
1526
1591
1606
1616
1621
1633
1658
1753
1765
1775
1821
1841
1843
1866
1905
1906
1968
1978
1983
1989
2000
2004
2032
2034
2082
2098
2115
2161
2165
2171
2278
2310
2312
2355
2356
2366
2370
163
47
41
104
53
152
141
32
15
70
50
34
57
115
133
19
118
126
155
85
7
150
136
87
62
14
158
54
33
120
63
89
125
80
82
51
13
139
86
68
18
21
117
148
45
17
143
29
154
96
134
4
138
30
24
129
0
48
145
130
160
103
81
100
122
92
74
101
93
23
132
73
38
2
156
3
9
116
109
123
76
124
146
147
157
60
149
121
107
39
83
31
105
55
22
91
102
36
56
108
153
37
95
98
161
77
6
25
90
84
137
59
10
40
110
61
46
52
78
43
66
99
65
159
58
69
1
131
162
27
64
88
49
119
94
128
35
75
106
8
135
72
79
12
26
114
112
71
28
142
5
144
97
127
151
44
113
111
20
67
11
42
16
140
