65
29
100
117
159
172
175
184
191
226
230
255
290
291
312
323
384
393
423
495
527
535
537
541
571
594
595
615
620
626
689
726
770
805
806
862
865
884
922
937
950
952
964
976
981
1006
1057
1087
1194
1213
1227
1242
1279
1334
1368
1375
1388
1401
1428
1493
1511
1552
1586
1601
1611
1794
113
155
13
149
73
153
5
33
18
158
62
75
29
1
44
17
28
100
59
116
79
41
92
26
25
31
113
43
42
74
16
32
148
12
21
66
72
15
114
152
139
112
108
132
51
65
10
24
23
147
162
138
103
106
104
61
146
120
6
87
141
159
127
136
90
54
76
128
63
137
77
129
122
124
34
123
160
71
88
107
0
49
46
163
50
133
11
40
3
2
119
64
37
9
30
164
97
22
55
135
126
35
38
157
36
125
82
7
95
85
60
134
39
45
