149
36
38
42
57
67
71
78
105
107
123
124
127
135
142
145
157
162
163
171
176
200
201
202
236
239
240
243
255
256
257
260
272
282
290
307
310
311
322
323
326
339
342
344
350
371
378
382
392
399
404
413
417
421
427
433
436
438
440
457
464
470
480
484
519
533
535
536
539
550
553
555
571
572
573
588
596
598
599
605
606
609
611
623
627
629
630
634
647
658
662
671
677
683
684
687
716
721
730
742
753
762
763
768
771
774
779
781
788
789
808
818
828
829
836
839
843
844
845
850
868
893
904
905
907
908
914
919
935
937
948
949
956
957
963
973
983
990
1007
1010
1030
1044
1050
1063
1067
1077
1079
1080
1082
1106
75
79
69
41
40
74
82
18
38
64
81
63
8
76
0
27
83
50
11
72
61
47
77
15
53
28
9
67
80
13
43
24
29
84
1
66
70
87
52
7
36
55
86
5
19
65
25
62
12
32
31
60
17
23
37
35
6
2
26
39
46
48
49
3
10
16
59
22
20
85
56
21
78
58
42
54
