686
7
11
12
13
14
16
17
19
21
24
25
27
30
31
32
33
35
36
38
39
40
41
42
44
47
49
51
52
53
54
57
59
61
62
63
66
67
68
69
71
72
73
74
77
78
79
81
83
85
86
87
89
90
91
92
93
95
97
98
99
100
101
104
110
111
113
114
115
116
117
118
121
122
124
126
127
128
129
131
132
134
135
136
137
138
139
141
142
145
147
148
150
152
153
154
157
158
164
167
168
170
171
173
174
175
176
177
179
180
181
185
187
188
189
190
192
194
195
196
198
199
201
202
204
205
207
208
211
212
213
214
215
216
217
226
229
231
232
233
235
237
238
239
240
244
245
247
249
250
251
254
255
256
257
261
262
265
266
267
268
271
272
273
274
276
277
278
283
285
287
288
289
290
295
296
297
298
299
301
302
303
304
305
306
309
310
311
313
314
316
317
319
320
321
322
323
324
327
328
329
331
333
338
340
341
343
345
347
348
349
350
352
354
356
357
359
360
361
362
363
364
366
368
369
370
371
372
375
377
379
381
382
383
385
386
388
389
390
391
392
396
397
398
402
403
405
407
408
409
410
413
414
415
416
417
420
421
423
426
428
432
435
436
437
438
439
440
443
444
447
448
451
452
456
458
459
461
462
463
466
467
468
470
471
473
474
475
477
480
485
486
487
488
489
490
494
495
497
498
500
501
502
503
504
505
507
508
509
511
512
513
514
515
516
517
519
521
522
523
526
528
529
530
531
532
533
534
536
537
538
539
540
544
545
546
547
548
549
554
555
557
558
559
561
562
563
564
565
566
567
568
570
572
573
576
579
580
581
582
583
584
587
588
589
590
593
595
598
599
600
602
605
609
610
612
613
614
615
618
619
620
621
623
624
625
626
627
629
631
632
634
635
636
640
641
643
644
645
646
648
649
651
652
653
654
655
656
659
663
666
667
668
669
670
671
672
673
675
676
678
679
680
682
683
684
688
692
694
695
697
698
703
705
706
708
709
710
711
715
716
718
719
720
721
723
724
725
726
727
729
730
732
733
735
736
737
739
740
742
744
745
746
747
748
753
754
757
758
759
760
761
762
764
766
768
770
771
772
773
775
776
778
779
780
783
785
786
787
788
789
790
791
792
794
795
798
799
802
803
804
806
808
811
812
814
817
823
826
827
829
830
831
833
836
839
840
841
842
846
847
849
850
852
853
854
855
856
857
858
859
860
862
863
865
866
867
868
869
870
871
872
875
876
879
880
884
887
888
889
890
891
892
894
895
896
897
898
899
900
901
905
906
907
909
910
912
918
920
921
922
923
925
926
927
930
931
933
934
935
939
940
941
943
944
947
948
949
950
951
953
954
955
956
958
959
960
961
962
963
964
965
966
967
968
970
971
974
975
976
977
978
979
981
983
989
992
993
994
995
996
997
1003
1006
1007
1008
1011
1012
1013
1014
1015
1016
1017
1021
1022
1023
1025
1026
1029
1030
1031
1033
1035
1036
1037
1038
1040
1041
1042
1043
1045
1046
1047
1049
1052
1053
1055
1058
1059
1060
1064
1065
1066
1067
1069
1072
1076
1078
1080
1082
1083
1085
1090
1091
1092
1093
1094
1095
1096
1098
1100
1101
1102
1103
1104
1105
1106
84
70
74
76
31
9
26
21
13
86
35
41
20
78
5
11
57
3
27
73
0
18
59
19
4
32
49
37
68
85
29
71
45
72
47
60
80
61
53
38
30
15
24
10
54
64
14
77
56
40
44
23
42
75
48
81
39
83
46
84
69
36
34
1
17
50
22
63
16
7
28
52
2
62
58
51
33
82
6
65
43
87
66
67
8
