149
32
63
65
66
82
87
101
135
136
140
142
143
146
147
155
159
173
197
200
202
208
212
215
217
219
222
228
233
245
247
258
260
263
274
281
287
297
319
328
333
335
344
359
389
391
398
413
415
423
426
428
430
431
432
435
437
441
444
453
459
468
489
492
498
508
517
519
544
556
581
582
592
597
598
599
601
612
629
636
638
639
649
651
652
657
667
669
676
680
690
698
707
719
724
730
748
750
758
778
779
784
794
811
818
845
852
860
867
875
882
886
889
892
894
895
896
897
901
904
908
910
915
929
932
935
941
948
966
969
970
976
978
979
983
986
991
1023
1032
1036
1037
1042
1043
1052
1054
1071
1077
1080
1084
1104
77
41
24
69
28
77
25
8
80
23
18
62
9
26
42
74
34
1
33
85
3
75
65
86
73
61
21
67
12
4
6
10
54
60
81
49
58
72
14
52
31
15
78
68
48
64
63
47
0
53
55
17
71
16
13
59
83
2
20
56
27
29
5
87
40
38
39
30
82
44
35
11
19
22
45
46
76
84
