222
14
36
47
50
54
65
67
72
91
98
102
103
119
121
139
144
161
172
216
225
232
248
249
272
276
278
290
297
310
315
324
325
339
343
356
361
362
394
395
418
437
446
461
485
524
543
562
567
593
594
595
601
616
622
635
636
637
660
661
673
674
696
705
710
739
744
767
777
796
797
803
816
837
839
842
848
890
916
917
920
940
978
999
1004
1019
1028
1031
1045
1060
1069
1075
1136
1140
1152
1161
1171
1173
1182
1188
1201
1207
1209
1232
1233
1262
1275
1309
1312
1314
1318
1321
1327
1330
1334
1341
1350
1351
1374
1393
1421
1436
1467
1471
1490
1499
1508
1509
1511
1513
1540
1547
1560
1561
1563
1594
1600
1645
1652
1659
1663
1664
1683
1686
1701
1707
1729
1745
1761
1807
1828
1835
1837
1838
1846
1861
1862
1863
1879
1880
1891
1898
1908
1919
1925
1929
1948
1963
1987
1990
1994
2016
2024
2026
2049
2050
2062
2066
2069
2085
2099
2110
2126
2151
2171
2178
2196
2205
2211
2218
2236
2239
2246
2269
2292
2342
2349
2351
2354
2358
2363
2381
2385
2386
2394
2398
2404
2431
2478
2482
2498
2499
2509
2529
2537
2550
2565
2566
2575
2597
2603
2608
2615
155
121
150
133
131
88
37
110
45
1
41
158
78
119
148
143
69
64
3
72
15
79
28
104
63
60
93
31
35
109
20
145
107
86
111
140
50
84
30
0
9
159
10
100
151
55
22
16
34
97
54
114
123
48
53
11
32
96
14
5
61
2
4
7
80
154
21
42
94
125
23
90
77
82
120
74
70
95
113
57
47
124
129
68
66
138
33
98
29
153
136
87
81
144
103
116
56
43
39
157
49
38
83
155
73
18
25
128
71
126
139
115
106
67
118
89
58
91
59
132
92
65
105
17
141
26
19
27
44
122
117
156
146
99
52
51
108
76
85
149
40
127
147
8
101
6
36
102
62
75
24
160
134
112
46
142
