149
15
20
25
36
40
49
52
59
80
82
87
88
93
96
101
114
119
130
137
173
175
188
189
195
205
222
223
225
227
237
243
249
265
273
276
277
279
289
291
292
296
299
301
304
307
311
317
322
324
325
338
350
352
423
432
437
447
449
451
469
473
476
478
480
492
496
508
517
535
538
539
542
556
561
571
575
577
580
586
597
601
610
615
636
644
649
657
675
686
691
695
706
718
721
723
732
735
739
744
752
755
756
760
761
770
771
781
797
810
813
834
838
839
845
847
848
856
857
864
866
869
873
883
886
897
899
904
922
929
931
940
941
952
966
967
969
974
975
987
991
997
1001
1026
1045
1048
1052
1067
1082
1098
77
77
83
59
34
72
50
56
62
7
58
57
18
84
8
52
32
63
69
75
35
55
73
3
71
30
23
22
49
16
21
28
66
15
39
78
25
27
6
4
79
12
53
81
60
0
51
11
82
48
64
68
43
2
42
45
74
29
87
61
14
38
76
24
54
44
31
65
86
9
47
67
5
17
20
13
19
80
