149
17
18
29
43
44
60
69
74
80
84
92
116
117
124
125
133
138
139
140
141
155
156
174
182
189
198
207
216
217
224
225
227
229
230
235
247
255
258
263
272
277
280
285
290
300
303
305
306
313
328
343
356
366
367
374
382
398
403
406
413
419
442
455
457
462
467
469
471
478
484
490
502
504
527
533
534
536
541
542
557
560
572
592
608
613
621
630
640
641
642
646
651
659
664
667
684
690
698
704
721
723
742
760
763
777
780
786
789
801
807
817
818
821
834
843
862
865
868
871
877
900
910
912
917
920
926
935
936
938
952
957
961
998
1005
1009
1019
1026
1028
1030
1032
1035
1048
1050
1061
1062
1064
1075
1080
1086
76
40
20
2
62
73
7
56
6
35
71
80
37
46
50
45
9
47
85
69
53
43
77
25
14
72
54
13
83
48
87
66
59
79
8
32
55
51
33
57
70
39
84
23
64
42
0
1
67
82
16
21
76
18
61
22
29
41
58
11
27
52
30
63
10
5
65
15
78
4
49
31
3
68
24
75
36
