76
97
133
136
184
208
244
268
273
281
335
336
340
354
361
403
413
425
478
480
489
507
509
544
556
576
579
607
611
648
679
739
767
818
839
876
878
882
883
890
913
936
951
959
981
1022
1023
1042
1100
1126
1129
1187
1258
1287
1298
1311
1373
1379
1391
1396
1426
1438
1498
1522
1602
1667
1680
1687
1698
1723
1724
1790
1810
1814
1815
1819
1834
125
88
155
59
93
139
105
143
152
87
80
160
124
47
121
153
114
147
3
128
116
22
86
43
76
79
163
84
106
103
28
64
0
119
4
78
39
83
132
63
12
122
151
81
127
118
137
5
54
37
49
104
120
61
15
69
162
135
94
41
98
89
9
107
66
45
164
55
13
115
20
136
18
10
30
134
140
91
82
72
2
154
24
11
149
73
42
101
27
50
125
23
34
48
62
146
65
126
36
156
32
150
68
133
131
145
77
158
67
8
109
6
16
159
157
117
19
112
25
57
148
1
44
102
53
110
