243
21
22
27
31
34
39
44
68
69
71
80
87
89
95
100
109
144
162
181
198
203
211
220
228
229
240
242
245
256
266
270
272
285
286
301
310
322
325
330
341
344
350
352
356
368
395
409
412
420
446
468
471
484
540
567
573
583
585
586
587
609
631
640
644
647
666
670
690
703
718
739
742
754
758
763
765
777
793
806
813
821
853
857
871
881
895
915
921
937
958
962
965
988
991
993
1003
1015
1019
1021
1030
1033
1040
1062
1068
1074
1095
1100
1105
1108
1112
1133
1138
1143
1145
1169
1191
1201
1233
1238
1262
1264
1280
1281
1292
1303
1312
1315
1336
1339
1345
1355
1368
1370
1384
1393
1399
1403
1418
1420
1429
1445
1462
1480
1481
1499
1517
1522
1524
1530
1547
1548
1570
1579
1582
1594
1595
1608
1615
1617
1627
1648
1659
1664
1680
1705
1707
1720
1723
1742
1759
1775
1776
1785
1799
1820
1822
1833
1838
1856
1859
1895
1906
1965
1983
2003
2016
2039
2050
2060
2061
2062
2075
2084
2092
2106
2135
2140
2143
2151
2157
2166
2167
2168
2184
2204
2214
2243
2254
2256
2290
2297
2301
2327
2338
2339
2353
2355
2359
2360
2369
2375
2384
2388
2394
2406
2412
2418
2443
2448
2450
2452
2474
2499
2502
2525
2529
2537
2546
2579
2588
2594
2599
2624
161
65
29
34
27
160
21
9
13
56
52
66
1
32
59
102
73
119
30
152
81
12
31
101
39
36
92
143
144
17
3
148
22
37
84
45
150
5
49
128
96
118
103
79
141
111
134
140
121
75
11
42
110
53
6
8
112
2
14
94
151
51
46
113
40
25
90
108
26
86
23
136
7
74
54
156
10
57
115
20
145
72
61
146
60
48
142
106
125
114
124
18
159
89
0
155
83
122
43
71
127
109
80
131
97
98
55
38
50
44
78
87
135
82
153
69
149
85
76
104
120
63
130
19
91
123
157
41
62
47
107
15
126
35
88
68
116
24
70
132
133
67
64
16
147
77
28
138
154
95
158
137
58
33
93
117
4
105
139
100
129
99
