75
37
46
90
133
137
158
172
175
190
194
217
228
256
258
305
370
378
403
407
424
460
533
566
691
692
699
713
714
731
744
794
807
823
855
882
931
936
941
942
959
971
974
976
998
1026
1087
1088
1100
1173
1177
1234
1287
1311
1322
1345
1388
1392
1428
1430
1432
1448
1456
1466
1468
1489
1532
1548
1561
1612
1625
1656
1695
1723
1786
1816
130
81
134
52
5
127
25
103
68
158
90
79
41
37
7
144
27
117
133
74
49
96
121
36
142
55
135
157
69
150
26
146
110
124
40
138
3
82
141
87
125
85
2
155
9
1
145
42
18
130
148
0
21
33
159
17
136
59
160
76
84
113
30
62
4
23
161
51
15
14
48
116
123
102
70
101
50
140
11
128
132
129
139
147
163
78
156
43
91
64
109
39
122
16
108
73
97
89
22
35
72
10
57
71
31
45
111
8
77
53
104
95
44
94
149
13
65
143
66
98
29
100
67
28
126
56
63
151
19
46
24
