254
68
76
81
82
96
100
119
127
132
134
135
139
140
166
180
198
222
223
228
245
252
265
267
292
294
319
324
333
338
349
362
414
421
428
440
447
449
453
465
470
477
485
506
508
510
516
525
535
552
562
565
590
593
595
607
608
628
629
636
647
650
665
671
673
690
736
740
742
751
752
759
774
776
779
792
802
803
809
817
828
831
844
848
853
872
883
908
909
912
913
915
918
922
950
956
958
973
978
980
982
989
993
1003
1006
1023
1034
1040
1042
1071
1077
1078
1080
1088
1089
1093
1097
1105
1109
1121
1139
1155
1156
1160
1187
1199
1204
1228
1240
1266
1276
1282
1296
1299
1310
1325
1341
1350
1357
1373
1384
1390
1399
1404
1416
1420
1424
1430
1455
1465
1475
1477
1484
1495
1500
1509
1545
1549
1552
1559
1590
1594
1596
1602
1626
1633
1638
1645
1651
1675
1696
1705
1719
1720
1729
1734
1738
1754
1760
1771
1836
1858
1885
1890
1910
1913
1923
1927
1933
1973
1984
1997
2001
2010
2020
2022
2031
2037
2040
2072
2075
2085
2092
2096
2100
2104
2110
2113
2132
2133
2139
2150
2163
2193
2216
2220
2223
2224
2243
2258
2259
2263
2266
2269
2297
2304
2366
2379
2381
2386
2397
2410
2411
2417
2423
2442
2445
2456
2458
2480
2484
2497
2513
2516
2527
2541
2573
2580
2581
2589
2591
2607
2622
2623
2624
154
39
140
100
128
7
132
158
96
54
101
80
51
105
10
42
116
145
61
38
25
59
2
84
12
136
1
141
21
157
53
33
146
14
149
11
107
63
130
83
70
47
95
36
124
147
75
121
31
4
99
150
138
50
58
72
102
69
93
26
73
97
46
118
94
64
5
77
159
106
89
125
40
9
32
155
19
76
65
81
108
122
144
90
92
6
79
151
74
8
52
98
103
139
49
27
112
22
29
16
17
45
142
41
44
117
34
57
0
3
91
131
24
137
127
111
115
60
148
123
109
119
114
48
156
30
154
67
43
56
55
113
28
143
23
104
66
152
20
133
129
86
160
85
78
18
68
35
13
126
120
110
153
71
134
