109
99
130
160
177
187
306
335
337
361
380
383
449
452
460
489
502
505
540
545
576
591
592
627
635
659
665
676
677
696
720
759
772
805
831
846
850
858
865
885
913
928
955
956
1019
1023
1031
1033
1071
1097
1130
1164
1171
1172
1179
1207
1208
1211
1294
1353
1411
1413
1428
1461
1486
1509
1517
1592
1629
1647
1654
1683
1737
1746
1773
1786
1795
1818
1898
1910
1923
1927
1935
1978
1997
2018
2034
2037
2084
2085
2089
2145
2148
2176
2190
2206
2240
2277
2289
2306
2307
2316
2355
2358
2360
2382
2390
2412
2425
2434
154
132
72
29
134
36
122
66
64
115
155
31
20
79
37
28
81
44
11
130
143
147
118
123
99
141
102
58
22
104
161
112
110
146
57
14
94
25
50
0
51
124
114
117
30
98
154
87
158
156
61
160
21
131
83
103
78
159
39
90
150
149
65
47
42
152
9
116
89
40
5
75
121
91
16
148
35
107
106
129
82
133
92
24
86
135
59
153
34
17
54
56
45
13
7
41
55
26
126
157
53
100
68
142
88
151
12
125
80
97
95
43
108
85
84
63
139
48
49
33
96
144
145
136
138
1
105
18
120
8
2
23
10
73
38
113
52
4
19
119
140
137
71
93
67
62
69
74
3
32
77
162
6
101
127
