76
146
164
308
358
371
375
403
454
492
503
536
551
578
581
592
613
618
624
643
667
669
785
800
802
804
816
818
865
874
877
895
898
902
941
950
970
974
1027
1060
1065
1122
1142
1154
1159
1165
1233
1260
1365
1368
1374
1376
1439
1441
1483
1489
1495
1506
1518
1533
1548
1604
1607
1612
1616
1632
1639
1647
1655
1684
1687
1703
1731
1735
1769
1800
1838
120
114
148
20
105
57
4
103
10
16
99
163
76
92
14
108
110
141
52
104
162
72
24
67
158
156
115
140
79
0
26
5
84
58
65
41
23
46
1
151
100
11
17
89
27
145
13
150
155
81
59
136
50
35
42
91
36
25
160
130
85
43
32
9
75
69
63
21
112
39
119
111
143
80
7
62
87
47
29
30
55
77
15
124
97
137
132
12
34
28
8
159
135
152
53
70
161
133
64
134
102
109
139
83
56
86
49
82
78
54
123
88
146
22
19
18
126
33
164
73
37
