149
67
74
86
90
97
103
110
120
124
135
138
140
141
146
150
155
158
160
167
176
179
182
212
229
232
235
237
241
242
250
262
271
273
279
290
296
306
309
313
317
325
341
364
367
381
393
406
411
425
430
437
447
467
473
478
487
502
505
509
513
521
529
530
546
549
552
553
559
561
563
569
576
578
588
598
610
614
617
624
631
637
645
653
675
679
682
683
684
691
696
698
701
712
714
725
727
741
744
745
752
756
761
772
779
791
796
798
802
823
826
837
852
853
857
862
865
884
889
891
894
895
897
899
902
922
930
931
946
950
954
961
971
978
979
981
1005
1018
1030
1042
1049
1069
1071
1072
1077
1080
1081
1096
1099
1103
73
50
21
65
74
23
45
56
38
35
70
44
22
2
17
63
57
20
61
58
51
18
68
14
86
84
42
10
16
72
15
76
7
69
71
87
26
77
53
4
78
73
8
59
52
81
39
67
27
37
49
64
82
36
11
80
83
13
55
40
30
28
54
25
47
6
41
60
3
29
85
1
79
31
