119
58
161
179
183
192
237
259
260
267
284
313
335
372
383
401
406
420
438
460
465
481
486
491
513
514
560
575
586
591
618
631
650
663
685
694
716
717
734
736
764
783
827
839
877
888
924
945
967
987
1144
1154
1161
1182
1209
1254
1278
1286
1287
1306
1314
1347
1372
1380
1386
1395
1468
1497
1523
1531
1550
1614
1616
1661
1685
1689
1711
1743
1745
1746
1767
1774
1815
1833
1835
1856
1873
1904
1925
1934
1935
1936
2037
2042
2045
2057
2076
2110
2117
2119
2131
2141
2155
2158
2162
2164
2171
2189
2196
2203
2252
2266
2290
2295
2323
2334
2361
2399
2422
2429
153
66
8
148
139
36
144
122
12
90
52
107
135
40
58
33
57
105
108
53
62
14
20
87
11
156
47
106
42
24
22
154
153
138
125
115
94
50
119
61
28
7
110
132
131
130
126
123
71
92
46
56
65
54
3
4
162
39
45
109
86
141
113
121
37
88
100
147
160
29
55
128
82
146
129
49
19
48
95
74
21
41
10
32
68
23
72
51
150
99
2
0
111
73
145
44
152
140
101
116
118
1
97
69
127
93
38
34
83
136
91
114
155
133
79
77
80
120
15
78
5
112
17
30
59
117
16
75
142
149
63
102
26
6
104
27
9
13
124
143
137
157
67
43
31
134
89
25
96
98
161
158
84
18
