77
26
163
165
208
259
324
348
354
355
366
371
397
418
438
442
453
470
473
489
505
523
534
586
598
646
654
656
676
685
686
712
741
813
841
854
898
935
949
951
1013
1018
1028
1046
1078
1122
1130
1189
1219
1239
1247
1261
1271
1333
1366
1370
1376
1433
1454
1475
1498
1511
1523
1540
1543
1574
1583
1605
1656
1659
1699
1733
1743
1750
1758
1772
1806
1831
119
47
24
10
26
104
160
159
65
88
162
95
107
21
72
33
20
135
59
147
0
73
28
36
42
117
105
4
81
118
40
55
27
23
93
154
122
2
112
83
153
103
140
71
156
48
91
43
86
129
130
110
89
75
45
143
60
96
113
145
3
77
163
67
35
14
46
120
32
114
141
131
98
101
63
87
136
41
152
148
39
125
34
12
99
17
11
84
5
66
106
18
100
7
121
108
70
126
16
15
150
76
149
56
146
155
13
69
85
158
133
142
50
134
161
30
22
38
116
124
