104
72
75
79
88
104
111
191
221
274
276
304
343
362
373
397
444
460
503
517
540
542
562
590
607
613
614
626
650
656
657
672
713
790
822
824
834
857
889
896
957
970
972
1007
1077
1126
1162
1165
1166
1171
1185
1194
1245
1268
1293
1336
1355
1364
1396
1399
1401
1431
1518
1520
1552
1617
1632
1638
1642
1651
1670
1747
1750
1788
1830
1843
1852
1881
1895
1904
1921
1935
1938
1951
1993
2047
2074
2077
2095
2168
2172
2183
2207
2214
2216
2217
2240
2249
2282
2301
2304
2327
2363
2427
2442
152
114
73
17
95
39
4
11
68
111
83
96
139
37
155
98
99
133
45
135
86
48
119
54
47
52
84
141
125
115
35
2
14
74
70
76
80
113
42
116
87
1
128
10
33
137
19
49
153
66
0
44
108
51
64
41
25
140
9
147
122
97
38
132
69
110
32
59
156
100
130
40
78
15
112
109
75
7
71
21
124
62
90
127
161
158
107
149
16
105
162
60
18
67
157
104
8
65
126
134
103
63
61
129
152
146
106
46
23
58
5
143
92
150
154
34
50
6
85
136
142
101
13
91
145
93
55
53
36
82
144
3
22
89
79
94
26
118
117
138
29
123
160
72
43
120
131
31
12
151
81
148
57
