79
29
92
120
198
205
224
250
251
263
312
352
354
362
373
381
383
392
411
455
488
493
567
587
669
674
692
724
727
745
770
796
802
804
809
828
848
862
945
1029
1031
1036
1051
1084
1104
1106
1143
1192
1210
1212
1214
1225
1226
1234
1285
1307
1331
1350
1368
1372
1386
1404
1418
1441
1504
1508
1543
1551
1582
1615
1645
1651
1657
1689
1732
1752
1768
1804
1812
1824
122
124
51
133
75
79
4
162
60
25
73
149
40
37
139
163
27
98
101
17
23
158
88
56
123
8
116
136
87
42
146
7
48
82
52
15
130
55
107
49
28
83
5
81
3
90
114
0
6
61
93
135
154
31
111
64
155
71
125
110
94
143
43
32
77
103
100
66
26
89
105
122
45
65
12
84
106
109
159
120
30
113
156
115
127
10
72
148
134
96
86
36
59
53
92
138
95
132
44
85
131
126
9
67
141
1
76
145
99
24
22
41
121
19
47
34
57
152
74
153
140
54
112
