641
10
11
12
14
16
17
20
22
24
34
44
45
46
52
54
58
60
67
68
73
76
81
82
83
87
90
91
96
98
101
108
112
122
123
129
132
133
134
135
137
142
150
151
155
156
161
163
164
167
168
191
195
196
197
208
209
214
218
221
222
223
224
225
229
234
239
242
245
252
253
257
259
260
265
270
275
276
278
280
281
283
290
291
292
295
296
297
298
302
304
307
308
310
311
312
313
318
328
330
334
336
338
339
340
343
344
345
351
355
356
358
361
364
368
370
371
377
381
382
384
386
388
392
393
396
397
400
401
402
404
408
410
414
415
424
426
428
433
434
439
441
442
447
449
450
453
455
460
461
464
466
469
470
471
474
476
478
479
480
482
484
485
487
489
490
491
501
508
509
515
516
519
525
529
531
532
533
540
541
542
543
546
549
550
555
566
567
570
571
575
582
588
593
602
604
611
613
614
617
620
627
631
635
636
637
638
639
640
644
649
652
654
657
658
659
662
663
664
665
666
672
673
676
677
678
685
687
693
696
698
703
704
706
707
708
714
716
717
720
722
728
730
732
733
734
735
736
737
738
742
745
746
748
749
753
758
759
761
765
766
774
778
781
789
791
796
800
804
807
810
812
814
816
817
821
823
828
831
835
836
851
853
854
857
859
860
862
863
872
873
875
876
878
882
886
888
895
896
898
901
906
908
909
912
918
931
933
934
938
939
940
941
942
945
948
954
957
960
963
969
970
973
979
980
983
984
987
989
990
993
996
997
999
1000
1001
1007
1009
1010
1012
1015
1017
1018
1021
1022
1025
1028
1035
1044
1045
1046
1052
1053
1054
1055
1056
1059
1063
1065
1066
1070
1071
1072
1078
1083
1084
1089
1090
1094
1096
1098
1100
1101
1102
1104
1105
1107
1110
1112
1113
1114
1116
1118
1119
1121
1128
1130
1134
1135
1138
1140
1142
1146
1148
1152
1156
1160
1163
1164
1168
1169
1172
1173
1175
1179
1186
1187
1188
1189
1190
1192
1193
1194
1196
1197
1198
1201
1209
1213
1214
1218
1220
1222
1226
1227
1229
1230
1237
1238
1242
1244
1245
1249
1258
1259
1262
1264
1271
1275
1280
1282
1284
1285
1289
1292
1296
1299
1300
1301
1308
1313
1315
1318
1324
1333
1334
1339
1340
1343
1345
1346
1349
1350
1358
1360
1361
1362
1364
1365
1366
1367
1368
1372
1374
1380
1381
1383
1385
1387
1393
1395
1400
1401
1403
1404
1406
1408
1409
1412
1414
1415
1419
1421
1427
1429
1430
1433
1434
1437
1441
1448
1450
1451
1453
1458
1462
1463
1466
1470
1472
1474
1477
1478
1480
1483
1484
1486
1490
1492
1494
1497
1498
1499
1504
1512
1515
1520
1522
1524
1527
1533
1537
1538
1541
1546
1548
1549
1550
1552
1557
1558
1562
1565
1567
1569
1570
1573
1576
1579
1582
1588
1589
1590
1592
1594
1595
1596
1598
1600
1608
1611
1616
1619
1625
1627
1629
1630
1632
1633
1635
1639
1640
1641
1642
1644
1645
1646
1648
1653
1654
1657
1661
1667
1672
1674
1678
1682
1684
1692
1693
1696
1701
1702
1709
1715
1718
1720
1722
1725
1731
1734
1737
1738
1742
1743
1745
1747
1750
1752
1754
1755
1757
1758
1760
1763
1765
1766
1767
1773
1774
1776
1782
1783
1785
1786
1787
1790
1793
1795
1799
1806
1807
1808
1811
1814
1815
1823
1824
1828
1831
1835
1837
156
73
39
19
63
20
48
45
145
54
148
150
1
132
62
8
152
156
109
151
96
159
43
13
15
25
95
55
131
3
90
66
142
107
117
44
83
147
94
122
36
61
120
146
141
160
16
86
64
135
5
17
22
139
67
57
157
9
88
110
49
10
119
47
2
133
97
51
138
56
79
144
52
78
6
129
98
130
77
84
41
136
93
108
128
68
40
149
58
72
137
81
106
155
60
59
28
125
0
123
12
91
111
26
50
118
37
102
18
158
103
21
114
24
38
89
112
154
70
42
71
124
82
32
30
34
115
75
35
85
27
100
33
76
153
99
31
23
53
126
104
46
7
163
11
65
140
4
134
161
69
162
121
101
113
143
116
