83
114
123
129
148
160
197
214
216
272
311
325
327
333
348
350
356
359
434
442
458
493
508
522
527
551
556
568
582
592
595
603
605
652
668
672
713
748
763
816
863
877
921
1037
1056
1081
1091
1131
1136
1139
1151
1171
1204
1251
1261
1264
1267
1284
1301
1312
1320
1327
1357
1380
1397
1409
1416
1443
1456
1475
1500
1556
1558
1566
1577
1642
1654
1688
1692
1717
1736
1761
1774
1797
128
111
50
86
155
14
137
96
23
54
105
97
81
102
10
39
147
139
120
154
12
136
133
30
74
115
129
163
114
11
149
80
6
34
46
146
29
43
27
18
153
118
124
123
24
66
141
159
87
164
90
44
142
94
103
63
68
62
53
91
76
108
33
107
8
70
98
100
140
5
64
61
57
78
72
112
110
56
32
119
36
145
69
79
20
58
71
126
25
122
67
157
26
143
40
160
148
3
42
101
144
134
0
4
106
109
21
55
48
77
82
19
116
47
28
31
35
9
95
65
128
51
22
41
60
125
38
130
138
