149
7
41
53
54
60
66
69
77
80
94
114
122
128
129
140
144
145
160
164
171
191
192
229
231
259
263
266
273
277
283
285
286
291
292
300
312
318
325
333
340
343
344
346
348
354
376
382
387
390
396
398
399
409
411
417
428
442
449
451
454
457
470
480
499
501
506
509
511
526
532
533
538
550
553
566
567
572
573
589
608
609
610
612
617
618
636
638
645
654
662
664
665
670
678
694
706
708
710
712
715
719
724
733
742
751
752
773
807
810
815
817
846
853
858
859
860
876
881
889
902
924
931
940
941
944
952
978
985
1008
1010
1014
1015
1025
1033
1035
1036
1042
1043
1050
1054
1055
1059
1060
1061
1078
1084
1094
1104
1105
73
46
50
17
71
55
62
11
42
69
76
86
87
54
56
7
53
8
3
23
38
78
39
24
4
67
32
49
12
5
16
64
28
59
29
2
68
47
44
58
9
43
79
40
80
37
52
45
61
13
15
18
14
51
30
36
41
20
25
1
83
66
72
35
81
6
48
75
33
60
82
34
85
27
