63
97
104
130
134
160
176
234
246
271
289
350
506
555
598
614
676
677
709
723
736
793
825
833
846
857
863
885
909
912
939
944
996
1018
1019
1092
1115
1133
1173
1179
1190
1196
1210
1221
1249
1250
1269
1307
1323
1395
1461
1518
1535
1639
1667
1696
1708
1783
1795
1797
1810
1811
1815
1833
106
101
4
121
28
78
37
50
137
106
145
61
19
89
2
122
128
49
41
53
90
120
43
14
38
26
93
25
147
123
148
12
13
71
86
66
118
160
92
60
124
154
36
115
33
94
21
46
54
119
88
107
82
97
18
96
143
32
156
79
135
39
48
87
73
152
84
30
131
76
155
44
116
157
24
15
72
133
98
74
105
1
99
141
127
7
108
117
100
57
35
42
0
68
45
134
5
59
9
114
31
56
64
83
125
138
159
