686
3
6
7
8
9
10
11
14
15
16
19
20
21
22
23
26
28
29
31
32
34
35
36
38
39
46
47
48
51
52
53
54
59
60
62
63
65
66
67
69
70
72
74
75
77
78
79
81
83
84
91
92
93
96
99
100
101
103
105
107
108
110
112
113
114
117
118
119
120
121
122
123
125
127
128
130
131
133
137
139
140
144
145
146
147
148
149
150
151
153
154
155
157
158
159
160
161
164
165
168
169
170
171
172
173
176
178
180
185
186
188
189
190
191
194
195
196
198
200
202
203
204
205
207
208
209
210
211
213
214
218
219
220
222
223
224
225
226
227
228
229
230
231
232
233
235
237
238
239
240
241
242
243
246
247
248
249
250
256
258
260
261
262
263
264
265
267
268
269
270
271
274
275
277
279
280
281
282
285
286
287
288
289
290
291
292
293
295
297
298
299
300
306
307
308
309
310
311
314
318
321
322
323
324
325
326
327
328
331
333
336
339
341
344
345
347
348
349
352
353
355
358
359
361
365
366
368
370
373
374
375
376
378
382
383
385
386
387
388
389
390
392
394
395
396
397
398
399
400
401
403
404
405
406
410
412
413
415
417
418
423
424
425
426
427
430
431
434
435
436
438
439
440
441
442
445
446
447
449
450
451
452
453
454
456
457
458
461
462
463
464
465
466
469
470
471
472
473
478
479
482
483
485
486
487
489
490
491
492
496
497
498
502
504
505
507
508
510
511
514
515
516
519
522
525
526
529
530
531
534
535
536
537
540
543
544
545
546
548
549
551
552
553
557
564
565
566
568
570
571
572
573
577
578
582
589
591
592
594
595
597
598
602
603
604
610
611
613
614
615
616
619
620
621
622
624
625
626
627
629
630
633
637
638
639
640
641
643
644
645
646
648
649
650
651
652
653
654
655
657
658
660
661
662
664
666
670
673
674
676
677
678
679
680
681
682
685
688
689
690
691
693
694
695
698
699
700
701
702
703
704
705
706
707
710
711
712
713
715
716
718
721
723
724
725
728
729
730
731
732
733
734
735
736
738
739
740
745
746
747
748
749
750
751
753
754
756
758
759
760
761
762
763
764
765
766
769
770
771
773
777
778
780
781
782
783
784
786
787
788
789
790
792
793
794
795
796
797
798
800
801
803
804
805
806
807
808
809
811
812
814
816
817
818
819
821
822
823
825
826
827
828
831
833
834
835
838
840
842
843
844
845
846
848
853
855
856
857
858
861
862
863
864
865
866
867
869
870
871
872
873
874
875
878
880
881
887
891
896
897
898
900
901
902
903
904
908
909
910
913
915
916
920
921
922
924
925
926
927
929
932
933
934
935
936
937
938
939
940
941
942
945
946
947
948
954
955
956
958
960
962
963
965
966
967
970
972
974
977
978
980
983
984
985
987
991
992
995
996
997
998
1002
1004
1006
1007
1009
1011
1014
1015
1016
1019
1020
1021
1023
1024
1025
1026
1027
1029
1034
1035
1037
1038
1039
1041
1042
1043
1044
1045
1047
1048
1050
1051
1054
1056
1057
1058
1059
1064
1066
1067
1070
1071
1072
1074
1075
1076
1078
1080
1081
1082
1083
1084
1085
1086
1087
1088
1090
1092
1093
1096
1101
1102
1104
1105
1107
84
69
84
17
7
74
3
50
37
31
42
9
10
43
11
32
63
65
60
24
53
83
54
73
61
38
44
14
49
47
48
36
21
26
1
80
76
23
15
46
79
81
87
57
86
82
55
27
71
41
45
35
40
18
19
5
16
0
39
28
34
8
33
52
85
70
68
77
64
56
62
6
2
4
67
75
20
59
72
51
58
29
13
78
22
