130
145
151
155
168
169
184
217
242
244
251
318
334
337
338
342
353
380
382
387
389
396
417
427
446
460
479
505
510
560
587
591
650
672
677
699
718
797
819
832
842
849
860
865
878
883
936
946
949
992
995
1001
1034
1043
1052
1082
1136
1175
1199
1210
1211
1228
1229
1234
1235
1249
1257
1263
1267
1272
1287
1294
1296
1305
1329
1330
1345
1350
1380
1430
1482
1493
1515
1524
1574
1581
1588
1591
1634
1650
1653
1660
1679
1683
1698
1721
1730
1747
1790
1816
1830
1840
1845
1856
1862
1888
1901
1946
1955
1965
2017
2035
2049
2065
2068
2107
2119
2124
2129
2191
2193
2229
2267
2308
2315
2319
2327
2361
2364
2371
2397
150
13
12
105
63
54
17
155
97
61
154
29
98
108
109
82
2
139
14
79
162
40
49
72
38
122
80
55
150
86
32
114
112
144
52
138
125
94
148
16
11
65
6
81
126
53
26
151
9
131
46
156
47
3
103
149
153
111
7
77
57
102
129
160
48
64
31
70
62
45
44
50
20
1
76
146
59
51
99
90
37
140
58
89
83
110
116
141
136
69
39
115
10
24
143
41
30
124
67
127
117
0
36
158
5
123
84
121
66
73
35
68
34
130
88
106
113
28
27
135
133
56
132
120
152
85
8
78
119
101
21
42
147
93
118
4
19
161
18
157
107
134
71
91
92
137
25
145
96
95
33
