67
187
207
227
244
256
271
281
296
301
318
344
345
395
417
421
442
470
500
530
547
603
664
674
696
738
749
761
812
813
852
867
874
1013
1025
1048
1060
1066
1102
1181
1194
1204
1228
1238
1272
1313
1328
1347
1354
1378
1383
1389
1429
1436
1492
1505
1522
1544
1551
1617
1636
1665
1676
1687
1728
1739
1761
1803
121
97
10
140
6
13
67
77
80
129
159
136
71
76
34
14
145
59
104
112
86
105
55
70
68
17
107
103
49
137
42
8
78
22
92
110
135
91
23
53
5
150
4
124
60
87
69
98
31
74
153
154
38
52
57
47
65
132
12
24
40
133
106
20
27
56
64
113
131
0
134
85
81
141
144
108
44
83
9
143
90
54
114
125
89
152
18
155
58
66
88
161
109
156
11
28
82
2
118
148
93
32
130
61
3
50
46
100
16
43
122
116
29
35
84
19
128
160
102
120
45
25
