149
15
23
24
27
29
30
63
68
72
74
75
82
87
93
135
139
146
151
152
171
172
177
178
194
198
211
212
213
228
237
239
240
247
250
253
265
279
286
288
290
292
294
300
316
324
325
338
344
346
348
352
367
370
373
377
390
393
400
406
411
419
422
432
435
438
454
458
461
462
470
471
477
480
498
502
504
507
514
531
535
545
551
556
562
565
598
599
606
610
613
626
634
635
636
639
642
647
656
663
669
672
679
694
696
704
713
720
725
727
762
770
784
789
801
814
831
834
838
844
849
872
879
886
887
888
891
896
906
910
911
912
923
942
949
957
962
972
994
997
1018
1033
1043
1044
1056
1057
1075
1080
1100
1107
74
69
10
1
33
83
41
87
77
25
75
78
50
2
47
80
82
76
66
22
71
24
4
48
37
45
53
13
5
57
46
0
54
81
70
84
62
72
42
52
79
85
9
31
18
56
49
61
8
60
28
21
3
14
43
26
38
59
30
27
73
64
58
17
35
19
29
65
7
16
15
86
12
20
11
