77
199
202
222
242
293
297
330
336
364
379
405
406
416
429
434
468
469
472
511
515
524
550
555
568
575
611
639
646
649
650
657
661
761
820
841
851
867
879
910
914
946
958
969
1006
1011
1065
1112
1172
1173
1181
1201
1219
1222
1265
1267
1294
1295
1304
1309
1317
1340
1409
1479
1517
1523
1554
1606
1635
1655
1664
1685
1701
1709
1759
1777
1796
1801
122
159
51
19
130
61
58
15
109
100
93
10
6
36
158
162
54
71
95
52
12
115
78
153
75
33
135
43
17
137
32
133
110
9
91
147
119
94
26
127
77
163
1
121
56
92
3
55
60
111
164
28
35
39
104
144
97
80
65
50
140
53
76
41
7
156
89
125
23
107
122
120
27
34
116
5
24
29
117
69
113
74
102
134
128
73
14
66
8
16
44
45
114
22
145
118
108
101
143
11
21
149
72
126
40
157
49
46
13
83
90
38
84
154
142
31
37
57
141
132
148
25
42
