686
4
6
7
8
9
10
12
15
18
19
20
24
25
27
29
30
34
36
37
38
39
40
41
43
44
45
46
51
52
55
56
57
59
62
63
64
65
67
69
70
71
74
75
76
80
81
83
85
87
88
89
90
91
92
94
95
96
97
98
99
102
103
106
107
110
111
113
114
118
119
120
121
131
132
133
134
135
136
138
139
141
145
146
147
148
149
151
152
154
156
157
158
160
161
162
164
166
170
172
173
174
175
176
177
179
181
183
185
194
196
197
198
200
201
202
203
204
205
206
207
209
210
211
213
214
215
217
220
222
224
225
232
234
235
236
239
241
246
247
249
250
251
253
254
257
258
259
263
264
266
268
270
273
275
276
278
283
284
285
286
287
289
290
292
294
295
297
298
299
300
302
303
304
305
308
309
312
313
314
315
317
318
319
321
322
323
326
328
329
330
331
332
334
336
337
338
339
340
341
342
343
345
350
351
352
355
356
358
359
360
362
363
365
370
372
375
376
377
381
382
385
386
387
388
389
390
391
392
393
394
395
399
400
403
404
405
406
407
408
410
412
414
416
418
419
420
421
422
425
426
427
429
431
432
434
436
437
438
439
440
442
443
444
446
449
450
451
452
455
460
461
462
463
465
466
467
469
470
474
475
476
477
479
480
481
482
487
488
490
491
492
494
495
496
497
499
500
502
503
504
505
506
508
510
511
512
513
514
516
518
519
520
521
522
523
527
529
532
536
538
539
540
542
543
544
547
548
549
551
552
555
556
558
562
563
564
565
566
567
568
569
571
572
573
574
575
577
578
580
581
582
583
584
585
586
588
589
590
591
592
595
596
597
598
599
600
601
603
605
606
607
608
609
612
613
614
618
619
620
623
625
626
628
630
633
634
635
637
638
639
641
643
646
647
648
649
650
653
658
659
664
667
668
669
671
673
675
681
683
684
685
687
689
690
691
692
693
694
696
697
698
700
701
702
706
708
709
710
713
714
715
716
717
718
719
721
722
723
725
728
729
734
735
737
739
743
744
745
747
748
749
751
753
756
757
758
760
764
766
767
768
769
771
773
774
776
779
780
781
782
783
785
788
792
793
795
796
797
798
803
805
807
808
809
810
811
812
813
814
816
818
819
822
824
825
828
829
830
832
834
835
837
838
839
840
841
842
843
844
845
846
847
848
850
851
852
853
855
858
860
861
862
864
865
866
867
868
869
870
871
874
876
878
880
881
882
884
885
886
887
888
889
891
894
896
897
899
900
901
904
907
909
910
912
914
915
916
921
922
923
924
925
926
927
928
930
932
934
935
936
937
938
939
940
941
942
943
944
945
947
948
949
951
952
953
955
957
958
959
960
961
962
963
964
966
967
968
969
970
972
976
979
981
983
985
986
989
990
991
992
994
997
998
1001
1003
1004
1006
1010
1012
1013
1014
1015
1017
1018
1019
1022
1023
1026
1027
1029
1030
1032
1033
1036
1037
1038
1039
1040
1042
1043
1044
1045
1046
1047
1048
1049
1050
1051
1052
1054
1055
1056
1057
1058
1059
1060
1061
1062
1064
1065
1066
1067
1069
1071
1073
1076
1078
1079
1080
1081
1082
1083
1086
1088
1090
1092
1094
1096
1097
1098
1099
1100
1101
1104
1105
1106
84
35
11
8
47
24
43
59
79
84
5
21
83
66
44
45
2
16
14
0
1
68
36
58
10
26
69
77
13
71
63
72
39
52
32
20
3
30
31
64
74
38
75
28
73
61
56
81
87
70
86
80
42
65
40
60
4
29
67
41
6
82
85
25
49
76
62
17
22
27
9
46
51
78
54
50
37
7
18
15
19
48
33
53
23
