149
9
24
29
32
39
43
54
60
69
74
78
91
105
110
112
117
118
128
129
138
151
153
168
170
183
186
190
195
205
220
231
235
244
245
247
248
251
253
261
263
273
275
282
291
306
309
313
316
333
343
347
351
356
378
389
390
392
408
414
422
426
430
450
452
459
463
470
473
488
491
492
504
525
534
535
542
551
556
562
579
593
594
601
604
609
615
625
633
638
639
642
644
646
648
659
671
681
682
683
686
701
706
710
728
734
742
746
749
752
753
754
766
790
797
808
811
838
843
845
846
856
867
879
882
889
890
907
908
914
916
931
933
962
967
992
1008
1032
1042
1049
1054
1061
1062
1063
1067
1078
1081
1087
1090
1099
75
2
42
45
39
48
27
60
1
50
6
81
8
18
40
20
36
12
59
34
38
37
13
4
56
51
70
21
19
79
16
28
65
11
53
87
47
78
54
35
44
58
46
69
5
24
7
41
9
22
25
68
57
76
63
29
49
52
77
71
80
84
10
61
3
85
33
86
23
17
74
26
66
15
67
64
