686
5
6
8
9
10
11
12
13
14
15
16
18
19
21
23
25
26
28
29
32
34
36
37
38
39
42
44
45
47
48
49
52
53
55
56
57
58
59
63
64
65
66
67
70
71
72
74
75
79
80
82
83
84
85
86
87
88
89
90
91
92
93
95
96
97
100
101
102
103
104
105
106
107
109
110
113
114
116
117
118
119
120
124
125
128
129
130
133
136
137
138
140
141
142
143
145
146
147
149
150
151
152
153
154
156
158
161
167
169
170
174
180
181
182
183
185
186
187
188
189
191
192
194
195
196
198
199
201
202
203
204
205
210
211
212
213
214
217
220
221
222
223
224
225
227
228
230
231
234
235
237
239
240
241
243
244
246
247
248
249
252
253
254
259
260
261
262
263
265
266
268
269
271
273
274
275
276
277
279
281
282
283
284
285
288
289
291
292
293
294
295
296
297
298
300
302
303
305
308
309
310
312
315
316
317
318
322
325
326
327
329
330
331
335
336
337
338
339
342
343
345
347
348
350
353
354
355
357
362
365
366
367
370
371
372
373
374
375
376
377
378
381
382
383
384
385
387
388
391
392
395
396
397
401
403
404
408
410
411
412
413
414
416
417
418
421
422
423
424
426
427
430
431
435
436
437
441
442
443
446
450
451
452
456
457
463
467
468
469
471
472
473
474
476
477
478
479
480
481
483
485
486
487
489
490
491
492
493
495
496
500
502
503
505
506
509
510
511
512
513
517
519
521
522
523
526
532
533
537
541
542
543
545
546
547
548
549
550
552
553
554
555
556
559
562
563
564
565
567
569
570
571
572
576
579
580
581
582
584
585
586
587
588
591
592
597
599
600
601
602
604
605
606
607
608
610
613
614
615
616
618
620
621
622
628
629
631
632
635
636
639
640
643
645
647
649
651
652
656
658
660
661
663
664
666
667
668
669
671
672
673
676
677
678
679
680
681
682
685
687
688
689
690
692
694
696
698
699
700
703
705
711
712
713
715
716
717
720
724
726
727
728
729
730
731
732
734
735
736
739
743
744
746
748
750
751
753
754
756
757
759
760
761
765
766
767
768
769
770
772
773
775
776
778
780
781
782
783
785
786
787
788
789
790
791
793
796
797
800
801
803
804
805
807
810
811
813
815
818
821
822
823
826
827
829
831
832
835
837
839
840
841
842
844
846
848
853
854
855
858
859
860
861
862
864
866
867
868
872
873
874
876
877
879
880
881
883
884
885
887
888
889
890
891
892
894
896
899
902
903
904
905
907
908
910
911
912
913
914
916
917
918
919
921
923
924
925
926
927
928
929
930
931
934
935
937
938
939
940
943
944
945
946
947
948
949
951
953
957
961
963
966
967
968
970
971
975
976
977
979
980
982
984
985
986
987
988
989
990
991
992
993
999
1000
1001
1002
1003
1006
1009
1011
1012
1013
1014
1015
1016
1017
1019
1020
1021
1022
1024
1025
1026
1027
1028
1029
1030
1031
1034
1036
1037
1038
1040
1041
1042
1043
1044
1048
1049
1050
1051
1052
1055
1056
1058
1061
1062
1063
1064
1068
1070
1071
1072
1076
1077
1078
1080
1081
1082
1083
1084
1085
1087
1088
1089
1091
1093
1095
1096
1097
1100
1101
1103
1104
1105
1107
83
21
26
86
84
29
51
1
54
82
61
46
17
5
70
37
49
66
57
20
78
73
64
10
6
7
52
3
53
65
41
45
79
28
35
81
30
71
48
68
16
76
69
31
42
13
8
74
47
25
62
18
80
55
83
9
85
43
75
87
22
67
34
32
36
59
58
14
27
56
77
15
63
72
50
38
24
4
40
2
11
60
0
19
