255
13
18
32
49
53
57
61
76
78
84
105
120
147
180
181
192
193
213
221
223
237
246
247
275
345
359
372
384
391
394
399
404
425
435
446
454
461
469
471
476
490
508
516
520
523
539
546
558
584
592
606
656
688
689
705
713
730
742
743
759
766
773
779
792
801
816
821
828
839
840
856
861
872
886
889
892
913
917
925
930
932
942
945
947
975
1000
1005
1009
1015
1052
1065
1074
1083
1095
1097
1100
1103
1106
1114
1123
1130
1133
1137
1146
1162
1175
1191
1195
1197
1209
1210
1211
1227
1238
1244
1248
1249
1253
1267
1272
1286
1299
1303
1311
1314
1315
1322
1331
1378
1400
1422
1428
1442
1453
1463
1468
1470
1482
1484
1492
1516
1528
1531
1578
1594
1604
1610
1617
1618
1625
1632
1642
1648
1651
1654
1655
1681
1703
1717
1718
1726
1727
1753
1756
1757
1759
1760
1781
1786
1801
1811
1812
1818
1826
1831
1838
1842
1848
1857
1876
1881
1895
1929
1930
1933
1940
1952
1978
1980
1997
2017
2019
2025
2030
2038
2050
2059
2064
2080
2086
2094
2114
2125
2126
2140
2143
2159
2177
2180
2188
2207
2226
2227
2240
2242
2246
2258
2263
2264
2265
2268
2275
2282
2285
2316
2328
2331
2360
2365
2376
2379
2385
2386
2399
2409
2420
2429
2443
2460
2462
2468
2470
2490
2494
2498
2522
2526
2531
2536
2550
2568
2582
2587
2606
2614
160
5
29
142
64
53
51
158
86
32
68
34
66
88
76
46
18
132
98
23
155
71
48
37
151
0
145
39
47
110
119
104
2
117
67
115
52
28
154
57
26
9
45
157
19
54
22
79
74
43
40
95
60
4
153
36
20
141
112
84
96
24
69
148
81
122
118
61
149
16
44
38
152
101
78
89
129
13
126
31
100
130
63
97
90
12
42
160
99
80
107
147
93
77
55
83
58
25
133
140
75
50
91
15
114
103
134
146
102
156
108
72
92
135
65
106
116
1
85
33
120
3
27
143
17
123
62
159
21
136
59
139
109
121
144
35
70
56
105
113
11
87
49
6
127
131
138
128
111
124
14
8
10
137
94
41
82
73
7
125
30
