149
16
23
30
59
69
75
79
91
110
125
129
130
137
139
154
166
167
173
174
175
185
190
211
212
219
221
222
223
232
234
235
252
257
258
262
265
266
268
269
274
281
282
283
323
326
332
333
362
369
379
384
388
391
393
400
428
431
450
455
461
464
467
477
479
482
483
496
497
498
499
503
504
514
520
521
527
536
546
553
556
557
558
568
602
628
632
645
647
654
663
666
678
679
694
700
702
722
745
746
752
759
760
763
772
775
776
780
802
805
809
811
819
822
824
832
844
851
852
895
897
905
908
911
912
913
923
930
935
939
942
946
960
971
976
977
985
995
999
1021
1026
1029
1036
1037
1052
1055
1058
1066
1067
1076
75
41
63
80
25
74
85
12
84
53
81
2
64
28
59
38
27
57
15
1
36
30
4
24
60
68
42
31
73
75
83
46
3
39
78
56
70
51
19
62
35
87
22
16
20
7
77
69
67
45
26
72
48
17
11
61
65
14
9
43
82
66
49
52
47
54
6
10
86
23
8
18
71
76
29
5
