676
8
10
14
15
16
25
30
31
34
35
44
47
52
56
58
59
62
63
64
66
69
71
72
75
77
80
83
84
88
93
103
114
116
119
122
127
129
130
131
132
137
138
141
142
144
146
147
149
153
157
162
165
166
167
168
170
177
180
188
190
191
196
198
200
205
209
214
217
218
219
222
223
224
225
229
230
232
236
242
251
252
253
255
256
260
262
266
267
268
274
275
277
286
289
291
294
295
297
299
300
308
318
321
327
328
329
331
332
338
349
356
359
362
365
368
370
377
378
379
384
385
387
392
394
399
403
409
410
412
414
416
418
421
423
426
429
431
432
434
440
441
442
443
449
451
452
455
456
457
458
459
460
467
469
473
474
475
477
478
482
486
488
490
491
492
493
494
495
499
500
505
507
511
512
515
517
524
525
530
532
534
536
538
539
541
543
544
546
547
550
551
556
557
558
562
563
566
567
569
571
572
574
579
580
590
593
594
595
598
600
605
612
614
615
618
619
620
626
629
632
637
638
639
641
644
645
646
648
649
653
656
657
658
661
665
666
667
668
671
675
677
680
681
683
685
687
688
692
693
695
696
699
700
701
702
704
705
707
713
715
716
720
723
724
726
728
733
734
737
740
741
745
747
751
754
759
761
763
765
767
768
770
771
774
778
779
781
782
783
785
786
792
795
798
799
800
802
803
808
809
811
812
813
815
820
824
825
826
830
831
832
837
840
841
844
847
859
860
865
868
870
876
877
885
890
892
894
896
898
900
909
910
914
922
923
925
930
931
935
936
937
939
945
946
949
951
953
954
959
960
962
964
965
967
973
978
979
983
986
990
992
995
998
1000
1001
1002
1005
1010
1011
1016
1023
1024
1028
1031
1035
1036
1040
1042
1044
1046
1050
1055
1056
1061
1062
1063
1064
1065
1066
1067
1068
1073
1076
1080
1081
1082
1088
1089
1092
1095
1100
1101
1102
1104
1111
1112
1116
1118
1119
1120
1121
1124
1126
1127
1133
1134
1136
1138
1140
1146
1154
1158
1162
1164
1165
1168
1172
1173
1174
1176
1177
1179
1180
1185
1191
1195
1197
1200
1203
1208
1211
1213
1220
1225
1230
1233
1239
1240
1241
1243
1246
1247
1248
1252
1255
1265
1277
1279
1280
1282
1284
1287
1288
1289
1290
1294
1299
1302
1308
1310
1312
1315
1316
1317
1319
1320
1322
1325
1326
1329
1330
1332
1334
1339
1345
1346
1347
1348
1352
1353
1360
1365
1367
1371
1373
1374
1377
1379
1380
1381
1384
1386
1389
1390
1392
1393
1395
1398
1401
1403
1405
1409
1410
1411
1412
1413
1417
1419
1420
1421
1428
1429
1434
1437
1438
1443
1444
1447
1448
1453
1457
1458
1459
1461
1462
1463
1464
1469
1473
1476
1478
1481
1486
1489
1491
1496
1499
1500
1501
1502
1503
1506
1508
1509
1510
1521
1527
1530
1531
1534
1536
1539
1543
1545
1550
1551
1552
1554
1556
1557
1569
1571
1572
1576
1578
1579
1580
1582
1583
1584
1588
1589
1592
1595
1601
1603
1607
1609
1610
1612
1613
1618
1620
1621
1623
1626
1629
1633
1634
1638
1639
1641
1642
1643
1649
1650
1653
1655
1657
1660
1661
1663
1665
1669
1670
1672
1675
1677
1684
1688
1690
1691
1694
1697
1698
1705
1707
1710
1711
1713
1715
1718
1720
1728
1730
1731
1738
1742
1746
1747
1753
1756
1759
1761
1763
1764
1765
1767
1770
1772
1773
1775
1778
1780
1781
1790
1791
1794
1799
1802
1803
1810
1812
1817
1822
1823
1824
1827
1831
1832
1834
1835
1836
1837
1838
1839
156
53
6
59
102
5
61
21
144
57
162
110
113
115
45
109
90
95
108
1
38
7
132
107
28
52
49
156
48
23
137
147
163
151
131
68
14
40
34
26
37
9
135
134
86
106
25
130
153
142
83
32
76
11
73
119
13
82
2
150
100
51
128
133
149
89
158
22
159
64
44
124
65
18
126
152
12
33
60
62
67
84
36
118
93
138
80
27
69
8
81
96
103
66
136
17
79
154
41
114
3
4
94
30
157
139
112
16
63
31
72
43
116
39
29
88
85
46
148
19
35
74
42
111
99
122
164
123
125
91
155
58
78
77
75
129
87
50
104
141
47
146
121
117
24
143
71
105
20
145
160
55
56
120
54
101
98
