68
155
167
186
301
321
331
338
361
370
375
409
441
472
495
532
572
578
581
656
681
687
694
696
723
785
799
808
809
811
814
851
859
867
981
1026
1038
1047
1062
1077
1083
1090
1092
1104
1126
1133
1139
1180
1214
1238
1272
1288
1342
1344
1427
1461
1532
1541
1569
1621
1686
1688
1694
1710
1712
1742
1826
1827
1837
112
67
24
137
43
150
57
133
79
144
14
10
146
118
18
2
39
86
106
31
157
27
132
17
52
82
92
143
88
89
78
155
91
68
131
19
33
141
49
161
71
35
98
149
163
160
26
123
44
59
1
45
129
73
158
47
162
13
61
153
15
124
55
107
138
7
104
23
21
136
84
117
85
70
147
56
22
64
134
148
116
125
93
12
130
32
6
48
53
152
38
8
95
108
40
54
105
5
60
69
28
96
50
109
75
97
9
4
99
77
145
90
100
