63
45
50
54
73
104
152
187
196
219
231
251
293
295
331
335
364
423
426
470
471
502
553
618
654
657
659
699
748
790
809
867
891
904
951
997
1014
1021
1123
1143
1156
1183
1204
1207
1240
1284
1297
1309
1336
1345
1368
1369
1480
1490
1540
1546
1548
1581
1649
1659
1687
1688
1748
1828
115
131
48
22
57
126
79
58
16
95
71
81
141
43
54
140
46
147
27
125
61
50
116
124
20
120
49
24
73
161
90
62
78
144
55
150
77
39
101
99
19
160
42
5
53
157
151
134
130
84
146
128
41
17
115
110
135
149
106
97
143
158
85
44
33
52
64
51
66
93
136
91
0
83
139
121
127
137
36
92
69
111
153
159
3
105
163
38
18
86
154
11
32
28
76
7
123
26
109
4
107
67
118
25
31
108
13
98
114
56
74
104
60
2
119
37
