246
16
23
30
32
42
59
67
70
75
83
116
120
127
166
174
175
198
227
228
229
238
243
245
251
267
269
271
281
303
357
378
380
384
427
431
432
446
453
454
462
495
512
515
534
591
607
613
631
685
686
694
708
709
710
716
721
725
729
736
752
755
756
764
765
775
781
783
791
794
803
809
819
822
825
826
827
844
852
865
884
887
918
921
1008
1009
1025
1032
1036
1049
1075
1088
1095
1107
1135
1173
1176
1178
1198
1203
1208
1209
1211
1219
1228
1233
1234
1239
1248
1255
1256
1279
1280
1281
1292
1318
1320
1323
1329
1331
1377
1388
1395
1403
1410
1421
1446
1466
1467
1478
1496
1505
1507
1523
1533
1536
1546
1547
1559
1560
1561
1563
1566
1568
1625
1626
1635
1637
1652
1660
1661
1672
1676
1696
1699
1700
1711
1722
1726
1737
1759
1761
1770
1781
1791
1800
1807
1812
1817
1850
1851
1852
1853
1868
1893
1899
1919
1922
1935
1945
1956
1957
1978
1981
1982
1990
2003
2009
2022
2024
2041
2046
2078
2085
2086
2088
2096
2113
2115
2120
2125
2145
2165
2176
2183
2196
2220
2235
2238
2242
2245
2261
2264
2267
2270
2276
2286
2298
2307
2335
2336
2337
2358
2373
2397
2410
2415
2454
2457
2464
2466
2467
2474
2483
2485
2490
2495
2499
2505
2515
2534
2551
2557
2595
2601
2607
2619
161
145
46
114
126
115
45
85
90
50
15
16
112
153
92
24
18
155
130
4
160
43
42
158
88
38
31
74
56
26
36
60
140
136
71
10
6
139
89
143
59
98
21
128
5
55
91
102
75
152
72
80
19
110
121
33
157
108
23
41
122
94
86
137
93
66
109
125
69
154
148
8
64
28
156
11
105
54
103
81
3
97
131
53
9
30
144
79
96
49
124
44
62
35
111
51
17
22
123
141
118
95
82
57
151
52
104
12
73
84
20
34
47
107
149
70
58
25
40
101
7
135
0
14
83
76
77
120
87
29
142
61
100
27
119
2
99
127
67
78
63
146
138
68
117
150
116
1
134
106
113
159
39
133
37
48
65
129
32
13
147
132
