77
50
54
67
91
116
136
177
200
228
230
253
294
295
315
321
337
355
438
474
498
514
571
593
605
618
620
659
684
689
708
757
767
777
840
841
859
869
903
912
933
955
1001
1091
1092
1093
1094
1221
1274
1282
1287
1299
1393
1403
1408
1444
1473
1506
1517
1560
1562
1587
1590
1593
1614
1643
1654
1660
1692
1698
1751
1753
1762
1788
1796
1811
1827
1837
116
62
105
136
107
119
46
36
128
138
29
25
93
125
21
84
12
68
15
101
1
78
19
41
22
116
20
151
147
104
38
75
95
124
44
112
34
13
157
87
103
97
98
88
17
60
117
91
106
163
109
2
72
4
96
129
118
6
47
76
155
102
40
164
3
0
159
115
56
120
139
77
111
58
67
160
100
39
161
18
122
48
79
156
85
73
82
9
61
153
5
127
51
110
99
92
64
26
7
80
134
158
24
27
55
37
113
152
65
31
133
42
66
144
148
108
16
