67
149
172
224
262
266
268
286
292
296
300
378
405
415
432
485
525
531
548
571
573
582
613
630
684
721
768
782
819
839
851
853
977
992
995
1023
1048
1051
1071
1093
1136
1173
1190
1224
1240
1271
1295
1356
1385
1390
1410
1432
1496
1501
1524
1532
1562
1594
1600
1620
1632
1646
1696
1734
1738
1748
1801
1822
105
161
14
131
37
40
38
26
52
147
51
116
58
96
148
123
12
150
55
3
31
107
10
157
19
121
129
135
155
162
151
39
0
97
82
105
53
124
84
100
60
36
120
153
146
44
62
22
110
50
6
85
24
127
30
73
23
125
76
66
118
64
122
141
111
70
5
103
87
57
71
102
93
68
13
69
132
80
43
81
25
89
133
20
29
56
32
65
143
33
137
149
160
83
41
159
78
154
140
109
77
91
4
72
128
130
