108
35
46
50
61
105
111
116
187
189
235
277
280
298
328
331
351
352
358
360
366
400
402
422
451
460
481
501
526
531
533
544
559
562
580
605
614
619
624
632
649
676
706
768
772
780
794
799
814
819
839
879
888
910
926
969
984
1015
1049
1063
1097
1161
1176
1225
1264
1273
1285
1298
1302
1353
1354
1395
1397
1425
1428
1491
1494
1529
1559
1565
1655
1712
1726
1728
1749
1782
1784
1805
1853
1868
1870
1946
1948
1982
1991
2018
2084
2087
2125
2137
2176
2210
2254
2269
2320
2346
2369
2371
2394
163
134
122
136
57
36
45
96
150
86
156
121
84
72
8
130
161
102
39
115
87
153
111
125
133
135
7
68
77
42
104
94
60
149
47
26
100
46
114
107
95
28
53
93
75
18
13
74
123
155
22
17
147
82
151
52
9
50
58
63
142
33
152
35
92
128
129
117
158
69
108
25
138
31
141
27
109
146
55
124
120
19
71
89
2
90
132
157
118
54
127
91
99
66
78
83
5
4
126
140
119
131
40
144
98
73
10
30
67
137
16
15
49
112
79
1
110
88
143
41
12
62
29
56
103
81
116
3
51
148
76
24
0
11
14
48
105
6
64
59
38
162
34
32
106
43
61
113
85
97
21
101
70
145
44
20
65
160
139
80
23
154
37
159
