651
13
20
28
29
31
36
39
43
44
46
49
55
57
58
61
65
68
73
76
81
87
97
98
99
108
110
116
119
122
127
129
130
134
137
141
143
144
145
148
150
151
153
157
159
161
164
168
169
172
173
175
177
180
181
183
184
186
187
191
196
199
203
204
205
208
210
213
214
218
219
223
227
228
230
231
234
235
237
239
241
242
243
245
249
250
251
253
255
256
257
259
260
261
266
269
271
273
274
275
281
285
288
291
292
298
300
301
304
310
316
326
327
330
332
334
335
338
340
342
353
354
355
357
360
361
367
368
371
373
375
383
387
390
394
395
399
404
405
409
411
413
416
417
421
424
425
428
429
430
432
433
438
441
443
444
446
447
452
453
456
458
465
466
467
471
473
481
484
489
490
497
501
502
506
510
511
514
516
517
520
523
525
527
529
530
532
535
537
543
544
546
548
554
558
561
562
563
569
570
575
578
581
583
585
586
588
590
591
595
601
602
605
606
607
610
611
617
620
621
627
628
633
636
638
644
646
649
655
656
657
658
659
660
665
666
667
670
672
675
678
681
689
690
692
695
697
703
713
714
715
717
719
722
723
724
725
730
733
735
736
737
738
740
742
744
746
750
751
752
753
763
766
768
775
778
784
789
791
796
802
806
807
808
809
811
812
813
814
818
819
821
823
824
825
826
832
834
835
843
845
849
852
853
856
858
859
860
862
864
865
867
869
872
873
874
883
885
886
895
896
901
902
903
908
912
914
916
917
918
920
922
924
925
926
929
930
944
946
950
954
961
970
972
975
976
979
980
983
985
990
1002
1004
1005
1007
1013
1016
1017
1025
1030
1032
1033
1034
1038
1042
1052
1053
1061
1065
1066
1069
1070
1072
1076
1077
1078
1079
1086
1088
1094
1095
1098
1100
1106
1107
1110
1113
1119
1120
1121
1122
1123
1128
1129
1130
1133
1136
1137
1138
1140
1142
1144
1146
1148
1152
1153
1154
1157
1158
1170
1171
1173
1177
1178
1179
1180
1182
1187
1190
1191
1192
1193
1201
1202
1208
1217
1221
1222
1224
1226
1227
1229
1231
1232
1234
1238
1241
1247
1248
1254
1255
1257
1264
1266
1267
1271
1272
1275
1276
1278
1284
1288
1289
1292
1295
1310
1317
1318
1321
1325
1326
1327
1328
1333
1334
1335
1336
1338
1344
1347
1360
1361
1371
1372
1375
1376
1378
1381
1384
1395
1396
1398
1400
1401
1403
1410
1413
1415
1416
1418
1420
1421
1425
1429
1431
1432
1435
1436
1437
1440
1442
1445
1446
1448
1450
1451
1452
1454
1461
1463
1464
1466
1467
1468
1471
1472
1473
1475
1479
1485
1486
1488
1492
1495
1497
1498
1500
1502
1503
1505
1507
1508
1510
1514
1516
1518
1519
1526
1531
1533
1534
1535
1541
1542
1543
1544
1545
1551
1553
1554
1555
1557
1558
1569
1570
1571
1572
1573
1575
1578
1582
1584
1586
1589
1594
1598
1599
1601
1604
1613
1617
1619
1622
1626
1628
1629
1631
1632
1636
1638
1642
1644
1647
1648
1649
1651
1652
1653
1654
1656
1660
1663
1665
1668
1672
1674
1677
1680
1681
1682
1686
1687
1693
1697
1700
1707
1709
1710
1711
1713
1714
1715
1716
1717
1719
1720
1722
1726
1729
1733
1735
1736
1741
1744
1749
1751
1757
1759
1762
1763
1770
1771
1779
1781
1783
1787
1792
1794
1795
1800
1801
1806
1808
1810
1817
1823
1828
1829
1830
1832
1834
1838
157
106
88
19
100
145
84
41
51
97
103
57
27
16
73
146
110
67
76
162
23
101
42
64
86
0
15
94
138
17
48
150
26
122
43
135
65
46
128
154
6
22
21
60
113
34
163
8
20
107
18
143
118
36
120
137
1
29
136
14
153
139
85
31
79
87
72
149
70
105
49
130
151
52
4
45
39
95
28
9
69
66
68
134
108
58
7
155
117
109
148
160
132
77
82
71
142
144
44
81
119
24
10
80
99
54
123
93
116
53
133
98
61
121
37
5
55
91
141
126
30
40
32
102
104
125
2
147
90
25
114
83
47
56
63
161
59
75
112
38
62
35
13
158
92
164
12
115
124
156
131
129
50
140
111
159
3
157
