75
86
99
116
129
147
152
192
228
297
311
317
320
327
330
333
378
417
427
459
520
540
576
599
641
670
694
707
712
729
734
763
774
782
808
810
854
863
878
935
960
982
1010
1031
1039
1053
1089
1097
1153
1168
1219
1238
1297
1335
1381
1389
1392
1396
1424
1460
1462
1471
1547
1593
1638
1646
1667
1703
1716
1724
1760
1761
1778
1789
1813
1829
112
113
17
143
154
66
124
147
149
146
144
135
64
93
127
33
163
164
2
121
8
150
118
117
134
158
119
28
34
53
76
108
94
86
42
80
60
82
70
27
104
115
130
25
54
6
30
87
48
122
63
137
95
90
67
155
69
47
49
159
162
22
45
37
24
46
101
81
19
62
11
78
161
136
145
141
4
29
157
92
123
152
12
138
111
21
148
61
52
36
107
156
15
32
18
142
26
79
65
126
129
50
13
43
102
153
110
10
128
125
160
140
55
