149
18
40
42
45
52
59
66
71
77
78
80
89
109
112
135
138
148
161
166
169
182
185
190
195
209
227
228
229
238
240
241
253
254
260
263
270
280
290
293
299
305
307
310
312
318
320
341
354
358
359
369
372
379
384
387
396
398
416
419
421
424
429
430
455
467
468
472
474
483
489
499
516
518
534
551
552
559
564
568
569
579
582
586
592
593
600
604
605
647
676
691
696
698
715
716
725
733
749
752
754
756
759
761
766
769
773
784
789
799
806
825
840
846
871
873
874
882
890
891
893
894
902
908
909
914
915
936
937
948
952
962
968
972
973
976
978
989
1012
1018
1019
1020
1025
1032
1046
1055
1063
1088
1103
1107
74
55
48
18
20
27
47
1
3
80
7
35
75
67
34
46
58
56
72
23
2
69
83
21
26
68
43
66
17
31
41
11
63
49
81
0
40
5
9
60
37
78
84
13
57
65
33
53
51
16
42
29
70
15
76
62
73
19
85
64
4
38
77
36
10
22
25
54
79
14
8
59
45
6
82
