112
17
33
39
57
76
79
95
120
122
140
148
163
207
245
246
253
272
317
320
357
367
416
418
460
474
500
502
507
513
519
522
553
587
607
647
718
720
764
782
790
816
886
961
984
1013
1025
1067
1097
1139
1156
1179
1182
1189
1190
1208
1235
1281
1296
1340
1342
1345
1347
1354
1440
1442
1443
1478
1504
1514
1530
1532
1564
1592
1597
1603
1610
1616
1619
1621
1645
1676
1688
1693
1695
1700
1788
1817
1830
1849
1924
1925
1960
1966
1978
1992
2015
2031
2037
2089
2096
2136
2144
2146
2175
2186
2227
2248
2312
2329
2383
2419
2422
162
73
10
39
144
87
4
1
79
55
46
93
7
83
54
110
40
104
154
101
50
120
23
138
57
86
37
126
85
100
74
88
91
141
103
32
28
41
92
61
135
148
62
157
66
142
9
30
121
58
109
94
60
107
5
72
152
77
69
98
125
96
67
111
71
129
29
137
127
156
119
18
162
136
81
145
26
108
68
112
51
17
116
130
160
149
159
52
38
89
151
2
0
131
35
80
12
59
15
31
140
24
3
139
102
99
97
13
49
42
158
22
56
76
150
65
53
90
113
161
134
45
115
44
124
118
78
128
70
123
122
153
64
34
11
8
146
75
132
155
20
6
63
117
16
106
19
143
36
33
27
105
48
14
147
21
25
47
43
133
84
95
82
