149
32
42
43
73
76
77
78
88
91
94
100
106
118
120
124
129
134
141
152
160
162
165
170
172
177
185
187
225
227
233
234
235
238
242
249
250
251
252
253
254
255
260
263
275
276
285
298
302
305
316
322
332
345
346
356
366
370
372
390
392
401
404
410
417
436
437
448
451
453
456
457
460
478
480
481
482
483
485
488
489
495
498
506
512
519
522
527
528
539
572
575
582
583
591
608
613
620
622
627
642
651
661
662
678
683
706
710
713
717
725
728
729
753
755
784
814
826
834
836
843
853
856
857
858
860
867
881
886
923
926
928
935
944
957
959
982
993
995
1000
1005
1011
1013
1027
1030
1071
1078
1080
1082
1096
66
74
42
73
72
12
59
61
67
43
10
68
11
66
85
52
2
76
45
6
51
20
44
32
19
39
27
79
3
16
81
64
84
78
36
35
58
0
50
30
46
75
40
5
31
23
41
70
28
60
29
22
77
82
63
55
13
26
1
4
56
54
34
47
65
69
53
