112
4
89
92
104
194
218
219
221
251
252
270
315
343
366
367
388
416
440
460
485
499
529
579
585
591
615
654
660
692
698
710
740
757
759
760
763
796
850
869
931
958
962
979
991
1004
1021
1054
1074
1078
1087
1107
1116
1136
1145
1152
1174
1218
1237
1260
1296
1340
1358
1374
1382
1385
1398
1405
1408
1409
1448
1498
1506
1550
1588
1605
1653
1669
1723
1736
1756
1778
1788
1847
1854
1855
1917
1921
1970
1981
2036
2045
2052
2072
2084
2096
2099
2110
2130
2135
2141
2146
2151
2243
2263
2267
2269
2323
2390
2408
2414
2427
2433
149
85
42
111
61
146
6
28
161
135
74
90
50
124
39
142
5
82
8
52
59
79
55
27
114
33
113
141
73
87
109
23
19
159
128
80
145
7
115
46
18
2
68
26
3
144
151
72
24
147
13
4
97
93
150
0
17
63
148
118
34
57
48
155
20
32
65
130
51
126
62
110
1
14
70
11
106
119
158
69
86
112
91
40
37
137
131
44
139
29
152
98
140
122
134
12
78
160
92
10
30
100
121
75
107
99
102
81
127
54
71
103
154
88
31
15
35
104
149
153
16
45
133
21
136
105
117
56
156
116
41
83
22
84
43
96
76
58
66
123
95
120
132
94
108
143
101
138
162
125
