149
43
45
57
60
72
73
90
96
106
116
119
120
122
123
134
141
149
172
176
181
183
185
188
190
195
202
218
219
220
232
234
239
245
254
255
257
264
267
272
274
288
304
305
306
315
345
347
349
352
358
372
383
399
400
402
406
407
410
411
415
422
423
432
447
453
472
475
487
495
502
505
522
530
533
570
571
578
580
581
583
587
598
604
615
622
624
626
632
634
647
654
655
660
665
668
669
676
690
696
705
707
720
731
732
740
752
766
774
778
780
800
801
814
826
837
839
843
858
864
880
881
893
896
899
900
905
913
929
951
956
957
965
970
972
974
977
978
998
1015
1022
1027
1028
1031
1033
1054
1088
1096
1098
1102
76
66
1
16
76
24
85
20
28
36
25
15
80
26
2
0
61
84
56
38
3
4
35
67
58
87
42
6
54
47
57
9
37
70
83
65
75
55
45
17
68
78
49
69
51
81
53
30
22
72
19
27
60
74
62
11
73
7
48
43
52
21
86
63
64
41
5
18
12
79
39
29
14
8
71
77
10
