276
14
23
32
34
43
46
59
60
90
92
94
97
99
128
130
133
140
141
143
155
170
182
205
208
231
239
243
264
282
291
292
296
301
306
317
344
349
357
371
376
380
383
403
405
435
440
475
479
487
489
490
495
516
522
526
534
542
564
589
612
613
614
623
627
632
637
662
664
684
692
693
694
700
702
714
723
733
744
748
766
767
780
789
795
804
841
871
883
911
933
942
947
963
971
975
999
1000
1002
1017
1020
1029
1031
1051
1056
1057
1079
1087
1088
1092
1093
1099
1125
1138
1152
1153
1162
1166
1171
1172
1184
1185
1199
1219
1234
1244
1251
1265
1274
1285
1294
1298
1301
1303
1304
1328
1331
1335
1336
1338
1356
1371
1374
1382
1389
1393
1394
1406
1409
1426
1436
1451
1471
1472
1478
1483
1485
1488
1489
1494
1495
1507
1509
1518
1524
1536
1552
1554
1570
1581
1595
1596
1611
1619
1626
1630
1643
1648
1652
1654
1668
1675
1682
1685
1686
1697
1710
1711
1728
1729
1737
1752
1762
1763
1773
1797
1802
1803
1809
1827
1833
1856
1858
1865
1890
1894
1895
1904
1922
1928
1942
1954
1976
2002
2003
2024
2025
2043
2045
2049
2055
2082
2092
2094
2108
2110
2111
2119
2120
2126
2139
2153
2178
2185
2190
2216
2225
2234
2241
2269
2272
2274
2292
2295
2299
2326
2336
2340
2343
2368
2380
2396
2407
2410
2429
2444
2449
2468
2473
2474
2481
2484
2486
2491
2495
2497
2502
2517
2525
2536
2560
2576
2583
2586
2597
2603
2620
160
159
97
86
131
4
135
123
73
7
26
79
157
37
30
107
112
128
69
88
144
41
22
133
113
6
44
46
90
9
115
116
48
109
98
11
53
13
126
58
68
49
141
76
85
10
71
104
160
56
75
60
59
146
92
0
142
2
145
93
40
24
23
94
151
31
8
57
106
74
52
51
110
156
87
130
3
89
103
62
12
152
78
64
105
18
20
83
129
101
114
148
47
5
120
125
65
25
63
137
121
35
42
66
154
119
72
153
100
155
111
139
61
127
150
108
132
19
43
28
34
95
45
55
50
122
117
136
21
118
84
81
77
33
140
36
149
16
99
138
124
39
134
15
27
54
38
80
67
96
29
102
158
147
82
1
32
143
14
70
17
