223
29
32
38
40
55
61
76
85
88
92
93
98
128
129
130
152
183
201
215
226
233
236
242
243
253
264
265
268
282
295
296
308
318
323
330
335
336
348
353
360
405
419
428
438
442
448
465
479
482
486
492
518
526
547
562
634
640
647
663
680
687
708
711
717
719
724
747
768
772
788
792
812
816
817
826
828
834
843
853
868
874
876
877
885
890
894
903
919
924
926
932
940
944
947
952
955
989
990
991
993
999
1027
1049
1062
1100
1106
1113
1131
1133
1154
1156
1159
1180
1198
1203
1207
1221
1223
1226
1230
1268
1275
1279
1296
1300
1307
1323
1328
1337
1341
1351
1374
1430
1447
1469
1494
1495
1512
1513
1526
1536
1549
1558
1606
1607
1629
1631
1635
1664
1667
1677
1680
1700
1704
1718
1722
1740
1744
1783
1784
1811
1813
1818
1827
1830
1831
1837
1839
1840
1857
1877
1878
1890
1909
1921
1951
1988
1990
1999
2008
2021
2027
2029
2037
2044
2054
2060
2108
2112
2122
2135
2146
2206
2210
2229
2242
2245
2246
2250
2259
2269
2273
2277
2284
2297
2298
2319
2327
2332
2342
2362
2376
2382
2401
2408
2451
2461
2468
2473
2498
2526
2540
2620
153
143
5
23
85
115
82
20
87
83
31
75
39
145
149
84
114
6
106
41
48
43
124
78
89
104
0
53
25
66
128
120
49
50
18
86
17
94
127
144
80
34
137
93
159
118
47
99
103
71
76
2
46
148
157
4
40
152
135
121
153
105
63
154
29
100
45
74
123
1
130
13
81
26
8
119
108
30
24
95
51
111
125
68
15
33
37
136
117
60
141
146
79
109
134
19
55
44
69
61
16
156
56
101
28
96
59
65
97
150
54
110
90
129
126
160
70
140
112
98
131
10
52
7
73
57
158
113
11
91
35
36
72
151
92
32
147
133
77
9
38
116
58
155
21
142
102
139
122
88
107
62
3
14
