139
4
54
76
103
110
127
178
205
265
267
268
295
300
321
334
369
408
411
434
435
450
463
474
516
521
523
540
545
568
579
620
624
648
667
671
727
752
757
762
814
822
839
855
880
884
906
914
923
933
960
975
988
992
1050
1068
1131
1173
1221
1225
1274
1304
1347
1357
1358
1373
1389
1408
1419
1439
1461
1481
1485
1487
1489
1492
1493
1513
1541
1565
1582
1605
1673
1701
1704
1711
1717
1721
1722
1776
1779
1789
1791
1834
1875
1877
1889
1890
1897
1905
1917
1932
1951
1970
1994
2003
2005
2015
2030
2043
2047
2065
2087
2095
2099
2110
2122
2144
2151
2156
2174
2181
2195
2242
2278
2293
2312
2320
2333
2334
2341
2352
2368
2378
2385
2400
2404
2408
2427
2433
162
140
127
89
135
43
8
3
91
52
105
147
28
57
6
21
58
130
137
47
120
106
34
141
143
96
98
30
41
158
150
18
26
136
68
134
124
155
46
35
97
92
123
82
104
13
73
5
118
38
22
45
15
24
85
159
148
66
117
2
103
153
131
157
63
77
115
54
162
19
128
50
88
0
29
7
94
161
144
156
53
151
121
112
70
113
4
12
69
55
129
17
83
20
72
71
90
107
86
81
31
14
111
75
67
9
62
42
145
76
40
51
119
11
132
61
95
27
84
114
74
48
87
36
116
39
138
23
64
93
80
133
149
99
78
126
100
122
25
139
109
142
108
49
10
125
33
101
152
79
16
37
56
1
32
102
146
60
59
44
154
160
110
