189
14
72
76
89
106
108
123
136
157
161
176
186
198
215
218
233
237
243
259
269
288
298
314
335
345
351
375
377
407
409
459
482
515
519
523
526
549
559
572
590
615
625
637
644
672
673
674
677
698
703
722
723
760
768
772
778
807
815
825
832
837
840
843
848
849
899
910
917
938
948
951
972
988
997
1009
1035
1041
1064
1066
1108
1123
1126
1137
1157
1168
1177
1197
1267
1269
1286
1289
1304
1311
1321
1338
1349
1356
1408
1419
1420
1423
1433
1451
1465
1500
1519
1540
1569
1572
1598
1604
1609
1632
1634
1657
1680
1685
1693
1697
1700
1706
1714
1723
1759
1764
1780
1783
1785
1799
1802
1823
1866
1867
1874
1880
1896
1929
1953
1955
1956
1958
1974
1978
1989
1997
2016
2039
2041
2046
2072
2086
2100
2123
2131
2139
2145
2159
2169
2174
2183
2213
2243
2245
2247
2269
2275
2279
2325
2356
2375
2376
2397
2420
2427
2433
2442
2452
2455
2475
2481
2531
2539
2548
2550
2563
2581
2589
2611
2615
154
80
106
11
85
5
158
51
37
143
54
93
147
55
26
38
111
145
61
64
94
133
53
31
33
10
35
84
114
131
40
86
81
122
32
17
52
90
99
119
46
1
6
136
82
123
117
29
2
19
20
18
139
77
23
152
129
101
91
135
92
74
59
7
121
124
97
110
66
108
4
30
78
120
28
148
8
127
45
57
16
60
105
98
49
144
15
68
138
47
0
146
107
25
156
113
132
76
34
65
128
126
103
125
13
3
89
73
72
79
63
112
71
102
39
149
14
36
42
134
115
41
157
104
83
58
56
96
22
43
48
155
140
21
70
160
44
75
118
9
87
27
142
159
150
130
109
116
95
153
12
50
24
69
151
