700
9
10
15
16
18
19
20
23
25
26
30
33
34
35
37
38
42
43
49
50
53
57
59
63
66
68
71
72
73
75
79
81
82
84
88
91
94
95
98
100
102
105
106
107
108
112
117
120
122
123
124
127
128
132
138
141
144
151
154
157
158
160
161
162
166
168
172
173
174
175
177
178
180
182
184
188
195
196
199
203
204
206
207
208
212
213
214
217
226
229
230
233
236
240
241
243
244
246
247
250
251
252
256
258
263
265
266
268
279
280
284
286
288
289
291
292
293
294
299
300
306
307
309
310
311
312
313
315
316
320
323
328
330
332
333
334
337
339
343
346
348
350
352
353
354
366
370
374
375
377
380
382
390
393
394
395
397
398
399
405
408
409
412
417
425
431
432
433
434
444
453
457
458
460
461
466
467
469
470
471
474
475
476
477
479
480
482
483
484
485
486
487
488
489
490
492
493
494
497
506
507
508
509
513
514
518
519
522
523
524
526
528
530
531
532
539
546
547
548
549
550
551
552
557
558
560
562
569
571
572
573
577
579
582
585
592
595
599
604
605
606
619
625
629
631
632
635
636
645
647
649
651
653
657
659
668
669
671
674
676
678
679
680
681
683
686
688
691
694
695
697
703
708
709
714
716
721
726
728
730
740
745
754
755
757
758
761
762
763
767
769
775
776
778
780
782
789
790
793
796
799
801
805
807
813
814
819
821
822
823
826
829
833
834
837
841
842
844
847
848
849
856
858
860
863
868
870
874
877
880
881
882
883
889
890
892
896
900
903
907
910
914
918
925
927
930
933
937
941
942
943
946
953
954
966
969
972
973
981
983
984
985
987
989
990
996
997
998
1000
1002
1003
1006
1012
1017
1018
1020
1021
1022
1024
1025
1032
1033
1035
1036
1038
1041
1044
1045
1047
1049
1052
1054
1055
1057
1058
1060
1062
1063
1064
1065
1066
1067
1068
1069
1070
1073
1077
1078
1083
1087
1088
1089
1092
1094
1095
1097
1103
1105
1111
1113
1114
1120
1124
1127
1128
1134
1142
1145
1146
1150
1151
1154
1155
1156
1159
1162
1169
1170
1171
1174
1175
1176
1177
1178
1181
1183
1186
1188
1189
1190
1193
1198
1199
1200
1203
1206
1208
1212
1216
1218
1221
1222
1226
1228
1230
1231
1234
1240
1243
1245
1247
1250
1256
1258
1268
1270
1276
1281
1283
1285
1287
1290
1293
1295
1297
1298
1301
1305
1306
1307
1317
1319
1320
1324
1326
1332
1337
1338
1341
1342
1343
1347
1348
1350
1357
1360
1365
1366
1369
1375
1377
1380
1381
1382
1383
1384
1386
1392
1393
1397
1398
1399
1402
1404
1410
1412
1413
1414
1416
1418
1419
1421
1422
1424
1425
1426
1427
1428
1429
1432
1434
1435
1436
1440
1441
1443
1445
1447
1453
1458
1459
1460
1461
1463
1468
1472
1474
1479
1480
1481
1483
1484
1488
1490
1491
1495
1497
1500
1502
1505
1509
1513
1518
1520
1522
1523
1528
1529
1532
1533
1534
1536
1542
1543
1546
1547
1549
1555
1558
1561
1566
1568
1573
1578
1579
1584
1585
1588
1590
1591
1592
1593
1594
1596
1597
1598
1599
1600
1603
1605
1606
1607
1608
1610
1611
1615
1618
1620
1621
1622
1624
1625
1628
1630
1632
1633
1642
1646
1651
1653
1654
1656
1658
1659
1661
1665
1668
1669
1671
1672
1674
1679
1681
1685
1686
1692
1693
1694
1698
1700
1704
1705
1707
1709
1715
1716
1721
1722
1725
1730
1735
1736
1738
1740
1741
1745
1746
1753
1759
1761
1762
1766
1769
1772
1773
1778
1780
1782
1786
1789
1790
1795
1797
1800
1801
1806
1807
1811
1812
1814
1815
1816
1818
1823
1828
1834
1835
1836
1838
1839
156
54
14
74
66
77
124
50
64
97
141
142
94
5
90
58
109
67
135
36
163
129
78
98
160
9
128
2
41
33
118
157
153
18
0
155
136
161
7
117
81
38
68
159
99
110
140
45
8
39
31
144
132
156
63
131
22
32
62
60
11
146
143
152
25
150
82
1
3
76
21
10
119
139
75
6
44
100
114
93
104
24
34
116
13
46
154
26
138
70
51
115
130
40
65
95
85
69
88
73
28
121
29
87
127
91
56
122
107
84
12
120
111
19
71
37
72
49
96
53
123
30
149
42
148
47
17
164
162
147
4
125
20
112
61
59
158
48
133
106
103
27
145
35
105
80
16
89
15
102
108
57
151
79
43
55
134
