270
18
32
33
40
47
74
92
112
115
119
128
129
138
147
154
163
182
189
194
210
215
224
268
271
279
303
314
326
329
332
344
355
370
373
378
380
381
396
398
410
449
451
454
461
462
467
488
495
514
521
522
544
545
546
579
588
590
592
595
600
603
609
616
625
646
654
662
673
684
704
715
722
748
756
759
767
786
793
801
803
816
843
859
881
882
890
896
898
901
917
918
941
949
954
969
976
982
996
1012
1017
1027
1035
1045
1047
1050
1056
1057
1062
1092
1102
1121
1122
1126
1147
1167
1174
1175
1188
1213
1215
1217
1225
1230
1235
1245
1260
1276
1281
1299
1301
1304
1307
1308
1316
1318
1320
1340
1341
1352
1355
1378
1388
1390
1395
1400
1404
1415
1416
1418
1439
1450
1452
1454
1456
1467
1468
1472
1474
1476
1477
1488
1524
1535
1541
1546
1553
1562
1577
1593
1596
1599
1603
1615
1619
1629
1651
1653
1696
1716
1720
1722
1757
1782
1793
1815
1817
1829
1832
1838
1840
1849
1861
1868
1869
1876
1892
1897
1917
1931
1933
1937
1941
1946
1967
1977
1988
2001
2015
2020
2041
2058
2069
2072
2097
2098
2123
2129
2139
2143
2146
2147
2150
2170
2177
2178
2196
2199
2204
2218
2221
2224
2238
2244
2245
2256
2258
2264
2267
2269
2277
2300
2305
2311
2316
2318
2323
2347
2356
2361
2372
2382
2408
2418
2422
2423
2437
2453
2471
2490
2508
2525
2542
2559
2574
2581
2582
2601
2606
2610
2618
154
15
154
90
44
107
1
28
73
83
141
116
92
129
45
93
144
137
54
128
14
68
3
0
89
18
57
152
125
140
64
117
91
74
7
52
95
160
70
131
100
31
19
75
25
2
149
21
36
55
10
120
121
119
11
138
146
72
101
61
58
123
108
159
106
29
43
105
67
145
12
153
37
157
56
77
150
30
109
156
82
27
115
59
79
97
38
17
142
8
126
41
4
47
112
13
46
113
22
42
148
136
69
40
34
78
102
26
6
151
80
71
49
130
65
98
114
32
96
99
85
23
50
9
39
20
122
53
16
110
86
24
94
81
135
84
111
76
133
118
124
139
134
51
132
60
158
5
48
127
155
33
35
87
66
