70
40
46
63
88
171
214
267
311
334
369
371
467
474
476
521
549
556
576
618
619
698
710
731
738
763
772
807
813
832
845
847
848
853
910
926
932
964
990
1007
1040
1060
1074
1077
1146
1158
1164
1171
1192
1230
1246
1253
1259
1260
1300
1313
1367
1417
1452
1545
1557
1572
1579
1584
1589
1646
1654
1655
1709
1779
1781
118
73
9
130
51
20
54
83
149
143
16
60
136
64
22
96
132
119
138
62
39
77
63
30
127
131
43
13
104
159
102
120
81
139
45
114
31
101
141
91
89
41
121
32
28
115
113
103
85
90
106
35
150
154
95
164
76
92
134
0
19
84
67
65
42
146
70
48
140
128
161
29
50
93
14
123
148
112
118
15
21
152
61
71
111
55
117
153
49
10
142
1
17
6
47
33
24
135
72
137
162
79
58
125
5
44
34
2
94
129
56
126
163
108
107
122
100
59
116
