67
125
151
222
297
301
314
346
407
412
414
443
476
479
482
498
506
541
547
549
560
569
596
678
680
685
761
790
810
812
848
907
920
921
934
975
987
1000
1025
1032
1072
1115
1132
1139
1146
1151
1169
1201
1214
1240
1278
1299
1365
1394
1459
1473
1510
1528
1529
1595
1620
1657
1687
1706
1724
1770
1794
1806
118
17
31
128
138
92
140
37
130
143
106
88
148
161
97
150
101
98
114
149
5
84
11
132
59
113
87
158
18
39
76
112
19
162
89
13
54
65
3
20
86
45
46
41
50
103
72
124
38
137
120
80
24
157
105
125
123
139
155
122
110
83
78
95
43
111
12
153
147
4
160
60
55
99
131
63
154
77
129
67
64
85
75
42
79
159
29
71
7
8
144
117
14
151
23
9
56
135
73
30
102
107
26
68
91
133
49
0
163
142
27
16
108
6
100
44
51
58
82
