118
34
139
173
183
194
229
247
249
300
302
322
334
368
369
379
397
400
418
460
472
483
508
544
571
573
584
591
608
621
646
654
672
681
690
717
719
780
782
858
868
884
968
998
1024
1031
1043
1085
1110
1120
1166
1216
1242
1344
1351
1375
1396
1442
1445
1446
1465
1507
1516
1555
1582
1590
1612
1636
1685
1687
1691
1709
1713
1793
1812
1820
1835
1882
1886
1916
1919
1926
1959
1981
1990
2022
2025
2026
2027
2035
2042
2055
2061
2065
2067
2098
2110
2118
2161
2162
2198
2199
2216
2244
2262
2269
2309
2323
2333
2350
2359
2377
2384
2390
2391
2398
2399
2407
2439
153
97
135
26
56
143
161
32
147
160
36
95
31
115
74
104
110
126
42
66
73
93
48
5
102
87
150
13
139
96
114
153
43
63
151
119
50
1
37
84
88
11
45
85
137
52
133
92
111
105
116
86
28
122
136
157
15
58
30
38
134
78
62
146
154
46
67
19
49
106
152
80
71
101
100
109
120
128
16
54
3
127
77
8
44
57
99
10
113
79
130
68
7
159
125
6
108
65
55
53
76
35
70
83
39
112
20
162
131
94
117
148
14
0
107
29
41
132
103
21
4
156
33
24
81
123
27
90
18
9
59
129
60
142
144
89
22
61
98
69
145
149
158
121
141
118
51
75
138
34
47
91
2
72
