80
29
139
141
154
201
212
231
239
248
251
253
255
291
293
320
373
376
402
467
489
490
512
564
577
578
616
665
675
676
695
700
763
814
874
880
902
909
928
977
1016
1028
1029
1052
1102
1105
1114
1129
1130
1250
1261
1282
1283
1289
1305
1328
1363
1371
1402
1411
1446
1453
1461
1466
1468
1486
1509
1551
1603
1619
1646
1655
1665
1669
1685
1718
1737
1750
1760
1793
1810
123
6
149
138
127
5
15
64
56
62
89
65
96
106
112
31
52
50
129
13
100
66
159
0
128
107
95
132
84
57
93
78
123
72
142
20
162
152
133
94
120
158
77
3
150
41
1
68
99
161
45
153
21
16
136
82
131
164
55
117
118
75
141
91
2
8
61
38
97
101
144
53
71
48
86
43
10
39
81
102
122
4
30
108
73
63
29
137
116
140
146
134
103
79
160
18
51
76
54
36
151
74
143
80
148
25
42
130
37
92
90
33
87
40
23
34
28
88
26
59
69
155
124
17
