236
47
55
68
75
79
83
90
92
97
135
159
179
190
191
202
211
227
249
276
277
289
290
299
320
325
345
347
355
356
361
370
376
379
384
395
397
415
418
425
433
445
452
455
469
470
471
477
481
484
489
491
496
504
512
526
554
581
587
596
601
608
628
635
638
640
646
699
700
709
725
730
738
748
761
775
822
843
859
861
873
895
908
909
912
913
922
944
975
989
990
991
999
1013
1043
1048
1052
1063
1065
1072
1089
1117
1123
1164
1166
1169
1172
1206
1217
1234
1245
1253
1286
1287
1343
1353
1379
1383
1400
1458
1464
1483
1493
1494
1496
1516
1535
1537
1541
1548
1552
1555
1562
1575
1582
1585
1588
1590
1591
1601
1602
1604
1624
1636
1639
1651
1683
1710
1724
1731
1738
1746
1757
1786
1809
1810
1815
1820
1823
1826
1842
1850
1877
1897
1909
1936
1940
1944
1950
1955
1961
1965
1966
1968
1991
2005
2019
2025
2036
2042
2058
2060
2084
2090
2097
2105
2111
2122
2157
2162
2173
2180
2199
2221
2232
2237
2245
2269
2270
2271
2273
2277
2292
2303
2304
2306
2307
2311
2337
2342
2352
2363
2368
2378
2379
2386
2409
2419
2422
2425
2459
2468
2506
2522
2523
2525
2529
2544
2550
2551
2557
2561
2568
2588
2600
2609
2621
154
57
134
142
141
137
160
54
10
26
153
18
132
45
108
99
143
82
17
16
110
80
85
159
56
27
1
41
91
155
58
130
62
118
156
124
139
104
157
129
152
79
121
114
19
2
50
97
93
40
145
73
92
7
6
34
61
77
138
87
151
107
51
47
119
53
131
68
0
126
103
13
52
127
101
154
49
5
94
102
86
42
22
72
28
38
69
30
78
21
158
75
67
74
44
35
14
29
83
9
4
84
81
88
46
70
60
3
100
111
149
95
122
71
8
147
76
25
112
148
48
32
113
144
96
128
146
115
89
136
24
98
116
39
31
125
140
15
33
20
23
66
37
36
123
133
135
90
43
11
59
12
117
64
65
