280
4
14
17
24
39
89
91
118
143
154
155
163
164
167
175
180
191
203
227
245
253
262
271
277
290
294
299
304
321
332
340
341
361
373
377
387
389
405
418
419
424
432
438
441
453
456
466
468
484
494
512
527
533
536
548
579
585
588
592
593
685
711
726
735
736
751
763
769
773
782
788
790
799
802
812
823
863
866
868
872
909
918
923
924
925
938
945
949
950
961
968
980
987
999
1001
1003
1024
1033
1034
1035
1047
1079
1089
1090
1094
1106
1116
1125
1137
1150
1163
1175
1177
1187
1189
1191
1205
1208
1209
1220
1260
1273
1280
1292
1302
1305
1312
1324
1343
1345
1357
1359
1379
1432
1433
1434
1445
1457
1461
1464
1494
1507
1522
1527
1531
1533
1542
1543
1550
1568
1578
1581
1583
1599
1605
1609
1610
1617
1628
1638
1642
1660
1665
1667
1686
1687
1696
1714
1715
1724
1734
1742
1752
1758
1763
1764
1765
1781
1789
1799
1802
1816
1826
1832
1837
1844
1852
1858
1864
1865
1866
1869
1879
1882
1895
1897
1910
1912
1916
1918
1923
1931
1940
1943
1950
1954
1958
1963
1980
2005
2006
2023
2032
2062
2064
2073
2082
2085
2090
2101
2114
2123
2124
2128
2130
2140
2144
2149
2153
2163
2173
2175
2178
2197
2203
2209
2212
2221
2228
2241
2242
2254
2277
2303
2307
2325
2361
2380
2385
2398
2420
2424
2433
2441
2453
2458
2462
2464
2472
2477
2486
2492
2503
2508
2512
2514
2517
2523
2524
2529
2531
2535
2541
2558
2561
2578
2585
2589
2601
2613
161
160
10
138
38
54
103
57
134
118
95
34
127
56
129
22
98
13
85
80
68
144
100
112
122
159
1
154
29
2
73
9
96
92
142
104
51
91
121
35
151
101
139
113
8
40
76
60
135
64
115
152
86
132
25
46
55
50
28
11
114
149
106
133
136
72
74
83
15
0
23
158
99
21
42
108
81
61
130
87
32
44
49
27
52
6
62
48
7
84
18
128
30
126
146
119
17
94
105
117
120
140
131
3
153
143
65
97
59
63
19
75
141
12
24
102
123
71
111
148
156
47
4
157
67
58
37
79
16
93
14
69
137
145
78
43
41
125
82
70
77
150
36
89
53
147
155
33
66
88
20
45
107
110
31
109
39
90
116
124
26
5
