240
1
7
14
17
24
26
40
44
46
55
56
74
81
86
122
127
137
169
178
182
197
203
212
215
217
220
231
235
236
239
245
262
269
297
314
326
344
345
356
367
378
382
385
387
397
418
423
457
468
484
494
501
508
515
532
537
542
543
550
561
571
583
584
585
596
624
687
689
691
705
714
718
741
754
756
769
782
796
809
813
817
821
831
853
864
873
891
892
902
910
922
944
954
965
972
995
1002
1011
1030
1051
1086
1090
1099
1130
1132
1145
1166
1169
1171
1178
1179
1185
1189
1214
1259
1261
1305
1318
1326
1342
1343
1349
1352
1355
1367
1369
1374
1379
1388
1430
1450
1463
1472
1491
1494
1508
1512
1525
1544
1568
1593
1614
1617
1624
1627
1636
1639
1660
1690
1715
1717
1721
1736
1738
1740
1755
1758
1772
1775
1782
1783
1785
1794
1798
1800
1825
1828
1839
1849
1863
1864
1876
1880
1893
1899
1900
1909
1956
1965
1980
1987
1993
1994
1999
2052
2053
2055
2056
2060
2063
2101
2107
2109
2112
2115
2122
2123
2125
2134
2137
2176
2180
2196
2206
2226
2235
2265
2270
2279
2308
2310
2311
2323
2332
2351
2357
2369
2370
2371
2389
2391
2400
2409
2419
2422
2427
2433
2466
2471
2472
2479
2483
2541
2556
2563
2580
2587
2593
2604
2622
161
73
49
144
96
117
102
123
141
32
157
137
127
63
12
148
92
37
150
134
56
152
55
22
71
97
53
42
18
31
23
15
82
30
80
2
61
68
11
95
34
13
84
10
99
38
140
66
58
27
4
6
126
93
154
5
160
45
101
113
155
104
21
149
72
135
133
156
25
128
54
110
50
125
17
28
41
3
39
108
77
46
131
153
26
145
143
116
1
57
158
8
40
14
43
91
59
114
139
103
47
35
78
132
51
130
88
79
122
100
81
98
44
70
69
24
19
0
89
147
120
67
136
142
111
124
87
105
36
118
112
90
83
106
16
52
75
7
151
62
85
29
109
94
48
115
76
74
64
119
121
20
107
60
159
129
65
146
33
138
9
86
