679
8
10
14
21
23
30
31
33
34
37
39
43
48
51
52
54
59
61
64
67
73
77
87
90
92
94
95
96
100
101
104
112
114
118
119
124
131
134
136
137
139
140
141
144
146
147
152
155
157
158
160
164
170
175
176
178
180
181
183
185
186
187
188
193
199
200
204
208
209
214
216
217
219
220
224
233
237
240
242
243
245
250
252
255
256
258
259
261
263
268
269
271
272
273
277
278
284
285
293
296
297
304
309
314
316
317
318
321
322
327
330
331
333
334
335
336
338
340
341
343
345
346
350
355
358
361
362
364
371
376
378
382
384
396
397
400
405
410
416
418
420
424
428
429
432
434
436
441
442
452
453
456
457
458
460
461
465
466
468
470
474
476
477
481
491
492
496
498
500
503
505
509
516
519
520
522
525
529
546
547
549
556
560
561
562
565
570
572
573
575
576
579
580
587
588
590
591
595
596
598
601
603
605
607
611
618
621
624
632
637
643
645
648
649
650
656
660
661
663
665
666
667
668
669
670
674
678
686
687
689
694
696
697
700
704
707
708
709
712
713
720
723
724
725
726
729
733
736
741
744
746
747
748
749
759
761
764
765
769
771
772
776
780
781
782
787
789
791
793
795
797
798
799
801
802
803
805
807
808
811
814
816
822
823
827
829
832
836
838
839
842
845
847
851
854
857
858
859
860
862
864
865
866
868
870
871
872
873
874
875
877
878
880
881
884
887
895
897
903
905
909
910
911
912
913
918
919
920
922
926
927
929
932
934
936
940
942
943
945
953
954
958
961
962
966
967
970
972
973
974
980
982
984
985
992
994
995
996
997
1002
1005
1007
1010
1013
1014
1015
1016
1017
1019
1023
1024
1026
1027
1028
1030
1031
1032
1035
1037
1041
1044
1052
1054
1055
1056
1062
1063
1064
1070
1071
1073
1078
1083
1084
1087
1089
1090
1093
1094
1101
1103
1104
1107
1108
1109
1110
1114
1119
1122
1124
1126
1128
1130
1135
1137
1138
1139
1148
1152
1154
1160
1163
1165
1167
1179
1180
1182
1183
1187
1193
1197
1198
1200
1201
1204
1205
1206
1207
1210
1211
1212
1214
1217
1218
1219
1220
1221
1224
1225
1226
1228
1231
1234
1236
1237
1238
1239
1242
1244
1246
1251
1261
1263
1270
1271
1272
1273
1278
1281
1283
1284
1291
1292
1293
1295
1301
1302
1304
1307
1311
1314
1319
1321
1324
1326
1328
1329
1331
1334
1335
1340
1344
1345
1346
1353
1354
1355
1356
1357
1358
1359
1362
1367
1368
1370
1373
1374
1379
1382
1383
1384
1386
1390
1393
1396
1397
1398
1399
1404
1406
1410
1411
1412
1415
1416
1429
1431
1432
1433
1435
1449
1451
1454
1455
1462
1463
1464
1465
1469
1471
1472
1475
1477
1481
1482
1485
1486
1489
1490
1493
1496
1498
1499
1500
1503
1507
1508
1509
1510
1512
1513
1517
1521
1524
1526
1528
1533
1537
1538
1543
1544
1545
1548
1551
1553
1558
1563
1564
1567
1569
1570
1571
1573
1577
1578
1579
1584
1587
1595
1596
1598
1605
1607
1609
1612
1616
1624
1625
1627
1628
1631
1634
1636
1637
1642
1644
1648
1650
1653
1659
1662
1664
1665
1667
1670
1671
1672
1674
1675
1677
1685
1688
1692
1694
1697
1698
1700
1702
1703
1704
1708
1713
1716
1720
1721
1724
1726
1727
1730
1733
1734
1735
1738
1741
1743
1745
1749
1750
1751
1752
1756
1757
1759
1763
1765
1769
1770
1772
1773
1774
1780
1783
1784
1786
1789
1791
1796
1801
1804
1809
1818
1823
1824
1826
1828
1829
1831
1836
1840
158
56
83
118
35
57
85
76
40
12
26
8
81
0
53
29
79
146
143
69
60
54
161
149
148
9
4
140
27
90
39
42
51
46
141
137
44
48
97
154
84
129
127
47
70
6
66
162
64
117
14
10
102
103
150
1
68
147
38
121
100
24
28
20
22
13
5
156
63
160
159
111
128
11
31
43
145
86
49
155
119
163
138
19
52
72
136
21
109
30
92
132
34
58
15
99
116
113
50
16
94
115
62
130
107
110
106
105
77
125
139
36
65
87
82
93
164
101
67
134
25
17
78
126
45
7
18
96
120
89
61
33
59
144
122
55
98
114
88
37
3
104
123
2
133
80
91
108
124
41
151
153
135
158
112
157
95
75
32
