245
14
34
76
87
94
97
113
115
119
139
172
191
198
200
226
232
237
260
287
293
295
297
307
326
346
351
355
367
368
384
392
399
401
407
414
432
445
456
462
463
487
512
524
535
539
540
547
555
571
578
583
590
605
613
622
624
645
656
664
668
700
705
719
720
732
749
755
757
771
773
781
806
807
808
820
828
842
855
859
877
935
946
969
978
984
989
997
1000
1002
1004
1009
1046
1047
1057
1061
1076
1106
1126
1139
1140
1146
1150
1162
1176
1184
1192
1212
1245
1248
1279
1285
1287
1311
1331
1337
1339
1342
1354
1357
1361
1380
1398
1400
1405
1443
1451
1457
1462
1468
1472
1492
1502
1512
1514
1515
1544
1554
1566
1568
1579
1585
1615
1635
1648
1660
1673
1678
1697
1699
1700
1706
1712
1719
1722
1733
1735
1745
1769
1775
1786
1793
1794
1800
1804
1824
1830
1865
1879
1883
1884
1886
1887
1903
1906
1912
1948
1951
1981
1988
1994
1997
1999
2022
2053
2061
2074
2076
2083
2085
2088
2094
2102
2105
2116
2117
2122
2141
2146
2150
2161
2176
2178
2179
2194
2203
2219
2245
2246
2256
2266
2269
2271
2281
2304
2321
2331
2334
2335
2344
2350
2371
2373
2377
2383
2392
2393
2399
2415
2432
2463
2479
2498
2500
2501
2503
2506
2530
2551
2556
2570
2576
2587
2597
2613
2623
161
10
27
124
1
45
112
25
99
137
117
80
69
92
72
37
26
130
84
47
77
157
63
51
154
120
151
127
36
123
106
32
18
138
134
28
14
74
158
147
54
34
56
95
78
38
17
15
43
12
42
133
3
30
128
79
44
135
142
50
144
89
87
73
90
23
94
52
85
132
53
68
88
55
70
131
21
71
65
113
64
76
126
20
136
35
159
60
139
8
105
67
155
100
152
57
66
0
22
19
119
96
62
145
86
102
110
29
111
24
49
125
108
93
141
97
121
13
114
5
148
140
116
83
109
104
129
101
46
143
40
82
33
75
98
103
81
150
59
11
153
146
4
149
61
115
7
122
16
160
48
107
2
6
118
39
156
41
9
91
31
58
