119
0
34
39
49
55
58
76
121
126
132
149
170
174
198
216
260
262
326
330
382
436
450
457
462
482
507
542
553
566
589
592
595
596
639
690
721
731
747
825
828
870
895
934
957
959
1023
1029
1055
1076
1096
1104
1107
1114
1194
1195
1250
1257
1274
1279
1345
1353
1384
1400
1408
1412
1426
1434
1442
1471
1505
1540
1559
1594
1597
1669
1681
1736
1745
1784
1798
1801
1824
1831
1843
1852
1855
1867
1877
1892
1894
1902
1914
1917
1924
1927
1944
1954
1957
1966
1987
1994
1999
2016
2020
2027
2098
2122
2143
2154
2276
2297
2301
2305
2319
2330
2402
2427
2435
2436
163
131
96
84
44
144
145
115
162
58
98
69
54
22
121
70
37
152
38
67
9
64
73
143
14
76
157
25
85
68
17
120
40
134
159
21
74
34
35
12
16
119
65
153
2
130
59
20
154
86
31
62
11
0
4
148
141
91
116
92
75
49
123
93
113
1
83
139
56
15
72
151
79
42
160
28
47
133
63
106
80
105
125
7
87
52
99
124
146
71
51
155
55
41
147
132
122
18
50
109
127
97
89
8
24
57
94
108
29
13
26
82
129
43
142
39
90
156
95
27
150
128
30
149
118
53
5
158
161
48
61
23
101
88
32
136
77
102
110
114
36
117
19
137
33
3
112
45
103
126
78
135
107
104
111
46
140
81
100
138
66
6
10
60
