123
86
120
144
149
154
170
212
222
232
257
265
287
291
315
333
343
347
364
402
432
463
466
472
477
491
512
515
516
545
560
586
608
622
623
635
670
696
700
708
733
751
779
805
806
836
860
870
892
903
911
938
959
1006
1009
1032
1041
1058
1062
1133
1140
1148
1157
1170
1203
1205
1207
1220
1254
1259
1268
1288
1289
1311
1326
1337
1352
1354
1359
1371
1385
1403
1412
1425
1435
1500
1619
1669
1707
1726
1746
1818
1837
1852
1902
1918
1920
1954
1966
2032
2038
2089
2095
2102
2103
2109
2127
2133
2187
2204
2211
2223
2231
2248
2279
2298
2320
2363
2380
2402
2419
2420
2427
2442
163
116
37
53
95
32
12
139
59
142
127
70
80
160
82
43
26
153
30
117
24
140
144
75
150
133
104
115
1
36
68
45
83
101
46
131
48
62
94
107
129
102
84
40
96
152
146
81
121
125
65
79
5
11
92
85
90
4
6
162
105
154
2
21
28
78
126
44
138
63
60
134
39
86
52
55
114
148
71
51
161
103
141
132
20
120
64
17
13
16
61
136
54
74
38
8
93
159
57
42
97
111
9
100
108
98
123
58
49
155
122
66
31
137
0
23
33
143
89
106
156
19
25
110
69
27
151
87
118
124
77
14
41
130
22
15
113
72
34
91
112
145
128
119
149
147
73
109
135
10
47
88
35
99
7
3
50
18
76
158
29
157
67
56
