686
1
3
4
5
6
7
8
10
14
19
20
24
25
26
29
33
34
37
39
40
42
43
45
46
47
48
50
51
53
54
56
57
58
62
65
66
67
68
70
71
72
73
78
79
80
81
83
84
85
86
87
88
91
92
93
94
97
98
101
102
106
107
108
111
115
117
119
120
123
125
127
131
132
134
136
138
139
140
142
144
146
147
149
151
153
154
156
159
162
163
166
167
168
171
172
175
176
177
180
181
182
183
187
189
192
193
194
196
197
198
201
202
203
205
206
208
210
212
213
217
220
221
222
223
225
227
228
229
230
231
232
233
234
235
236
237
238
239
241
242
243
245
246
247
248
255
256
258
260
261
262
263
264
266
268
271
273
274
275
276
277
279
281
282
283
284
285
286
287
288
289
293
294
295
296
297
299
302
305
308
309
311
313
314
315
317
319
320
321
322
323
324
325
327
328
329
330
331
332
333
334
335
337
339
340
341
342
343
345
346
347
348
349
351
352
353
354
355
360
361
362
363
364
366
367
368
369
370
371
372
373
374
375
376
377
378
379
381
382
383
384
385
386
387
391
392
393
394
395
398
399
400
401
404
406
407
409
411
412
413
415
416
417
418
420
423
424
425
428
430
431
433
436
437
438
439
440
441
442
443
444
445
446
447
448
449
454
455
456
458
459
460
463
464
467
469
470
472
473
476
477
478
480
481
484
485
486
487
488
489
490
492
495
497
498
500
503
506
507
508
509
510
511
514
515
516
517
520
521
522
523
524
529
532
533
535
536
537
538
540
541
542
549
550
553
554
555
556
560
561
563
566
567
568
569
570
574
575
578
580
583
586
587
588
589
590
591
592
593
596
597
598
599
600
602
604
607
608
609
610
611
612
613
616
617
618
619
622
626
630
631
632
633
635
638
639
641
643
645
646
647
648
650
653
654
656
657
658
661
662
663
664
667
668
669
671
672
673
675
676
679
680
683
684
686
688
689
690
692
693
696
697
698
699
700
701
702
703
704
707
710
711
714
715
717
718
721
722
727
728
729
731
732
734
735
736
739
740
741
742
744
745
747
748
749
752
753
756
757
760
761
763
764
767
768
769
771
776
777
778
780
781
782
785
787
788
790
793
796
797
799
802
803
804
805
807
809
810
812
813
816
817
818
819
821
823
825
826
827
828
829
832
833
835
836
837
839
841
843
844
846
848
849
851
854
855
856
857
859
860
861
862
865
866
867
868
869
874
877
878
879
882
884
885
886
888
890
892
893
895
896
897
898
901
903
904
905
906
911
913
914
915
917
918
919
921
922
924
925
927
930
931
932
933
934
937
938
939
940
942
945
946
947
948
949
950
951
952
953
954
955
956
957
958
959
960
962
965
966
968
969
970
971
972
975
976
978
979
980
983
984
987
988
992
993
994
995
996
997
998
999
1001
1002
1005
1006
1007
1010
1012
1013
1014
1015
1016
1017
1018
1019
1025
1028
1032
1035
1036
1037
1038
1039
1041
1042
1044
1045
1046
1047
1048
1049
1050
1051
1052
1053
1054
1057
1072
1073
1074
1075
1076
1077
1078
1079
1080
1081
1082
1086
1087
1088
1090
1091
1092
1093
1094
1095
1096
1099
1100
1101
1103
1104
1105
1106
1107
83
58
1
21
5
69
67
78
87
34
0
14
64
20
30
37
82
47
46
28
13
55
57
38
52
16
59
80
15
25
56
39
49
9
3
6
75
11
62
7
32
74
77
68
84
79
72
85
65
42
40
63
86
81
10
36
35
4
27
73
48
83
53
76
18
41
45
61
71
43
17
8
50
31
29
51
66
2
19
54
60
24
23
22
