135
72
218
219
254
268
276
277
287
305
347
373
386
391
400
460
461
462
470
485
526
573
578
583
585
591
605
641
649
657
664
676
681
718
743
744
761
777
786
843
849
862
865
886
889
898
903
916
917
978
987
1002
1013
1023
1044
1051
1066
1077
1088
1091
1094
1105
1110
1126
1139
1164
1192
1210
1218
1253
1291
1315
1397
1437
1441
1490
1505
1515
1538
1545
1575
1591
1600
1603
1619
1620
1624
1650
1678
1694
1703
1722
1750
1752
1784
1803
1830
1852
1899
1923
1930
1937
1943
1944
1949
1974
1982
1988
1997
2005
2029
2067
2091
2111
2113
2142
2179
2181
2186
2219
2220
2221
2225
2229
2235
2264
2306
2328
2329
2350
2351
2377
2412
2415
2439
2446
161
2
159
117
52
113
154
88
133
148
22
60
81
132
16
126
7
160
67
121
150
12
119
18
45
143
147
98
94
146
134
24
90
40
85
27
62
32
115
140
23
109
79
144
44
155
101
51
139
125
34
58
59
105
36
118
91
151
11
161
6
4
19
46
131
61
123
108
122
110
116
25
89
149
69
39
1
0
124
33
13
128
54
63
129
87
142
96
75
104
47
72
111
28
107
137
37
97
42
50
73
78
65
49
82
55
48
9
70
86
157
76
99
53
93
112
130
162
145
20
84
15
156
158
100
153
5
14
66
92
21
31
83
136
80
8
120
38
3
26
29
152
106
68
135
30
35
95
103
57
71
41
141
114
43
56
138
77
102
74
127
10
