149
30
33
35
36
45
56
63
72
84
85
90
95
122
125
133
149
157
159
162
167
172
173
193
200
217
219
229
236
237
242
252
257
260
261
262
264
265
268
269
285
286
291
298
303
308
310
322
325
327
328
332
340
344
345
351
376
381
383
384
396
403
409
421
435
440
451
460
470
473
506
508
516
522
533
538
540
544
546
596
597
599
605
618
625
656
662
667
675
680
684
691
694
705
706
709
720
729
733
737
741
755
756
759
766
772
773
774
806
817
827
843
845
850
851
854
855
859
878
902
905
907
913
916
917
920
937
939
941
942
949
955
971
980
999
1002
1003
1016
1027
1043
1049
1051
1065
1072
1084
1087
1090
1094
1095
1102
77
5
26
18
84
10
40
69
55
12
9
27
78
2
14
15
68
42
59
22
3
23
51
62
85
63
33
37
8
43
79
45
61
67
65
86
35
87
56
7
77
28
13
72
52
70
1
57
20
44
11
16
50
29
0
47
64
41
49
25
74
83
24
6
31
54
53
71
60
82
17
4
30
36
46
19
21
48
