230
14
27
36
42
52
57
62
66
74
77
105
119
128
160
161
164
166
184
186
198
224
225
246
260
263
272
308
323
324
336
352
356
363
376
383
394
406
432
440
469
473
477
478
481
500
504
509
513
515
518
522
523
533
548
585
589
638
639
655
682
687
690
710
730
742
747
785
798
804
823
831
852
862
864
868
885
900
903
916
950
951
956
960
969
970
976
982
1017
1020
1035
1061
1078
1094
1115
1117
1122
1123
1129
1131
1133
1148
1177
1191
1199
1206
1208
1209
1232
1233
1239
1243
1248
1280
1289
1290
1295
1298
1299
1304
1311
1335
1342
1349
1366
1378
1380
1385
1388
1394
1404
1406
1410
1420
1433
1443
1448
1449
1477
1478
1481
1490
1491
1493
1507
1517
1522
1552
1560
1563
1572
1586
1599
1604
1625
1640
1642
1653
1667
1673
1687
1688
1693
1705
1706
1712
1737
1746
1749
1768
1769
1771
1792
1829
1841
1845
1847
1869
1898
1920
1922
1924
1944
1952
1988
2004
2006
2023
2030
2039
2057
2070
2071
2105
2109
2117
2127
2138
2157
2158
2162
2195
2197
2222
2269
2275
2279
2286
2324
2337
2340
2347
2363
2366
2387
2389
2398
2415
2441
2468
2476
2487
2489
2510
2513
2524
2546
2570
2584
2589
2620
160
22
89
101
136
160
133
82
48
125
35
157
7
36
65
144
154
49
140
28
145
9
156
94
54
20
122
80
155
62
3
137
78
5
149
90
44
150
42
71
83
14
76
58
68
16
84
45
66
34
88
116
103
117
8
21
114
152
113
13
120
111
96
32
57
6
153
41
74
130
121
61
124
79
126
52
81
17
26
2
106
93
95
50
24
55
105
10
56
64
86
107
18
91
138
60
112
134
25
147
11
31
92
102
23
143
99
148
47
69
104
108
146
19
141
110
139
51
67
77
4
123
59
100
159
30
132
37
97
129
73
127
0
38
70
72
46
158
128
87
115
40
142
109
75
33
135
85
119
15
131
43
53
151
12
98
63
1
27
29
39
