255
32
43
47
57
58
60
68
81
106
122
137
141
148
172
176
179
187
192
195
197
199
213
227
234
236
238
242
257
262
267
273
274
291
299
309
310
316
317
319
373
377
407
418
440
451
454
478
480
483
484
485
505
556
557
586
601
603
606
612
622
630
633
651
668
674
675
680
725
732
734
740
763
765
770
771
785
804
838
843
844
846
866
872
890
920
921
922
950
955
956
969
971
975
981
984
1001
1005
1011
1018
1035
1044
1049
1058
1068
1070
1074
1086
1102
1126
1142
1161
1162
1182
1197
1233
1237
1243
1246
1279
1306
1308
1325
1328
1339
1344
1345
1362
1378
1382
1392
1394
1403
1407
1420
1427
1444
1449
1462
1475
1514
1517
1519
1523
1557
1564
1567
1571
1572
1575
1577
1580
1588
1611
1636
1645
1649
1654
1667
1677
1694
1698
1730
1741
1743
1744
1747
1750
1753
1757
1758
1759
1761
1775
1786
1787
1789
1816
1841
1846
1847
1853
1860
1868
1878
1890
1902
1945
1950
1952
1958
1960
1966
1968
1983
2018
2021
2057
2066
2072
2082
2091
2092
2116
2127
2142
2145
2171
2186
2210
2236
2252
2262
2263
2264
2269
2291
2292
2297
2306
2315
2328
2329
2363
2370
2371
2373
2379
2384
2404
2414
2422
2426
2439
2444
2447
2453
2475
2487
2498
2506
2512
2518
2523
2526
2528
2533
2545
2551
2556
2559
2574
2581
2596
2600
2614
156
6
10
60
59
106
132
22
94
110
134
143
109
45
64
84
71
102
144
156
58
50
127
70
107
85
39
87
138
51
137
35
97
136
151
139
140
76
20
120
92
103
83
12
42
1
91
159
40
111
123
130
152
17
41
119
15
52
124
116
117
80
121
77
108
66
53
24
96
73
101
62
99
122
133
145
141
160
31
79
74
157
131
49
88
95
0
142
98
2
5
18
129
126
43
61
149
112
86
32
34
115
81
72
44
46
26
82
78
56
27
75
36
63
19
23
9
38
14
135
3
69
90
153
100
7
118
4
147
125
8
104
37
65
105
154
146
150
30
48
21
28
155
29
33
113
16
158
114
89
57
55
68
54
47
25
67
