660
21
22
25
29
36
40
41
44
45
48
49
50
51
52
53
58
59
61
68
69
70
71
75
76
77
79
82
92
93
94
95
98
100
102
103
104
105
107
108
115
119
122
128
131
134
135
138
139
142
146
147
149
151
154
156
160
168
170
171
172
177
178
180
184
186
189
191
192
194
195
197
198
199
203
204
206
209
210
212
213
216
218
219
220
224
229
232
234
240
242
245
249
250
254
258
266
269
274
275
276
277
279
286
289
290
291
297
299
300
301
305
308
313
320
323
326
327
332
334
335
336
338
347
349
351
353
358
360
362
369
371
380
381
387
393
395
396
397
401
406
409
410
411
413
414
417
425
430
431
434
438
442
447
449
451
452
455
459
460
465
467
468
476
478
480
481
482
485
491
495
496
497
499
502
505
506
507
511
512
518
519
520
529
531
534
537
541
542
543
547
552
553
556
560
563
567
576
582
583
584
587
592
593
596
600
603
607
609
613
616
617
621
622
623
624
628
629
632
635
636
639
640
641
645
647
648
653
659
662
668
675
676
679
680
681
685
686
689
693
694
695
697
701
706
710
712
713
714
716
718
720
722
728
729
731
736
737
739
741
744
745
750
751
752
755
756
759
761
766
770
773
774
775
777
779
780
784
787
789
790
794
800
801
807
812
816
820
824
827
831
832
839
840
845
846
848
849
850
851
853
855
858
860
861
862
864
865
867
868
872
875
879
883
885
886
890
891
896
899
900
903
908
909
910
911
912
915
916
922
924
925
932
933
935
939
942
944
945
946
962
970
980
981
982
990
993
999
1000
1004
1005
1008
1009
1010
1013
1014
1016
1018
1022
1025
1027
1029
1031
1032
1034
1040
1043
1053
1054
1058
1059
1060
1064
1065
1067
1069
1072
1073
1078
1080
1081
1089
1091
1093
1095
1111
1113
1117
1120
1121
1124
1125
1126
1127
1128
1129
1132
1135
1138
1140
1141
1143
1147
1148
1151
1152
1155
1156
1158
1159
1162
1164
1167
1168
1169
1175
1176
1182
1184
1185
1186
1187
1191
1194
1203
1211
1213
1215
1220
1227
1228
1229
1230
1238
1240
1241
1243
1246
1252
1253
1255
1257
1258
1259
1260
1262
1265
1267
1271
1273
1277
1281
1282
1284
1285
1287
1289
1290
1293
1294
1299
1302
1306
1307
1316
1318
1320
1321
1324
1326
1331
1335
1337
1342
1345
1350
1353
1355
1356
1359
1364
1367
1369
1370
1374
1379
1381
1384
1386
1387
1391
1394
1405
1407
1408
1416
1417
1418
1419
1421
1422
1430
1431
1438
1440
1442
1443
1448
1450
1452
1453
1454
1456
1463
1464
1466
1470
1471
1477
1481
1482
1483
1485
1489
1494
1495
1497
1498
1500
1501
1506
1510
1512
1514
1517
1519
1521
1522
1523
1524
1525
1529
1530
1531
1532
1540
1542
1548
1553
1555
1562
1565
1568
1570
1571
1573
1574
1575
1579
1582
1588
1591
1597
1599
1600
1604
1608
1611
1612
1616
1618
1619
1621
1628
1633
1636
1638
1639
1640
1644
1649
1651
1652
1653
1657
1659
1660
1661
1662
1663
1665
1670
1672
1673
1674
1675
1678
1680
1682
1684
1685
1688
1690
1691
1692
1695
1696
1700
1702
1706
1708
1709
1710
1712
1716
1718
1722
1724
1726
1729
1731
1733
1736
1741
1744
1745
1746
1758
1760
1762
1767
1772
1779
1780
1783
1784
1785
1787
1788
1792
1793
1796
1803
1804
1805
1808
1809
1810
1811
1819
1820
1821
1822
1823
1824
1832
1834
1835
1836
1837
1840
156
39
5
119
122
128
87
12
8
72
34
103
160
96
162
98
111
142
6
36
135
63
79
15
109
78
136
157
138
9
113
13
146
37
108
143
42
126
56
11
26
30
147
25
51
149
131
40
120
116
114
132
153
18
38
91
64
44
65
125
57
134
68
105
90
76
106
21
121
52
60
50
80
31
92
32
144
53
33
115
0
48
124
148
101
130
61
41
59
89
112
46
104
129
49
99
137
16
70
118
107
159
139
67
24
2
1
22
28
69
97
150
94
81
43
156
20
84
55
102
14
3
117
19
45
75
100
140
151
155
154
71
164
77
47
95
123
23
17
158
66
93
141
133
110
145
35
29
152
4
74
163
161
83
86
82
7
