149
29
42
56
58
72
83
86
89
91
108
113
119
130
133
143
153
162
166
170
174
182
189
191
194
204
205
206
208
222
225
236
238
249
259
265
266
270
271
274
281
285
290
297
312
321
331
360
361
368
382
384
391
392
393
394
395
405
407
411
421
425
441
452
471
474
488
519
538
541
548
554
556
571
574
582
606
608
610
616
620
622
625
629
635
642
647
655
672
673
674
677
683
686
687
688
701
703
712
718
719
729
736
738
750
754
756
770
774
778
779
784
789
814
834
846
857
889
908
912
915
916
919
925
936
947
967
970
978
982
990
992
997
1002
1009
1015
1021
1023
1031
1033
1038
1039
1046
1054
1075
1076
1084
1090
1099
1101
77
52
73
21
46
22
77
23
60
2
71
62
63
40
6
75
8
29
67
24
53
80
49
85
26
42
30
38
11
72
1
83
33
0
16
48
45
43
17
84
51
47
35
15
56
69
27
14
65
82
44
50
34
3
59
7
10
20
68
25
78
32
64
19
54
86
55
74
5
13
41
9
18
12
39
76
61
87
