261
42
43
48
58
66
87
96
124
125
133
138
163
165
170
177
180
181
197
199
214
219
222
247
249
250
259
260
262
281
282
309
317
328
337
345
347
349
393
410
421
432
438
442
452
458
464
466
475
476
479
493
510
523
542
543
556
557
589
624
634
639
643
655
668
676
680
696
727
732
750
753
761
764
771
778
792
801
803
806
809
811
829
834
857
879
884
885
891
895
896
900
914
925
930
942
960
971
988
994
1007
1022
1041
1047
1053
1058
1059
1068
1070
1107
1109
1110
1114
1130
1139
1143
1155
1162
1167
1169
1186
1194
1196
1204
1251
1278
1284
1290
1294
1315
1317
1321
1353
1373
1398
1400
1405
1411
1412
1427
1430
1433
1434
1440
1446
1487
1489
1491
1492
1500
1520
1547
1565
1572
1592
1594
1605
1606
1609
1656
1657
1660
1677
1683
1688
1690
1701
1704
1720
1736
1738
1749
1760
1806
1825
1827
1854
1858
1870
1877
1897
1902
1949
1953
1954
1958
1973
1977
1981
1984
1993
2000
2001
2008
2016
2031
2053
2057
2063
2065
2070
2071
2077
2085
2092
2108
2110
2119
2132
2141
2142
2153
2163
2166
2181
2191
2199
2208
2210
2230
2232
2242
2246
2268
2269
2288
2296
2300
2312
2315
2327
2340
2346
2351
2353
2359
2361
2365
2370
2384
2399
2401
2408
2414
2440
2447
2452
2453
2480
2498
2508
2510
2517
2540
2541
2561
2562
2567
2579
2580
2584
2618
153
90
47
95
10
24
28
107
18
81
23
125
109
59
50
84
97
146
66
72
56
32
12
42
48
35
124
85
150
93
105
155
106
15
22
131
45
101
157
160
58
49
20
86
46
64
154
98
117
134
119
104
142
149
91
62
123
141
60
143
34
102
82
27
129
148
71
73
0
37
41
76
54
29
110
16
89
132
112
96
78
68
80
94
74
144
51
9
103
65
63
14
25
79
111
69
87
19
31
75
21
151
7
113
5
108
118
122
40
140
43
38
136
159
26
3
99
114
133
115
83
116
138
55
145
77
156
13
52
158
36
128
2
44
1
57
130
153
147
70
92
8
4
39
30
53
127
11
120
152
100
121
6
17
