127
133
171
180
181
189
218
221
235
269
283
305
345
346
351
391
404
421
460
463
497
498
524
534
536
548
591
605
657
677
695
697
708
761
770
783
823
832
888
900
904
918
925
939
957
995
996
1022
1078
1083
1090
1093
1110
1135
1171
1176
1188
1225
1234
1236
1289
1318
1335
1353
1362
1363
1385
1411
1448
1481
1490
1494
1513
1527
1529
1536
1539
1547
1548
1594
1596
1605
1620
1638
1640
1670
1692
1712
1721
1747
1768
1796
1797
1819
1846
1874
1909
1976
1982
1984
1989
1994
2003
2016
2024
2035
2048
2056
2058
2062
2102
2129
2136
2142
2179
2225
2227
2236
2259
2324
2388
2390
2406
2409
2416
2421
2425
2438
150
93
113
111
92
137
43
42
75
115
57
114
0
117
119
59
38
106
109
101
158
91
62
72
16
56
50
61
138
47
70
33
67
15
112
90
74
135
144
28
48
65
123
121
31
94
122
139
81
24
82
96
84
32
108
14
2
37
26
60
54
80
18
136
130
153
100
104
161
55
143
148
98
125
79
34
133
156
17
53
160
21
29
97
78
86
152
46
64
142
88
58
145
25
35
73
3
45
140
157
30
4
134
124
9
69
49
141
71
51
68
13
8
19
89
149
95
39
131
105
63
5
120
40
128
162
116
1
99
10
87
147
52
127
102
6
12
44
66
155
107
132
150
110
77
129
83
20
22
146
118
