112
47
52
67
80
86
105
119
125
127
142
171
213
238
254
283
289
316
380
383
423
438
456
480
486
497
505
518
540
553
555
599
609
620
627
696
701
703
811
830
901
919
946
955
966
1026
1032
1034
1037
1047
1060
1064
1080
1083
1089
1133
1222
1228
1260
1266
1271
1275
1313
1321
1322
1331
1343
1405
1407
1429
1447
1458
1476
1483
1486
1507
1534
1539
1541
1550
1565
1594
1605
1614
1616
1625
1652
1674
1676
1744
1800
1824
1863
1879
1911
2017
2050
2098
2106
2178
2255
2277
2290
2293
2324
2330
2332
2380
2386
2395
2406
2408
2446
161
121
133
98
127
136
12
100
84
158
24
5
88
39
31
50
21
137
18
17
86
30
34
16
25
15
46
92
93
26
134
69
41
19
73
58
151
72
70
77
104
135
155
122
32
149
97
55
142
27
13
126
159
64
89
96
156
53
79
36
129
44
43
40
107
3
99
82
112
38
20
125
144
62
11
157
23
131
60
119
59
90
80
22
0
29
139
91
140
49
76
106
37
146
111
65
57
56
102
8
83
48
87
54
105
95
33
123
120
153
109
2
42
132
160
9
110
141
10
68
94
152
7
150
118
52
4
74
130
143
1
128
101
85
103
67
114
154
81
47
75
108
148
124
147
63
145
51
35
14
113
28
161
6
61
71
117
138
78
116
45
66
