691
13
15
22
24
31
33
35
36
42
48
49
50
56
59
62
69
71
73
75
76
78
80
83
85
86
88
89
90
93
94
95
96
101
102
104
106
107
108
109
115
116
117
119
122
125
128
130
135
139
141
142
143
144
147
151
153
154
155
162
163
164
165
166
168
169
170
172
174
179
181
182
183
184
189
190
199
200
201
203
204
215
216
217
218
226
227
228
229
231
232
234
237
238
243
247
249
250
251
252
253
255
257
258
259
260
261
266
267
272
274
281
283
284
285
286
288
289
291
299
300
302
303
304
307
310
314
316
318
319
321
324
326
331
333
341
343
348
352
353
355
356
357
359
360
363
367
370
371
375
376
377
378
382
383
384
385
392
395
401
408
409
411
412
414
416
417
421
422
424
425
427
431
437
438
441
443
444
445
446
447
449
455
459
463
464
465
467
468
471
472
474
475
478
479
487
488
492
498
500
504
511
522
525
526
532
533
535
540
542
544
545
547
551
555
556
558
559
563
564
566
569
571
572
573
575
581
582
583
588
591
592
594
596
598
599
601
602
603
605
606
608
611
616
618
623
625
626
629
631
633
646
650
664
665
667
669
674
675
677
678
692
693
694
695
696
697
698
701
704
706
709
711
715
716
717
718
723
724
725
726
733
735
736
741
743
744
746
750
751
752
753
754
755
756
757
758
760
762
766
772
773
776
778
780
782
783
784
785
786
789
791
792
796
797
800
801
803
808
814
815
816
819
820
823
824
827
828
829
830
833
834
836
839
842
844
845
847
850
858
863
865
866
871
875
876
880
882
883
888
890
891
895
898
900
902
909
910
912
914
922
923
924
929
930
933
935
937
938
944
949
954
955
959
961
964
969
971
973
975
976
985
989
990
992
993
995
999
1001
1003
1005
1007
1009
1012
1014
1015
1016
1024
1025
1028
1030
1031
1032
1037
1038
1040
1041
1042
1043
1044
1047
1054
1058
1066
1070
1074
1075
1078
1081
1082
1084
1087
1089
1091
1094
1099
1101
1102
1103
1104
1107
1114
1124
1127
1129
1130
1131
1140
1142
1143
1147
1150
1151
1152
1155
1156
1164
1167
1168
1176
1178
1182
1184
1185
1187
1189
1190
1192
1196
1198
1199
1202
1204
1205
1210
1211
1212
1214
1219
1222
1223
1229
1234
1237
1243
1244
1245
1247
1248
1250
1251
1256
1259
1261
1262
1268
1272
1273
1275
1276
1278
1282
1289
1293
1295
1296
1297
1298
1299
1300
1302
1303
1305
1306
1307
1308
1311
1314
1320
1322
1323
1332
1336
1337
1338
1344
1345
1347
1351
1355
1361
1364
1365
1366
1367
1368
1372
1374
1375
1378
1379
1380
1381
1382
1385
1392
1393
1394
1397
1398
1400
1401
1407
1408
1409
1410
1415
1423
1425
1427
1429
1430
1435
1437
1441
1442
1443
1445
1446
1458
1459
1461
1462
1467
1469
1472
1474
1476
1479
1480
1481
1483
1487
1488
1492
1494
1495
1497
1501
1507
1509
1510
1511
1514
1520
1528
1531
1533
1535
1539
1543
1547
1551
1555
1556
1567
1568
1578
1579
1582
1583
1585
1586
1587
1589
1590
1591
1592
1598
1599
1604
1606
1608
1612
1620
1625
1626
1629
1631
1633
1636
1644
1648
1652
1653
1656
1661
1663
1664
1672
1673
1674
1675
1679
1680
1682
1683
1685
1687
1693
1695
1697
1699
1700
1701
1710
1713
1715
1716
1717
1718
1727
1735
1745
1746
1748
1752
1754
1755
1757
1760
1763
1766
1769
1771
1772
1774
1778
1779
1780
1783
1785
1793
1794
1798
1803
1805
1807
1811
1817
1819
1821
1822
1823
1825
1826
1833
1834
1836
1837
1839
1840
157
97
46
146
26
33
4
15
148
105
32
76
68
143
106
139
88
8
141
125
18
24
70
86
35
133
95
157
138
51
44
126
140
62
2
145
100
104
66
31
30
25
94
71
69
128
67
50
6
109
164
29
73
89
63
65
7
82
151
60
0
159
90
120
129
53
22
36
42
57
39
77
80
155
98
92
123
72
75
23
47
153
93
99
14
96
27
144
119
114
54
112
41
37
121
103
17
91
154
59
135
87
48
16
10
102
161
21
45
156
83
79
107
52
12
150
56
78
101
9
61
160
28
162
111
20
108
117
131
85
74
158
13
3
49
38
34
149
81
43
132
110
1
55
113
11
122
19
84
147
134
115
116
130
40
136
5
64
