686
5
7
8
9
10
11
12
14
16
18
19
20
22
23
24
26
27
28
31
32
33
34
35
36
37
39
40
41
43
44
45
51
53
54
55
57
58
59
61
63
64
65
66
67
68
69
71
73
74
75
76
79
80
81
83
84
86
88
90
92
93
94
95
97
99
101
102
103
104
106
108
110
112
113
115
119
120
121
122
123
124
125
126
127
128
129
130
131
138
140
141
142
143
144
145
149
151
154
155
156
158
159
160
161
162
164
167
168
169
170
171
172
174
175
177
178
179
182
183
185
186
189
191
193
195
196
197
198
200
203
204
206
207
210
211
214
216
218
219
220
222
225
227
230
231
234
235
236
240
241
242
244
246
247
248
249
250
251
253
254
257
258
260
261
262
263
264
267
268
274
276
277
278
279
280
281
286
289
291
293
295
297
298
299
300
302
303
304
305
307
310
311
316
318
319
320
321
324
326
328
329
331
332
334
335
338
340
342
348
350
351
352
355
358
359
362
363
365
370
372
373
374
375
376
377
378
381
382
383
385
387
388
389
390
392
393
394
396
397
398
401
404
405
406
407
408
410
411
412
414
416
419
422
425
426
428
429
430
431
433
434
436
438
439
440
441
442
446
447
448
450
452
453
454
455
457
458
460
461
462
463
464
466
468
469
471
472
474
475
477
478
480
481
483
487
489
490
491
492
493
495
497
498
503
505
507
509
512
513
514
515
516
518
519
520
523
524
525
526
528
529
531
532
534
537
538
540
541
543
544
545
546
548
550
551
552
553
557
558
559
560
561
563
565
568
570
573
575
576
579
586
587
588
589
590
591
592
593
594
595
596
597
598
599
600
603
604
605
606
607
609
611
612
616
617
618
619
620
623
625
626
628
629
630
631
634
635
636
638
640
641
642
645
646
647
648
650
652
653
655
657
660
661
664
665
668
670
671
672
674
675
677
679
680
681
682
684
685
689
690
692
693
696
697
698
701
703
704
705
706
707
708
711
712
713
714
716
719
720
721
726
729
730
732
733
735
736
737
738
739
740
741
742
744
746
747
748
754
755
756
757
758
761
762
764
765
769
771
773
774
775
776
778
779
780
782
783
784
786
787
790
791
794
795
797
800
801
802
803
804
805
806
807
808
809
812
813
814
816
817
818
820
821
822
824
825
826
827
828
829
830
831
834
837
838
839
840
843
845
847
848
849
851
853
857
858
859
860
861
862
867
868
869
871
873
876
877
878
879
881
883
884
887
888
889
890
891
894
897
898
900
902
905
908
910
912
913
914
918
919
920
922
923
925
926
927
930
931
932
934
935
938
941
943
944
945
946
947
949
950
952
954
956
957
958
959
960
961
962
963
964
966
967
968
970
974
975
976
978
979
981
982
984
985
988
989
990
992
993
995
998
999
1000
1001
1002
1003
1004
1005
1006
1007
1011
1012
1014
1016
1017
1018
1019
1020
1022
1024
1025
1026
1028
1030
1031
1034
1035
1036
1037
1038
1040
1042
1044
1045
1046
1048
1050
1051
1052
1054
1055
1056
1057
1058
1059
1061
1063
1066
1067
1068
1069
1071
1073
1075
1077
1079
1080
1081
1082
1083
1084
1086
1087
1088
1089
1091
1092
1093
1096
1097
1098
1099
1101
1102
1104
1107
83
22
63
64
31
8
83
47
59
68
19
28
41
23
75
30
71
73
80
69
13
87
34
53
55
16
15
5
3
67
9
76
54
4
20
40
84
45
24
26
37
39
52
86
51
2
70
82
27
36
85
50
43
61
32
29
48
81
44
62
46
56
1
35
65
60
11
49
33
7
10
17
72
25
14
18
58
78
6
74
21
77
42
38
