262
8
21
38
41
89
92
109
116
124
140
144
159
190
191
192
212
222
238
239
253
259
264
280
307
309
310
313
318
322
330
334
350
362
370
377
379
384
395
406
414
417
443
474
478
481
485
505
506
508
520
533
534
540
550
559
562
569
570
573
581
589
615
616
626
630
637
646
670
674
681
716
732
733
741
742
747
748
751
752
757
768
773
790
801
804
813
817
820
824
837
842
846
847
849
860
898
902
921
930
941
948
970
991
1008
1012
1033
1042
1047
1059
1079
1081
1085
1106
1110
1116
1127
1128
1208
1230
1235
1241
1249
1264
1267
1268
1271
1273
1280
1281
1301
1316
1317
1324
1336
1346
1351
1355
1380
1381
1385
1423
1431
1433
1452
1453
1460
1463
1466
1470
1483
1493
1502
1520
1526
1527
1536
1548
1549
1567
1578
1595
1603
1612
1631
1633
1649
1666
1672
1696
1708
1717
1719
1747
1767
1768
1772
1781
1783
1784
1795
1797
1799
1820
1823
1832
1842
1853
1867
1870
1877
1886
1891
1908
1917
1929
1941
1953
1954
1965
1981
2004
2012
2022
2033
2035
2073
2077
2082
2083
2094
2097
2102
2104
2116
2121
2130
2180
2187
2190
2200
2231
2234
2264
2279
2282
2290
2299
2304
2307
2310
2318
2320
2348
2363
2372
2374
2375
2380
2385
2405
2414
2419
2425
2426
2433
2438
2450
2452
2457
2461
2480
2492
2493
2502
2540
2541
2560
2567
2580
2588
2590
2606
161
24
33
66
85
150
90
36
112
19
3
144
17
134
23
154
4
83
55
136
135
20
131
6
158
32
133
116
122
149
68
102
125
72
94
115
26
70
47
25
65
22
18
56
29
75
76
63
128
100
104
57
89
54
14
2
34
21
61
78
60
108
49
50
119
5
40
99
80
0
48
67
130
39
88
42
138
129
123
58
87
73
43
93
12
7
52
38
10
41
152
146
92
79
91
126
159
139
44
31
101
117
15
53
160
8
77
155
113
156
107
106
97
124
74
62
16
27
11
121
103
143
81
118
148
142
127
51
111
71
37
30
59
95
84
157
82
1
69
151
86
141
35
120
132
109
64
110
105
9
98
140
46
96
145
114
137
28
13
45
153
147
