655
12
22
23
27
33
39
41
42
45
47
48
49
50
51
55
56
59
62
63
64
65
66
71
73
74
77
84
85
86
89
94
95
100
102
107
114
119
122
123
127
129
133
134
139
142
143
145
146
149
151
152
153
154
155
159
161
162
164
168
170
176
178
184
187
188
189
193
196
197
198
200
202
205
212
220
221
223
225
226
230
231
232
237
242
243
244
248
250
260
261
263
273
277
278
279
283
284
285
286
291
292
295
297
307
311
312
316
318
323
324
327
330
335
340
345
349
352
354
355
356
357
360
361
362
363
371
372
373
374
379
380
381
383
385
386
387
392
395
400
403
405
408
409
411
412
415
418
420
421
422
429
431
434
437
441
442
443
449
453
454
460
463
465
467
469
473
481
482
483
486
490
492
496
497
502
504
506
509
510
516
518
523
531
533
534
535
543
544
552
553
555
556
558
559
561
563
569
572
576
580
592
593
597
598
601
604
605
606
614
617
620
624
625
629
630
631
635
637
639
643
645
647
650
653
654
657
660
664
665
667
668
669
680
683
685
687
688
693
699
702
706
708
711
713
714
715
717
718
720
721
723
724
727
728
729
733
734
737
741
742
745
749
752
758
759
765
766
767
771
772
774
776
779
781
782
783
784
787
789
792
793
796
797
798
802
803
807
808
809
814
816
818
821
823
827
828
832
833
838
841
849
852
855
860
861
865
867
871
876
881
882
883
885
886
887
888
891
896
897
899
900
901
902
904
905
906
910
912
914
915
920
924
932
941
943
950
952
954
956
960
961
964
965
966
970
973
974
976
978
980
981
982
983
988
990
995
999
1001
1003
1006
1009
1013
1014
1018
1019
1029
1033
1039
1040
1042
1045
1047
1048
1051
1052
1055
1060
1064
1072
1073
1074
1077
1078
1079
1086
1088
1092
1098
1102
1103
1108
1114
1116
1121
1123
1128
1129
1130
1131
1132
1133
1134
1135
1138
1139
1140
1143
1144
1145
1153
1154
1161
1162
1169
1171
1173
1174
1175
1178
1179
1180
1181
1184
1186
1187
1189
1193
1203
1207
1209
1211
1215
1218
1223
1224
1225
1226
1227
1228
1229
1231
1232
1237
1240
1243
1247
1249
1250
1253
1254
1255
1256
1258
1260
1265
1267
1270
1282
1283
1284
1289
1295
1297
1300
1306
1308
1310
1311
1317
1321
1324
1327
1328
1329
1334
1336
1337
1339
1340
1342
1345
1347
1349
1352
1360
1361
1363
1364
1366
1368
1372
1378
1379
1380
1381
1386
1388
1392
1395
1402
1403
1405
1410
1411
1414
1417
1420
1424
1428
1429
1431
1437
1442
1443
1446
1453
1457
1461
1463
1464
1466
1470
1473
1474
1476
1477
1480
1482
1486
1491
1492
1495
1497
1498
1499
1500
1503
1504
1505
1512
1515
1516
1517
1520
1524
1526
1528
1529
1531
1537
1541
1543
1544
1545
1547
1551
1553
1554
1555
1557
1558
1559
1563
1567
1568
1569
1570
1571
1574
1579
1587
1589
1597
1598
1600
1601
1602
1604
1612
1614
1620
1621
1622
1623
1626
1631
1632
1635
1639
1642
1645
1647
1648
1649
1651
1656
1662
1665
1670
1671
1672
1687
1693
1705
1709
1711
1712
1716
1718
1719
1721
1724
1726
1727
1729
1731
1735
1739
1740
1743
1748
1750
1751
1754
1756
1762
1765
1766
1767
1768
1772
1773
1775
1776
1778
1780
1787
1789
1790
1794
1798
1799
1805
1810
1812
1813
1820
1823
1827
1829
1830
1835
1836
1837
1840
156
24
128
41
48
136
23
30
95
84
10
35
106
164
52
45
141
126
1
62
100
56
108
111
75
57
31
79
96
47
61
55
21
114
104
50
102
140
83
54
130
9
4
161
27
66
119
155
28
151
107
2
17
39
71
121
16
154
19
98
63
73
69
80
149
43
101
99
163
67
44
162
37
142
85
116
22
112
11
8
86
49
152
103
76
91
93
7
97
74
20
36
117
157
0
81
156
94
160
144
135
123
115
15
120
110
122
58
29
92
138
150
118
13
132
6
25
78
146
59
153
143
65
159
60
18
148
38
90
53
127
42
82
14
137
145
5
88
40
77
109
51
26
46
131
64
87
129
3
68
70
134
105
124
33
32
125
