134
32
45
70
78
88
164
182
185
212
225
261
268
286
312
329
331
337
349
399
452
467
493
516
540
604
618
663
700
721
729
752
776
781
792
817
819
828
870
914
931
966
967
977
979
995
1001
1047
1066
1068
1069
1072
1081
1086
1088
1143
1145
1167
1197
1199
1201
1212
1222
1235
1259
1273
1288
1320
1328
1336
1346
1377
1384
1387
1403
1410
1415
1441
1454
1466
1501
1527
1564
1578
1587
1592
1598
1620
1649
1662
1703
1715
1746
1747
1782
1784
1788
1796
1805
1812
1815
1868
1883
1967
1975
1979
1980
1994
2018
2046
2075
2086
2093
2105
2138
2147
2156
2168
2188
2196
2216
2235
2236
2244
2266
2275
2284
2343
2350
2352
2363
2364
2380
2392
2413
163
17
11
47
32
84
74
57
127
46
110
39
48
49
35
111
91
68
89
45
37
137
14
97
73
51
151
150
156
161
22
98
153
108
112
80
5
50
121
25
36
136
24
107
13
135
3
58
42
102
162
157
145
159
130
20
140
8
133
149
154
4
41
59
155
146
65
160
29
67
0
141
116
56
117
131
87
9
142
95
53
72
158
62
86
83
79
1
94
93
77
92
75
113
122
61
105
44
18
55
2
6
10
31
139
106
126
19
90
147
132
82
63
23
134
60
124
96
66
81
76
85
143
118
27
152
115
104
38
26
123
7
28
69
52
88
125
119
103
129
78
43
99
30
120
100
101
15
144
114
109
21
34
54
64
12
70
33
138
71
40
128
148
16
