68
29
88
100
180
230
245
250
255
285
305
329
335
343
356
362
368
371
382
383
404
444
450
521
625
636
639
674
698
709
749
795
808
838
849
859
925
978
990
1000
1011
1013
1018
1066
1078
1081
1094
1140
1171
1209
1220
1292
1348
1354
1563
1567
1570
1586
1629
1648
1656
1658
1669
1719
1723
1728
1732
1765
1828
128
49
13
93
152
41
147
97
84
12
108
115
40
53
56
6
46
161
7
135
74
123
65
48
130
139
109
113
18
162
75
28
148
144
101
83
91
160
156
0
143
32
98
96
94
38
34
127
66
4
21
64
141
59
164
8
119
106
57
43
90
111
88
95
154
29
9
157
47
114
62
105
126
78
24
2
63
82
150
159
69
104
89
55
79
107
149
151
10
20
136
124
134
158
3
133
73
92
45
39
132
5
60
77
67
87
117
125
19
100
145
155
35
15
30
42
76
27
118
128
121
1
110
122
86
31
17
120
85
