86
133
150
185
194
240
241
291
332
335
375
385
449
458
486
487
488
506
509
539
550
586
630
658
679
726
759
799
813
829
840
848
849
872
891
912
923
925
927
933
986
1046
1088
1099
1137
1141
1157
1158
1168
1189
1193
1207
1244
1249
1256
1265
1275
1278
1299
1321
1329
1339
1340
1344
1365
1371
1379
1384
1400
1401
1404
1426
1539
1565
1587
1591
1610
1626
1665
1667
1681
1713
1715
1727
1754
1771
1814
121
57
73
157
58
70
153
23
158
131
94
101
162
86
44
27
79
41
65
111
116
75
71
138
10
113
142
98
110
96
3
145
55
99
155
164
126
91
11
50
150
1
53
90
19
97
141
51
140
76
64
2
72
107
135
26
47
163
28
15
4
49
93
32
31
16
148
100
20
149
38
46
137
123
48
125
39
78
154
104
151
37
83
33
159
9
63
60
61
13
21
42
54
77
120
108
67
119
118
146
62
129
56
22
133
117
85
34
7
6
152
35
84
130
82
103
24
112
124
144
161
122
