101
101
124
151
154
169
171
174
189
207
224
245
286
296
349
351
377
407
409
420
441
444
456
457
460
529
532
637
752
759
765
797
827
862
874
880
904
908
920
973
996
1034
1037
1056
1057
1108
1134
1157
1167
1175
1188
1203
1215
1233
1271
1297
1305
1342
1366
1378
1410
1411
1419
1433
1469
1473
1485
1486
1493
1508
1537
1565
1589
1613
1617
1656
1657
1675
1688
1760
1765
1818
1828
1852
1894
1962
2038
2069
2097
2109
2158
2181
2188
2231
2250
2299
2349
2350
2398
2403
2442
2446
152
75
91
20
104
129
13
80
93
162
38
87
40
26
35
65
146
5
125
69
107
46
47
61
62
58
152
1
70
59
113
7
32
85
76
137
161
133
112
78
115
110
160
79
122
131
92
71
130
151
73
96
66
44
101
56
148
116
9
99
27
105
103
153
86
102
88
118
128
21
119
98
134
31
138
22
49
60
16
159
42
90
147
144
25
140
63
136
124
111
123
45
51
55
95
50
14
158
39
41
3
8
0
89
108
157
127
150
82
141
83
114
142
43
117
33
2
77
18
94
100
48
149
23
109
17
143
29
155
154
24
4
37
57
72
139
34
121
52
19
6
67
97
68
84
135
10
64
106
81
145
156
53
