648
17
20
21
25
29
32
33
34
36
39
44
46
47
48
50
53
61
64
66
67
68
73
77
80
82
83
84
88
90
93
95
100
103
105
110
112
115
116
119
120
122
124
125
128
132
134
135
136
137
138
140
142
145
147
148
149
150
155
156
161
168
169
170
174
177
181
182
187
188
189
190
194
197
200
205
207
208
215
216
221
224
226
233
249
253
259
263
264
267
280
286
287
288
293
295
296
297
307
308
311
321
326
327
331
332
333
334
335
336
338
340
341
342
343
348
350
352
353
357
361
364
366
368
382
383
385
387
390
398
407
408
414
415
419
420
438
439
440
443
445
446
450
454
458
459
464
465
466
467
478
480
481
482
485
486
487
488
489
492
494
496
499
502
504
509
510
513
515
518
519
520
522
523
525
529
530
534
541
542
543
544
546
547
550
553
554
555
556
560
564
575
580
581
591
594
595
600
602
615
616
617
619
625
627
628
635
643
644
645
646
649
652
655
656
660
661
670
681
683
688
690
691
692
695
700
706
707
715
719
720
725
728
729
732
733
734
735
743
745
747
748
750
753
754
763
764
766
767
768
769
770
773
774
776
784
785
789
790
792
796
797
802
803
804
806
808
810
811
813
822
827
829
831
835
837
838
841
842
843
848
851
852
854
860
862
863
865
869
871
875
878
882
883
885
890
894
897
900
901
904
905
906
914
916
921
925
927
929
930
933
934
935
940
941
948
950
952
960
965
967
969
970
971
973
980
981
982
983
986
988
991
994
996
998
999
1001
1002
1004
1005
1007
1008
1010
1011
1012
1014
1015
1018
1029
1030
1032
1033
1038
1040
1043
1044
1046
1047
1048
1049
1051
1055
1057
1058
1059
1061
1062
1064
1065
1069
1070
1078
1079
1081
1087
1089
1097
1100
1101
1103
1104
1113
1114
1115
1125
1126
1129
1132
1134
1137
1138
1140
1142
1144
1145
1148
1151
1153
1154
1156
1161
1166
1174
1176
1177
1186
1189
1198
1202
1204
1205
1212
1214
1215
1216
1217
1219
1220
1221
1223
1230
1232
1233
1236
1237
1239
1241
1243
1245
1248
1249
1250
1255
1256
1257
1259
1261
1265
1267
1273
1275
1286
1295
1297
1299
1300
1301
1305
1307
1309
1310
1318
1322
1325
1328
1334
1335
1337
1339
1343
1345
1352
1354
1355
1356
1358
1360
1364
1365
1370
1372
1373
1374
1378
1381
1382
1384
1386
1387
1390
1391
1392
1395
1396
1411
1414
1416
1419
1420
1421
1424
1425
1426
1427
1431
1433
1436
1437
1440
1441
1444
1447
1448
1451
1453
1454
1458
1459
1462
1467
1468
1469
1477
1480
1482
1485
1488
1489
1491
1492
1493
1494
1498
1501
1503
1505
1512
1514
1518
1521
1526
1527
1529
1530
1531
1535
1536
1537
1538
1541
1543
1546
1547
1549
1553
1555
1559
1560
1561
1564
1565
1571
1575
1578
1580
1581
1583
1584
1586
1593
1595
1603
1606
1612
1616
1617
1624
1627
1628
1632
1635
1637
1638
1644
1652
1653
1655
1658
1659
1662
1666
1667
1671
1672
1675
1678
1679
1681
1683
1688
1689
1692
1696
1697
1701
1706
1707
1708
1714
1716
1721
1724
1733
1736
1737
1740
1747
1749
1754
1755
1756
1757
1758
1761
1763
1764
1767
1768
1770
1771
1774
1775
1778
1781
1782
1786
1787
1790
1793
1794
1798
1799
1800
1801
1802
1804
1805
1806
1814
1818
1819
1823
1824
1825
1828
1829
1832
1833
1838
157
25
138
92
83
5
88
79
76
34
96
124
146
150
154
107
110
35
12
9
48
40
38
136
129
67
100
112
160
29
122
60
39
131
91
128
118
97
119
113
20
71
24
45
8
82
42
26
30
143
104
126
149
101
144
73
51
50
99
52
123
87
19
37
140
105
102
36
64
70
90
94
61
23
47
117
134
145
151
11
120
41
63
116
98
68
1
152
16
17
14
57
58
69
56
65
141
161
132
55
43
49
44
155
121
2
125
27
15
32
164
109
156
6
147
130
106
95
7
21
135
54
159
86
127
31
84
77
10
53
18
66
158
114
108
72
62
4
81
111
137
115
0
22
75
163
162
148
33
3
13
142
78
80
89
153
28
93
