128
2
23
77
96
107
128
130
246
293
310
320
322
346
410
418
419
466
481
491
493
549
556
565
599
616
633
646
656
705
713
720
723
724
725
732
747
750
783
795
797
824
828
853
892
898
909
914
933
947
968
970
1025
1033
1041
1045
1103
1107
1181
1210
1212
1219
1229
1235
1260
1271
1291
1347
1353
1369
1379
1396
1399
1410
1411
1422
1474
1512
1517
1536
1610
1667
1670
1694
1713
1734
1764
1791
1814
1823
1835
1847
1874
1878
1880
1889
1923
1943
1971
1974
1981
1990
1993
2058
2064
2066
2070
2091
2152
2164
2186
2188
2206
2224
2235
2239
2263
2302
2319
2320
2330
2331
2360
2363
2367
2396
2402
2406
2442
162
144
23
69
49
80
39
12
92
73
112
155
95
117
86
103
93
142
134
25
53
59
78
28
96
10
140
21
150
123
42
100
19
6
70
109
41
60
127
151
46
152
118
2
43
145
40
129
51
8
115
82
56
131
149
128
45
159
48
119
79
85
67
154
0
62
141
22
111
54
107
83
35
64
161
75
17
126
89
50
76
113
132
26
77
143
124
11
130
138
68
1
4
94
32
139
18
84
34
52
153
66
147
162
65
30
13
58
136
87
102
114
110
81
99
33
148
90
108
71
125
157
106
160
38
20
97
7
135
98
105
146
9
158
57
5
29
44
15
120
14
24
137
104
133
74
122
156
72
16
36
47
88
27
121
55
3
31
91
37
116
101
61
