72
209
219
249
257
293
294
295
299
337
350
358
368
374
413
430
469
493
510
526
552
621
625
698
708
737
741
743
744
752
843
885
886
892
907
914
928
940
957
974
997
1039
1077
1100
1138
1140
1153
1203
1204
1228
1238
1245
1264
1302
1304
1309
1311
1364
1370
1382
1443
1496
1502
1554
1580
1598
1699
1726
1775
1800
1804
1827
1837
124
87
29
54
71
64
40
157
35
50
138
3
119
110
58
93
89
101
144
59
61
137
145
82
149
19
44
106
134
102
155
135
104
1
37
161
13
73
33
9
160
130
85
32
21
8
100
69
150
108
36
52
152
139
154
91
99
80
72
131
48
15
153
81
126
0
164
111
114
77
2
5
163
125
24
23
26
60
88
94
116
42
158
18
31
4
147
90
140
84
136
79
57
132
10
78
38
143
115
16
34
109
63
14
39
51
83
97
55
49
123
53
41
12
70
120
30
133
7
45
76
121
65
118
68
