686
4
5
6
7
9
11
14
15
16
18
19
20
21
25
26
28
29
31
34
35
36
38
39
40
42
43
44
45
46
47
49
50
51
52
53
54
55
56
57
61
62
63
67
68
71
72
73
74
75
76
78
79
83
84
86
90
91
92
95
97
100
102
103
104
105
106
107
109
111
112
114
116
117
118
121
123
124
128
130
132
134
135
137
138
139
141
143
148
149
151
152
154
155
159
160
162
163
164
167
169
170
173
176
177
178
179
183
184
185
191
192
195
196
198
201
203
204
206
207
209
211
213
216
217
219
220
224
225
226
227
229
230
231
232
235
237
239
240
241
242
243
245
246
247
249
251
252
254
256
261
262
263
265
266
269
270
274
275
277
279
280
281
284
285
287
288
289
292
294
296
297
299
300
302
305
306
308
309
310
311
313
314
315
317
318
319
320
321
322
324
325
330
332
333
335
336
338
339
343
345
347
348
349
350
351
353
354
357
361
362
363
365
366
368
369
370
372
373
374
375
376
377
379
380
382
384
385
386
387
388
389
391
393
394
395
396
397
398
400
401
402
403
404
406
407
408
409
410
412
413
415
417
418
422
424
425
427
428
429
430
431
434
435
436
438
442
445
447
448
450
451
452
454
460
462
463
465
466
467
468
472
473
474
475
476
477
478
479
482
483
484
485
486
487
489
490
493
494
496
498
500
501
502
503
504
506
507
508
510
511
512
513
516
520
521
522
524
529
531
532
533
534
535
538
539
540
541
542
543
544
546
551
552
553
555
559
560
562
563
564
565
566
567
571
572
576
577
578
579
580
581
582
583
584
585
590
591
592
593
594
596
597
598
603
605
606
609
611
612
613
614
615
617
618
619
620
622
623
624
625
627
629
630
633
635
637
638
639
641
642
643
644
645
646
649
650
654
656
659
660
661
662
664
666
667
668
669
670
673
676
678
680
681
682
684
685
686
688
691
692
695
697
698
701
702
704
705
708
709
710
711
718
719
722
723
724
725
729
730
731
732
733
734
736
737
738
739
740
742
743
744
745
746
747
748
750
752
753
754
755
756
757
759
761
762
763
764
765
766
768
769
771
773
774
775
776
777
778
779
780
781
782
785
786
787
789
791
792
793
795
796
797
799
800
803
804
805
806
808
809
810
811
812
813
815
816
817
818
819
820
821
826
827
829
830
831
832
837
838
839
840
841
842
843
846
847
848
850
852
853
854
856
864
865
867
872
873
874
875
877
878
879
881
884
885
887
891
893
896
898
901
902
903
904
905
906
908
911
912
913
914
919
921
922
923
925
926
927
928
929
930
931
932
933
934
935
936
937
938
939
940
941
942
945
947
948
950
951
953
954
955
957
959
960
961
962
963
965
966
967
970
971
972
973
974
975
977
981
983
984
985
986
987
988
989
991
993
994
995
996
997
999
1001
1002
1004
1005
1006
1007
1008
1010
1011
1012
1013
1014
1015
1021
1023
1024
1025
1027
1029
1030
1031
1032
1034
1035
1036
1037
1038
1039
1041
1046
1047
1048
1049
1054
1056
1057
1058
1059
1060
1064
1066
1070
1072
1074
1075
1077
1078
1079
1085
1086
1088
1090
1091
1093
1095
1096
1098
1099
1100
1102
1103
1104
1106
1107
84
87
17
10
11
77
71
16
65
58
60
32
51
29
53
23
63
30
74
0
13
45
67
20
1
49
46
27
22
83
24
66
4
85
37
47
19
76
43
14
33
36
54
72
52
15
3
48
64
28
31
50
42
82
44
35
69
59
78
61
70
5
62
39
68
34
41
55
80
81
26
79
86
73
56
84
40
75
7
6
38
18
9
8
2
