149
18
58
61
70
79
92
99
112
118
123
124
133
134
144
146
161
165
167
173
174
182
185
190
194
195
196
199
202
214
219
220
225
228
241
274
307
309
310
317
318
333
335
344
347
349
370
373
395
396
407
411
414
417
424
429
432
456
458
463
470
475
481
484
502
506
507
525
527
531
539
541
545
548
551
557
560
563
569
571
572
580
582
588
604
612
631
633
646
660
664
665
667
669
675
677
680
684
685
686
690
695
703
723
763
787
789
791
806
810
812
813
823
826
830
843
844
862
864
872
886
894
901
903
916
919
935
941
944
950
955
959
969
1010
1026
1030
1032
1042
1053
1058
1063
1065
1068
1083
1085
1088
1094
1095
1096
1102
75
4
85
32
70
71
67
6
19
30
39
53
16
60
14
45
80
23
66
31
7
26
38
61
68
5
9
75
17
25
84
11
43
42
73
2
47
46
8
0
3
62
15
64
27
58
87
82
72
28
10
51
37
21
79
55
48
22
24
69
59
54
77
49
65
13
40
56
35
33
1
20
41
86
78
18
