78
64
69
89
109
157
162
165
174
189
202
245
248
271
280
295
307
310
311
320
394
439
451
452
459
469
470
475
477
506
532
551
583
584
599
617
629
631
653
677
698
707
765
800
871
920
968
1022
1038
1070
1086
1093
1113
1190
1235
1244
1252
1279
1282
1306
1316
1347
1351
1481
1494
1510
1538
1539
1553
1651
1664
1674
1679
1693
1732
1776
1793
1797
1804
114
12
69
37
138
2
66
88
164
83
70
117
124
68
103
147
42
142
113
28
32
33
121
98
94
74
154
55
134
52
13
158
106
93
105
141
73
59
38
89
139
123
101
126
4
56
104
120
157
145
112
18
128
51
27
137
91
90
15
156
72
111
76
159
150
110
22
153
92
132
6
24
26
122
86
133
43
36
45
82
96
143
49
34
162
54
29
50
62
129
58
77
46
146
84
41
19
9
35
75
149
10
63
14
97
109
5
78
160
3
44
102
161
0
125
