270
10
12
17
22
37
48
69
79
86
98
101
118
132
143
145
149
151
165
195
209
211
230
251
252
257
265
267
268
274
284
286
290
293
295
302
320
327
328
330
333
353
359
371
379
380
384
392
396
409
413
415
421
429
447
455
457
471
495
497
505
513
518
519
567
575
576
589
595
600
606
607
611
613
634
644
659
662
664
675
679
684
697
704
710
723
741
744
759
761
764
771
788
790
818
827
828
842
844
848
852
863
864
902
942
943
948
966
972
1015
1024
1028
1031
1050
1053
1055
1065
1068
1085
1095
1106
1119
1127
1144
1145
1159
1175
1187
1209
1217
1220
1222
1223
1235
1236
1253
1254
1284
1286
1296
1302
1315
1318
1361
1362
1368
1370
1375
1379
1380
1382
1401
1406
1420
1423
1457
1462
1471
1478
1487
1488
1507
1508
1513
1528
1543
1546
1557
1581
1584
1594
1598
1600
1601
1608
1613
1614
1616
1623
1640
1655
1663
1668
1671
1683
1692
1696
1698
1703
1726
1727
1733
1738
1761
1768
1774
1787
1795
1811
1838
1840
1843
1845
1850
1852
1865
1882
1892
1905
1927
1928
1935
1940
1954
1960
1961
1992
1996
1999
2005
2011
2028
2053
2054
2082
2088
2095
2098
2107
2113
2118
2122
2124
2152
2171
2189
2206
2208
2215
2242
2281
2293
2299
2303
2309
2321
2323
2336
2337
2346
2349
2362
2363
2375
2377
2389
2409
2416
2440
2448
2449
2473
2484
2485
2491
2498
2504
2513
2557
2567
2586
161
137
139
39
71
109
21
16
6
124
4
151
100
144
116
27
66
78
57
98
89
40
133
117
147
134
43
120
47
105
125
160
8
29
13
86
37
108
49
9
26
3
103
158
58
107
121
82
79
53
141
38
51
115
20
130
157
34
42
17
128
118
76
15
101
77
106
92
136
44
5
149
129
63
65
60
122
62
52
31
33
145
36
83
24
142
140
10
1
97
138
111
159
72
94
73
30
0
48
41
84
14
35
123
12
119
99
154
18
54
135
69
22
102
75
64
126
70
104
68
113
93
74
153
19
95
28
127
50
87
156
96
110
91
81
85
90
61
132
32
80
59
23
131
25
143
56
148
155
2
46
114
88
150
152
146
45
55
67
7
11
112
