145
3
46
49
51
63
70
95
105
108
119
124
131
145
171
177
193
217
227
251
257
270
278
291
297
310
355
366
368
385
390
407
413
442
456
472
491
512
517
518
522
526
532
549
568
569
570
580
620
673
691
697
715
741
765
802
812
833
837
849
857
873
886
926
960
966
979
1007
1009
1031
1062
1116
1147
1159
1164
1179
1230
1261
1323
1337
1352
1360
1362
1394
1395
1412
1421
1424
1442
1470
1473
1501
1516
1524
1525
1533
1538
1577
1587
1592
1642
1643
1649
1656
1663
1704
1710
1720
1726
1748
1842
1863
1873
1879
1907
1924
1951
1962
1980
2012
2013
2015
2040
2041
2053
2091
2123
2143
2145
2168
2175
2177
2187
2191
2193
2212
2252
2267
2300
2321
2329
2342
2357
2382
2391
2442
160
63
93
16
141
60
37
89
20
33
56
103
39
145
138
61
112
102
133
113
126
77
26
62
75
40
51
104
48
158
65
10
149
110
2
130
80
88
137
107
117
92
100
129
123
46
148
0
25
14
13
1
96
155
111
32
38
55
99
124
71
154
150
106
139
135
34
118
127
91
109
7
152
116
35
131
125
52
30
142
15
87
83
136
143
57
67
29
105
22
24
27
162
101
4
90
59
140
147
86
95
76
17
66
74
79
21
9
53
153
146
119
157
115
41
36
84
98
6
64
18
68
44
81
132
120
47
160
3
42
45
94
19
12
23
156
54
8
108
134
69
114
58
161
70
122
121
144
73
82
11
28
5
97
85
49
78
31
128
159
72
