149
26
34
59
70
79
91
102
105
120
123
133
148
163
165
185
187
196
202
203
204
212
215
216
219
221
227
229
236
238
245
253
254
256
259
264
265
267
282
287
295
296
307
310
333
335
338
347
359
360
363
367
408
409
434
438
447
456
462
466
481
510
512
516
518
526
535
554
556
559
565
571
590
592
593
597
598
604
619
626
628
635
640
642
644
649
658
664
665
675
684
686
694
702
704
714
719
726
729
734
763
770
795
804
808
818
821
825
828
831
836
839
846
862
868
877
881
882
886
887
890
894
912
919
921
935
940
954
958
959
961
974
976
978
980
990
1000
1003
1005
1006
1009
1010
1021
1026
1029
1041
1082
1088
1098
1100
76
6
20
57
28
44
18
74
53
71
58
55
87
69
31
16
61
1
86
82
42
8
75
63
73
10
14
26
81
72
46
48
35
84
76
37
51
3
30
78
59
25
49
32
62
70
24
38
80
23
67
12
33
54
77
5
9
15
47
7
0
41
60
2
83
66
43
36
22
29
52
17
4
11
40
19
27
