673
7
10
13
14
20
21
22
26
27
28
30
38
39
41
42
45
46
47
50
51
56
58
61
68
69
71
72
77
81
84
86
88
89
90
91
93
99
100
103
104
109
111
114
122
125
126
129
132
135
136
137
140
141
143
144
146
147
150
153
157
162
164
165
166
172
175
176
178
179
180
182
185
187
188
189
191
192
193
198
199
201
202
204
213
214
215
217
219
223
224
228
231
232
233
235
237
238
245
246
250
254
256
257
258
262
264
265
269
272
274
276
278
281
282
285
287
288
294
295
296
298
300
302
303
305
306
312
314
318
320
322
329
334
335
338
339
341
342
344
345
346
348
350
352
355
357
359
362
365
368
370
378
386
388
394
395
397
400
404
405
406
407
411
415
416
419
426
427
428
429
433
439
441
443
447
448
449
450
451
452
453
454
455
456
460
464
465
466
468
477
480
485
486
495
496
498
499
502
504
505
507
510
513
515
516
525
527
528
529
530
531
532
535
537
538
539
542
545
546
547
548
553
555
557
558
569
570
575
580
584
590
595
602
607
609
613
615
616
617
618
619
620
621
622
625
627
630
631
632
644
646
648
653
654
658
662
663
664
665
675
677
680
683
690
693
699
701
703
705
709
711
713
714
715
716
718
720
726
727
729
730
732
738
741
747
748
754
757
767
770
772
775
779
784
804
815
816
820
825
826
830
831
832
834
836
837
841
844
847
848
850
853
855
861
862
868
870
872
875
876
877
879
880
883
886
889
890
894
897
903
904
906
907
909
913
914
915
917
918
924
925
929
932
935
940
942
943
944
945
948
951
952
955
957
959
963
971
979
981
983
985
986
987
988
995
1000
1003
1006
1008
1010
1011
1015
1017
1018
1025
1027
1030
1032
1033
1035
1044
1045
1047
1051
1053
1054
1055
1056
1057
1058
1061
1063
1065
1072
1073
1076
1078
1079
1082
1084
1088
1090
1094
1095
1103
1104
1107
1108
1111
1115
1117
1118
1119
1120
1123
1129
1131
1136
1138
1139
1142
1143
1150
1157
1160
1161
1164
1166
1172
1175
1180
1182
1183
1187
1199
1206
1207
1213
1214
1217
1218
1220
1224
1226
1232
1234
1235
1236
1237
1241
1242
1245
1250
1251
1255
1256
1258
1264
1265
1268
1269
1270
1272
1276
1278
1280
1282
1288
1290
1291
1294
1295
1296
1298
1299
1304
1308
1309
1311
1314
1316
1321
1324
1328
1330
1331
1332
1335
1339
1341
1343
1344
1346
1349
1351
1353
1354
1357
1358
1360
1363
1364
1366
1368
1371
1376
1377
1387
1390
1391
1392
1393
1394
1397
1400
1404
1407
1408
1409
1412
1422
1423
1425
1430
1432
1436
1438
1439
1440
1441
1442
1443
1444
1447
1449
1451
1456
1463
1476
1478
1480
1482
1489
1491
1492
1494
1497
1498
1501
1502
1512
1514
1516
1518
1519
1523
1525
1526
1527
1530
1532
1533
1534
1537
1540
1541
1542
1545
1548
1554
1555
1557
1558
1560
1561
1564
1565
1566
1568
1572
1575
1576
1577
1578
1583
1585
1589
1594
1596
1597
1600
1601
1603
1605
1610
1611
1612
1613
1614
1618
1619
1625
1630
1631
1632
1634
1647
1652
1653
1655
1658
1659
1660
1665
1666
1673
1674
1676
1678
1683
1687
1690
1691
1694
1699
1707
1712
1714
1716
1719
1720
1723
1725
1730
1731
1732
1734
1735
1745
1751
1754
1756
1759
1761
1762
1767
1768
1770
1773
1775
1779
1785
1790
1794
1803
1804
1805
1807
1808
1814
1817
1818
1819
1820
1823
1828
1829
1831
1833
1834
1835
1836
1838
157
141
11
24
128
57
94
136
9
137
40
104
32
85
124
116
74
76
34
151
119
147
101
5
68
112
149
17
160
64
153
107
118
18
4
55
48
109
120
162
115
72
117
146
155
87
105
148
62
21
8
90
129
157
156
152
132
66
88
65
110
133
138
159
70
27
46
97
67
163
26
92
15
36
12
100
82
134
79
59
29
16
69
60
93
161
23
2
125
98
83
113
106
121
10
91
0
37
81
145
99
80
73
158
77
164
123
96
71
20
38
131
142
45
52
111
95
31
33
42
14
41
7
53
130
143
89
49
84
6
58
75
28
150
19
3
135
13
43
108
102
44
78
144
103
154
35
51
126
30
127
39
50
22
1
122
140
54
