149
27
39
41
47
50
54
61
62
68
76
81
82
85
90
98
108
114
116
119
140
146
151
155
159
162
167
174
189
194
201
205
216
232
235
243
247
253
257
263
265
270
271
274
275
281
291
293
295
301
307
314
335
354
356
364
393
395
398
406
428
435
437
445
456
490
494
508
511
516
521
522
524
525
527
531
540
558
576
579
583
591
600
602
614
639
641
648
649
651
660
664
681
683
686
707
709
710
719
728
729
734
741
751
756
780
801
809
817
819
830
831
844
859
862
863
877
884
886
902
903
917
927
929
946
955
957
969
980
981
983
988
995
1001
1002
1007
1012
1013
1022
1023
1034
1039
1048
1055
1056
1065
1070
1071
1074
1077
74
84
49
80
52
7
33
36
14
18
86
83
29
73
72
35
56
38
51
31
46
3
77
45
62
78
71
76
41
27
69
42
10
17
48
44
63
8
28
75
87
64
2
82
54
68
67
16
39
0
15
61
58
5
32
40
60
74
70
12
9
1
11
20
47
79
85
81
21
53
50
6
30
19
65
