248
3
14
16
20
27
37
51
64
85
92
98
105
121
124
128
132
135
139
144
162
186
194
213
226
227
236
256
260
278
282
285
316
321
329
334
337
343
347
351
352
355
375
390
391
393
408
422
436
449
454
480
482
492
495
499
527
546
551
563
564
565
573
581
594
607
618
621
627
660
663
665
692
703
708
716
736
806
807
816
818
838
844
849
877
879
887
902
908
912
917
936
943
958
969
988
1008
1011
1019
1026
1028
1035
1064
1067
1073
1094
1105
1110
1114
1123
1137
1154
1158
1171
1172
1181
1184
1203
1213
1237
1256
1263
1284
1314
1319
1337
1346
1350
1356
1362
1375
1396
1401
1407
1412
1416
1418
1423
1433
1434
1496
1505
1515
1526
1532
1557
1565
1584
1611
1619
1623
1650
1661
1678
1683
1708
1709
1713
1726
1729
1739
1753
1754
1774
1789
1801
1803
1807
1816
1825
1829
1859
1864
1866
1886
1892
1914
1920
1921
1922
1924
1933
1942
1951
1952
1987
2025
2027
2043
2061
2062
2078
2083
2105
2130
2135
2137
2170
2191
2211
2216
2220
2236
2248
2253
2273
2282
2286
2288
2289
2294
2312
2313
2345
2355
2358
2362
2366
2380
2383
2387
2396
2397
2408
2412
2421
2426
2427
2432
2435
2439
2441
2442
2450
2458
2461
2467
2470
2487
2493
2494
2500
2513
2572
2591
2600
2605
2606
2621
161
146
88
58
92
120
43
39
126
159
111
118
129
80
52
21
83
144
160
47
13
60
116
145
98
97
55
128
127
25
36
131
150
86
121
101
19
136
62
1
72
141
37
91
61
94
125
23
132
110
151
114
57
46
11
14
65
20
66
53
48
93
152
154
133
7
140
143
107
71
27
67
30
35
104
82
75
2
3
137
38
124
0
26
135
49
142
89
9
100
108
29
54
153
8
16
155
78
96
90
63
31
51
109
156
18
79
138
50
112
6
44
117
157
147
115
64
158
33
76
77
119
81
34
68
15
5
149
73
41
99
17
102
4
113
70
42
134
45
69
40
103
130
123
122
10
148
105
87
12
85
32
24
106
28
139
59
74
95
84
22
56
