71
94
157
166
180
201
250
251
261
331
338
355
359
404
441
454
471
502
546
557
576
600
649
704
714
759
773
777
789
796
825
836
840
894
912
938
986
1060
1065
1066
1069
1071
1079
1107
1125
1141
1148
1206
1214
1230
1280
1281
1298
1384
1409
1422
1454
1471
1495
1553
1592
1593
1643
1676
1685
1704
1710
1767
1805
1808
1809
1810
121
24
69
29
64
86
27
124
3
147
151
63
128
51
92
30
163
146
37
131
161
60
39
17
120
89
57
44
35
50
149
107
9
160
135
136
78
99
85
125
32
122
114
113
109
93
159
138
7
98
75
119
61
110
41
42
141
144
79
77
34
155
31
52
8
127
49
106
66
81
74
18
73
164
21
20
11
91
14
33
25
103
4
97
94
121
55
154
48
162
56
16
36
148
76
23
2
126
59
43
53
47
88
68
45
54
115
105
83
15
10
87
102
40
130
134
117
5
132
46
118
150
