122
55
58
70
86
120
125
156
213
242
244
276
279
298
305
338
352
366
367
369
376
408
423
427
453
457
460
508
530
567
579
603
604
607
612
621
674
686
689
692
714
723
745
748
758
769
797
815
817
862
872
883
936
952
954
971
975
984
1061
1114
1133
1174
1214
1238
1243
1247
1283
1301
1328
1334
1345
1370
1371
1373
1383
1424
1480
1600
1607
1613
1625
1627
1629
1635
1770
1787
1801
1859
1869
1891
1903
1926
1941
1956
1976
1982
2008
2020
2023
2035
2057
2083
2099
2106
2140
2177
2184
2189
2224
2225
2243
2249
2275
2296
2315
2337
2345
2346
2373
2375
2392
2406
2412
151
79
47
106
89
41
133
90
17
72
44
120
54
46
14
84
128
81
85
24
115
66
57
87
132
26
86
141
94
136
19
95
36
101
5
124
142
39
62
140
144
22
74
78
130
82
156
91
112
138
23
93
154
102
50
153
9
42
149
97
16
32
139
60
11
21
150
73
48
61
145
147
58
77
148
37
155
109
55
59
8
162
110
80
20
3
114
34
98
6
63
18
25
113
117
105
134
152
127
111
10
2
126
67
69
56
31
53
161
92
29
119
75
107
70
40
135
99
68
51
4
123
7
33
116
103
38
76
71
1
160
13
96
28
35
143
118
129
108
83
131
121
43
45
64
104
30
15
65
125
122
12
