69
36
51
73
91
122
187
253
258
261
264
296
306
415
432
452
460
506
513
526
540
569
585
594
628
638
676
711
730
798
802
810
964
969
973
996
1008
1019
1044
1045
1048
1049
1059
1181
1217
1225
1230
1241
1255
1285
1335
1362
1363
1381
1393
1420
1462
1473
1490
1520
1675
1696
1699
1700
1711
1715
1753
1759
1792
1794
113
76
57
96
60
112
20
116
83
44
97
109
90
151
2
56
147
88
121
64
136
154
8
37
133
10
43
23
73
92
29
98
124
160
113
72
70
119
32
35
104
120
128
140
9
150
132
164
146
102
89
18
30
61
27
155
51
62
68
131
54
149
111
36
6
14
156
141
161
107
134
158
58
3
28
71
52
40
110
81
4
99
47
148
79
137
123
159
19
152
135
122
12
49
65
115
24
53
50
69
77
0
93
108
55
91
13
142
144
145
153
101
82
129
