149
38
42
46
53
54
68
69
74
78
91
92
93
95
99
104
106
111
113
114
120
127
129
134
155
166
186
190
191
201
217
227
228
235
240
242
251
261
264
277
293
294
295
296
297
301
302
328
347
352
363
386
413
416
437
442
443
444
475
489
498
514
523
531
550
554
565
569
571
575
576
577
579
580
582
583
587
589
594
601
607
610
614
617
631
634
641
646
656
679
687
696
699
704
710
723
732
735
756
770
771
772
774
776
779
807
822
830
865
869
875
877
881
884
886
887
911
916
918
930
936
943
948
950
957
969
979
989
990
1001
1006
1007
1009
1011
1016
1019
1027
1028
1035
1037
1040
1041
1048
1051
1053
1058
1069
1087
1092
1098
76
78
18
7
56
6
60
72
2
31
71
80
13
11
41
55
82
81
59
79
5
65
42
40
49
63
69
16
77
61
86
34
35
3
70
74
22
43
26
38
68
51
39
44
83
75
4
57
62
17
20
19
14
25
9
54
32
53
10
73
47
67
24
52
29
48
0
87
8
28
27
1
50
76
37
58
45
