269
1
15
24
46
52
55
71
80
84
90
93
111
116
138
162
166
207
216
220
236
237
274
294
299
311
322
338
350
358
371
375
382
385
395
401
417
427
437
439
450
454
465
475
487
490
492
495
507
537
556
558
573
586
588
610
611
622
642
647
650
652
653
682
686
694
711
735
737
740
741
756
767
779
788
807
813
817
818
820
824
839
843
864
865
866
880
896
897
900
937
943
947
957
972
989
990
999
1003
1013
1029
1033
1034
1053
1063
1067
1085
1086
1090
1103
1104
1110
1114
1139
1140
1144
1172
1188
1191
1209
1214
1227
1241
1253
1255
1275
1281
1283
1284
1299
1330
1337
1344
1350
1352
1356
1378
1383
1390
1403
1404
1412
1414
1428
1448
1449
1450
1478
1499
1501
1511
1513
1514
1516
1525
1549
1554
1579
1585
1591
1592
1595
1645
1682
1695
1697
1708
1712
1727
1731
1735
1739
1740
1762
1794
1795
1802
1812
1830
1838
1844
1850
1852
1854
1860
1861
1863
1901
1902
1909
1923
1933
1939
1945
1967
1983
1994
1995
1998
2009
2011
2024
2038
2046
2061
2066
2075
2076
2082
2083
2085
2088
2097
2109
2116
2135
2177
2179
2184
2187
2195
2213
2216
2221
2228
2231
2232
2233
2257
2259
2261
2274
2275
2294
2300
2304
2315
2320
2326
2349
2360
2379
2382
2393
2406
2410
2415
2421
2434
2452
2455
2457
2460
2464
2466
2479
2496
2504
2512
2516
2529
2533
2537
2539
2568
2578
2584
2590
2600
2622
159
70
111
121
27
54
87
114
113
75
69
20
74
137
17
35
132
95
144
71
19
34
141
104
62
4
102
139
145
65
154
7
40
157
117
8
155
122
57
47
142
30
159
28
119
125
134
131
53
148
18
152
48
63
37
118
89
41
49
149
108
64
39
23
9
94
51
68
14
72
67
0
24
88
59
93
136
103
33
84
116
112
12
77
1
135
46
21
98
123
10
55
29
101
80
124
105
73
160
11
96
130
99
146
52
140
5
3
25
97
43
133
61
82
92
15
151
81
100
22
31
45
16
153
32
13
79
127
38
36
85
110
44
50
90
143
156
86
56
138
91
76
120
26
158
78
107
109
126
58
83
150
66
6
129
2
60
128
115
147
