141
125
146
162
163
166
204
229
235
237
250
251
266
267
282
306
442
451
453
457
460
468
469
494
502
519
533
548
568
571
585
607
635
654
665
700
702
742
783
810
841
877
908
910
912
932
934
941
952
1001
1011
1043
1048
1049
1073
1076
1092
1100
1110
1150
1177
1200
1225
1231
1234
1254
1278
1292
1338
1342
1362
1364
1429
1437
1438
1460
1475
1481
1482
1489
1503
1512
1564
1575
1584
1591
1625
1643
1652
1653
1655
1661
1675
1686
1688
1691
1693
1696
1774
1806
1827
1875
1898
1913
1918
1919
1924
1925
1949
1955
1971
1981
2010
2014
2019
2037
2043
2058
2100
2106
2109
2113
2134
2137
2166
2173
2176
2178
2232
2236
2239
2244
2259
2277
2310
2355
2360
2380
2386
2388
2408
2435
153
104
13
67
42
160
74
4
30
90
49
50
56
22
6
148
15
110
115
105
33
11
39
61
44
58
14
153
7
28
147
60
51
125
127
45
131
116
55
57
35
134
46
70
81
34
111
41
85
47
89
0
64
72
86
100
37
126
130
138
155
68
3
97
32
108
112
38
141
36
96
8
25
92
158
140
16
124
132
95
145
99
77
91
73
118
157
122
65
123
93
54
133
154
10
83
2
114
113
5
152
53
94
75
109
66
136
31
87
76
143
82
27
24
29
103
19
59
117
151
135
23
146
26
71
102
43
142
17
18
156
62
139
128
79
101
40
98
137
121
150
48
106
84
80
119
107
69
1
52
12
9
159
149
