126
142
156
161
192
209
219
257
282
358
364
365
391
406
454
457
458
460
470
516
577
586
601
656
677
683
709
735
739
752
767
778
786
791
797
805
807
851
853
866
883
887
889
903
913
916
975
992
997
1008
1034
1048
1061
1065
1077
1092
1107
1109
1120
1127
1143
1206
1209
1217
1230
1233
1252
1269
1307
1312
1359
1378
1383
1397
1431
1459
1471
1508
1557
1561
1563
1574
1575
1647
1653
1669
1676
1689
1737
1741
1745
1760
1761
1763
1810
1812
1817
1862
1868
1873
1874
1878
1896
1907
1973
2034
2049
2111
2113
2135
2145
2177
2198
2200
2216
2253
2272
2278
2279
2284
2343
2346
2353
2369
2379
2388
2424
152
147
51
108
98
151
62
54
45
57
88
115
142
12
25
34
158
50
101
15
130
75
23
7
36
40
143
14
38
86
56
113
61
92
109
28
80
48
122
0
29
16
145
31
70
161
111
140
90
37
96
106
74
26
152
76
105
30
103
144
66
128
89
119
148
1
53
134
39
6
22
125
67
129
110
19
69
20
73
150
2
91
126
154
120
94
68
97
55
81
85
49
132
10
162
59
137
118
27
124
8
52
43
135
5
153
13
100
84
41
114
78
11
138
32
64
141
44
24
83
71
18
79
72
93
133
156
58
63
102
3
149
77
155
9
127
82
33
160
146
123
157
46
104
159
117
116
112
17
42
60
107
99
