265
6
8
12
13
25
28
49
52
58
61
67
75
84
94
131
144
154
169
171
172
180
181
185
188
193
195
202
212
227
233
240
241
244
246
264
265
275
285
301
317
330
340
347
352
354
358
362
369
372
375
378
384
388
392
410
419
439
443
466
470
473
478
481
488
490
491
504
522
531
537
561
604
605
614
628
632
636
651
663
664
686
687
698
704
713
729
731
735
761
781
784
804
806
810
837
840
844
848
855
859
882
908
910
923
936
943
965
974
981
1001
1002
1045
1056
1057
1059
1067
1070
1072
1089
1115
1141
1142
1150
1158
1162
1163
1176
1211
1223
1225
1227
1240
1241
1264
1265
1281
1283
1289
1299
1305
1328
1348
1351
1354
1356
1386
1394
1402
1403
1406
1410
1417
1432
1436
1440
1454
1455
1472
1477
1479
1487
1514
1517
1535
1564
1565
1566
1587
1593
1600
1615
1620
1623
1636
1637
1648
1657
1669
1676
1679
1680
1694
1699
1701
1703
1709
1714
1717
1728
1730
1747
1763
1765
1815
1831
1842
1852
1856
1859
1923
1932
1957
1969
1984
1988
1990
2005
2008
2017
2023
2024
2035
2036
2040
2050
2078
2091
2094
2101
2103
2105
2111
2118
2123
2124
2149
2155
2175
2178
2181
2183
2204
2214
2228
2243
2254
2266
2285
2295
2298
2299
2306
2313
2328
2336
2360
2383
2389
2417
2419
2437
2454
2464
2475
2491
2503
2520
2525
2550
2571
2576
2594
2595
2612
2617
161
116
68
5
75
18
43
153
17
26
57
64
157
6
99
10
24
56
159
51
31
45
115
61
138
95
59
151
155
32
78
49
36
121
1
21
88
83
38
70
139
114
33
112
133
119
149
65
129
109
4
137
15
20
23
27
107
103
69
63
3
28
53
130
25
136
123
113
143
81
11
58
46
79
106
12
152
16
0
22
14
118
84
140
67
37
122
73
147
158
2
47
8
135
102
105
89
127
40
60
124
39
48
132
93
145
29
91
146
128
82
62
94
86
52
160
35
30
142
98
90
125
150
134
97
96
71
41
108
111
101
80
148
144
19
50
7
104
34
44
100
55
141
72
85
110
117
9
54
126
13
120
76
42
87
66
131
156
77
154
74
92
