132
201
223
229
235
266
277
278
280
307
326
372
409
455
460
463
467
470
487
496
499
504
546
571
572
591
613
633
640
641
649
661
671
688
691
698
700
702
703
707
713
747
753
761
765
776
778
780
781
784
792
793
802
807
828
830
847
855
866
878
888
918
924
948
978
1065
1074
1101
1104
1131
1136
1140
1149
1194
1202
1224
1241
1281
1282
1292
1334
1341
1363
1365
1380
1382
1444
1461
1472
1487
1494
1503
1547
1558
1635
1673
1708
1764
1777
1791
1805
1835
1836
1840
1846
1852
1856
1863
1894
1903
1907
1966
2010
2025
2032
2039
2143
2145
2159
2186
2202
2203
2250
2276
2322
2366
2380
2401
2410
2411
2416
2432
2435
153
99
114
153
70
102
3
77
57
131
151
155
40
161
158
75
157
86
54
52
120
112
111
80
127
5
108
126
146
103
1
15
96
72
89
10
154
105
137
93
23
71
134
147
58
76
84
74
61
87
32
122
132
139
47
118
64
160
25
95
48
45
2
135
20
7
83
24
90
81
141
107
0
88
39
18
43
148
100
110
35
128
150
12
78
116
92
29
143
101
27
60
91
63
14
8
82
13
109
11
79
33
136
123
56
104
121
69
38
30
31
59
94
62
19
6
138
115
130
55
156
124
66
17
44
129
9
144
125
97
85
36
22
53
46
51
68
98
149
162
42
113
4
41
67
73
26
145
28
140
142
119
152
34
