149
41
58
66
67
68
76
87
108
110
121
135
143
150
151
164
168
170
179
184
192
193
198
200
204
218
232
233
237
239
242
270
272
273
286
320
323
335
337
347
354
369
371
375
376
391
403
408
410
414
415
444
450
456
458
465
466
467
473
484
488
491
505
511
513
535
584
594
604
606
623
627
637
645
650
656
661
668
669
676
683
684
690
697
708
720
725
730
740
746
747
749
757
758
770
776
778
782
785
787
789
795
813
814
815
820
822
825
831
847
849
853
868
871
874
892
894
900
920
937
940
945
949
951
953
955
956
958
959
960
964
973
981
987
992
1002
1003
1012
1015
1017
1024
1025
1047
1055
1061
1063
1072
1082
1095
1106
77
37
41
75
54
4
44
85
31
7
49
3
64
26
48
32
53
18
80
61
29
0
16
87
56
24
21
86
68
72
59
58
77
51
82
65
14
13
15
71
10
46
28
63
20
74
83
62
12
38
33
35
8
19
11
81
78
5
69
45
76
1
6
34
22
73
55
60
27
39
57
9
43
84
67
36
79
47
