247
14
25
49
56
74
88
93
98
99
112
119
124
126
128
146
149
153
171
173
179
201
214
227
234
289
298
303
304
307
334
337
340
357
380
404
408
410
415
449
453
498
499
501
506
516
525
530
538
549
562
565
569
606
625
654
660
685
694
709
712
715
718
734
747
749
754
777
798
812
815
838
849
858
880
883
886
906
915
924
949
953
972
979
982
998
1008
1021
1024
1032
1033
1041
1055
1057
1058
1064
1065
1071
1076
1078
1086
1089
1100
1102
1108
1113
1133
1152
1153
1167
1173
1178
1187
1202
1212
1217
1218
1220
1248
1258
1264
1277
1289
1295
1307
1343
1355
1393
1404
1405
1407
1425
1430
1432
1439
1463
1474
1487
1495
1497
1499
1501
1518
1526
1532
1536
1540
1541
1544
1547
1562
1565
1579
1586
1631
1655
1657
1659
1689
1693
1705
1711
1717
1723
1725
1744
1748
1750
1751
1761
1765
1788
1797
1814
1827
1828
1854
1862
1866
1875
1890
1906
1914
1919
1950
1953
1957
1958
1967
1969
1989
2013
2017
2025
2029
2031
2089
2095
2104
2112
2117
2122
2130
2134
2166
2171
2189
2201
2213
2226
2229
2241
2243
2252
2255
2256
2262
2267
2269
2273
2288
2295
2298
2315
2324
2341
2348
2356
2394
2397
2403
2429
2435
2436
2438
2447
2458
2473
2482
2500
2505
2523
2527
2542
2558
2590
2617
2618
161
141
130
62
41
89
134
33
23
60
124
24
35
4
121
66
115
147
107
126
125
74
22
102
20
146
63
140
53
31
58
61
64
150
90
128
113
101
111
159
152
86
49
138
9
57
12
131
42
7
117
28
154
27
156
139
3
119
82
123
1
157
14
122
108
38
19
142
17
76
145
160
99
18
148
30
135
51
88
110
93
143
94
136
98
59
85
15
103
112
55
114
116
118
137
84
11
47
6
50
68
45
73
29
54
26
8
100
129
127
144
39
78
75
92
36
56
149
132
32
155
46
153
67
69
91
133
2
10
97
106
25
72
105
43
34
79
13
83
0
48
40
16
96
87
70
65
109
71
151
158
52
77
95
44
37
81
21
120
80
5
104
