235
17
25
36
46
52
67
88
98
104
108
127
133
148
188
192
194
237
243
257
265
266
269
277
279
299
303
305
319
336
362
370
371
401
419
421
461
468
472
475
487
503
525
534
546
549
555
556
557
576
588
594
601
606
622
639
646
660
662
664
666
675
676
680
700
705
707
722
736
738
745
751
759
783
813
851
874
882
887
901
902
928
935
937
945
946
951
959
981
1015
1026
1048
1057
1087
1096
1101
1107
1113
1122
1135
1137
1139
1141
1155
1156
1161
1171
1184
1199
1232
1251
1261
1303
1317
1321
1322
1326
1327
1328
1351
1366
1368
1377
1388
1420
1424
1441
1445
1452
1489
1507
1523
1525
1532
1535
1540
1557
1570
1578
1587
1589
1592
1606
1621
1636
1638
1643
1645
1652
1674
1686
1689
1692
1715
1723
1725
1729
1730
1738
1739
1742
1754
1767
1769
1775
1777
1791
1798
1864
1873
1875
1889
1891
1894
1909
1911
1920
1929
1943
1945
1951
1955
1957
1973
2011
2014
2041
2042
2051
2053
2064
2076
2086
2098
2103
2111
2117
2140
2147
2163
2164
2180
2190
2218
2222
2227
2237
2243
2247
2271
2289
2325
2327
2330
2337
2338
2370
2399
2410
2411
2444
2445
2464
2506
2508
2514
2516
2520
2534
2549
2550
2593
2596
2614
2623
2624
160
114
63
118
19
144
14
97
32
25
79
125
38
20
58
41
27
147
44
140
0
116
96
153
87
70
157
92
29
52
139
115
89
57
42
62
106
2
68
49
40
150
74
135
124
145
103
104
117
45
111
122
51
156
136
18
33
133
95
53
50
8
64
82
119
143
61
120
5
112
84
86
80
26
69
137
151
66
31
134
98
7
160
30
85
46
48
102
76
90
107
73
127
130
77
28
11
3
146
123
13
75
121
24
109
99
126
158
12
131
54
128
155
60
138
93
6
91
148
1
141
55
47
83
101
142
159
10
39
37
108
59
154
67
4
71
23
132
16
105
65
22
129
81
17
56
35
113
78
72
152
36
43
15
21
88
34
149
9
110
94
