632
13
15
18
23
24
25
27
39
40
45
50
51
52
53
56
60
63
67
68
76
77
79
82
85
86
87
91
94
96
99
105
106
107
110
113
115
117
118
124
127
130
132
133
135
136
138
140
146
151
153
154
155
160
163
164
165
166
167
168
179
187
188
190
191
193
195
198
202
207
213
216
221
222
224
231
237
241
245
246
251
253
257
258
260
262
264
265
266
272
273
274
275
276
277
278
279
281
285
289
294
299
301
302
303
306
307
308
313
314
315
316
317
318
322
324
325
326
330
331
332
335
341
342
345
346
349
353
354
355
359
362
365
366
371
372
375
378
385
386
389
390
395
396
407
408
409
412
413
421
423
425
430
431
434
436
444
446
449
450
454
459
460
461
465
466
469
471
472
473
476
478
479
481
484
490
492
501
505
507
508
510
511
515
521
526
527
529
531
532
536
537
538
541
547
552
557
560
567
570
575
577
578
581
583
586
587
588
589
593
594
602
607
611
615
616
617
619
622
624
625
629
631
633
635
639
640
649
651
654
659
673
677
680
691
693
694
695
696
702
704
707
708
715
720
727
728
729
734
736
737
739
741
742
748
750
751
753
754
756
757
758
761
763
764
766
767
771
772
773
776
778
779
780
781
786
790
792
793
794
796
799
800
802
803
805
806
807
808
809
810
814
820
822
823
825
826
827
836
837
840
842
848
849
851
852
854
855
856
859
860
864
867
872
873
874
877
882
885
890
892
893
894
895
897
898
900
902
908
913
915
918
920
921
922
923
924
925
930
937
940
949
950
951
952
953
954
955
961
962
964
972
975
983
984
987
988
989
993
998
999
1006
1007
1016
1018
1020
1024
1030
1032
1036
1037
1041
1042
1047
1052
1056
1066
1070
1076
1079
1080
1082
1088
1098
1100
1101
1105
1106
1112
1114
1120
1121
1122
1124
1127
1130
1131
1138
1141
1142
1143
1151
1156
1158
1161
1168
1171
1172
1175
1176
1180
1181
1184
1185
1186
1187
1188
1193
1196
1201
1204
1207
1208
1212
1213
1215
1216
1217
1219
1221
1223
1225
1228
1233
1239
1241
1242
1247
1249
1250
1252
1260
1267
1268
1273
1275
1278
1295
1299
1302
1303
1306
1307
1308
1315
1316
1329
1335
1340
1341
1342
1347
1350
1355
1357
1362
1370
1372
1376
1379
1381
1384
1386
1387
1389
1396
1397
1398
1399
1400
1407
1408
1410
1413
1417
1419
1423
1424
1426
1427
1428
1432
1434
1435
1436
1438
1439
1441
1443
1446
1449
1451
1460
1466
1467
1470
1471
1475
1481
1482
1484
1487
1493
1496
1497
1500
1502
1503
1506
1507
1508
1509
1510
1511
1513
1517
1521
1524
1531
1532
1538
1546
1547
1548
1551
1552
1553
1561
1563
1566
1571
1577
1580
1582
1583
1585
1586
1587
1588
1592
1594
1597
1601
1605
1606
1610
1614
1616
1622
1625
1628
1629
1630
1637
1638
1639
1642
1647
1648
1650
1656
1666
1669
1670
1671
1674
1675
1678
1682
1685
1689
1691
1692
1696
1699
1701
1702
1706
1707
1709
1711
1713
1718
1719
1721
1722
1724
1725
1727
1732
1734
1737
1740
1743
1744
1747
1750
1754
1766
1769
1770
1771
1772
1773
1777
1780
1782
1783
1784
1787
1788
1795
1796
1799
1802
1811
1814
1821
1823
1831
1832
1837
1840
157
4
52
34
147
161
0
3
122
10
144
48
103
69
45
74
26
126
28
81
68
120
108
94
18
156
89
22
130
72
47
51
117
15
95
66
83
88
105
14
109
20
62
148
56
40
67
112
162
39
140
6
49
110
123
63
19
116
25
53
38
64
29
151
82
129
78
54
104
135
9
30
55
125
154
136
44
42
50
84
137
59
143
159
164
127
90
31
163
113
97
58
43
138
102
65
153
115
12
57
157
17
75
73
2
142
87
79
133
99
160
141
7
119
5
13
27
118
1
80
21
60
134
32
158
16
149
77
155
139
101
106
152
41
111
46
131
98
61
86
70
93
23
100
76
92
8
128
24
96
132
146
36
150
145
114
107
91
