260
12
13
30
37
45
53
66
74
75
97
102
112
115
122
126
127
140
163
181
192
199
205
214
243
266
268
269
272
279
295
304
319
322
329
351
358
359
360
362
376
380
389
391
398
427
431
435
436
439
456
468
487
514
524
525
551
571
574
578
604
612
616
623
633
639
659
660
667
685
689
727
734
736
752
759
766
779
781
786
792
799
807
812
839
847
849
857
860
862
865
879
886
901
904
909
916
931
961
967
972
975
987
992
1010
1016
1021
1023
1025
1028
1029
1065
1076
1078
1086
1089
1092
1094
1120
1128
1150
1154
1157
1158
1164
1175
1180
1184
1191
1197
1199
1205
1218
1221
1228
1258
1261
1263
1264
1269
1308
1319
1320
1321
1328
1334
1335
1356
1358
1373
1378
1379
1395
1402
1422
1425
1426
1434
1436
1443
1449
1454
1458
1462
1483
1494
1500
1507
1509
1519
1523
1526
1530
1541
1543
1545
1558
1565
1591
1594
1595
1610
1619
1628
1630
1649
1660
1673
1677
1690
1705
1715
1763
1771
1775
1823
1837
1850
1857
1862
1864
1880
1892
1902
1907
1917
1929
1947
1951
1954
1964
1970
1971
1980
1983
1987
1992
1996
2007
2018
2025
2029
2042
2044
2049
2052
2054
2064
2077
2084
2090
2114
2134
2164
2170
2183
2203
2214
2250
2300
2305
2326
2327
2328
2339
2371
2387
2406
2469
2477
2485
2487
2521
2541
2556
2590
2592
2596
2613
2617
2618
161
130
146
153
68
87
132
3
145
137
136
49
103
107
52
50
134
71
102
82
90
69
95
91
96
133
44
123
42
147
143
151
39
109
154
144
61
157
41
148
8
81
110
97
45
23
13
47
135
141
121
100
98
114
55
58
48
34
77
1
156
11
27
21
72
0
32
85
28
25
79
108
15
67
150
104
129
2
106
142
17
124
120
88
138
119
9
115
113
31
59
101
76
26
4
66
158
14
116
74
83
99
75
89
92
60
70
62
73
51
24
19
140
30
43
111
18
22
12
29
94
128
5
118
152
36
93
64
112
122
63
149
155
57
7
125
56
117
159
105
10
16
38
131
40
6
78
126
37
46
127
53
65
35
84
20
33
80
86
139
54
160
