149
25
27
28
30
32
42
47
52
73
85
89
95
100
104
124
131
139
159
174
189
193
194
196
203
209
228
232
243
265
274
277
279
287
290
296
301
328
333
335
338
343
344
347
356
357
366
375
381
385
391
394
417
429
440
445
446
483
490
494
496
501
509
534
536
551
563
568
581
583
590
601
606
621
626
629
632
635
656
657
660
665
667
674
678
715
718
720
721
722
726
735
746
749
751
752
777
787
796
802
808
811
812
817
821
823
843
846
847
851
860
865
869
883
896
898
899
906
919
922
927
937
940
947
963
965
966
969
974
980
982
985
986
987
988
1019
1029
1032
1033
1036
1038
1042
1045
1053
1057
1060
1080
1089
1093
1099
74
71
76
30
56
62
5
2
9
8
53
12
54
38
11
29
31
52
3
20
14
49
22
72
80
40
34
57
27
70
83
39
73
59
65
58
60
67
26
43
79
35
87
7
86
74
51
37
46
75
0
23
45
19
36
84
41
13
42
4
28
68
69
78
16
32
50
85
77
1
18
66
81
63
61
