212
29
47
89
105
110
120
126
140
143
152
170
184
191
192
198
213
215
220
221
222
224
245
249
250
251
255
257
290
299
325
329
348
353
361
368
393
400
408
434
461
512
513
518
547
549
574
594
602
612
623
656
665
666
670
674
676
688
710
717
736
747
767
769
770
776
793
796
812
817
839
855
861
864
872
883
898
906
952
958
961
964
992
994
1009
1018
1023
1028
1029
1031
1038
1049
1056
1076
1093
1102
1103
1123
1136
1148
1186
1189
1196
1201
1202
1219
1239
1245
1247
1249
1253
1275
1280
1283
1286
1290
1300
1307
1310
1335
1359
1366
1370
1381
1382
1389
1417
1459
1469
1472
1481
1488
1507
1513
1573
1578
1580
1581
1592
1635
1636
1640
1673
1674
1704
1718
1739
1746
1753
1786
1796
1804
1816
1820
1826
1828
1839
1848
1850
1859
1862
1867
1883
1886
1919
1923
1924
1934
1940
1942
1945
1952
1958
1960
2011
2020
2028
2082
2104
2106
2132
2149
2163
2176
2204
2210
2228
2270
2275
2279
2325
2349
2356
2360
2366
2367
2378
2406
2414
2416
2424
2454
2466
2475
2489
2516
2537
2543
2566
2583
2601
2603
2620
154
72
92
112
10
83
34
122
30
105
145
53
65
67
148
37
46
58
131
107
130
71
62
102
88
123
36
66
29
69
56
50
141
97
70
26
82
109
104
90
38
3
136
18
25
31
32
101
129
119
28
47
120
24
150
20
8
21
52
19
68
77
61
147
0
157
128
86
55
5
135
33
22
39
146
115
125
152
78
7
4
159
74
45
44
99
96
144
27
121
126
118
59
84
15
49
51
149
40
17
1
139
73
103
153
75
143
79
142
114
137
91
127
154
23
113
95
60
111
35
100
151
124
9
41
2
98
57
6
89
85
76
81
43
106
158
14
48
42
94
117
155
110
108
156
11
160
13
116
134
132
80
93
63
16
