686
6
8
10
11
12
13
14
16
17
19
20
23
24
25
27
28
30
31
33
35
36
39
40
41
45
47
48
49
52
53
55
56
57
58
60
61
62
64
65
68
69
70
77
78
82
83
84
85
90
91
93
94
95
96
98
101
102
107
108
109
110
114
117
118
119
121
122
123
125
126
127
128
129
130
133
135
136
137
139
140
141
143
144
145
146
148
149
150
151
153
156
157
158
160
161
163
164
165
166
169
171
172
174
175
176
177
178
180
183
187
188
189
190
191
193
194
196
197
199
200
201
204
205
206
207
209
212
214
219
220
221
222
224
225
228
231
234
236
238
243
244
249
250
251
254
256
259
262
265
266
267
269
272
273
275
276
278
283
284
285
286
288
289
290
292
294
296
297
298
299
300
301
303
304
305
306
307
308
311
312
313
314
315
317
318
320
321
324
328
329
330
331
333
334
335
336
337
339
340
342
344
346
348
351
354
355
357
358
360
363
365
366
369
370
371
372
373
374
375
377
378
379
380
382
384
385
386
387
388
390
391
392
393
394
395
396
399
400
401
402
404
405
407
412
413
414
416
417
419
421
423
425
427
429
431
432
433
434
435
437
438
440
441
442
443
444
445
446
447
448
449
452
453
454
455
456
457
458
459
460
461
462
463
465
466
469
470
472
476
477
480
483
484
485
487
488
489
490
492
493
496
497
499
500
501
502
504
505
510
513
515
516
517
518
520
521
522
523
525
527
529
532
537
538
539
540
541
542
543
544
548
549
550
552
554
555
559
561
562
563
564
565
566
567
569
570
571
572
573
575
576
577
578
579
581
583
584
585
586
587
588
589
590
591
592
593
595
596
598
599
601
603
604
605
607
609
610
611
612
613
616
618
619
622
623
624
626
630
631
633
634
635
636
638
640
641
643
644
645
646
647
648
649
650
651
652
654
655
656
659
660
663
664
667
670
672
673
674
675
677
679
682
683
684
685
686
687
688
689
690
691
692
697
700
705
706
707
708
710
711
712
714
716
718
721
722
723
725
726
727
728
730
731
732
733
734
736
738
739
741
742
743
746
747
749
750
751
752
753
755
759
760
762
763
765
770
771
772
775
776
779
780
783
785
786
790
791
793
794
795
796
797
798
803
804
805
807
808
809
811
812
814
819
820
821
822
824
825
828
829
830
834
835
836
839
840
849
850
852
853
854
855
856
857
858
859
860
861
862
863
864
866
867
868
871
873
874
875
877
878
879
881
882
883
884
885
886
887
891
893
894
895
896
897
899
900
901
903
905
906
907
908
909
912
913
914
915
916
917
920
921
922
924
925
926
928
929
931
932
933
934
935
936
937
938
940
941
943
944
946
950
951
954
955
957
962
963
968
969
970
971
973
977
978
979
980
981
982
983
985
986
987
989
993
994
995
996
998
999
1001
1003
1005
1006
1007
1009
1010
1011
1014
1015
1016
1017
1018
1019
1020
1021
1023
1024
1026
1028
1029
1030
1031
1038
1041
1042
1043
1045
1047
1048
1049
1051
1053
1054
1055
1060
1062
1064
1065
1066
1067
1069
1070
1071
1073
1074
1075
1077
1078
1081
1082
1083
1085
1087
1089
1090
1094
1096
1097
1099
1100
1102
1103
1104
1105
1106
1107
84
49
86
36
6
55
51
57
64
19
14
46
41
61
63
50
72
67
27
3
40
58
56
13
78
48
60
80
28
26
81
53
16
73
30
77
42
45
52
11
32
65
2
5
7
18
59
37
31
17
8
29
87
76
15
10
24
83
25
84
22
21
1
68
20
75
69
35
23
12
9
62
54
71
0
38
74
85
44
82
79
4
39
47
43
