686
5
7
9
11
12
14
15
16
17
18
20
21
22
23
24
26
27
29
30
32
33
37
40
41
45
48
50
52
56
59
60
63
64
65
66
67
68
70
71
75
76
77
78
79
81
82
83
84
85
86
87
89
90
93
94
95
98
101
102
106
107
108
110
111
114
119
121
123
124
125
127
128
129
131
132
135
136
137
139
140
142
143
144
145
146
148
149
150
154
155
156
159
160
163
169
170
172
173
174
176
178
179
180
181
182
184
187
188
190
191
192
193
194
195
197
198
199
201
203
204
206
207
208
209
210
212
213
214
216
218
221
222
224
225
226
227
228
232
234
236
237
239
240
241
243
244
245
246
247
251
252
253
254
255
256
258
260
261
263
265
266
268
271
272
273
274
275
276
279
280
281
282
283
284
285
286
287
288
290
291
292
295
296
298
301
304
308
310
311
312
313
314
318
319
320
322
323
324
325
326
329
330
331
332
334
336
337
338
341
342
343
344
345
346
347
348
349
350
351
355
357
358
359
360
361
362
363
365
366
368
369
371
373
374
375
377
379
380
381
383
384
385
386
387
390
391
392
393
394
396
397
398
399
401
402
403
404
405
408
409
410
411
412
414
415
418
421
422
425
426
427
428
430
431
432
433
434
435
436
437
441
443
446
449
450
451
455
456
457
461
463
465
466
467
469
471
473
475
477
481
482
483
486
487
494
495
496
498
499
500
501
502
504
505
507
512
513
514
515
517
519
522
523
525
526
527
528
530
531
532
534
535
536
537
538
541
542
543
544
547
548
549
550
551
552
556
557
558
559
561
562
563
565
567
568
571
573
574
575
576
578
579
581
585
586
587
589
592
595
596
597
600
601
602
603
604
606
607
608
610
611
612
613
617
618
619
620
621
622
625
626
627
633
634
635
636
638
640
642
645
646
648
649
650
652
653
658
659
661
664
666
668
669
670
671
672
674
675
676
677
679
680
682
684
685
686
689
690
692
695
696
697
698
699
701
702
703
704
705
706
708
709
710
711
712
713
714
715
716
717
719
721
722
723
724
727
732
733
734
735
736
737
738
741
742
743
745
746
748
750
751
753
755
759
760
761
762
763
765
767
769
772
773
774
775
776
778
781
783
787
788
789
790
791
792
795
796
798
800
803
805
807
808
810
811
812
813
814
815
816
817
819
820
821
822
824
825
826
827
830
832
833
834
836
838
839
842
843
844
845
848
849
850
851
853
854
856
857
858
859
860
861
862
863
866
867
869
871
872
873
875
877
879
880
881
882
883
884
885
886
889
890
891
893
896
900
901
907
914
915
917
919
921
925
927
928
930
932
934
935
936
938
939
941
942
945
946
947
948
950
952
953
954
955
956
957
958
959
964
965
967
968
969
970
971
973
974
975
976
977
978
980
983
985
986
988
989
991
993
994
996
997
999
1000
1003
1004
1007
1009
1011
1014
1016
1018
1019
1020
1022
1026
1027
1028
1030
1032
1035
1036
1038
1039
1041
1042
1043
1044
1046
1047
1056
1057
1058
1060
1061
1062
1063
1064
1065
1067
1068
1070
1071
1073
1074
1077
1079
1081
1083
1084
1085
1086
1087
1088
1089
1090
1091
1092
1094
1095
1097
1099
1101
1102
1105
1107
84
3
42
38
43
46
45
52
2
41
40
29
78
9
33
67
80
66
31
86
85
26
39
81
34
24
84
87
35
61
73
17
32
51
5
56
59
7
55
6
54
15
60
18
28
48
50
19
30
68
63
12
4
27
13
47
83
72
21
77
36
71
16
8
22
65
10
62
20
49
69
76
74
82
75
23
64
58
14
79
11
1
37
57
53
