75
112
157
168
175
201
210
213
241
284
296
328
344
350
396
402
411
417
421
428
491
512
520
567
576
580
588
613
675
686
710
732
733
751
777
798
815
858
872
904
969
1012
1113
1150
1159
1188
1190
1208
1209
1254
1273
1285
1346
1355
1367
1374
1376
1377
1393
1398
1425
1426
1464
1498
1524
1539
1662
1665
1682
1683
1729
1747
1750
1782
1822
1831
120
71
121
49
16
118
37
17
39
48
50
93
13
51
1
101
42
77
149
64
25
154
73
70
144
117
91
76
135
153
61
110
41
74
164
104
156
141
159
147
62
162
82
53
142
81
55
54
133
151
8
100
65
29
92
56
15
40
66
161
128
69
79
124
83
132
139
14
68
160
88
43
78
45
84
148
57
130
33
32
136
115
87
31
113
22
145
24
89
114
23
10
26
146
20
143
94
0
6
35
19
36
98
123
11
46
28
59
102
72
150
163
126
134
125
112
152
7
107
44
9
