686
4
8
9
10
15
17
18
20
21
22
25
26
27
29
33
34
35
36
37
39
40
41
42
43
44
45
46
47
49
50
51
52
53
55
58
61
62
63
64
65
66
67
76
78
79
82
83
85
87
88
89
91
93
95
97
98
100
101
105
107
108
109
110
113
115
116
117
118
119
120
122
123
124
126
127
128
129
130
131
133
134
138
139
141
143
144
148
149
152
153
154
155
156
157
158
159
160
161
166
169
171
175
176
177
181
183
184
185
186
188
190
191
192
193
195
199
200
201
202
204
205
206
210
214
215
216
218
222
224
226
229
230
232
235
236
238
239
241
242
243
244
245
246
252
254
255
256
257
258
259
260
261
262
263
264
267
268
269
270
271
272
273
276
277
278
279
280
281
282
283
285
287
288
289
290
292
294
295
298
300
301
303
304
308
309
310
312
313
315
317
318
321
323
324
325
326
327
328
329
330
331
332
333
334
335
336
337
338
341
342
344
345
346
347
349
350
353
354
355
357
358
359
360
361
362
364
365
367
368
369
370
371
372
374
375
378
379
380
383
384
387
388
389
390
392
394
395
396
399
404
405
406
407
409
411
413
414
415
416
421
422
423
424
425
428
429
430
432
433
438
439
440
441
442
444
445
447
449
450
451
453
454
455
457
458
459
460
461
462
464
465
466
467
469
470
472
473
474
475
476
477
479
483
484
485
488
490
491
497
498
499
500
501
502
503
507
508
509
510
511
512
514
516
518
519
520
521
522
523
524
525
526
528
531
532
533
534
535
536
537
538
539
540
542
543
544
545
546
547
548
550
551
553
554
555
556
557
558
563
565
566
568
569
570
571
573
574
576
577
579
580
581
582
584
585
586
587
588
589
590
594
597
598
599
600
601
603
604
608
610
611
612
614
615
617
618
619
620
621
623
626
627
628
629
630
632
636
639
640
641
643
645
646
647
648
649
650
652
653
655
656
657
659
660
664
665
666
667
670
671
672
674
675
679
680
681
685
686
688
690
691
693
694
695
696
697
698
699
700
701
702
703
704
705
707
708
709
710
711
713
717
718
719
720
721
722
725
726
727
729
730
731
733
735
736
738
739
740
741
746
748
749
751
752
753
754
757
758
759
760
761
764
767
769
770
776
782
783
784
786
787
788
789
791
797
798
799
801
802
813
816
818
819
820
821
822
823
829
831
835
837
838
839
842
845
846
848
850
853
854
855
856
859
860
861
862
863
864
866
871
872
874
876
878
879
882
883
884
885
887
888
891
892
893
894
898
900
901
903
904
907
910
911
912
914
918
920
921
923
924
925
926
929
931
934
935
936
938
940
941
943
945
947
948
949
950
951
952
954
956
957
958
959
960
961
963
965
966
967
968
969
972
975
976
977
978
979
980
981
982
983
985
986
988
989
991
996
998
999
1000
1001
1004
1006
1007
1008
1010
1013
1015
1017
1021
1025
1026
1027
1028
1031
1032
1033
1034
1035
1036
1038
1039
1041
1042
1044
1045
1046
1047
1048
1049
1053
1054
1058
1060
1061
1062
1063
1064
1066
1067
1068
1069
1070
1071
1072
1073
1074
1076
1077
1078
1079
1080
1082
1083
1086
1087
1090
1092
1093
1094
1095
1099
1100
1102
1104
1105
83
80
46
65
9
45
25
34
29
43
51
48
67
75
6
68
31
63
82
14
60
62
56
72
26
69
38
35
71
5
76
85
7
22
16
27
73
47
78
86
4
13
39
87
57
37
24
54
3
77
1
23
44
84
83
53
41
70
32
52
33
19
11
58
50
49
20
0
64
10
30
59
36
18
8
2
28
42
17
79
12
40
81
61
