129
7
57
61
63
79
83
102
120
139
151
173
175
198
216
230
236
257
260
301
324
325
345
365
369
371
378
385
387
390
421
453
457
458
488
535
561
571
593
629
634
642
651
675
714
751
761
778
817
824
832
841
845
858
912
931
944
957
965
974
1028
1053
1074
1078
1094
1150
1245
1272
1335
1354
1364
1371
1379
1438
1454
1467
1497
1507
1518
1536
1560
1605
1620
1627
1644
1655
1656
1675
1687
1695
1725
1779
1792
1795
1829
1896
1924
1930
1937
1995
1999
2000
2022
2035
2042
2049
2077
2123
2129
2141
2181
2189
2194
2209
2234
2261
2271
2280
2284
2287
2295
2300
2303
2306
2332
2337
2368
2393
2409
2423
161
52
142
114
7
74
38
39
154
160
113
149
69
11
140
67
50
60
138
32
22
10
150
0
6
127
87
81
104
126
25
108
145
103
155
24
37
84
96
117
148
26
61
9
94
33
131
89
85
23
123
147
133
97
110
3
106
92
109
102
86
141
68
72
137
134
13
153
29
36
125
47
73
79
157
40
55
42
14
121
161
115
63
75
129
82
159
64
49
151
4
130
90
77
107
34
132
31
136
44
1
62
15
118
83
16
21
162
158
19
66
93
53
17
156
146
18
91
112
80
100
116
144
143
54
57
46
139
20
48
120
28
59
45
152
35
70
65
122
101
2
8
88
99
95
76
27
128
105
111
78
43
71
5
56
30
124
119
51
58
41
98
