243
0
5
47
59
65
74
78
83
91
107
112
136
143
156
162
193
195
197
204
208
216
241
247
251
264
289
290
293
298
299
334
341
343
346
365
366
369
379
387
396
398
427
428
445
446
450
460
473
491
523
541
580
607
611
613
618
626
636
657
723
731
734
739
747
765
769
788
803
807
831
832
849
869
888
894
916
929
937
947
949
950
969
975
996
998
1015
1029
1063
1088
1092
1124
1146
1170
1171
1172
1185
1189
1195
1205
1225
1246
1280
1285
1294
1304
1308
1314
1315
1318
1323
1342
1357
1358
1360
1372
1377
1382
1410
1412
1417
1419
1439
1453
1458
1461
1462
1481
1498
1500
1501
1507
1511
1523
1524
1526
1540
1555
1588
1600
1606
1623
1625
1660
1666
1683
1686
1690
1695
1701
1707
1715
1719
1720
1725
1752
1759
1777
1788
1800
1802
1806
1831
1835
1840
1844
1851
1860
1862
1866
1869
1884
1893
1905
1911
1929
1931
1942
1948
1953
1954
1988
1996
2001
2004
2011
2013
2017
2036
2043
2050
2065
2075
2078
2088
2089
2102
2103
2105
2108
2111
2122
2135
2153
2157
2178
2197
2200
2208
2209
2230
2231
2239
2265
2273
2303
2323
2326
2330
2340
2345
2351
2356
2357
2372
2381
2400
2408
2413
2459
2466
2469
2475
2491
2501
2522
2528
2542
2560
2565
2590
2604
2605
2606
160
14
96
91
107
148
144
150
83
138
143
79
22
141
74
123
64
132
4
131
6
90
86
32
92
44
160
152
56
58
67
125
106
126
89
80
26
63
3
73
30
57
81
13
36
66
48
16
147
149
109
142
9
11
127
159
17
102
99
0
55
40
46
25
118
35
151
120
51
104
110
68
34
77
21
153
8
112
111
19
72
158
133
136
119
124
70
29
113
135
108
93
94
95
105
97
122
2
100
24
31
128
41
88
33
50
38
39
18
85
1
10
121
20
157
146
23
45
98
115
139
28
116
49
130
145
154
12
65
129
47
69
7
103
60
27
117
78
54
87
71
156
53
114
134
42
52
140
76
59
82
75
155
62
137
15
101
84
61
43
5
