134
8
15
48
59
60
81
84
86
120
126
130
132
199
217
230
280
385
401
419
424
430
478
517
532
569
583
605
608
623
629
632
644
653
685
689
693
696
699
719
734
767
809
834
851
882
884
952
986
990
1010
1042
1059
1090
1120
1127
1131
1135
1150
1155
1157
1188
1192
1219
1239
1254
1262
1272
1280
1281
1283
1337
1422
1429
1454
1470
1480
1485
1490
1505
1508
1521
1552
1557
1567
1575
1599
1609
1615
1618
1639
1657
1661
1676
1686
1704
1775
1804
1817
1896
1973
1984
1986
2008
2031
2036
2043
2060
2075
2093
2107
2124
2125
2133
2141
2149
2173
2202
2204
2209
2220
2245
2259
2292
2318
2329
2343
2344
2367
2375
2392
2400
2402
2418
2437
163
89
49
72
105
133
15
62
85
65
148
22
38
123
110
153
21
98
71
116
37
30
151
122
32
90
135
147
73
28
79
149
82
95
106
101
150
35
20
99
54
109
64
45
159
53
23
88
77
97
0
31
59
56
107
10
86
12
40
3
57
94
44
69
162
24
76
66
160
144
132
125
78
9
137
142
128
19
118
83
43
139
14
4
2
104
156
29
52
5
33
145
108
158
36
161
27
103
124
63
8
74
121
96
93
111
51
102
75
146
60
16
114
58
115
143
81
46
34
1
84
112
152
119
155
113
134
92
91
39
55
68
50
87
126
138
129
7
100
157
42
41
130
70
136
26
17
47
80
25
140
13
11
48
154
18
67
131
120
61
141
117
127
6
