149
5
33
36
45
54
98
144
185
189
195
213
239
255
262
272
298
324
390
413
419
427
428
467
474
476
547
573
579
599
614
644
675
695
738
742
747
810
815
832
846
855
862
871
897
925
927
929
933
935
941
946
971
986
992
996
1008
1021
1044
1045
1063
1085
1087
1090
1101
1111
1138
1143
1167
1174
1185
1193
1194
1221
1255
1274
1276
1278
1340
1341
1370
1395
1402
1407
1434
1457
1463
1493
1508
1523
1533
1553
1567
1572
1620
1637
1646
1686
1692
1709
1743
1756
1778
1786
1797
1812
1813
1817
1824
1840
1852
1871
1881
1882
1906
1932
1936
1987
2016
2017
2021
2027
2053
2074
2102
2109
2110
2112
2167
2233
2263
2271
2278
2284
2296
2301
2304
2311
2314
2333
2334
2344
2354
2358
2371
2386
2401
2427
2428
2434
163
76
0
153
69
86
20
120
116
50
92
129
49
87
155
95
34
19
68
127
39
111
122
47
143
66
24
102
154
112
78
150
107
4
151
117
152
65
113
81
22
119
85
160
46
13
25
121
57
115
97
130
36
27
7
161
142
90
162
158
17
16
53
62
106
5
18
29
133
60
11
42
128
103
157
43
40
101
109
8
63
82
67
147
131
44
149
73
3
64
59
94
93
98
9
71
14
12
23
123
61
91
83
75
28
99
35
72
1
37
138
104
145
140
2
15
51
38
58
33
135
156
126
45
132
74
88
124
146
134
70
6
110
125
77
137
141
31
54
118
10
136
56
108
55
80
105
139
26
144
52
48
96
41
21
100
159
84
30
114
79
89
32
148
