667
7
14
16
18
20
23
24
25
26
29
32
33
42
51
54
57
64
68
70
72
73
74
75
78
79
80
85
91
92
101
103
105
107
108
109
114
121
124
126
129
131
132
134
136
138
139
144
149
150
151
155
157
159
161
163
164
166
168
169
170
171
172
173
182
183
185
187
190
191
192
197
202
205
207
208
209
210
213
214
217
218
219
220
222
224
226
231
232
233
235
236
239
240
241
243
245
252
253
256
260
267
269
270
273
276
292
295
296
298
301
302
304
307
309
311
313
314
317
320
321
326
328
331
333
334
336
338
341
342
347
350
351
353
355
357
358
359
363
364
367
368
371
375
378
383
384
388
389
391
394
395
396
397
399
401
405
421
422
425
429
438
440
444
447
448
450
452
454
455
457
461
463
465
466
467
470
471
476
480
483
485
487
489
492
493
494
498
499
501
505
507
508
510
513
517
518
520
523
524
528
530
534
536
542
547
549
554
558
564
570
571
572
573
574
578
579
582
583
585
586
590
591
593
597
600
601
602
603
605
607
612
613
616
617
621
635
637
638
640
645
647
653
654
656
657
658
662
665
666
668
669
671
680
681
683
685
689
690
691
698
699
707
708
709
715
718
720
728
729
734
737
738
741
743
751
752
754
761
763
766
767
768
770
777
778
783
784
785
786
787
791
794
795
796
800
808
812
813
817
819
820
821
824
838
839
842
843
844
846
849
853
854
855
857
858
860
862
863
865
867
872
878
880
881
884
891
892
895
896
898
910
916
920
921
925
927
932
934
938
939
942
943
948
950
956
958
959
966
972
974
975
977
987
988
989
990
992
997
998
999
1000
1004
1006
1008
1009
1010
1015
1016
1019
1026
1028
1030
1031
1032
1036
1040
1041
1042
1049
1054
1055
1057
1058
1059
1060
1061
1071
1074
1075
1079
1081
1082
1089
1090
1091
1093
1099
1103
1104
1105
1113
1116
1117
1120
1121
1122
1124
1127
1128
1129
1132
1133
1138
1140
1144
1150
1155
1158
1160
1164
1169
1170
1174
1175
1179
1180
1181
1185
1193
1196
1198
1201
1202
1210
1217
1218
1219
1222
1224
1229
1235
1237
1240
1242
1247
1250
1252
1255
1257
1259
1263
1266
1272
1274
1280
1281
1283
1285
1290
1294
1296
1298
1299
1300
1303
1305
1306
1312
1313
1319
1320
1325
1327
1332
1339
1342
1343
1344
1353
1356
1357
1359
1360
1362
1365
1366
1369
1371
1372
1373
1375
1377
1383
1389
1390
1392
1393
1396
1398
1400
1403
1404
1406
1407
1411
1420
1424
1426
1428
1429
1430
1435
1436
1437
1440
1441
1442
1443
1446
1448
1449
1452
1456
1457
1462
1464
1468
1469
1470
1472
1473
1484
1485
1488
1491
1493
1495
1505
1506
1508
1509
1511
1512
1519
1520
1526
1528
1529
1532
1536
1537
1538
1539
1540
1544
1548
1550
1551
1552
1555
1556
1558
1559
1563
1566
1570
1572
1577
1578
1580
1582
1583
1584
1592
1594
1598
1599
1601
1602
1603
1605
1606
1613
1618
1620
1621
1623
1624
1627
1628
1634
1635
1637
1638
1641
1643
1653
1654
1657
1658
1660
1664
1665
1669
1671
1672
1673
1676
1677
1679
1681
1682
1683
1688
1690
1692
1693
1697
1702
1707
1709
1711
1714
1716
1719
1720
1721
1723
1726
1727
1731
1734
1736
1739
1740
1741
1742
1744
1747
1756
1757
1764
1766
1768
1770
1773
1776
1778
1780
1781
1786
1791
1795
1798
1799
1804
1806
1817
1821
1823
1824
1825
1832
1836
1837
1838
1840
157
67
11
36
93
109
112
43
105
111
91
26
135
118
132
160
30
147
62
108
125
3
124
161
128
123
81
73
130
136
122
74
119
13
64
141
35
19
113
72
9
155
127
70
25
59
0
134
69
79
84
57
100
47
56
144
66
139
107
86
151
85
97
143
89
82
94
88
40
129
103
15
71
23
150
121
6
115
68
99
114
34
22
49
116
83
42
50
48
157
45
90
138
75
29
164
158
5
37
2
31
18
126
87
28
77
38
33
39
54
55
51
20
12
159
163
145
102
153
76
117
162
80
21
149
27
7
14
1
156
148
146
46
10
133
152
106
78
96
24
4
16
63
101
44
154
104
98
17
8
131
110
53
41
60
65
142
120
