686
0
9
11
13
14
15
16
17
20
21
22
28
29
30
31
32
33
34
35
39
41
42
43
44
45
46
47
48
49
50
51
52
53
54
55
56
57
58
61
62
64
65
67
68
71
72
73
74
75
76
79
81
82
83
84
85
86
87
88
89
91
92
94
96
97
98
100
101
102
108
110
111
112
113
115
117
118
119
120
123
124
125
126
127
128
129
133
136
138
140
142
146
147
148
153
154
155
156
158
159
161
162
165
167
168
169
173
174
176
177
180
185
189
191
192
194
195
197
199
201
202
205
209
210
211
214
215
217
218
219
220
221
223
224
225
226
227
228
230
231
232
233
235
237
239
240
242
244
245
246
248
250
251
252
253
257
258
260
261
262
263
264
266
267
268
270
271
272
273
275
276
278
279
282
285
287
288
290
293
295
297
298
299
301
305
307
309
313
315
317
319
320
322
324
328
329
330
331
332
333
335
337
340
341
343
345
347
348
349
350
352
353
356
357
358
360
362
363
365
366
368
371
372
373
375
376
377
378
379
382
383
388
394
395
399
400
401
405
407
410
411
414
415
416
417
418
419
420
422
424
425
426
428
429
431
432
433
434
435
437
438
441
442
447
448
453
454
455
457
459
460
464
465
467
468
469
471
473
475
477
480
481
483
484
485
488
491
492
496
497
499
501
503
504
506
507
509
511
512
513
515
518
520
521
524
531
532
533
535
537
538
540
541
542
543
545
549
550
551
552
553
554
555
556
559
562
563
564
565
567
568
570
572
573
574
575
577
578
579
580
581
583
585
587
590
592
593
594
595
597
598
599
600
602
604
608
609
610
611
614
615
617
620
622
623
627
628
629
631
632
633
634
635
636
639
640
641
642
646
648
654
655
656
657
659
660
662
663
664
665
666
667
669
672
673
675
676
677
679
680
681
685
688
689
690
691
692
693
694
696
698
702
703
704
706
707
708
710
711
714
715
716
717
718
720
721
722
723
724
725
726
728
730
731
732
733
734
736
737
738
741
742
745
748
749
750
751
752
756
757
759
761
762
763
764
766
767
768
769
770
772
774
775
777
783
784
786
787
790
791
792
793
794
797
800
801
802
803
805
807
809
812
813
814
816
818
819
820
822
823
824
826
827
831
833
834
835
836
838
839
840
841
842
843
844
845
846
847
848
851
852
853
854
856
857
858
859
863
865
866
867
868
869
871
872
875
877
879
880
881
882
885
887
888
890
891
894
895
896
898
899
900
901
903
904
905
907
909
911
912
914
915
916
917
919
920
921
923
924
926
927
929
930
931
932
933
935
936
939
940
941
942
943
944
945
946
947
948
949
950
951
952
953
956
957
959
960
962
963
964
965
966
967
968
969
970
973
974
975
976
978
980
981
983
984
986
987
988
990
992
993
994
996
998
1000
1001
1002
1004
1006
1008
1009
1010
1011
1013
1015
1017
1018
1019
1020
1021
1022
1023
1024
1025
1026
1027
1028
1029
1031
1032
1034
1035
1036
1038
1039
1040
1041
1044
1046
1047
1048
1050
1052
1053
1054
1055
1057
1058
1059
1060
1061
1066
1068
1071
1072
1073
1076
1078
1079
1080
1082
1084
1085
1089
1090
1092
1093
1094
1096
1097
1099
1100
1101
1104
1105
1106
81
20
65
76
33
74
17
38
36
59
56
87
21
11
6
46
84
71
31
39
52
43
78
49
79
8
27
63
3
2
77
86
45
23
60
73
37
5
22
68
58
82
1
67
25
24
54
85
41
47
69
53
30
72
4
64
80
34
61
62
48
15
83
35
44
57
75
16
7
28
51
14
70
19
40
13
10
42
18
81
9
29
