262
36
64
65
86
98
101
115
131
159
167
183
186
212
238
252
256
257
262
263
289
293
294
303
327
339
343
353
368
371
389
393
405
413
436
440
455
470
476
481
495
496
497
503
506
518
583
612
634
639
645
656
669
672
694
718
723
726
761
769
776
780
794
800
805
814
817
839
853
855
857
861
870
904
914
928
937
948
949
951
956
960
963
969
976
981
1003
1004
1029
1035
1045
1052
1065
1075
1109
1113
1126
1129
1149
1151
1163
1174
1178
1188
1200
1206
1232
1241
1262
1263
1272
1280
1287
1288
1293
1299
1305
1323
1325
1335
1342
1357
1359
1363
1366
1367
1393
1415
1431
1437
1447
1450
1451
1454
1459
1460
1479
1497
1507
1513
1522
1539
1550
1556
1569
1582
1593
1597
1600
1604
1617
1620
1636
1639
1651
1656
1663
1701
1711
1719
1723
1726
1729
1733
1740
1741
1759
1762
1765
1771
1790
1792
1805
1830
1838
1848
1863
1864
1868
1881
1883
1887
1889
1901
1952
1962
1981
1989
2000
2003
2024
2041
2044
2049
2050
2059
2061
2095
2128
2144
2145
2148
2157
2166
2179
2182
2186
2193
2203
2213
2215
2216
2228
2240
2243
2274
2286
2294
2299
2301
2309
2312
2325
2343
2345
2355
2356
2357
2369
2380
2382
2386
2397
2405
2406
2407
2408
2422
2438
2439
2440
2443
2447
2453
2463
2464
2465
2466
2496
2498
2504
2511
2512
2519
2521
2528
2547
2551
2555
2581
2592
2615
2620
154
33
128
116
62
145
49
92
56
16
119
19
160
53
50
120
8
65
113
51
79
108
54
44
105
48
106
72
130
131
42
95
154
69
0
46
1
85
17
139
94
157
47
159
77
20
91
5
117
122
134
25
32
123
12
61
55
70
100
86
67
15
132
39
153
80
151
135
99
141
30
52
142
114
63
57
45
103
129
110
9
10
98
34
83
24
148
96
7
74
97
87
104
149
143
28
158
41
23
102
146
27
138
84
64
127
11
89
38
144
115
26
13
36
68
150
147
82
6
21
118
121
14
75
31
71
78
29
124
155
18
111
133
76
2
126
93
40
90
112
156
81
60
73
4
107
140
58
136
152
43
37
137
125
66
