132
0
7
8
10
13
16
25
43
63
87
112
128
140
161
177
200
208
214
230
246
273
292
314
352
396
436
447
457
492
571
610
612
619
634
644
667
676
678
690
709
711
715
741
766
772
783
808
819
821
866
930
950
956
966
989
1046
1049
1064
1100
1126
1164
1174
1176
1195
1207
1229
1259
1267
1268
1280
1309
1335
1345
1351
1384
1399
1415
1418
1423
1455
1458
1471
1500
1501
1505
1515
1537
1543
1552
1562
1586
1610
1611
1627
1648
1666
1690
1698
1754
1808
1827
1877
1878
1880
1911
1954
1983
1995
1999
2032
2035
2064
2072
2079
2089
2214
2235
2260
2274
2286
2347
2360
2367
2372
2375
2406
2413
2427
2430
2431
2437
2446
163
35
3
27
102
85
13
43
122
143
91
86
118
31
95
25
8
121
104
149
10
26
49
30
28
119
82
19
152
9
140
68
101
154
92
136
50
5
108
138
156
15
157
75
66
78
79
77
134
11
64
148
62
97
158
73
54
1
123
116
100
127
147
80
161
47
42
128
74
129
69
141
124
103
60
38
88
93
6
90
37
7
135
162
132
72
16
89
65
137
125
106
53
113
81
83
57
145
20
131
109
112
24
151
105
59
23
32
63
84
76
61
107
114
144
139
33
4
133
46
153
150
2
55
155
146
110
18
45
115
98
44
71
36
22
14
94
120
12
130
160
34
70
56
41
117
0
159
21
17
126
51
29
142
96
52
48
99
58
87
40
67
111
39
