249
1
12
23
30
35
45
51
67
73
86
91
106
121
145
170
174
176
190
192
214
215
223
224
243
250
256
267
272
285
302
304
309
320
326
328
329
335
349
352
354
376
391
411
412
439
452
459
480
495
505
508
529
535
538
541
545
549
554
558
559
560
563
565
590
592
597
606
622
624
628
630
651
667
669
672
679
685
690
696
699
714
726
754
773
784
798
805
807
810
814
821
826
836
841
842
843
850
869
883
890
894
906
911
915
926
948
957
987
990
1011
1023
1024
1037
1042
1046
1066
1090
1099
1107
1123
1150
1163
1190
1193
1200
1206
1207
1212
1216
1239
1242
1252
1254
1255
1273
1280
1285
1293
1295
1322
1330
1333
1335
1361
1368
1371
1380
1384
1405
1407
1427
1463
1464
1468
1480
1481
1484
1490
1494
1501
1502
1546
1557
1573
1596
1599
1606
1618
1623
1627
1640
1641
1656
1657
1659
1677
1713
1739
1741
1743
1749
1765
1777
1781
1782
1783
1810
1815
1832
1852
1879
1895
1896
1900
1924
1925
1951
1953
1963
1983
2004
2056
2067
2069
2090
2092
2094
2106
2113
2120
2122
2129
2132
2133
2135
2151
2160
2179
2225
2230
2279
2321
2325
2340
2355
2358
2365
2370
2383
2388
2392
2401
2414
2415
2425
2433
2438
2449
2450
2469
2494
2507
2517
2532
2550
2560
2598
2610
2619
160
125
102
38
35
7
78
8
129
85
95
48
17
103
44
3
36
32
110
18
39
84
121
20
9
54
16
100
22
42
80
113
31
67
126
10
72
136
12
143
55
109
52
1
99
71
69
70
2
83
76
27
6
154
128
21
111
157
139
118
106
115
131
37
47
77
94
114
46
19
101
25
45
33
105
107
134
86
91
73
119
150
159
141
147
120
63
158
153
30
140
29
41
40
90
146
56
155
112
82
68
93
98
148
88
61
145
43
74
97
34
135
117
108
151
79
51
59
4
152
132
87
96
124
13
122
81
14
89
23
5
64
62
92
11
104
28
65
130
26
137
149
127
144
133
24
53
142
49
57
160
0
58
66
116
123
138
75
50
156
60
