672
12
13
16
17
18
21
23
29
31
32
34
35
39
40
41
42
48
54
56
58
67
68
69
71
77
78
80
82
83
85
88
90
93
99
106
110
111
112
115
119
122
123
129
131
132
134
137
138
140
146
148
151
152
155
157
162
164
166
171
176
180
181
182
184
189
191
192
194
198
200
201
202
204
208
210
212
214
215
221
222
223
225
227
228
229
230
234
237
242
244
245
246
247
248
254
255
260
264
265
266
267
269
270
274
280
283
286
287
288
289
290
294
295
296
297
302
305
307
314
320
324
327
331
333
334
335
338
339
342
343
348
352
353
357
361
377
381
382
384
385
387
391
396
397
399
400
401
403
405
411
416
417
418
422
429
430
431
432
435
436
437
438
441
443
444
446
455
459
465
466
467
473
477
485
486
488
490
491
492
493
496
498
499
500
502
503
507
511
512
514
515
516
519
520
524
525
526
527
531
537
541
543
552
554
561
562
563
567
568
575
579
581
582
583
584
585
587
588
589
592
599
601
604
607
608
610
611
613
620
622
623
625
627
631
640
641
643
649
650
651
652
657
662
667
671
672
674
675
676
680
683
685
688
689
691
692
697
708
710
712
713
715
716
718
726
728
729
730
734
735
738
741
742
743
752
753
755
756
759
760
761
762
764
767
774
775
777
781
784
785
787
789
792
798
799
801
808
811
816
818
821
822
825
827
833
834
841
845
846
850
853
859
861
862
866
867
874
879
880
881
883
884
889
894
897
900
901
906
908
913
914
918
920
926
928
932
934
939
940
943
944
950
953
958
959
965
967
970
971
975
976
986
989
992
994
997
998
1001
1003
1005
1006
1011
1013
1014
1019
1021
1022
1027
1029
1031
1032
1036
1039
1040
1041
1042
1043
1045
1048
1049
1050
1052
1054
1057
1058
1060
1063
1068
1070
1073
1076
1077
1079
1080
1081
1082
1087
1088
1089
1093
1095
1097
1106
1108
1114
1117
1118
1119
1124
1125
1133
1134
1136
1144
1147
1150
1151
1152
1155
1156
1159
1160
1167
1173
1174
1180
1181
1182
1183
1185
1187
1188
1191
1192
1193
1195
1196
1199
1209
1210
1211
1212
1214
1217
1220
1222
1224
1228
1230
1231
1232
1233
1242
1245
1247
1248
1252
1253
1255
1257
1262
1264
1265
1267
1268
1270
1272
1274
1279
1280
1284
1286
1291
1293
1295
1297
1299
1304
1305
1314
1316
1317
1318
1324
1327
1329
1331
1335
1342
1346
1349
1351
1359
1361
1367
1368
1369
1371
1373
1374
1376
1379
1380
1382
1384
1386
1391
1403
1406
1411
1413
1414
1417
1419
1421
1422
1423
1426
1430
1431
1432
1437
1440
1447
1448
1449
1453
1455
1457
1461
1462
1474
1476
1479
1481
1483
1487
1492
1493
1494
1495
1500
1501
1504
1505
1506
1511
1513
1514
1517
1518
1526
1529
1531
1534
1535
1539
1546
1547
1551
1556
1559
1561
1564
1565
1566
1567
1575
1577
1579
1580
1582
1584
1589
1600
1601
1603
1607
1609
1612
1613
1614
1615
1616
1617
1618
1619
1622
1627
1629
1630
1631
1634
1639
1641
1643
1648
1650
1652
1656
1658
1659
1663
1667
1668
1670
1671
1677
1678
1684
1688
1689
1695
1696
1702
1707
1708
1713
1715
1716
1718
1719
1720
1723
1725
1726
1728
1729
1733
1734
1737
1740
1741
1743
1744
1750
1755
1757
1759
1760
1761
1762
1766
1768
1771
1773
1774
1777
1778
1780
1785
1787
1791
1796
1799
1801
1804
1808
1815
1816
1819
1821
1822
1823
1824
1828
1829
1831
1832
1836
1837
1840
157
49
80
9
89
101
158
154
76
102
79
142
99
143
2
34
163
97
108
68
15
72
74
61
73
13
146
27
113
124
117
40
137
56
32
5
3
115
162
128
130
95
12
71
62
51
121
107
14
4
35
31
155
151
120
159
122
160
17
98
22
91
18
1
77
52
133
105
37
134
85
53
54
66
26
83
28
138
42
46
19
125
112
156
88
23
58
30
57
161
55
94
20
69
140
135
82
10
118
70
78
75
111
0
36
64
104
93
8
136
81
60
149
145
59
86
16
144
6
7
153
24
50
84
43
63
47
41
141
129
11
119
106
148
96
123
39
109
126
127
67
116
33
100
132
29
92
90
157
65
131
45
25
110
103
147
21
44
