686
4
7
8
10
13
14
15
16
17
19
20
21
22
23
24
25
27
28
31
32
33
34
35
36
37
39
40
42
43
45
47
48
49
50
52
53
56
57
58
59
60
61
62
63
64
65
67
69
71
73
75
76
77
78
79
82
83
84
86
87
88
92
94
95
96
97
100
104
105
107
108
109
110
111
113
115
116
118
119
120
121
123
124
125
127
128
130
131
132
135
136
137
138
139
143
144
145
146
149
150
155
160
164
165
166
168
171
172
173
174
175
176
177
179
180
181
182
186
187
189
191
192
193
194
197
198
199
201
202
205
206
207
208
209
210
211
212
213
215
217
218
220
224
225
226
227
228
229
230
232
233
235
236
239
240
241
242
243
244
245
247
248
249
250
251
252
253
254
257
259
260
262
264
265
266
267
269
270
271
274
276
278
279
281
282
283
289
291
294
297
298
300
301
303
304
305
307
308
309
310
313
315
316
317
318
322
323
324
325
326
327
329
332
333
336
337
338
341
342
343
344
345
346
350
352
354
356
357
360
361
362
363
364
365
368
369
370
372
373
375
379
382
383
384
385
388
389
390
391
392
393
394
396
400
401
402
403
405
406
408
409
410
411
412
417
419
420
421
424
425
427
428
429
430
431
433
434
436
439
440
441
442
443
444
445
447
448
450
452
453
454
455
457
461
462
463
465
466
467
468
469
470
472
474
475
476
477
478
480
481
482
483
484
489
491
493
494
495
496
497
499
501
504
505
506
507
508
509
510
512
513
515
516
518
519
520
521
522
526
527
528
532
534
537
538
539
540
541
543
544
548
549
551
552
553
556
557
559
560
561
562
563
564
565
566
568
569
571
572
573
575
577
579
580
581
582
584
585
586
587
588
590
593
594
596
597
602
604
605
608
611
616
621
622
624
625
626
627
628
629
630
631
632
634
635
636
638
639
641
642
643
644
645
646
648
649
650
651
652
653
654
657
659
660
661
662
663
666
670
671
673
675
676
678
681
683
684
685
686
691
696
697
698
699
700
701
702
705
706
707
709
710
713
714
715
717
718
719
720
722
724
725
726
727
728
729
732
735
736
741
742
745
747
748
749
750
752
753
755
758
759
760
761
762
764
767
769
770
773
774
775
776
778
779
781
782
785
788
789
790
792
793
796
797
798
799
801
802
803
804
805
807
808
809
810
813
814
816
817
818
819
823
824
825
826
828
829
832
833
835
836
837
841
842
843
844
847
850
852
853
854
856
861
862
864
866
868
870
871
874
877
878
881
882
883
884
886
887
888
890
896
897
898
899
902
904
905
906
907
909
912
913
914
916
917
921
923
924
925
928
929
930
932
933
934
936
937
943
944
945
946
947
948
949
950
951
954
955
957
961
967
968
970
974
977
981
982
983
984
986
988
989
991
992
993
995
1000
1003
1005
1006
1008
1009
1010
1012
1013
1014
1015
1017
1018
1019
1020
1021
1022
1024
1025
1026
1027
1028
1029
1032
1033
1036
1037
1038
1039
1040
1041
1042
1043
1044
1045
1046
1047
1050
1052
1053
1054
1056
1057
1058
1060
1061
1062
1063
1064
1067
1071
1073
1074
1076
1077
1079
1080
1083
1085
1086
1087
1088
1090
1093
1096
1097
1098
1101
1106
1107
82
35
61
78
75
29
54
82
17
50
20
3
34
76
63
68
83
6
67
59
80
51
4
70
33
26
37
49
13
11
71
36
56
18
73
45
86
81
10
30
66
87
72
14
19
53
84
64
52
40
60
27
42
28
58
38
65
22
62
44
43
1
5
47
24
8
0
85
12
77
48
9
41
7
55
16
39
79
32
31
2
69
15
