660
7
21
25
28
31
33
35
39
41
42
43
44
45
48
51
52
56
58
68
71
75
78
80
83
87
89
90
92
93
96
97
98
102
109
111
115
118
120
121
133
136
138
141
143
147
148
151
152
153
154
156
158
169
174
178
194
195
196
198
199
200
204
206
209
210
215
216
217
219
224
226
227
229
235
240
243
244
247
248
250
252
253
255
261
263
267
268
270
274
276
279
281
283
284
285
289
291
296
299
300
305
313
315
317
319
320
321
322
323
335
336
337
341
346
347
349
351
353
355
357
359
360
365
369
370
375
378
384
385
386
388
392
393
394
395
401
402
403
404
406
408
412
417
419
422
423
433
434
435
436
438
441
443
444
445
447
448
449
451
456
458
459
464
466
467
469
474
477
478
479
485
486
488
490
491
493
494
503
504
513
516
523
524
526
527
528
530
532
533
536
538
546
547
549
550
551
555
556
564
565
570
572
573
574
584
585
586
587
588
591
592
595
596
601
602
603
607
610
615
616
623
625
627
630
632
633
636
638
643
645
647
651
655
657
660
661
668
669
672
673
681
684
689
690
692
693
696
697
706
709
710
712
715
716
717
719
722
725
727
731
733
734
735
738
741
742
744
747
751
752
753
765
767
770
772
775
779
780
781
782
783
784
786
790
791
792
793
798
803
805
814
818
819
820
821
826
827
830
836
841
842
846
848
851
853
855
856
857
859
863
864
869
870
873
875
880
883
892
893
894
896
897
899
900
901
905
911
914
918
922
924
926
929
931
935
940
941
943
944
950
951
955
957
958
959
960
962
965
969
970
971
973
974
976
977
978
982
988
989
995
996
997
1007
1009
1011
1014
1016
1017
1019
1020
1021
1022
1025
1027
1030
1035
1036
1039
1040
1046
1049
1050
1053
1056
1058
1060
1063
1064
1065
1067
1072
1073
1076
1078
1080
1081
1083
1086
1087
1088
1090
1091
1098
1100
1102
1103
1106
1107
1115
1118
1120
1126
1128
1131
1132
1138
1139
1140
1144
1147
1148
1150
1152
1154
1155
1159
1160
1170
1171
1173
1176
1177
1178
1180
1183
1184
1188
1189
1192
1193
1202
1206
1208
1211
1214
1217
1219
1223
1226
1228
1230
1232
1233
1237
1238
1240
1242
1245
1246
1249
1251
1252
1255
1261
1262
1263
1265
1267
1268
1272
1274
1276
1284
1285
1287
1291
1297
1300
1302
1303
1309
1311
1313
1317
1319
1320
1321
1322
1326
1327
1328
1330
1332
1340
1343
1345
1346
1350
1352
1354
1355
1357
1358
1361
1364
1370
1371
1374
1379
1382
1384
1385
1387
1388
1389
1397
1401
1404
1407
1408
1411
1415
1416
1418
1422
1429
1432
1439
1450
1455
1459
1460
1461
1462
1465
1468
1473
1480
1485
1486
1491
1492
1493
1495
1496
1498
1499
1500
1504
1506
1512
1513
1516
1519
1522
1528
1531
1533
1540
1543
1544
1545
1547
1551
1559
1566
1567
1572
1574
1576
1578
1580
1581
1582
1583
1585
1591
1597
1603
1604
1607
1618
1620
1624
1628
1636
1637
1638
1641
1642
1645
1649
1652
1653
1659
1660
1661
1663
1668
1669
1670
1678
1680
1684
1691
1692
1694
1695
1699
1703
1710
1714
1715
1718
1719
1722
1729
1731
1734
1735
1736
1739
1740
1741
1745
1748
1750
1751
1752
1755
1757
1758
1759
1763
1764
1767
1769
1770
1777
1780
1782
1783
1786
1788
1789
1803
1804
1806
1811
1813
1816
1818
1820
1823
1826
1828
1833
1835
1836
1839
157
54
83
67
120
114
50
107
161
26
17
156
46
118
22
94
0
16
15
135
32
76
140
104
102
53
111
79
101
45
74
21
124
158
160
31
72
44
29
77
34
62
159
88
36
75
85
117
126
30
51
100
91
66
19
35
116
132
139
131
68
150
18
23
108
147
110
57
12
84
143
123
154
47
130
69
13
5
56
41
151
96
40
24
136
78
144
163
119
137
1
148
64
155
90
52
125
87
106
42
134
28
2
9
97
138
127
86
70
145
93
109
49
27
59
11
81
60
25
10
162
63
99
128
157
113
153
7
6
112
141
73
142
164
82
4
121
55
39
105
65
89
80
33
92
122
58
3
95
146
129
8
115
133
37
71
43
20
