74
63
70
97
125
128
193
210
247
253
255
269
281
297
309
326
367
368
440
540
553
560
564
602
608
624
678
782
817
841
849
877
880
917
923
957
992
997
1003
1021
1026
1069
1078
1084
1107
1134
1160
1213
1239
1256
1269
1270
1284
1294
1331
1423
1457
1460
1463
1474
1479
1517
1571
1578
1593
1607
1610
1618
1636
1673
1685
1695
1702
1726
1744
104
62
42
17
101
128
156
47
108
122
126
8
98
55
36
5
95
52
131
105
147
142
107
53
164
118
155
152
146
144
30
63
21
23
150
90
2
89
45
121
77
106
92
14
57
41
137
22
149
88
37
94
125
103
28
97
9
11
75
145
85
1
27
7
161
158
162
134
124
116
119
59
43
154
13
72
31
159
26
84
18
80
104
51
24
74
117
102
49
91
10
96
60
38
120
78
73
100
46
33
138
25
39
143
68
