69
87
117
128
204
208
222
242
258
266
281
302
400
408
460
499
501
515
533
554
575
663
678
705
718
738
749
784
792
811
831
896
908
913
959
964
982
1011
1017
1019
1022
1111
1151
1194
1204
1214
1295
1319
1324
1343
1348
1396
1413
1421
1422
1424
1478
1540
1619
1662
1676
1718
1728
1740
1764
1766
1784
1790
1798
1834
123
119
84
8
78
73
157
139
103
144
113
122
85
134
64
140
107
40
14
87
149
143
111
38
37
66
109
162
17
105
0
95
126
147
55
42
3
35
158
59
102
12
114
9
63
125
108
116
29
136
121
101
90
110
43
25
21
135
80
23
150
33
120
52
124
36
7
154
5
164
49
67
20
155
129
79
30
11
152
70
54
104
146
94
92
75
112
142
22
86
74
4
83
161
68
69
106
138
156
96
26
145
28
137
118
13
10
6
131
50
117
130
77
16
128
148
72
81
18
58
34
1
160
31
