143
2
19
25
93
117
199
201
207
210
240
253
272
279
314
328
338
349
360
378
389
393
408
411
425
440
452
482
497
499
551
573
576
586
609
625
634
653
669
681
707
726
727
741
766
770
898
923
933
947
952
955
969
996
1034
1041
1058
1060
1078
1093
1142
1158
1176
1215
1218
1220
1231
1249
1256
1282
1299
1321
1352
1414
1437
1439
1442
1446
1474
1481
1484
1491
1507
1513
1535
1559
1565
1568
1603
1607
1623
1628
1644
1728
1732
1762
1789
1794
1815
1842
1856
1903
1925
1931
1941
1953
1957
1968
1986
1988
2006
2008
2021
2027
2031
2042
2051
2054
2064
2105
2110
2147
2159
2175
2202
2226
2240
2260
2278
2289
2300
2321
2325
2350
2377
2384
2400
2402
2405
2410
2420
2423
2437
2438
163
24
134
8
37
20
76
68
144
83
71
84
138
59
147
74
151
32
6
45
116
97
117
44
0
128
30
4
88
112
66
92
154
126
73
12
21
139
87
16
119
141
56
142
161
67
35
132
57
53
48
80
5
86
101
118
64
79
131
99
156
120
26
39
38
54
40
145
137
158
49
58
2
93
140
108
104
70
23
60
125
72
159
65
94
7
150
143
106
124
15
91
19
27
149
43
78
55
28
22
90
52
111
135
123
10
75
34
42
152
11
9
102
133
13
18
82
155
46
146
41
160
105
3
14
162
114
81
50
115
89
100
47
63
61
77
98
127
51
113
103
129
109
110
148
25
107
17
153
121
136
29
85
62
36
157
31
122
130
69
1
33
95
96
