89
55
89
112
126
137
142
144
179
185
187
220
225
260
306
338
359
398
416
428
460
474
486
505
509
518
562
576
592
726
727
732
752
778
910
926
932
996
1001
1015
1033
1034
1043
1052
1094
1096
1135
1178
1203
1222
1231
1315
1346
1390
1426
1430
1471
1525
1532
1583
1594
1613
1615
1617
1626
1641
1696
1746
1778
1814
1818
1826
1843
1938
1941
1945
1982
2052
2064
2125
2126
2138
2172
2178
2218
2255
2322
2355
2377
2395
154
146
49
19
76
106
107
143
61
94
57
81
158
33
125
93
142
18
97
68
133
120
82
70
41
38
75
135
124
58
113
36
52
147
32
51
139
115
72
45
5
79
37
118
98
153
103
90
73
12
86
28
157
99
140
102
9
25
155
149
92
127
128
54
1
126
17
138
95
136
134
111
50
21
78
63
105
110
151
29
119
7
71
148
59
55
3
23
24
109
116
114
48
35
150
11
53
14
16
161
132
145
69
44
62
10
122
2
0
129
89
8
112
39
13
77
131
42
22
84
43
47
67
121
34
64
31
15
96
85
40
123
65
56
66
27
26
46
101
60
6
4
159
88
87
100
104
137
117
160
30
91
130
20
154
