252
4
14
19
22
27
40
50
56
59
83
86
102
115
142
145
153
161
163
181
188
195
203
230
232
235
251
263
267
269
289
290
303
340
344
346
352
363
414
430
457
502
508
522
524
527
604
609
613
614
637
649
654
660
662
663
686
695
708
711
719
729
739
745
765
774
776
781
802
803
811
816
828
838
866
871
876
880
883
887
888
898
920
921
929
935
938
940
951
973
975
976
991
1000
1028
1030
1034
1035
1041
1045
1047
1057
1059
1063
1066
1073
1085
1086
1128
1130
1133
1136
1149
1152
1153
1175
1193
1196
1199
1209
1218
1231
1236
1241
1252
1254
1258
1259
1269
1286
1321
1337
1344
1347
1351
1353
1354
1363
1390
1400
1408
1411
1412
1422
1426
1473
1490
1497
1500
1514
1531
1532
1535
1536
1540
1543
1551
1563
1564
1605
1618
1632
1648
1661
1671
1675
1678
1687
1698
1701
1702
1722
1755
1760
1771
1773
1775
1790
1791
1828
1839
1844
1865
1877
1905
1906
1912
1925
1939
1940
1959
1962
2007
2012
2027
2033
2036
2043
2045
2049
2056
2057
2062
2093
2096
2103
2111
2112
2115
2124
2170
2188
2198
2207
2211
2218
2262
2264
2269
2284
2285
2293
2294
2297
2312
2323
2338
2347
2376
2383
2403
2412
2416
2431
2434
2439
2449
2461
2478
2481
2483
2493
2498
2504
2513
2515
2518
2566
2584
2592
2595
2606
2613
157
94
143
20
44
80
153
81
152
1
65
129
125
52
102
63
30
16
108
83
97
68
154
48
47
121
53
128
103
25
126
120
21
147
114
137
24
50
9
135
75
106
160
149
113
74
92
67
82
23
158
66
0
39
138
22
100
27
90
101
11
91
145
86
96
29
28
157
84
95
123
72
130
14
35
118
15
3
12
98
4
13
110
45
139
151
85
56
124
19
93
51
146
38
8
159
49
99
109
70
10
2
156
36
142
150
144
148
55
141
5
64
54
132
60
117
59
18
107
73
104
112
71
136
76
155
34
78
105
89
43
133
61
116
79
46
32
122
26
69
31
17
119
131
62
42
7
40
58
6
57
140
41
115
127
134
87
111
