240
5
20
29
35
36
41
50
51
59
85
94
107
109
111
116
118
135
137
161
173
175
185
200
217
218
220
232
234
235
252
253
260
278
304
330
332
348
361
378
383
453
459
476
557
560
571
574
576
579
589
597
607
609
612
632
636
643
663
669
691
708
723
728
745
748
756
758
759
770
786
789
791
793
808
809
825
838
841
849
851
862
872
887
893
894
898
902
917
922
937
945
1006
1007
1041
1044
1064
1092
1108
1148
1150
1151
1152
1153
1158
1162
1175
1177
1185
1189
1205
1223
1230
1243
1244
1259
1260
1273
1278
1289
1292
1303
1329
1331
1333
1347
1353
1359
1373
1385
1390
1393
1416
1427
1450
1458
1466
1467
1468
1478
1493
1494
1498
1515
1533
1535
1540
1541
1547
1559
1566
1569
1585
1609
1629
1640
1641
1643
1661
1676
1681
1689
1690
1700
1710
1721
1722
1727
1728
1730
1735
1741
1758
1764
1775
1776
1829
1846
1870
1892
1896
1898
1934
1976
1979
1988
1991
1996
2002
2011
2014
2024
2039
2044
2049
2056
2062
2088
2090
2115
2124
2146
2162
2188
2195
2197
2204
2205
2210
2211
2223
2225
2229
2236
2258
2285
2288
2309
2314
2327
2342
2371
2376
2377
2393
2407
2409
2421
2426
2450
2453
2456
2466
2475
2479
2488
2521
2545
2576
2611
2612
161
101
37
45
75
55
99
126
120
138
70
30
4
43
63
49
114
76
67
2
142
38
151
58
147
156
86
117
123
103
69
150
60
149
35
8
66
146
23
130
18
82
89
128
119
33
136
124
42
121
10
144
61
74
15
56
0
28
153
129
16
93
148
141
98
29
25
133
143
77
59
26
20
54
88
152
108
137
96
134
79
13
80
92
132
107
131
68
81
48
62
6
97
116
32
122
102
105
160
46
1
106
22
3
47
72
87
19
41
95
21
34
36
50
111
52
27
127
44
31
11
157
71
135
17
115
24
145
118
83
73
109
154
110
5
53
14
57
91
7
113
159
112
84
155
78
104
85
40
65
12
94
39
139
100
158
90
125
64
51
9
140
