124
13
24
25
31
57
86
93
173
179
186
206
243
254
263
289
290
295
306
325
334
348
355
364
365
383
408
420
434
455
506
510
520
537
609
656
660
693
697
714
718
724
733
735
794
799
812
817
827
837
851
877
881
886
894
907
943
959
1005
1032
1051
1129
1144
1156
1174
1190
1208
1209
1215
1217
1260
1298
1305
1359
1371
1384
1451
1458
1466
1477
1482
1503
1517
1518
1536
1544
1558
1568
1598
1602
1679
1684
1685
1717
1809
1810
1856
1869
1906
1936
1939
1952
1977
1983
2004
2017
2030
2052
2060
2066
2074
2085
2135
2164
2165
2176
2185
2236
2252
2254
2263
2311
2319
2370
2378
163
111
63
99
150
153
31
98
126
1
93
80
132
15
56
154
45
10
161
57
122
106
37
8
75
159
62
50
42
64
29
12
58
160
103
49
109
47
43
27
92
102
129
120
140
162
6
90
82
39
101
54
110
137
77
74
34
3
20
147
135
5
134
141
108
21
67
61
0
4
79
11
36
113
35
69
41
38
65
145
156
30
112
121
127
114
9
51
70
85
83
7
60
149
33
158
107
119
44
25
139
18
155
26
24
19
148
71
117
136
133
84
73
66
146
46
131
59
14
105
123
76
95
68
16
104
116
40
87
100
115
2
52
142
32
143
22
125
96
23
17
138
48
152
118
151
97
94
91
81
28
130
157
13
144
72
128
53
88
86
78
55
89
124
