149
17
21
30
40
42
45
52
53
67
69
75
77
82
83
85
86
89
102
105
106
108
111
114
119
146
154
165
169
170
180
185
194
195
198
213
215
226
238
248
251
256
258
263
279
292
301
315
336
337
341
350
355
376
388
391
394
409
418
431
435
447
457
474
477
489
490
492
539
540
547
554
561
576
577
589
600
618
624
625
629
634
637
641
649
660
663
669
696
705
708
709
743
745
766
768
773
774
793
796
802
806
816
828
831
834
848
850
863
868
876
878
879
882
892
894
895
903
905
911
914
919
920
932
934
935
938
947
951
961
965
966
968
978
990
995
1007
1011
1014
1021
1026
1054
1062
1065
1073
1076
1082
1087
1093
1094
75
19
30
49
15
24
58
6
20
16
51
60
35
54
44
72
32
28
2
66
41
8
77
45
37
22
23
61
3
40
78
43
0
57
12
76
68
26
11
10
65
81
7
31
46
63
47
42
25
64
13
71
73
79
82
62
69
83
34
50
1
56
9
18
80
36
86
4
70
27
85
53
29
84
5
87
