132
93
102
117
148
149
181
194
208
217
227
231
237
239
245
252
275
276
287
311
325
353
358
360
370
378
399
404
408
410
437
443
444
460
468
469
487
493
521
532
538
595
604
625
639
690
745
767
780
782
786
818
862
919
941
968
977
1040
1045
1046
1055
1066
1085
1127
1137
1195
1220
1233
1266
1326
1350
1356
1401
1419
1462
1481
1497
1533
1585
1610
1649
1653
1655
1661
1668
1682
1688
1721
1729
1789
1804
1831
1844
1855
1882
1905
1925
1930
1951
1957
1986
1997
2003
2019
2027
2040
2046
2050
2066
2102
2112
2114
2128
2147
2152
2166
2168
2231
2236
2240
2269
2287
2336
2356
2396
2398
2404
2415
2416
2417
2420
2441
2446
151
112
5
42
119
81
89
74
15
121
73
70
139
84
1
46
77
133
78
116
33
107
26
50
88
91
32
31
136
122
19
158
38
120
39
82
54
92
125
153
75
7
20
24
114
16
100
130
146
132
76
51
17
49
53
113
108
21
128
35
0
156
12
150
4
105
99
60
127
55
68
56
140
48
58
117
62
101
30
45
14
9
59
10
147
144
23
83
93
129
138
40
6
161
123
94
8
66
126
102
87
79
97
25
72
149
104
27
37
85
22
131
11
155
162
103
36
69
28
71
2
44
90
29
61
106
47
145
152
63
95
18
157
148
154
43
151
159
111
34
65
137
86
109
98
41
67
135
134
143
96
57
