686
6
7
9
12
13
14
19
21
22
23
24
28
29
32
33
35
36
39
40
43
47
48
50
53
54
56
59
62
63
64
65
66
67
69
72
73
75
76
79
80
81
83
84
85
87
88
89
90
92
93
95
98
99
101
102
103
104
106
107
108
110
111
112
115
117
120
122
126
127
129
130
132
133
137
138
139
146
147
148
152
154
155
159
161
162
163
165
166
167
169
171
172
173
174
175
176
177
178
182
184
185
186
188
191
192
197
200
201
202
204
209
211
212
213
218
219
221
223
224
225
226
227
228
229
231
232
233
234
237
240
241
248
250
251
253
254
255
256
257
258
260
261
264
266
267
268
269
273
274
275
276
277
278
279
282
289
290
291
293
294
295
296
297
298
299
301
302
305
306
307
308
310
311
313
314
315
318
319
320
322
324
325
331
333
334
335
336
339
340
341
342
346
349
350
351
353
355
356
358
359
360
361
363
366
368
372
373
379
380
381
382
383
384
385
387
388
389
390
391
392
393
394
395
396
397
398
402
404
405
406
411
412
413
415
416
417
418
419
420
421
422
423
425
426
427
428
429
430
431
432
434
435
436
437
438
439
440
444
445
446
447
448
451
452
453
454
455
456
457
459
462
463
464
466
467
468
469
471
473
474
475
476
478
480
483
485
487
488
489
490
492
493
495
497
498
499
501
504
505
506
508
511
512
513
514
515
518
519
520
523
525
526
528
530
531
532
536
537
539
540
541
542
543
544
545
546
547
548
549
550
551
552
559
560
562
563
565
566
568
569
572
573
576
577
578
580
581
582
583
584
587
590
592
594
596
598
599
600
602
604
605
608
610
612
613
614
615
616
622
623
625
628
629
631
634
635
636
637
639
640
642
643
647
648
649
652
653
654
655
656
659
662
663
665
666
668
669
670
671
673
674
677
679
680
684
686
687
688
689
690
691
692
693
694
695
696
698
699
700
701
702
704
705
707
708
710
711
712
714
715
716
718
719
721
722
724
726
727
728
729
731
732
733
734
735
736
737
738
739
740
741
742
744
746
747
749
750
752
755
757
758
759
760
761
762
764
765
766
769
770
771
772
775
776
777
779
782
784
785
787
788
789
791
792
794
795
798
801
803
804
805
806
808
810
814
816
817
818
820
822
823
825
826
827
829
830
831
832
834
836
837
838
839
841
842
845
846
850
851
853
854
855
859
860
862
863
865
866
867
868
869
873
874
875
876
877
880
882
883
884
886
887
888
889
891
892
896
899
900
901
902
903
904
906
907
908
910
911
912
915
918
919
920
921
922
924
925
927
931
932
933
934
936
938
939
942
944
945
946
947
948
949
951
952
953
954
955
956
957
958
960
961
962
963
965
966
967
968
969
971
972
974
975
977
978
980
982
984
987
989
990
992
993
994
995
996
997
998
1001
1002
1003
1006
1007
1010
1011
1012
1013
1014
1017
1018
1019
1020
1021
1022
1023
1024
1025
1027
1028
1030
1031
1032
1036
1037
1038
1040
1041
1043
1044
1047
1049
1050
1052
1053
1055
1056
1057
1058
1060
1062
1065
1066
1068
1071
1073
1074
1075
1076
1077
1078
1080
1083
1084
1085
1086
1090
1092
1094
1095
1098
1099
1100
1102
1103
1105
1107
83
24
17
15
2
80
71
56
36
58
83
10
33
63
70
52
1
32
67
82
3
49
9
39
50
62
27
55
85
81
68
42
18
6
40
16
61
12
53
14
59
8
69
72
87
4
46
48
54
11
30
60
84
44
38
19
86
65
51
20
79
22
43
78
66
57
0
41
5
74
31
34
37
13
47
28
64
77
35
76
7
29
45
75
