131
28
38
51
101
120
130
135
141
143
144
191
218
248
255
257
263
283
297
307
318
322
323
328
343
348
367
369
418
462
484
495
538
542
572
582
585
596
602
610
615
618
619
703
708
733
735
741
755
767
768
789
801
813
815
816
834
874
876
892
894
896
909
920
927
954
958
970
1050
1057
1070
1083
1096
1112
1130
1136
1137
1161
1194
1200
1215
1277
1297
1302
1320
1363
1364
1396
1400
1405
1414
1465
1466
1480
1481
1565
1569
1579
1592
1620
1639
1658
1682
1691
1775
1806
1807
1809
1824
1830
1834
1867
1870
1883
1910
1918
1922
1937
1945
2024
2051
2055
2189
2236
2241
2256
2276
2301
2325
2374
2380
2398
162
110
22
85
61
29
30
41
44
17
20
60
148
93
0
45
40
38
161
25
116
150
107
21
117
128
87
114
18
138
127
139
37
149
48
88
111
63
143
109
146
102
53
50
14
113
62
159
101
13
26
59
89
80
157
155
121
52
72
126
156
124
67
81
70
73
12
69
140
35
68
147
79
97
132
134
77
83
6
76
65
23
43
19
122
141
86
8
118
162
33
94
99
82
24
112
3
137
9
32
153
7
39
91
49
105
95
92
46
36
103
71
2
78
15
142
28
66
120
108
125
160
96
27
131
34
133
42
90
106
56
58
154
151
135
54
10
136
152
64
5
158
145
98
119
115
104
74
11
84
51
129
31
144
47
57
130
123
4
1
55
100
16
