123
72
102
112
126
135
198
207
318
347
350
360
397
449
450
451
460
530
538
551
585
617
621
625
632
667
699
716
721
774
780
792
799
811
830
856
872
967
969
977
998
1024
1063
1078
1100
1118
1132
1145
1216
1224
1242
1273
1274
1281
1294
1301
1332
1378
1403
1416
1431
1463
1475
1476
1488
1490
1540
1551
1554
1590
1592
1622
1625
1646
1676
1694
1736
1738
1772
1787
1794
1824
1843
1850
1855
1875
1881
1885
1910
1924
1974
1976
1988
1994
1996
2041
2056
2071
2083
2094
2120
2145
2166
2171
2173
2188
2194
2198
2261
2265
2278
2285
2318
2319
2323
2337
2351
2364
2375
2379
2384
2397
2399
2402
152
94
28
53
146
78
66
161
102
124
11
112
75
142
122
54
82
156
46
1
29
64
65
160
21
117
71
158
42
136
141
162
148
58
97
45
138
83
63
24
62
59
56
9
31
143
76
20
60
133
38
81
106
114
41
93
40
111
50
121
120
67
22
131
130
116
99
113
70
48
90
101
87
147
86
129
51
103
6
2
98
15
8
144
145
55
118
150
88
105
126
155
77
127
154
119
0
79
13
109
25
96
4
139
69
74
125
23
107
19
68
30
159
108
73
18
151
32
39
140
157
5
100
52
44
123
128
10
57
61
36
84
27
33
26
89
17
7
43
137
92
47
72
153
149
3
12
134
110
34
85
152
14
