249
2
14
44
78
87
88
95
98
105
120
136
167
171
183
205
209
213
221
225
247
254
257
263
276
277
292
312
318
340
346
351
353
383
410
424
450
467
469
478
488
491
498
503
524
563
574
582
586
588
604
605
611
619
620
624
643
654
676
683
687
708
712
718
730
741
747
751
758
792
805
817
818
819
823
826
849
889
890
942
945
954
957
962
974
976
977
983
1003
1026
1039
1042
1046
1048
1066
1071
1083
1096
1108
1120
1141
1172
1182
1187
1194
1204
1220
1227
1240
1249
1255
1270
1284
1297
1307
1310
1320
1334
1343
1352
1364
1366
1373
1382
1384
1399
1411
1415
1421
1432
1446
1451
1467
1473
1480
1499
1500
1502
1503
1522
1525
1539
1540
1559
1568
1584
1594
1605
1608
1621
1624
1644
1648
1651
1694
1701
1710
1720
1732
1745
1756
1773
1782
1785
1790
1796
1814
1848
1871
1875
1889
1893
1907
1917
1929
1933
1941
1953
1961
1970
1971
1972
1984
1995
1996
1998
2020
2058
2061
2066
2069
2104
2117
2125
2134
2143
2148
2155
2159
2174
2179
2183
2184
2196
2230
2243
2255
2268
2274
2290
2303
2309
2312
2318
2333
2337
2340
2347
2358
2361
2375
2381
2413
2421
2449
2455
2456
2472
2480
2492
2496
2497
2513
2516
2522
2534
2535
2537
2538
2559
2562
2575
2577
2584
2609
2610
2616
2617
2619
2622
161
28
1
101
26
114
154
17
136
58
53
34
37
99
142
104
147
120
90
68
141
69
73
43
106
113
146
35
155
18
88
148
149
2
70
21
31
16
124
30
158
81
32
67
57
129
66
105
25
49
23
84
45
20
76
80
42
151
60
115
65
52
79
91
19
121
63
103
27
6
15
96
128
143
135
159
118
140
160
14
55
64
153
123
82
130
94
86
150
10
56
132
5
107
138
74
92
78
59
111
145
112
137
126
98
41
54
157
108
75
116
119
127
144
13
40
33
12
29
87
3
100
152
156
102
71
44
72
4
93
9
117
48
122
51
97
62
125
77
131
95
11
47
85
109
61
24
7
0
133
8
110
139
39
22
89
46
134
50
36
38
83
