686
5
6
7
8
9
11
12
13
14
16
19
20
21
22
23
24
26
27
28
29
30
34
37
38
39
41
42
43
44
46
47
48
50
51
52
53
54
56
58
61
62
64
66
67
70
71
74
75
76
79
80
81
82
86
87
89
90
91
95
96
97
98
99
100
103
104
107
109
112
113
114
116
120
122
123
124
126
127
129
130
131
132
133
137
138
140
141
144
145
146
147
148
149
152
153
154
155
156
157
158
159
160
163
164
167
168
169
171
172
173
174
176
177
178
179
180
181
183
187
188
189
190
192
194
195
197
198
199
200
202
203
204
207
208
209
211
213
214
215
217
218
219
222
223
225
228
229
230
231
232
233
235
238
239
240
242
251
252
255
257
258
260
261
262
263
264
265
266
268
269
270
272
273
274
278
280
281
283
284
287
288
289
290
292
293
296
297
298
299
300
304
306
309
310
311
314
315
316
317
318
319
321
322
323
325
326
331
333
334
337
341
342
347
348
350
351
352
355
361
365
366
367
368
369
370
371
372
375
376
377
379
380
383
385
386
387
388
389
391
392
393
395
396
397
399
402
404
405
406
407
410
411
413
415
418
420
421
423
424
425
427
429
434
435
437
438
439
441
442
443
444
445
446
448
451
453
456
457
458
460
461
466
468
469
471
472
473
476
479
480
482
483
486
487
488
489
490
491
492
494
495
497
498
501
505
506
507
508
509
512
513
515
516
518
520
521
524
525
526
530
533
534
538
541
542
545
547
548
549
550
551
552
553
557
559
560
561
562
563
565
567
568
569
570
572
573
574
575
576
577
579
581
582
583
585
586
587
589
590
593
599
600
601
603
604
606
609
611
612
613
614
615
616
617
618
620
621
623
624
625
626
627
631
635
636
637
639
640
641
642
643
646
647
648
649
650
652
653
654
656
657
660
661
663
665
666
667
669
670
672
674
675
677
678
679
680
681
682
683
684
685
686
690
692
693
694
695
698
702
704
705
706
709
710
711
712
713
714
715
716
717
720
721
722
724
726
727
728
729
730
731
733
734
735
737
738
739
741
742
743
744
745
747
749
750
751
752
753
754
755
756
757
759
760
762
763
764
765
766
769
771
773
775
778
781
784
785
786
788
792
793
794
797
800
801
803
804
809
810
811
812
813
814
816
817
818
820
821
822
823
824
825
826
827
828
830
833
835
836
838
841
843
844
849
850
851
852
855
856
857
858
860
861
863
864
865
866
867
868
869
870
873
874
875
876
878
883
884
887
888
889
891
892
893
894
895
896
897
899
901
902
903
904
906
908
909
910
913
914
915
916
918
919
920
923
928
929
931
934
935
936
937
940
944
945
948
949
950
951
953
954
956
959
961
962
963
966
968
969
971
976
977
978
980
981
983
984
985
986
989
990
992
993
994
996
997
998
1000
1001
1003
1004
1006
1007
1008
1009
1010
1011
1012
1013
1015
1018
1019
1021
1023
1024
1025
1026
1027
1029
1032
1034
1036
1039
1041
1042
1043
1044
1045
1047
1050
1052
1053
1054
1056
1057
1059
1060
1061
1062
1063
1064
1067
1069
1071
1072
1073
1074
1075
1076
1078
1079
1080
1085
1087
1088
1089
1090
1091
1092
1095
1096
1098
1099
1100
1106
1107
83
21
33
14
35
7
78
46
41
87
36
45
59
28
27
79
26
53
4
23
47
38
6
49
75
8
13
19
74
48
55
61
84
77
42
69
32
10
72
86
83
11
39
51
22
17
43
58
5
54
71
20
12
50
62
63
2
37
60
29
24
16
65
85
40
67
31
44
68
57
80
52
9
15
76
73
82
1
56
0
64
3
70
18
