214
5
11
26
35
39
43
71
97
100
101
182
211
226
234
248
287
294
300
308
314
318
323
326
337
347
354
384
396
412
413
422
443
448
482
494
497
506
517
519
526
533
544
554
564
568
573
582
588
597
608
622
655
660
685
708
723
724
725
745
759
771
772
784
823
825
834
841
850
858
869
874
885
919
938
964
977
987
991
997
1009
1026
1031
1038
1111
1116
1130
1143
1154
1161
1176
1225
1234
1236
1244
1265
1266
1273
1278
1280
1284
1296
1306
1316
1317
1324
1336
1383
1398
1411
1424
1437
1442
1494
1496
1513
1528
1550
1571
1572
1594
1611
1613
1616
1631
1642
1645
1653
1655
1659
1664
1666
1667
1672
1673
1679
1688
1689
1693
1708
1725
1726
1756
1761
1787
1793
1813
1815
1840
1853
1859
1868
1873
1881
1883
1885
1894
1925
1937
1971
1976
1978
1997
1999
2004
2006
2012
2051
2064
2065
2075
2083
2101
2130
2141
2157
2163
2168
2169
2186
2208
2213
2222
2224
2235
2267
2274
2302
2319
2323
2337
2342
2344
2397
2399
2403
2423
2431
2432
2433
2441
2449
2462
2475
2478
2487
2496
2513
2531
2537
2556
2561
2569
2590
2620
161
138
65
128
11
144
17
135
159
98
62
112
86
22
141
130
69
146
77
64
20
115
39
132
139
134
41
58
89
149
92
148
70
57
157
24
94
119
129
142
84
19
27
121
93
156
12
25
80
3
102
99
60
143
107
1
48
133
101
95
103
78
50
32
76
73
5
127
55
34
81
153
114
152
74
10
21
61
15
100
47
117
75
82
154
68
59
155
108
110
105
137
140
131
120
109
2
96
29
46
88
118
151
43
44
7
106
97
147
23
0
6
33
116
16
125
52
126
38
145
9
30
40
56
122
111
42
158
71
66
37
160
63
90
113
72
87
4
51
91
31
8
35
13
49
85
104
26
45
67
123
53
54
136
83
150
79
36
28
18
14
124
