251
1
33
46
56
80
87
114
115
124
125
130
183
190
194
198
200
204
217
223
228
237
257
269
272
276
313
315
322
341
350
356
365
377
397
404
414
419
424
427
434
452
457
459
476
481
485
486
490
495
531
537
546
548
580
595
605
609
616
630
633
637
640
644
683
691
693
700
702
721
733
737
743
753
758
760
763
803
830
845
854
860
870
873
876
877
903
905
907
913
917
925
933
939
943
948
951
952
959
965
966
987
996
1007
1016
1028
1033
1034
1035
1043
1044
1052
1073
1074
1088
1095
1108
1124
1167
1187
1225
1236
1247
1249
1273
1277
1291
1301
1328
1335
1341
1347
1349
1353
1359
1360
1364
1390
1408
1415
1423
1425
1441
1443
1448
1455
1480
1485
1495
1512
1536
1562
1563
1564
1565
1578
1579
1588
1595
1607
1638
1643
1650
1659
1668
1675
1681
1694
1700
1701
1709
1745
1780
1781
1784
1790
1791
1795
1796
1808
1832
1837
1846
1849
1855
1857
1861
1874
1894
1898
1907
1915
1921
1940
1956
1960
1963
1964
1989
1992
2004
2014
2026
2029
2038
2107
2109
2127
2134
2142
2147
2154
2166
2173
2175
2199
2201
2213
2215
2216
2218
2228
2229
2231
2234
2242
2252
2270
2291
2317
2319
2362
2369
2400
2414
2425
2433
2453
2455
2480
2498
2503
2509
2523
2538
2543
2557
2572
2577
2583
2585
2615
160
142
121
1
22
61
138
126
52
50
96
67
51
151
13
128
156
125
87
0
150
103
79
5
44
80
110
75
9
133
78
117
140
74
146
84
62
127
76
85
101
15
35
132
86
37
7
102
135
116
113
16
134
157
66
27
104
89
29
46
120
59
81
145
94
3
131
154
63
70
114
124
20
58
111
90
47
26
23
99
4
109
83
19
18
60
139
33
36
38
31
91
68
123
106
160
72
130
144
42
147
105
55
28
153
39
155
73
108
10
2
21
100
53
6
92
48
54
30
49
65
69
43
93
41
119
137
158
141
97
143
64
56
122
88
25
40
12
149
57
14
115
112
34
129
77
17
95
118
136
159
148
98
32
8
152
71
107
45
24
82
