265
62
66
68
69
70
87
90
99
105
120
126
131
136
137
138
145
159
162
165
166
176
178
191
201
225
228
236
245
256
260
265
268
293
294
295
298
306
310
327
333
342
346
366
371
372
373
384
396
398
399
417
422
427
437
445
467
472
480
492
499
518
529
538
568
580
585
593
595
597
604
605
621
633
637
659
708
724
729
755
797
803
813
822
823
826
829
850
859
861
865
866
872
885
893
896
903
913
941
953
962
965
975
977
1011
1019
1024
1034
1038
1049
1053
1064
1065
1072
1075
1080
1085
1107
1108
1116
1126
1132
1135
1136
1138
1152
1170
1195
1198
1213
1215
1232
1233
1247
1252
1256
1258
1281
1310
1312
1348
1359
1371
1389
1396
1427
1429
1431
1438
1445
1456
1470
1474
1496
1515
1526
1540
1547
1549
1551
1582
1586
1589
1597
1599
1607
1617
1627
1631
1643
1667
1685
1688
1703
1706
1709
1715
1755
1760
1761
1765
1767
1773
1776
1780
1794
1797
1803
1806
1808
1811
1821
1825
1828
1829
1835
1867
1870
1883
1891
1892
1893
1906
1910
1914
1922
1950
1956
1960
1971
1988
1992
2007
2010
2014
2015
2045
2047
2069
2081
2098
2102
2123
2138
2165
2173
2175
2189
2203
2227
2238
2249
2269
2279
2289
2324
2335
2337
2366
2371
2377
2380
2382
2394
2395
2406
2425
2450
2464
2475
2485
2491
2549
2553
2564
2573
2583
2584
2585
2590
2592
2594
2598
2608
2616
2624
154
11
13
26
2
144
71
37
129
49
54
116
132
114
91
20
62
104
16
122
40
53
55
24
47
44
68
17
25
155
141
125
127
4
108
21
94
81
51
100
27
151
112
96
138
7
66
48
41
69
92
83
87
6
60
77
88
157
139
142
90
50
78
95
99
12
101
134
86
10
73
115
137
109
121
65
131
118
124
156
5
3
59
18
149
43
143
126
120
79
154
113
31
28
61
23
0
135
19
140
57
107
15
123
119
158
147
133
136
84
105
103
32
22
159
58
33
93
70
39
64
106
56
29
145
89
160
74
82
9
97
85
128
153
52
111
148
72
46
30
110
117
130
146
14
45
152
34
76
35
80
98
150
42
8
