239
14
108
113
115
132
138
141
151
158
172
173
175
180
199
213
222
223
228
251
254
268
285
288
292
304
312
319
320
323
371
383
414
428
431
449
457
460
464
475
484
497
498
507
516
518
522
525
531
540
543
559
563
565
585
587
612
619
626
643
652
653
663
665
669
671
673
677
701
718
755
756
760
780
787
796
806
808
827
834
837
838
850
863
868
896
897
903
905
914
924
939
951
977
1011
1026
1032
1038
1052
1055
1057
1058
1096
1111
1144
1152
1158
1160
1174
1175
1182
1189
1200
1240
1255
1259
1265
1284
1316
1317
1320
1330
1370
1372
1379
1393
1394
1400
1410
1412
1414
1416
1422
1429
1463
1467
1475
1482
1489
1496
1526
1527
1534
1538
1543
1553
1567
1577
1589
1602
1608
1618
1636
1648
1649
1652
1669
1675
1678
1688
1689
1709
1715
1719
1732
1735
1736
1743
1792
1804
1833
1837
1856
1865
1875
1886
1890
1892
1923
1926
1967
1969
1974
1993
1994
2001
2008
2012
2014
2018
2023
2029
2032
2045
2046
2051
2064
2078
2096
2105
2109
2120
2148
2153
2154
2169
2187
2192
2208
2216
2263
2267
2268
2269
2276
2279
2296
2298
2306
2326
2343
2363
2377
2389
2392
2444
2471
2473
2482
2494
2497
2506
2514
2520
2543
2544
2553
2556
2605
2607
156
119
74
45
124
149
25
14
75
47
5
9
107
20
98
148
145
30
93
125
68
38
92
0
97
81
152
41
61
28
50
22
73
26
105
114
10
79
82
21
109
27
150
46
110
116
32
18
102
66
138
33
39
19
83
43
151
29
126
143
54
63
77
76
86
15
56
121
69
84
103
8
153
117
156
65
100
120
4
94
122
139
131
101
3
37
40
71
64
96
108
11
35
113
137
72
44
111
70
60
159
141
42
48
1
31
132
99
23
157
58
52
2
146
80
158
67
57
160
6
89
88
123
130
87
142
129
95
34
85
154
136
134
13
17
118
51
104
144
49
128
90
53
78
147
7
115
127
16
112
106
55
59
12
140
91
133
