124
15
24
45
74
144
154
157
164
175
177
192
203
204
206
242
251
263
277
291
300
327
360
385
412
440
441
443
445
472
505
514
524
533
584
675
685
687
703
723
750
760
770
776
810
836
871
920
921
931
948
978
1039
1060
1069
1072
1103
1108
1137
1167
1218
1222
1227
1229
1237
1244
1245
1247
1258
1265
1320
1329
1331
1336
1342
1350
1363
1375
1377
1405
1431
1448
1469
1484
1496
1498
1520
1524
1529
1530
1539
1546
1548
1589
1602
1609
1613
1634
1643
1650
1662
1673
1690
1704
1714
1729
1731
1741
1764
1798
1812
1813
1858
1880
1899
1901
1952
2104
2113
2124
2165
2345
2371
2385
2418
162
3
79
13
45
135
2
142
144
68
71
81
16
37
74
114
54
93
133
27
35
28
61
90
110
96
152
33
97
129
132
126
155
94
51
72
53
76
41
31
9
111
131
140
158
89
151
34
21
105
99
161
83
147
22
69
98
20
162
84
156
85
29
88
60
26
146
58
67
125
145
123
92
42
64
23
149
75
159
17
87
1
0
11
101
141
113
32
25
116
112
12
30
57
109
143
55
4
148
62
66
95
19
77
50
86
36
52
136
43
127
108
122
80
70
139
104
120
128
49
82
91
115
63
24
39
102
134
124
106
40
121
160
100
15
8
119
44
18
138
14
46
118
137
130
73
103
10
56
48
6
47
150
154
65
117
38
153
107
157
7
5
59
