267
14
29
48
53
81
84
100
103
106
108
109
116
126
133
137
139
158
164
187
209
214
237
241
265
314
320
322
325
326
347
379
391
392
410
416
422
427
428
432
449
458
459
473
481
496
498
527
539
544
550
567
582
603
610
616
617
625
626
632
633
635
639
643
671
674
683
691
701
723
725
753
759
778
783
789
807
814
815
820
841
862
873
876
879
880
903
908
912
913
949
983
984
998
1007
1008
1036
1038
1040
1041
1047
1053
1055
1060
1062
1066
1083
1112
1142
1149
1156
1170
1179
1199
1203
1212
1226
1240
1262
1281
1286
1290
1299
1302
1305
1306
1307
1313
1321
1324
1334
1341
1352
1373
1381
1384
1386
1395
1398
1440
1446
1448
1454
1460
1468
1470
1472
1512
1522
1536
1549
1557
1567
1575
1579
1599
1609
1625
1651
1652
1656
1676
1683
1685
1702
1722
1733
1742
1753
1756
1757
1761
1764
1778
1781
1801
1805
1809
1815
1850
1856
1867
1875
1878
1890
1891
1898
1903
1913
1917
1918
1923
1935
1949
1957
1958
1972
1977
1995
2000
2001
2005
2013
2024
2027
2029
2044
2048
2056
2070
2090
2093
2094
2096
2110
2127
2130
2139
2184
2190
2200
2202
2209
2218
2239
2240
2247
2269
2275
2298
2309
2314
2335
2338
2341
2342
2373
2380
2398
2418
2426
2428
2434
2437
2444
2445
2457
2458
2469
2471
2487
2498
2499
2503
2515
2530
2532
2538
2542
2563
2571
2584
2598
2600
2601
2609
2618
2623
161
36
19
74
32
130
44
73
2
150
9
141
67
97
22
108
13
147
64
27
115
89
7
159
153
17
123
40
29
144
14
26
120
146
18
139
56
30
101
51
50
72
95
121
15
100
45
47
59
4
110
84
48
65
119
143
58
68
61
83
85
33
155
80
39
94
124
70
122
116
93
154
11
82
37
117
133
88
86
113
54
129
111
21
63
69
1
20
6
90
75
127
3
137
118
107
142
98
25
38
28
71
105
160
125
135
5
79
49
77
16
34
112
91
0
46
145
156
76
87
42
24
158
138
106
151
132
31
114
157
96
57
103
52
55
99
136
104
35
131
92
126
81
41
134
128
78
43
140
23
109
149
148
102
66
62
60
53
8
12
10
152
