149
48
55
58
63
73
76
87
103
107
108
114
118
124
133
137
144
145
150
160
180
185
188
195
207
213
225
230
231
233
236
255
260
263
266
283
285
288
298
304
321
326
327
344
346
352
355
361
367
382
399
400
408
412
414
418
424
429
439
445
448
460
464
468
487
493
499
518
520
524
528
529
555
565
569
573
575
587
592
597
598
602
603
606
609
614
615
616
634
638
642
647
654
664
665
668
686
687
688
691
693
714
716
717
730
735
743
753
764
776
783
785
789
792
816
819
821
825
843
850
853
879
882
902
911
912
939
944
964
967
968
978
979
984
994
1005
1007
1011
1025
1026
1035
1047
1052
1055
1056
1068
1070
1100
1102
1104
74
76
51
53
27
31
87
0
54
34
11
14
77
74
2
62
57
70
43
38
29
47
86
55
32
40
44
83
85
39
65
81
7
23
35
19
63
5
9
28
84
4
22
24
3
78
80
82
64
66
60
75
16
12
17
41
67
69
48
10
37
73
21
18
30
72
49
42
61
68
26
1
58
20
45
