149
26
39
46
53
57
61
64
67
68
73
76
79
81
95
99
104
109
116
129
149
156
159
160
163
168
215
219
226
232
237
238
239
244
246
261
263
265
266
270
280
286
300
303
310
329
331
333
356
370
387
390
399
424
426
427
431
464
468
469
470
483
493
498
503
521
528
534
543
544
563
586
598
606
615
617
623
624
641
654
662
671
674
677
681
691
695
700
713
720
722
725
730
733
734
739
752
753
760
764
776
779
781
787
799
800
814
822
826
830
832
834
846
862
866
869
874
877
880
898
916
919
922
929
943
956
964
970
972
988
989
1001
1005
1008
1010
1019
1028
1032
1037
1040
1043
1045
1054
1056
1062
1066
1085
1086
1090
1106
76
11
17
51
23
53
80
26
63
67
75
41
44
84
7
5
10
69
43
22
78
14
65
57
47
58
1
3
34
16
18
45
8
2
87
40
55
62
66
35
4
20
36
46
15
25
39
0
64
29
42
24
30
54
73
59
38
85
70
82
83
77
48
49
56
37
76
71
61
27
60
68
9
86
6
13
52
