242
14
42
46
61
67
103
108
110
121
134
135
160
186
201
231
240
266
276
283
287
291
292
315
334
346
353
371
396
429
433
434
447
459
460
473
487
508
509
513
529
532
534
536
542
544
555
565
567
588
590
601
606
609
618
641
657
659
702
707
710
711
726
734
735
736
747
763
766
777
788
807
813
824
830
831
834
842
878
888
893
895
902
907
918
933
936
951
969
1000
1020
1023
1025
1028
1031
1066
1068
1092
1101
1115
1126
1160
1167
1169
1176
1213
1219
1223
1232
1238
1247
1261
1270
1272
1273
1278
1284
1295
1298
1312
1319
1325
1363
1366
1383
1394
1395
1400
1405
1406
1411
1412
1432
1435
1445
1449
1474
1485
1488
1505
1509
1519
1551
1556
1557
1564
1569
1584
1597
1608
1638
1649
1655
1667
1692
1695
1737
1746
1756
1766
1772
1783
1796
1805
1809
1813
1816
1833
1837
1841
1856
1912
1926
1932
1940
1951
1959
1999
2001
2008
2009
2016
2018
2022
2056
2067
2075
2082
2084
2089
2147
2152
2185
2187
2204
2206
2208
2211
2223
2226
2241
2243
2262
2289
2313
2319
2325
2346
2352
2357
2362
2400
2401
2408
2409
2416
2418
2424
2434
2439
2445
2449
2467
2470
2499
2520
2522
2523
2527
2530
2534
2543
2547
2555
2556
2574
2576
2580
2585
2591
2592
2604
2619
160
122
50
117
7
98
14
109
79
1
71
152
113
160
58
16
33
31
118
17
36
21
85
143
155
10
133
6
83
130
55
120
121
115
39
22
59
73
103
76
145
20
27
127
100
139
45
101
46
8
63
112
110
131
60
146
28
81
136
94
154
134
56
157
41
96
48
106
5
88
149
43
74
125
19
91
26
24
93
105
97
53
75
138
67
11
151
90
132
82
140
47
126
38
135
42
95
107
37
148
49
52
128
57
18
9
4
12
87
65
104
2
114
137
32
3
158
141
159
78
34
156
0
124
116
51
68
70
129
29
80
15
77
54
89
92
64
23
108
84
44
66
147
111
86
119
153
35
123
25
69
13
30
40
150
102
144
61
99
142
72
