259
14
26
44
45
67
81
84
87
96
108
111
115
128
130
149
156
160
181
184
199
206
212
222
223
245
250
253
261
289
291
311
312
319
325
329
347
348
384
389
400
407
414
421
429
441
447
461
462
510
553
558
565
567
575
576
588
590
593
597
606
628
632
639
643
644
654
660
664
671
685
686
703
709
723
735
736
741
750
759
760
765
773
791
793
802
810
818
822
823
828
831
837
840
843
852
862
869
873
876
889
901
934
946
956
965
971
972
1000
1012
1015
1021
1024
1031
1043
1055
1079
1082
1085
1106
1109
1129
1136
1156
1162
1169
1183
1187
1205
1229
1233
1246
1254
1258
1260
1264
1267
1274
1282
1286
1309
1317
1324
1329
1338
1345
1354
1364
1366
1368
1373
1385
1386
1388
1393
1418
1426
1427
1449
1459
1473
1478
1488
1494
1519
1525
1527
1538
1543
1544
1551
1571
1580
1587
1590
1595
1597
1598
1603
1615
1617
1676
1684
1691
1695
1702
1735
1743
1748
1765
1776
1795
1818
1827
1875
1877
1887
1889
1923
1932
1934
1941
1946
1954
1955
1957
1967
1978
2010
2033
2067
2081
2087
2100
2131
2153
2162
2169
2184
2185
2188
2198
2219
2232
2246
2269
2271
2273
2281
2287
2291
2296
2301
2303
2321
2329
2334
2337
2338
2340
2366
2369
2372
2384
2394
2412
2419
2428
2431
2443
2470
2474
2477
2510
2517
2531
2538
2564
2583
2597
156
123
41
106
24
94
47
40
58
129
11
153
122
133
10
116
145
66
22
156
26
13
96
112
9
154
87
91
69
139
149
146
90
88
127
89
143
63
16
48
38
114
134
23
55
84
124
98
51
36
33
17
111
159
56
97
52
108
1
50
45
5
158
80
62
53
65
19
132
78
152
109
59
61
137
117
81
68
21
128
44
157
150
147
67
34
107
2
42
3
142
104
76
119
46
8
4
29
15
82
20
155
7
73
125
25
54
49
121
113
95
83
74
32
28
43
92
72
148
12
99
79
31
151
14
131
110
18
70
60
135
86
100
27
103
71
0
115
6
138
102
85
37
140
120
136
141
75
30
144
130
77
160
105
57
93
39
