149
4
15
16
21
39
40
43
47
51
52
56
93
98
99
105
112
118
120
124
130
138
146
156
163
169
179
182
185
187
189
197
207
220
234
237
239
243
247
248
251
265
272
275
284
286
288
293
304
314
317
327
333
344
345
349
360
363
366
368
370
374
382
384
390
405
406
429
434
452
455
463
472
476
490
502
504
518
534
539
544
561
585
598
603
608
609
612
618
635
659
678
683
686
692
705
710
716
718
722
725
731
739
746
751
756
780
795
797
799
806
826
836
840
854
857
865
873
879
884
894
905
909
921
922
928
929
931
933
944
955
959
970
983
985
996
1017
1018
1021
1039
1043
1046
1048
1078
1081
1086
1088
1096
1102
1107
75
86
70
33
52
77
19
44
74
31
24
57
1
50
8
28
26
22
6
25
35
81
29
14
65
84
23
40
36
83
46
18
76
41
0
67
15
72
7
10
45
11
61
12
2
60
3
85
49
39
69
56
13
64
87
55
51
58
20
82
42
16
47
75
5
38
27
68
80
79
32
4
73
53
59
48
