686
2
4
6
7
8
12
13
15
16
17
20
24
27
28
29
31
32
34
35
36
39
42
43
45
46
47
49
50
52
54
58
59
60
61
62
63
64
65
68
70
71
72
75
76
77
79
80
81
82
83
84
85
86
88
89
90
91
92
94
95
97
98
101
103
104
105
107
108
109
110
111
112
114
117
118
119
120
123
124
125
126
127
128
129
130
133
134
137
138
139
141
142
143
145
147
150
152
153
155
158
159
162
163
164
165
166
167
168
169
171
174
175
176
178
179
181
182
183
184
188
189
192
193
194
196
197
198
201
202
203
204
205
207
209
210
211
212
214
216
217
218
219
220
221
222
223
224
226
227
228
229
232
233
234
235
236
237
239
240
241
243
244
245
247
248
249
250
251
253
255
256
259
261
262
268
269
270
273
274
275
276
277
280
282
284
285
286
287
290
291
292
294
295
298
299
300
301
302
303
304
306
308
309
310
311
313
315
316
317
319
320
321
323
324
325
326
330
331
332
333
334
335
337
338
339
341
342
344
346
347
349
350
351
352
353
356
357
359
361
362
363
366
367
369
370
371
373
374
375
377
378
379
380
381
383
384
386
389
390
391
392
393
394
395
398
399
400
401
403
404
405
406
407
409
411
412
414
415
417
421
423
424
425
428
430
433
436
437
438
439
441
443
445
447
448
452
453
455
457
458
459
460
461
463
466
467
468
473
475
476
479
481
482
486
487
494
497
498
499
504
505
507
508
509
510
514
516
519
520
521
522
523
524
528
530
534
535
536
537
538
539
540
541
542
543
544
545
547
548
551
552
553
554
557
558
559
561
562
563
565
567
569
570
571
574
575
576
577
579
580
582
583
585
586
587
588
589
591
592
594
595
596
597
599
600
601
603
604
605
606
610
611
612
613
614
615
616
618
620
621
624
626
627
630
631
632
633
635
636
637
638
640
642
644
645
646
647
648
649
650
651
652
653
657
659
665
666
667
668
669
670
672
673
675
676
678
679
680
681
682
684
685
689
693
694
695
698
699
701
702
704
705
707
708
709
710
711
712
713
714
715
717
718
720
722
723
724
725
728
729
730
731
732
734
735
739
742
743
744
745
751
756
757
758
760
765
770
772
773
776
778
781
782
783
785
786
789
790
791
792
794
796
797
798
799
800
801
803
804
805
807
808
809
810
812
813
815
817
819
820
821
823
826
828
830
831
835
836
838
840
842
845
846
847
850
851
852
853
855
859
860
862
864
865
866
867
868
869
870
871
873
875
876
878
881
882
883
884
887
888
890
892
893
895
897
904
906
908
910
911
912
914
915
916
919
920
922
923
924
925
931
932
933
935
936
937
938
939
940
941
942
943
944
946
949
950
951
952
954
955
958
959
961
962
963
966
968
969
971
972
975
978
981
982
983
988
991
994
995
996
1000
1002
1004
1005
1007
1009
1010
1011
1012
1014
1016
1017
1018
1019
1020
1021
1024
1025
1028
1029
1030
1031
1033
1034
1036
1037
1039
1040
1041
1043
1044
1047
1051
1053
1054
1058
1060
1061
1062
1063
1066
1067
1071
1072
1073
1074
1075
1077
1078
1080
1083
1085
1088
1089
1090
1091
1092
1096
1097
1099
1100
1101
1102
1105
1106
1107
82
58
47
29
43
22
20
33
69
76
46
25
24
77
7
73
35
80
65
23
19
16
79
42
59
2
75
86
87
50
84
45
67
61
66
8
10
32
4
13
83
18
52
60
0
62
68
64
36
57
40
70
49
14
15
71
31
85
9
6
55
38
78
27
51
5
21
41
17
1
81
72
54
11
28
3
53
34
56
37
39
82
48
