686
8
9
11
13
16
17
19
20
21
22
24
25
28
29
30
31
33
34
36
37
40
41
43
44
45
46
47
49
50
51
54
55
56
58
59
63
64
67
68
69
70
71
72
74
75
77
78
79
83
84
85
86
88
89
91
93
95
96
97
100
101
102
103
105
107
111
112
113
116
118
120
122
125
126
128
129
131
132
133
135
136
137
138
140
142
144
145
148
150
152
154
156
158
160
161
162
163
164
165
167
168
169
170
171
173
174
175
176
179
181
183
185
186
188
195
197
200
201
202
203
205
207
208
209
210
211
212
213
214
216
217
218
219
220
222
224
225
226
227
228
231
232
233
234
235
238
239
240
242
243
246
247
249
250
251
252
255
256
257
258
259
260
261
263
264
267
269
271
274
277
278
279
280
281
282
283
284
287
288
289
291
292
294
295
296
302
304
310
311
312
315
317
318
319
320
324
325
326
327
328
330
331
332
333
335
336
337
338
339
340
341
342
343
344
345
348
352
353
354
355
364
365
366
368
369
370
372
373
374
376
377
378
379
380
381
382
385
386
388
389
390
392
393
394
396
397
399
401
403
406
407
408
409
413
415
418
421
423
426
428
431
432
434
436
438
439
442
443
444
445
447
448
450
452
453
454
455
460
464
465
466
467
468
472
473
475
476
478
480
481
482
485
486
488
489
492
493
494
497
499
500
501
502
503
504
505
507
508
510
511
514
515
516
518
519
521
525
526
527
528
529
531
533
534
537
538
539
540
541
544
545
547
548
549
550
551
552
553
554
555
556
557
558
559
560
567
568
571
572
573
577
582
585
586
587
588
589
590
592
595
597
598
599
602
603
604
605
607
609
610
611
612
613
614
618
619
620
621
622
623
624
625
627
634
635
636
638
639
641
642
643
645
647
650
652
656
657
664
666
669
670
671
672
673
674
675
676
678
680
681
682
685
687
690
691
692
693
694
695
696
699
700
703
704
705
706
707
708
710
712
713
716
717
718
719
721
722
723
725
728
729
730
731
732
734
735
737
738
740
744
745
747
749
750
751
752
753
754
755
756
757
760
762
763
764
765
766
767
771
773
774
777
778
779
780
781
782
784
785
788
789
790
791
792
793
795
796
797
801
803
804
805
807
808
809
810
814
815
818
819
821
822
823
824
825
826
827
828
829
832
835
838
839
841
845
846
847
848
850
851
852
853
855
857
858
860
861
864
865
867
868
869
870
871
872
874
877
878
880
881
882
884
885
889
892
894
895
896
898
899
900
901
902
903
904
907
909
910
911
913
915
916
917
918
920
921
922
923
929
930
931
934
936
937
939
940
941
943
944
945
946
948
949
950
951
953
954
956
957
959
961
963
966
967
968
969
970
971
972
975
976
977
978
979
980
982
985
987
988
989
990
993
994
995
996
997
1000
1001
1002
1003
1008
1009
1010
1013
1015
1016
1018
1019
1020
1021
1024
1025
1027
1028
1029
1030
1031
1032
1033
1034
1035
1036
1037
1042
1043
1046
1051
1052
1057
1060
1061
1062
1065
1066
1068
1070
1071
1072
1073
1074
1075
1076
1077
1078
1080
1081
1083
1084
1085
1086
1088
1089
1090
1091
1093
1094
1095
1096
1097
1100
1101
1102
1103
1104
1106
1107
84
53
77
41
39
58
66
1
64
15
68
56
37
14
0
73
5
75
30
3
49
54
19
62
27
34
80
31
81
69
36
32
28
71
11
42
10
76
65
29
61
23
33
87
47
85
4
59
72
63
78
48
74
25
13
83
17
9
70
82
44
22
60
84
43
67
57
6
46
50
26
7
12
24
20
16
18
40
35
45
52
51
8
38
2
