77
135
155
175
191
204
222
225
262
280
292
315
320
354
374
407
419
423
443
465
497
509
531
555
597
609
622
628
640
641
666
668
670
701
721
730
749
807
808
810
816
873
955
991
1024
1031
1036
1140
1157
1167
1171
1172
1191
1192
1287
1289
1295
1317
1351
1372
1375
1432
1445
1448
1472
1498
1559
1580
1588
1615
1651
1704
1708
1718
1752
1756
1782
1822
128
123
69
136
36
34
128
155
88
101
100
61
24
63
113
86
8
83
31
56
98
110
41
12
9
143
152
74
54
94
160
89
1
6
13
126
14
115
127
139
90
80
42
59
68
145
96
95
162
76
122
77
119
72
92
58
102
129
108
57
130
71
75
3
147
32
20
43
82
39
21
15
99
114
84
52
18
161
47
11
25
53
40
138
125
163
64
109
19
79
38
35
159
60
164
37
66
4
116
16
78
10
156
45
73
28
29
154
131
65
5
153
135
137
133
44
85
49
104
106
81
132
30
2
134
17
7
93
67
