129
10
25
61
120
127
133
138
144
184
205
222
225
226
231
265
267
270
274
278
327
383
388
423
426
440
459
495
506
639
646
671
697
712
760
779
781
788
823
864
934
962
989
1002
1029
1078
1091
1099
1104
1113
1123
1136
1139
1141
1152
1196
1201
1207
1222
1231
1249
1258
1285
1305
1307
1319
1322
1345
1347
1353
1354
1366
1369
1436
1447
1454
1458
1462
1482
1534
1547
1562
1579
1586
1632
1663
1667
1693
1736
1749
1838
1840
1858
1862
1869
1894
1899
1930
1976
1983
2049
2073
2079
2096
2101
2118
2141
2153
2154
2163
2165
2169
2183
2199
2226
2241
2247
2254
2258
2299
2305
2311
2318
2337
2360
2367
2395
2413
2416
2429
160
69
103
42
75
73
74
23
39
90
9
136
126
157
46
66
149
162
91
22
111
35
37
107
86
117
11
80
142
88
55
5
61
123
29
31
19
28
14
27
18
20
56
118
8
36
116
94
26
146
112
154
95
147
109
79
161
12
51
85
156
102
87
71
124
99
84
53
106
2
33
98
81
50
119
30
77
153
93
65
78
141
83
4
125
52
155
97
120
76
148
92
67
105
32
63
158
24
152
122
151
135
113
57
48
6
45
144
16
43
38
54
10
82
0
104
150
115
40
114
140
25
49
100
13
101
64
44
108
96
134
70
127
128
34
121
68
15
133
110
47
159
62
130
129
131
17
137
1
41
59
58
3
160
21
138
145
72
7
132
143
