61
136
178
191
202
210
279
296
332
371
383
400
420
489
506
540
561
611
650
662
687
710
712
713
731
764
772
789
813
817
826
951
1010
1113
1145
1186
1203
1325
1355
1360
1364
1369
1396
1417
1429
1455
1470
1529
1541
1548
1562
1564
1589
1606
1649
1651
1660
1670
1682
1688
1702
1814
106
35
60
0
50
79
80
91
121
144
25
136
26
93
148
115
78
106
57
15
33
127
36
122
95
86
10
49
132
3
73
129
99
139
85
68
13
111
159
131
119
112
155
153
56
28
147
43
120
88
75
98
125
123
59
32
157
81
38
150
21
64
18
58
20
108
138
124
128
110
47
76
109
162
24
163
152
29
30
66
101
41
133
39
27
44
17
158
105
67
149
103
11
12
140
72
160
61
84
87
83
74
52
102
62
4
104
