117
1
25
28
54
99
131
153
157
173
221
227
237
263
265
287
294
312
335
387
396
397
400
405
459
463
487
528
547
555
598
627
629
647
670
675
683
709
732
761
763
764
813
835
847
877
889
897
906
960
989
1099
1113
1142
1158
1163
1180
1207
1219
1225
1243
1256
1270
1283
1293
1294
1304
1364
1369
1380
1415
1457
1467
1483
1557
1566
1603
1606
1613
1670
1691
1706
1712
1721
1730
1795
1808
1839
1842
1843
1883
1913
1923
1925
1930
1968
1981
1983
1986
2009
2030
2043
2067
2108
2133
2158
2189
2202
2223
2235
2305
2326
2342
2345
2354
2361
2387
2417
163
156
44
114
151
9
71
121
65
136
26
40
143
158
38
3
53
55
129
15
27
78
79
105
64
96
100
124
2
97
61
37
28
88
153
101
132
62
146
147
20
125
161
0
23
108
111
35
130
56
119
92
155
50
45
70
17
36
63
133
149
57
75
6
102
76
82
81
109
83
66
24
80
43
139
152
138
106
68
126
31
30
116
150
154
67
118
120
32
73
25
22
21
1
16
160
52
110
128
59
107
7
162
122
157
148
18
49
87
19
104
33
51
77
140
94
13
95
142
91
98
131
4
86
14
113
159
127
10
74
137
145
12
39
5
72
93
115
112
42
29
54
141
90
11
117
89
48
144
41
134
46
123
47
8
99
103
34
69
84
135
85
60
58
