686
6
9
10
11
12
14
15
16
17
18
22
24
25
26
27
28
29
32
33
34
35
36
40
41
42
43
44
48
50
52
56
57
58
60
64
65
67
68
69
72
74
77
80
81
82
83
85
86
87
88
91
94
95
97
98
99
100
101
102
103
105
106
108
109
111
112
114
116
117
118
119
120
121
124
125
126
127
130
131
133
135
136
138
139
140
141
142
143
145
146
148
150
151
153
155
156
157
158
159
160
161
165
166
167
169
171
172
173
175
178
179
180
181
183
187
189
190
193
194
197
201
203
204
205
207
208
210
211
213
214
218
219
221
223
224
225
228
229
230
233
235
237
238
240
241
242
243
244
245
246
247
248
251
252
253
257
258
259
260
261
262
263
264
268
269
270
271
272
273
275
280
281
282
283
286
287
290
293
294
297
302
303
304
305
306
307
308
310
311
314
316
317
319
320
321
324
325
328
329
331
332
334
335
337
338
339
340
342
344
346
347
348
351
352
353
354
359
360
364
366
369
373
374
375
376
378
380
382
384
386
387
388
389
390
393
394
396
398
401
402
404
406
407
408
411
412
416
417
420
421
422
424
425
426
429
430
431
433
434
438
440
441
442
444
448
449
450
452
453
455
457
458
459
460
461
463
464
465
466
469
471
473
474
475
477
479
480
482
483
484
487
490
492
493
494
495
497
498
499
501
502
503
505
506
507
512
513
515
516
518
519
520
521
523
524
529
530
531
532
533
536
537
538
539
540
542
545
546
549
550
551
552
553
554
555
558
559
560
561
565
567
568
569
570
571
572
575
577
579
580
581
583
585
587
588
589
590
591
593
595
597
598
599
603
604
608
609
610
611
612
613
616
619
621
622
623
625
627
628
632
633
634
636
637
640
641
642
643
646
648
649
650
652
653
656
657
658
660
661
662
663
664
667
668
669
670
671
672
674
675
676
682
684
685
686
687
688
689
690
691
692
694
697
700
702
703
705
706
707
708
710
711
713
715
716
717
718
719
720
722
723
724
725
726
727
729
730
731
735
736
737
738
739
741
742
743
744
745
747
749
750
752
755
756
757
760
761
764
767
769
771
773
774
776
777
779
780
781
782
783
785
787
788
789
791
792
794
795
798
799
802
804
807
809
810
813
814
815
816
817
819
822
823
824
825
829
830
831
833
834
836
838
841
842
843
844
845
847
848
850
855
856
857
861
863
864
865
869
872
873
874
876
877
878
879
880
883
884
888
896
897
898
900
902
904
906
907
908
909
910
912
914
915
917
920
921
923
924
926
927
928
929
930
931
933
935
937
940
941
942
943
945
946
948
949
950
951
952
953
954
956
957
958
959
960
962
963
964
966
969
970
973
974
976
978
980
981
982
983
984
985
986
987
989
990
991
994
995
996
998
999
1000
1001
1002
1004
1006
1008
1009
1010
1011
1012
1013
1014
1015
1019
1021
1023
1024
1025
1027
1028
1030
1031
1032
1033
1034
1036
1037
1038
1039
1042
1043
1044
1045
1046
1048
1049
1050
1052
1053
1054
1056
1058
1060
1061
1062
1063
1064
1065
1066
1067
1068
1069
1070
1071
1073
1074
1075
1076
1078
1079
1083
1085
1086
1087
1088
1090
1091
1092
1096
1100
1101
1102
1104
1105
1107
83
20
10
58
69
5
78
32
19
79
68
0
45
6
80
48
39
53
18
30
54
27
33
21
17
46
1
9
76
77
82
35
44
56
65
52
63
40
84
75
11
71
15
42
3
14
66
55
59
7
16
4
38
81
23
47
83
13
87
28
43
36
26
25
61
29
2
85
67
24
57
64
37
49
50
73
22
41
31
62
60
51
8
72
