648
3
19
20
24
25
31
32
33
34
35
36
38
40
44
46
48
49
55
57
59
60
63
68
72
75
78
79
85
86
87
89
91
96
100
104
110
111
116
118
121
126
129
131
133
136
141
142
146
148
157
171
175
176
177
180
181
182
184
185
186
199
201
203
207
208
210
211
212
220
221
224
231
233
234
241
246
252
253
261
262
263
270
272
275
279
283
286
289
291
296
298
300
301
303
314
321
328
331
338
339
341
343
346
348
350
353
359
362
363
364
368
372
373
374
377
381
387
389
390
395
397
398
400
401
402
404
407
409
411
414
418
421
425
426
428
431
438
440
443
446
452
454
455
456
460
462
463
465
467
470
473
475
477
480
486
488
490
491
492
493
494
495
500
503
504
508
510
511
514
517
522
523
524
525
527
528
532
537
538
540
545
548
553
554
558
559
562
565
570
571
574
575
578
579
585
587
589
594
597
602
604
606
608
616
617
620
624
625
631
637
639
648
649
652
653
655
656
664
667
668
672
673
678
685
694
696
698
699
700
703
710
714
718
719
722
725
728
729
731
732
733
740
741
749
758
764
765
769
770
775
778
779
783
784
786
790
791
797
800
805
807
808
809
813
815
816
820
821
824
830
834
838
840
844
845
849
850
855
856
858
860
862
863
869
873
875
877
878
879
882
886
887
898
899
900
910
911
915
921
926
927
928
929
932
935
936
937
941
944
949
955
961
962
976
983
984
989
992
994
996
1001
1007
1012
1015
1016
1019
1022
1023
1024
1029
1031
1032
1034
1036
1037
1040
1044
1048
1052
1056
1057
1060
1061
1063
1070
1072
1073
1074
1080
1083
1084
1087
1091
1093
1094
1098
1107
1109
1113
1114
1115
1116
1117
1120
1122
1130
1132
1134
1136
1138
1139
1140
1141
1146
1148
1150
1152
1157
1158
1161
1166
1168
1169
1172
1173
1180
1182
1183
1184
1190
1192
1193
1195
1197
1198
1200
1202
1203
1204
1220
1221
1224
1229
1231
1236
1240
1242
1243
1244
1246
1250
1253
1260
1262
1264
1265
1268
1271
1272
1274
1275
1282
1283
1284
1286
1295
1297
1301
1302
1306
1307
1309
1310
1314
1318
1319
1321
1323
1327
1336
1337
1338
1339
1340
1342
1343
1344
1349
1351
1353
1359
1363
1370
1378
1383
1386
1387
1391
1393
1394
1395
1396
1397
1399
1403
1405
1408
1411
1415
1416
1418
1420
1425
1427
1428
1429
1430
1431
1434
1436
1437
1439
1440
1445
1449
1451
1456
1458
1459
1461
1463
1467
1470
1472
1476
1478
1479
1480
1483
1484
1488
1492
1498
1499
1500
1501
1502
1503
1504
1509
1517
1519
1520
1522
1523
1525
1526
1528
1531
1534
1539
1540
1541
1545
1546
1550
1553
1555
1558
1561
1563
1564
1567
1569
1570
1571
1572
1575
1576
1579
1580
1581
1586
1588
1591
1592
1600
1603
1609
1611
1614
1621
1622
1627
1629
1630
1631
1634
1635
1636
1638
1639
1640
1645
1649
1650
1654
1655
1656
1660
1664
1666
1669
1670
1671
1672
1673
1676
1677
1687
1688
1692
1693
1694
1695
1696
1697
1704
1705
1707
1708
1710
1715
1717
1719
1722
1724
1725
1726
1728
1729
1731
1734
1735
1737
1741
1742
1743
1745
1749
1750
1756
1760
1761
1765
1767
1768
1770
1771
1773
1774
1776
1777
1778
1781
1782
1785
1786
1787
1789
1792
1795
1801
1803
1806
1808
1811
1812
1816
1818
1820
1822
1823
1828
1832
1836
1838
1839
157
84
38
65
36
64
30
139
150
34
21
68
98
106
78
1
109
60
3
15
129
10
123
5
140
44
113
124
96
135
31
93
90
134
42
50
39
24
16
67
100
79
87
146
115
2
59
69
130
103
72
99
4
107
152
29
48
6
13
52
157
81
162
66
121
145
105
118
131
77
143
22
92
119
158
151
104
154
112
18
101
125
56
76
136
132
102
149
47
12
138
108
91
95
148
94
19
8
57
155
85
89
27
144
35
25
53
49
160
80
128
164
117
40
114
43
86
7
75
127
120
71
26
116
62
28
88
17
137
58
142
122
159
161
111
147
153
45
61
141
33
70
97
51
83
82
74
55
32
110
37
73
14
0
20
156
41
9
