686
3
6
7
9
11
12
13
15
17
18
19
24
27
30
32
33
34
35
37
38
39
42
45
46
47
48
49
50
51
52
54
55
58
59
61
62
63
64
67
69
70
73
74
77
78
79
81
82
84
85
86
88
89
92
95
96
98
100
101
102
105
107
110
115
118
119
120
123
124
127
128
130
131
132
133
136
137
138
139
140
141
142
143
144
145
146
147
148
152
153
154
155
156
157
158
160
161
162
163
164
165
166
167
168
169
170
171
173
174
175
176
177
182
185
186
187
188
189
190
193
194
196
197
200
201
204
205
206
207
209
211
212
213
216
217
218
220
223
224
225
226
227
228
229
230
231
232
235
237
238
241
242
243
245
248
249
253
254
255
257
258
259
261
263
264
267
269
270
271
275
276
280
282
283
284
287
288
290
291
292
293
294
295
296
302
303
307
311
312
313
316
317
319
320
323
324
325
326
327
328
331
334
335
336
338
340
341
342
343
344
346
347
353
356
358
363
365
366
371
373
374
375
376
377
378
379
381
383
384
385
387
388
389
390
391
394
395
396
397
399
400
401
402
404
405
408
409
411
412
414
416
417
418
419
420
421
422
423
424
425
426
427
428
431
433
435
437
438
439
440
447
450
451
454
457
459
460
462
463
465
468
469
470
473
474
476
477
478
481
482
483
484
488
489
491
492
493
494
495
496
498
499
502
503
504
506
507
508
509
510
511
512
514
515
516
517
518
520
522
524
525
526
529
530
532
535
536
537
538
543
545
547
548
549
551
552
553
554
558
560
563
567
569
570
572
574
575
576
577
578
582
583
585
587
589
590
591
592
593
594
595
597
598
599
602
605
607
608
609
610
611
612
613
614
617
621
623
624
626
627
628
630
631
632
633
634
638
640
642
643
644
648
650
651
652
653
654
655
656
657
659
660
664
665
666
668
669
671
672
673
675
678
681
682
685
687
688
689
690
692
694
695
696
697
698
700
701
703
705
706
707
709
710
713
714
716
718
719
720
721
725
726
728
735
738
739
743
744
747
750
751
752
756
757
758
759
761
763
765
766
770
771
772
773
775
776
777
779
780
781
782
785
786
788
789
790
791
792
794
799
802
803
804
807
811
812
813
816
817
822
824
826
827
828
829
830
831
832
833
834
836
837
838
839
840
841
842
843
845
846
847
850
851
853
855
860
861
863
866
867
868
869
871
873
876
878
879
880
882
885
887
888
890
891
892
895
899
902
903
904
905
906
907
908
909
910
911
912
913
914
916
917
918
921
924
925
926
927
928
929
930
934
936
937
939
941
942
943
944
945
946
947
950
951
953
955
956
958
959
960
962
963
965
966
967
969
970
971
977
978
979
980
981
983
984
987
988
990
991
992
993
994
995
996
997
999
1000
1001
1002
1003
1005
1007
1009
1011
1012
1013
1015
1016
1017
1019
1021
1022
1023
1024
1025
1028
1029
1030
1031
1032
1033
1034
1036
1037
1038
1039
1040
1042
1043
1045
1046
1049
1050
1052
1053
1054
1056
1057
1058
1059
1060
1063
1066
1068
1069
1070
1071
1072
1073
1074
1075
1076
1077
1078
1080
1081
1083
1084
1085
1086
1087
1088
1090
1091
1092
1093
1095
1097
1098
1099
1100
1101
1102
1103
1105
1106
83
1
71
53
7
76
29
23
69
51
41
63
61
28
79
74
77
80
3
46
50
24
86
15
17
85
67
58
36
38
66
65
18
81
48
39
32
9
52
10
30
60
64
59
42
83
35
75
82
26
43
55
11
73
21
27
37
87
54
6
31
44
5
13
49
16
22
78
2
45
4
84
40
72
19
20
68
47
8
14
0
12
62
56
