686
8
9
10
11
12
13
16
20
21
22
23
24
25
28
32
35
38
39
41
43
44
48
50
52
53
57
59
60
63
65
66
67
70
72
73
74
75
76
79
80
82
84
85
87
88
89
90
91
93
94
96
100
101
102
105
108
111
112
113
115
117
118
119
120
121
122
123
125
127
128
129
130
131
132
133
135
136
140
142
143
144
146
147
148
150
152
153
154
155
156
158
160
161
162
163
165
166
168
170
172
175
176
177
178
181
182
183
184
185
186
187
188
189
193
194
195
196
197
198
199
204
206
207
208
209
210
213
214
215
217
218
219
220
221
222
223
226
229
230
231
233
234
236
237
238
241
243
244
245
246
249
250
252
254
256
257
259
260
262
265
266
268
269
270
271
272
273
274
275
276
278
279
281
283
284
285
286
289
290
291
292
293
294
295
296
297
298
300
303
304
305
309
310
311
314
316
317
318
319
321
322
323
324
327
328
329
330
332
333
334
335
336
337
342
343
346
347
348
350
352
353
354
357
358
359
361
363
364
365
368
370
371
372
374
379
380
382
383
384
386
387
388
390
391
393
395
399
400
401
402
403
404
405
406
408
409
410
411
412
413
414
417
419
420
421
422
424
426
430
431
432
433
434
436
437
438
439
441
442
443
445
446
448
451
453
454
455
457
460
461
465
466
469
470
471
472
474
478
479
480
481
482
483
484
485
487
489
491
493
494
495
496
497
500
504
505
506
508
511
513
517
518
523
524
525
526
527
529
530
531
532
533
535
538
539
540
541
542
543
545
548
549
550
551
552
553
554
557
559
560
562
564
565
566
567
572
573
576
577
579
580
584
587
590
592
593
595
596
597
598
600
602
605
608
609
610
611
612
615
616
617
618
619
620
621
624
625
626
627
629
631
632
633
634
635
636
639
640
641
642
643
644
646
648
649
651
654
658
659
661
663
664
665
668
669
670
671
672
674
675
677
679
680
682
683
686
687
689
690
691
692
693
694
697
698
699
700
702
704
705
706
708
709
710
711
712
713
714
715
716
718
719
720
721
723
724
726
727
728
733
734
735
736
737
739
740
741
743
744
745
746
747
749
750
751
752
753
754
755
756
757
759
767
768
770
771
773
775
776
777
778
779
781
785
786
789
790
791
792
793
794
796
797
800
803
804
807
808
811
812
814
815
818
819
820
821
822
823
824
826
827
828
829
831
832
833
834
835
836
837
838
839
840
843
844
847
850
852
853
856
857
858
862
863
865
867
871
873
876
877
878
882
885
886
888
889
890
892
893
894
895
896
897
898
900
901
902
903
907
908
909
911
913
914
918
919
920
921
922
924
925
926
930
931
932
933
934
935
936
937
939
942
943
944
947
948
949
950
951
952
953
954
957
959
961
967
969
970
971
974
975
977
979
980
983
987
988
989
990
991
993
997
999
1000
1002
1003
1004
1006
1010
1011
1013
1014
1015
1017
1019
1021
1022
1023
1024
1025
1026
1027
1028
1029
1032
1033
1034
1036
1039
1040
1041
1042
1043
1046
1047
1048
1049
1051
1055
1059
1060
1061
1063
1065
1066
1067
1068
1069
1074
1075
1077
1078
1079
1081
1082
1084
1085
1086
1088
1089
1091
1098
1099
1103
1105
1107
84
59
21
17
36
19
75
33
20
29
10
16
6
53
71
73
58
52
85
54
42
38
68
14
69
80
61
83
8
37
13
60
57
25
2
30
62
86
79
35
46
18
7
72
67
63
28
23
15
84
65
39
3
87
78
64
81
4
32
77
41
5
44
49
26
82
45
31
70
40
24
76
43
11
50
1
51
22
56
55
48
74
47
9
27
