686
12
13
14
21
29
31
36
39
43
44
45
46
47
48
49
51
56
57
58
60
62
63
66
68
69
71
74
77
79
82
83
85
90
91
95
96
101
106
113
114
115
118
119
120
123
124
127
128
132
133
138
139
146
147
149
150
154
156
166
167
170
172
180
184
189
190
199
202
206
207
215
216
217
218
220
222
224
229
232
234
236
240
246
253
254
255
260
261
265
266
270
274
281
282
284
288
290
291
294
298
300
303
305
306
309
310
313
316
319
320
322
325
330
331
332
333
336
339
340
341
343
347
349
353
359
360
362
365
366
367
369
370
372
373
375
385
386
396
398
399
400
403
404
410
411
412
418
420
422
429
431
433
434
438
440
446
450
451
453
455
458
460
461
466
467
468
471
474
475
476
478
479
481
482
484
485
488
489
492
493
495
501
505
506
508
511
521
522
523
526
531
534
535
536
537
538
539
547
553
561
564
565
566
567
569
573
578
582
585
588
590
592
595
597
598
601
605
606
608
609
612
613
615
616
618
621
624
626
628
629
630
631
633
635
638
639
643
646
651
654
663
667
669
672
676
683
688
689
692
693
698
702
706
709
711
713
714
718
722
725
731
732
735
741
744
748
749
751
754
756
759
763
764
766
767
771
772
776
777
784
787
790
793
795
796
799
804
806
808
809
810
811
814
818
819
822
824
825
828
829
833
834
838
841
843
844
845
846
849
850
859
860
863
864
865
866
867
868
869
870
873
874
875
878
879
881
882
883
891
892
895
897
901
903
905
907
911
912
915
916
919
926
934
935
939
940
948
949
955
956
957
963
965
971
972
973
975
981
988
998
1005
1009
1010
1013
1016
1022
1025
1037
1038
1040
1042
1047
1048
1052
1056
1059
1061
1066
1067
1069
1075
1076
1078
1079
1080
1083
1086
1089
1090
1091
1093
1095
1098
1099
1100
1102
1103
1105
1108
1110
1111
1112
1115
1116
1117
1120
1121
1128
1129
1131
1132
1137
1139
1140
1142
1146
1155
1157
1158
1162
1164
1165
1169
1170
1171
1173
1174
1175
1176
1177
1178
1180
1181
1182
1186
1188
1204
1211
1212
1215
1216
1222
1223
1226
1235
1237
1239
1241
1243
1244
1250
1251
1252
1261
1265
1270
1272
1273
1277
1278
1281
1284
1287
1288
1292
1293
1294
1300
1302
1303
1304
1307
1309
1318
1319
1320
1326
1327
1328
1329
1332
1338
1339
1341
1342
1343
1345
1351
1352
1354
1355
1360
1363
1367
1374
1380
1381
1383
1385
1386
1387
1388
1390
1391
1392
1396
1397
1402
1405
1406
1408
1409
1410
1412
1413
1415
1417
1419
1420
1425
1427
1432
1437
1443
1449
1451
1452
1453
1454
1455
1457
1462
1463
1467
1469
1474
1475
1477
1478
1479
1480
1483
1484
1485
1487
1489
1490
1494
1495
1497
1498
1499
1500
1506
1507
1508
1511
1515
1519
1522
1523
1525
1531
1532
1534
1542
1543
1547
1548
1551
1552
1554
1555
1557
1558
1562
1564
1565
1566
1569
1570
1575
1577
1584
1586
1591
1592
1594
1595
1596
1597
1598
1601
1603
1606
1608
1613
1614
1618
1624
1625
1626
1633
1637
1640
1643
1644
1648
1650
1653
1654
1657
1659
1660
1663
1669
1670
1673
1675
1676
1678
1680
1691
1695
1697
1699
1700
1701
1702
1706
1707
1708
1712
1713
1714
1718
1719
1723
1726
1727
1729
1731
1734
1735
1738
1743
1744
1747
1748
1749
1753
1755
1756
1763
1764
1765
1766
1778
1781
1783
1784
1785
1786
1789
1791
1792
1794
1795
1804
1805
1807
1808
1810
1812
1814
1815
1823
1825
1827
1829
1831
1832
1833
1834
1835
1839
155
138
45
136
101
119
28
145
76
63
78
156
69
124
144
43
57
19
61
96
47
42
71
143
113
6
24
8
82
56
104
118
64
41
22
67
160
128
1
151
65
0
17
142
37
131
5
51
81
100
50
70
94
141
40
3
137
116
36
105
9
114
49
15
102
79
163
66
93
30
52
140
150
83
74
38
55
106
115
33
77
121
97
159
29
148
103
89
122
161
86
133
53
162
98
46
73
10
32
149
107
153
34
80
85
158
110
75
152
39
72
117
35
90
112
27
16
132
129
88
7
120
125
157
20
84
134
111
18
95
31
135
146
60
155
87
11
25
108
23
68
26
91
2
109
59
154
126
13
123
147
14
44
130
21
99
