686
6
8
9
10
11
15
16
17
18
19
20
21
23
24
25
26
29
30
31
32
33
34
35
36
37
39
41
43
44
46
48
49
55
57
58
59
60
61
62
64
65
67
68
74
75
76
78
79
82
84
85
86
87
89
90
92
93
94
95
96
97
98
100
102
106
107
108
110
111
112
113
114
116
117
119
121
122
123
125
127
128
131
134
136
137
138
139
140
141
142
144
146
148
149
150
153
154
156
157
158
159
160
161
162
164
166
167
168
171
172
173
174
175
176
177
179
180
181
182
187
188
189
192
195
200
203
205
206
207
210
211
214
215
216
218
219
222
224
225
227
228
229
230
231
232
234
235
237
238
240
243
246
247
248
251
253
254
259
260
262
266
269
270
271
273
274
276
278
279
280
281
282
283
284
287
290
291
294
295
296
298
299
300
301
302
305
306
307
308
309
310
311
312
314
315
316
317
318
319
320
321
322
326
327
328
330
331
332
334
336
337
338
339
341
342
343
346
348
349
350
351
356
358
359
360
361
362
363
364
365
366
368
369
370
371
374
376
377
378
379
381
382
383
384
385
386
387
389
390
392
393
399
400
401
402
404
406
407
408
410
411
412
413
414
415
416
417
419
420
424
427
428
429
430
431
432
433
434
435
436
437
441
442
443
444
445
446
447
448
452
454
456
459
460
461
462
464
466
470
471
474
475
476
477
478
479
481
482
484
485
487
488
489
492
495
496
498
500
503
504
507
509
510
512
514
515
516
521
522
523
526
527
528
529
531
532
533
534
535
537
538
539
540
542
543
545
547
548
549
553
554
555
556
558
559
562
563
566
567
569
571
574
575
576
578
580
581
584
585
586
587
588
590
591
595
596
598
599
603
604
605
608
609
611
612
616
617
620
621
623
625
626
629
633
635
636
637
638
639
640
641
646
647
648
650
651
652
653
654
656
657
658
661
664
666
667
669
670
671
672
673
674
675
676
679
683
684
687
688
689
692
694
695
697
699
700
701
702
703
704
705
707
709
712
714
715
717
718
720
721
722
725
728
729
732
733
734
736
737
739
741
742
744
746
747
750
751
752
753
754
757
758
759
760
761
763
765
766
768
769
770
772
774
776
777
778
779
782
783
785
787
790
791
792
794
796
799
801
804
807
808
811
812
813
816
817
818
820
821
823
826
827
829
830
831
832
833
834
835
836
837
839
840
842
844
845
846
847
848
849
853
854
855
856
858
859
860
862
863
864
865
866
868
869
873
874
875
876
877
879
880
881
883
884
886
887
889
892
894
895
896
897
898
899
901
909
910
911
912
913
914
915
917
919
920
922
923
924
925
926
927
928
933
934
935
937
940
944
945
946
947
948
949
950
953
957
958
959
961
962
964
971
972
974
977
978
979
983
985
986
987
988
989
992
993
994
996
999
1001
1002
1003
1005
1007
1008
1009
1010
1011
1012
1013
1015
1016
1020
1021
1022
1026
1027
1028
1029
1030
1032
1033
1034
1036
1038
1039
1040
1044
1045
1048
1049
1051
1052
1054
1055
1056
1057
1059
1061
1062
1063
1065
1066
1068
1069
1070
1071
1073
1076
1078
1081
1082
1083
1084
1085
1086
1089
1092
1093
1094
1095
1098
1099
1100
1101
1105
1107
82
20
9
84
73
58
81
71
34
42
13
85
46
1
16
67
69
49
37
64
33
75
43
2
24
28
77
56
72
32
18
15
60
76
79
65
19
50
12
54
4
59
7
74
57
39
52
80
38
51
5
35
86
3
40
29
53
55
6
36
47
23
68
30
63
45
21
41
83
48
70
11
10
82
62
31
22
27
61
87
66
14
78
