119
3
9
13
42
49
122
130
149
220
237
265
266
269
283
285
286
294
304
346
348
349
350
391
398
401
419
425
437
490
502
518
526
586
599
625
647
648
655
659
690
694
696
763
782
808
856
884
898
921
1001
1005
1051
1062
1072
1073
1139
1160
1175
1215
1226
1232
1240
1256
1281
1285
1293
1318
1319
1342
1348
1351
1354
1384
1385
1416
1448
1461
1464
1466
1493
1543
1565
1597
1626
1647
1734
1736
1750
1794
1797
1811
1820
1831
1838
1881
1887
1908
1949
1958
1966
1993
2021
2043
2064
2069
2073
2082
2145
2154
2172
2233
2240
2245
2254
2302
2315
2347
2381
2403
163
122
102
157
108
120
142
121
156
13
141
154
53
37
39
100
70
137
48
146
145
16
43
89
44
83
107
136
144
45
96
46
20
128
8
155
97
14
132
10
28
76
150
25
92
115
71
124
110
4
18
40
113
49
68
55
0
152
35
15
52
74
101
94
5
99
36
88
47
159
116
6
1
57
60
62
129
63
103
140
126
148
26
134
130
104
7
80
12
84
135
23
34
3
65
22
2
161
149
93
11
17
75
138
69
66
82
42
73
50
67
87
125
31
78
109
117
127
41
51
38
114
147
72
54
81
131
59
90
91
29
24
21
133
19
119
98
112
105
139
151
61
56
106
64
118
162
95
58
160
153
77
86
123
79
158
30
111
143
85
9
33
32
27
