686
3
4
8
9
11
12
14
16
17
21
23
24
25
29
30
32
36
37
42
44
45
46
47
48
49
50
53
54
55
57
58
59
60
61
62
63
64
65
66
68
69
70
72
73
76
77
78
80
82
83
84
85
86
88
89
92
93
96
99
101
103
105
106
107
108
109
110
112
115
119
120
121
122
123
127
128
131
132
133
134
135
137
139
140
142
144
146
147
150
151
155
158
159
160
161
164
165
166
167
170
171
172
174
177
178
181
182
183
184
186
190
192
193
195
198
199
200
201
202
208
209
210
211
214
216
220
221
222
223
226
227
229
230
231
232
233
234
237
238
241
242
243
245
247
248
252
253
256
257
258
259
262
263
266
267
269
270
272
276
277
278
279
281
282
283
285
287
288
289
291
292
293
294
295
296
297
299
300
301
302
303
305
306
309
310
311
313
315
316
317
318
319
321
323
325
326
327
328
329
330
331
332
336
339
342
347
348
349
350
351
352
353
354
356
358
361
362
366
370
371
374
375
376
377
378
379
380
382
386
387
388
389
390
391
394
397
399
400
404
405
406
407
408
409
411
414
418
420
421
422
425
427
429
431
432
436
437
438
440
443
444
445
446
447
452
453
454
455
457
458
460
461
463
464
467
468
469
470
472
473
474
476
477
478
479
480
481
482
483
484
485
487
489
493
497
499
500
501
503
505
508
509
511
512
513
514
516
518
519
522
523
526
527
528
531
532
536
537
539
540
542
544
545
546
547
550
551
553
554
556
560
561
564
565
566
569
570
571
572
575
576
577
580
581
584
587
588
589
590
591
593
595
596
598
599
600
602
603
604
605
607
608
609
610
611
612
613
614
615
617
618
620
624
628
629
632
634
635
637
639
641
642
643
644
646
647
648
650
653
654
655
656
657
660
661
662
663
664
667
668
672
673
676
677
678
679
680
683
686
687
688
689
691
692
693
694
695
696
697
698
700
701
702
703
705
706
707
708
710
711
712
715
716
717
718
719
721
724
726
727
729
731
734
735
736
737
738
739
740
741
742
743
745
747
749
750
751
752
753
754
755
757
759
761
762
763
764
765
766
767
768
769
771
773
775
777
778
779
780
783
784
785
786
788
789
790
792
793
796
799
800
801
803
804
805
806
807
808
811
813
814
815
817
818
820
822
825
829
830
831
832
833
834
835
836
841
842
847
848
851
855
857
860
862
863
865
866
867
868
869
870
871
872
874
875
876
877
878
879
882
883
884
887
888
889
890
893
894
895
897
898
899
901
903
904
905
906
909
910
911
913
914
915
917
918
919
920
922
924
927
928
931
932
933
934
936
937
938
939
940
943
944
945
946
947
948
949
950
952
953
954
955
957
958
960
961
963
966
967
969
970
972
973
974
975
976
977
978
979
980
982
983
987
989
990
992
993
994
996
997
999
1000
1001
1002
1003
1004
1005
1006
1008
1009
1010
1011
1012
1013
1016
1017
1021
1023
1025
1028
1029
1030
1032
1033
1034
1035
1038
1041
1042
1043
1045
1048
1049
1050
1051
1052
1054
1055
1056
1057
1059
1061
1065
1067
1068
1072
1075
1076
1079
1080
1081
1082
1084
1089
1090
1091
1093
1095
1096
1097
1098
1099
1104
1105
1106
1107
82
3
42
60
71
11
75
76
37
67
16
36
82
35
28
43
18
54
68
51
83
84
62
38
48
45
34
10
70
78
12
29
63
79
66
14
65
49
72
77
52
2
5
46
15
30
7
58
80
13
27
9
53
47
81
6
26
1
21
31
25
19
8
41
4
22
56
85
40
74
69
44
61
20
0
24
32
55
87
39
64
50
17
