234
14
32
75
76
86
108
110
127
128
130
140
169
190
204
211
226
271
296
298
316
317
328
329
333
340
342
389
399
410
415
423
449
484
494
504
540
581
582
603
606
609
612
626
656
660
663
697
702
707
715
724
739
747
753
755
761
763
764
769
771
783
784
853
862
864
876
880
886
891
914
926
928
948
952
976
978
994
1023
1039
1046
1068
1082
1088
1097
1119
1126
1138
1139
1141
1146
1149
1156
1187
1190
1193
1200
1215
1232
1266
1280
1284
1286
1288
1317
1340
1360
1362
1368
1378
1379
1382
1397
1404
1409
1416
1431
1434
1443
1448
1454
1457
1465
1469
1479
1493
1499
1507
1510
1518
1519
1520
1524
1539
1544
1573
1585
1630
1648
1649
1652
1664
1676
1684
1686
1695
1697
1701
1731
1732
1748
1751
1764
1767
1775
1778
1781
1805
1809
1824
1832
1834
1836
1844
1853
1854
1885
1904
1921
1936
1937
1938
1941
1950
1971
1972
1979
1991
2012
2014
2030
2047
2062
2067
2077
2090
2098
2102
2116
2123
2134
2141
2180
2183
2221
2269
2273
2293
2299
2308
2310
2316
2328
2331
2345
2349
2352
2375
2378
2381
2409
2425
2435
2441
2445
2462
2468
2474
2481
2485
2504
2508
2513
2518
2532
2539
2544
2552
2567
2570
2572
2587
2592
2603
2624
159
100
42
97
127
118
0
66
56
37
21
152
136
160
110
36
101
24
72
149
49
38
35
61
14
86
39
102
60
40
31
52
90
69
23
74
133
126
143
81
116
87
141
50
131
125
119
22
92
121
95
120
148
80
67
135
159
75
111
55
27
63
26
9
140
58
124
10
20
155
2
51
145
91
4
29
1
99
73
146
108
45
115
156
32
128
8
85
64
151
153
134
93
147
144
122
28
77
103
150
48
41
158
154
137
65
6
68
79
16
98
70
106
43
132
33
129
76
104
46
15
18
117
7
62
78
25
157
34
3
47
11
71
105
138
83
54
5
13
113
130
12
123
109
107
112
59
139
114
82
19
57
96
88
53
84
142
44
89
30
