248
12
31
43
45
54
57
67
72
77
81
91
120
147
151
159
161
165
170
189
207
234
236
253
260
261
279
288
297
304
308
313
335
345
369
388
399
402
414
421
434
455
468
477
509
527
533
539
542
549
559
585
611
612
616
624
639
647
661
662
673
681
691
696
706
715
719
738
747
755
757
758
764
767
776
787
793
797
804
814
816
825
832
844
852
857
872
878
880
896
905
916
923
926
978
982
992
1000
1017
1020
1066
1068
1069
1077
1085
1091
1101
1103
1108
1131
1136
1147
1154
1156
1161
1199
1200
1209
1224
1237
1275
1277
1299
1338
1368
1381
1392
1393
1395
1407
1416
1419
1432
1436
1442
1460
1475
1492
1495
1498
1513
1514
1521
1525
1530
1551
1587
1597
1602
1608
1613
1615
1618
1622
1635
1644
1671
1693
1699
1733
1753
1777
1781
1796
1808
1836
1837
1845
1863
1866
1873
1874
1880
1896
1900
1903
1906
1907
1908
1912
1944
1954
1961
1984
1993
1999
2000
2002
2012
2022
2031
2033
2036
2040
2053
2072
2074
2075
2077
2094
2106
2112
2115
2118
2128
2130
2142
2157
2159
2167
2173
2179
2197
2221
2222
2228
2233
2253
2268
2293
2300
2301
2323
2337
2361
2362
2367
2376
2382
2423
2425
2443
2464
2480
2481
2490
2491
2493
2498
2503
2539
2542
2555
2556
2588
2595
2609
2611
2613
161
129
134
137
4
93
69
27
117
59
57
47
114
63
81
24
62
100
144
22
5
38
7
154
48
132
21
76
58
45
46
94
153
115
44
146
157
80
118
109
102
13
32
75
123
28
108
77
112
133
52
152
121
60
42
139
34
99
145
43
82
56
85
103
105
8
11
64
67
143
155
31
91
113
124
61
35
138
97
86
72
101
50
96
2
33
84
142
66
19
17
1
151
65
12
111
29
159
73
54
74
140
87
160
40
98
10
71
135
150
120
116
6
20
95
110
55
158
70
104
88
131
23
141
49
125
126
36
37
9
156
78
15
127
149
53
106
128
148
16
30
107
79
83
136
25
147
51
0
41
14
3
90
68
122
119
18
39
89
92
26
130
