664
6
7
10
11
12
13
14
17
18
20
27
29
31
32
33
39
44
45
46
49
50
52
54
56
60
63
67
70
74
84
86
88
90
97
101
106
108
109
114
117
119
121
123
124
125
126
128
133
136
140
141
142
144
148
151
152
154
160
161
167
168
169
170
177
178
179
180
185
192
195
197
198
201
205
206
208
209
219
223
226
227
235
237
239
241
247
248
253
255
258
261
262
266
267
268
269
270
271
274
278
282
283
284
293
295
298
300
302
304
307
309
310
313
314
318
319
322
323
325
326
328
331
333
334
338
344
348
349
353
354
355
358
360
362
365
367
371
372
378
384
388
389
391
392
393
398
399
400
406
409
413
416
417
424
425
432
436
439
446
447
450
451
459
460
463
466
473
474
477
481
482
483
485
487
488
491
492
493
499
501
504
505
506
507
508
509
510
512
514
522
524
528
530
531
535
536
537
539
541
545
547
549
550
553
555
558
561
562
567
572
573
577
578
579
580
585
588
599
601
602
605
606
614
615
617
619
620
623
624
626
628
639
644
650
655
663
666
668
680
681
684
691
695
698
699
700
702
705
707
712
714
719
725
730
731
732
733
734
736
739
743
748
750
752
753
757
760
765
766
769
770
775
777
781
783
787
789
795
798
800
802
803
805
806
807
809
817
819
820
821
825
826
829
830
832
833
835
837
839
840
841
842
843
845
846
849
851
857
862
863
865
867
875
877
879
880
883
884
885
886
891
892
893
899
902
905
908
914
915
917
918
927
931
933
937
939
941
945
946
954
957
961
963
965
967
968
971
974
978
979
983
987
989
992
993
999
1002
1003
1008
1010
1012
1015
1017
1023
1027
1030
1034
1041
1042
1044
1047
1049
1050
1053
1060
1064
1070
1073
1074
1079
1080
1081
1082
1090
1091
1097
1101
1105
1107
1108
1110
1113
1114
1117
1120
1123
1124
1130
1131
1134
1137
1138
1140
1142
1143
1151
1154
1159
1161
1162
1164
1165
1166
1168
1173
1175
1176
1178
1180
1181
1183
1184
1194
1197
1200
1201
1209
1211
1216
1218
1220
1222
1226
1227
1230
1231
1232
1234
1237
1238
1239
1241
1243
1245
1248
1250
1251
1254
1255
1261
1262
1275
1276
1277
1279
1281
1283
1285
1289
1290
1293
1306
1310
1313
1320
1322
1325
1326
1327
1330
1331
1333
1338
1344
1346
1348
1351
1352
1358
1362
1364
1367
1369
1372
1373
1374
1375
1376
1380
1387
1391
1393
1398
1399
1401
1402
1403
1410
1411
1414
1415
1416
1419
1421
1424
1425
1428
1430
1433
1435
1437
1441
1443
1444
1453
1455
1456
1458
1459
1460
1461
1463
1465
1466
1467
1470
1476
1478
1480
1484
1487
1490
1495
1498
1504
1507
1511
1513
1514
1515
1516
1522
1523
1524
1525
1528
1529
1532
1533
1542
1543
1546
1551
1553
1555
1556
1559
1566
1573
1574
1575
1579
1582
1584
1590
1591
1594
1600
1601
1602
1604
1611
1614
1615
1616
1621
1623
1628
1630
1632
1633
1637
1638
1639
1642
1643
1644
1648
1650
1651
1653
1655
1656
1658
1661
1664
1667
1668
1669
1670
1671
1673
1674
1675
1676
1679
1684
1689
1691
1692
1695
1696
1698
1702
1703
1707
1710
1711
1712
1714
1716
1720
1721
1723
1724
1726
1727
1729
1730
1735
1736
1737
1740
1742
1751
1754
1756
1757
1758
1763
1764
1767
1771
1776
1780
1781
1783
1786
1787
1795
1797
1801
1804
1811
1814
1818
1824
1827
1828
1829
1831
1833
1834
1837
155
0
138
124
82
93
103
7
134
101
50
44
155
22
163
8
141
63
43
91
12
119
27
109
86
122
126
29
88
26
62
143
59
113
106
36
87
80
156
98
154
16
104
69
100
47
3
115
116
117
99
135
157
65
39
15
21
34
162
131
142
105
161
71
144
96
19
11
1
49
9
79
151
18
164
150
56
54
114
30
17
55
127
89
37
72
53
78
75
111
108
32
42
66
28
159
5
83
90
57
146
147
132
133
13
139
148
107
158
73
110
48
60
2
160
41
95
84
58
20
121
52
31
51
68
77
112
137
76
40
129
118
136
128
25
14
35
149
81
23
38
153
152
64
46
4
123
74
94
45
67
145
24
6
70
125
