122
72
152
153
176
187
189
200
204
222
224
241
243
279
281
287
302
348
358
360
364
366
369
377
389
416
458
460
467
469
528
533
561
583
592
653
700
736
749
777
794
847
860
875
902
935
937
943
977
1003
1006
1020
1047
1050
1080
1089
1090
1093
1097
1103
1109
1119
1142
1168
1176
1187
1199
1226
1242
1243
1309
1319
1324
1328
1339
1344
1352
1453
1460
1489
1583
1589
1602
1617
1663
1665
1680
1691
1714
1733
1745
1798
1836
1846
1867
1868
1872
1899
1924
1934
1935
1947
1979
2052
2085
2089
2119
2128
2170
2199
2225
2235
2262
2282
2283
2296
2304
2332
2334
2386
2403
2433
2437
154
17
40
97
45
126
110
111
131
152
11
137
80
98
93
41
2
150
51
116
154
103
54
60
146
156
59
94
25
64
55
68
35
53
83
82
117
78
33
159
107
19
0
31
120
66
63
62
148
34
61
105
7
20
9
88
140
67
65
69
8
144
27
74
90
121
112
108
118
114
71
155
135
89
79
102
85
48
92
119
39
22
6
134
57
139
44
3
81
157
153
77
70
21
122
87
143
30
106
5
158
42
38
4
142
73
84
47
1
136
104
49
101
151
124
133
160
132
115
46
100
109
43
52
130
26
50
138
128
24
14
141
147
123
91
28
86
58
129
113
161
32
13
29
76
75
96
18
125
127
23
16
72
162
145
