686
7
8
11
12
13
14
17
19
20
21
22
26
27
28
29
30
31
34
35
37
38
40
41
42
43
44
45
46
47
49
51
52
53
55
57
60
62
63
64
65
67
68
69
70
73
74
75
76
77
79
80
81
82
83
86
89
90
93
95
97
98
100
103
107
110
112
113
115
119
120
121
124
125
126
129
130
131
132
133
134
135
136
137
139
140
141
143
147
149
150
151
153
154
155
157
158
160
161
164
166
167
168
169
170
171
172
174
175
177
179
181
182
183
185
189
190
191
195
196
199
200
202
204
205
206
208
209
210
214
215
216
217
218
219
220
221
223
224
225
226
228
229
232
234
235
236
237
240
242
243
245
248
249
251
253
254
256
259
260
261
262
264
266
270
271
273
274
275
276
277
278
279
280
284
287
288
289
291
292
293
294
298
299
300
301
302
303
304
306
309
312
313
314
317
318
319
322
324
325
327
328
329
330
331
332
333
339
342
343
345
347
348
349
352
353
355
356
357
358
359
360
361
362
364
367
368
370
371
372
373
374
375
376
377
378
379
380
381
383
384
386
387
388
389
391
392
393
394
396
397
399
400
401
404
405
406
407
409
410
411
412
413
414
415
416
418
421
422
423
424
425
427
428
429
434
435
437
438
440
442
444
445
446
447
449
452
457
460
461
463
464
465
467
468
469
470
471
472
473
476
478
479
482
484
486
487
488
490
491
492
495
496
497
498
499
501
502
503
504
505
509
510
511
513
515
516
517
518
520
522
523
526
527
529
530
531
532
533
534
535
536
537
539
540
545
546
548
549
552
553
556
557
558
559
560
562
567
568
569
571
572
573
575
576
580
582
584
586
587
590
591
594
595
597
599
600
602
603
607
608
612
613
615
616
617
618
619
621
622
623
624
626
627
629
630
631
633
634
635
636
637
639
641
642
644
646
647
649
651
652
654
655
656
661
662
663
665
666
667
668
669
670
673
675
676
678
679
680
681
684
685
686
689
690
692
693
694
696
697
699
701
704
707
710
713
714
716
717
718
719
720
721
722
724
725
726
728
729
730
735
739
740
742
743
744
745
746
747
750
751
752
753
755
756
757
758
760
761
763
764
765
766
768
771
772
773
774
776
777
778
780
782
783
784
786
787
788
789
790
792
793
796
797
798
800
804
805
806
808
809
813
814
815
816
817
818
819
820
821
822
824
826
827
829
830
831
833
836
840
842
844
845
848
849
850
851
852
855
856
857
858
859
860
863
866
867
872
877
878
879
880
881
883
884
888
890
891
892
893
894
895
896
897
898
900
901
904
905
907
909
910
911
912
917
918
919
923
924
928
929
930
931
932
933
935
936
938
943
944
945
946
947
949
950
954
956
957
958
960
961
963
964
965
966
967
969
970
972
976
978
979
980
981
983
985
986
988
990
993
994
995
997
1000
1002
1004
1006
1007
1008
1012
1014
1015
1016
1017
1018
1019
1020
1022
1023
1025
1027
1028
1031
1034
1035
1036
1037
1038
1040
1043
1044
1045
1047
1049
1050
1051
1053
1054
1055
1060
1061
1063
1064
1065
1067
1068
1069
1070
1071
1073
1074
1076
1078
1082
1084
1087
1088
1089
1091
1093
1096
1097
1100
1101
1103
1104
1106
83
46
68
3
30
54
22
69
67
84
73
41
62
70
83
49
34
25
33
14
15
2
71
86
23
59
74
13
10
78
16
12
28
29
36
6
11
51
1
80
57
76
19
35
48
75
50
60
81
63
4
45
64
42
44
52
32
61
26
65
53
17
56
31
87
9
55
0
43
40
24
37
85
38
8
5
82
77
7
27
18
58
20
47
