109
0
27
41
128
170
194
243
248
275
310
322
340
350
378
380
452
471
499
510
540
571
660
661
699
702
734
743
789
790
805
831
835
884
885
926
955
1004
1010
1045
1046
1056
1067
1086
1106
1114
1120
1137
1142
1147
1174
1176
1186
1204
1209
1214
1282
1288
1294
1301
1313
1373
1399
1414
1431
1436
1491
1547
1601
1646
1649
1685
1694
1713
1716
1763
1779
1802
1841
1860
1892
1893
1896
1904
1921
1931
1937
1941
2013
2027
2029
2041
2048
2052
2106
2119
2130
2138
2146
2154
2161
2235
2265
2319
2351
2354
2365
2400
2430
2444
161
26
108
137
74
93
129
143
87
1
120
133
127
58
46
44
45
162
160
7
151
142
134
109
113
99
115
98
60
14
155
140
102
88
42
73
121
139
154
138
38
32
71
76
110
122
15
156
52
114
78
35
145
106
105
92
96
125
9
132
101
111
72
47
67
103
19
21
77
149
126
8
100
5
20
161
22
48
61
104
89
33
30
97
148
153
57
123
84
51
124
66
157
56
75
18
152
94
158
83
39
25
16
159
112
107
2
62
82
118
11
119
79
80
141
3
64
34
131
17
37
65
135
63
23
43
55
36
150
68
54
91
28
13
40
95
49
12
130
147
50
116
31
24
41
29
69
53
10
146
59
136
0
27
70
117
81
6
128
144
90
86
