654
16
17
20
21
29
31
32
37
38
39
40
45
46
49
50
56
59
60
66
68
69
74
77
78
81
84
86
88
89
91
92
93
99
102
104
109
112
114
117
118
119
121
122
127
128
130
131
135
137
141
142
143
147
150
152
155
157
160
161
162
166
167
168
174
175
183
184
186
187
195
197
199
201
203
206
209
210
211
221
226
228
229
231
233
235
236
243
245
246
249
260
262
264
266
267
269
271
273
276
277
281
283
284
285
290
291
296
299
300
302
303
307
308
312
314
317
321
322
325
328
329
330
344
351
354
355
356
359
363
364
375
376
378
381
385
386
389
390
391
392
394
395
398
402
406
409
410
411
415
420
422
428
430
432
433
436
442
445
450
451
453
459
460
462
463
471
472
473
475
476
477
478
481
485
487
488
493
495
498
500
507
508
510
511
513
519
523
524
529
534
536
540
544
545
546
547
548
549
551
552
553
555
557
565
571
572
575
577
585
590
594
595
598
599
604
610
613
617
618
629
632
633
638
639
641
648
649
651
654
656
670
676
677
680
683
685
686
689
693
695
698
699
703
705
707
709
710
711
725
726
727
728
731
739
742
743
744
750
751
752
754
755
759
760
762
765
768
769
770
772
773
775
778
787
789
791
795
796
800
802
806
810
813
814
815
818
820
821
823
827
831
835
839
840
844
845
850
851
855
857
859
863
869
876
877
878
885
887
896
904
906
907
910
911
912
914
915
917
918
923
927
928
931
936
937
938
941
942
946
949
950
954
956
957
958
971
972
980
981
982
983
987
990
997
1002
1004
1009
1012
1013
1019
1020
1024
1026
1031
1036
1039
1043
1047
1048
1049
1050
1051
1052
1056
1057
1063
1071
1074
1077
1081
1083
1089
1092
1093
1098
1102
1103
1104
1105
1106
1107
1108
1109
1112
1117
1121
1122
1123
1125
1126
1129
1131
1133
1134
1143
1144
1145
1148
1150
1152
1154
1155
1161
1162
1165
1167
1171
1173
1176
1178
1179
1183
1184
1190
1192
1193
1195
1201
1209
1211
1212
1215
1218
1219
1220
1221
1223
1225
1227
1233
1235
1238
1246
1247
1249
1251
1252
1255
1260
1263
1264
1266
1267
1269
1273
1277
1278
1279
1280
1283
1285
1286
1287
1288
1291
1293
1295
1301
1310
1311
1318
1321
1322
1330
1334
1336
1337
1338
1340
1342
1345
1346
1353
1354
1355
1357
1364
1367
1368
1371
1372
1373
1374
1375
1378
1380
1382
1384
1387
1389
1399
1400
1401
1402
1406
1408
1415
1421
1422
1423
1426
1427
1430
1439
1442
1445
1446
1448
1450
1451
1454
1456
1458
1459
1460
1461
1462
1463
1465
1467
1468
1470
1472
1479
1480
1482
1483
1484
1486
1489
1492
1497
1499
1507
1508
1509
1510
1511
1513
1514
1517
1518
1519
1521
1522
1528
1534
1539
1540
1545
1546
1547
1548
1549
1553
1558
1560
1562
1563
1567
1569
1571
1576
1583
1584
1585
1586
1596
1599
1601
1602
1604
1605
1611
1612
1614
1616
1618
1624
1626
1628
1629
1632
1636
1641
1643
1647
1649
1653
1654
1655
1657
1658
1660
1661
1663
1666
1670
1671
1677
1678
1679
1685
1686
1687
1688
1690
1692
1699
1701
1707
1708
1711
1712
1718
1722
1727
1731
1734
1735
1736
1738
1740
1744
1750
1753
1754
1755
1759
1761
1765
1773
1776
1777
1779
1787
1788
1793
1797
1799
1800
1801
1804
1815
1816
1817
1825
1827
1831
1832
1836
1837
1839
1840
155
70
9
114
62
76
118
82
67
22
135
121
122
21
156
66
52
84
61
153
24
55
83
45
151
13
104
87
115
72
141
28
30
139
146
133
102
44
26
88
58
74
64
32
23
14
142
20
128
57
92
68
7
1
42
47
96
103
160
105
18
40
145
132
36
41
116
131
152
35
137
60
48
86
147
163
10
77
54
154
19
91
81
85
97
79
136
31
124
150
4
56
34
51
162
120
8
157
125
29
159
127
143
107
148
33
75
138
39
161
69
149
117
37
2
27
155
123
11
5
46
78
6
16
3
71
144
119
65
111
158
90
59
50
112
108
94
38
113
101
106
43
93
129
89
0
134
12
109
140
99
49
15
98
80
17
