117
159
162
185
194
195
207
212
217
254
274
298
299
300
304
309
321
325
385
394
399
403
418
460
484
500
537
541
567
591
620
674
688
691
699
743
761
762
766
780
803
809
811
834
886
892
893
989
997
1004
1008
1060
1073
1112
1152
1163
1190
1203
1207
1225
1255
1285
1292
1294
1302
1342
1350
1352
1354
1379
1398
1412
1433
1470
1495
1512
1552
1565
1647
1657
1711
1735
1741
1777
1783
1786
1787
1910
1915
1934
1949
1992
2002
2056
2073
2096
2108
2139
2153
2155
2164
2233
2246
2259
2261
2263
2286
2326
2337
2344
2345
2352
2362
2372
2387
2397
2425
2429
153
146
66
37
86
96
62
63
135
54
120
140
89
108
134
39
17
116
114
137
14
40
53
115
124
77
88
36
5
147
50
143
29
142
99
155
30
154
100
10
159
151
23
128
34
46
80
75
93
111
47
87
64
25
118
109
148
131
43
42
123
102
129
57
15
161
72
81
70
157
106
3
144
138
132
119
104
18
7
45
73
141
150
101
117
48
105
84
4
49
65
68
44
97
85
133
58
61
69
26
41
19
136
126
153
162
67
98
24
79
160
52
51
20
103
28
125
83
38
82
112
32
121
113
94
1
0
139
127
16
59
12
33
95
145
9
21
56
110
76
158
22
149
11
60
8
122
2
78
90
6
91
74
92
