248
14
32
64
67
73
102
142
148
150
173
194
196
211
217
220
226
232
248
252
265
269
278
282
284
288
295
321
322
327
335
357
387
417
422
431
449
452
476
479
500
505
507
516
527
542
575
581
582
590
604
605
612
617
618
620
629
635
653
657
674
704
714
719
735
749
750
758
768
779
780
782
805
812
866
879
893
902
907
909
911
913
914
920
934
997
1001
1008
1021
1027
1038
1044
1058
1059
1069
1074
1083
1092
1100
1113
1128
1130
1141
1147
1172
1173
1175
1187
1217
1218
1224
1246
1259
1274
1284
1290
1326
1329
1337
1345
1347
1353
1361
1364
1366
1373
1383
1409
1418
1431
1432
1436
1482
1493
1501
1510
1511
1519
1523
1527
1534
1549
1557
1566
1590
1621
1626
1633
1639
1687
1692
1713
1718
1725
1731
1738
1739
1745
1750
1751
1755
1756
1761
1764
1767
1777
1783
1788
1790
1791
1799
1809
1815
1836
1843
1850
1860
1875
1877
1899
1908
1917
1938
1942
1950
1991
1996
1998
1999
2001
2048
2066
2077
2096
2120
2132
2157
2165
2166
2175
2177
2182
2188
2193
2202
2204
2209
2213
2222
2240
2252
2259
2269
2284
2289
2304
2315
2320
2321
2328
2330
2352
2363
2376
2385
2389
2393
2400
2403
2416
2419
2420
2426
2430
2437
2446
2461
2489
2505
2511
2541
2543
2545
2547
2564
2571
2582
2593
2618
161
95
151
72
93
144
118
125
113
44
0
56
41
35
156
127
65
145
85
128
63
54
48
138
150
133
83
73
89
140
34
102
110
114
55
78
6
92
19
49
53
88
47
15
17
142
20
57
155
120
137
91
16
7
46
100
45
124
115
153
119
30
64
38
107
106
103
75
67
143
21
43
84
141
24
9
111
97
80
22
130
27
139
50
149
101
90
12
18
94
82
14
158
135
131
109
76
71
121
52
32
68
147
31
8
29
154
129
98
99
122
105
3
33
134
2
40
59
4
126
10
74
36
77
37
132
104
39
5
117
148
61
157
136
13
66
26
152
62
51
160
70
79
116
28
25
112
123
159
58
42
23
87
96
146
86
69
81
1
11
108
60
