149
8
9
26
31
33
35
38
42
47
48
53
59
61
62
66
72
77
82
84
95
130
131
140
143
146
152
155
156
172
190
196
210
219
221
226
227
243
257
266
269
271
281
285
289
291
295
299
315
319
323
330
331
343
347
349
354
356
360
378
382
383
384
401
402
408
414
422
427
442
446
449
494
504
506
509
518
529
540
541
543
557
561
571
578
580
586
592
611
617
631
639
640
641
645
650
651
658
669
675
676
686
691
710
714
725
726
740
748
750
756
763
767
774
815
819
823
842
853
871
872
894
897
901
909
914
920
921
936
944
948
960
961
972
986
994
996
1006
1012
1023
1025
1032
1042
1055
1068
1074
1075
1082
1088
1089
75
9
64
61
76
50
16
54
80
1
14
79
12
8
60
29
18
72
5
30
41
84
0
47
13
62
58
42
74
67
43
77
48
68
86
71
31
53
73
66
45
65
10
3
46
59
27
7
63
82
25
70
19
24
4
11
26
83
34
28
36
51
85
17
56
78
69
20
37
21
38
35
22
81
87
6
