283
10
13
15
18
20
26
34
39
40
42
44
50
59
66
68
72
77
86
87
91
110
118
121
123
134
157
163
172
181
191
199
223
225
227
230
253
267
273
275
283
290
297
305
310
319
326
332
347
348
356
378
381
393
403
420
425
429
455
458
459
465
474
475
482
487
526
527
529
530
541
543
546
550
582
593
635
638
639
653
662
683
690
697
729
749
766
775
780
791
792
797
802
810
820
830
835
852
860
863
868
877
891
898
928
941
946
948
970
983
988
992
994
1014
1016
1024
1036
1061
1068
1070
1073
1079
1090
1101
1110
1114
1125
1128
1131
1140
1143
1148
1154
1161
1168
1174
1178
1200
1206
1228
1233
1235
1236
1238
1253
1254
1265
1281
1296
1297
1304
1319
1342
1344
1358
1367
1395
1399
1406
1410
1413
1420
1429
1450
1453
1460
1464
1469
1478
1480
1487
1491
1494
1563
1564
1565
1567
1589
1602
1615
1619
1643
1645
1654
1661
1662
1680
1690
1701
1716
1720
1721
1750
1756
1778
1780
1792
1800
1820
1834
1853
1854
1869
1884
1893
1896
1908
1923
1930
1943
1945
1950
1961
1971
1987
2006
2013
2017
2018
2022
2027
2029
2034
2038
2050
2051
2059
2061
2062
2110
2111
2126
2128
2135
2161
2173
2181
2192
2214
2223
2236
2241
2255
2265
2267
2279
2282
2288
2305
2321
2337
2341
2351
2363
2383
2384
2398
2412
2420
2438
2440
2442
2443
2450
2453
2457
2471
2478
2496
2499
2510
2516
2534
2535
2544
2569
2573
2575
2587
2592
2610
2613
2616
2618
160
133
152
58
120
97
86
8
54
98
137
136
142
62
85
66
26
38
75
150
69
30
115
83
102
117
123
104
111
4
116
49
32
121
119
31
70
41
147
155
43
130
77
87
9
113
88
57
138
23
10
37
56
108
84
5
90
118
76
125
148
45
11
18
73
29
80
100
25
36
140
12
106
135
17
143
6
149
2
27
101
81
156
63
7
14
89
53
105
139
114
16
0
126
50
46
74
40
55
28
79
153
67
51
71
72
39
146
60
65
20
154
47
151
78
109
132
13
134
96
159
95
1
82
124
59
145
42
64
141
128
127
19
144
94
91
131
22
15
48
35
112
21
61
157
99
44
110
33
103
160
24
158
3
129
52
107
92
93
122
34
