228
31
32
64
67
70
83
119
122
126
159
161
169
183
195
207
218
232
243
272
280
282
286
292
310
314
316
325
326
341
342
390
419
434
462
470
511
519
520
526
542
554
567
579
590
597
600
601
602
612
624
659
664
667
680
682
694
722
737
739
764
770
772
784
787
802
827
841
861
877
880
899
913
916
918
919
921
924
926
958
963
970
1017
1033
1041
1049
1051
1056
1058
1072
1080
1095
1120
1142
1152
1155
1156
1184
1190
1191
1202
1214
1216
1222
1233
1236
1254
1258
1260
1266
1269
1272
1273
1279
1280
1288
1295
1298
1307
1310
1312
1313
1322
1333
1352
1360
1368
1374
1384
1416
1425
1426
1436
1453
1458
1466
1469
1471
1478
1513
1522
1539
1540
1544
1561
1571
1573
1610
1625
1632
1638
1659
1669
1671
1683
1686
1689
1709
1721
1766
1767
1797
1821
1826
1828
1833
1836
1841
1871
1874
1891
1901
1902
1924
1930
1946
1977
1997
2010
2030
2069
2074
2084
2111
2113
2115
2117
2118
2126
2148
2149
2155
2162
2166
2174
2179
2180
2208
2219
2229
2230
2234
2244
2251
2259
2274
2277
2295
2297
2316
2341
2343
2346
2348
2363
2377
2387
2408
2434
2458
2493
2494
2499
2517
2518
2521
2532
2544
2546
161
70
55
41
131
90
53
147
153
66
95
133
103
80
92
47
117
50
108
118
81
136
134
30
42
114
125
79
109
71
12
141
36
142
84
86
120
107
122
116
128
157
34
13
89
3
72
132
104
77
78
67
91
127
49
111
69
20
148
1
61
46
19
33
94
45
58
106
119
27
18
97
56
11
135
59
160
64
85
100
121
149
154
54
140
152
40
68
5
25
57
158
39
74
0
143
6
150
87
98
31
62
101
44
76
2
60
88
102
24
37
38
113
83
32
110
139
130
17
151
28
112
75
51
144
156
129
124
145
93
16
82
146
22
137
7
99
10
15
35
14
21
52
73
48
26
9
123
23
155
159
138
29
63
126
4
8
43
96
105
115
65
