686
4
5
7
8
11
12
14
15
20
21
23
24
25
26
27
28
29
30
31
32
34
36
37
38
39
40
41
43
44
45
46
49
50
52
53
54
56
59
60
61
63
64
65
66
67
68
69
70
71
72
77
78
80
81
82
83
84
85
86
89
90
91
92
96
97
98
100
101
102
104
106
108
110
113
114
115
116
118
119
121
126
128
129
130
131
135
136
137
138
140
142
143
144
145
147
148
151
154
155
156
157
158
162
163
164
166
168
170
173
180
181
182
184
185
186
187
189
190
191
192
193
194
195
198
200
203
205
210
211
212
213
215
216
217
219
220
221
222
230
233
234
235
236
237
238
240
242
244
246
248
249
251
252
254
255
257
258
259
260
268
269
272
273
274
276
277
279
280
281
282
283
285
286
287
288
289
291
292
294
297
299
300
301
302
305
309
310
311
314
316
317
319
321
322
323
324
325
327
329
332
333
334
335
336
339
340
341
342
343
345
348
349
350
351
353
354
355
357
359
360
363
364
365
366
368
369
371
372
373
374
375
378
379
380
381
382
383
384
385
386
387
388
389
390
391
392
393
394
395
396
397
399
400
401
402
404
407
408
412
414
415
416
417
418
419
420
421
422
423
428
429
431
432
435
437
440
442
443
444
446
447
449
450
454
455
456
457
458
459
460
462
463
464
465
468
471
472
474
475
478
479
482
484
492
493
495
496
498
499
501
502
503
505
507
508
509
510
511
514
516
517
518
522
525
528
529
530
531
536
537
540
541
542
545
547
548
549
552
554
555
556
559
562
563
568
569
570
571
572
573
574
575
577
578
579
581
583
584
585
586
587
588
589
590
591
592
593
595
596
597
598
599
600
602
603
604
605
606
609
611
612
613
614
616
617
618
619
620
621
622
623
624
625
627
628
631
635
636
637
638
640
641
642
643
645
646
647
648
650
651
654
655
656
657
659
660
662
663
664
665
666
668
672
673
675
676
678
682
683
685
686
687
689
690
691
692
693
694
696
697
700
702
703
706
707
710
711
712
713
714
716
717
719
720
721
723
724
726
728
731
732
733
734
736
737
738
739
740
741
746
747
749
750
752
753
754
756
758
759
760
762
763
764
767
770
773
775
777
779
780
781
785
786
788
789
790
791
792
793
797
798
800
801
803
805
807
808
810
811
812
813
815
816
818
820
822
825
826
828
830
831
832
834
836
838
840
848
850
852
853
855
858
860
862
865
866
867
868
869
871
873
874
876
878
879
880
881
882
883
885
887
888
889
890
891
892
893
895
896
898
899
901
904
905
906
907
908
909
910
911
912
913
916
919
922
923
924
925
927
929
930
931
933
934
935
936
939
940
941
944
946
947
948
949
950
952
953
955
960
961
962
963
964
968
969
970
971
972
975
976
977
980
981
983
984
988
990
992
994
996
998
1001
1002
1003
1004
1005
1007
1008
1009
1010
1011
1012
1014
1018
1020
1025
1026
1027
1028
1029
1031
1032
1033
1039
1040
1041
1042
1043
1044
1045
1046
1048
1049
1050
1051
1053
1054
1056
1060
1063
1066
1067
1070
1071
1073
1074
1075
1076
1077
1081
1082
1087
1088
1090
1092
1093
1094
1097
1098
1100
1101
1103
1104
1105
1106
1107
83
81
22
1
32
48
75
68
7
24
33
83
87
84
52
78
31
38
23
34
4
41
79
62
67
30
55
14
39
19
36
16
26
9
42
58
65
37
70
5
56
77
51
85
74
40
43
18
69
13
71
80
59
54
72
29
25
46
64
50
45
0
44
49
66
11
61
76
28
82
47
10
35
73
17
20
3
63
6
2
60
53
8
27
