131
55
56
85
122
148
155
184
197
198
199
204
228
232
241
250
264
302
305
309
383
388
391
418
454
458
460
501
507
508
516
527
540
549
568
580
591
594
612
625
633
656
662
686
712
745
765
806
813
818
832
845
848
891
1014
1033
1042
1053
1054
1083
1084
1127
1128
1163
1167
1172
1177
1207
1224
1225
1245
1261
1304
1311
1356
1359
1374
1378
1398
1456
1467
1486
1502
1584
1601
1663
1698
1706
1737
1755
1765
1767
1788
1818
1837
1844
1845
1885
1924
1934
1936
1943
1952
1967
2002
2005
2010
2054
2060
2061
2074
2117
2156
2191
2197
2199
2206
2220
2227
2228
2252
2273
2301
2316
2332
2333
2369
2378
2395
2414
2431
2444
155
48
26
111
112
93
161
67
121
104
88
142
27
144
28
138
119
10
150
133
24
62
115
158
69
140
110
33
47
77
21
153
82
41
122
143
42
102
103
94
38
92
81
49
127
71
57
157
72
0
55
11
118
128
148
136
36
151
155
40
58
126
43
13
160
139
78
16
5
3
95
31
19
4
90
99
6
135
44
60
98
130
152
123
74
63
18
86
107
59
73
108
29
162
134
50
149
79
83
70
54
14
131
141
2
85
17
106
32
76
45
91
1
154
35
53
39
64
105
125
117
147
75
7
156
87
145
84
66
12
46
109
137
132
101
68
8
25
65
23
129
61
113
116
56
80
120
146
97
22
124
114
20
159
96
34
