254
6
16
34
40
49
60
86
90
98
112
120
128
134
136
138
149
161
165
196
204
227
238
259
274
285
302
304
305
315
319
324
326
327
352
361
370
407
411
427
428
431
442
448
449
456
464
469
473
479
501
507
509
513
515
519
520
533
546
557
561
563
612
621
622
635
659
662
666
667
668
674
712
724
738
742
775
777
802
804
816
865
868
886
889
894
896
925
934
952
954
971
973
978
981
990
992
1001
1009
1012
1026
1041
1046
1054
1064
1080
1083
1106
1110
1129
1130
1138
1153
1157
1167
1172
1175
1176
1178
1179
1188
1205
1228
1248
1278
1283
1289
1294
1301
1302
1317
1323
1324
1352
1368
1369
1381
1382
1388
1390
1411
1415
1435
1457
1459
1461
1466
1483
1487
1492
1496
1515
1517
1538
1556
1566
1567
1576
1584
1585
1595
1621
1660
1663
1678
1685
1694
1709
1725
1747
1804
1806
1815
1833
1836
1841
1847
1868
1873
1874
1884
1893
1894
1898
1921
1941
1958
1976
1981
2049
2062
2067
2080
2081
2085
2086
2105
2109
2119
2122
2145
2152
2153
2154
2174
2185
2201
2204
2205
2213
2214
2216
2228
2262
2272
2300
2311
2314
2320
2348
2352
2356
2367
2373
2376
2382
2383
2389
2404
2406
2409
2410
2421
2433
2445
2448
2453
2462
2463
2469
2481
2493
2498
2506
2509
2512
2521
2522
2541
2551
2558
2580
2598
2605
2624
161
152
130
43
145
93
111
6
14
88
90
13
78
123
50
33
124
143
91
1
132
61
70
22
53
20
23
151
109
45
75
89
105
17
74
3
103
134
34
127
57
137
72
108
30
65
110
18
146
29
100
66
118
5
36
10
94
62
84
16
96
104
47
2
41
157
4
135
107
140
9
38
73
114
147
28
136
80
87
154
59
129
112
142
133
7
125
128
158
63
0
71
155
119
150
79
159
58
85
113
49
131
31
24
12
55
51
68
81
48
15
120
44
77
26
148
138
32
27
37
141
83
8
156
54
42
116
67
160
95
115
139
98
19
60
64
97
35
106
40
126
46
69
52
144
39
92
21
153
11
56
82
149
102
117
25
86
99
101
76
121
122
