269
0
11
22
26
31
36
54
58
76
82
84
93
97
109
110
112
115
130
136
144
170
182
196
204
211
218
228
231
240
246
251
254
275
284
305
335
367
379
384
425
427
439
441
448
456
459
472
482
489
492
499
500
503
508
514
518
524
556
567
592
595
601
604
608
612
617
619
623
630
632
650
661
666
667
668
673
676
683
686
695
713
721
722
726
727
782
828
830
831
838
840
847
850
871
889
901
912
915
927
941
942
945
947
949
966
991
1003
1019
1020
1021
1037
1066
1067
1077
1098
1101
1132
1135
1142
1151
1163
1173
1175
1179
1197
1200
1202
1214
1218
1225
1226
1275
1297
1316
1319
1340
1384
1402
1418
1420
1426
1448
1451
1457
1463
1472
1480
1490
1503
1511
1525
1529
1533
1541
1555
1567
1570
1571
1577
1579
1586
1607
1617
1621
1628
1630
1639
1654
1655
1664
1669
1677
1689
1710
1716
1722
1753
1773
1778
1784
1810
1824
1825
1832
1870
1875
1882
1885
1891
1894
1908
1909
1913
1932
1936
1946
1970
2007
2017
2028
2038
2039
2047
2050
2051
2059
2067
2089
2091
2093
2111
2113
2130
2139
2151
2157
2180
2192
2196
2206
2209
2215
2219
2224
2226
2229
2236
2239
2251
2266
2281
2294
2311
2319
2321
2330
2334
2336
2340
2341
2348
2363
2370
2376
2386
2387
2395
2412
2414
2431
2440
2445
2456
2458
2471
2473
2492
2500
2503
2512
2515
2524
2528
2531
2560
2570
2596
2610
2620
161
150
41
79
64
158
49
105
65
87
115
63
29
23
37
36
98
152
73
157
83
94
44
138
118
113
147
110
46
7
62
0
84
122
111
56
129
109
91
88
43
134
116
100
25
136
126
31
55
78
33
99
6
12
35
107
93
13
51
74
119
144
77
45
82
125
95
123
121
8
114
19
160
92
106
97
149
67
130
154
132
30
146
133
1
5
15
39
85
156
10
26
141
90
148
104
151
103
153
28
16
58
72
48
68
128
59
47
38
14
139
81
57
61
89
137
53
108
143
142
54
131
24
50
71
159
20
145
4
60
69
66
27
21
117
11
2
40
18
86
70
17
80
155
96
112
9
32
42
120
34
3
22
135
102
140
76
124
52
101
75
127
