705
15
16
18
19
22
23
26
27
28
31
42
46
47
50
51
52
53
54
58
59
60
64
66
67
71
72
74
79
81
85
87
89
95
98
99
100
105
111
114
115
118
119
120
123
127
131
133
134
138
139
144
145
151
153
157
158
172
173
179
180
181
190
191
192
193
194
198
202
204
209
214
216
217
218
220
223
227
228
230
242
246
247
250
255
256
259
262
264
266
267
272
274
278
283
287
291
294
297
301
304
306
308
309
311
314
317
323
324
331
332
333
334
336
337
338
339
344
345
348
352
355
356
362
363
365
366
371
377
380
384
386
390
391
393
394
395
401
404
405
408
409
410
411
412
414
416
417
419
425
426
429
432
436
437
440
443
444
445
446
449
450
453
454
455
456
460
467
470
474
481
482
485
488
492
498
500
512
515
516
521
523
526
533
534
536
539
541
542
544
545
547
548
549
551
552
553
554
555
561
562
565
566
568
570
571
572
574
576
578
579
580
584
586
588
589
590
591
592
601
602
605
609
611
612
614
617
618
620
621
636
638
646
648
649
650
651
657
658
662
663
664
665
666
668
669
675
684
691
692
693
694
696
697
699
704
706
708
712
716
717
721
728
730
736
743
744
747
749
750
752
755
756
758
759
763
767
768
770
772
776
782
792
796
797
801
803
808
813
814
815
817
819
821
822
824
828
830
832
833
834
837
838
840
842
843
849
850
854
856
858
863
865
867
869
870
875
877
880
881
884
886
887
890
892
893
894
896
898
899
901
903
904
910
912
914
916
917
918
920
922
926
928
929
931
933
934
937
939
944
945
946
948
953
955
958
959
962
963
964
967
968
971
972
975
976
978
979
982
987
990
994
996
997
1002
1004
1007
1008
1011
1014
1016
1020
1025
1027
1030
1031
1033
1039
1041
1043
1046
1049
1051
1052
1057
1062
1063
1065
1066
1067
1068
1072
1073
1074
1077
1078
1079
1080
1081
1086
1088
1089
1090
1096
1098
1099
1108
1111
1112
1116
1120
1122
1124
1125
1130
1131
1132
1133
1135
1138
1139
1140
1142
1148
1151
1153
1155
1156
1157
1158
1159
1162
1163
1167
1168
1171
1173
1176
1184
1185
1191
1192
1196
1198
1202
1203
1204
1206
1209
1210
1213
1215
1216
1221
1231
1234
1235
1236
1237
1238
1244
1247
1251
1253
1256
1257
1258
1259
1261
1263
1264
1269
1271
1272
1274
1282
1283
1291
1293
1294
1297
1300
1305
1312
1320
1323
1324
1326
1328
1330
1332
1335
1338
1341
1342
1343
1345
1348
1350
1352
1353
1355
1357
1360
1362
1364
1365
1366
1367
1369
1371
1372
1379
1384
1385
1388
1391
1393
1396
1400
1401
1403
1405
1407
1413
1414
1420
1421
1422
1424
1425
1427
1429
1432
1433
1434
1435
1436
1437
1439
1440
1441
1442
1445
1446
1447
1449
1452
1453
1458
1461
1463
1468
1470
1471
1472
1475
1476
1477
1479
1480
1482
1483
1484
1485
1487
1489
1491
1492
1495
1504
1509
1512
1513
1525
1526
1527
1529
1531
1534
1535
1536
1538
1539
1545
1547
1550
1553
1555
1557
1561
1563
1566
1574
1575
1582
1584
1585
1587
1592
1593
1594
1598
1599
1600
1601
1602
1604
1605
1606
1609
1610
1613
1620
1623
1624
1625
1631
1632
1634
1635
1641
1642
1645
1647
1653
1656
1660
1661
1663
1665
1667
1669
1670
1672
1676
1677
1681
1682
1689
1692
1694
1697
1699
1703
1707
1709
1711
1717
1719
1720
1723
1727
1729
1733
1734
1739
1740
1742
1745
1746
1747
1750
1751
1757
1758
1760
1764
1768
1770
1775
1777
1778
1779
1783
1784
1787
1793
1796
1798
1805
1806
1807
1809
1811
1812
1817
1818
1820
1823
1829
1832
1833
1834
1838
1840
156
143
136
17
137
116
106
134
9
142
16
49
123
6
19
13
138
31
61
43
5
83
133
65
51
160
44
86
110
85
128
1
15
96
102
132
7
76
35
93
58
121
94
131
34
45
156
155
64
157
88
149
101
104
159
27
73
141
111
28
107
33
114
53
57
2
122
140
3
163
4
80
41
60
11
77
66
56
18
95
108
24
154
42
39
47
20
120
46
0
98
8
130
29
112
69
145
74
152
161
21
151
63
90
117
48
10
36
125
146
23
54
30
119
148
72
113
115
109
164
89
127
25
150
75
14
22
50
12
129
37
82
70
135
153
99
79
158
84
162
144
81
59
118
124
126
38
67
139
91
40
78
147
26
100
55
68
