149
21
29
45
62
66
68
75
78
79
87
92
96
101
110
111
122
129
132
142
153
168
177
182
189
204
237
243
256
257
263
266
288
294
295
296
297
320
328
336
344
362
368
371
374
381
403
404
405
408
409
417
424
446
449
452
455
465
470
471
477
484
494
495
497
517
525
532
538
539
550
564
565
566
598
604
608
633
645
649
653
655
658
664
666
669
676
677
678
683
686
698
717
721
724
725
727
736
737
759
768
788
796
816
827
828
829
830
842
843
847
848
856
860
890
893
894
895
901
910
913
915
921
931
932
934
946
965
969
971
979
993
995
998
1003
1004
1005
1006
1022
1023
1027
1044
1067
1070
1072
1078
1086
1087
1088
1096
73
28
86
45
67
84
18
6
25
46
35
12
14
57
62
55
8
50
69
65
63
36
3
1
87
39
10
21
82
53
85
44
56
73
70
43
40
41
27
51
48
11
2
24
64
58
59
20
34
13
52
79
5
61
17
19
75
38
22
80
74
60
54
37
68
72
32
83
77
0
4
71
47
9
