69
78
93
124
225
239
252
275
276
291
295
302
350
360
366
385
399
463
468
507
589
607
667
691
741
750
757
787
849
885
892
908
910
944
982
1028
1035
1050
1089
1120
1169
1224
1239
1240
1258
1285
1316
1345
1349
1379
1433
1452
1460
1464
1500
1510
1575
1581
1609
1661
1684
1724
1744
1754
1756
1778
1787
1790
1805
1838
106
82
112
41
6
94
69
74
149
45
16
131
137
47
162
130
150
22
60
135
148
145
122
160
121
8
63
66
79
2
153
101
51
1
4
159
10
128
35
90
156
43
104
37
157
58
103
136
72
38
57
19
39
13
116
158
154
23
42
93
14
119
146
67
5
99
134
89
106
21
108
88
120
40
34
114
142
147
61
29
107
49
32
48
141
87
164
76
36
125
84
71
62
54
17
143
83
111
113
78
133
25
75
140
97
85
9
