686
7
8
9
11
13
15
20
21
23
24
25
26
27
29
30
31
32
33
34
36
37
38
39
40
41
43
44
45
46
47
49
51
52
55
56
57
59
61
62
63
64
65
66
67
69
72
74
75
76
77
78
79
81
83
84
86
87
89
90
92
93
94
95
96
97
98
99
101
104
108
111
114
115
116
117
119
121
124
125
126
128
130
132
133
134
135
136
138
139
140
142
144
145
146
151
152
154
155
157
162
164
165
167
169
171
173
174
175
180
182
183
185
186
188
192
194
196
197
198
199
200
201
202
203
205
207
208
209
210
211
212
217
219
220
221
223
224
227
228
229
231
232
233
234
236
237
238
239
240
241
244
246
248
249
250
251
254
255
256
257
258
259
262
263
264
265
269
270
274
278
280
283
284
285
288
291
292
295
296
297
298
299
300
301
303
304
306
308
309
310
313
315
316
319
320
321
322
323
324
325
326
327
329
330
331
332
333
338
339
340
341
342
343
345
347
350
351
352
353
356
357
359
360
363
364
367
370
371
372
375
376
377
381
383
384
386
388
391
393
398
400
401
402
405
406
409
410
413
414
415
418
419
421
422
423
424
426
428
429
430
433
435
436
437
439
440
441
443
444
445
448
449
450
451
452
454
455
456
458
460
461
462
465
468
469
471
473
474
476
477
478
479
481
483
485
487
488
489
490
494
495
498
502
503
504
505
507
508
509
510
511
512
513
514
516
517
521
524
526
527
528
530
531
532
533
535
536
537
538
539
540
543
545
546
547
548
550
552
553
554
555
557
558
559
560
562
564
565
566
568
569
570
572
573
575
577
580
581
582
583
584
588
590
592
593
595
596
597
598
601
602
605
608
612
613
614
618
619
621
623
624
625
626
629
633
634
635
636
637
640
642
643
645
646
647
649
650
652
653
654
655
657
658
661
662
663
664
665
666
669
670
672
674
675
676
677
679
680
681
686
687
688
691
692
693
695
696
697
702
705
706
707
710
711
713
714
716
717
718
720
721
722
726
729
733
734
736
737
739
741
743
745
746
747
748
749
750
751
752
753
755
757
759
761
763
765
766
767
769
771
772
773
775
776
778
780
783
784
785
788
789
791
792
793
798
799
800
803
805
806
807
808
809
810
814
815
816
817
820
821
822
823
825
827
828
829
830
831
833
834
835
837
838
842
844
845
847
848
850
851
852
853
855
857
858
859
860
861
863
864
867
868
869
870
872
873
874
875
876
877
878
880
883
884
885
887
889
890
892
894
895
897
899
900
901
902
903
905
912
916
919
920
921
923
925
926
927
928
930
931
933
934
935
936
939
940
941
942
943
947
948
949
950
951
952
953
954
955
956
957
958
959
960
961
962
963
964
965
966
967
968
970
972
974
975
976
977
982
983
984
985
987
988
989
990
994
995
997
998
1000
1002
1003
1004
1005
1007
1010
1013
1015
1016
1017
1018
1019
1022
1023
1024
1025
1026
1027
1028
1029
1030
1031
1032
1035
1036
1037
1038
1041
1042
1044
1045
1049
1050
1051
1052
1053
1054
1057
1058
1059
1061
1062
1064
1065
1066
1067
1068
1070
1071
1076
1078
1079
1082
1083
1085
1087
1089
1091
1092
1093
1095
1096
1102
1103
1104
1106
81
46
75
8
24
77
48
30
38
22
56
82
43
53
58
55
64
28
11
5
26
54
37
16
85
27
73
66
34
4
79
71
10
61
68
29
76
15
17
49
19
44
6
52
33
47
35
80
12
63
65
13
20
86
36
74
7
42
45
32
2
87
18
69
60
83
50
23
39
41
3
78
59
67
9
31
51
1
72
84
14
62
