268
51
53
88
91
92
98
108
114
149
155
186
206
215
229
231
232
234
240
244
250
263
264
267
274
300
307
316
324
328
335
338
342
346
376
405
407
415
417
423
428
430
434
436
450
472
480
489
496
502
506
509
519
521
523
530
539
556
580
583
589
594
603
607
611
624
627
667
671
689
698
702
705
708
713
724
725
732
741
746
780
786
798
802
813
822
835
863
874
876
886
895
912
918
928
941
949
958
963
986
988
1020
1039
1042
1062
1068
1073
1076
1088
1106
1129
1135
1138
1141
1146
1153
1185
1188
1200
1221
1225
1230
1244
1253
1255
1262
1263
1269
1289
1300
1303
1318
1327
1346
1354
1360
1363
1374
1392
1395
1396
1403
1405
1416
1431
1438
1454
1470
1485
1489
1495
1514
1531
1543
1552
1557
1568
1584
1614
1625
1632
1638
1643
1644
1654
1670
1674
1686
1707
1709
1710
1718
1726
1727
1761
1764
1766
1776
1777
1802
1823
1838
1848
1855
1866
1868
1875
1879
1892
1893
1894
1900
1950
1956
1965
1971
1992
1996
2008
2016
2034
2057
2064
2069
2078
2080
2094
2103
2135
2139
2142
2145
2151
2161
2179
2180
2185
2201
2211
2266
2269
2284
2293
2298
2303
2316
2319
2328
2331
2341
2342
2343
2345
2350
2352
2380
2393
2414
2415
2425
2427
2434
2453
2455
2462
2475
2483
2487
2504
2505
2511
2512
2514
2541
2547
2551
2564
2574
2585
2587
2588
2592
2601
2603
2607
2611
2613
2616
2620
158
42
70
72
90
84
26
76
83
57
5
63
119
0
1
35
106
73
143
97
49
154
150
107
64
87
156
111
48
151
58
133
52
110
77
108
32
126
66
95
78
139
152
75
43
36
109
113
94
123
104
50
65
93
37
2
115
116
149
155
3
14
18
138
99
102
62
12
29
34
44
45
68
135
145
89
82
140
25
27
8
160
23
146
137
60
98
127
21
85
112
59
114
96
103
17
46
10
6
38
88
92
91
30
28
159
142
11
136
39
134
81
125
71
61
69
144
122
147
120
101
4
54
33
24
130
31
56
121
80
15
67
47
141
55
16
153
9
86
22
132
117
79
157
158
118
53
105
131
19
41
20
129
13
74
124
7
40
148
