136
58
64
71
72
79
80
81
98
126
144
156
157
158
167
208
225
233
236
252
257
306
335
345
357
358
382
392
406
407
421
447
460
469
477
496
530
536
556
561
619
622
624
636
661
665
725
749
764
770
785
793
794
806
894
901
910
916
926
932
942
999
1006
1007
1022
1055
1057
1089
1116
1134
1135
1146
1161
1176
1198
1282
1302
1328
1342
1346
1356
1365
1377
1378
1379
1388
1409
1429
1437
1447
1460
1505
1508
1529
1537
1550
1577
1612
1618
1638
1643
1647
1679
1738
1743
1756
1762
1795
1805
1813
1821
1823
1837
1873
1908
1921
1943
1947
1966
1967
2054
2129
2136
2143
2167
2217
2233
2238
2253
2256
2259
2274
2291
2300
2344
2362
2369
149
154
59
115
9
10
122
3
22
121
102
103
79
29
136
150
162
113
39
7
68
129
148
21
56
118
51
149
153
67
82
35
142
53
97
85
111
77
155
96
90
157
125
120
74
64
5
60
12
117
126
8
92
36
128
112
159
58
95
106
110
43
123
13
137
26
41
73
78
99
63
107
61
119
86
109
100
108
28
81
20
1
69
40
158
70
134
6
131
32
138
24
139
101
30
76
47
83
156
45
17
88
127
48
34
46
4
147
160
146
0
11
23
42
14
141
93
144
124
145
37
104
31
71
15
18
49
84
152
62
114
80
72
89
140
87
98
66
57
91
16
105
133
75
65
130
44
161
143
19
