269
6
9
17
18
23
25
32
37
41
57
61
75
78
82
108
120
128
141
153
163
166
168
169
199
202
205
212
224
225
228
250
264
278
280
283
294
326
332
333
342
350
352
368
383
387
404
414
416
430
440
443
449
460
465
467
491
507
509
512
545
548
551
552
563
565
569
582
584
586
588
590
602
617
619
630
642
646
652
655
671
686
701
722
751
773
796
812
816
848
892
904
906
911
916
920
926
935
954
965
974
979
995
1002
1033
1034
1036
1037
1040
1063
1068
1072
1074
1092
1098
1104
1136
1137
1146
1156
1161
1172
1174
1176
1196
1200
1201
1203
1213
1216
1228
1237
1245
1274
1303
1307
1319
1327
1330
1332
1335
1353
1355
1361
1369
1374
1378
1383
1386
1390
1413
1419
1425
1446
1451
1472
1487
1490
1492
1495
1497
1501
1507
1514
1518
1519
1551
1552
1560
1567
1568
1584
1595
1608
1619
1630
1636
1659
1708
1718
1729
1743
1745
1748
1753
1757
1768
1772
1790
1795
1803
1807
1809
1812
1826
1831
1844
1845
1861
1863
1874
1891
1907
1915
1921
1939
1961
1989
1998
2011
2020
2021
2027
2036
2048
2049
2054
2058
2062
2066
2067
2087
2089
2108
2109
2140
2142
2151
2153
2155
2157
2162
2171
2182
2202
2207
2227
2234
2237
2252
2272
2286
2299
2303
2312
2321
2324
2326
2332
2333
2365
2374
2407
2440
2443
2448
2463
2481
2485
2487
2491
2508
2530
2547
2580
2581
2582
2587
2601
2606
161
98
110
103
72
49
32
95
23
96
134
113
100
81
142
104
41
84
11
63
5
39
54
105
67
106
20
74
33
90
93
116
79
158
71
138
21
131
36
69
124
114
59
35
92
19
16
1
117
77
139
51
111
156
10
87
85
40
132
152
4
6
26
70
97
46
89
127
57
29
17
91
146
99
108
86
47
157
94
143
102
126
2
140
75
30
53
61
44
147
65
155
150
122
145
60
115
144
107
68
120
151
123
133
62
80
136
37
83
82
154
64
153
118
52
88
76
148
24
149
7
9
22
42
50
56
3
31
28
27
129
101
159
78
58
160
45
130
137
109
18
38
43
13
128
14
12
34
141
135
15
112
125
55
121
25
48
8
66
0
73
119
