149
22
35
50
55
60
65
70
73
75
88
107
113
115
125
131
132
143
153
154
155
157
170
176
178
180
192
193
207
209
211
228
229
233
235
249
253
258
261
267
272
279
280
282
289
294
298
301
302
309
318
321
325
335
340
347
358
374
377
381
387
396
411
412
415
422
424
425
430
435
441
450
452
457
461
462
482
486
507
513
523
526
529
530
539
541
548
551
562
572
574
577
580
584
595
616
634
636
649
670
688
690
704
705
712
718
724
733
738
747
749
764
765
774
776
782
799
809
812
816
820
825
838
842
844
850
853
866
876
885
901
918
925
926
960
966
967
984
989
997
1020
1028
1035
1041
1067
1075
1077
1086
1091
1107
76
73
46
24
42
43
9
15
39
22
87
58
62
5
61
1
64
33
75
25
30
78
59
2
37
60
34
20
18
11
85
81
84
53
26
47
6
56
38
80
74
77
52
51
69
66
36
72
71
54
45
68
79
83
32
41
57
14
70
28
31
17
4
44
0
7
86
23
35
40
48
27
21
67
8
49
82
