120
23
39
54
82
100
134
137
145
147
208
230
260
271
283
294
332
337
358
361
362
385
439
459
472
536
537
583
590
593
611
613
620
644
668
683
701
729
758
775
823
836
851
866
870
881
892
899
949
968
977
1030
1058
1066
1071
1101
1157
1181
1199
1262
1272
1286
1289
1343
1388
1414
1430
1522
1527
1543
1570
1582
1603
1612
1613
1623
1662
1681
1689
1710
1714
1716
1732
1737
1749
1750
1765
1774
1798
1815
1827
1858
1893
1901
1920
1935
1937
1985
2004
2006
2071
2141
2146
2154
2239
2247
2261
2265
2297
2301
2316
2323
2326
2331
2359
2364
2371
2387
2410
2426
2435
163
136
33
78
45
20
35
31
112
106
70
147
132
36
153
77
13
124
143
69
32
148
100
134
107
1
86
5
158
82
16
6
53
108
76
84
18
116
47
85
2
11
65
29
154
25
71
123
15
145
17
19
102
113
150
43
46
0
21
157
101
103
64
55
137
8
138
110
117
62
141
56
60
23
111
74
14
44
40
89
37
104
38
140
91
131
160
9
75
105
59
27
149
67
115
54
119
58
92
142
81
7
22
52
161
79
68
3
51
146
109
72
48
135
28
130
151
66
122
4
30
80
155
133
98
114
93
152
139
42
94
95
12
129
87
99
128
125
83
96
120
126
50
61
24
121
88
39
34
127
118
156
26
10
57
73
63
49
144
90
97
159
162
41
