149
9
10
13
15
19
22
24
31
40
43
45
66
67
74
80
90
104
107
118
123
124
140
149
157
164
166
174
176
177
185
200
209
215
217
220
236
243
250
252
255
259
265
269
270
277
279
280
281
283
287
288
310
316
321
323
329
358
362
370
397
399
407
412
413
415
431
449
450
458
459
460
465
481
485
493
498
499
501
507
518
522
562
565
574
581
582
584
586
588
598
607
619
621
622
627
630
642
643
659
670
675
679
682
683
686
693
694
698
706
710
721
733
741
745
750
755
762
782
794
795
803
805
816
826
842
844
846
866
868
869
892
935
937
950
965
967
977
985
989
990
991
1013
1016
1021
1046
1061
1069
1088
1089
76
5
28
74
57
15
38
30
64
61
81
50
37
77
51
11
60
29
22
3
41
52
80
35
84
85
36
58
53
40
75
6
79
42
27
8
19
43
33
67
47
71
78
70
2
49
24
13
56
31
87
7
20
59
82
45
86
55
23
76
68
4
21
16
39
69
1
26
66
54
44
48
83
17
14
63
18
