684
7
10
14
19
20
21
27
35
38
42
43
46
51
52
56
59
60
65
68
70
73
74
80
82
83
85
87
89
91
92
93
94
95
97
99
101
103
105
107
109
113
114
117
118
124
130
132
133
134
136
140
142
143
148
149
150
153
154
155
156
159
162
163
165
166
168
172
173
174
180
182
185
188
198
200
206
210
211
213
215
226
227
228
232
235
237
241
243
247
248
251
258
262
265
266
269
270
277
280
281
282
284
286
287
290
291
293
296
299
300
305
307
309
314
316
317
319
321
322
324
325
326
327
328
332
336
341
342
346
348
349
351
352
353
361
369
370
378
379
384
386
387
388
389
390
393
396
400
401
404
413
414
422
425
432
434
436
437
440
442
443
446
450
451
454
456
462
468
469
472
473
474
483
484
487
488
490
492
494
499
500
501
503
505
509
512
517
519
523
524
526
527
528
539
541
542
544
550
551
553
554
556
558
559
560
561
563
571
572
575
576
577
580
583
584
585
587
588
589
592
595
603
604
607
609
614
616
619
620
624
625
628
631
633
638
641
643
646
647
654
655
657
658
659
661
667
669
670
672
676
678
685
686
688
694
695
696
697
699
700
703
705
708
716
719
720
722
724
728
737
740
741
742
746
748
753
759
760
761
762
763
765
767
769
772
773
775
780
783
797
799
800
803
806
808
810
811
813
815
817
822
824
826
827
833
835
836
837
841
844
850
853
855
857
858
859
865
867
871
874
878
881
882
883
887
893
898
903
904
911
913
914
918
919
931
939
941
944
955
959
960
966
970
972
976
977
979
984
985
987
989
995
996
999
1000
1002
1003
1008
1012
1017
1018
1025
1026
1029
1030
1032
1033
1034
1036
1037
1040
1042
1045
1047
1048
1049
1053
1057
1059
1061
1062
1063
1064
1066
1067
1071
1072
1075
1076
1077
1078
1086
1087
1088
1089
1090
1091
1093
1094
1097
1104
1105
1107
1109
1110
1111
1112
1113
1120
1128
1134
1135
1137
1138
1139
1140
1141
1142
1146
1148
1152
1153
1159
1161
1164
1166
1168
1170
1171
1180
1181
1182
1185
1186
1187
1189
1190
1192
1193
1199
1203
1204
1211
1213
1215
1216
1217
1218
1222
1223
1227
1231
1237
1239
1243
1244
1246
1249
1250
1252
1254
1261
1263
1269
1270
1272
1275
1276
1279
1281
1285
1286
1287
1290
1294
1298
1300
1303
1307
1312
1317
1323
1324
1325
1328
1334
1336
1337
1340
1341
1342
1344
1346
1351
1359
1360
1361
1363
1364
1371
1374
1380
1381
1385
1387
1389
1391
1393
1394
1395
1397
1399
1404
1410
1411
1412
1416
1417
1420
1424
1427
1430
1434
1435
1439
1444
1445
1446
1449
1450
1451
1455
1458
1463
1464
1465
1466
1472
1473
1480
1484
1485
1490
1491
1495
1498
1501
1502
1507
1509
1510
1515
1519
1521
1527
1529
1530
1531
1532
1533
1535
1536
1540
1541
1542
1545
1546
1552
1553
1554
1555
1557
1560
1562
1563
1568
1572
1575
1580
1582
1583
1585
1590
1593
1597
1599
1600
1601
1602
1609
1612
1613
1616
1617
1620
1622
1624
1625
1628
1635
1636
1642
1644
1645
1646
1647
1649
1650
1653
1654
1655
1656
1658
1659
1660
1662
1663
1668
1673
1678
1679
1680
1681
1685
1686
1687
1688
1689
1692
1696
1700
1701
1702
1704
1705
1708
1712
1714
1717
1718
1724
1725
1726
1727
1728
1730
1739
1740
1748
1749
1754
1756
1760
1761
1763
1764
1771
1773
1774
1775
1781
1783
1785
1789
1790
1791
1796
1801
1802
1804
1805
1806
1807
1808
1809
1810
1813
1814
1815
1816
1818
1820
1826
1835
156
7
129
112
35
108
54
131
18
121
63
46
43
24
99
34
65
92
159
118
161
88
51
103
83
80
67
87
145
30
89
45
26
36
164
13
15
21
5
17
48
86
20
135
73
113
70
32
128
8
98
31
55
158
28
116
134
57
123
11
47
154
12
143
132
133
115
71
29
124
147
156
140
107
117
69
144
6
0
14
153
96
81
68
61
155
27
102
78
62
119
37
106
44
79
148
39
33
104
105
149
76
93
163
141
146
9
162
100
40
127
23
75
74
157
111
101
91
151
130
109
16
3
122
52
60
64
120
97
53
95
66
58
59
85
50
160
25
138
49
42
4
110
125
72
2
19
142
10
150
41
77
1
90
94
84
82
