127
111
126
135
166
181
195
217
235
261
270
294
347
355
364
377
379
386
402
403
406
429
456
460
474
520
544
551
562
598
610
665
679
691
701
704
718
733
774
787
793
821
823
878
879
916
917
931
948
954
983
997
1011
1013
1035
1037
1049
1053
1059
1081
1103
1120
1141
1148
1215
1226
1249
1257
1269
1276
1298
1305
1393
1394
1397
1448
1454
1474
1511
1514
1542
1546
1581
1603
1638
1646
1658
1666
1667
1702
1707
1720
1778
1797
1896
1901
1928
1940
1952
1954
1966
1968
2015
2023
2045
2064
2072
2081
2097
2119
2147
2155
2170
2178
2219
2227
2249
2267
2271
2279
2289
2312
2370
2376
2380
2393
2397
2442
152
98
94
37
32
78
74
84
159
40
76
121
53
22
95
92
161
41
17
9
20
75
39
111
103
13
65
149
90
135
46
43
81
133
86
73
28
156
56
107
148
136
130
30
36
4
67
31
93
116
87
18
52
23
99
110
47
64
97
11
44
122
120
145
129
55
1
10
119
12
61
118
154
8
162
128
124
105
57
14
6
29
153
19
155
101
51
77
158
152
50
125
106
96
141
3
59
140
104
100
7
150
58
42
160
132
0
45
15
115
5
63
85
70
82
139
33
137
144
131
66
34
68
71
127
109
83
113
108
157
112
2
89
102
142
54
21
79
91
126
48
60
117
69
26
134
138
80
88
16
143
147
146
