117
125
140
142
189
209
213
255
262
321
327
354
356
371
373
377
381
427
441
460
469
477
478
510
524
526
538
575
582
591
600
627
672
688
696
702
753
779
795
799
812
826
858
877
885
911
962
979
984
1002
1021
1038
1042
1049
1104
1114
1138
1183
1205
1212
1213
1229
1235
1237
1258
1268
1270
1338
1423
1429
1471
1518
1544
1575
1600
1605
1614
1619
1648
1652
1656
1668
1686
1691
1722
1738
1773
1787
1790
1815
1861
1911
1933
1946
1948
1989
2003
2017
2030
2035
2051
2069
2082
2103
2107
2157
2158
2167
2201
2263
2285
2294
2298
2305
2323
2409
2430
2444
155
117
24
132
91
161
143
61
114
95
127
81
157
116
141
106
154
6
23
129
41
137
130
3
118
142
115
46
79
77
111
27
70
8
113
110
93
135
101
150
112
37
97
80
53
136
74
29
148
45
152
62
42
66
84
18
72
4
47
102
105
75
60
94
82
58
7
99
43
32
31
146
12
138
125
162
33
159
21
63
54
50
71
120
39
122
55
109
153
121
25
123
28
56
68
44
90
139
73
140
19
108
57
22
2
85
145
34
13
128
0
10
14
40
147
16
1
89
92
134
35
52
64
103
124
156
144
87
51
151
30
69
100
160
126
107
83
149
26
88
76
59
78
5
48
155
65
158
96
98
86
9
133
17
11
119
