80
52
73
134
173
177
202
228
247
252
286
305
331
400
450
487
492
519
522
543
588
594
637
638
694
698
727
749
796
849
886
900
922
929
933
938
942
943
956
960
978
1014
1015
1025
1079
1098
1107
1121
1155
1160
1182
1216
1219
1251
1286
1325
1330
1335
1341
1370
1371
1372
1374
1395
1400
1467
1481
1523
1542
1584
1608
1610
1636
1699
1738
1767
1783
1803
1828
1834
1837
126
121
16
33
0
7
122
82
47
109
17
120
58
155
124
106
74
35
76
153
118
79
94
2
37
41
8
88
157
75
164
152
56
6
14
23
144
105
126
123
43
51
67
26
112
12
40
28
30
21
86
100
18
127
145
72
154
61
98
84
34
143
89
25
149
103
29
44
85
1
141
161
50
27
96
99
59
64
108
160
119
83
81
69
48
52
60
107
20
55
150
163
19
49
136
158
38
134
36
115
140
128
138
62
146
45
135
39
97
46
129
66
71
13
90
70
104
77
9
159
24
137
113
110
57
53
147
