665
22
25
27
29
31
36
42
43
46
49
52
54
55
58
60
62
66
67
68
70
71
74
77
78
83
86
93
94
98
100
103
104
107
111
114
115
117
122
126
127
128
137
144
145
149
150
151
152
154
159
161
162
163
164
165
170
174
178
182
184
186
189
190
193
196
199
201
202
208
211
216
218
220
223
230
235
237
247
248
250
251
256
259
260
261
264
271
274
277
279
282
283
285
286
287
288
289
290
294
296
300
306
307
310
311
314
316
319
322
324
325
327
328
330
333
335
336
337
339
340
344
348
353
355
357
360
361
367
368
373
378
379
380
381
382
399
400
406
407
408
409
410
412
413
416
418
420
423
428
429
430
431
435
438
439
440
446
447
453
454
459
461
462
472
474
477
480
482
492
493
497
498
499
500
503
506
508
510
514
516
517
518
519
522
524
526
529
533
535
542
543
544
548
553
555
556
558
560
561
564
566
567
576
577
579
580
584
587
588
590
593
595
603
605
608
610
612
613
623
624
625
626
627
628
629
635
636
638
641
643
647
648
649
657
659
660
664
665
667
674
675
680
681
683
685
686
689
690
692
694
695
696
699
702
705
706
707
709
712
716
717
721
727
728
729
730
732
736
739
743
747
748
750
752
753
757
760
762
763
766
771
774
775
776
777
778
780
781
782
783
789
790
800
804
813
817
820
821
822
824
827
829
832
836
837
838
839
845
846
850
856
859
860
866
867
873
874
876
881
882
885
886
891
893
897
899
906
907
912
913
919
921
923
924
925
927
931
933
935
936
939
940
941
942
945
946
950
954
955
956
958
959
963
965
966
970
971
974
978
982
985
990
992
995
1001
1007
1009
1010
1012
1017
1024
1025
1026
1027
1032
1033
1036
1038
1041
1044
1048
1058
1059
1060
1062
1065
1067
1069
1070
1075
1077
1078
1082
1084
1086
1087
1090
1091
1094
1095
1097
1105
1107
1108
1109
1110
1123
1125
1126
1129
1130
1131
1135
1136
1137
1140
1141
1143
1145
1146
1147
1150
1151
1152
1153
1154
1157
1161
1163
1164
1165
1168
1169
1171
1176
1177
1178
1180
1181
1184
1190
1192
1196
1198
1199
1203
1207
1210
1212
1213
1214
1217
1218
1222
1226
1228
1229
1230
1231
1233
1237
1238
1241
1245
1246
1247
1248
1252
1255
1258
1262
1265
1269
1280
1281
1285
1286
1287
1288
1289
1291
1292
1296
1297
1299
1300
1301
1303
1304
1305
1306
1307
1309
1313
1314
1316
1320
1331
1332
1337
1341
1345
1347
1350
1351
1353
1355
1361
1365
1368
1369
1374
1376
1377
1378
1382
1386
1391
1392
1393
1395
1396
1397
1402
1403
1404
1407
1409
1411
1413
1417
1419
1421
1425
1428
1431
1441
1442
1449
1454
1455
1456
1457
1459
1464
1465
1468
1470
1485
1495
1497
1502
1503
1504
1505
1510
1512
1518
1519
1522
1523
1527
1530
1531
1534
1537
1539
1540
1544
1546
1552
1555
1556
1572
1573
1574
1578
1580
1582
1589
1593
1595
1597
1599
1605
1606
1607
1608
1610
1618
1619
1620
1627
1633
1637
1638
1639
1640
1641
1646
1654
1656
1657
1667
1672
1679
1682
1683
1687
1688
1691
1693
1694
1697
1700
1701
1702
1704
1705
1708
1717
1718
1719
1724
1726
1731
1734
1739
1740
1741
1745
1746
1754
1763
1764
1766
1770
1774
1776
1782
1785
1786
1787
1788
1789
1790
1792
1793
1794
1797
1801
1803
1804
1805
1806
1809
1816
1817
1822
1825
1828
1830
1833
1836
1839
156
27
45
164
51
109
68
29
8
19
107
76
157
104
79
93
113
82
34
30
97
44
140
125
141
136
148
3
18
130
99
10
129
36
73
161
150
35
122
11
91
145
81
40
127
70
105
120
111
75
118
78
21
67
59
37
121
16
115
98
28
108
126
88
7
106
17
62
135
12
43
48
57
162
49
114
151
147
63
65
55
25
38
50
132
56
92
142
102
149
144
103
101
116
61
22
47
53
152
32
14
80
160
9
100
153
83
87
64
137
77
124
20
52
39
89
41
24
23
1
117
66
85
131
84
72
156
139
6
86
95
94
0
112
138
33
159
69
4
146
128
158
46
5
96
31
26
42
13
123
110
15
154
2
54
134
119
