686
7
9
10
11
13
15
16
17
18
19
20
21
23
24
25
26
27
28
29
30
33
35
38
39
40
44
48
53
54
55
56
59
61
62
63
64
65
68
69
70
71
76
77
78
79
80
81
82
83
85
89
92
94
95
96
97
98
99
103
104
107
108
110
111
117
118
119
123
125
126
127
128
130
132
133
135
136
137
139
141
142
143
146
149
154
158
159
161
162
164
166
167
168
171
172
173
176
180
182
185
187
189
190
191
193
194
195
197
199
200
201
202
204
205
207
210
211
212
213
216
219
220
221
223
226
229
230
231
232
233
234
235
236
237
239
240
241
242
243
245
246
248
252
253
254
255
257
258
260
261
262
263
264
266
268
269
270
272
274
275
276
278
279
281
282
283
284
285
286
287
288
289
292
293
294
295
296
297
298
300
302
306
309
310
311
312
315
316
317
318
319
320
321
322
323
324
327
329
331
332
333
334
336
338
339
341
342
343
344
345
346
347
348
349
350
352
354
356
357
361
363
364
365
366
367
370
371
372
374
375
377
379
381
382
384
385
387
391
393
397
398
399
400
401
402
404
405
407
408
409
410
414
415
420
427
428
431
432
433
434
435
436
437
440
441
442
443
445
447
448
449
450
451
454
456
458
459
460
461
467
468
470
471
473
474
475
476
477
479
480
481
482
487
488
490
491
492
493
494
495
497
499
500
501
504
505
506
509
510
512
513
514
515
517
518
519
520
521
523
524
525
526
527
529
530
531
532
533
534
536
537
538
539
540
541
542
544
545
546
549
550
551
552
556
558
559
560
561
562
563
565
566
567
569
571
572
573
575
577
578
579
580
582
583
584
588
589
590
591
592
593
595
596
598
599
600
601
602
604
605
607
608
610
611
613
614
616
618
619
622
623
624
628
629
630
632
633
634
635
637
638
639
640
641
642
643
645
646
647
650
651
652
656
657
658
660
661
662
665
667
670
671
672
674
675
682
683
684
685
686
687
688
689
690
691
692
695
696
697
699
700
701
702
703
704
705
707
708
709
718
721
722
723
724
725
727
728
729
730
732
735
738
739
741
742
743
744
747
748
749
751
752
755
756
757
758
760
763
764
766
768
770
771
772
775
777
778
779
782
787
788
790
791
793
795
796
798
799
801
803
804
805
806
807
810
811
812
814
815
816
818
820
821
822
824
825
826
827
828
829
830
834
835
836
837
841
847
848
849
850
852
853
854
855
856
858
859
861
862
864
866
868
869
871
876
877
879
881
884
885
886
887
889
890
892
895
896
897
898
899
901
903
904
905
907
908
909
910
911
912
913
914
915
918
921
922
923
925
926
927
928
929
930
931
933
940
941
942
943
945
948
949
950
951
952
953
954
956
957
961
962
963
966
967
968
971
974
976
977
979
980
981
984
988
989
991
992
993
995
996
997
1001
1002
1004
1005
1006
1007
1009
1010
1011
1012
1014
1018
1019
1021
1022
1023
1024
1025
1026
1027
1031
1033
1034
1035
1036
1037
1039
1041
1042
1043
1044
1045
1046
1048
1049
1051
1052
1056
1057
1058
1059
1061
1062
1068
1071
1077
1079
1081
1083
1085
1086
1087
1088
1089
1091
1092
1093
1094
1095
1096
1097
1102
1103
1104
1107
83
52
35
5
47
17
65
20
59
7
38
77
11
27
75
31
85
44
8
63
32
79
72
82
10
42
15
45
37
21
61
55
68
36
13
33
34
74
2
58
69
48
64
67
60
41
3
80
57
84
43
29
18
78
4
26
28
46
76
73
83
54
23
62
30
1
22
51
50
24
12
40
81
71
56
87
25
19
14
53
16
6
49
9
