64
111
170
182
221
226
228
247
248
258
312
330
331
342
364
424
437
508
607
638
733
753
772
790
867
884
921
961
999
1000
1035
1036
1040
1072
1078
1087
1186
1221
1231
1242
1249
1278
1325
1353
1366
1368
1369
1370
1413
1416
1421
1453
1471
1501
1517
1527
1598
1609
1644
1650
1680
1683
1780
1816
1839
120
147
93
90
148
28
133
162
62
20
25
107
135
155
158
44
117
92
78
50
130
12
73
126
120
67
87
125
32
89
19
76
69
9
18
1
56
96
43
134
137
101
49
8
37
84
127
77
57
161
23
65
149
118
3
153
31
160
159
51
71
111
13
156
95
5
164
142
109
83
106
112
2
119
88
105
17
79
102
29
46
108
21
53
48
150
34
104
14
140
115
36
136
123
72
64
24
99
58
100
128
82
6
80
38
45
60
144
52
26
4
61
70
138
55
59
94
110
63
131
22
