69
59
95
97
135
142
150
158
218
252
267
272
280
285
290
294
342
377
388
400
425
443
574
729
749
756
813
817
846
874
875
963
977
995
1001
1034
1043
1048
1095
1124
1177
1206
1209
1229
1230
1290
1310
1338
1340
1354
1379
1392
1410
1466
1470
1480
1517
1542
1558
1568
1599
1628
1636
1677
1703
1774
1779
1827
1828
1836
113
116
135
12
19
64
56
68
142
123
100
115
113
102
155
76
147
151
144
124
154
97
32
57
47
66
111
38
160
14
21
63
80
101
77
70
139
67
61
42
31
122
125
43
72
40
9
37
8
157
109
79
6
120
34
86
24
58
59
35
46
88
134
60
143
127
50
44
54
156
94
153
26
105
158
2
10
81
114
55
128
104
0
162
118
36
141
108
103
75
62
85
53
71
98
107
89
96
130
17
90
148
41
49
164
29
84
27
1
15
33
4
110
13
