73
57
59
146
152
167
172
181
192
220
226
233
236
402
427
452
453
461
462
528
529
547
580
593
627
646
700
708
713
741
759
767
789
811
813
834
855
863
883
893
903
936
970
976
983
984
992
1071
1082
1220
1240
1323
1346
1361
1364
1384
1401
1417
1459
1490
1496
1554
1556
1557
1591
1598
1640
1650
1677
1684
1689
1740
1755
1781
122
103
59
132
92
53
18
125
42
39
104
27
152
72
112
107
145
146
126
102
130
79
153
129
149
61
0
151
21
123
162
111
159
154
45
56
84
148
71
100
114
91
97
144
99
134
34
63
67
109
64
106
128
36
83
60
95
93
139
70
20
68
1
66
120
158
157
32
81
142
117
3
135
160
51
24
116
43
119
137
155
122
127
124
8
108
65
26
40
90
163
10
133
150
105
49
50
73
25
96
58
101
138
118
29
14
75
77
17
30
76
147
82
31
7
47
48
156
87
38
9
143
57
