263
5
9
23
25
39
53
109
119
135
145
172
178
183
189
191
192
194
201
203
204
206
207
208
216
239
242
253
257
328
337
348
357
359
361
368
403
451
463
467
478
482
484
492
501
502
504
520
529
538
540
542
556
559
571
575
579
580
581
591
614
618
624
631
639
644
667
692
699
705
716
732
748
792
811
814
815
826
827
832
845
846
849
855
861
865
872
877
889
901
909
911
922
925
932
934
936
952
959
967
978
980
1005
1007
1011
1034
1037
1039
1048
1057
1061
1064
1077
1085
1093
1105
1108
1125
1126
1141
1142
1147
1157
1173
1211
1221
1222
1228
1236
1245
1252
1262
1284
1291
1299
1317
1329
1331
1336
1343
1350
1354
1358
1360
1397
1410
1433
1440
1460
1463
1472
1484
1487
1520
1530
1532
1533
1534
1537
1541
1556
1559
1579
1599
1615
1657
1660
1661
1680
1681
1683
1688
1714
1721
1734
1755
1788
1794
1801
1804
1806
1807
1816
1831
1838
1842
1843
1845
1860
1870
1875
1878
1886
1890
1892
1895
1897
1911
1925
1927
1928
1930
1940
1945
1981
1997
2007
2016
2027
2049
2051
2066
2074
2090
2097
2106
2112
2122
2140
2146
2150
2167
2189
2200
2218
2221
2228
2234
2247
2254
2293
2307
2312
2335
2336
2337
2347
2351
2359
2363
2372
2378
2384
2421
2429
2435
2455
2467
2483
2486
2493
2511
2523
2529
2535
2538
2539
2543
2548
2550
2560
2571
2595
2601
161
93
123
0
141
92
109
52
155
86
9
134
8
69
58
42
108
116
75
11
63
47
153
13
59
145
91
159
81
7
26
65
55
77
41
29
139
101
60
21
24
90
76
53
57
19
150
132
83
138
135
32
43
129
96
88
102
131
56
36
128
73
122
125
61
5
82
160
16
15
74
25
62
126
111
18
28
70
23
67
12
106
1
80
151
95
137
104
68
120
127
105
39
107
35
48
31
3
149
114
37
144
33
110
103
148
71
51
10
49
100
4
34
117
94
142
118
97
45
89
112
121
72
27
143
14
154
98
17
87
6
54
84
99
119
156
40
79
30
78
22
147
133
50
64
115
66
140
124
113
152
2
157
46
136
85
146
38
20
130
44
158
