251
2
5
6
8
25
61
79
84
110
119
123
126
127
143
170
172
213
251
259
260
274
301
302
306
321
324
327
328
333
348
364
369
375
398
407
408
419
422
432
435
436
476
481
501
509
526
529
539
547
548
555
564
572
585
590
592
594
595
625
647
674
703
706
709
725
726
730
739
754
776
791
794
804
805
819
826
839
842
848
855
856
878
882
894
896
923
928
929
934
944
953
962
963
966
973
986
990
993
1003
1008
1091
1110
1111
1130
1133
1139
1140
1141
1142
1149
1159
1163
1168
1174
1192
1211
1223
1237
1241
1256
1276
1287
1290
1291
1299
1322
1349
1352
1358
1364
1371
1386
1390
1391
1395
1407
1416
1423
1432
1444
1446
1448
1452
1468
1473
1481
1515
1540
1556
1561
1566
1570
1572
1579
1586
1592
1612
1636
1640
1650
1668
1673
1704
1718
1719
1733
1737
1738
1745
1746
1758
1766
1769
1779
1780
1781
1782
1784
1826
1837
1844
1851
1854
1855
1858
1876
1882
1899
1910
1957
1964
1972
2010
2012
2013
2024
2029
2035
2042
2043
2073
2088
2090
2119
2123
2141
2144
2150
2162
2206
2220
2246
2251
2307
2328
2348
2349
2351
2353
2358
2372
2387
2413
2414
2417
2420
2421
2424
2446
2456
2457
2462
2469
2470
2475
2481
2492
2498
2534
2538
2552
2562
2567
2571
2577
2585
2590
2594
2604
2616
2622
160
141
8
4
92
108
147
158
33
69
31
120
139
1
74
81
56
79
123
98
91
47
140
150
102
152
37
97
143
12
128
118
57
77
10
22
45
55
157
86
155
38
85
138
42
16
35
113
160
111
101
132
54
32
58
64
134
129
116
28
130
27
154
145
23
3
59
156
62
144
104
73
117
82
51
49
44
106
110
131
68
100
40
53
119
5
153
43
151
148
90
96
48
112
115
109
29
9
11
133
18
103
146
93
63
99
149
20
88
75
122
24
34
137
50
41
19
25
17
159
65
121
83
114
78
52
30
36
2
46
21
0
72
95
107
125
105
67
71
70
136
60
94
87
26
89
142
61
84
6
126
14
80
39
127
135
124
66
13
7
15
