79
87
124
134
177
218
222
230
250
381
383
396
428
445
462
468
495
524
537
552
591
602
612
613
656
714
727
777
813
834
843
860
885
891
915
937
938
939
972
973
1003
1027
1028
1030
1038
1064
1081
1087
1109
1113
1126
1133
1174
1185
1309
1312
1354
1357
1366
1378
1393
1420
1430
1477
1478
1500
1544
1577
1596
1653
1676
1701
1707
1711
1714
1722
1742
1756
1781
1820
124
0
39
61
36
80
123
139
127
82
21
56
85
79
148
106
146
136
87
28
141
17
75
135
38
60
117
126
94
34
14
9
76
134
124
158
29
110
150
89
71
114
92
108
55
33
112
161
51
86
153
73
162
1
90
116
42
7
6
99
159
74
107
145
58
31
22
62
93
142
100
37
103
12
133
147
120
45
83
15
125
121
19
57
63
81
24
11
26
111
59
66
35
49
13
129
98
156
52
143
164
91
157
48
44
16
2
137
149
113
96
77
84
154
10
27
41
46
140
20
43
18
144
109
119
