223
14
24
26
41
47
70
81
98
125
127
169
172
180
182
183
210
214
217
227
231
241
246
257
262
283
284
299
306
311
316
349
370
397
405
406
420
428
437
453
482
522
538
541
548
549
553
573
579
580
591
602
613
618
637
640
642
646
647
654
666
690
729
761
764
767
769
773
779
782
785
788
798
827
849
864
866
870
877
905
917
977
989
1006
1007
1015
1028
1045
1047
1048
1053
1056
1066
1083
1091
1095
1113
1119
1123
1161
1172
1187
1188
1203
1214
1224
1226
1233
1265
1277
1290
1312
1337
1363
1375
1399
1400
1403
1405
1409
1424
1450
1494
1511
1516
1523
1540
1542
1544
1557
1560
1569
1576
1578
1595
1598
1600
1606
1614
1654
1655
1658
1659
1664
1672
1695
1711
1733
1735
1742
1771
1777
1788
1825
1835
1866
1870
1873
1876
1885
1894
1897
1898
1907
1915
1917
1939
1952
1953
1961
1972
2004
2034
2065
2067
2076
2103
2114
2124
2138
2152
2184
2188
2189
2210
2218
2239
2263
2269
2274
2276
2310
2311
2313
2358
2369
2370
2376
2391
2396
2403
2419
2431
2441
2445
2470
2482
2484
2492
2496
2517
2518
2532
2533
2540
2549
2569
2572
2578
2582
2593
2598
2600
2601
160
44
82
88
132
87
34
129
1
113
54
115
57
10
29
150
58
120
31
21
85
60
39
94
158
77
146
84
50
101
133
103
109
119
5
40
26
111
125
121
100
118
142
143
14
64
38
4
63
99
2
126
59
74
149
148
68
117
19
159
66
42
49
114
33
144
7
154
160
69
128
72
71
81
28
92
12
141
137
3
136
127
123
52
104
108
0
96
32
46
8
151
18
76
16
124
9
15
79
135
41
45
86
102
48
61
157
93
83
134
23
91
107
97
70
89
90
56
20
11
112
53
27
67
147
35
17
73
138
122
130
65
51
145
30
110
22
43
95
78
75
98
25
13
153
47
105
80
6
55
139
106
24
37
116
36
131
156
140
62
152
