686
2
7
9
10
12
13
14
17
18
21
22
24
25
27
28
29
30
31
34
35
36
37
39
40
42
43
46
47
49
50
51
52
55
56
57
60
63
65
66
67
69
70
71
73
75
78
80
83
84
86
88
89
90
91
96
98
99
100
102
103
106
109
113
114
117
121
123
124
126
127
129
130
132
133
134
137
139
140
142
145
146
149
152
153
154
155
156
158
159
163
164
166
168
170
171
172
173
175
177
178
179
181
182
183
184
185
187
188
191
193
197
199
201
205
208
209
212
213
215
217
218
219
220
221
223
225
227
229
230
231
233
237
238
239
242
243
247
248
249
250
251
252
255
256
257
259
260
262
263
264
265
266
267
268
270
272
275
276
277
279
281
282
283
285
287
289
291
292
294
295
296
298
299
300
301
303
304
308
309
311
312
313
314
315
317
318
319
320
321
324
325
327
330
331
332
333
334
335
337
338
339
340
342
343
344
345
346
347
348
349
350
354
355
356
357
358
362
363
365
366
369
370
371
375
376
377
379
380
383
384
388
389
390
391
394
399
400
401
403
404
406
408
409
410
411
413
414
415
416
417
420
421
424
425
426
427
428
432
433
434
435
436
438
439
444
445
446
447
448
449
450
452
453
455
456
457
458
459
460
461
465
466
467
468
469
470
472
473
475
476
479
481
482
483
485
488
490
497
498
499
501
502
503
505
506
507
508
510
511
512
513
514
518
521
522
524
525
529
531
532
533
534
536
537
538
539
540
541
543
546
547
548
549
550
551
552
554
557
559
560
561
562
564
565
566
569
572
573
574
575
576
577
578
579
581
582
583
584
586
587
590
592
595
596
598
600
602
603
604
606
607
610
611
612
613
614
615
618
619
620
621
624
625
626
627
628
631
632
634
636
637
640
641
642
643
644
646
651
652
653
654
655
656
657
658
659
661
662
663
664
666
667
668
669
671
672
675
676
677
678
679
680
682
683
684
685
686
687
688
689
690
691
697
698
699
700
701
703
704
705
706
707
710
711
713
716
717
718
720
724
725
726
728
729
731
732
733
734
737
741
742
744
745
746
747
748
749
750
752
757
758
760
761
762
763
765
768
771
772
773
775
776
778
780
782
785
786
787
788
789
790
792
793
794
796
798
800
801
802
803
804
805
807
808
809
810
811
812
814
817
819
821
822
823
824
825
826
828
831
833
835
836
837
839
841
842
843
845
846
847
850
852
853
854
858
859
860
861
862
864
866
867
868
870
871
878
879
881
885
888
889
890
894
895
896
898
899
900
901
904
907
908
909
910
911
913
914
915
916
917
918
919
920
922
923
924
926
927
929
930
932
934
936
937
938
940
941
942
944
946
947
948
951
953
954
955
957
958
961
962
963
964
965
966
967
970
972
974
975
976
978
979
981
983
984
985
986
988
989
990
991
993
995
997
998
1000
1001
1002
1003
1004
1005
1006
1009
1013
1015
1016
1018
1019
1020
1024
1025
1026
1027
1028
1029
1032
1033
1035
1037
1038
1039
1040
1041
1044
1045
1050
1052
1053
1054
1056
1058
1063
1065
1072
1073
1074
1075
1076
1082
1083
1085
1086
1090
1091
1092
1093
1095
1096
1097
1098
1099
1100
1102
1103
1106
1107
83
56
52
25
81
41
71
42
83
62
43
63
19
85
24
6
44
37
21
18
48
35
82
20
61
73
34
51
3
13
40
58
77
26
29
39
11
16
36
84
68
76
50
30
78
64
67
75
2
5
12
32
23
87
38
72
49
69
7
57
31
27
1
66
10
28
54
9
15
45
60
22
47
53
8
46
80
59
65
17
0
74
14
4
