149
56
60
75
84
89
92
96
98
132
133
134
147
148
163
172
178
186
202
214
229
234
235
237
239
247
268
299
302
314
323
328
331
349
373
375
383
400
413
424
438
447
449
451
461
462
466
472
481
488
497
505
506
513
518
520
525
531
544
553
561
566
583
595
620
621
623
627
651
662
663
667
671
672
684
688
691
692
693
698
700
703
715
718
721
729
732
733
736
740
742
745
756
772
780
782
785
788
789
790
795
796
798
804
807
818
825
831
833
841
844
857
858
872
874
875
892
894
895
907
908
914
924
932
938
956
958
962
963
974
985
986
987
988
990
993
999
1001
1005
1017
1018
1021
1062
1068
1070
1074
1078
1079
1082
1085
76
11
83
15
27
16
65
12
20
60
18
40
30
43
36
25
19
64
85
58
63
51
41
70
69
71
21
80
29
84
61
47
8
66
68
2
42
6
87
28
5
46
74
67
38
81
26
77
17
56
13
9
3
52
10
7
1
32
50
14
57
37
86
53
48
4
79
82
22
54
35
31
24
55
76
62
78
