236
27
33
59
67
72
93
95
100
102
105
135
150
152
158
160
164
179
181
194
201
214
219
245
264
267
270
284
288
289
302
316
321
323
333
346
352
353
356
362
383
394
405
439
449
451
460
490
492
497
501
524
539
558
559
567
577
579
592
603
604
611
615
621
624
636
645
669
670
671
678
685
707
712
718
730
737
750
778
780
790
792
796
834
838
840
842
844
856
861
867
884
899
904
910
912
924
948
973
988
992
1016
1021
1022
1029
1035
1093
1094
1100
1106
1113
1141
1145
1160
1173
1188
1230
1234
1236
1239
1264
1266
1271
1291
1299
1305
1350
1353
1398
1406
1424
1436
1450
1454
1467
1481
1521
1524
1528
1531
1538
1542
1549
1552
1589
1593
1596
1604
1613
1614
1627
1640
1642
1643
1649
1650
1652
1665
1669
1694
1707
1721
1736
1754
1760
1762
1779
1782
1789
1796
1806
1814
1826
1838
1846
1873
1891
1914
1918
1931
1936
1938
1942
1949
1958
1982
2006
2014
2023
2036
2041
2044
2048
2060
2094
2096
2100
2102
2111
2118
2126
2155
2169
2191
2229
2238
2241
2242
2252
2253
2255
2269
2274
2275
2282
2290
2305
2331
2336
2376
2401
2436
2440
2449
2450
2457
2464
2474
2478
2487
2489
2531
2552
2553
2599
2606
2607
161
110
74
15
153
48
90
80
137
120
157
78
75
79
72
140
116
69
147
109
104
7
45
63
149
23
131
0
67
87
38
66
107
24
73
17
81
35
33
126
16
18
150
76
50
146
46
142
60
129
6
132
22
155
103
71
57
39
37
148
30
55
95
5
43
123
58
102
1
97
99
158
62
9
144
130
119
2
101
138
36
136
105
91
141
51
25
115
139
54
159
151
94
86
89
3
27
106
20
160
114
143
133
124
77
10
44
42
11
85
68
49
29
52
21
53
108
64
31
112
13
96
83
19
93
88
82
47
40
41
56
152
12
98
34
113
121
92
32
84
135
127
4
65
111
59
156
26
70
145
117
14
118
122
8
128
125
154
134
61
100
28
