670
7
9
12
14
15
18
19
20
27
31
34
36
39
41
45
59
60
63
66
71
74
75
78
81
83
84
86
90
94
95
101
103
106
108
109
110
112
113
115
117
119
121
122
123
126
127
130
131
136
137
141
144
145
147
149
151
152
153
154
155
159
161
162
163
164
166
173
174
175
178
184
186
192
193
194
197
199
200
206
208
210
212
215
221
222
224
225
230
231
234
235
236
237
238
239
240
241
243
244
245
248
253
257
260
262
264
265
266
268
273
274
287
288
289
295
297
300
303
308
311
313
314
315
316
317
318
323
324
325
326
329
331
333
334
338
341
342
345
347
348
349
352
353
355
359
363
366
367
371
373
377
378
380
382
383
384
385
390
394
404
405
408
409
410
414
418
419
421
424
430
431
433
434
436
440
442
444
450
452
453
454
455
458
461
462
463
465
468
477
480
482
485
488
491
493
495
499
501
502
506
508
509
513
516
517
519
520
525
530
538
542
544
546
547
551
557
560
562
564
565
567
569
572
574
582
583
584
585
588
589
593
595
597
601
607
610
611
615
618
620
621
624
627
629
630
632
636
637
638
639
640
643
645
646
653
656
665
667
670
675
676
678
680
683
690
691
692
696
702
705
706
710
716
719
721
723
725
728
729
734
735
736
743
746
747
750
751
755
758
760
761
762
765
769
770
775
776
779
780
784
785
790
795
797
799
800
808
812
816
817
821
822
825
827
829
834
835
836
841
843
849
850
851
853
854
855
858
861
862
865
869
872
874
876
886
887
889
891
892
896
900
901
902
906
908
910
912
913
915
916
917
923
926
927
928
931
935
936
938
940
942
943
945
948
951
953
957
959
963
967
969
970
972
978
979
980
986
990
993
998
999
1000
1001
1006
1011
1014
1016
1017
1020
1021
1023
1024
1026
1027
1028
1032
1034
1035
1037
1039
1042
1046
1055
1057
1058
1059
1066
1072
1073
1075
1083
1087
1091
1096
1103
1104
1107
1109
1112
1113
1115
1117
1119
1120
1122
1124
1127
1128
1129
1130
1133
1136
1137
1148
1150
1159
1161
1164
1169
1172
1173
1174
1179
1180
1183
1184
1185
1189
1190
1191
1194
1195
1199
1202
1205
1209
1210
1211
1212
1215
1222
1225
1226
1228
1230
1232
1234
1237
1239
1240
1242
1248
1250
1259
1267
1269
1270
1271
1277
1278
1279
1281
1283
1284
1285
1286
1288
1290
1292
1301
1304
1309
1310
1313
1315
1317
1319
1322
1324
1327
1330
1331
1336
1338
1340
1341
1342
1343
1347
1350
1352
1355
1358
1359
1363
1365
1366
1367
1372
1377
1379
1385
1390
1391
1398
1401
1404
1408
1409
1416
1421
1426
1436
1438
1440
1444
1448
1450
1455
1458
1460
1462
1468
1472
1473
1477
1480
1482
1483
1484
1487
1490
1494
1497
1498
1499
1502
1509
1510
1511
1512
1513
1520
1525
1527
1529
1531
1533
1537
1538
1541
1543
1545
1547
1550
1552
1559
1560
1562
1565
1568
1574
1575
1576
1581
1582
1585
1588
1591
1593
1601
1608
1610
1612
1614
1618
1621
1622
1623
1625
1628
1632
1635
1636
1640
1641
1644
1645
1646
1648
1652
1655
1662
1663
1664
1669
1677
1678
1682
1684
1685
1686
1687
1691
1692
1696
1700
1701
1702
1709
1711
1715
1717
1718
1720
1723
1738
1744
1748
1758
1760
1763
1770
1772
1776
1777
1780
1782
1783
1784
1787
1789
1790
1791
1799
1804
1806
1807
1813
1816
1817
1818
1819
1820
1821
1824
1828
1833
1837
1839
158
142
129
90
157
71
47
130
30
26
37
17
77
29
116
131
63
72
118
109
67
69
46
120
20
124
13
155
22
117
156
73
123
161
48
119
9
62
114
84
70
6
136
113
15
82
99
85
153
4
21
52
14
148
125
141
44
127
151
143
92
83
107
27
111
18
60
89
58
134
19
100
54
144
51
59
53
31
45
36
38
39
154
112
96
11
40
139
74
56
103
158
106
24
42
57
159
121
5
149
115
152
110
146
86
133
50
65
61
10
98
64
76
87
105
126
101
12
163
160
164
147
162
55
94
95
97
41
25
3
104
79
150
34
93
66
16
32
138
43
7
33
49
80
128
68
2
132
35
78
8
135
81
75
108
122
1
91
0
