253
14
33
36
38
39
80
88
116
129
130
143
145
148
183
184
188
189
192
219
223
224
245
303
307
323
326
332
338
339
342
343
347
351
359
375
391
392
399
400
408
433
448
449
452
465
475
485
499
506
519
529
535
565
567
588
594
607
631
634
635
640
641
646
662
664
666
673
675
677
683
687
689
725
729
738
739
741
743
752
769
793
816
826
845
849
855
870
892
921
943
950
953
962
965
977
983
999
1016
1032
1037
1041
1045
1064
1065
1081
1090
1106
1127
1129
1139
1151
1176
1185
1195
1210
1226
1239
1243
1253
1256
1269
1272
1302
1310
1311
1314
1326
1339
1373
1376
1379
1389
1390
1395
1436
1440
1442
1444
1445
1451
1476
1480
1483
1491
1515
1539
1540
1541
1542
1553
1560
1563
1570
1572
1585
1587
1591
1599
1616
1622
1637
1654
1675
1683
1712
1723
1729
1731
1776
1786
1825
1828
1831
1838
1857
1860
1862
1941
1963
1987
1996
2011
2012
2018
2020
2033
2036
2047
2051
2060
2091
2097
2103
2107
2116
2118
2120
2122
2138
2146
2157
2173
2184
2213
2227
2229
2241
2245
2253
2269
2286
2290
2299
2303
2311
2325
2326
2328
2337
2345
2353
2365
2383
2385
2388
2391
2398
2399
2401
2403
2410
2421
2425
2441
2454
2462
2469
2481
2499
2502
2522
2523
2535
2550
2551
2562
2568
2578
2595
2597
2605
2616
2618
160
76
116
58
160
121
151
146
27
48
0
73
64
55
63
117
17
103
16
22
92
72
2
7
141
104
44
28
12
155
40
140
115
114
112
127
60
25
136
21
56
5
41
38
23
31
43
45
111
132
147
88
18
80
107
81
32
113
106
130
157
26
156
65
152
150
94
131
33
62
34
39
96
87
15
153
46
14
75
8
70
124
135
158
97
93
95
143
101
85
138
102
42
139
37
118
3
35
108
122
59
20
50
30
98
10
91
61
79
11
83
24
133
36
82
69
13
99
4
90
137
128
53
129
19
84
66
78
89
105
100
86
47
145
149
154
49
6
51
119
110
9
159
52
123
74
29
67
144
120
77
142
134
68
1
109
71
54
125
57
148
