686
6
7
9
11
13
14
16
17
19
21
22
24
25
26
27
29
30
32
33
34
37
39
40
42
43
44
45
46
47
49
50
51
52
53
54
56
58
59
60
61
65
66
67
68
71
72
73
74
75
80
82
83
84
86
88
89
90
92
93
94
95
96
98
101
103
104
105
106
107
108
109
110
111
112
114
115
116
118
121
122
123
126
128
129
130
132
134
135
137
139
140
143
144
145
146
147
148
149
153
156
157
159
160
162
165
167
170
171
172
173
174
175
177
180
181
183
186
188
189
191
192
193
199
201
202
205
206
207
208
210
211
212
213
215
217
219
221
224
227
228
229
230
231
233
234
235
237
238
239
242
245
246
247
249
252
253
254
255
257
259
260
263
264
266
267
272
273
275
277
278
280
282
283
284
285
286
288
289
291
292
293
294
295
296
297
299
300
302
303
310
311
312
314
316
317
318
319
320
321
322
324
327
329
330
331
332
333
335
337
339
341
343
344
345
346
350
353
354
355
356
359
361
362
363
364
365
366
368
369
370
373
374
376
378
380
381
383
384
385
389
390
391
393
394
400
401
402
404
407
408
409
410
412
413
414
416
417
419
420
421
422
424
425
427
428
430
431
432
433
435
436
437
441
442
443
445
447
454
455
456
458
461
462
468
469
470
471
474
475
476
477
478
479
481
482
484
486
487
488
490
491
492
494
499
501
502
503
506
507
508
511
515
516
517
519
521
523
524
526
529
530
531
532
533
535
538
540
541
542
543
544
545
546
547
551
552
553
554
555
557
559
560
561
562
567
568
569
570
572
574
575
576
577
578
580
582
584
586
587
588
590
592
593
596
597
598
599
600
601
603
604
605
606
608
610
611
613
614
615
616
618
619
621
622
624
625
626
628
629
631
633
635
636
637
640
641
643
644
645
647
650
651
652
653
654
655
657
659
661
662
663
666
669
670
673
674
675
676
677
678
680
681
682
683
684
685
688
689
690
691
692
693
694
696
700
701
702
704
706
707
710
711
712
713
714
717
718
719
720
722
723
724
725
728
729
730
731
732
733
734
735
738
739
740
741
742
748
749
754
755
757
759
761
762
764
765
766
768
769
770
772
773
774
775
776
777
778
779
780
782
784
786
787
791
792
793
796
797
798
799
800
801
802
803
804
805
806
812
813
815
818
821
822
823
824
826
827
828
833
835
837
839
840
841
842
843
844
847
849
850
852
853
854
855
856
857
859
863
864
865
866
868
869
870
871
872
874
875
877
878
880
881
883
886
889
891
892
893
896
897
902
903
904
906
907
908
909
911
913
914
915
916
918
919
922
924
925
927
931
932
937
938
940
942
943
947
948
949
950
953
954
956
957
959
960
961
966
967
968
969
970
972
974
975
976
977
978
979
980
983
987
991
993
994
995
996
997
998
999
1000
1003
1004
1005
1006
1008
1009
1010
1015
1017
1019
1022
1023
1024
1026
1027
1028
1031
1032
1033
1034
1035
1036
1037
1039
1040
1042
1044
1048
1049
1050
1051
1052
1053
1055
1056
1057
1058
1059
1060
1061
1062
1064
1067
1068
1069
1071
1072
1074
1075
1076
1077
1082
1083
1087
1089
1090
1091
1092
1093
1094
1096
1098
1100
1102
1103
1104
83
37
87
15
27
17
18
68
29
22
20
34
48
4
51
74
81
25
38
10
44
58
5
71
40
21
49
19
61
82
24
26
77
73
9
78
35
39
31
56
83
6
69
23
47
11
84
65
14
8
85
64
46
28
13
12
62
54
32
0
70
50
3
53
80
30
76
43
42
59
63
36
60
41
2
45
55
75
1
67
16
52
72
7
