275
14
23
31
50
53
90
96
106
133
140
149
162
175
179
181
203
210
216
261
271
275
283
284
302
310
317
348
349
366
371
379
408
413
414
421
432
434
438
442
449
458
462
464
469
500
503
526
529
547
574
590
595
607
614
621
630
631
634
660
665
666
702
736
740
743
749
755
759
772
775
776
786
789
795
796
797
816
821
826
827
829
839
843
856
862
883
886
887
900
945
958
961
963
972
995
1008
1015
1020
1022
1027
1036
1050
1052
1070
1083
1085
1090
1115
1116
1124
1132
1137
1147
1153
1159
1167
1172
1190
1193
1210
1223
1224
1234
1241
1242
1247
1256
1259
1263
1272
1276
1295
1297
1322
1323
1330
1346
1385
1401
1431
1440
1450
1464
1470
1481
1500
1505
1520
1522
1523
1524
1532
1548
1552
1557
1567
1573
1602
1603
1607
1611
1625
1639
1642
1649
1655
1688
1689
1690
1705
1713
1720
1722
1735
1747
1750
1760
1761
1764
1769
1774
1777
1783
1812
1816
1841
1854
1861
1864
1873
1874
1898
1908
1911
1928
1931
1940
1948
1951
1953
1961
1969
1981
1989
1992
2001
2027
2033
2039
2040
2056
2077
2079
2095
2099
2101
2109
2113
2124
2130
2148
2155
2158
2161
2162
2177
2186
2208
2223
2228
2246
2262
2269
2275
2277
2314
2319
2323
2335
2336
2344
2348
2360
2369
2372
2374
2379
2396
2398
2401
2405
2411
2417
2418
2429
2431
2437
2445
2448
2452
2470
2479
2484
2507
2512
2519
2521
2526
2532
2537
2543
2567
2613
2617
2621
161
124
134
66
69
55
45
5
30
149
1
95
76
152
24
18
109
57
107
100
11
102
37
119
96
67
9
130
156
77
140
117
108
114
23
14
145
122
116
105
85
141
68
115
127
98
35
86
157
91
38
36
129
138
59
106
12
53
33
103
89
159
94
56
126
139
75
72
7
133
136
60
20
52
28
146
6
50
17
39
8
15
61
65
43
137
47
135
31
148
81
54
88
97
29
160
132
118
46
111
63
101
90
51
40
113
154
62
150
58
153
64
3
42
131
112
19
87
155
78
120
4
49
104
123
16
32
110
128
144
71
2
34
13
142
99
83
93
22
74
143
73
82
121
10
125
151
44
41
26
21
158
27
70
25
0
48
147
84
80
92
79
