686
3
6
8
9
10
13
14
15
16
18
21
24
25
27
28
29
30
31
34
35
37
38
39
40
41
42
43
45
46
47
48
52
54
56
57
59
60
61
63
64
65
67
68
69
73
74
75
76
77
78
80
81
82
83
84
85
86
87
88
90
91
93
97
98
100
101
107
109
111
112
113
114
117
119
123
124
125
128
130
131
132
134
135
137
138
140
142
144
145
146
147
148
151
152
154
155
156
158
160
161
162
163
164
165
166
167
170
171
172
173
174
176
177
178
179
182
183
184
186
187
188
190
191
192
193
194
195
197
199
200
205
206
208
209
210
213
215
216
217
218
222
223
226
227
228
231
233
235
236
240
242
243
244
245
247
248
250
252
253
254
255
256
258
262
264
266
268
269
271
272
275
278
279
281
283
284
286
287
288
290
297
298
300
301
302
303
305
308
309
310
312
313
317
318
319
320
322
323
324
325
327
328
329
330
332
335
336
338
339
340
341
342
343
345
347
352
353
354
355
356
357
359
360
362
364
365
366
368
369
374
375
380
381
383
384
385
386
387
389
390
394
396
397
398
399
400
402
405
410
411
412
413
415
416
417
418
419
420
421
422
424
426
428
429
430
433
434
435
436
437
438
440
442
443
446
448
449
450
451
452
453
457
460
461
462
463
464
465
467
468
469
470
471
472
474
475
476
477
478
479
480
482
483
484
485
486
487
488
492
496
497
498
500
501
503
504
505
507
509
512
515
516
517
518
519
521
523
525
526
527
528
531
533
536
537
538
542
543
544
545
546
547
548
550
551
553
554
556
557
558
559
562
564
567
569
570
572
573
575
576
581
582
583
584
588
592
593
594
595
596
598
599
600
601
602
603
605
606
607
608
609
610
611
613
616
617
618
620
621
624
626
627
628
630
631
633
636
637
638
639
640
641
642
644
646
649
651
653
659
661
662
663
664
665
667
668
669
671
672
673
678
679
682
685
686
687
688
689
691
692
695
696
697
698
699
702
703
704
706
707
710
714
716
722
723
725
726
727
729
730
732
734
736
737
739
740
743
744
746
747
748
749
750
753
754
755
756
760
763
767
770
771
772
774
775
776
777
778
779
780
781
783
784
785
786
787
788
790
792
795
796
799
800
801
802
803
807
808
809
811
812
813
814
815
816
817
819
820
821
822
823
824
826
828
829
830
832
834
836
837
838
839
840
842
843
844
845
846
847
849
850
854
856
857
859
860
864
865
867
870
871
872
873
874
876
877
878
880
882
884
885
886
893
894
899
901
902
903
904
905
907
908
909
910
911
912
914
915
916
918
920
922
923
926
929
930
931
932
933
935
936
940
941
942
943
944
945
946
947
950
952
953
955
957
959
960
961
962
963
964
967
968
970
972
976
977
980
982
984
985
987
988
991
992
994
995
996
997
999
1000
1001
1002
1003
1004
1006
1009
1011
1012
1013
1014
1015
1016
1017
1018
1019
1021
1022
1023
1025
1026
1028
1029
1030
1031
1033
1034
1035
1036
1037
1038
1040
1041
1042
1043
1048
1049
1050
1056
1057
1058
1059
1060
1066
1068
1069
1071
1072
1074
1075
1078
1079
1086
1087
1088
1090
1092
1095
1096
1099
1101
1102
1103
1104
1105
1106
1107
83
67
4
84
40
81
71
25
87
7
48
77
76
39
35
61
8
80
21
22
45
44
15
51
85
24
27
30
0
11
3
57
56
37
29
74
82
66
58
10
53
28
63
47
72
54
18
5
75
13
1
14
62
12
2
6
50
83
52
70
49
36
46
41
32
26
42
19
78
17
69
60
68
20
43
64
23
9
16
65
38
73
31
59
