149
28
33
36
45
50
85
87
88
91
110
113
116
121
123
159
163
173
212
217
219
225
230
239
240
246
262
270
272
275
276
287
288
297
300
303
315
316
319
344
348
351
353
359
361
390
409
420
438
447
455
459
463
465
472
481
497
503
505
518
524
530
542
548
564
583
589
601
606
608
611
612
627
629
630
633
638
642
643
646
649
655
668
673
675
685
687
711
713
729
735
757
760
763
767
770
775
779
784
785
789
798
804
810
815
821
827
831
839
840
843
844
846
848
856
861
862
864
870
877
882
901
912
921
922
923
929
939
942
946
947
953
959
968
978
988
996
1001
1013
1022
1024
1032
1035
1047
1054
1057
1063
1072
1074
1079
72
81
45
33
47
69
42
21
15
76
34
36
12
35
62
29
49
86
59
10
70
8
72
20
73
53
17
51
14
60
64
74
44
46
66
0
31
79
1
19
61
16
11
38
52
57
67
82
25
13
24
54
48
85
87
39
9
18
5
77
78
3
68
65
27
50
6
7
43
63
2
56
40
