113
96
142
156
159
190
201
208
248
259
263
267
286
309
315
324
365
380
441
452
460
472
500
515
538
540
552
579
610
611
651
689
695
710
724
728
736
741
742
797
858
865
875
889
904
914
924
939
949
963
975
995
1012
1042
1067
1086
1106
1151
1157
1178
1194
1222
1239
1269
1289
1290
1305
1316
1374
1385
1394
1399
1412
1423
1437
1471
1543
1568
1572
1573
1627
1635
1639
1686
1714
1735
1738
1761
1764
1804
1843
1918
1948
1998
2013
2023
2045
2065
2075
2092
2118
2127
2138
2162
2212
2332
2346
2361
2373
2409
2417
2422
2431
2443
150
49
54
134
11
25
20
28
47
55
131
99
129
12
5
146
100
71
6
82
147
157
36
161
46
104
51
41
101
42
108
26
120
156
103
154
38
110
83
128
153
145
117
1
66
78
8
84
3
76
125
133
18
136
77
40
96
74
155
93
111
62
13
50
14
97
9
112
39
75
130
88
114
43
94
105
68
72
35
29
137
34
59
132
126
48
4
160
61
31
33
107
79
162
140
73
69
0
44
63
60
98
16
65
91
32
2
15
143
149
56
135
57
119
45
148
123
127
106
52
92
158
118
64
150
109
151
70
116
115
17
7
53
85
10
80
19
138
86
23
124
141
95
27
139
89
159
81
121
58
67
