138
100
108
120
132
151
170
172
175
191
209
212
283
305
335
349
370
399
406
420
428
460
488
491
497
512
536
552
573
586
587
601
602
639
673
687
699
702
715
735
748
749
765
787
791
824
855
865
888
911
935
936
938
953
961
993
1000
1016
1019
1023
1047
1065
1116
1126
1155
1163
1170
1174
1196
1205
1206
1217
1224
1267
1272
1275
1298
1302
1309
1310
1318
1323
1338
1339
1353
1370
1379
1397
1400
1403
1404
1421
1423
1445
1449
1472
1477
1479
1499
1533
1555
1562
1566
1583
1603
1652
1671
1676
1742
1784
1828
1829
1849
1864
1871
1881
1885
1894
1943
1997
2060
2068
2110
2112
2113
2166
2215
2217
2223
2245
2250
2289
2292
2304
2352
2377
2397
2400
2436
149
20
120
112
23
152
82
59
150
85
137
8
80
19
14
155
13
7
116
88
46
109
158
154
70
157
111
86
26
122
17
128
148
18
32
106
129
142
37
21
159
100
38
16
22
121
144
54
118
39
104
12
97
79
127
41
61
15
64
98
90
96
49
69
81
143
113
72
135
119
99
92
74
34
103
76
108
134
45
136
89
147
145
31
123
57
56
110
60
162
139
25
130
146
153
67
11
138
52
114
117
83
156
42
33
27
44
94
95
91
5
101
36
9
30
66
63
3
107
141
0
1
55
132
77
125
149
84
62
161
126
87
71
75
29
53
78
24
28
133
2
93
6
105
51
10
58
73
160
48
