149
18
32
46
51
58
67
70
81
92
108
112
140
145
154
155
161
162
167
170
172
179
193
198
202
204
207
217
238
254
256
259
261
263
268
273
275
278
287
293
300
302
303
307
327
329
359
364
375
380
382
392
399
416
417
436
441
448
455
472
478
488
490
499
500
503
510
512
527
535
536
540
541
543
545
556
560
566
573
576
595
601
612
614
621
623
624
628
629
641
643
652
660
668
672
678
684
687
722
734
741
743
745
747
750
757
760
772
778
784
792
793
812
815
822
829
830
846
858
897
901
910
919
931
938
942
945
946
949
958
961
978
982
985
1001
1011
1026
1035
1037
1051
1055
1059
1060
1062
1070
1074
1075
1076
1084
1095
71
73
36
41
65
35
34
57
9
14
38
49
61
51
20
15
54
39
11
79
48
68
69
22
31
66
44
30
76
18
58
56
83
45
62
27
8
13
7
10
71
16
5
17
70
1
19
67
74
28
52
43
33
37
23
46
85
3
64
32
2
29
80
40
59
53
6
0
60
25
77
87
