113
83
98
129
149
159
178
182
190
193
201
206
224
236
243
258
300
328
348
394
410
437
499
544
547
551
557
568
569
620
698
709
720
764
765
784
798
826
830
874
875
876
891
901
916
975
979
1004
1030
1065
1066
1073
1134
1138
1141
1174
1207
1208
1228
1232
1242
1247
1259
1281
1302
1353
1355
1372
1375
1382
1401
1437
1480
1506
1522
1553
1678
1747
1754
1778
1813
1821
1858
1872
1893
1943
1950
1957
1979
1980
1990
2012
2032
2040
2052
2085
2100
2113
2114
2129
2153
2187
2195
2209
2244
2286
2305
2343
2353
2357
2398
2407
2437
2447
159
80
73
67
150
0
154
2
132
56
151
20
134
16
105
84
64
70
92
111
94
152
133
44
18
107
123
25
104
103
145
124
6
131
26
71
29
36
112
110
121
162
83
63
137
156
14
27
148
79
85
97
30
114
109
69
86
38
34
130
142
127
11
33
115
65
157
35
96
144
31
136
100
51
90
12
98
88
155
116
149
41
141
22
117
140
143
13
43
54
62
146
102
9
21
82
40
128
59
46
45
8
138
78
4
93
158
53
37
106
139
10
135
153
89
81
99
17
58
122
66
28
74
7
126
47
87
23
72
52
129
161
118
60
3
55
57
48
113
120
76
119
24
5
125
19
77
61
159
32
68
75
147
42
1
15
95
160
39
101
