686
4
7
8
9
13
14
15
16
17
19
20
21
22
25
26
27
28
29
30
33
35
36
38
40
41
42
43
44
47
48
49
50
52
57
59
62
64
65
67
68
69
70
71
72
74
76
77
78
79
82
83
84
85
89
91
92
93
94
95
97
98
100
102
103
104
105
107
108
110
112
114
115
116
120
121
123
125
126
127
128
129
131
132
134
137
140
141
142
143
145
146
149
150
151
155
156
157
158
160
161
162
163
165
167
169
170
174
175
178
179
180
182
185
187
188
190
191
193
194
196
200
201
203
204
206
209
210
211
213
215
217
218
220
222
223
226
227
229
230
231
232
233
234
235
236
237
238
240
242
244
245
250
251
252
254
255
256
258
262
263
265
268
269
272
273
274
275
278
279
280
285
286
287
288
289
292
293
294
295
296
297
299
300
301
302
306
307
308
310
311
314
317
319
320
321
323
324
327
328
331
334
335
336
341
342
343
344
345
347
351
352
356
358
359
360
361
363
364
365
367
368
369
371
372
373
376
378
379
380
382
383
384
385
387
390
391
393
394
396
397
400
401
404
406
407
411
415
416
417
418
420
421
422
426
428
429
433
434
435
436
437
439
441
443
444
446
447
448
449
450
451
452
453
454
455
456
459
460
465
468
470
471
476
477
478
480
481
482
485
487
489
490
492
493
494
497
498
499
500
501
502
504
505
506
507
509
510
512
514
517
518
520
521
522
523
524
526
527
529
530
532
533
535
536
537
538
540
541
543
545
548
549
550
552
553
555
556
557
558
560
561
562
563
564
566
570
573
574
575
576
578
579
580
582
583
584
585
587
589
590
591
592
594
596
597
602
604
606
607
610
611
612
613
614
615
616
618
619
621
623
625
627
628
630
633
634
637
641
642
643
644
645
647
652
654
656
657
658
659
660
661
663
664
666
667
669
670
671
672
674
675
677
679
680
683
684
686
687
688
689
690
691
692
693
694
695
696
699
700
701
702
703
706
707
708
709
713
714
715
718
720
721
722
726
727
728
729
731
732
734
737
738
741
744
746
749
750
751
752
753
754
755
757
758
763
764
765
766
767
769
772
773
774
775
776
777
778
781
782
784
788
790
791
792
793
795
796
797
799
800
803
805
806
807
808
809
810
811
813
815
816
819
821
822
823
824
826
831
832
833
834
835
836
840
841
842
843
844
846
847
848
851
852
854
855
856
857
858
859
860
861
862
863
865
866
869
871
872
874
877
878
879
880
881
883
884
888
890
891
892
894
898
899
900
901
903
904
905
906
911
912
913
914
915
916
917
919
922
923
924
925
926
927
929
930
931
932
936
937
938
939
942
944
945
947
948
951
952
954
955
958
959
960
961
962
964
965
966
968
969
971
972
973
975
978
981
982
983
984
985
987
988
989
990
991
994
995
997
998
1000
1001
1002
1003
1004
1005
1007
1008
1010
1011
1013
1015
1016
1017
1018
1021
1022
1024
1026
1027
1028
1029
1030
1032
1034
1035
1036
1037
1038
1039
1041
1042
1044
1046
1048
1051
1052
1053
1055
1057
1058
1059
1060
1061
1062
1063
1065
1067
1068
1069
1071
1072
1074
1075
1076
1079
1080
1081
1082
1084
1087
1090
1091
1092
1095
1096
1098
83
38
34
15
23
31
13
41
27
46
28
77
9
65
4
62
53
52
17
29
76
58
35
73
16
81
22
40
67
69
82
39
2
3
54
19
47
80
6
1
26
43
48
84
18
51
14
36
0
71
32
5
68
33
20
63
72
42
50
11
55
74
57
83
87
24
10
45
37
30
56
79
60
75
8
70
78
64
86
7
49
61
85
59
