137
55
72
80
98
127
157
159
178
183
229
250
271
328
337
363
364
389
408
434
441
447
459
460
477
479
506
508
538
582
586
609
619
693
694
710
725
732
733
741
761
770
778
789
812
844
848
856
888
889
909
917
941
953
957
961
984
1001
1004
1047
1064
1068
1090
1118
1122
1128
1150
1151
1184
1197
1227
1243
1254
1261
1278
1283
1306
1365
1380
1428
1430
1434
1437
1471
1474
1503
1506
1518
1553
1568
1576
1585
1591
1622
1629
1660
1678
1681
1694
1699
1713
1727
1748
1754
1764
1792
1842
1850
1856
1876
1878
1905
1911
1965
1980
1994
1996
2007
2015
2019
2044
2056
2129
2133
2185
2204
2268
2273
2301
2315
2341
2342
2392
2414
2426
2431
2441
2446
158
91
56
63
67
117
37
68
153
136
75
13
70
112
111
84
106
122
49
109
64
52
107
83
148
43
14
59
139
28
33
3
125
16
104
22
61
88
62
30
19
120
103
92
108
140
42
160
113
161
12
54
5
146
133
159
143
99
60
6
130
155
118
121
115
126
87
114
38
97
47
158
44
100
74
24
46
27
96
142
137
132
141
69
18
135
134
156
15
72
11
138
23
35
123
80
79
1
39
20
150
98
7
128
45
9
89
51
8
82
26
95
116
55
21
31
102
32
57
10
73
85
157
119
2
101
58
71
4
48
127
149
90
110
17
29
86
93
129
144
81
65
66
36
124
94
105
131
34
151
147
145
78
154
53
152
50
25
0
