660
13
14
15
16
18
22
28
33
38
43
45
51
52
54
57
58
60
61
65
67
69
71
73
74
76
79
80
83
89
91
92
93
94
98
100
102
103
104
110
111
113
116
122
123
125
128
129
132
134
135
143
144
145
148
149
152
155
158
159
164
165
168
173
174
180
182
183
193
194
195
197
198
201
208
209
212
213
218
221
222
224
227
228
229
240
244
248
251
252
253
254
265
266
267
268
270
272
275
280
281
282
284
285
286
294
296
297
301
302
309
317
318
322
327
329
332
338
340
344
356
363
364
366
369
373
374
375
380
382
383
385
387
389
390
394
396
398
399
400
403
404
412
413
416
419
420
422
423
424
425
431
433
438
439
441
444
448
452
453
454
455
457
458
463
464
469
473
478
483
485
486
488
490
494
497
501
502
504
506
508
510
511
516
517
518
519
523
527
535
540
541
542
544
545
553
554
556
557
558
561
562
563
565
569
572
579
580
583
587
589
591
596
598
599
600
602
603
606
612
613
614
615
620
628
631
636
638
640
641
643
645
646
650
651
659
663
666
667
671
672
674
678
683
688
692
694
695
701
704
707
712
713
715
716
717
719
722
724
725
726
727
731
746
747
750
751
757
761
762
766
769
774
775
777
778
779
780
781
786
787
789
791
792
794
797
799
800
804
805
806
807
808
809
815
816
820
826
828
838
843
849
853
854
855
856
857
866
868
870
873
877
882
883
886
890
896
900
901
902
906
907
909
912
914
915
919
920
922
924
927
929
931
932
933
936
937
939
941
942
945
948
950
952
953
957
959
962
963
964
967
969
972
977
981
986
993
996
999
1002
1004
1005
1009
1010
1012
1014
1016
1017
1018
1019
1021
1023
1026
1030
1034
1036
1037
1038
1041
1042
1043
1046
1052
1054
1059
1060
1061
1064
1071
1073
1077
1081
1082
1083
1084
1088
1089
1091
1093
1097
1099
1100
1101
1103
1105
1109
1110
1114
1116
1117
1118
1119
1121
1123
1128
1131
1135
1141
1142
1151
1152
1158
1162
1163
1164
1165
1169
1171
1173
1174
1175
1179
1180
1181
1185
1191
1196
1197
1199
1202
1207
1209
1215
1217
1219
1220
1222
1224
1225
1227
1230
1237
1240
1241
1242
1247
1254
1256
1257
1258
1261
1263
1265
1274
1276
1283
1284
1285
1286
1291
1293
1298
1300
1301
1304
1309
1313
1314
1316
1317
1320
1322
1325
1329
1330
1332
1335
1336
1337
1339
1342
1345
1357
1358
1363
1364
1367
1368
1372
1380
1381
1383
1384
1385
1389
1392
1393
1398
1405
1407
1408
1412
1420
1423
1428
1431
1435
1436
1445
1447
1462
1466
1467
1470
1471
1472
1475
1477
1487
1489
1490
1493
1500
1512
1516
1517
1518
1521
1526
1537
1539
1540
1543
1545
1547
1548
1549
1552
1553
1556
1559
1563
1564
1565
1567
1571
1574
1576
1577
1584
1590
1593
1594
1595
1597
1599
1602
1606
1609
1610
1613
1621
1622
1623
1626
1627
1630
1631
1639
1640
1641
1642
1643
1645
1646
1647
1649
1650
1651
1654
1657
1658
1666
1670
1672
1676
1678
1680
1682
1688
1689
1691
1692
1696
1698
1699
1701
1703
1704
1706
1708
1709
1717
1718
1721
1722
1728
1735
1736
1739
1740
1743
1744
1750
1751
1759
1762
1765
1771
1774
1777
1778
1779
1781
1784
1787
1789
1790
1793
1797
1799
1802
1804
1807
1812
1815
1816
1818
1819
1823
1825
1827
1828
1829
1833
1834
1835
1836
1837
1838
1839
157
74
5
85
97
111
152
100
109
6
103
134
25
123
89
127
30
116
99
90
69
14
107
47
46
48
112
158
88
82
37
96
20
78
43
12
145
137
76
153
65
2
160
7
8
159
144
27
83
143
60
21
146
40
71
3
10
119
51
91
105
117
135
22
136
42
33
67
29
126
38
161
122
141
52
155
11
163
50
26
129
164
130
66
77
114
24
93
142
151
63
120
115
131
0
108
49
147
39
62
28
58
138
162
84
149
110
157
31
94
15
102
104
57
55
154
80
70
64
79
98
34
113
61
92
45
32
1
95
9
106
35
148
125
86
4
41
128
18
118
150
156
17
72
36
16
13
81
121
68
133
44
59
87
101
132
124
75
