680
9
10
13
15
18
19
28
32
34
35
37
40
47
50
52
57
60
61
64
68
70
75
76
81
85
91
95
97
98
99
101
102
107
108
109
110
111
112
113
122
123
128
129
131
132
133
137
139
143
151
153
154
157
161
162
176
179
187
188
189
191
192
193
195
198
201
202
203
204
207
209
210
212
216
221
223
227
228
231
232
234
235
236
237
242
252
254
257
258
259
260
261
264
265
266
269
274
276
279
280
282
286
287
290
295
302
303
305
306
307
311
314
318
319
323
326
328
329
330
331
334
337
339
342
343
346
347
348
349
351
353
354
355
361
364
365
376
380
381
382
386
400
403
404
405
406
418
419
420
421
422
424
430
432
434
436
441
445
449
453
454
455
458
460
463
469
477
484
490
491
492
493
494
495
499
501
502
503
504
505
506
509
512
514
515
520
523
525
526
527
528
530
538
542
544
550
551
552
554
555
556
562
566
568
571
572
574
576
578
579
586
588
593
595
599
605
610
611
613
616
620
621
622
624
627
629
638
644
650
652
653
657
663
665
666
667
668
670
671
676
677
679
683
685
692
693
695
697
699
702
711
712
715
716
719
723
725
726
728
729
731
735
738
740
743
744
745
746
748
751
752
753
758
762
764
766
771
774
775
776
777
780
781
786
789
790
791
792
793
794
797
799
800
802
806
807
808
812
818
819
821
823
825
826
831
834
836
838
839
841
842
845
848
849
851
854
858
862
864
865
868
869
876
877
879
881
882
883
884
887
892
895
898
899
906
909
915
919
920
921
924
926
928
930
932
933
936
937
938
940
941
946
950
953
955
956
957
958
961
965
966
967
969
973
974
975
976
977
978
980
984
986
990
992
994
998
1004
1008
1015
1016
1018
1019
1020
1024
1026
1027
1028
1029
1030
1035
1038
1039
1040
1042
1044
1045
1047
1048
1050
1051
1052
1055
1057
1061
1064
1065
1080
1086
1087
1091
1092
1093
1094
1095
1098
1106
1107
1112
1113
1114
1115
1116
1119
1120
1124
1126
1127
1134
1139
1142
1143
1146
1148
1150
1155
1158
1160
1163
1166
1167
1169
1172
1174
1177
1178
1183
1186
1187
1188
1191
1192
1195
1199
1214
1215
1222
1224
1226
1227
1228
1232
1233
1234
1236
1237
1240
1243
1246
1253
1259
1262
1265
1266
1273
1275
1278
1280
1286
1289
1292
1295
1299
1303
1304
1310
1315
1320
1322
1323
1325
1328
1331
1340
1347
1350
1361
1369
1371
1372
1375
1378
1379
1382
1384
1389
1392
1393
1396
1400
1401
1402
1403
1404
1405
1406
1408
1409
1413
1417
1418
1420
1421
1423
1425
1426
1429
1431
1433
1434
1438
1439
1440
1441
1445
1446
1447
1449
1451
1462
1464
1466
1468
1469
1477
1479
1480
1482
1487
1491
1495
1501
1504
1507
1508
1509
1511
1514
1516
1520
1521
1525
1527
1529
1532
1533
1537
1542
1545
1546
1549
1555
1556
1558
1561
1563
1564
1566
1572
1573
1574
1577
1579
1581
1583
1584
1587
1588
1593
1595
1597
1604
1605
1606
1607
1608
1610
1611
1612
1615
1620
1622
1627
1629
1630
1634
1636
1637
1638
1639
1640
1643
1645
1646
1648
1653
1655
1657
1660
1664
1666
1671
1672
1673
1675
1679
1687
1689
1697
1701
1708
1709
1713
1714
1717
1718
1719
1724
1727
1733
1741
1746
1747
1750
1751
1752
1755
1756
1757
1762
1763
1767
1769
1770
1775
1776
1777
1780
1782
1784
1791
1793
1794
1795
1797
1798
1800
1804
1805
1806
1812
1817
1819
1823
1825
1829
1833
1836
1837
1838
1840
158
1
98
114
118
107
138
29
63
47
20
7
3
23
120
88
9
56
102
60
0
91
77
71
28
130
101
158
97
67
32
45
2
83
87
54
41
12
92
117
126
162
124
37
79
106
93
18
43
84
27
109
154
96
42
99
24
141
137
52
44
69
75
50
17
135
100
35
129
6
85
145
8
112
13
90
146
15
55
73
66
31
127
30
26
89
111
133
132
115
11
163
164
72
148
25
61
78
150
65
123
68
51
5
53
143
151
86
4
108
95
125
49
160
119
134
80
36
16
39
131
155
19
57
110
14
94
104
149
64
136
48
70
21
59
34
116
128
144
153
159
82
46
76
157
22
40
139
121
113
147
156
122
33
105
58
152
62
161
