149
31
40
66
67
72
73
74
75
87
88
89
97
102
105
111
136
143
145
147
148
153
157
172
189
198
199
201
211
214
232
234
236
252
254
256
268
284
287
297
305
307
312
313
316
322
346
365
366
371
375
379
384
386
420
425
436
437
439
453
464
473
482
485
489
497
512
542
552
562
576
583
599
608
612
621
632
638
661
670
673
680
683
684
695
701
710
731
735
737
747
762
763
764
770
789
812
814
817
820
836
838
852
855
860
863
871
873
874
877
884
888
890
892
894
902
911
925
933
936
937
939
950
960
964
968
973
974
980
986
990
996
998
999
1000
1001
1011
1013
1014
1018
1024
1029
1034
1043
1052
1058
1061
1091
1104
1106
74
66
64
9
35
22
20
75
41
63
49
8
14
4
59
19
30
29
36
7
0
81
34
45
77
25
78
71
1
55
68
82
61
27
83
31
60
40
87
85
33
28
12
54
11
2
46
18
47
74
67
23
48
26
58
84
37
79
13
16
80
56
38
17
69
6
72
53
76
24
15
32
43
5
42
