149
25
42
55
66
74
75
78
87
90
96
99
107
115
120
127
128
155
165
167
179
196
197
207
209
215
220
228
237
238
250
263
266
269
285
289
291
294
296
301
310
313
316
321
322
373
375
382
390
395
401
402
409
419
420
431
439
443
447
460
463
482
485
492
495
511
523
526
528
542
555
556
565
571
609
633
636
640
641
650
651
669
683
703
705
712
714
718
722
727
734
755
758
765
777
783
784
786
787
789
791
803
805
806
810
819
838
842
844
856
857
858
860
863
864
866
867
870
878
884
903
909
927
942
943
957
963
978
984
988
997
1006
1012
1017
1023
1025
1028
1029
1030
1034
1059
1061
1064
1068
1072
1083
1088
1090
1105
1106
78
23
61
57
60
62
25
48
81
19
68
78
69
44
52
59
87
40
14
46
3
74
11
76
17
75
72
43
33
82
66
36
35
54
85
42
9
84
5
53
0
4
73
22
21
27
45
38
50
10
15
37
18
6
7
55
1
65
86
2
49
63
71
41
64
56
67
13
51
26
80
29
58
83
77
47
30
20
16
