658
12
15
16
20
22
27
30
36
37
40
44
45
47
53
54
56
57
58
61
62
63
64
67
69
70
76
77
79
81
83
84
87
88
89
95
98
101
104
106
107
113
114
115
119
123
126
129
131
135
140
141
142
144
145
147
149
150
152
153
154
156
158
162
168
170
172
174
175
176
177
179
180
182
188
190
194
195
199
201
203
205
208
209
212
213
215
222
224
225
231
233
235
240
242
244
245
246
250
251
255
258
259
261
262
267
268
269
270
271
279
284
287
290
292
294
296
298
301
305
307
309
310
319
327
329
331
336
337
339
342
343
344
348
353
355
357
358
361
362
364
367
370
375
378
382
385
386
387
391
392
393
395
397
398
400
407
408
414
416
419
426
427
434
435
436
437
440
443
445
446
450
451
452
453
455
460
461
462
467
468
469
471
472
476
483
484
489
493
504
511
529
530
531
532
534
535
537
539
544
546
548
551
553
555
566
570
572
573
576
577
578
579
581
584
586
592
593
595
603
611
617
619
622
628
629
635
640
647
648
649
652
659
665
666
667
672
673
679
683
685
686
688
695
696
697
698
699
701
702
705
707
709
711
713
715
716
717
718
719
722
723
724
729
730
733
734
739
742
743
744
745
749
750
751
756
759
762
767
770
777
780
781
785
789
790
796
798
801
805
809
810
811
812
813
814
815
816
819
820
824
825
830
831
832
836
839
840
842
845
846
852
853
854
858
860
863
864
866
869
873
874
878
884
891
894
895
898
902
903
905
908
912
914
916
917
919
920
921
922
926
927
928
929
930
935
936
938
940
943
944
945
946
954
957
958
959
968
973
975
977
979
981
983
991
995
996
999
1000
1011
1014
1016
1019
1020
1021
1026
1028
1029
1030
1032
1033
1043
1047
1048
1050
1051
1052
1054
1055
1064
1065
1067
1069
1072
1073
1075
1087
1093
1094
1098
1102
1104
1108
1109
1112
1114
1115
1116
1119
1121
1124
1126
1132
1138
1141
1143
1145
1150
1151
1154
1157
1166
1169
1173
1175
1178
1181
1183
1186
1188
1190
1192
1194
1195
1199
1210
1211
1212
1219
1222
1223
1224
1226
1227
1228
1229
1231
1232
1233
1234
1235
1236
1237
1239
1240
1244
1245
1246
1251
1253
1254
1256
1258
1264
1267
1272
1273
1274
1278
1280
1281
1282
1283
1290
1295
1296
1300
1302
1308
1311
1314
1316
1321
1323
1324
1326
1327
1328
1330
1337
1338
1339
1342
1344
1346
1349
1351
1353
1354
1357
1358
1363
1366
1367
1368
1371
1372
1376
1377
1378
1381
1384
1391
1395
1396
1398
1399
1401
1406
1410
1414
1416
1419
1420
1424
1427
1430
1433
1434
1436
1438
1441
1442
1444
1447
1452
1454
1457
1458
1459
1463
1464
1465
1467
1470
1474
1475
1476
1480
1483
1486
1491
1493
1497
1503
1505
1507
1511
1513
1518
1521
1527
1528
1531
1534
1545
1549
1551
1562
1566
1567
1571
1575
1576
1583
1588
1589
1596
1602
1603
1608
1612
1615
1616
1617
1624
1629
1632
1636
1645
1646
1651
1653
1661
1662
1665
1670
1671
1672
1676
1677
1682
1683
1686
1689
1691
1692
1694
1695
1698
1700
1702
1705
1708
1709
1714
1717
1722
1723
1724
1729
1730
1732
1736
1738
1739
1740
1741
1745
1747
1748
1753
1761
1765
1767
1778
1779
1781
1783
1792
1795
1796
1797
1799
1804
1811
1813
1816
1817
1820
1821
1822
1823
1826
1827
1829
1835
1838
1840
154
113
59
32
105
146
115
65
163
23
132
40
137
100
84
86
58
55
66
41
78
91
126
8
123
47
35
148
155
139
153
140
75
30
27
114
43
62
162
136
3
116
118
131
158
83
69
25
45
1
134
111
154
151
101
164
95
64
121
133
17
13
46
110
56
141
122
119
96
42
128
77
6
52
145
60
7
117
76
51
71
156
5
107
21
144
67
99
31
103
160
159
11
57
120
80
34
98
129
109
36
20
124
0
16
4
26
61
81
89
112
18
15
135
39
97
157
143
106
14
72
44
19
94
70
53
29
90
24
37
85
48
12
33
54
22
138
79
104
130
150
2
161
92
93
63
108
9
28
149
49
82
147
50
125
