663
9
10
20
22
23
24
25
28
31
34
35
36
37
39
41
43
47
54
55
58
60
69
72
76
78
84
88
89
91
95
97
106
118
119
120
121
123
124
127
128
130
134
140
141
142
143
145
148
149
150
153
154
156
159
162
171
175
177
180
181
186
190
192
195
197
198
200
207
211
213
214
216
218
219
220
230
233
237
238
239
240
243
245
246
247
249
251
254
255
258
259
260
261
262
263
264
268
270
271
279
282
284
288
291
295
296
297
300
303
309
311
318
321
323
324
325
327
332
335
337
339
340
343
344
346
347
350
358
361
363
364
365
366
368
370
371
372
374
376
384
388
391
392
394
395
396
397
398
401
411
413
417
420
423
427
428
434
436
441
442
444
449
452
453
460
464
468
469
473
474
484
486
487
495
505
511
519
520
522
525
528
529
530
534
535
538
540
542
544
546
552
554
555
558
561
569
570
571
573
574
575
579
584
585
589
591
594
597
599
601
602
607
610
611
612
617
619
628
633
639
644
645
647
648
649
653
660
668
672
678
685
687
688
691
692
693
698
702
704
708
710
716
718
720
723
727
729
730
732
736
738
739
742
743
747
751
752
755
757
758
762
763
764
766
767
768
770
773
776
783
789
790
792
794
796
797
798
808
810
814
817
819
820
822
824
825
826
829
830
831
834
835
836
837
838
841
843
845
846
852
853
854
856
858
864
865
866
869
870
875
876
880
881
882
887
893
896
898
899
900
901
903
915
920
924
925
926
928
930
932
933
937
939
941
943
945
946
949
954
957
962
963
964
971
972
977
980
983
984
985
986
988
990
997
998
1002
1005
1012
1016
1018
1019
1024
1027
1028
1035
1036
1037
1039
1041
1043
1044
1048
1053
1057
1058
1059
1062
1064
1066
1068
1071
1073
1074
1075
1077
1084
1087
1092
1093
1098
1101
1106
1107
1108
1113
1114
1117
1122
1123
1127
1130
1131
1132
1135
1139
1140
1141
1150
1151
1153
1155
1156
1157
1162
1163
1168
1169
1171
1174
1177
1180
1183
1184
1187
1191
1192
1195
1197
1198
1199
1200
1201
1203
1204
1205
1207
1211
1212
1218
1231
1233
1235
1236
1240
1246
1248
1258
1261
1262
1263
1264
1267
1272
1273
1274
1275
1281
1282
1283
1284
1287
1288
1292
1302
1307
1309
1310
1311
1312
1313
1316
1317
1318
1320
1323
1324
1334
1335
1337
1338
1340
1343
1344
1349
1350
1351
1353
1355
1359
1363
1364
1365
1368
1371
1372
1373
1374
1381
1382
1385
1389
1391
1393
1395
1396
1398
1399
1403
1407
1408
1409
1411
1412
1415
1418
1420
1423
1425
1431
1439
1443
1446
1447
1448
1451
1453
1454
1455
1457
1458
1460
1469
1473
1474
1475
1476
1479
1483
1485
1486
1488
1489
1491
1494
1495
1497
1501
1505
1507
1514
1520
1523
1524
1527
1530
1534
1536
1537
1540
1543
1544
1545
1554
1555
1558
1559
1562
1564
1568
1571
1573
1578
1579
1587
1588
1594
1595
1599
1601
1603
1604
1607
1610
1613
1617
1619
1625
1633
1637
1638
1640
1641
1651
1661
1662
1668
1670
1671
1672
1681
1687
1690
1695
1701
1704
1706
1707
1708
1709
1710
1711
1712
1713
1716
1717
1718
1719
1720
1722
1725
1726
1727
1730
1735
1736
1738
1743
1750
1752
1753
1758
1759
1761
1763
1764
1766
1767
1773
1774
1778
1782
1785
1796
1800
1801
1802
1813
1814
1816
1817
1818
1822
1824
1829
1830
1832
1833
1834
1835
1836
1837
1838
1840
155
113
151
110
155
96
16
41
101
135
31
145
5
121
88
116
49
122
123
71
115
163
128
129
141
42
66
131
140
127
22
161
119
160
0
68
23
118
114
90
93
33
100
98
146
54
134
72
84
138
28
9
14
27
63
48
144
24
149
64
106
152
97
147
35
130
52
124
137
44
117
53
15
46
107
80
39
94
19
38
154
153
18
136
20
150
79
37
36
111
61
6
62
10
50
91
87
73
45
43
47
104
34
162
21
125
108
148
156
58
11
86
77
157
8
99
17
143
82
69
55
13
102
12
60
158
112
26
65
105
164
78
32
75
29
142
109
2
4
139
132
95
25
103
81
59
1
57
7
67
70
159
30
51
56
76
