686
7
8
9
12
13
14
15
17
19
20
22
24
27
28
29
30
33
34
35
36
38
40
42
44
47
50
52
55
59
61
62
63
64
68
70
73
74
75
77
78
81
83
90
91
92
93
94
95
96
98
101
102
103
104
105
107
108
109
110
111
112
116
118
119
121
122
123
124
128
129
130
131
134
135
137
138
139
140
141
142
143
144
146
148
149
150
151
154
155
158
159
163
164
165
167
170
171
172
173
176
177
179
180
182
183
185
188
189
190
191
194
197
198
200
203
204
205
207
208
209
211
212
215
216
217
218
223
224
225
226
227
228
231
232
233
237
238
239
242
244
245
247
248
249
250
251
252
253
259
260
264
265
266
267
268
269
270
271
273
276
277
278
279
280
282
283
284
285
292
293
294
295
297
298
299
300
301
302
303
307
308
309
310
312
313
315
316
317
320
323
324
326
327
330
331
336
337
338
339
340
341
344
346
348
349
350
351
352
353
354
355
357
358
363
365
366
367
371
373
376
377
378
379
381
382
383
385
387
390
391
392
393
395
397
400
402
403
404
406
407
408
410
411
412
415
416
417
418
419
420
422
424
425
426
430
431
432
433
434
438
439
440
441
442
444
445
446
447
449
450
452
456
462
463
466
468
470
471
472
473
474
477
478
480
481
483
484
485
486
489
490
493
494
495
496
497
498
499
502
503
504
505
506
508
510
512
513
516
517
518
520
521
525
526
527
528
529
530
531
533
534
535
536
539
541
543
545
546
548
549
550
553
554
556
557
558
559
562
563
564
565
566
567
569
570
573
575
577
578
579
581
583
584
587
588
589
590
594
595
598
600
601
604
605
606
607
608
609
611
613
616
618
620
621
622
623
624
626
629
631
633
634
636
638
640
641
642
643
644
649
650
651
652
653
654
655
656
657
658
663
666
667
668
669
670
671
674
675
676
677
680
684
685
689
691
694
698
699
700
701
702
703
704
705
707
708
709
711
712
715
717
721
722
724
725
727
732
735
737
739
740
741
742
744
746
747
748
749
750
751
753
755
756
758
759
762
763
764
765
766
767
768
769
770
771
772
775
776
781
782
783
785
786
789
790
791
792
793
794
795
796
798
799
800
802
804
805
806
808
810
812
813
814
815
816
817
819
820
821
825
826
827
833
834
836
837
838
840
842
844
845
848
849
852
854
855
857
858
859
860
865
870
871
873
874
876
877
878
879
880
881
884
885
886
888
889
890
891
894
895
897
898
899
900
901
902
903
909
910
911
912
913
916
918
919
920
922
923
924
925
926
927
929
932
933
934
935
936
938
939
940
941
942
943
944
945
947
950
951
952
953
954
955
956
958
960
961
962
964
967
968
969
970
971
972
973
976
977
978
981
982
983
985
987
988
989
991
992
993
994
995
996
997
998
999
1001
1005
1006
1008
1011
1012
1013
1016
1017
1019
1020
1021
1022
1023
1024
1026
1027
1028
1031
1032
1034
1036
1037
1038
1040
1042
1043
1044
1045
1046
1047
1048
1049
1051
1052
1054
1056
1057
1058
1059
1060
1061
1062
1063
1065
1066
1067
1068
1070
1072
1073
1077
1079
1082
1085
1086
1087
1088
1089
1090
1091
1092
1094
1097
1098
1099
1102
1103
1105
1106
1107
82
49
72
80
67
31
26
83
62
28
39
42
69
10
22
14
1
15
58
24
44
77
63
16
48
74
61
82
3
81
66
41
45
79
35
68
85
29
12
23
75
71
64
65
38
18
78
6
87
84
60
54
7
51
11
73
34
50
36
25
8
2
43
46
59
57
19
56
52
4
20
13
47
27
37
21
0
9
76
17
53
5
32
