63
60
89
106
148
170
182
211
230
281
344
350
403
425
453
481
483
580
585
588
595
602
639
653
659
723
732
750
858
883
1091
1114
1127
1145
1152
1163
1167
1186
1190
1204
1206
1273
1382
1391
1392
1396
1440
1462
1468
1472
1494
1519
1524
1567
1576
1592
1599
1606
1636
1657
1686
1699
1736
1773
106
68
46
154
84
8
7
82
44
42
126
37
48
75
23
65
143
90
19
115
67
40
30
6
25
105
138
13
117
49
139
73
153
77
106
16
1
96
51
155
150
57
145
133
50
127
98
64
91
157
38
31
92
35
109
131
28
52
59
41
27
144
129
12
60
58
39
9
85
86
120
88
149
146
63
81
55
11
122
26
54
110
93
24
101
156
97
111
94
128
161
134
29
83
123
136
100
20
43
56
62
76
18
125
2
113
135
