686
4
5
8
9
10
12
14
15
16
17
19
20
24
26
27
28
29
32
33
34
35
36
37
38
39
40
42
43
45
46
48
49
50
54
55
58
59
60
62
63
64
65
66
67
68
70
71
72
73
75
77
78
81
82
83
84
86
88
89
90
91
94
96
97
98
99
101
103
106
107
108
110
111
113
114
115
118
119
120
122
123
124
125
126
127
130
131
132
133
135
136
138
139
140
141
142
144
146
147
148
149
150
151
152
153
155
157
158
161
163
164
165
166
167
168
169
170
171
173
175
176
177
180
184
185
187
188
190
191
193
195
196
197
198
199
202
203
204
205
206
209
211
212
213
214
215
216
217
218
219
220
221
224
225
226
231
232
233
237
238
240
241
242
246
250
251
252
254
258
259
260
261
262
264
267
269
270
271
272
274
275
276
278
280
283
284
285
286
288
293
294
295
296
297
299
300
301
302
303
305
308
309
310
311
315
319
320
322
325
326
327
328
330
332
333
335
338
340
342
343
345
347
348
349
350
351
355
356
357
358
364
365
366
367
376
377
379
383
386
387
388
391
392
393
394
395
396
397
398
399
400
401
402
404
406
407
408
409
411
412
413
415
418
419
425
427
428
429
430
431
432
433
434
436
438
439
442
445
446
451
454
455
456
457
458
460
461
462
464
465
470
471
473
474
475
476
479
480
481
484
485
487
488
490
491
492
493
494
495
502
503
504
506
508
509
510
511
512
514
516
517
519
520
521
522
528
533
534
535
538
539
540
541
542
544
546
547
549
550
551
553
559
560
562
563
566
568
572
574
575
576
578
579
580
581
582
583
584
585
587
588
593
594
596
598
599
600
601
602
604
606
607
608
611
612
613
616
617
618
619
620
623
626
628
631
634
635
637
639
640
642
643
645
646
647
649
650
651
652
653
654
655
656
657
658
659
660
661
662
664
665
667
668
673
674
675
676
677
678
681
683
684
686
687
689
690
691
692
693
694
695
696
697
700
701
702
703
705
706
708
710
713
715
716
717
718
719
722
724
725
728
729
733
734
735
738
740
741
750
751
753
755
756
760
762
763
765
766
767
768
769
771
772
774
775
776
777
778
779
781
783
784
785
787
789
790
791
794
795
796
797
798
799
802
804
806
809
811
813
814
816
817
818
819
820
821
822
824
825
826
827
828
830
831
832
833
834
835
837
838
840
841
842
843
844
845
846
849
850
851
852
853
854
855
856
857
858
859
862
863
865
866
867
868
869
870
871
874
879
882
884
885
887
888
890
893
894
898
905
906
907
908
909
910
911
913
915
916
917
923
925
926
927
928
929
930
931
934
935
936
938
939
941
942
945
948
949
951
952
954
955
957
959
960
961
962
963
965
966
967
969
970
971
975
976
977
978
980
984
986
987
988
989
990
991
992
995
996
997
998
1001
1002
1005
1006
1007
1008
1009
1010
1011
1012
1014
1015
1016
1020
1022
1023
1025
1026
1030
1032
1034
1036
1037
1039
1041
1044
1047
1048
1049
1051
1055
1056
1057
1058
1060
1062
1063
1064
1065
1066
1067
1070
1071
1074
1076
1077
1078
1079
1080
1082
1083
1084
1085
1087
1090
1091
1094
1095
1096
1099
1100
1102
1104
1105
1106
1107
84
12
9
69
87
42
59
48
24
70
62
41
73
53
29
81
38
3
18
14
54
40
45
31
15
22
11
28
8
57
78
86
75
56
37
25
44
67
6
5
35
84
52
55
4
63
50
51
0
77
32
19
85
30
74
16
49
21
80
2
7
72
83
61
71
1
17
46
20
13
36
60
58
66
82
47
27
10
43
76
23
79
64
68
65
