273
14
38
49
56
68
74
94
99
101
112
116
132
137
139
140
144
149
150
156
158
162
187
202
205
232
245
248
254
256
268
272
275
279
284
298
300
307
321
333
343
352
357
361
368
369
380
384
404
414
419
434
443
446
454
458
475
476
478
499
500
506
515
518
520
534
541
547
564
580
582
591
601
616
637
646
653
697
721
726
737
746
751
758
767
771
783
786
799
800
801
802
803
811
822
844
849
854
860
867
878
880
886
888
899
905
906
908
909
920
922
925
928
929
933
940
945
952
953
964
966
988
989
996
1020
1022
1024
1029
1031
1034
1037
1042
1048
1055
1062
1071
1075
1077
1091
1114
1121
1157
1163
1175
1176
1200
1233
1236
1239
1250
1268
1272
1283
1292
1311
1335
1336
1341
1353
1364
1367
1384
1429
1434
1445
1484
1485
1490
1496
1501
1509
1516
1518
1520
1521
1541
1572
1573
1574
1576
1587
1593
1611
1654
1675
1682
1692
1725
1730
1734
1746
1747
1757
1776
1780
1787
1806
1807
1810
1813
1820
1822
1824
1826
1827
1852
1859
1870
1873
1901
1912
1918
1919
1934
1946
1950
1952
1960
1963
1969
1984
1999
2038
2058
2060
2080
2083
2126
2134
2143
2148
2160
2168
2203
2204
2207
2218
2223
2234
2245
2250
2264
2266
2268
2270
2280
2286
2295
2305
2314
2319
2321
2324
2333
2344
2389
2401
2404
2411
2447
2455
2456
2465
2476
2480
2483
2523
2539
2548
2551
2580
2581
2586
2589
161
19
84
129
144
21
160
157
110
154
28
42
4
8
156
15
114
134
3
82
119
121
45
158
34
100
86
37
67
73
64
141
122
101
124
59
6
55
11
23
150
65
36
120
2
155
62
66
76
105
143
78
71
147
138
81
14
61
92
117
104
60
68
107
127
102
109
20
93
22
7
152
103
33
116
87
12
32
16
74
123
48
46
90
139
0
26
50
115
53
142
140
57
72
44
40
18
135
5
30
106
29
79
153
51
83
54
89
136
98
70
85
43
25
38
137
31
113
99
96
9
35
91
41
133
75
39
97
125
131
88
17
130
27
151
13
148
49
80
10
69
112
159
132
95
145
149
58
118
126
94
146
47
56
108
52
111
63
1
77
128
24
