133
40
60
70
98
99
100
104
111
124
137
206
220
221
268
271
275
301
311
336
337
343
358
373
387
419
422
442
476
484
495
552
581
586
610
630
649
652
658
668
682
714
727
761
846
883
884
889
893
899
909
923
935
961
976
1000
1042
1054
1071
1078
1128
1134
1138
1154
1160
1168
1174
1204
1232
1242
1249
1258
1282
1283
1301
1307
1378
1385
1448
1451
1457
1514
1528
1569
1607
1688
1701
1708
1711
1714
1735
1754
1755
1756
1765
1773
1823
1871
1874
1875
1924
1926
1946
1961
1979
2005
2011
2014
2027
2036
2061
2094
2098
2101
2127
2136
2140
2142
2145
2164
2212
2227
2241
2250
2256
2275
2324
2332
2362
2372
2377
2413
2414
2417
163
69
20
41
78
1
119
42
15
12
104
50
39
155
23
76
142
122
117
121
14
105
139
102
129
84
63
38
66
54
11
128
32
100
30
65
75
124
160
138
29
47
0
60
18
133
154
77
134
82
120
61
109
44
89
98
148
96
114
106
94
143
92
27
86
88
64
68
72
110
90
146
93
6
80
141
132
4
157
115
81
73
126
40
161
159
79
19
137
83
116
25
113
34
108
127
103
7
62
99
16
118
21
37
28
140
156
53
10
97
52
158
125
26
51
71
123
67
35
17
95
45
87
33
153
22
111
70
59
48
149
131
112
56
58
101
85
8
130
136
55
31
43
2
147
5
13
46
74
24
144
162
49
145
151
36
91
3
135
150
57
152
107
9
