686
3
4
5
6
7
9
11
14
16
18
19
20
21
22
23
26
28
29
31
33
35
36
37
40
41
42
45
46
48
52
53
54
55
56
57
58
59
60
61
62
66
67
68
70
74
77
78
80
81
82
83
84
85
86
88
90
92
93
94
97
99
101
102
105
107
108
109
110
112
113
114
115
116
118
120
122
123
124
126
128
129
130
131
137
139
140
141
142
143
147
149
150
152
154
157
158
159
164
167
169
170
173
174
175
176
180
181
182
184
185
187
188
189
190
191
193
194
195
197
200
201
202
203
204
209
211
213
216
218
220
223
224
226
228
230
235
240
243
245
246
247
248
249
250
251
255
258
262
263
266
267
268
269
271
272
275
276
278
279
280
281
282
283
284
285
288
289
292
293
294
295
296
297
299
300
301
302
303
304
305
306
309
310
311
313
314
315
316
317
318
319
321
323
324
326
327
329
331
332
334
336
338
341
344
345
346
351
352
353
354
356
357
359
360
361
362
363
365
366
367
368
369
370
371
372
374
375
376
378
379
380
381
382
383
384
385
386
388
392
396
397
398
399
401
402
405
406
407
408
409
410
411
413
416
418
419
420
421
424
425
426
427
428
429
431
435
436
437
438
441
443
445
447
448
449
451
452
454
455
456
457
460
461
463
467
468
469
470
471
475
476
477
479
480
481
482
483
489
490
492
494
496
498
499
500
502
504
506
510
511
512
513
514
516
518
519
526
527
529
530
531
532
533
534
535
537
539
542
543
545
547
548
550
551
552
553
557
558
559
560
561
562
563
566
567
569
570
572
573
574
575
576
577
578
580
582
583
585
589
591
592
593
594
595
596
597
598
599
600
601
602
603
605
607
608
609
612
613
614
615
616
617
621
622
626
627
628
630
631
632
633
635
637
638
641
646
648
649
652
653
657
659
660
661
662
664
665
667
669
670
671
672
673
675
680
681
682
683
684
685
687
688
690
691
692
693
694
697
698
699
701
702
703
705
706
707
709
710
712
713
714
715
716
717
719
721
723
724
725
726
727
729
730
731
733
734
735
736
737
740
742
743
745
746
747
748
750
752
755
757
758
759
761
762
763
766
767
770
773
774
776
779
780
781
782
783
785
786
788
792
793
794
795
796
798
799
800
806
807
810
815
816
818
821
822
824
825
826
831
832
833
835
837
838
840
841
842
844
847
849
851
853
854
855
856
857
858
860
861
862
863
864
866
867
871
872
874
875
878
879
880
881
882
884
886
888
889
890
891
893
895
897
898
899
900
901
903
904
905
907
908
911
912
913
914
918
919
921
924
926
927
928
930
931
932
933
934
935
936
938
939
940
941
942
943
945
947
948
951
952
955
960
961
962
966
968
969
970
972
973
975
976
978
980
982
983
984
987
988
989
992
993
994
997
998
1001
1002
1005
1006
1007
1008
1010
1011
1012
1014
1016
1017
1018
1019
1020
1021
1024
1027
1029
1031
1032
1033
1034
1035
1039
1040
1042
1044
1046
1047
1048
1050
1051
1052
1053
1055
1056
1057
1058
1059
1061
1062
1063
1064
1065
1066
1068
1069
1071
1073
1077
1078
1080
1081
1082
1084
1086
1088
1090
1091
1092
1093
1095
1098
1099
1100
1101
1102
1103
1104
1106
83
53
72
41
24
42
38
62
50
36
46
22
8
58
12
29
71
60
68
1
56
13
37
73
55
27
19
86
4
51
30
45
35
61
43
14
84
28
82
83
54
48
11
17
69
21
5
70
44
59
81
87
7
23
32
40
18
47
20
65
6
15
0
31
80
64
75
57
77
49
66
2
25
39
3
16
85
78
67
63
9
10
52
76
