114
189
203
209
272
278
286
287
315
326
333
340
356
366
372
397
445
460
464
480
504
507
537
586
591
655
661
710
716
726
735
749
766
826
832
835
840
842
879
906
920
940
944
948
957
969
978
986
992
995
1027
1028
1032
1066
1071
1091
1105
1121
1237
1249
1370
1374
1375
1385
1429
1461
1488
1534
1597
1631
1652
1659
1662
1667
1684
1692
1731
1738
1755
1780
1808
1810
1823
1843
1859
1867
1883
1916
1946
1950
1982
2043
2045
2049
2060
2069
2083
2089
2107
2150
2158
2160
2161
2162
2182
2193
2217
2242
2243
2318
2393
2416
2422
2437
2439
150
42
29
150
110
68
138
48
14
43
12
87
88
102
144
57
39
38
34
19
37
154
161
135
156
77
90
142
69
97
157
136
128
73
25
99
6
9
23
83
140
78
30
81
20
84
31
50
10
47
145
5
72
33
149
146
143
151
119
109
61
91
60
80
8
103
63
123
101
35
130
122
40
79
82
124
27
93
86
121
104
160
115
162
21
7
139
147
107
59
0
17
125
3
28
71
141
133
113
100
98
153
118
148
155
11
65
67
106
120
41
32
53
36
114
1
55
74
51
111
62
76
105
70
134
24
66
58
94
127
112
92
26
16
117
96
52
13
108
22
131
54
152
95
2
56
158
49
18
44
45
