150
11
46
80
82
98
126
127
149
166
170
174
196
200
206
225
232
251
278
312
318
324
340
357
358
379
389
390
394
436
441
450
492
513
524
615
620
653
654
664
714
719
753
817
820
842
845
856
876
920
924
931
939
944
958
1029
1040
1052
1068
1089
1097
1116
1127
1134
1167
1172
1178
1198
1199
1200
1210
1220
1222
1246
1248
1254
1284
1287
1336
1340
1346
1353
1358
1366
1372
1375
1392
1429
1430
1466
1472
1497
1524
1528
1564
1580
1629
1648
1654
1664
1682
1690
1710
1713
1714
1715
1774
1812
1813
1839
1847
1856
1862
1865
1875
1876
1881
1910
1912
1913
1919
1921
1924
1934
1938
1989
2016
2019
2024
2028
2035
2038
2070
2085
2095
2107
2146
2196
2204
2213
2229
2246
2353
2354
2382
2389
2397
2406
2410
2423
2440
163
24
131
66
36
7
15
47
70
130
141
8
61
162
150
108
58
91
88
0
148
71
74
157
35
62
65
119
127
28
25
75
52
115
93
18
102
22
10
147
155
54
158
30
63
33
17
45
60
159
139
126
21
80
110
149
109
143
23
67
1
132
59
57
12
133
138
129
101
137
49
56
44
104
69
20
9
34
86
96
111
16
39
82
97
42
73
94
32
90
37
40
31
77
146
145
100
152
144
26
83
11
121
107
128
76
46
2
29
72
92
118
27
120
113
153
68
123
19
99
48
50
116
87
142
5
4
43
134
13
106
136
151
78
64
161
84
89
51
124
55
156
53
38
95
98
41
81
105
114
125
14
85
112
117
122
135
103
79
6
3
154
140
160
