664
6
12
13
14
16
17
18
20
22
24
26
35
37
39
45
46
53
60
61
62
63
69
71
74
76
79
82
84
89
90
91
92
93
96
102
104
109
111
112
113
117
120
122
125
131
132
135
136
138
139
140
141
144
145
148
150
155
160
163
170
174
176
177
184
188
189
191
198
201
212
215
216
221
223
230
231
238
239
241
244
245
246
254
256
263
264
271
274
275
277
281
282
287
290
295
296
297
298
300
304
305
306
310
311
312
314
316
317
319
321
328
330
331
332
335
338
340
345
346
347
351
352
354
361
362
363
364
367
370
372
375
376
382
383
386
387
388
390
392
395
397
398
399
400
403
408
410
414
415
419
420
431
433
436
438
440
441
443
444
446
447
448
454
455
460
464
466
468
470
473
474
475
486
489
492
499
500
503
504
505
507
509
514
515
520
521
523
524
525
528
531
533
539
540
541
545
546
549
550
551
554
555
567
574
576
578
579
580
599
600
601
603
604
605
607
618
619
620
621
622
623
626
627
629
635
637
638
639
644
645
647
648
654
655
659
660
662
666
668
669
670
671
672
674
676
677
678
681
684
686
688
695
697
704
707
711
715
718
719
720
727
728
729
730
737
740
742
743
744
745
746
749
752
754
755
756
758
760
764
768
771
774
778
784
785
787
789
790
796
813
814
817
818
823
824
825
828
831
835
837
838
841
849
850
851
853
855
856
857
861
863
864
866
872
879
886
887
888
890
891
892
896
897
907
911
915
916
918
919
928
929
931
932
933
935
937
938
940
941
944
946
955
956
957
959
960
966
969
972
974
975
977
981
985
988
989
992
1000
1001
1002
1004
1006
1010
1012
1013
1016
1018
1021
1022
1023
1025
1033
1035
1037
1039
1049
1050
1053
1054
1055
1058
1064
1067
1069
1071
1075
1086
1093
1097
1099
1101
1106
1109
1111
1113
1116
1118
1119
1120
1122
1124
1128
1130
1131
1141
1143
1145
1148
1151
1164
1168
1171
1175
1176
1179
1181
1184
1186
1192
1195
1196
1197
1199
1207
1209
1211
1215
1216
1219
1223
1224
1226
1229
1232
1235
1236
1241
1243
1244
1247
1248
1249
1253
1255
1256
1258
1264
1267
1270
1272
1276
1278
1279
1281
1282
1285
1286
1291
1292
1294
1299
1300
1303
1304
1305
1306
1308
1309
1314
1317
1320
1324
1326
1329
1331
1332
1334
1335
1336
1337
1344
1346
1352
1353
1354
1355
1360
1361
1363
1365
1367
1369
1370
1371
1372
1374
1375
1376
1378
1379
1381
1383
1384
1385
1387
1394
1399
1400
1403
1405
1407
1408
1411
1419
1420
1422
1423
1425
1427
1429
1430
1435
1436
1441
1442
1458
1466
1468
1470
1471
1472
1474
1477
1481
1483
1485
1492
1494
1495
1507
1511
1513
1515
1516
1517
1518
1520
1521
1525
1529
1532
1534
1538
1542
1543
1547
1549
1551
1552
1559
1561
1562
1563
1565
1566
1567
1569
1572
1574
1577
1578
1580
1583
1584
1587
1588
1590
1591
1593
1595
1596
1598
1601
1606
1609
1610
1614
1615
1618
1622
1625
1628
1630
1635
1641
1642
1654
1655
1656
1663
1666
1677
1679
1681
1682
1685
1688
1689
1695
1700
1702
1704
1707
1709
1712
1714
1715
1716
1718
1719
1720
1722
1723
1727
1729
1730
1733
1739
1743
1744
1745
1757
1760
1764
1765
1769
1773
1780
1785
1786
1787
1789
1791
1796
1798
1799
1801
1802
1805
1806
1808
1810
1815
1817
1820
1822
1826
1828
1830
1831
1832
1834
1836
1839
158
100
130
32
143
59
78
126
83
160
3
88
131
142
161
101
39
134
120
82
92
149
85
44
65
63
98
137
28
21
111
38
11
151
145
1
103
147
79
162
132
110
81
58
116
115
154
135
91
155
8
12
55
123
71
109
133
35
99
87
90
121
124
105
61
119
69
54
144
117
140
158
70
125
51
163
106
138
30
164
6
16
64
27
93
46
74
33
148
53
9
141
112
150
113
24
80
56
40
50
45
96
152
146
29
94
127
128
89
19
57
75
129
118
22
48
95
26
18
36
97
67
4
43
41
52
7
2
5
156
25
13
37
157
31
159
108
86
77
17
107
104
34
10
122
23
84
102
153
76
73
72
60
66
114
42
20
49
0
