655
12
15
16
18
21
30
31
33
34
38
40
42
43
44
49
53
54
57
58
65
69
70
73
82
83
84
86
90
91
94
95
99
106
109
111
118
121
122
124
125
127
129
133
134
136
140
149
153
157
164
167
176
177
178
179
182
183
189
192
193
194
199
203
209
210
211
212
219
224
227
229
231
233
236
238
241
244
245
249
250
251
253
254
260
263
264
265
267
268
270
273
276
281
286
287
289
292
294
298
301
302
303
305
310
315
320
321
326
330
336
341
342
343
345
348
351
352
354
355
359
360
364
369
371
372
376
381
386
387
388
389
391
393
394
395
397
400
402
403
406
414
415
422
423
427
429
433
439
440
445
450
451
453
456
457
460
463
465
466
470
475
479
480
481
483
485
486
488
489
490
493
499
501
503
511
534
535
536
542
543
544
545
546
549
554
561
566
567
568
571
574
577
578
580
582
587
590
591
593
598
600
601
602
605
606
607
608
610
611
618
619
620
628
635
636
637
650
651
655
656
659
667
668
671
675
678
683
684
686
690
691
692
693
696
699
700
703
704
705
708
709
711
717
718
719
720
726
732
733
734
735
736
741
743
744
746
749
754
757
759
765
770
771
772
774
775
780
781
785
787
789
790
794
798
799
800
803
808
809
810
815
816
818
820
822
823
827
828
831
832
838
839
841
842
847
851
853
856
857
861
864
867
869
870
873
874
876
877
878
885
889
891
896
902
903
904
911
914
916
917
918
920
922
924
927
928
942
945
948
949
950
953
961
963
969
974
975
976
978
980
981
986
987
988
989
992
998
999
1000
1002
1003
1005
1011
1012
1014
1015
1020
1022
1023
1026
1028
1034
1036
1038
1039
1041
1042
1048
1053
1055
1061
1062
1065
1069
1075
1078
1080
1082
1084
1087
1088
1093
1096
1097
1098
1101
1102
1105
1106
1109
1114
1115
1116
1117
1119
1122
1126
1130
1131
1134
1135
1136
1144
1153
1156
1157
1163
1164
1165
1167
1172
1173
1175
1183
1186
1188
1189
1191
1194
1196
1197
1198
1199
1205
1210
1211
1212
1216
1217
1218
1219
1220
1223
1227
1231
1233
1244
1250
1253
1254
1259
1260
1264
1267
1270
1273
1274
1280
1281
1283
1285
1289
1291
1294
1296
1299
1300
1301
1303
1305
1306
1307
1311
1314
1315
1316
1322
1325
1326
1327
1329
1331
1335
1337
1339
1340
1344
1347
1348
1350
1352
1364
1366
1368
1369
1370
1371
1375
1382
1383
1385
1387
1388
1391
1392
1393
1395
1397
1404
1406
1409
1411
1412
1416
1420
1421
1426
1427
1433
1434
1435
1437
1440
1441
1443
1445
1450
1453
1454
1457
1458
1463
1465
1467
1471
1474
1476
1477
1481
1488
1491
1493
1494
1495
1500
1511
1514
1519
1520
1523
1528
1529
1532
1536
1538
1540
1541
1544
1545
1546
1551
1552
1560
1568
1571
1572
1574
1576
1578
1581
1592
1594
1596
1603
1605
1607
1608
1616
1619
1620
1625
1627
1633
1634
1637
1638
1639
1641
1644
1645
1647
1653
1655
1659
1661
1667
1672
1675
1680
1681
1684
1687
1690
1692
1694
1695
1698
1699
1700
1704
1705
1708
1710
1712
1713
1714
1716
1720
1721
1722
1725
1726
1729
1731
1732
1734
1735
1737
1740
1743
1753
1754
1755
1756
1757
1761
1766
1770
1775
1781
1782
1784
1785
1791
1792
1794
1798
1800
1802
1803
1804
1805
1806
1808
1810
1813
1814
1817
1820
1825
1828
1833
1834
1836
1839
156
61
45
143
7
88
89
17
133
90
65
158
49
102
147
156
10
141
121
164
66
113
0
21
152
115
131
69
24
94
126
135
28
47
20
74
79
162
70
163
12
92
2
25
161
150
95
60
19
81
55
5
71
82
114
54
34
48
51
105
15
128
57
146
139
31
16
32
68
8
87
53
142
151
110
101
159
116
107
125
64
13
27
1
22
72
130
4
39
73
136
123
3
122
43
23
18
29
42
138
84
119
104
75
58
109
98
11
99
35
36
41
78
26
37
96
140
52
160
14
38
124
148
117
77
44
93
80
153
83
134
144
91
63
157
67
108
132
62
59
112
76
30
50
155
85
6
154
40
129
56
9
145
103
46
97
149
