126
72
169
179
197
199
205
206
217
260
320
347
351
386
396
397
402
403
425
427
438
447
450
457
460
523
530
543
557
567
592
611
640
655
680
688
689
714
729
756
810
832
843
849
879
882
960
965
989
1005
1058
1094
1108
1202
1203
1251
1252
1254
1264
1299
1312
1315
1332
1357
1409
1438
1439
1447
1453
1462
1521
1544
1568
1586
1594
1716
1731
1742
1749
1772
1775
1792
1799
1806
1808
1818
1850
1865
1879
1881
1891
1914
1921
1962
1971
1974
1983
1993
2004
2005
2022
2032
2068
2093
2105
2118
2156
2171
2172
2185
2190
2205
2209
2238
2280
2295
2297
2304
2345
2348
2350
2379
2385
2389
2394
2405
2429
155
112
128
162
66
74
20
18
31
78
15
33
7
131
135
75
111
37
102
107
152
120
8
72
123
89
41
12
134
6
119
133
95
4
139
137
146
153
63
126
2
138
159
22
122
83
103
19
151
65
35
59
121
29
1
44
158
23
28
101
52
147
32
130
85
51
96
86
84
54
79
149
0
88
150
143
77
34
21
145
155
64
94
17
132
118
140
80
106
67
100
5
68
154
71
91
92
156
11
125
82
30
73
69
26
70
61
39
104
38
62
47
144
142
127
105
50
136
27
53
97
36
13
110
160
16
76
43
108
113
87
114
115
40
161
148
14
57
117
48
129
116
90
42
49
141
124
98
10
45
55
3
56
46
58
109
