149
16
25
28
35
39
44
56
58
66
74
81
84
90
93
97
99
103
105
122
124
126
130
131
149
155
158
168
171
198
204
220
236
237
240
246
262
264
277
294
295
297
307
326
339
353
362
363
374
375
416
427
431
436
445
451
453
461
463
465
470
473
481
486
501
512
516
518
521
525
526
537
544
555
560
567
577
579
588
591
606
612
621
623
624
625
634
637
664
665
669
676
677
678
683
697
698
711
719
724
727
728
744
748
760
764
765
771
775
780
789
815
819
822
841
845
848
851
853
866
869
870
880
894
898
918
950
958
968
973
979
984
985
990
1002
1016
1024
1025
1033
1044
1071
1082
1083
1090
1091
1094
1095
1096
1100
1101
74
25
31
52
65
8
78
83
41
35
85
79
19
5
29
55
43
61
69
76
13
86
49
12
60
68
63
22
53
62
64
23
82
32
24
1
11
81
84
0
20
46
45
30
75
36
4
7
71
72
70
67
58
33
27
2
9
47
57
38
34
80
17
51
6
87
48
26
28
42
50
56
14
18
54
