190
7
8
27
41
47
74
76
97
119
137
161
167
179
211
221
253
260
282
293
317
318
333
338
339
344
348
389
412
418
423
425
431
439
444
460
492
523
525
544
551
556
562
572
594
602
640
646
654
672
678
727
729
740
744
750
759
776
808
825
834
850
883
894
918
922
924
935
945
947
949
962
981
1006
1027
1036
1047
1051
1054
1067
1068
1102
1110
1114
1122
1131
1133
1139
1141
1154
1170
1187
1206
1219
1229
1269
1280
1289
1323
1324
1369
1384
1389
1406
1407
1424
1429
1431
1449
1461
1467
1495
1503
1530
1534
1559
1571
1601
1630
1666
1669
1689
1695
1719
1746
1760
1765
1771
1788
1800
1802
1804
1823
1826
1833
1843
1845
1852
1919
1942
1953
1957
1971
1991
2028
2040
2083
2095
2100
2102
2106
2110
2145
2168
2171
2184
2218
2219
2232
2245
2248
2258
2264
2269
2279
2284
2307
2324
2335
2356
2362
2377
2383
2391
2392
2399
2415
2416
2417
2419
2425
2430
2442
2510
2533
2562
2563
2564
2573
2583
2593
161
20
23
85
90
42
35
153
118
117
127
68
46
14
50
140
159
155
139
96
15
109
59
54
37
115
26
142
73
31
91
122
141
103
146
147
79
49
16
66
80
33
77
84
41
40
150
36
121
104
2
65
133
95
154
110
93
11
134
107
99
92
25
70
55
63
144
5
74
137
145
97
88
39
52
71
114
61
116
143
3
148
112
13
1
130
27
76
38
100
48
94
45
128
64
29
131
138
10
57
123
7
129
4
113
12
102
124
30
32
158
67
151
58
69
62
125
89
105
152
34
44
82
132
18
119
86
51
111
81
75
106
72
78
160
149
126
22
157
17
98
101
43
9
8
136
108
60
28
19
120
24
21
47
87
6
53
83
156
0
135
56
