67
139
178
194
211
212
234
236
237
241
278
294
310
356
364
378
471
495
511
528
549
584
587
641
697
734
749
753
756
774
792
809
824
935
952
964
1037
1114
1143
1151
1157
1163
1167
1191
1193
1211
1232
1262
1295
1324
1346
1347
1364
1369
1390
1396
1464
1505
1518
1523
1532
1648
1676
1687
1729
1806
1815
1816
120
80
73
163
3
72
31
117
115
24
84
87
140
14
107
77
46
8
159
68
37
21
19
50
135
15
32
98
79
123
7
120
78
23
149
111
67
81
54
89
29
158
76
155
59
104
121
48
30
141
99
151
157
35
142
74
28
41
85
96
34
146
70
2
52
110
63
64
71
137
33
153
22
5
122
148
60
108
26
126
134
95
164
128
97
147
61
106
114
116
125
129
62
83
9
44
51
49
0
55
11
145
25
16
56
138
118
94
143
150
66
65
53
136
36
43
102
10
130
90
82
