128
1
23
33
56
61
71
76
154
160
168
198
238
258
269
273
274
276
278
303
311
368
371
381
390
412
458
459
505
523
586
617
649
660
705
709
752
761
762
765
766
834
870
887
913
920
923
930
944
961
969
978
997
1005
1007
1009
1010
1060
1079
1104
1140
1142
1150
1171
1183
1188
1189
1265
1284
1291
1315
1331
1334
1345
1348
1435
1438
1453
1465
1466
1484
1487
1489
1506
1555
1561
1589
1622
1656
1667
1715
1723
1727
1770
1771
1777
1780
1789
1798
1806
1847
1852
1873
1887
1917
1918
1952
1983
2013
2021
2045
2055
2118
2122
2154
2156
2169
2184
2194
2201
2229
2242
2261
2272
2341
2360
2409
2429
2434
163
55
159
81
133
152
131
99
22
110
157
48
78
54
162
112
51
69
138
160
106
120
146
136
10
142
113
97
143
65
66
145
102
115
105
44
56
49
47
71
73
32
30
90
154
62
63
59
100
117
68
4
137
122
141
111
26
15
53
36
77
20
17
19
139
75
88
57
149
104
94
3
80
42
84
41
16
0
61
38
151
109
150
45
101
18
92
7
85
98
39
126
123
147
153
128
13
6
93
96
74
130
1
28
67
40
64
119
11
118
8
156
135
5
144
46
43
89
29
83
114
34
76
86
87
25
107
129
24
148
72
132
79
58
27
124
21
31
140
52
103
60
155
127
70
2
91
158
50
23
95
9
125
121
116
37
108
134
35
82
161
14
12
33
