70
56
94
187
190
249
258
266
297
317
371
407
414
510
526
528
571
583
599
601
677
690
705
744
813
816
824
825
830
844
857
871
901
941
949
968
970
979
983
1001
1012
1014
1026
1095
1100
1164
1243
1252
1260
1264
1273
1299
1301
1376
1403
1488
1531
1590
1608
1625
1630
1673
1693
1698
1703
1725
1756
1769
1793
1818
1832
124
107
58
47
156
121
8
72
89
109
111
148
39
150
45
158
74
38
94
21
131
138
147
71
30
164
112
75
91
128
41
69
16
103
18
68
86
119
46
78
23
149
15
129
126
60
10
117
101
87
115
132
56
13
44
26
96
25
76
133
102
83
155
73
3
159
99
32
116
139
140
153
79
14
137
20
146
160
62
135
100
120
161
70
122
33
64
97
17
82
154
95
90
114
49
92
80
143
144
36
2
53
51
9
29
12
48
106
6
124
22
123
84
81
145
43
63
142
24
118
0
134
136
4
57
