111
60
79
118
123
137
149
193
213
233
281
291
292
313
353
386
397
434
489
543
589
607
610
616
626
630
659
685
710
719
737
746
752
759
763
786
792
802
846
851
868
869
893
910
927
946
962
992
1015
1044
1051
1060
1080
1090
1114
1116
1117
1132
1176
1189
1238
1264
1267
1279
1299
1317
1323
1332
1419
1447
1453
1482
1489
1497
1513
1530
1538
1599
1606
1624
1661
1668
1670
1750
1765
1882
1893
1925
1948
1954
1971
2063
2066
2067
2084
2091
2095
2097
2112
2147
2189
2204
2268
2298
2300
2321
2347
2382
2392
2426
2433
2442
162
55
119
139
28
46
95
109
35
27
58
60
90
33
38
159
75
50
137
103
70
161
71
5
9
49
14
80
99
59
105
121
120
122
108
2
150
68
78
25
65
113
111
147
77
91
154
6
144
24
67
34
138
48
8
81
85
100
62
92
20
151
17
47
97
112
16
45
162
89
124
96
133
13
41
132
69
110
156
129
40
73
158
130
93
118
134
87
66
157
116
107
30
63
149
101
0
64
15
82
21
131
22
32
1
135
72
44
36
126
61
98
88
43
86
148
114
160
127
84
142
153
146
79
31
117
7
37
128
39
4
51
94
141
155
19
136
10
123
104
102
152
26
106
54
11
12
57
23
143
74
115
125
145
83
53
3
29
42
56
76
140
18
