694
13
15
16
17
18
20
21
23
25
26
27
28
33
34
35
37
39
40
43
46
47
49
52
56
58
59
62
66
68
79
80
83
84
91
93
96
97
98
100
104
107
108
111
115
117
119
121
123
124
127
130
131
133
138
139
141
142
144
146
149
153
154
156
157
159
161
164
169
173
178
179
180
183
187
188
190
195
199
206
207
208
210
211
215
216
219
223
227
228
229
230
231
240
241
244
246
248
251
252
253
254
255
257
258
261
271
273
276
277
282
283
287
292
293
294
298
301
308
313
316
319
320
321
322
326
328
333
334
339
341
344
348
349
351
352
353
356
360
362
363
369
371
372
375
376
384
386
387
389
395
396
398
400
404
405
407
411
412
414
415
417
418
427
430
434
437
438
439
440
443
444
447
451
453
454
456
458
459
463
465
466
472
473
474
475
476
477
479
481
485
486
488
489
490
491
495
497
501
504
509
512
514
515
518
522
523
532
533
534
542
546
547
548
550
551
555
561
562
571
573
574
576
584
585
586
588
591
592
595
596
600
601
603
604
608
611
616
622
629
635
638
639
640
644
653
661
663
669
672
673
675
677
680
681
684
685
686
688
690
692
694
695
697
698
707
708
709
710
713
716
717
718
721
722
725
729
735
739
740
742
746
747
748
749
754
755
767
769
771
772
774
781
782
783
787
796
801
804
805
810
812
821
823
824
826
827
828
832
841
842
845
849
850
857
859
860
862
864
865
867
873
875
877
878
880
883
886
888
893
897
899
900
902
903
905
908
909
910
912
915
920
921
923
925
931
934
937
938
943
948
950
961
962
963
965
968
969
971
972
973
976
977
979
980
981
983
984
985
987
989
994
995
996
997
1001
1002
1003
1004
1005
1009
1010
1011
1020
1023
1025
1027
1028
1029
1031
1032
1037
1042
1043
1044
1047
1048
1049
1052
1055
1056
1058
1059
1068
1072
1076
1082
1086
1087
1091
1094
1096
1097
1098
1101
1103
1105
1108
1112
1113
1117
1118
1121
1122
1128
1129
1131
1132
1133
1136
1139
1140
1143
1146
1148
1154
1161
1162
1163
1164
1169
1176
1178
1179
1187
1188
1193
1194
1198
1203
1204
1205
1206
1208
1210
1211
1214
1218
1220
1222
1224
1225
1242
1254
1256
1258
1261
1265
1266
1271
1272
1273
1277
1283
1284
1286
1288
1289
1298
1304
1305
1308
1309
1313
1315
1320
1321
1322
1325
1326
1329
1330
1334
1336
1337
1338
1340
1345
1346
1348
1349
1353
1354
1357
1358
1360
1363
1365
1372
1376
1380
1381
1384
1386
1391
1396
1397
1398
1400
1402
1403
1404
1405
1409
1411
1412
1414
1416
1423
1428
1429
1430
1432
1434
1436
1437
1444
1445
1447
1448
1449
1450
1456
1458
1463
1471
1473
1476
1479
1483
1485
1487
1493
1494
1495
1498
1500
1503
1504
1511
1512
1513
1514
1517
1519
1530
1532
1533
1537
1539
1542
1543
1546
1547
1549
1553
1559
1560
1561
1562
1563
1565
1566
1567
1568
1573
1574
1575
1579
1580
1587
1591
1592
1593
1595
1596
1597
1599
1600
1602
1606
1607
1610
1611
1612
1615
1620
1623
1626
1631
1633
1635
1636
1640
1641
1643
1644
1648
1650
1651
1652
1654
1656
1658
1661
1662
1664
1666
1667
1668
1675
1676
1680
1681
1687
1688
1689
1690
1692
1694
1700
1703
1706
1708
1711
1714
1716
1717
1719
1720
1723
1724
1725
1729
1730
1731
1732
1733
1735
1738
1739
1743
1750
1752
1753
1754
1758
1760
1761
1762
1763
1764
1769
1772
1779
1783
1784
1785
1788
1791
1796
1797
1798
1802
1803
1807
1809
1810
1813
1814
1825
1830
1831
1834
1836
157
78
96
102
125
41
120
149
51
11
93
14
137
24
70
131
20
22
133
60
34
63
57
154
80
64
54
79
21
43
99
85
32
67
144
101
90
83
23
114
52
84
19
146
82
10
58
8
47
35
106
161
3
9
18
95
109
164
6
16
89
162
91
128
117
46
13
61
36
157
65
37
15
132
50
28
87
121
62
40
126
123
1
44
163
98
27
76
107
143
100
136
42
74
26
145
31
142
116
115
73
38
48
129
130
69
55
159
5
17
134
108
59
2
56
124
138
139
12
151
49
156
113
105
122
33
153
45
92
118
94
68
77
25
72
39
0
119
135
29
81
110
148
141
7
30
66
158
75
53
155
127
112
104
111
147
86
150
