149
8
40
42
47
53
55
58
60
61
62
68
78
79
81
96
100
112
113
121
125
134
151
159
161
163
173
184
185
188
195
197
209
221
233
239
242
267
278
281
301
309
312
320
323
329
332
336
337
341
343
359
363
366
384
390
392
399
400
404
408
412
427
428
435
441
443
447
450
467
468
469
474
475
495
503
505
515
516
517
522
524
545
568
573
575
584
596
616
622
625
632
642
645
666
678
679
697
701
702
709
712
715
716
718
722
740
747
758
764
769
794
798
801
824
828
829
843
855
859
876
895
902
931
945
948
961
972
975
976
988
997
998
1007
1019
1021
1025
1037
1041
1047
1056
1062
1066
1069
1070
1074
1079
1080
1085
1104
75
4
10
57
71
2
13
11
31
55
83
37
64
29
52
84
47
60
43
25
17
5
36
20
76
45
53
74
9
0
78
50
72
38
82
65
41
56
79
70
46
23
51
49
63
40
67
68
58
21
15
19
33
62
69
8
16
26
59
54
22
87
14
1
85
34
7
42
61
86
44
75
6
18
80
24
