125
55
90
102
156
162
194
208
223
241
277
322
327
335
363
392
425
437
438
457
458
460
463
464
474
534
549
551
589
608
617
641
654
663
685
689
715
720
740
774
816
840
867
869
870
877
897
911
916
984
996
1007
1055
1065
1071
1080
1099
1100
1106
1115
1167
1170
1196
1225
1241
1249
1272
1275
1289
1296
1309
1320
1349
1351
1406
1428
1473
1502
1509
1564
1569
1601
1603
1613
1615
1619
1641
1682
1706
1772
1802
1827
1835
1865
1915
1938
1980
1985
1991
2015
2020
2040
2050
2054
2067
2075
2101
2118
2122
2123
2129
2173
2177
2184
2207
2217
2276
2289
2314
2316
2345
2349
2357
2390
2400
2412
154
34
149
112
74
123
131
18
52
53
87
54
119
60
73
28
25
132
130
82
129
64
16
32
8
19
137
84
122
159
26
22
59
96
110
144
30
99
89
155
9
142
136
156
14
63
55
118
70
161
23
105
58
4
35
101
104
103
1
40
46
114
66
62
98
81
141
6
154
140
2
138
72
67
69
148
76
133
134
13
33
17
3
121
135
97
106
102
107
91
27
120
127
157
90
143
47
43
88
150
147
37
126
61
92
95
24
79
71
51
50
42
113
80
83
31
86
124
115
146
93
10
116
139
49
109
57
29
100
0
21
85
78
111
38
108
152
68
45
44
158
41
162
75
48
117
39
160
94
153
12
145
11
125
20
