76
132
142
169
170
182
202
235
269
276
312
331
333
339
340
350
380
434
453
522
527
530
543
556
574
580
605
631
650
662
689
705
726
786
787
810
820
825
832
833
844
856
885
901
906
951
1026
1033
1070
1104
1110
1147
1159
1178
1191
1258
1264
1341
1347
1351
1368
1379
1461
1470
1513
1562
1581
1604
1693
1705
1723
1726
1758
1783
1785
1791
1824
124
39
126
15
152
43
124
155
33
148
80
164
54
37
82
146
112
60
98
128
109
30
145
20
4
136
91
27
101
32
28
108
115
31
111
156
65
118
92
50
127
52
103
75
162
142
51
160
69
159
144
46
79
23
78
150
10
134
76
141
143
2
120
29
56
81
163
5
132
84
36
149
106
55
99
40
14
6
26
104
71
100
107
88
1
158
70
117
61
96
16
154
139
74
8
12
13
9
89
45
121
153
113
122
0
94
114
116
129
48
125
64
41
19
7
67
24
53
44
49
131
21
35
66
135
