258
14
45
48
67
68
69
70
74
79
95
99
107
110
119
125
129
143
158
160
170
183
196
204
205
244
245
247
253
288
290
292
306
309
330
348
352
355
358
363
367
369
376
382
393
403
475
483
484
501
559
570
599
610
612
615
619
623
630
655
693
698
707
708
711
735
742
755
756
770
779
791
792
800
820
850
854
859
888
893
911
913
933
936
940
944
949
959
982
989
998
1000
1021
1039
1052
1062
1065
1070
1075
1097
1098
1103
1129
1140
1149
1158
1186
1193
1204
1213
1223
1231
1254
1304
1311
1314
1320
1327
1331
1343
1375
1376
1386
1407
1420
1427
1451
1453
1455
1460
1462
1485
1487
1488
1498
1520
1550
1567
1573
1574
1580
1593
1617
1634
1639
1656
1660
1669
1671
1675
1682
1686
1691
1693
1697
1712
1719
1728
1730
1739
1746
1754
1755
1760
1768
1786
1804
1815
1818
1820
1823
1829
1842
1850
1865
1881
1883
1884
1885
1894
1897
1899
1904
1907
1914
1945
1951
1994
2016
2030
2035
2037
2050
2054
2062
2064
2066
2070
2082
2090
2095
2103
2104
2120
2121
2125
2133
2157
2166
2183
2184
2188
2200
2212
2214
2220
2224
2234
2248
2263
2282
2312
2314
2316
2319
2321
2345
2346
2354
2355
2356
2365
2369
2389
2419
2421
2429
2435
2442
2450
2465
2468
2478
2491
2501
2502
2503
2513
2516
2524
2539
2565
2566
2570
2577
2591
2592
2610
2618
161
3
150
98
47
45
116
106
61
17
123
41
109
125
65
34
86
67
31
66
157
84
158
102
29
153
22
58
25
85
148
99
145
57
59
117
147
23
54
93
141
159
6
52
8
70
26
139
69
143
79
64
24
0
152
68
155
96
91
83
118
76
126
71
113
35
72
108
50
131
2
100
107
12
42
33
119
38
13
20
122
133
92
49
105
149
88
146
4
28
82
43
78
101
39
132
90
75
124
44
11
80
104
87
46
97
18
21
128
120
95
7
5
36
144
134
16
130
103
129
137
62
9
73
40
94
32
37
115
1
111
110
53
160
114
27
74
142
140
112
151
10
51
138
56
77
127
15
30
89
14
63
60
135
48
19
136
121
81
156
55
154
