686
2
4
5
6
7
9
11
12
13
14
15
16
17
18
19
20
21
22
23
24
25
26
27
28
29
30
31
32
34
36
38
39
40
42
43
44
45
46
47
48
49
51
52
53
54
56
58
59
60
62
65
67
68
71
72
73
74
76
77
78
80
81
82
83
85
86
87
88
89
90
94
95
96
98
100
101
102
103
106
109
111
113
114
115
116
119
120
125
129
130
132
135
136
138
139
141
142
144
145
149
150
151
152
155
156
157
160
161
162
164
166
168
169
170
171
172
174
175
177
180
181
182
183
184
186
187
188
190
191
192
194
195
196
199
201
202
203
204
206
207
208
211
214
215
216
217
218
219
221
222
223
224
228
230
231
232
233
235
237
238
242
244
246
247
248
249
250
251
252
253
255
256
257
259
261
262
264
265
266
267
268
269
270
273
276
277
278
279
280
281
284
285
288
289
290
292
293
294
296
297
298
302
303
308
309
310
311
312
313
314
315
316
317
321
323
326
327
328
331
332
333
335
337
339
340
345
346
347
348
349
350
351
353
354
355
356
360
363
364
365
366
367
368
369
370
371
373
374
375
376
377
378
380
382
383
385
386
388
391
394
396
397
400
401
402
404
407
409
411
416
417
419
420
421
422
423
424
425
427
428
429
430
431
433
434
435
439
440
441
442
443
444
445
446
447
449
452
454
455
456
457
458
460
461
462
463
464
467
468
469
474
480
481
483
485
486
487
488
491
492
494
495
496
497
498
499
500
501
503
504
505
506
508
510
511
512
513
514
515
516
517
518
519
521
522
523
524
526
527
529
530
532
534
537
538
540
542
547
549
553
556
557
559
560
561
565
566
567
568
569
570
571
573
575
576
578
580
581
583
584
585
587
588
590
592
594
595
596
597
599
600
601
602
607
608
609
611
613
616
618
620
626
627
629
631
632
633
634
638
639
642
643
646
647
648
649
651
652
653
654
655
656
658
659
660
661
662
663
664
668
669
670
672
676
677
678
679
680
682
683
685
687
689
690
691
692
695
697
700
701
705
706
708
711
712
713
715
716
717
720
721
722
727
728
729
731
733
734
735
739
740
743
744
746
749
750
754
755
756
757
759
761
762
765
767
768
769
770
771
772
774
777
782
783
784
785
786
787
788
790
792
794
798
800
801
803
807
809
810
811
815
816
817
818
823
825
826
827
828
830
831
832
833
834
836
837
838
839
840
841
842
843
844
851
855
856
857
858
862
864
865
866
867
870
872
873
874
875
876
877
878
879
881
882
883
884
885
887
888
889
893
895
896
898
900
901
902
903
906
908
910
911
913
914
918
920
921
922
926
927
928
929
930
936
937
938
943
945
950
952
953
954
955
956
957
959
960
961
962
963
964
967
968
969
970
973
974
977
979
981
984
986
988
990
992
996
997
998
1001
1003
1004
1005
1006
1007
1009
1010
1011
1013
1014
1015
1020
1021
1022
1023
1026
1027
1029
1031
1034
1038
1039
1040
1043
1044
1045
1046
1047
1049
1051
1053
1058
1060
1061
1062
1063
1064
1065
1066
1068
1070
1072
1074
1075
1077
1078
1079
1081
1082
1083
1085
1086
1087
1088
1089
1090
1091
1092
1093
1094
1097
1099
1101
1102
1103
1106
1107
84
58
73
35
59
62
75
41
14
54
74
29
38
48
24
44
55
20
72
33
30
5
87
18
43
56
65
9
37
45
53
63
85
22
78
25
4
52
1
77
17
86
67
66
61
6
27
0
34
16
15
36
11
69
60
49
42
81
70
19
76
47
50
28
80
84
68
71
26
12
51
2
64
13
8
7
83
40
21
46
3
82
31
10
32
