128
135
136
137
139
154
178
211
244
251
297
303
313
331
365
398
412
428
443
452
460
463
490
560
570
585
591
607
615
618
641
664
666
677
695
696
705
737
745
770
782
798
806
815
841
862
866
920
921
928
934
951
956
962
966
968
1000
1009
1023
1052
1085
1086
1121
1145
1181
1191
1199
1222
1263
1273
1283
1324
1339
1358
1390
1410
1455
1474
1537
1545
1554
1578
1661
1670
1694
1698
1731
1739
1759
1796
1805
1814
1818
1824
1860
1862
1877
1889
1903
1904
1909
1910
1917
1932
1937
1970
2004
2013
2064
2108
2141
2154
2180
2209
2212
2248
2271
2287
2309
2315
2316
2330
2346
2351
2356
2365
2368
2377
2444
151
37
145
8
102
146
86
123
49
116
158
161
24
154
144
55
76
82
100
22
70
132
5
16
72
63
162
157
77
93
39
4
106
57
90
1
45
17
141
10
21
15
131
47
97
142
71
30
155
143
149
114
3
125
14
160
122
152
153
23
11
19
59
137
107
2
48
150
110
83
34
54
139
36
80
140
87
68
101
112
121
117
73
62
7
51
108
60
159
50
138
38
43
88
85
20
134
124
79
28
89
9
42
111
98
105
136
148
84
26
33
44
128
46
53
18
67
120
113
109
127
31
103
92
133
129
52
58
94
130
13
91
119
135
78
126
41
6
81
65
147
74
75
40
66
35
96
0
95
118
61
29
