76
81
108
128
133
142
144
156
174
196
208
238
254
259
282
307
319
323
351
367
380
501
546
576
582
618
635
647
674
705
710
725
728
766
806
864
923
960
964
967
974
1019
1055
1057
1153
1171
1179
1186
1195
1246
1269
1345
1359
1372
1415
1456
1478
1482
1496
1511
1516
1560
1561
1585
1587
1622
1634
1637
1672
1694
1716
1740
1762
1781
1785
1797
1807
118
23
128
119
28
1
149
50
53
89
83
22
52
142
114
6
31
146
66
44
56
79
5
131
93
21
85
112
27
130
39
75
25
97
122
71
106
11
87
120
136
3
152
158
141
123
54
139
113
140
58
30
153
162
81
8
102
84
24
137
82
105
15
159
86
107
32
110
60
43
29
7
65
101
49
88
78
124
26
92
35
42
62
17
57
16
151
33
143
4
68
36
37
115
104
0
164
90
13
133
95
9
51
127
157
59
12
40
41
20
72
163
125
96
147
135
98
45
91
