123
148
150
155
158
170
176
197
217
218
224
233
252
327
340
355
361
399
423
460
483
499
507
511
532
537
549
581
617
640
649
658
669
721
764
774
785
790
813
831
838
848
861
917
965
979
1000
1020
1039
1049
1067
1083
1133
1141
1148
1149
1151
1166
1174
1218
1223
1253
1278
1306
1322
1324
1354
1363
1399
1402
1408
1413
1423
1440
1448
1455
1544
1562
1578
1599
1627
1692
1695
1712
1715
1742
1794
1796
1823
1847
1850
1851
1868
1875
1907
1912
1935
1974
1994
2012
2025
2037
2073
2075
2084
2120
2130
2138
2191
2196
2197
2224
2259
2305
2308
2315
2321
2326
2334
2339
2350
2352
2369
2433
150
9
25
64
8
48
161
57
56
152
157
31
68
3
63
102
93
44
51
72
124
60
156
81
75
150
78
36
95
47
132
12
121
136
18
87
107
158
37
29
140
118
142
58
148
17
109
74
82
147
120
134
79
131
42
21
35
101
77
2
80
73
160
19
84
98
40
70
127
135
154
130
122
15
151
7
86
114
116
91
92
10
85
89
149
162
55
38
119
20
11
138
27
141
103
41
153
117
133
43
97
5
146
100
83
28
46
126
26
110
99
96
69
112
34
90
94
54
62
16
59
125
6
123
52
159
137
108
106
155
65
49
53
143
139
144
1
88
71
45
104
113
4
14
66
115
24
61
13
76
22
