81
110
122
135
162
163
211
242
312
318
326
344
345
349
384
391
392
412
435
468
488
529
553
573
582
701
703
711
756
776
796
810
825
874
875
885
909
914
936
941
966
981
983
1010
1020
1105
1117
1124
1193
1202
1203
1256
1259
1268
1271
1280
1291
1333
1389
1412
1422
1437
1465
1467
1475
1505
1513
1530
1569
1580
1601
1637
1638
1664
1675
1699
1754
1763
1782
1786
1820
1840
123
49
82
67
134
106
99
132
96
12
0
105
89
54
126
127
140
123
145
70
66
128
81
42
60
93
44
124
87
14
36
133
64
150
85
39
40
58
1
111
107
90
116
136
52
2
47
63
37
146
115
46
100
151
92
102
79
135
51
149
98
21
164
160
113
103
65
50
101
29
75
35
73
4
159
104
61
114
147
80
162
33
130
11
138
122
88
62
120
8
125
45
86
74
68
154
5
131
158
157
129
144
142
34
28
112
17
3
141
57
148
84
76
72
118
38
161
43
31
41
110
78
139
121
