141
75
83
86
87
108
109
131
151
160
165
169
173
201
203
218
238
239
244
262
278
283
316
324
325
335
347
368
385
415
427
445
460
492
505
510
520
555
564
576
585
586
599
659
667
669
715
729
749
769
840
843
851
868
883
910
917
947
958
976
1019
1020
1032
1051
1053
1072
1100
1161
1167
1169
1173
1183
1194
1205
1218
1232
1269
1301
1309
1332
1357
1365
1373
1382
1411
1412
1416
1443
1452
1455
1470
1487
1493
1506
1526
1543
1546
1586
1588
1667
1669
1688
1711
1712
1721
1747
1771
1863
1873
1950
1968
2029
2063
2069
2071
2084
2094
2109
2116
2129
2144
2149
2168
2174
2184
2191
2199
2207
2210
2232
2245
2250
2264
2290
2309
2314
2320
2387
2390
2429
2436
2446
153
73
65
18
101
82
142
53
20
36
12
28
91
77
106
107
67
70
79
39
11
109
145
71
99
127
25
124
51
130
113
3
105
134
80
93
155
34
108
85
129
45
138
123
46
97
102
29
103
7
42
35
149
60
59
8
69
114
158
157
24
13
161
21
139
47
132
152
26
90
159
66
143
110
17
54
10
96
148
87
120
37
126
154
94
6
5
16
58
128
133
81
41
49
135
162
141
2
32
136
61
15
84
119
31
153
98
122
137
33
22
140
95
131
74
112
144
63
92
78
72
151
88
1
38
19
117
4
111
44
14
52
50
43
116
40
115
100
86
48
30
104
118
147
75
62
125
121
23
27
0
146
160
57
