236
14
18
21
27
37
44
48
64
72
81
92
95
104
111
125
128
140
193
211
222
234
237
238
264
293
296
307
317
321
326
337
354
357
367
371
375
381
387
396
399
406
415
416
432
440
451
460
493
503
513
521
525
546
549
553
583
594
596
597
622
656
665
670
672
675
681
705
714
721
725
727
730
750
760
781
821
823
837
886
889
901
915
924
937
979
991
997
1030
1054
1067
1085
1092
1105
1136
1138
1140
1143
1144
1155
1156
1158
1177
1178
1179
1192
1208
1232
1236
1246
1252
1265
1273
1276
1281
1282
1300
1310
1320
1341
1349
1368
1401
1410
1463
1470
1489
1492
1493
1516
1520
1530
1534
1553
1564
1572
1586
1588
1597
1637
1638
1659
1695
1697
1706
1712
1729
1730
1737
1783
1799
1804
1813
1818
1835
1852
1853
1859
1867
1868
1869
1875
1884
1886
1899
1907
1911
1912
1919
1921
1928
1937
1962
2012
2015
2018
2028
2033
2034
2065
2074
2088
2089
2090
2094
2103
2109
2120
2123
2150
2157
2163
2165
2187
2192
2196
2199
2200
2201
2219
2221
2239
2241
2245
2247
2252
2258
2268
2269
2296
2318
2329
2345
2349
2352
2359
2372
2381
2395
2399
2400
2413
2436
2451
2468
2489
2498
2502
2544
2551
2553
2556
2561
2581
2587
2616
2624
159
134
48
29
88
20
153
33
96
128
43
1
89
101
84
60
61
14
64
94
24
131
90
25
97
7
87
17
140
113
145
100
105
135
98
129
5
19
79
120
85
27
95
124
67
55
74
127
47
148
109
93
156
36
3
111
8
154
42
126
30
132
45
9
133
10
21
53
49
149
72
63
54
160
136
82
139
18
106
147
46
91
70
22
141
13
16
103
143
83
35
31
112
81
122
123
146
40
32
159
26
59
71
114
73
104
138
108
158
137
12
38
2
142
125
23
66
51
107
11
34
58
15
44
37
28
78
117
77
76
6
4
57
62
151
92
80
121
69
144
52
0
118
155
56
152
150
86
102
50
130
99
65
41
116
39
119
110
68
157
