461
29
36
39
40
49
50
53
55
59
60
65
66
68
73
74
76
79
86
90
92
95
118
120
121
129
136
138
140
144
148
149
153
165
168
180
183
191
198
199
200
205
223
225
227
232
237
240
254
259
264
265
266
267
275
283
293
294
295
296
298
302
313
319
320
321
330
338
345
351
352
353
357
363
366
375
396
405
408
412
413
416
417
421
424
426
429
432
441
442
443
449
452
456
462
482
489
491
495
496
498
499
511
512
514
524
541
549
551
562
573
574
588
611
617
620
627
629
638
639
643
647
662
666
675
678
682
684
686
687
693
694
695
698
700
708
709
711
713
723
725
733
747
748
760
763
764
765
774
775
780
801
803
806
810
813
822
823
832
837
839
840
841
844
847
848
849
856
860
866
867
875
900
905
906
910
938
941
942
949
953
958
960
966
970
974
993
995
1002
1012
1013
1020
1028
1031
1036
1038
1043
1049
1050
1056
1058
1061
1063
1066
1068
1070
1071
1074
1085
1091
1099
1100
1105
1112
1117
1120
1129
1132
1138
1145
1150
1153
1154
1159
1162
1169
1173
1187
1192
1194
1200
1206
1208
1209
1214
1216
1223
1224
1227
1249
1259
1262
1266
1269
1273
1279
1282
1284
1285
1290
1292
1295
1301
1302
1314
1315
1318
1319
1344
1357
1360
1366
1370
1371
1384
1399
1403
1405
1408
1409
1412
1413
1415
1418
1430
1431
1437
1438
1440
1442
1443
1444
1448
1457
1461
1473
1481
1482
1494
1496
1510
1514
1516
1517
1521
1524
1536
1537
1538
1546
1549
1556
1561
1569
1579
1581
1585
1595
1604
1616
1637
1639
1648
1649
1655
1656
1657
1663
1665
1669
1674
1681
1687
1693
1694
1712
1713
1731
1734
1740
1745
1747
1749
1755
1765
1772
1775
1788
1789
1802
1814
1818
1820
1822
1828
1848
1862
1865
1869
1880
1881
1890
1893
1895
1898
1905
1906
1937
1946
1947
1954
1966
1971
1976
1977
1978
1985
1991
1992
2000
2011
2016
2017
2027
2039
2042
2044
2047
2051
2060
2066
2067
2069
2077
2083
2094
2097
2101
2111
2117
2120
2133
2134
2135
2140
2147
2151
2152
2155
2162
2164
2165
2168
2170
2171
2193
2197
2202
2206
2207
2226
2231
2234
2239
2240
2241
2247
2250
2252
2253
2258
2262
2279
2280
2285
2289
2298
2302
2305
2311
2319
2320
2321
2323
2325
2331
2338
2340
2345
2346
2355
2356
2362
2368
2371
2374
2376
2377
2380
2385
2387
2389
2391
2393
2394
2397
2398
2406
2413
2417
2430
2446
158
53
19
67
16
51
10
70
94
71
57
18
48
82
141
60
87
162
155
44
38
20
120
143
39
23
112
14
137
138
32
3
92
153
150
96
5
25
106
161
1
126
147
11
7
62
98
27
80
111
36
139
107
109
135
114
68
116
81
129
134
41
43
85
59
159
64
97
45
93
66
124
160
123
31
72
13
91
17
89
88
76
145
158
79
118
100
136
104
33
130
157
148
117
24
154
37
15
46
101
52
49
122
144
132
58
74
113
128
86
78
26
54
99
22
69
50
47
121
90
28
127
42
61
6
146
108
84
21
131
55
125
140
12
133
56
30
4
2
105
34
110
156
83
63
149
151
102
119
35
103
9
75
142
115
73
152
8
29
