254
14
18
41
49
52
59
66
67
84
88
94
98
103
107
110
129
167
183
194
197
205
216
217
219
230
271
283
284
296
328
341
344
348
358
362
365
366
378
391
397
405
409
427
439
465
470
493
502
508
513
526
533
534
542
555
592
594
619
638
651
669
671
688
691
694
700
707
714
721
770
771
791
797
798
812
814
829
835
838
856
865
871
879
889
897
901
902
918
935
937
940
946
960
966
967
974
982
1010
1014
1029
1039
1046
1050
1061
1075
1086
1092
1096
1100
1101
1102
1107
1109
1112
1121
1141
1151
1153
1163
1165
1189
1192
1199
1209
1221
1243
1245
1260
1265
1275
1284
1294
1315
1347
1359
1365
1379
1402
1420
1433
1440
1450
1455
1512
1516
1528
1533
1550
1583
1612
1615
1636
1649
1655
1657
1665
1674
1677
1680
1708
1711
1714
1727
1749
1759
1761
1763
1765
1772
1781
1804
1805
1809
1818
1838
1843
1851
1873
1879
1892
1907
1914
1956
1970
1971
1977
1990
1992
2010
2029
2043
2045
2052
2067
2081
2099
2101
2108
2123
2148
2163
2170
2186
2194
2195
2208
2225
2229
2235
2236
2249
2255
2256
2268
2269
2274
2295
2299
2305
2306
2308
2318
2324
2332
2344
2368
2384
2386
2393
2396
2400
2406
2412
2413
2436
2444
2446
2459
2461
2467
2483
2487
2489
2491
2497
2501
2520
2525
2541
2547
2560
2564
2574
2615
159
82
122
20
108
44
51
11
64
137
34
53
70
2
126
109
33
144
12
25
125
1
148
24
94
151
157
9
114
141
43
92
87
10
104
71
32
74
61
15
35
103
60
93
154
78
38
66
142
40
31
28
90
23
29
13
158
59
135
84
36
136
18
79
62
101
26
128
48
118
149
39
127
49
119
132
8
113
97
52
91
145
146
95
102
116
138
73
134
86
120
54
111
67
129
117
130
58
30
150
37
41
80
22
65
124
3
121
106
19
152
76
160
56
57
143
110
88
100
7
107
112
69
81
55
98
46
99
133
85
72
139
77
68
50
17
96
14
4
45
155
147
83
115
156
153
131
42
105
89
21
123
5
6
27
0
140
159
75
47
