661
20
21
23
24
26
28
29
31
33
35
38
42
45
46
47
53
56
62
66
74
75
76
78
83
84
89
94
97
98
101
103
104
107
108
109
111
113
116
125
126
133
139
140
142
143
144
145
147
149
151
157
158
160
161
163
168
172
173
175
178
179
180
182
184
191
193
194
195
202
203
206
208
210
215
216
217
221
222
227
229
230
232
234
235
241
247
249
252
254
256
257
258
259
261
262
263
264
266
272
276
279
280
282
283
287
288
289
291
292
293
294
295
304
305
307
311
314
315
321
332
334
335
338
339
343
344
347
350
353
358
359
362
364
365
371
372
375
376
380
382
383
389
393
397
401
402
406
407
408
410
413
414
420
421
424
426
429
431
432
436
437
438
439
444
445
447
450
457
465
471
473
474
477
480
484
489
490
492
496
499
500
502
506
512
523
524
525
527
528
533
537
539
541
545
547
548
549
550
553
554
559
562
564
565
566
567
570
577
578
581
584
585
586
592
594
595
598
600
602
603
605
607
610
612
614
615
617
619
625
626
630
635
636
637
640
648
649
654
666
667
668
670
672
674
676
678
679
680
681
683
685
688
689
691
693
696
697
704
706
708
709
711
712
713
715
717
719
723
725
731
733
742
746
751
753
757
761
762
766
767
769
775
776
777
778
779
789
790
792
793
796
798
802
803
804
810
811
812
814
817
818
821
825
826
829
831
834
835
839
840
853
854
855
859
860
862
865
866
868
871
873
875
877
879
880
882
885
889
898
901
902
907
909
914
916
917
922
924
925
927
928
931
932
937
939
941
953
954
956
958
964
965
966
969
970
972
973
976
978
980
981
984
986
988
990
992
997
1003
1004
1005
1006
1011
1013
1015
1019
1022
1023
1032
1034
1037
1039
1040
1041
1042
1043
1044
1046
1050
1051
1055
1056
1062
1065
1066
1071
1072
1073
1074
1075
1077
1078
1079
1086
1087
1089
1092
1093
1095
1099
1102
1103
1104
1110
1111
1112
1113
1119
1120
1121
1124
1128
1129
1130
1132
1133
1134
1135
1136
1137
1139
1144
1147
1151
1155
1156
1158
1159
1160
1161
1163
1166
1167
1168
1175
1184
1186
1188
1191
1194
1195
1202
1209
1210
1211
1212
1214
1218
1222
1223
1228
1230
1231
1233
1234
1235
1239
1243
1245
1256
1257
1260
1261
1264
1271
1272
1273
1276
1280
1282
1284
1286
1287
1288
1295
1296
1299
1302
1306
1310
1312
1315
1317
1320
1322
1328
1332
1333
1337
1339
1340
1343
1345
1346
1349
1350
1359
1360
1365
1366
1368
1374
1378
1380
1385
1386
1388
1394
1395
1396
1399
1404
1407
1408
1410
1413
1421
1422
1424
1429
1434
1435
1443
1446
1447
1450
1453
1456
1461
1462
1463
1464
1465
1471
1473
1479
1485
1486
1488
1491
1494
1495
1496
1499
1500
1502
1504
1506
1507
1510
1514
1515
1517
1518
1532
1538
1541
1543
1545
1549
1551
1554
1557
1558
1560
1561
1562
1563
1565
1567
1568
1579
1583
1586
1594
1599
1600
1604
1607
1612
1613
1617
1624
1627
1629
1631
1633
1636
1637
1640
1642
1649
1650
1655
1660
1664
1667
1675
1677
1683
1696
1697
1700
1702
1703
1705
1709
1711
1717
1721
1725
1727
1729
1730
1739
1741
1742
1748
1751
1755
1756
1759
1760
1761
1767
1768
1772
1773
1774
1776
1779
1780
1781
1782
1785
1787
1792
1795
1797
1800
1815
1822
1824
1825
1826
1828
1829
1831
1834
1836
1838
1840
157
150
157
37
76
137
85
93
61
45
156
41
52
96
59
124
55
97
160
70
89
10
21
99
9
153
125
106
51
16
5
143
24
84
95
132
53
13
17
129
1
134
159
50
136
7
34
145
113
94
91
67
79
14
120
104
149
98
111
114
58
72
40
73
29
140
133
63
88
36
57
122
162
39
117
90
74
152
62
128
32
116
100
123
2
19
131
4
28
141
138
161
3
38
12
42
82
108
48
148
147
115
64
26
87
92
78
127
80
11
144
31
44
118
66
158
139
142
101
43
112
146
71
105
18
56
107
110
27
65
46
69
77
8
15
49
86
6
75
109
25
60
155
22
164
30
81
20
154
130
47
163
33
135
54
119
35
0
