80
102
151
191
221
229
296
329
365
369
382
431
434
435
437
444
445
451
504
513
538
542
609
628
631
652
659
674
678
754
759
764
770
797
846
850
902
904
914
924
959
986
993
1034
1047
1117
1145
1156
1171
1176
1188
1189
1252
1276
1327
1339
1344
1349
1353
1358
1381
1383
1440
1457
1475
1476
1491
1504
1519
1556
1591
1631
1660
1681
1722
1734
1736
1750
1763
1798
1828
122
14
101
139
1
32
72
156
95
64
77
124
98
44
53
10
123
24
26
61
115
4
37
104
0
76
38
6
59
9
84
78
93
7
91
12
144
148
151
90
157
50
56
138
17
100
121
127
63
132
94
106
51
97
88
122
2
118
99
152
158
36
5
23
66
46
89
25
128
107
16
103
96
155
150
42
57
146
11
70
92
87
69
164
31
52
82
28
73
27
133
110
74
47
79
62
119
154
163
159
13
137
85
39
143
162
116
20
114
40
34
22
43
125
60
111
149
135
15
48
112
18
41
