136
32
108
133
138
163
204
215
222
223
225
236
243
296
303
325
383
406
416
477
510
522
529
549
553
599
604
629
642
662
669
675
749
778
833
839
842
859
864
887
908
923
933
935
945
964
972
986
1007
1008
1020
1044
1062
1066
1081
1115
1179
1181
1186
1204
1228
1255
1265
1310
1312
1328
1335
1347
1363
1396
1398
1403
1428
1442
1446
1450
1456
1469
1472
1536
1614
1616
1649
1686
1691
1711
1739
1741
1744
1763
1778
1815
1837
1839
1884
1897
1900
1912
1920
1921
1926
1929
1940
1944
1976
1991
2011
2045
2049
2052
2080
2091
2107
2111
2134
2140
2147
2152
2169
2185
2191
2214
2245
2249
2259
2263
2275
2280
2309
2335
2338
2352
2388
2398
2402
2414
2429
162
103
161
104
1
65
111
51
17
80
25
134
66
142
78
74
55
133
108
4
46
35
5
47
114
76
44
124
60
85
49
39
62
157
19
52
141
132
53
37
113
0
154
83
160
26
70
101
128
77
24
123
71
67
125
102
16
6
29
107
34
136
91
127
32
13
151
120
144
131
56
88
2
73
115
69
118
36
21
95
48
7
82
138
42
30
146
139
122
106
68
158
129
84
58
12
137
81
75
50
22
100
64
8
27
15
72
89
149
90
109
33
126
143
148
40
10
147
45
135
155
57
152
112
11
63
18
145
140
156
98
110
14
3
99
94
119
117
59
96
23
162
86
41
159
121
79
150
97
105
116
31
92
61
9
20
54
43
38
28
93
153
130
