686
5
6
7
8
9
11
12
13
14
15
16
17
21
22
25
27
31
32
34
35
39
40
44
45
48
49
51
52
54
55
56
61
62
63
64
65
66
67
70
72
74
79
80
83
84
86
87
88
89
92
94
97
98
101
103
104
105
109
110
112
117
119
121
122
123
124
126
127
128
129
130
131
132
134
135
136
137
139
141
142
143
145
147
148
150
151
152
153
154
156
157
159
160
161
163
164
165
166
167
168
170
173
176
177
181
185
186
187
189
190
191
196
197
198
199
200
202
203
204
207
209
210
211
213
214
215
217
220
221
223
224
225
226
227
231
232
233
234
235
236
238
239
240
241
242
243
244
245
246
247
248
250
251
254
255
257
258
260
261
262
263
264
266
267
269
270
272
273
274
277
278
279
280
281
282
287
289
291
292
294
296
297
300
301
302
303
304
306
308
309
310
314
316
317
318
319
322
324
325
326
327
329
330
331
332
333
335
337
341
342
343
345
347
348
349
350
351
352
354
355
356
357
360
361
364
365
366
371
372
373
374
377
379
381
384
386
387
388
390
392
393
394
395
396
399
401
402
403
404
405
406
411
414
417
418
419
422
424
425
426
427
430
431
432
434
436
437
438
439
441
444
445
446
447
449
451
456
457
459
461
463
464
467
470
471
472
473
474
475
476
477
479
480
482
484
485
486
487
489
491
493
495
496
497
499
500
501
502
503
504
505
506
507
508
509
512
514
516
518
519
520
521
526
527
528
529
533
534
536
537
538
541
542
543
544
545
548
550
551
552
553
555
557
558
563
564
566
568
569
570
571
573
574
575
576
579
581
582
583
586
588
590
592
596
597
601
602
607
608
610
611
612
619
620
621
623
624
626
627
628
629
630
635
637
641
643
645
647
649
650
651
652
654
661
662
663
664
665
667
668
670
673
674
675
676
677
678
681
684
686
688
689
690
691
692
693
694
696
698
699
701
702
703
705
706
708
709
712
713
716
717
718
719
720
721
722
725
727
728
730
732
733
736
737
738
739
741
742
743
744
748
749
751
755
759
761
764
767
770
772
773
775
776
777
782
783
784
785
787
788
791
793
794
795
796
800
801
802
804
805
806
807
808
810
811
814
815
816
817
818
819
820
821
822
823
824
825
826
827
828
829
830
831
832
833
834
835
838
840
841
842
844
845
846
847
848
849
850
852
853
855
856
857
858
860
861
863
864
865
866
873
875
876
877
878
880
881
882
883
885
886
888
889
890
892
893
895
896
897
898
899
900
905
906
907
909
910
912
913
914
915
916
917
918
921
922
925
926
928
929
930
931
932
933
934
937
938
939
945
948
949
951
952
954
955
957
960
961
964
965
966
967
969
971
972
973
977
979
980
981
982
983
984
985
986
988
989
990
991
992
993
995
996
1000
1001
1003
1006
1008
1010
1013
1014
1015
1016
1019
1020
1022
1023
1024
1025
1026
1027
1028
1029
1030
1031
1032
1034
1036
1037
1039
1040
1041
1043
1045
1046
1047
1048
1050
1052
1053
1055
1056
1058
1059
1061
1064
1067
1069
1070
1072
1073
1074
1076
1078
1079
1080
1081
1082
1084
1087
1088
1089
1091
1092
1093
1095
1096
1097
1098
1099
1100
1101
1102
1105
1106
1107
84
26
48
86
52
75
77
41
20
63
62
6
44
13
42
15
59
74
49
28
5
78
61
58
7
64
34
33
73
83
1
22
29
69
0
76
71
68
84
54
2
19
27
53
37
81
24
65
16
17
80
60
11
38
46
57
3
50
79
18
40
85
51
10
23
66
56
21
32
4
30
43
31
14
39
87
70
67
47
72
45
35
55
82
36
