228
4
47
50
81
90
100
101
103
114
120
122
125
132
166
171
174
180
186
196
197
209
215
218
221
229
233
234
245
248
255
269
295
309
352
362
367
378
381
387
389
416
424
431
438
454
466
468
494
504
507
522
524
526
539
547
558
565
575
591
599
608
624
627
630
652
653
662
671
715
725
743
748
769
799
802
836
848
862
871
876
893
901
965
971
1003
1023
1032
1033
1065
1067
1130
1162
1170
1176
1187
1194
1201
1232
1236
1247
1268
1294
1300
1303
1332
1335
1348
1354
1393
1394
1396
1398
1413
1433
1438
1448
1460
1461
1465
1470
1471
1480
1482
1501
1503
1506
1508
1517
1552
1562
1590
1616
1634
1643
1644
1649
1651
1659
1662
1698
1705
1715
1731
1749
1785
1819
1827
1843
1870
1897
1909
1911
1928
1944
1945
1946
1955
1971
1984
2000
2047
2053
2063
2069
2076
2085
2089
2097
2104
2109
2113
2122
2135
2137
2138
2150
2170
2182
2187
2189
2195
2203
2204
2212
2213
2232
2262
2266
2268
2269
2285
2290
2299
2313
2314
2315
2319
2321
2327
2343
2346
2360
2362
2365
2395
2407
2409
2414
2416
2434
2455
2458
2462
2465
2485
2501
2516
2531
2537
2561
2572
2574
2576
2583
2596
2612
2618
2623
161
78
139
26
123
92
96
115
117
106
147
108
33
150
21
102
107
157
130
69
86
129
60
148
9
133
77
66
17
95
127
12
38
141
19
24
111
87
143
58
71
75
7
84
18
104
50
113
131
89
105
94
126
70
73
61
59
81
64
109
45
118
93
11
46
140
30
25
34
136
146
31
2
90
1
144
16
32
120
137
138
13
74
48
41
82
53
103
8
80
51
52
155
159
67
4
134
124
3
10
101
100
76
62
142
35
72
37
119
42
29
57
44
40
152
99
22
5
128
49
43
39
114
122
158
154
47
56
15
149
65
79
28
68
6
91
121
145
20
98
88
14
160
112
135
23
125
85
156
55
0
27
97
116
54
63
151
83
36
132
153
110
