262
14
48
49
59
70
74
84
98
99
127
135
136
149
158
159
174
178
181
185
186
213
240
249
250
252
261
272
278
285
289
302
327
332
334
338
344
364
366
370
378
388
389
398
402
429
433
453
462
467
471
472
474
513
530
538
540
551
556
560
577
588
596
618
623
635
642
643
647
655
661
666
682
703
712
752
772
778
782
807
816
821
824
853
874
878
879
892
914
922
938
942
944
960
962
974
989
1025
1027
1060
1061
1068
1073
1077
1081
1087
1096
1107
1124
1129
1139
1158
1174
1175
1184
1186
1196
1208
1221
1229
1233
1246
1250
1276
1291
1296
1312
1319
1332
1337
1339
1341
1345
1369
1385
1394
1405
1408
1419
1439
1441
1443
1462
1493
1496
1498
1515
1519
1521
1523
1524
1526
1527
1531
1532
1536
1560
1568
1580
1592
1594
1595
1603
1635
1656
1663
1686
1688
1690
1713
1734
1743
1761
1762
1772
1776
1781
1787
1795
1813
1840
1855
1856
1859
1866
1867
1875
1886
1902
1909
1929
1935
1937
1944
1955
1957
1961
2014
2022
2024
2030
2035
2036
2055
2065
2067
2069
2079
2095
2109
2112
2117
2127
2137
2138
2145
2162
2164
2186
2200
2204
2205
2206
2211
2237
2242
2251
2253
2258
2265
2269
2277
2284
2300
2307
2308
2331
2333
2347
2359
2362
2386
2415
2434
2448
2451
2511
2522
2524
2530
2535
2556
2559
2570
2573
2584
2589
2596
2601
2605
2607
2618
2620
161
28
143
74
156
97
155
42
146
17
59
120
55
65
0
154
136
89
12
147
19
5
107
124
138
14
81
61
91
69
158
129
142
78
159
16
41
15
108
33
117
10
31
86
90
3
77
73
122
11
54
32
148
70
1
47
145
6
34
93
50
7
48
66
8
4
2
26
119
13
94
85
56
67
75
72
131
134
123
125
128
114
21
144
23
29
82
133
68
115
96
121
105
110
39
135
106
112
153
139
25
132
44
27
104
30
98
140
60
99
152
79
113
150
9
109
80
18
46
71
51
20
127
63
100
38
24
101
52
76
36
83
22
151
53
58
64
126
37
103
88
57
116
45
130
95
49
102
118
62
160
40
111
87
157
43
141
149
35
92
84
137
