126
7
13
47
97
105
127
137
150
157
182
202
207
257
316
334
337
345
347
367
372
441
455
489
515
548
574
583
589
594
604
620
622
630
658
664
701
738
794
832
849
864
888
900
906
927
928
952
954
980
987
1003
1035
1052
1060
1074
1107
1128
1141
1173
1198
1204
1247
1270
1271
1287
1306
1321
1329
1337
1346
1392
1401
1414
1422
1426
1482
1486
1508
1572
1588
1597
1605
1621
1633
1634
1635
1638
1692
1701
1725
1754
1787
1799
1826
1831
1845
1877
1887
1899
1905
1918
1956
1961
1979
1992
2004
2006
2047
2065
2076
2094
2119
2123
2145
2187
2210
2245
2290
2296
2331
2344
2346
2380
2396
2403
2413
163
112
33
94
117
36
104
11
40
110
43
99
7
120
82
138
116
8
55
109
48
69
160
134
142
63
84
144
25
23
4
12
139
157
148
108
27
70
73
131
154
56
87
113
80
83
127
133
135
61
44
125
67
60
15
159
6
65
89
24
115
105
100
101
111
97
86
152
98
47
37
52
132
41
1
161
51
13
78
121
30
38
45
54
35
85
150
146
68
71
66
96
137
58
53
57
102
107
72
32
46
39
34
49
77
19
145
10
22
81
118
28
0
42
103
143
162
20
114
75
50
155
123
151
122
2
16
76
128
9
18
88
90
129
147
136
21
79
126
141
59
106
158
74
92
17
124
62
26
14
31
3
64
130
149
93
156
29
91
5
95
119
153
140
