81
34
43
103
112
129
173
216
217
226
231
251
278
280
284
286
334
339
351
355
358
424
445
469
506
518
563
635
679
697
699
700
727
734
760
880
906
936
968
979
1039
1044
1051
1117
1122
1150
1163
1200
1216
1217
1262
1281
1296
1311
1320
1322
1347
1350
1389
1421
1431
1435
1446
1493
1511
1516
1550
1552
1567
1646
1662
1677
1687
1697
1699
1726
1744
1749
1750
1785
1787
1809
121
103
35
66
30
50
49
124
16
145
36
65
94
26
9
119
11
58
4
158
7
2
107
34
154
14
148
79
80
78
120
71
83
131
3
142
112
146
159
140
99
141
92
91
81
89
162
67
27
53
8
105
44
161
106
45
40
32
56
19
21
28
59
116
95
52
70
12
96
108
20
64
77
93
41
46
86
51
121
48
5
15
25
18
136
75
90
24
135
37
54
76
157
61
23
29
132
122
101
17
153
139
6
111
72
60
22
117
156
127
149
88
138
69
102
129
126
84
109
113
55
134
