64
28
158
160
175
200
217
232
259
260
277
359
361
387
399
449
499
514
529
575
658
685
696
760
790
812
860
873
914
927
937
949
950
1006
1016
1019
1024
1089
1106
1107
1124
1184
1230
1257
1287
1314
1326
1405
1460
1475
1512
1516
1529
1539
1550
1551
1554
1570
1663
1670
1706
1717
1736
1759
1805
97
29
118
20
14
59
22
75
116
62
71
159
139
141
145
68
15
23
126
70
155
104
34
85
151
11
91
109
73
84
78
3
9
96
81
60
154
161
93
41
113
149
44
77
106
53
102
10
64
18
123
67
28
117
72
100
30
5
162
108
143
137
120
156
147
150
119
112
50
24
21
13
136
99
134
76
163
46
45
79
111
115
135
56
87
35
107
89
97
140
4
160
131
51
95
133
66
16
