253
14
54
57
62
74
83
86
87
92
99
149
155
168
169
170
178
203
211
212
221
225
230
238
243
284
299
300
306
313
314
318
319
334
349
356
384
392
402
409
415
417
424
433
434
464
465
487
516
526
540
546
547
549
567
579
585
591
592
596
599
602
610
627
635
636
642
645
651
675
679
683
704
714
730
734
744
752
779
790
798
816
824
831
836
837
848
850
882
883
886
889
894
901
909
911
927
948
967
969
970
983
995
1010
1043
1045
1062
1077
1096
1098
1108
1116
1121
1137
1142
1173
1179
1186
1190
1194
1201
1205
1207
1234
1241
1270
1277
1279
1291
1311
1339
1354
1355
1357
1358
1403
1411
1429
1433
1451
1452
1455
1466
1471
1473
1485
1493
1500
1514
1541
1546
1570
1580
1584
1599
1604
1606
1632
1641
1657
1662
1663
1665
1667
1683
1688
1714
1716
1728
1747
1759
1770
1776
1787
1794
1808
1809
1811
1817
1819
1821
1822
1832
1838
1840
1847
1852
1868
1871
1873
1894
1920
1970
1972
1976
1981
2002
2010
2013
2020
2025
2027
2043
2057
2067
2071
2089
2104
2107
2110
2112
2113
2126
2144
2182
2186
2194
2198
2207
2217
2224
2225
2251
2256
2263
2269
2273
2282
2289
2326
2334
2340
2341
2344
2351
2358
2360
2392
2400
2405
2410
2411
2415
2427
2440
2466
2491
2505
2507
2529
2534
2549
2564
2591
158
73
26
5
114
129
32
158
108
71
88
123
58
52
21
27
116
44
15
141
8
4
140
9
40
154
153
46
25
100
139
39
94
145
30
49
10
121
20
53
36
149
157
80
74
143
82
142
105
146
159
150
101
69
55
93
147
112
51
63
138
41
104
160
47
106
34
117
113
2
43
14
31
22
35
86
95
135
125
126
54
33
119
111
60
3
85
92
77
62
66
107
89
81
118
137
1
64
48
103
133
83
45
122
110
28
124
98
128
6
11
29
102
0
127
67
91
97
7
155
109
37
156
79
61
130
50
17
75
19
84
134
57
56
23
68
131
96
16
72
151
99
65
13
42
90
148
87
132
12
76
24
70
136
144
120
78
59
18
