149
22
36
70
74
81
89
92
98
114
117
118
119
121
128
131
136
143
148
153
154
160
171
187
198
211
216
246
260
282
284
307
314
316
319
321
327
336
337
338
342
347
361
365
371
375
378
379
382
386
387
391
397
399
400
418
420
421
423
436
438
448
456
474
475
477
508
519
521
542
544
554
555
558
559
573
583
590
594
595
596
600
606
608
611
615
618
624
629
637
652
655
683
702
710
714
722
723
732
736
738
748
749
755
759
768
770
771
773
784
789
790
799
815
816
821
825
830
837
844
846
848
872
880
886
889
893
900
902
930
939
952
971
980
997
1002
1016
1018
1030
1035
1039
1041
1056
1059
1083
1092
1096
1097
1099
1100
70
24
19
43
76
63
26
47
87
50
21
80
42
18
8
53
44
32
65
49
83
25
33
9
55
17
45
27
16
41
85
11
82
72
28
22
66
46
74
64
36
6
39
77
54
2
51
58
37
7
14
5
67
35
38
4
75
60
15
70
61
69
84
1
3
62
20
23
59
78
56
