256
14
26
36
43
55
81
84
92
100
102
109
121
130
138
141
153
185
216
218
222
225
236
249
271
273
289
306
320
324
327
332
334
336
339
348
354
358
375
389
394
399
405
419
436
441
447
449
455
463
467
484
492
495
503
504
513
534
539
560
564
578
593
623
634
640
645
655
657
663
667
669
681
698
700
708
709
713
716
724
735
740
760
776
789
810
814
815
826
851
855
868
885
888
892
900
913
934
937
947
961
972
1005
1021
1050
1066
1077
1093
1094
1101
1130
1155
1158
1164
1168
1195
1222
1247
1270
1275
1283
1287
1295
1342
1347
1350
1365
1372
1384
1411
1412
1421
1423
1439
1441
1442
1455
1457
1463
1465
1482
1485
1487
1501
1515
1521
1530
1533
1543
1544
1547
1558
1559
1577
1579
1584
1586
1590
1593
1597
1599
1601
1613
1621
1625
1631
1652
1655
1676
1680
1683
1685
1711
1713
1715
1749
1765
1775
1779
1805
1810
1830
1849
1851
1858
1873
1875
1885
1886
1903
1906
1909
1913
1916
1925
1927
1928
1934
1951
1954
1976
1980
1988
1989
2009
2012
2022
2053
2055
2069
2070
2077
2114
2123
2143
2144
2146
2175
2204
2205
2223
2238
2255
2269
2274
2276
2306
2312
2339
2350
2356
2360
2374
2377
2410
2413
2421
2424
2448
2451
2457
2461
2462
2463
2471
2506
2526
2542
2572
2580
2586
2590
2597
2599
2605
2613
2622
161
39
9
14
121
31
23
116
17
124
27
42
143
131
77
29
56
108
136
13
105
137
53
101
128
33
138
4
117
34
5
99
6
158
133
159
134
118
43
144
87
66
45
26
47
160
62
140
37
89
93
52
74
48
119
69
86
57
10
61
54
19
30
135
35
123
1
130
79
145
152
153
98
12
156
146
85
122
24
78
107
142
103
58
67
151
81
141
11
15
65
7
157
59
28
139
127
38
2
115
72
83
104
50
112
132
150
102
95
91
22
109
114
100
73
18
20
60
126
49
46
80
88
82
125
44
41
71
64
70
110
68
0
113
36
63
148
129
21
84
25
76
3
55
106
154
96
149
120
16
32
155
147
111
92
51
75
8
40
94
97
90
