128
65
72
95
103
151
156
159
161
163
173
184
250
253
283
295
299
310
311
319
373
387
395
421
422
430
449
460
465
467
469
479
499
521
529
530
531
545
633
649
654
667
669
692
734
740
770
839
888
889
911
932
945
964
969
976
987
995
1015
1046
1056
1113
1141
1142
1145
1182
1183
1193
1281
1288
1317
1334
1338
1339
1365
1377
1399
1414
1427
1450
1459
1463
1470
1477
1509
1541
1559
1583
1592
1606
1618
1639
1642
1663
1665
1684
1746
1790
1796
1834
1837
1865
1873
1901
1913
1974
2025
2034
2052
2074
2103
2110
2132
2138
2141
2154
2174
2187
2209
2214
2263
2266
2330
2340
2341
2404
2409
2438
2441
153
155
107
42
143
157
25
74
138
18
40
149
79
86
97
53
76
152
13
128
51
73
34
111
94
91
108
36
145
118
106
83
69
100
61
109
141
162
55
85
90
27
117
81
72
131
47
147
58
38
1
9
116
10
126
0
135
20
66
122
96
14
56
142
160
137
2
89
95
29
6
99
132
11
44
52
144
60
19
112
49
153
75
26
151
133
32
8
154
110
62
134
82
41
113
93
30
23
88
65
77
146
98
70
3
123
102
159
16
92
140
119
78
48
127
17
7
136
124
45
87
68
33
12
139
15
158
46
129
28
57
54
121
67
43
130
125
24
150
71
39
5
59
22
161
80
148
105
50
84
101
120
103
21
