259
14
38
41
44
47
49
54
56
57
69
72
87
88
106
108
127
136
140
142
152
156
159
172
175
180
216
234
245
262
273
285
287
288
305
310
333
342
343
345
358
362
363
367
379
387
395
411
421
428
434
438
439
447
451
459
460
466
473
476
481
483
503
506
513
521
522
531
533
535
543
544
549
550
561
570
579
580
588
592
593
609
623
643
671
672
679
680
699
700
701
713
764
768
776
781
801
802
812
830
837
854
873
887
904
928
938
949
953
956
958
964
966
980
995
1003
1004
1007
1016
1045
1073
1100
1102
1111
1121
1126
1140
1158
1208
1215
1228
1235
1240
1266
1271
1273
1279
1289
1293
1295
1305
1306
1311
1326
1329
1370
1372
1373
1400
1421
1430
1432
1441
1442
1460
1461
1466
1475
1507
1508
1525
1527
1529
1530
1541
1551
1559
1560
1567
1600
1603
1607
1609
1612
1615
1628
1641
1656
1665
1679
1684
1727
1741
1746
1761
1768
1778
1785
1819
1824
1830
1834
1839
1846
1859
1879
1886
1896
1904
1910
1913
1936
1939
1966
1971
1992
1995
1999
2004
2006
2015
2024
2026
2033
2051
2058
2076
2096
2103
2126
2130
2158
2207
2224
2228
2236
2242
2248
2257
2259
2269
2283
2306
2309
2315
2330
2350
2393
2401
2412
2418
2437
2438
2445
2451
2452
2457
2460
2481
2493
2531
2536
2540
2546
2562
2577
2587
2595
2596
2621
161
28
150
108
148
111
106
130
42
105
107
120
47
56
36
73
83
95
0
122
134
48
97
34
20
141
78
81
30
29
67
38
113
96
53
1
89
139
50
41
40
144
13
23
153
125
87
32
131
55
65
159
116
149
33
86
22
156
138
110
85
31
118
91
43
71
3
15
70
46
119
39
80
14
128
59
54
98
24
52
11
9
37
152
135
45
2
61
68
12
129
74
160
145
146
101
151
75
79
7
103
77
88
117
8
90
147
18
25
44
158
143
16
64
62
155
66
4
127
112
142
104
72
140
92
115
114
154
157
27
136
49
76
82
63
26
57
132
69
121
123
100
19
99
137
21
58
60
17
84
5
93
94
35
102
126
133
6
124
109
51
10
