243
4
17
21
45
57
70
73
78
121
124
125
127
152
158
163
164
196
208
211
215
220
226
227
250
252
254
256
259
270
295
306
320
335
349
350
362
379
400
417
418
428
439
449
464
465
478
493
500
508
513
535
554
587
595
602
612
622
629
630
639
640
668
674
681
691
701
725
731
756
761
775
776
785
788
789
806
827
843
882
885
915
919
924
925
933
937
961
964
967
997
1000
1018
1025
1047
1053
1060
1062
1066
1071
1081
1094
1105
1107
1122
1126
1127
1128
1142
1151
1166
1179
1183
1212
1213
1217
1218
1230
1233
1246
1274
1275
1287
1336
1339
1359
1360
1362
1364
1374
1440
1459
1461
1470
1510
1518
1534
1544
1557
1596
1603
1611
1618
1626
1627
1634
1666
1682
1685
1714
1731
1745
1757
1760
1767
1780
1789
1791
1814
1826
1828
1835
1842
1847
1873
1883
1900
1903
1904
1919
1929
1930
1936
1940
1952
1966
1971
1976
1991
1992
2007
2013
2022
2035
2037
2043
2065
2082
2085
2091
2096
2098
2105
2117
2127
2129
2135
2142
2145
2158
2163
2165
2169
2186
2188
2191
2218
2228
2235
2251
2259
2265
2271
2286
2288
2304
2311
2315
2323
2326
2337
2346
2351
2352
2360
2369
2391
2406
2407
2423
2435
2456
2457
2465
2471
2474
2485
2511
2514
2524
2525
2568
2609
2617
161
20
23
8
98
1
59
107
115
14
101
121
84
144
111
85
24
44
102
30
127
58
94
32
108
78
154
16
119
148
88
66
48
142
103
105
82
52
104
62
27
47
37
146
145
45
11
61
5
33
156
69
86
95
7
141
130
72
137
112
53
76
55
67
41
134
43
93
13
79
31
28
124
26
90
155
118
35
22
160
17
40
128
125
87
151
123
132
92
10
136
110
122
116
99
135
109
36
129
83
74
81
57
89
54
60
152
19
15
46
39
3
80
2
64
29
63
0
21
153
157
117
75
147
25
131
140
100
158
70
126
50
42
4
73
139
38
51
56
159
77
106
49
97
143
149
68
65
96
150
113
133
9
34
6
114
18
71
138
91
12
120
