149
21
23
37
41
50
53
54
67
76
79
86
88
96
111
120
128
131
137
144
147
159
162
163
168
170
178
181
190
192
198
206
217
222
234
237
241
242
247
249
256
261
268
277
293
296
300
310
333
372
374
386
387
388
405
411
414
435
438
442
447
453
455
466
473
475
483
490
493
501
510
513
530
532
536
538
543
545
546
561
568
574
579
581
592
598
607
608
611
619
641
665
671
682
698
699
701
702
711
714
720
739
741
742
754
763
766
774
792
803
808
813
818
819
825
828
834
835
836
840
866
873
879
881
884
890
908
911
920
928
931
949
956
975
989
991
1005
1006
1011
1020
1028
1037
1038
1051
1067
1086
1087
1091
1103
1105
75
81
39
60
64
35
68
44
49
79
61
28
69
80
30
70
17
47
75
7
48
37
50
84
54
74
15
32
67
23
0
41
40
42
83
76
33
1
5
20
59
9
87
11
34
72
12
18
22
77
38
65
10
36
2
3
57
85
55
62
31
16
43
51
53
63
45
4
56
82
58
14
78
6
13
19
