76
93
109
111
115
119
126
172
242
260
262
280
323
325
339
390
401
405
408
422
427
460
470
505
508
514
523
556
569
601
621
632
638
719
722
752
756
765
778
798
805
813
840
863
868
887
919
943
945
962
967
1011
1022
1042
1049
1059
1105
1151
1321
1361
1363
1365
1376
1527
1561
1575
1663
1666
1748
1752
1753
1755
1780
1784
1790
1831
1836
119
42
104
106
68
149
34
108
74
52
82
119
160
28
81
155
62
67
27
66
101
58
8
16
142
161
64
72
127
6
103
7
37
107
133
79
36
132
150
117
147
13
136
15
137
24
84
45
53
135
143
91
4
134
141
105
2
95
48
46
153
97
29
145
30
40
69
131
162
25
73
163
23
20
164
51
125
144
83
49
122
39
100
124
61
80
110
90
43
87
1
156
139
120
75
21
41
152
14
70
10
38
77
126
54
33
92
109
12
26
18
114
88
99
89
0
31
32
98
9
