669
6
7
8
11
17
18
19
22
23
24
29
34
38
40
43
45
47
51
56
57
61
62
64
71
72
73
74
89
90
94
95
99
100
102
103
104
107
109
110
113
116
119
122
127
129
132
134
136
138
139
140
143
145
146
147
148
149
150
151
158
160
166
170
171
172
173
174
178
180
182
183
184
189
191
202
204
209
211
212
213
214
226
227
228
229
231
232
235
240
250
251
253
254
260
262
265
266
267
269
271
273
275
281
282
283
284
285
288
291
293
295
298
300
303
304
306
309
313
317
319
325
327
330
333
337
338
339
340
344
345
347
349
351
352
353
354
356
358
359
360
361
366
367
378
379
380
382
384
386
391
392
393
395
396
397
398
400
402
403
405
406
407
416
417
422
423
424
431
433
434
435
437
438
439
444
446
447
450
451
452
455
458
462
463
470
473
474
475
476
479
482
484
485
488
490
491
493
494
497
499
502
504
505
508
509
512
515
520
523
526
527
532
535
536
538
539
540
541
542
544
546
548
552
555
556
557
558
561
567
568
569
576
579
580
583
594
595
597
599
603
606
607
611
612
619
620
624
627
631
632
639
643
644
648
650
651
654
655
657
661
663
665
666
670
671
674
685
689
692
693
695
698
701
705
707
710
711
712
713
715
723
724
728
730
736
737
739
740
741
742
743
744
749
750
756
758
759
760
762
763
766
769
770
772
773
776
790
791
792
793
798
819
822
827
829
830
832
836
837
838
840
841
842
845
857
862
865
871
874
877
878
879
880
881
883
890
892
894
895
902
912
914
918
921
924
926
927
930
932
935
936
939
952
956
957
959
963
964
967
968
969
974
975
976
983
984
985
987
992
994
995
998
1001
1011
1014
1017
1022
1023
1024
1028
1030
1034
1040
1042
1044
1046
1047
1049
1050
1051
1056
1057
1060
1062
1067
1068
1072
1073
1081
1082
1086
1087
1089
1090
1095
1097
1098
1099
1100
1101
1109
1113
1114
1117
1118
1122
1123
1130
1132
1134
1142
1145
1148
1150
1154
1157
1159
1162
1165
1169
1170
1171
1175
1179
1180
1182
1187
1192
1197
1198
1202
1204
1208
1210
1212
1219
1221
1224
1225
1228
1230
1232
1239
1242
1243
1245
1249
1250
1255
1258
1259
1261
1264
1269
1274
1282
1283
1284
1287
1289
1290
1293
1294
1295
1296
1297
1299
1300
1303
1304
1306
1307
1308
1312
1313
1318
1319
1320
1321
1329
1333
1335
1337
1339
1346
1350
1355
1358
1359
1361
1368
1370
1376
1378
1379
1381
1382
1383
1385
1386
1394
1398
1399
1401
1407
1410
1413
1418
1419
1421
1424
1425
1428
1430
1433
1438
1440
1446
1447
1450
1455
1458
1459
1465
1468
1470
1471
1482
1484
1485
1487
1490
1491
1494
1497
1499
1500
1502
1505
1506
1507
1508
1510
1511
1516
1518
1520
1521
1523
1530
1531
1533
1535
1536
1538
1540
1542
1544
1547
1550
1552
1553
1558
1559
1563
1564
1565
1571
1572
1578
1587
1592
1595
1596
1606
1607
1610
1612
1620
1623
1628
1633
1637
1638
1639
1640
1644
1646
1648
1650
1652
1654
1665
1668
1670
1671
1676
1677
1681
1682
1685
1687
1688
1689
1692
1695
1703
1706
1709
1710
1712
1713
1714
1720
1724
1728
1730
1733
1734
1735
1739
1741
1743
1744
1746
1747
1748
1752
1755
1763
1764
1765
1766
1767
1773
1774
1777
1781
1782
1785
1789
1790
1792
1794
1796
1804
1805
1806
1811
1812
1815
1818
1820
1821
1831
1833
1834
1836
1838
158
114
84
68
90
136
142
129
51
148
125
0
22
161
40
19
124
143
23
78
27
18
96
137
83
29
93
108
33
120
91
75
21
118
159
5
110
95
107
106
151
117
54
156
3
158
70
12
145
130
155
26
111
109
41
164
134
55
112
139
131
102
160
45
163
98
4
50
92
39
49
42
61
100
122
103
58
147
79
150
9
85
7
43
146
56
135
153
99
52
15
162
94
2
152
82
35
24
8
105
138
133
25
127
69
59
30
66
89
28
38
76
140
46
116
32
77
86
128
157
63
14
47
6
81
72
71
119
64
123
80
74
154
87
17
73
13
57
132
20
36
121
1
101
104
11
149
34
37
141
62
16
88
44
31
115
60
144
67
