118
55
191
221
227
228
234
254
255
256
307
320
343
358
393
434
442
452
457
460
474
484
493
509
518
533
548
617
623
633
651
706
730
748
756
761
833
869
877
924
931
967
974
977
978
1019
1037
1044
1072
1080
1091
1093
1116
1117
1135
1152
1157
1169
1187
1189
1209
1213
1223
1235
1264
1270
1317
1370
1377
1400
1403
1434
1483
1541
1545
1579
1580
1660
1665
1691
1695
1711
1742
1756
1763
1792
1806
1815
1821
1838
1843
1876
1887
1889
1890
1893
1901
1902
1909
1980
1987
2056
2073
2078
2086
2095
2178
2190
2195
2252
2290
2308
2311
2314
2318
2330
2339
2377
2444
158
117
79
96
60
136
137
52
1
34
39
95
82
3
20
38
49
84
64
151
125
92
69
127
27
80
158
148
88
131
118
8
70
23
43
113
144
26
81
21
149
37
7
135
76
162
146
155
143
45
78
119
59
126
159
68
18
74
121
12
147
138
32
139
102
111
152
10
85
11
61
77
16
4
91
128
19
2
134
33
42
141
83
22
161
122
17
97
53
24
46
100
142
106
5
90
94
133
101
132
116
71
156
44
89
65
87
93
36
114
150
98
123
72
63
145
140
130
129
107
75
40
51
48
104
14
86
105
62
66
47
56
57
29
31
120
110
54
157
73
112
13
9
160
25
41
67
108
6
58
99
15
30
50
124
154
0
153
109
