149
23
49
51
58
71
75
78
79
85
94
95
101
103
137
151
157
187
189
198
217
220
235
258
262
269
275
280
282
284
299
310
314
324
327
335
342
344
357
360
376
378
383
393
404
412
417
419
422
423
424
431
434
439
445
449
450
458
469
471
485
487
492
507
508
510
513
517
538
541
543
549
552
568
571
572
587
590
591
604
606
611
614
622
625
627
640
672
691
693
696
698
702
707
708
709
711
713
721
725
726
734
740
744
747
768
788
793
800
813
828
848
852
857
863
870
871
877
878
882
896
898
902
903
904
910
912
919
923
924
935
958
977
983
986
1006
1012
1015
1025
1028
1039
1063
1082
1084
1085
1090
1093
1097
1100
1102
74
81
39
73
35
17
48
9
64
15
61
87
7
69
30
68
79
21
54
85
1
80
16
18
53
3
12
10
28
5
84
11
49
70
2
31
78
24
75
71
22
72
44
56
4
43
26
50
14
58
46
19
32
27
38
25
62
51
45
8
55
34
6
20
41
47
23
60
63
77
65
82
74
42
29
