121
5
23
31
64
71
107
120
128
141
148
162
191
202
252
262
301
346
348
376
387
394
397
415
422
436
446
507
525
536
559
635
691
707
718
753
759
774
782
791
849
866
900
902
912
920
958
962
965
984
985
989
992
1019
1068
1160
1184
1208
1285
1292
1307
1339
1349
1369
1370
1394
1399
1404
1408
1418
1438
1442
1450
1456
1476
1494
1520
1541
1610
1634
1640
1656
1681
1721
1766
1792
1815
1850
1895
1897
1907
1911
1936
1980
1982
1989
1993
1997
1999
2034
2038
2100
2110
2112
2129
2134
2147
2174
2199
2216
2241
2252
2259
2291
2305
2306
2361
2364
2370
2405
2431
2440
162
33
7
31
73
0
160
120
53
92
113
28
119
19
109
108
27
100
111
65
121
55
126
39
86
110
29
5
131
149
41
3
2
134
4
62
146
150
87
137
64
25
48
151
78
54
63
12
89
91
69
74
158
47
103
147
105
40
10
116
125
32
141
115
84
82
139
71
154
142
118
161
75
124
117
16
145
140
18
70
13
60
79
8
129
132
58
52
61
107
93
68
50
42
51
123
155
1
99
94
26
6
34
157
22
17
144
133
36
122
96
101
35
66
156
23
57
9
76
95
59
77
21
83
72
11
56
37
127
14
81
159
162
148
88
45
128
67
90
136
30
80
114
38
152
102
153
43
143
46
112
106
130
24
85
138
20
44
104
97
135
15
98
