114
11
25
31
60
97
110
120
148
161
163
172
197
207
210
217
244
261
319
322
362
385
402
410
519
531
537
562
572
576
579
608
627
643
675
676
682
685
739
741
747
748
763
789
796
810
861
878
885
918
927
987
1009
1055
1078
1090
1117
1130
1153
1181
1188
1232
1240
1243
1245
1307
1333
1342
1348
1356
1389
1436
1441
1476
1480
1614
1618
1631
1647
1688
1724
1725
1738
1747
1753
1787
1802
1803
1909
1916
1941
1956
1968
1976
2004
2033
2049
2055
2091
2097
2098
2108
2153
2185
2199
2249
2253
2280
2315
2326
2355
2361
2371
2386
2429
162
83
29
159
130
72
101
92
63
78
129
69
60
34
144
88
61
55
70
62
37
123
15
150
76
1
77
26
100
73
38
23
160
90
4
131
47
126
133
31
66
53
139
122
143
117
97
35
98
96
119
58
127
39
114
84
36
106
64
22
28
54
71
158
67
118
0
107
149
49
145
140
13
43
56
65
30
146
104
79
137
108
91
110
52
116
7
12
152
32
20
68
75
9
99
109
124
148
21
87
128
125
24
46
105
102
10
44
136
147
161
14
3
94
5
151
27
6
16
120
156
41
95
40
132
82
112
18
111
42
85
113
162
155
2
25
11
50
33
135
103
154
89
51
8
81
17
80
121
74
86
59
48
115
93
138
157
19
45
153
142
134
57
