686
2
4
6
9
10
15
18
19
20
21
23
24
26
27
28
30
31
32
33
34
36
37
39
42
43
45
48
50
52
53
54
55
56
57
58
59
60
61
62
63
65
66
67
70
72
73
76
77
78
80
81
82
83
84
86
89
90
91
96
97
98
99
100
104
107
109
111
112
113
114
115
117
119
120
121
122
125
126
127
129
132
133
134
135
136
137
138
140
141
144
146
147
148
149
150
151
154
158
161
162
163
164
166
170
171
173
175
176
178
179
181
182
183
184
185
186
187
188
189
190
191
192
193
195
196
197
198
199
200
201
202
206
207
208
210
212
215
219
221
223
224
227
228
229
230
232
233
235
236
237
240
241
243
244
245
246
247
248
250
255
256
257
258
259
261
262
264
265
266
267
268
270
271
272
274
275
277
279
282
285
288
291
292
293
294
295
296
297
299
300
301
305
306
307
309
311
313
314
315
317
319
323
324
325
327
331
332
333
334
335
336
337
338
339
340
343
344
348
350
351
352
354
355
357
358
359
362
364
365
366
373
374
375
376
380
381
383
384
385
388
390
391
394
399
400
401
402
403
408
411
412
414
416
417
418
419
420
421
422
423
424
425
427
428
431
432
434
435
436
438
442
443
444
445
446
448
449
452
453
454
455
457
458
460
461
463
466
468
469
470
471
473
476
477
478
481
482
483
485
488
490
491
493
495
496
499
500
501
505
506
508
509
510
514
515
519
520
521
522
523
526
527
528
529
530
531
532
533
534
536
537
538
539
540
541
543
544
545
547
548
549
550
552
553
556
557
559
560
561
562
563
564
565
566
568
569
570
571
572
575
576
577
578
580
583
584
585
586
587
588
590
591
592
593
596
597
598
600
603
605
608
609
610
611
612
613
614
617
618
619
622
623
624
628
629
632
633
635
637
639
641
642
645
646
647
648
650
651
652
653
656
657
658
659
660
662
663
666
667
669
670
671
672
673
674
675
676
678
679
683
684
686
687
690
693
694
695
698
699
700
701
702
703
706
707
711
712
713
714
716
717
718
719
722
723
724
725
726
728
729
730
731
732
736
737
738
740
741
743
744
745
747
748
750
752
754
755
756
758
759
760
762
763
765
766
767
772
773
774
776
777
779
781
782
783
784
785
788
789
791
792
794
795
796
797
798
799
801
803
805
806
807
808
809
813
814
815
816
818
820
822
823
824
825
828
829
831
833
834
836
837
838
839
840
844
845
846
850
851
852
853
854
855
861
862
863
871
872
874
876
877
878
881
883
884
885
887
890
891
892
895
896
897
898
899
900
901
903
904
905
907
908
910
912
913
914
915
916
917
918
919
922
924
925
926
928
929
930
935
938
941
942
943
945
946
948
950
951
952
953
954
957
958
959
960
962
969
970
971
973
974
975
976
977
978
980
984
985
986
987
988
989
990
992
994
995
997
1001
1002
1007
1008
1010
1012
1014
1017
1018
1019
1020
1024
1025
1027
1028
1029
1030
1033
1039
1041
1044
1045
1048
1049
1050
1052
1054
1055
1057
1060
1062
1063
1065
1066
1067
1068
1069
1070
1073
1076
1079
1080
1081
1082
1083
1084
1086
1087
1090
1092
1094
1096
1097
1098
1100
1102
1104
1105
1106
83
49
52
43
86
83
36
82
2
66
32
10
29
28
48
34
16
47
25
11
71
30
37
40
61
27
4
69
80
75
23
55
84
17
67
53
60
6
18
41
62
1
9
68
78
14
22
63
20
38
70
15
3
31
56
50
74
13
0
8
7
77
58
54
12
76
72
5
81
35
59
21
51
33
65
73
64
24
87
19
42
46
85
45
