229
1
8
11
30
33
40
45
49
54
72
110
144
156
159
183
191
223
231
234
245
253
254
275
280
321
322
345
349
371
373
387
395
403
419
428
439
450
455
477
498
506
507
509
524
557
568
580
584
588
602
613
629
662
665
673
681
690
712
731
774
776
777
795
806
809
813
822
839
840
908
917
918
934
947
949
965
970
972
974
987
991
996
1005
1006
1019
1043
1058
1071
1075
1086
1096
1097
1104
1107
1131
1143
1146
1147
1155
1163
1166
1171
1179
1186
1208
1245
1251
1287
1300
1304
1314
1355
1365
1367
1381
1384
1401
1407
1411
1423
1456
1460
1461
1466
1506
1508
1535
1539
1573
1588
1603
1604
1610
1632
1642
1645
1651
1652
1686
1701
1711
1723
1725
1726
1742
1748
1756
1760
1775
1791
1812
1814
1829
1855
1856
1879
1891
1895
1926
1951
1957
1981
1997
2006
2007
2009
2012
2024
2035
2041
2051
2052
2053
2060
2063
2084
2098
2109
2122
2124
2127
2132
2135
2137
2141
2146
2158
2164
2169
2181
2207
2214
2219
2237
2252
2256
2258
2261
2269
2276
2283
2289
2300
2301
2303
2306
2329
2345
2347
2361
2385
2405
2407
2414
2448
2450
2474
2475
2480
2494
2498
2500
2527
2567
2570
2586
2598
2605
2618
160
76
98
157
32
40
122
103
3
15
136
48
44
92
73
28
158
100
4
97
142
14
151
120
121
112
33
16
43
20
79
96
149
19
144
93
66
116
132
59
18
102
23
58
130
68
36
82
74
101
153
133
85
110
75
123
5
1
51
77
147
37
87
54
55
154
29
129
12
137
90
13
35
52
8
152
135
117
108
111
106
53
70
140
107
69
155
141
50
72
38
49
80
99
67
6
21
24
27
139
46
148
34
160
22
125
31
86
10
146
25
56
2
39
11
145
26
128
60
42
78
17
104
71
83
134
64
65
115
57
156
89
88
41
124
126
105
30
84
94
113
127
81
63
0
119
159
150
138
45
91
47
109
143
95
114
131
118
9
61
7
