149
28
30
40
42
52
64
65
66
73
80
82
92
94
95
96
100
106
109
112
126
134
145
153
164
165
166
167
172
176
177
198
207
213
221
222
225
230
235
236
242
243
244
266
276
288
307
315
318
322
324
326
328
338
344
350
354
364
379
382
389
403
418
430
431
434
453
478
479
491
493
502
504
510
533
541
546
550
567
568
573
575
577
578
608
613
617
620
626
638
640
647
665
669
686
690
695
696
700
711
718
721
728
737
742
759
760
761
769
779
783
792
796
797
815
818
840
841
845
846
847
849
851
863
873
884
893
905
928
938
950
957
967
977
996
1002
1004
1014
1016
1036
1048
1051
1054
1056
1058
1068
1088
1095
1102
1107
76
20
10
21
4
52
22
51
15
87
85
57
73
75
79
14
32
48
69
28
72
47
70
82
80
77
36
42
29
19
67
34
1
71
5
25
84
86
23
81
24
76
74
54
61
35
2
6
63
26
50
16
0
7
9
38
60
53
27
37
83
58
65
56
62
11
17
41
18
49
45
44
78
64
3
8
40
