106
55
66
72
75
87
101
121
166
181
187
215
263
267
277
324
348
350
373
377
387
434
452
460
537
551
597
613
616
630
636
657
658
680
712
716
725
747
834
840
911
927
939
941
987
1007
1076
1079
1118
1175
1183
1187
1218
1229
1230
1269
1300
1341
1354
1372
1380
1398
1491
1512
1535
1536
1544
1556
1575
1581
1582
1625
1639
1683
1731
1748
1771
1864
1883
1894
1895
1902
1924
1952
1959
1960
2004
2026
2061
2068
2092
2164
2172
2180
2203
2207
2230
2244
2247
2248
2279
2330
2367
2382
2390
2434
2440
155
84
10
51
1
53
73
5
42
102
158
81
27
83
87
135
121
145
20
64
150
46
59
32
129
96
70
33
78
30
106
99
11
86
125
157
94
47
77
29
141
130
155
25
95
111
116
37
44
72
60
139
8
161
9
154
136
56
92
55
97
18
126
152
43
107
137
108
13
63
104
52
131
144
80
61
82
21
98
124
115
17
143
118
34
14
35
123
74
67
162
156
110
138
120
0
105
57
3
26
31
45
62
160
41
65
66
76
127
15
151
90
148
149
112
48
159
122
128
22
16
133
132
113
147
134
49
7
58
153
103
71
24
119
69
100
142
54
2
93
4
91
12
85
40
19
39
68
88
114
36
6
79
50
38
109
