686
6
8
9
10
14
16
18
19
20
21
22
23
24
26
29
30
32
35
36
37
38
39
41
42
44
48
50
52
55
56
58
59
63
65
67
68
69
70
71
75
78
80
81
82
83
84
86
87
89
90
91
94
96
101
102
103
105
106
107
108
110
112
114
117
118
119
121
124
125
128
131
132
133
134
135
136
137
138
139
140
142
143
148
149
150
151
153
154
155
156
158
159
160
162
163
166
167
168
169
171
172
174
175
176
177
179
180
181
182
184
185
186
187
190
192
193
196
198
199
200
203
205
206
208
209
210
211
214
215
216
217
218
220
221
222
223
224
225
226
227
228
229
234
235
237
238
241
242
243
245
247
248
249
251
253
254
255
256
258
262
264
265
267
268
269
274
275
276
277
279
280
283
284
286
288
292
293
294
296
298
299
304
305
306
307
310
313
316
319
320
321
322
325
326
327
328
331
333
337
338
340
341
342
343
345
346
347
349
350
351
352
353
354
355
357
358
360
363
367
368
369
371
372
373
374
375
376
377
380
381
382
383
384
385
386
387
388
389
390
391
392
396
397
398
399
405
407
408
410
411
412
413
414
415
416
417
419
420
421
422
425
427
429
430
431
433
434
436
441
442
444
445
446
447
448
449
451
453
459
460
461
462
465
466
469
470
471
472
474
477
478
479
480
482
483
484
485
486
487
488
489
493
494
495
496
498
499
502
503
504
505
506
511
512
513
514
515
516
517
518
519
522
525
526
528
529
530
531
536
537
538
539
542
543
547
548
549
551
552
553
555
556
557
558
560
562
563
565
566
567
568
571
572
574
576
579
582
585
588
590
591
593
594
596
597
598
599
601
603
604
605
606
607
608
609
610
611
612
613
614
616
617
619
620
621
624
625
627
628
629
631
632
633
634
635
638
639
642
644
645
646
647
649
651
653
655
657
659
660
663
664
665
668
669
671
672
673
674
675
677
680
681
682
685
688
689
691
692
697
699
700
703
704
709
712
713
714
715
717
720
721
722
723
724
725
726
727
729
731
732
733
735
736
737
738
741
742
745
746
748
749
750
751
752
754
755
757
758
759
760
761
762
763
764
767
768
770
772
776
777
778
779
781
782
783
784
787
788
789
790
791
792
793
794
795
796
797
799
800
801
802
804
805
806
807
808
810
811
812
814
816
818
820
821
823
824
825
828
830
832
835
836
837
838
841
842
844
845
846
847
849
851
856
857
858
861
863
866
868
869
871
872
873
874
878
879
880
882
885
887
889
892
894
895
897
898
899
902
903
906
912
915
918
919
921
924
925
926
927
928
929
930
931
932
934
936
938
939
940
942
943
944
945
946
947
950
951
953
954
955
958
959
960
961
962
963
965
967
968
970
971
973
974
976
978
980
985
986
988
992
993
995
996
997
998
999
1000
1001
1002
1003
1004
1006
1007
1010
1013
1015
1016
1018
1019
1020
1021
1022
1023
1024
1025
1027
1028
1029
1032
1034
1036
1039
1040
1042
1046
1047
1048
1049
1050
1052
1053
1055
1056
1058
1059
1060
1061
1062
1063
1064
1065
1066
1068
1072
1073
1074
1077
1078
1079
1080
1081
1082
1083
1086
1087
1088
1089
1091
1092
1094
1095
1098
1101
1103
1105
1106
82
80
28
87
58
30
49
44
21
7
1
10
68
33
22
59
75
3
84
12
40
17
27
18
26
53
65
38
55
45
86
4
11
35
6
47
60
13
71
41
85
31
52
82
62
8
43
19
0
70
9
76
32
25
69
5
56
64
29
54
67
77
15
81
37
74
61
83
46
57
2
48
73
42
36
23
14
16
51
72
78
20
24
