122
139
167
193
218
219
232
238
242
250
266
280
305
352
367
382
397
398
451
460
477
488
500
558
615
616
626
627
662
666
698
751
769
774
816
817
839
853
872
892
896
920
929
940
948
956
979
985
991
1005
1007
1010
1036
1040
1117
1129
1159
1174
1195
1236
1250
1265
1287
1289
1297
1299
1338
1373
1422
1428
1436
1441
1447
1472
1521
1529
1530
1539
1565
1568
1579
1598
1605
1634
1635
1676
1678
1707
1726
1780
1783
1801
1805
1828
1830
1850
1852
1894
1908
1965
1967
2028
2063
2065
2069
2072
2102
2104
2118
2155
2172
2182
2196
2206
2260
2271
2299
2318
2328
2330
2356
2384
2400
153
157
60
8
81
147
42
21
150
142
148
84
57
11
141
115
33
46
162
54
12
85
144
121
111
61
127
24
55
158
2
113
39
130
93
82
92
129
145
1
58
118
77
23
73
87
131
154
56
76
32
30
67
16
65
143
91
78
106
153
51
59
149
100
103
7
151
97
160
108
86
114
139
14
117
3
9
72
109
159
102
119
22
6
99
138
123
69
4
49
40
10
94
137
140
15
19
31
155
120
36
134
70
71
64
44
112
52
29
110
47
34
27
104
161
53
146
68
133
45
90
43
96
50
107
126
35
20
80
25
156
0
124
28
136
89
18
41
116
98
79
75
132
37
88
122
83
48
135
125
63
13
74
101
