279
19
30
32
40
60
75
81
83
89
93
110
124
130
133
136
137
149
152
170
174
204
212
214
215
216
228
243
263
268
283
287
293
297
298
299
316
335
338
342
346
350
365
376
382
403
405
414
420
423
427
440
454
468
473
476
486
518
523
524
529
537
541
546
558
565
571
572
577
579
587
589
591
592
596
597
612
665
670
671
680
681
688
700
702
714
721
747
775
778
784
787
791
824
831
854
931
935
942
958
959
965
969
1014
1025
1031
1046
1053
1055
1056
1077
1081
1087
1113
1124
1130
1132
1139
1143
1147
1156
1162
1174
1182
1187
1189
1213
1215
1227
1233
1242
1249
1271
1276
1283
1319
1327
1337
1383
1384
1389
1397
1413
1421
1429
1446
1453
1464
1466
1482
1491
1506
1508
1518
1526
1529
1534
1535
1540
1566
1577
1592
1603
1605
1609
1618
1621
1625
1628
1635
1643
1649
1673
1702
1706
1711
1713
1714
1749
1753
1755
1767
1774
1787
1791
1810
1812
1830
1839
1844
1847
1873
1884
1885
1897
1911
1926
1929
1953
1970
1974
1981
1987
2000
2008
2012
2026
2052
2054
2055
2066
2069
2071
2077
2084
2098
2105
2110
2125
2126
2137
2147
2152
2162
2177
2178
2190
2199
2226
2228
2231
2236
2242
2250
2265
2268
2280
2281
2282
2284
2348
2349
2361
2379
2396
2398
2400
2403
2405
2416
2422
2425
2428
2440
2444
2453
2456
2466
2510
2511
2519
2520
2521
2524
2530
2539
2546
2551
2558
2561
2575
2577
2579
2584
2605
2611
2612
2615
2622
2624
153
99
136
88
65
92
143
156
0
158
1
38
27
148
133
152
68
79
73
9
4
104
42
23
113
129
39
64
155
5
31
132
77
85
51
20
28
126
12
137
30
36
47
144
121
82
58
106
62
43
33
22
84
86
76
53
8
110
10
160
103
91
63
142
19
67
94
72
59
13
69
112
117
127
18
32
122
157
154
131
6
26
40
14
49
60
37
146
57
100
25
105
89
93
125
138
45
108
98
74
24
80
50
15
66
153
150
55
130
97
151
41
96
145
139
11
61
140
48
147
134
115
16
101
2
3
7
90
118
56
54
124
78
46
52
21
128
111
107
70
95
119
159
81
75
149
34
123
109
83
116
35
141
120
