118
176
178
281
293
294
297
321
355
357
358
369
371
405
410
440
460
462
467
469
495
507
598
600
620
643
679
705
725
730
736
737
760
762
770
771
782
797
872
877
898
930
953
969
976
989
999
1011
1024
1038
1050
1056
1060
1062
1067
1084
1100
1153
1211
1228
1230
1260
1290
1300
1305
1331
1346
1360
1375
1392
1404
1476
1479
1527
1528
1546
1555
1570
1649
1676
1692
1700
1716
1734
1747
1756
1767
1787
1790
1808
1852
1866
1869
1882
1894
1895
1896
1922
1936
1972
2032
2037
2053
2083
2107
2145
2158
2182
2233
2242
2243
2256
2308
2346
2366
2396
2408
2413
2435
150
52
154
38
147
27
79
146
161
160
42
153
105
77
51
128
101
137
9
56
96
69
30
12
90
29
106
70
80
40
135
134
132
121
63
156
26
133
43
72
20
139
35
16
71
100
3
89
36
50
124
87
145
88
66
107
98
47
157
143
118
109
159
129
73
131
93
162
32
48
144
55
140
8
112
141
78
152
151
119
114
23
39
95
49
18
4
116
68
83
6
14
122
0
138
7
24
155
15
102
37
59
82
81
25
85
115
62
97
111
92
94
1
127
108
76
22
136
5
53
74
58
65
19
31
125
61
44
67
120
10
148
113
149
41
110
150
57
64
130
54
34
46
28
2
45
126
158
104
86
21
