226
30
38
48
52
58
67
70
88
102
104
105
152
176
178
187
191
199
207
210
216
230
232
235
244
250
290
308
319
337
342
353
361
365
377
380
382
384
408
419
420
451
456
468
475
479
484
486
508
525
532
546
552
555
556
572
576
587
588
594
612
613
631
635
651
653
657
683
688
694
695
697
703
711
751
772
794
822
832
842
851
857
894
898
903
951
984
992
998
1006
1007
1021
1030
1040
1068
1077
1082
1093
1095
1110
1121
1124
1166
1182
1185
1214
1216
1226
1249
1261
1262
1274
1288
1299
1337
1347
1350
1351
1362
1370
1397
1408
1434
1463
1472
1524
1534
1544
1545
1547
1572
1575
1601
1607
1608
1643
1667
1681
1684
1697
1707
1719
1740
1750
1763
1778
1782
1783
1788
1793
1801
1838
1846
1853
1858
1859
1872
1885
1905
1911
1939
1940
1941
1942
1947
1987
2002
2008
2012
2014
2019
2022
2031
2041
2046
2056
2057
2065
2073
2075
2093
2099
2110
2126
2128
2149
2152
2177
2249
2251
2256
2257
2268
2270
2301
2320
2324
2327
2360
2361
2373
2378
2381
2383
2386
2418
2427
2436
2443
2454
2478
2484
2497
2499
2504
2518
2535
2553
2563
2573
2575
2583
2584
2606
2610
2620
2621
161
108
121
116
110
120
7
106
35
115
125
132
101
141
53
81
139
82
96
97
63
19
17
75
39
79
86
67
84
61
114
11
0
100
149
10
73
26
91
32
80
151
56
154
138
94
60
41
44
131
104
89
119
8
3
122
147
40
127
37
87
152
23
117
13
70
36
118
113
25
77
137
66
1
92
52
102
83
57
148
34
24
14
27
123
33
74
143
124
28
136
145
158
135
59
130
9
51
98
128
146
140
38
31
93
99
42
90
150
20
55
4
18
62
71
153
107
2
47
160
157
49
29
109
155
45
30
85
76
5
133
15
65
72
103
50
78
43
111
58
156
21
64
16
144
88
134
112
12
46
22
126
159
142
6
48
95
105
69
54
68
129
