122
24
31
43
82
97
154
178
182
234
256
289
301
306
344
365
371
380
387
388
409
423
435
446
449
501
510
532
581
583
591
666
681
683
705
731
734
768
778
783
806
807
816
818
833
851
857
884
902
910
928
959
964
1009
1019
1035
1086
1101
1148
1153
1169
1198
1203
1218
1332
1335
1365
1379
1386
1432
1437
1447
1462
1467
1470
1471
1488
1509
1516
1603
1613
1624
1635
1637
1641
1652
1698
1702
1745
1751
1770
1807
1815
1852
1872
1880
1881
1959
1985
2023
2071
2078
2127
2135
2142
2145
2176
2209
2213
2221
2228
2263
2274
2275
2285
2292
2325
2352
2397
2400
2415
2425
2443
162
109
83
119
101
85
77
132
49
31
21
135
127
108
128
25
125
20
131
74
95
35
158
50
3
129
112
57
110
69
65
130
106
56
116
87
86
18
29
122
76
155
107
150
161
14
93
61
88
104
22
79
153
81
115
28
105
43
90
102
47
36
142
92
139
152
151
126
91
133
38
113
72
75
8
44
0
59
117
154
6
141
2
19
146
55
33
97
67
41
120
32
52
160
9
39
13
26
11
42
80
143
46
12
62
7
40
17
124
23
94
89
98
103
145
99
96
123
136
1
140
118
144
53
45
121
15
157
48
58
16
73
71
27
134
156
10
51
68
66
24
111
30
159
148
54
34
64
63
147
84
60
37
137
138
162
78
82
100
149
5
114
4
