109
110
131
133
143
180
192
205
207
235
270
271
284
292
346
374
375
396
411
460
482
517
579
599
669
679
684
732
737
742
755
756
769
812
814
912
923
940
972
987
1040
1046
1048
1056
1068
1074
1086
1136
1150
1178
1197
1198
1201
1240
1261
1280
1301
1318
1322
1362
1382
1414
1424
1466
1467
1594
1595
1607
1610
1628
1631
1673
1709
1711
1750
1778
1808
1843
1869
1898
1900
1950
1955
1986
1987
1997
2009
2024
2035
2119
2130
2163
2180
2185
2194
2197
2213
2226
2235
2275
2302
2312
2316
2317
2318
2355
2369
2378
2406
2430
148
49
33
158
73
82
117
72
97
50
109
90
43
119
84
44
79
105
148
60
31
154
99
93
118
128
145
66
52
102
38
75
22
29
48
127
10
19
81
45
26
59
101
100
162
61
146
157
56
107
125
112
20
106
74
131
53
96
5
2
8
4
35
132
152
39
129
92
155
18
138
123
160
134
1
156
68
54
6
69
136
108
46
120
86
51
67
126
57
3
149
115
95
103
12
161
153
142
70
28
87
34
88
13
9
65
135
14
124
83
143
116
80
140
114
76
98
77
55
121
37
17
130
47
41
71
159
137
122
150
89
113
11
0
27
64
30
32
151
42
25
58
23
36
16
133
85
21
144
