120
4
47
68
95
99
117
139
143
148
149
191
213
249
268
280
333
335
378
384
390
403
425
476
478
495
531
532
578
581
613
623
627
638
661
675
688
694
697
700
705
735
803
821
849
908
961
965
977
1038
1073
1124
1142
1187
1208
1212
1221
1224
1238
1250
1276
1309
1341
1358
1388
1416
1431
1436
1448
1452
1462
1485
1489
1490
1505
1516
1538
1539
1551
1564
1568
1576
1652
1691
1697
1706
1749
1771
1784
1809
1847
1858
1891
1946
2000
2009
2024
2027
2028
2077
2083
2155
2175
2181
2199
2205
2210
2237
2271
2292
2301
2311
2347
2348
2363
2372
2397
2402
2416
2425
2434
157
121
36
115
20
44
32
94
24
117
90
128
12
85
136
25
3
144
38
41
40
22
110
103
23
72
123
86
2
140
145
39
118
119
16
105
142
51
150
127
59
147
48
116
8
64
62
148
6
21
139
132
46
138
29
79
37
82
134
0
108
158
26
154
13
97
81
43
77
89
92
56
131
53
104
93
153
107
75
114
34
99
87
159
157
10
98
50
95
33
101
100
15
69
57
63
146
45
65
130
9
73
58
126
80
155
141
78
4
152
162
14
19
122
125
143
88
66
84
17
129
137
52
70
112
151
18
109
61
106
35
7
113
135
11
120
160
30
96
60
102
111
31
55
149
156
28
74
5
161
27
133
76
42
83
124
54
47
