674
7
10
11
13
16
20
21
23
26
27
29
30
31
32
33
37
38
41
43
47
51
53
54
55
56
58
59
60
62
74
75
77
81
94
102
103
106
114
117
118
122
126
128
131
132
134
136
138
140
142
144
148
149
154
156
158
159
160
163
166
167
168
169
171
172
174
175
180
185
193
195
203
205
208
210
212
214
217
218
221
226
228
231
234
236
238
239
240
245
247
249
250
257
258
259
261
262
263
267
271
274
275
276
277
279
280
289
291
293
297
298
300
305
308
310
311
312
313
315
320
327
328
331
332
338
340
342
344
350
352
353
355
365
367
368
369
370
372
373
375
376
377
378
384
386
387
389
390
392
397
402
410
412
414
418
420
422
424
431
433
438
440
441
442
452
454
455
457
459
460
462
464
465
466
470
471
472
473
477
479
480
485
488
490
491
497
499
500
505
507
515
520
523
524
529
530
535
539
542
544
546
548
549
551
554
555
556
557
558
559
561
562
568
569
571
575
580
581
585
592
595
597
601
602
604
606
609
611
613
616
617
623
625
633
636
639
640
648
656
657
661
662
664
668
672
673
675
677
678
683
685
692
694
695
696
697
701
702
706
710
712
724
727
732
733
734
740
744
750
752
754
764
767
770
771
774
775
777
780
781
784
785
786
787
789
790
793
794
795
797
801
802
803
806
808
811
816
817
818
819
822
823
825
826
828
830
831
832
839
843
845
849
854
855
856
857
858
860
864
866
869
870
871
874
875
877
881
883
884
886
887
888
889
891
893
894
895
896
897
901
902
904
908
915
916
918
920
923
925
927
928
930
931
933
934
938
939
942
943
944
946
950
951
952
955
958
961
963
969
972
973
974
975
976
978
980
981
983
987
992
993
995
997
998
1001
1002
1003
1010
1011
1012
1013
1016
1018
1020
1022
1024
1025
1027
1030
1031
1033
1036
1042
1043
1047
1050
1053
1055
1056
1062
1063
1068
1071
1073
1078
1081
1084
1086
1088
1089
1091
1092
1094
1097
1098
1101
1103
1106
1112
1115
1119
1124
1127
1132
1141
1143
1144
1147
1153
1155
1156
1158
1164
1165
1166
1167
1174
1176
1181
1186
1187
1196
1198
1202
1206
1209
1211
1213
1214
1221
1222
1230
1232
1233
1234
1235
1239
1241
1244
1250
1253
1254
1259
1264
1265
1267
1269
1274
1275
1277
1281
1283
1285
1287
1293
1298
1299
1301
1303
1305
1307
1312
1313
1314
1315
1317
1319
1321
1322
1323
1324
1325
1330
1331
1332
1333
1335
1336
1339
1341
1343
1347
1354
1356
1361
1363
1373
1375
1376
1381
1383
1386
1387
1398
1404
1407
1409
1410
1411
1412
1413
1414
1416
1417
1418
1419
1421
1428
1429
1431
1432
1436
1441
1442
1445
1450
1451
1452
1456
1464
1466
1478
1479
1484
1490
1491
1494
1495
1497
1513
1514
1515
1516
1517
1520
1522
1525
1529
1530
1532
1535
1536
1537
1542
1543
1548
1553
1560
1563
1564
1565
1569
1571
1572
1576
1582
1584
1585
1591
1593
1594
1598
1599
1603
1607
1610
1612
1619
1622
1623
1624
1625
1631
1633
1635
1637
1639
1640
1642
1643
1645
1646
1647
1649
1650
1652
1654
1657
1659
1662
1664
1666
1668
1672
1673
1676
1677
1678
1682
1683
1690
1695
1697
1699
1702
1710
1716
1718
1721
1727
1728
1734
1738
1743
1748
1750
1751
1753
1761
1762
1766
1770
1771
1779
1784
1785
1786
1788
1790
1792
1803
1805
1808
1809
1810
1812
1815
1816
1817
1818
1822
1823
1830
1840
157
61
42
116
9
144
51
92
14
31
161
95
121
126
148
34
16
141
58
143
118
50
36
154
81
64
63
113
86
12
117
69
68
163
142
5
60
115
93
74
37
96
149
124
134
105
77
129
98
59
57
100
139
49
97
153
7
130
48
67
160
72
52
56
19
107
132
125
80
131
84
88
133
104
162
128
30
94
120
3
70
41
28
35
55
75
21
73
2
155
66
135
23
8
164
65
27
138
33
13
89
0
157
159
1
122
46
147
151
112
43
71
158
15
79
54
26
44
17
119
123
110
111
18
145
78
114
127
32
25
90
85
22
40
4
62
76
87
108
146
53
6
91
39
24
29
106
83
109
38
103
150
82
140
156
99
45
20
