251
1
2
3
19
22
24
29
37
48
49
51
52
67
98
102
125
130
156
170
180
185
188
209
213
241
242
245
246
253
303
305
317
324
330
347
355
356
361
371
373
375
382
384
400
410
417
430
433
436
437
444
451
460
468
471
472
481
491
501
503
506
520
521
532
534
539
542
578
583
595
614
638
639
651
666
685
699
712
730
748
774
816
835
841
859
900
904
913
931
936
959
989
1000
1001
1015
1031
1040
1045
1054
1075
1083
1094
1096
1101
1121
1122
1130
1157
1161
1167
1186
1216
1220
1239
1263
1276
1279
1286
1291
1303
1315
1316
1328
1345
1361
1377
1378
1379
1385
1394
1401
1405
1417
1422
1427
1442
1460
1468
1474
1482
1488
1521
1526
1529
1531
1538
1571
1581
1585
1593
1607
1612
1621
1629
1639
1640
1652
1661
1662
1679
1683
1684
1688
1702
1714
1732
1734
1743
1763
1769
1779
1794
1802
1827
1836
1844
1845
1876
1879
1891
1898
1937
1962
1984
1992
2010
2023
2073
2078
2082
2086
2105
2134
2135
2137
2138
2140
2153
2169
2179
2188
2189
2193
2199
2200
2210
2215
2217
2225
2239
2240
2247
2271
2272
2274
2279
2283
2292
2300
2328
2359
2361
2379
2403
2425
2441
2445
2446
2450
2451
2459
2461
2472
2481
2482
2491
2502
2503
2504
2508
2520
2535
2553
2555
2557
2571
2572
2581
2594
2598
2604
161
10
81
9
95
11
91
84
155
139
123
114
35
32
122
70
127
85
106
0
5
154
97
59
108
47
136
73
58
159
4
96
27
77
75
20
115
30
151
21
7
3
76
43
93
24
138
56
45
67
132
26
72
117
19
147
145
78
53
34
29
119
36
160
158
12
38
22
129
92
80
79
125
86
105
98
83
60
55
135
51
94
1
14
146
104
128
101
31
25
65
130
8
102
2
143
134
133
41
68
157
120
17
23
100
111
87
131
74
156
42
13
116
141
90
39
121
150
126
64
71
144
37
112
153
152
16
107
99
149
6
140
49
61
28
142
44
66
18
52
82
46
62
15
48
33
57
40
124
89
50
148
137
113
109
103
63
88
110
54
69
118
