690
11
13
14
15
17
18
20
21
22
23
25
26
28
31
32
34
36
39
43
44
45
46
51
56
60
65
66
67
69
70
72
76
77
79
83
89
91
93
95
98
100
102
103
104
105
108
110
114
115
116
118
119
130
134
135
139
141
142
145
147
149
150
156
159
160
162
165
167
168
170
173
176
179
181
182
184
185
186
187
189
190
195
197
198
200
201
202
205
209
214
217
219
225
227
236
249
250
251
252
253
254
259
260
261
262
264
267
268
270
273
277
278
279
280
281
284
288
291
292
293
303
305
306
309
311
315
317
328
329
330
331
333
339
342
343
344
345
346
347
349
350
353
357
360
361
362
369
378
380
382
389
401
409
412
414
416
418
427
434
438
440
441
445
449
453
458
459
463
464
467
468
474
480
482
483
485
487
491
492
494
495
496
500
501
502
504
506
515
516
517
522
530
533
536
539
540
545
547
548
554
559
560
563
569
571
574
575
577
578
579
580
582
586
589
592
593
596
601
602
604
605
606
614
616
619
620
623
626
628
630
632
637
639
640
641
644
646
647
650
651
652
654
656
657
658
667
668
670
674
675
676
678
683
684
686
690
695
696
699
704
709
715
717
718
719
722
723
724
725
726
728
729
730
733
734
739
742
743
746
747
749
752
754
759
761
763
767
768
771
774
775
779
783
785
787
790
791
792
793
795
797
799
800
801
802
804
805
806
810
811
812
813
815
818
820
821
830
833
835
838
843
845
860
862
863
865
866
872
874
875
879
886
888
890
891
892
898
899
900
901
906
912
913
915
916
922
923
924
930
931
935
936
939
941
943
945
946
948
949
951
952
955
960
963
964
965
966
967
968
969
973
977
980
983
984
986
989
990
992
1001
1002
1003
1005
1007
1008
1009
1010
1013
1015
1017
1018
1021
1022
1023
1026
1027
1029
1036
1040
1045
1046
1047
1048
1051
1053
1054
1055
1057
1060
1068
1072
1078
1081
1087
1094
1097
1103
1104
1106
1111
1114
1121
1124
1127
1130
1135
1138
1140
1142
1143
1145
1153
1154
1159
1171
1172
1173
1176
1177
1180
1188
1191
1194
1195
1196
1199
1208
1209
1210
1211
1215
1216
1219
1220
1221
1222
1223
1224
1231
1232
1233
1235
1236
1237
1239
1241
1242
1243
1248
1252
1257
1258
1263
1265
1267
1268
1276
1285
1289
1290
1291
1293
1300
1301
1305
1308
1311
1315
1320
1327
1330
1333
1334
1338
1339
1340
1345
1346
1349
1350
1351
1354
1355
1356
1357
1361
1364
1365
1366
1367
1369
1371
1372
1376
1379
1386
1396
1399
1400
1403
1405
1407
1409
1412
1414
1416
1417
1424
1426
1429
1431
1434
1435
1438
1439
1440
1441
1446
1448
1451
1456
1461
1463
1464
1471
1479
1482
1483
1484
1488
1495
1498
1501
1505
1507
1508
1509
1515
1518
1520
1523
1526
1530
1532
1539
1540
1541
1542
1544
1546
1547
1548
1552
1555
1560
1561
1564
1565
1568
1569
1571
1578
1580
1581
1583
1584
1586
1587
1588
1589
1592
1593
1598
1603
1605
1606
1611
1612
1614
1616
1617
1618
1621
1622
1623
1626
1634
1636
1637
1639
1644
1645
1646
1647
1649
1653
1654
1655
1657
1660
1661
1662
1665
1668
1673
1677
1679
1681
1682
1683
1687
1689
1690
1691
1693
1696
1699
1701
1702
1704
1706
1710
1715
1716
1717
1721
1724
1726
1727
1729
1735
1737
1743
1745
1747
1748
1750
1752
1755
1756
1760
1761
1774
1775
1777
1782
1783
1785
1788
1792
1794
1796
1798
1800
1802
1808
1809
1816
1821
1822
1824
1825
1826
1827
1833
1835
1836
1837
1839
1840
157
12
141
123
27
6
34
4
3
75
64
8
103
151
79
73
2
17
83
146
161
49
22
66
33
46
90
107
0
15
100
136
150
35
148
30
117
80
70
94
104
105
96
160
57
153
67
111
5
19
149
125
119
53
44
16
132
26
87
102
106
95
81
59
54
131
162
25
144
24
71
36
152
127
140
158
52
120
155
110
43
92
62
37
74
108
51
113
88
31
116
145
84
124
9
159
68
109
86
60
82
40
164
41
142
130
61
38
133
28
98
157
58
1
63
78
65
45
10
32
114
118
29
55
147
18
134
39
122
85
163
156
21
13
42
99
7
121
101
69
77
47
50
126
76
91
129
138
112
154
14
143
93
56
97
135
72
20
