124
55
148
168
170
209
217
219
229
237
241
252
260
305
356
360
368
400
401
423
426
437
443
460
468
511
515
524
531
534
540
549
556
566
591
594
603
604
621
661
689
719
725
727
738
746
760
775
779
812
820
835
854
870
876
883
964
997
1009
1028
1046
1069
1072
1128
1129
1151
1154
1159
1169
1171
1174
1232
1234
1246
1258
1266
1273
1302
1305
1323
1329
1384
1409
1449
1455
1489
1495
1551
1605
1642
1678
1689
1710
1740
1812
1814
1830
1839
1850
1880
1902
1920
1921
1932
1966
1982
1996
1999
2062
2072
2080
2123
2160
2175
2198
2201
2221
2235
2238
2255
2282
2287
2417
2439
2440
157
77
3
85
52
15
20
68
24
147
127
6
110
107
95
105
10
143
136
131
128
54
112
73
115
91
125
62
47
113
137
50
33
109
103
86
132
121
156
17
111
92
134
46
140
44
41
80
151
40
120
154
36
2
61
150
23
79
153
22
58
161
159
158
146
124
69
34
60
102
139
96
100
76
130
28
51
83
116
93
138
104
27
57
35
13
49
71
74
0
30
78
9
108
12
1
145
43
53
135
129
142
66
114
56
19
133
106
75
101
162
14
55
126
39
7
118
88
45
59
67
70
18
84
11
94
82
122
148
42
141
89
8
155
149
38
63
21
90
72
119
117
5
157
152
31
144
123
48
25
16
98
65
32
29
160
97
26
