248
47
52
55
78
88
91
141
142
143
145
147
151
170
178
184
196
221
224
233
236
242
268
274
293
303
304
306
335
358
373
374
377
378
384
399
404
423
429
430
444
448
455
467
474
475
478
498
502
511
525
527
537
558
559
560
584
590
593
596
607
611
634
644
647
653
669
705
706
722
723
726
741
742
748
751
775
776
791
809
818
827
831
832
838
845
865
869
882
903
913
930
934
935
939
947
953
963
987
988
993
1003
1009
1011
1023
1038
1047
1054
1056
1062
1073
1080
1094
1116
1150
1181
1183
1188
1193
1203
1208
1212
1236
1241
1247
1249
1259
1263
1283
1288
1290
1295
1298
1300
1305
1318
1337
1350
1386
1388
1396
1400
1403
1408
1427
1440
1447
1448
1464
1468
1470
1490
1500
1501
1506
1537
1540
1542
1559
1602
1619
1637
1651
1655
1681
1685
1686
1698
1725
1727
1739
1762
1764
1786
1795
1798
1800
1884
1892
1895
1899
1924
1934
1937
1946
1954
1959
1972
1973
1977
1986
1995
1997
2003
2008
2011
2029
2040
2046
2047
2052
2055
2061
2064
2067
2088
2120
2123
2141
2158
2163
2222
2235
2239
2271
2276
2292
2295
2302
2305
2337
2338
2375
2391
2394
2401
2422
2423
2425
2433
2446
2465
2470
2494
2503
2507
2515
2530
2534
2545
2546
2550
2566
2567
2604
2606
2610
2620
2624
161
48
17
42
96
53
49
18
77
115
93
128
157
24
129
62
156
56
80
4
25
32
114
105
97
16
8
108
41
160
20
141
52
39
38
23
111
100
116
103
36
150
91
69
21
143
78
73
31
142
95
104
126
152
1
85
132
144
145
74
159
37
13
86
88
122
134
110
140
102
81
125
28
146
65
151
54
59
106
79
40
121
15
3
71
5
45
26
68
94
19
0
66
131
83
50
136
30
64
33
117
57
149
153
135
55
58
2
12
27
84
51
127
9
87
7
61
137
90
89
101
133
112
72
120
138
29
60
109
46
113
22
6
98
76
82
124
10
147
119
11
155
92
67
43
70
44
34
99
118
148
35
107
47
14
139
63
158
154
130
75
123
