73
24
46
106
115
163
166
167
172
270
298
328
344
425
502
511
531
538
591
615
618
621
679
743
770
794
795
796
820
843
864
866
935
967
975
981
997
998
1028
1035
1062
1067
1073
1097
1134
1182
1203
1204
1209
1211
1215
1293
1294
1310
1340
1378
1446
1447
1533
1538
1560
1562
1590
1622
1655
1680
1688
1695
1730
1731
1769
1771
1790
1825
127
11
136
160
80
57
27
127
139
17
95
159
154
84
44
150
24
137
87
99
151
2
146
9
118
122
4
16
62
98
156
152
163
121
77
0
59
113
141
25
41
116
81
134
58
93
36
68
120
50
126
101
161
138
90
131
69
140
32
55
142
28
112
34
64
22
45
145
26
7
135
133
67
23
29
88
144
115
102
143
8
15
21
31
38
47
39
42
104
147
5
33
96
108
79
94
14
128
114
20
37
76
12
74
85
54
1
109
162
92
117
83
30
71
73
153
78
164
43
18
48
107
3
91
10
123
86
75
