254
14
33
54
66
68
76
85
93
113
119
140
162
170
185
212
251
263
279
297
298
303
322
339
347
355
369
372
373
378
381
393
413
449
453
461
469
474
496
505
530
545
547
549
559
578
587
592
599
618
624
631
636
641
646
660
663
667
670
671
684
698
700
708
712
714
716
723
725
728
731
739
755
757
814
846
852
853
883
885
887
893
904
923
926
936
942
944
956
958
962
971
975
976
1007
1024
1025
1032
1036
1038
1054
1067
1076
1081
1100
1124
1127
1144
1163
1168
1174
1188
1198
1243
1268
1271
1304
1336
1356
1360
1376
1378
1407
1409
1414
1423
1435
1441
1451
1476
1478
1480
1482
1493
1500
1509
1513
1514
1515
1516
1521
1535
1541
1553
1566
1587
1588
1589
1605
1612
1644
1658
1664
1671
1681
1684
1697
1699
1701
1702
1737
1738
1739
1754
1769
1771
1802
1812
1832
1833
1842
1853
1856
1861
1867
1871
1873
1877
1897
1898
1908
1915
1930
1941
1944
1957
1979
1981
1982
1986
1994
2007
2013
2032
2035
2042
2043
2053
2058
2063
2065
2066
2072
2078
2102
2114
2116
2129
2188
2189
2191
2192
2199
2210
2212
2220
2222
2233
2240
2248
2253
2257
2261
2264
2269
2279
2289
2323
2326
2331
2376
2391
2442
2446
2463
2466
2472
2475
2477
2478
2480
2485
2494
2507
2509
2519
2530
2536
2540
2560
2569
2580
2583
2589
2613
160
103
54
133
107
160
88
94
44
34
6
73
57
23
154
118
78
139
116
20
28
67
47
136
150
86
96
7
122
46
120
91
148
106
61
30
138
111
16
145
79
63
77
12
2
22
65
80
18
59
112
135
152
125
117
153
21
93
60
37
85
109
108
50
131
156
42
149
24
129
147
151
4
10
55
14
31
53
43
132
90
87
51
121
58
158
36
1
146
128
25
29
39
99
137
143
68
66
142
105
35
40
70
52
9
157
126
72
41
141
26
32
95
74
3
92
75
83
110
45
5
49
69
0
130
64
11
123
102
127
98
84
119
144
13
89
33
114
27
8
113
19
100
97
81
48
76
71
62
155
115
15
38
17
159
124
82
140
56
104
134
