113
4
124
185
197
207
216
241
256
320
351
360
405
422
434
460
461
485
501
506
537
551
612
617
642
652
655
694
698
727
741
780
795
812
831
853
854
882
908
929
941
959
995
1004
1049
1053
1059
1078
1082
1100
1146
1166
1231
1283
1309
1315
1322
1333
1335
1336
1363
1394
1400
1411
1476
1482
1497
1501
1512
1521
1525
1536
1557
1569
1661
1670
1701
1715
1734
1738
1755
1776
1815
1842
1843
1858
1866
1875
1888
1891
1903
1907
1916
1936
1962
2016
2018
2030
2080
2087
2089
2106
2111
2133
2134
2172
2261
2340
2363
2380
2397
2402
2411
2429
158
32
113
101
6
47
161
27
145
105
94
78
108
3
147
138
124
74
123
10
86
79
76
109
106
132
64
5
99
154
4
98
66
58
135
104
59
11
36
42
35
143
23
157
133
50
150
45
14
69
146
102
60
65
21
22
39
88
81
34
89
53
8
72
73
75
149
110
16
40
70
43
152
57
82
117
55
125
130
77
37
131
139
140
153
95
18
126
148
118
107
56
120
61
134
137
142
71
97
160
136
96
90
19
2
26
83
114
112
128
9
41
121
67
7
116
62
111
93
155
52
100
24
25
13
48
144
80
92
127
38
15
85
84
141
46
1
119
31
63
12
156
68
0
87
33
17
158
28
122
29
49
115
44
159
51
162
103
20
