686
4
7
8
9
11
12
13
15
17
21
23
24
26
27
28
29
30
32
33
39
40
42
43
45
46
47
49
50
51
52
53
54
56
58
59
61
62
63
64
70
72
74
75
76
77
81
82
86
87
88
89
90
92
97
99
100
106
108
109
110
111
112
115
116
118
120
121
122
123
124
125
127
128
130
131
133
135
137
138
142
143
144
145
146
148
149
150
151
152
153
154
155
159
160
161
162
163
164
166
168
171
172
174
176
177
178
182
183
186
190
191
192
193
195
197
198
199
200
201
203
204
206
207
209
210
212
214
217
218
221
225
227
229
230
231
232
236
240
241
243
244
246
247
249
250
251
252
254
255
256
258
259
260
261
262
263
264
265
267
268
270
271
273
275
276
277
279
280
281
282
283
284
285
287
290
291
295
296
298
299
300
301
302
303
304
305
306
307
309
310
311
315
316
318
319
322
323
324
325
326
327
333
334
337
338
340
342
343
345
346
347
348
349
350
351
352
354
355
356
357
360
361
363
364
365
367
368
370
375
376
377
378
379
381
382
385
386
387
388
389
390
391
392
393
394
395
396
398
399
400
401
403
406
407
408
409
410
411
412
413
414
415
416
418
422
424
425
426
428
429
431
433
434
435
437
440
441
445
446
447
448
449
452
455
457
459
460
462
465
466
467
468
469
471
472
473
474
475
476
478
479
480
484
488
490
492
494
496
497
500
501
502
503
504
505
507
509
510
511
512
513
514
515
521
525
528
530
531
532
533
534
535
536
537
538
543
544
545
546
547
548
549
550
551
556
557
558
559
560
562
563
564
566
568
569
574
577
578
580
581
582
585
586
587
588
589
590
592
594
595
597
599
600
603
604
606
608
612
613
614
615
618
619
620
621
622
625
626
628
630
632
633
634
635
636
637
640
641
642
643
645
646
648
649
650
652
653
654
655
657
658
660
661
663
666
668
670
671
672
673
674
675
677
678
680
681
683
684
685
687
689
690
692
693
695
696
698
700
701
702
703
704
705
707
708
712
714
715
716
720
721
724
727
728
730
732
734
738
740
741
742
743
745
747
748
750
753
754
755
757
760
762
763
764
766
767
768
769
772
773
774
776
777
779
780
782
784
785
786
787
788
789
790
791
793
796
797
798
799
802
803
804
805
807
809
812
813
814
815
817
818
821
822
823
825
826
827
829
830
832
834
836
837
838
839
840
841
842
845
847
848
850
853
858
861
862
863
864
865
866
867
868
869
870
871
874
875
877
878
880
882
883
885
888
891
892
897
898
899
902
904
905
906
908
909
910
911
913
914
915
916
917
921
923
924
925
926
927
928
930
934
937
938
939
941
943
944
945
946
948
949
951
952
955
960
961
963
965
966
969
971
972
973
974
975
976
977
978
983
984
985
986
988
989
992
993
995
996
998
999
1001
1003
1004
1007
1008
1009
1010
1014
1016
1018
1019
1020
1022
1023
1027
1031
1036
1037
1038
1039
1040
1041
1042
1043
1045
1046
1047
1048
1049
1051
1052
1054
1055
1059
1061
1063
1064
1068
1069
1070
1071
1072
1074
1075
1076
1078
1079
1080
1081
1082
1084
1085
1086
1087
1088
1089
1090
1091
1092
1093
1094
1097
1099
1102
1103
1107
84
42
83
43
82
52
68
28
4
47
69
51
13
59
80
87
37
2
29
77
71
63
1
35
84
5
18
14
81
23
21
7
57
64
22
12
17
58
45
55
24
15
16
27
66
48
65
53
38
56
40
79
61
74
78
75
11
62
49
72
54
10
85
9
19
41
25
31
0
50
6
73
26
60
30
3
67
46
20
8
32
33
36
39
76
