124
2
57
59
63
71
87
99
100
116
132
154
163
177
193
197
199
200
237
247
251
270
292
299
314
315
350
442
452
478
481
487
542
556
570
600
605
626
647
652
669
694
700
735
826
874
883
906
916
1018
1027
1031
1062
1063
1111
1162
1192
1195
1221
1252
1258
1260
1278
1308
1331
1365
1418
1434
1445
1461
1463
1476
1499
1504
1506
1568
1599
1607
1623
1653
1676
1682
1697
1718
1744
1771
1792
1817
1850
1887
1910
1914
1930
1940
1952
1957
2002
2010
2012
2033
2079
2081
2095
2102
2108
2132
2180
2190
2196
2197
2232
2235
2260
2272
2290
2301
2314
2348
2356
2361
2390
2403
2426
2428
2444
159
128
141
162
31
98
88
47
107
65
53
28
83
36
129
15
99
150
27
8
93
122
69
154
155
139
37
111
77
136
145
134
11
148
118
131
1
108
55
152
137
58
71
126
34
59
46
64
42
123
143
159
80
75
35
105
29
25
2
48
57
62
45
43
146
73
54
21
103
7
74
95
97
40
20
41
84
66
4
50
18
89
72
63
135
67
10
101
151
17
147
102
9
32
113
119
100
96
121
56
138
112
70
110
104
157
144
87
156
114
160
38
61
130
12
161
79
13
116
120
68
23
132
33
82
158
22
52
16
51
149
94
86
85
125
153
26
127
92
109
106
124
76
78
60
91
49
44
30
133
14
5
140
81
6
0
3
90
39
19
