644
10
11
12
14
16
20
23
29
34
38
42
47
48
50
51
59
63
64
67
70
77
78
82
84
87
92
94
96
101
111
114
115
117
119
120
121
123
125
127
128
131
135
144
150
152
160
164
165
167
169
171
173
174
177
178
179
183
184
188
191
192
193
194
200
204
208
211
217
218
221
227
232
236
237
243
244
245
247
252
253
257
259
260
266
267
270
272
274
275
279
280
281
286
289
293
296
300
303
307
309
314
316
318
321
323
324
325
328
329
331
340
343
347
348
350
353
354
355
365
370
371
373
375
381
390
392
399
401
410
415
416
417
419
420
422
423
432
433
434
444
448
449
456
458
459
468
469
470
471
472
474
476
478
481
483
484
485
486
487
489
494
497
503
504
505
507
513
514
515
520
522
526
531
534
536
538
541
544
545
546
547
548
553
555
557
558
564
566
570
573
574
581
582
584
586
587
591
593
598
601
604
605
611
612
624
625
626
627
639
643
647
648
650
652
655
657
659
667
670
675
678
681
684
689
694
695
696
701
702
706
708
710
711
712
713
714
716
718
720
721
722
728
729
734
736
742
744
746
751
756
757
765
766
767
773
777
779
780
787
791
793
795
796
799
800
802
806
808
810
816
820
821
825
827
828
831
832
833
838
840
845
846
847
849
850
854
855
859
860
863
866
867
871
874
875
879
884
886
891
894
895
897
904
907
910
911
913
914
918
919
926
929
934
936
941
945
948
949
953
954
955
964
971
973
975
976
977
978
980
981
982
983
984
985
987
988
989
993
994
996
997
998
999
1001
1004
1008
1011
1016
1017
1023
1025
1031
1033
1043
1049
1050
1051
1058
1060
1064
1068
1069
1072
1073
1075
1080
1087
1089
1090
1091
1097
1102
1107
1108
1110
1111
1113
1114
1116
1119
1122
1125
1126
1128
1129
1135
1138
1139
1145
1146
1152
1154
1155
1160
1161
1168
1169
1171
1173
1176
1178
1179
1182
1184
1188
1189
1191
1197
1200
1202
1206
1207
1208
1211
1212
1213
1218
1220
1221
1225
1231
1232
1240
1244
1251
1253
1256
1258
1259
1261
1266
1269
1270
1272
1273
1276
1277
1278
1279
1281
1282
1283
1284
1286
1289
1291
1293
1294
1299
1301
1302
1303
1308
1313
1314
1315
1320
1321
1324
1329
1330
1332
1335
1337
1347
1348
1350
1352
1354
1357
1361
1364
1365
1366
1373
1377
1378
1379
1382
1384
1387
1389
1397
1401
1404
1408
1414
1415
1416
1421
1422
1423
1424
1426
1428
1431
1439
1440
1444
1446
1449
1450
1451
1455
1458
1461
1464
1470
1474
1480
1482
1484
1485
1493
1494
1507
1508
1510
1516
1517
1518
1521
1524
1526
1528
1529
1530
1531
1538
1540
1541
1552
1553
1555
1557
1563
1564
1566
1570
1572
1575
1578
1579
1580
1581
1582
1584
1585
1587
1588
1591
1592
1594
1599
1600
1601
1606
1607
1608
1609
1610
1613
1614
1616
1617
1621
1629
1632
1637
1638
1646
1653
1656
1658
1659
1664
1665
1673
1675
1676
1677
1678
1679
1681
1682
1683
1684
1686
1688
1689
1690
1692
1693
1696
1698
1699
1701
1705
1706
1708
1709
1717
1718
1722
1726
1728
1729
1730
1732
1733
1736
1739
1742
1743
1744
1749
1750
1755
1757
1758
1759
1760
1762
1763
1765
1768
1772
1780
1786
1790
1791
1795
1799
1800
1803
1806
1809
1812
1813
1815
1826
1831
1834
1836
157
73
122
97
40
59
74
137
70
120
160
82
154
12
150
111
143
138
139
38
129
77
17
113
109
123
63
144
7
75
55
23
2
158
76
132
22
21
69
133
19
5
14
72
99
78
29
89
36
85
11
0
149
71
44
48
164
46
6
31
52
1
141
61
49
42
107
15
30
50
66
134
45
115
163
47
146
145
27
102
56
162
112
92
124
28
140
94
126
106
32
118
108
4
34
43
64
114
37
54
79
91
53
68
84
8
104
103
125
81
147
135
153
3
136
13
18
67
148
100
161
57
88
24
130
98
62
90
116
157
159
26
10
51
128
16
58
20
39
127
25
80
33
155
60
131
83
110
121
86
41
101
117
95
105
9
156
119
