686
6
8
9
10
11
12
13
14
15
16
18
20
22
24
26
27
28
29
30
32
33
34
37
38
39
40
41
43
44
48
49
54
55
56
57
58
59
60
62
63
65
68
70
71
74
75
77
78
80
81
84
85
86
88
90
92
93
94
95
96
97
98
99
100
102
103
104
106
107
108
109
110
111
113
114
117
119
122
123
124
126
127
128
129
130
131
132
134
135
137
138
139
140
143
146
147
150
152
155
156
157
158
159
160
161
163
164
168
169
170
171
172
173
175
176
177
178
179
180
181
183
185
187
189
190
193
195
198
199
201
202
203
205
210
213
215
217
219
220
223
225
226
227
229
231
232
233
234
235
236
237
239
240
241
242
243
245
246
247
248
251
252
253
255
259
261
263
266
268
269
270
271
273
277
278
279
281
282
283
284
286
287
288
291
292
294
297
298
299
300
301
302
303
304
305
309
311
313
314
315
317
318
320
323
325
326
327
330
331
334
335
336
337
338
339
342
344
345
348
349
351
357
359
360
361
363
368
369
373
374
375
376
377
378
379
381
382
383
384
386
388
389
391
393
394
395
396
398
400
401
404
405
406
407
409
411
412
413
414
415
416
419
421
422
424
425
427
430
432
433
436
437
438
439
440
441
445
446
447
448
451
455
456
457
459
460
462
464
465
466
468
469
471
472
473
476
477
478
479
480
483
485
487
488
489
492
495
496
497
498
499
501
502
504
505
506
509
513
515
516
517
518
519
522
523
524
525
526
527
528
529
530
533
535
536
537
538
540
541
542
544
546
550
554
558
559
560
561
562
567
568
569
571
573
574
575
576
577
578
579
580
582
583
585
586
587
588
589
592
593
595
596
597
598
600
603
605
606
608
609
613
615
616
620
621
623
626
627
628
630
631
632
634
635
636
637
639
640
641
642
643
644
645
648
649
651
652
654
656
658
659
660
661
662
663
664
665
666
667
669
670
671
675
677
678
680
681
682
683
687
689
692
693
694
695
696
697
699
701
702
705
706
710
711
713
714
716
717
718
719
720
721
724
726
728
730
731
734
735
736
738
740
741
743
744
745
746
747
750
751
752
753
754
756
758
761
763
764
765
766
767
769
770
771
774
775
776
778
779
781
782
783
785
787
788
789
790
793
794
796
797
800
801
805
806
807
809
810
811
812
813
814
815
816
818
819
822
825
826
827
829
831
832
833
834
836
839
840
841
844
845
847
849
852
853
856
859
860
861
865
866
867
870
872
874
877
878
881
882
883
884
886
887
888
891
893
894
895
896
898
899
901
903
905
906
907
910
912
913
914
916
917
918
919
920
921
922
923
924
925
927
929
932
933
935
936
937
939
940
942
943
944
946
947
948
949
951
952
955
956
963
964
970
973
974
976
977
980
981
984
985
986
990
991
994
995
996
999
1001
1002
1003
1004
1005
1007
1008
1009
1011
1013
1014
1015
1016
1018
1021
1022
1024
1025
1029
1031
1033
1034
1035
1036
1037
1038
1042
1043
1044
1046
1048
1049
1051
1052
1054
1056
1057
1061
1063
1064
1065
1066
1068
1069
1070
1071
1073
1075
1078
1083
1084
1085
1086
1087
1088
1089
1090
1093
1095
1096
1098
1099
1100
1101
1103
1104
1105
1106
82
59
44
65
29
79
49
68
62
16
50
7
47
34
55
43
20
71
18
8
74
60
10
2
41
6
38
22
27
67
31
86
80
63
57
40
36
19
5
78
1
24
45
54
84
42
87
83
48
61
9
14
76
33
75
52
64
35
17
69
85
26
23
13
70
58
73
37
81
4
72
30
3
56
15
11
46
53
82
0
51
77
28
