263
4
11
14
20
21
22
24
25
32
40
55
56
84
94
97
105
116
123
131
139
145
146
147
157
158
183
189
194
200
214
218
235
246
249
259
267
276
287
297
300
310
312
319
322
343
376
377
380
383
390
401
410
414
416
428
430
447
449
455
456
459
467
488
493
503
515
520
535
543
545
561
580
608
617
618
625
641
655
689
705
731
732
733
740
754
759
776
780
785
795
799
806
811
821
826
834
842
855
865
869
874
882
891
893
906
907
918
934
943
958
986
997
1003
1033
1036
1067
1122
1124
1145
1159
1204
1207
1214
1221
1226
1250
1262
1263
1269
1277
1288
1289
1293
1315
1322
1326
1328
1385
1406
1409
1416
1434
1444
1457
1474
1479
1497
1501
1507
1512
1528
1531
1533
1535
1540
1542
1550
1551
1560
1566
1569
1586
1592
1605
1610
1622
1637
1648
1668
1679
1685
1714
1715
1734
1737
1739
1743
1747
1754
1764
1790
1810
1811
1828
1831
1835
1858
1864
1881
1909
1925
1937
1938
1946
1956
1969
1971
1972
1986
1991
2002
2012
2018
2022
2030
2054
2056
2065
2070
2085
2086
2090
2095
2119
2129
2151
2175
2187
2201
2205
2212
2254
2257
2273
2274
2281
2292
2294
2303
2314
2315
2317
2326
2330
2347
2372
2376
2413
2419
2440
2446
2448
2451
2477
2485
2490
2491
2502
2526
2528
2545
2557
2560
2561
2572
2573
2580
2586
2591
2606
2613
2615
2619
161
1
31
125
92
141
18
19
87
54
66
62
85
134
67
153
24
46
133
156
94
61
146
44
60
148
73
20
34
41
47
145
119
136
89
58
140
30
63
149
21
64
39
116
27
84
35
45
22
158
38
132
48
68
112
82
93
107
91
25
75
15
95
55
10
103
70
80
150
8
100
124
5
2
117
159
40
142
36
106
96
126
88
109
7
143
115
108
129
69
51
114
120
99
23
50
130
138
118
37
56
135
137
128
11
16
52
111
17
104
28
121
43
79
26
113
152
12
6
90
102
147
3
59
74
13
97
57
154
42
78
86
151
131
14
76
83
101
98
123
4
65
33
105
144
0
157
77
127
53
9
32
160
72
49
29
110
155
139
122
71
81
