264
14
32
45
54
58
72
86
102
103
107
114
146
158
185
188
192
193
199
212
221
224
229
264
295
302
307
317
324
358
359
362
373
393
399
404
416
422
424
431
437
446
450
454
455
462
468
473
482
490
495
497
503
513
529
538
541
543
551
567
581
582
592
600
602
611
612
642
645
646
649
652
675
688
696
704
713
714
744
747
753
756
763
771
781
787
789
808
819
825
864
873
893
900
907
909
926
938
942
947
983
988
990
992
993
1007
1014
1029
1042
1048
1059
1061
1080
1089
1093
1130
1155
1180
1183
1186
1200
1216
1220
1230
1231
1236
1272
1276
1283
1289
1294
1297
1307
1321
1329
1341
1345
1351
1358
1372
1373
1376
1405
1408
1412
1416
1425
1427
1430
1440
1444
1450
1481
1487
1496
1499
1503
1509
1526
1542
1543
1556
1558
1569
1574
1576
1585
1592
1600
1609
1612
1626
1642
1651
1661
1683
1710
1712
1713
1724
1730
1755
1761
1766
1786
1793
1795
1798
1804
1815
1823
1826
1855
1878
1883
1884
1889
1904
1920
1944
1952
1954
1963
1971
1988
1994
1996
1997
2020
2022
2024
2026
2028
2032
2048
2055
2067
2074
2097
2103
2125
2132
2135
2144
2145
2169
2170
2171
2189
2194
2209
2211
2235
2254
2266
2276
2277
2300
2325
2328
2344
2362
2380
2407
2416
2434
2441
2446
2473
2494
2500
2502
2503
2505
2513
2527
2533
2549
2553
2558
2570
2597
2604
2610
2623
160
61
56
78
32
26
159
125
67
11
94
155
83
138
90
137
81
14
89
75
62
9
80
158
5
66
64
92
150
97
132
121
30
144
122
31
86
29
140
95
117
129
34
72
46
39
40
7
69
10
45
71
153
42
98
65
27
119
6
13
84
53
118
152
99
102
41
103
47
88
130
116
131
87
43
139
114
113
149
96
60
135
146
148
133
58
100
16
112
22
73
128
21
49
107
0
48
120
24
115
4
77
51
101
8
17
57
2
108
127
23
145
33
157
106
76
143
105
15
93
25
126
50
154
19
123
82
20
147
74
59
79
37
3
124
12
110
91
141
28
44
55
156
70
18
111
160
104
38
151
136
134
109
85
35
68
63
142
1
52
54
