79
102
140
178
201
208
224
238
255
258
303
314
319
342
387
405
423
428
464
500
517
524
530
534
557
592
620
627
641
661
671
687
709
711
719
725
780
781
851
858
865
915
1000
1010
1022
1030
1049
1159
1194
1261
1290
1312
1313
1316
1347
1376
1433
1472
1535
1550
1559
1561
1571
1580
1583
1584
1592
1598
1634
1659
1662
1676
1700
1708
1712
1728
1736
1776
1829
1837
115
93
90
45
63
87
163
56
146
36
37
71
8
73
12
120
141
164
130
122
4
51
11
153
72
6
157
76
18
104
50
127
16
106
144
156
48
91
138
52
75
89
23
161
57
121
31
30
129
143
54
25
103
160
137
65
0
152
79
27
26
55
128
82
83
81
94
74
58
64
142
24
150
131
19
159
20
134
109
41
158
101
96
117
162
39
14
70
112
66
119
126
86
116
38
59
149
139
115
123
3
145
98
68
43
80
125
148
5
2
110
97
108
33
7
9
