102
5
10
16
21
55
141
251
266
274
306
324
386
392
395
397
412
413
426
452
487
492
518
604
608
641
665
681
696
700
714
719
726
744
766
778
839
857
869
879
985
1024
1050
1052
1059
1097
1131
1164
1171
1214
1224
1246
1253
1260
1379
1389
1403
1407
1427
1435
1469
1471
1485
1500
1509
1538
1561
1576
1581
1594
1615
1640
1669
1696
1773
1841
1852
1896
1907
1922
1936
1940
1954
1975
1984
2011
2080
2085
2112
2198
2223
2230
2250
2269
2279
2289
2329
2355
2369
2386
2402
2424
2439
163
141
112
94
114
132
0
17
66
153
26
34
84
121
48
101
47
128
127
21
36
149
119
58
156
93
115
75
125
6
138
161
65
60
116
126
109
16
25
35
140
53
37
160
46
96
45
51
5
44
108
143
19
76
159
88
8
152
29
120
103
18
130
63
64
57
107
71
3
33
77
110
79
38
99
154
72
148
50
122
39
134
118
105
155
1
100
40
41
11
111
14
92
24
87
7
55
30
85
67
106
42
145
73
104
158
49
82
133
86
31
22
27
56
23
10
117
91
28
139
90
62
162
81
15
124
74
2
136
157
131
32
4
83
150
147
151
129
70
59
20
80
102
113
9
144
68
137
61
123
135
54
12
146
142
69
52
13
78
95
97
43
89
98
