149
16
27
29
52
57
61
63
73
74
80
86
89
121
123
129
135
141
143
144
155
156
160
162
182
185
208
213
244
245
252
262
265
271
284
285
286
287
288
290
291
303
310
316
333
344
346
347
357
361
362
370
372
380
390
394
398
399
412
413
427
433
434
435
436
437
440
447
474
487
495
497
502
530
531
532
563
564
570
573
578
585
597
605
615
620
659
669
675
684
695
696
713
725
728
743
744
748
759
761
765
767
774
780
783
789
790
793
799
807
815
820
822
826
830
833
848
856
860
861
881
896
922
926
935
943
945
949
952
954
968
977
980
988
998
1015
1016
1017
1023
1031
1032
1034
1038
1042
1046
1048
1068
1087
1098
1105
76
37
73
57
81
3
34
27
23
87
50
86
44
49
2
24
9
15
85
16
56
28
39
52
42
72
4
32
59
63
80
38
47
21
22
68
45
5
7
1
54
33
69
79
31
20
84
78
46
53
18
0
14
71
43
74
61
65
11
75
51
17
67
62
35
25
83
70
8
6
29
10
76
77
48
19
13
