232
14
27
32
34
40
50
54
61
68
76
88
94
107
119
126
142
145
150
155
158
165
172
187
191
215
218
228
242
249
251
255
277
282
299
313
327
329
382
403
411
430
441
454
471
476
486
489
492
512
536
544
549
565
570
586
610
631
635
659
662
666
684
698
733
737
742
750
754
757
758
770
784
823
834
848
855
866
876
883
884
890
900
907
955
956
980
993
1000
1023
1035
1045
1049
1055
1096
1104
1138
1139
1157
1162
1172
1198
1215
1216
1221
1225
1241
1259
1264
1266
1274
1275
1278
1281
1289
1303
1307
1313
1319
1326
1330
1366
1377
1420
1443
1468
1478
1496
1503
1516
1522
1530
1540
1548
1555
1567
1573
1621
1622
1624
1639
1643
1663
1665
1675
1696
1698
1702
1723
1728
1744
1762
1788
1812
1827
1835
1836
1838
1846
1858
1867
1890
1892
1893
1902
1905
1918
1927
1941
1942
1944
1947
1954
1955
1962
1988
1990
1991
2008
2011
2015
2043
2053
2067
2084
2094
2098
2121
2138
2143
2176
2184
2188
2207
2214
2218
2263
2269
2287
2288
2292
2309
2320
2328
2331
2345
2351
2359
2369
2406
2407
2413
2449
2451
2459
2473
2478
2480
2504
2515
2517
2521
2532
2537
2540
2555
2561
2569
2571
2593
2603
2615
2620
161
152
144
97
84
79
2
59
32
51
66
98
12
111
134
47
105
145
122
42
55
100
131
26
151
11
50
96
7
78
90
52
41
0
29
109
104
71
142
46
140
30
116
64
117
143
75
74
149
16
21
156
83
115
49
95
70
158
36
73
136
94
8
33
114
81
150
22
31
86
72
118
40
60
128
19
157
77
69
10
113
119
126
82
58
125
23
62
154
67
43
92
141
91
28
15
45
25
110
89
139
53
127
106
148
68
155
160
99
101
14
57
38
87
123
13
18
85
108
93
24
34
120
44
159
65
102
132
130
5
63
39
56
133
6
129
124
76
35
146
27
9
88
1
80
147
20
121
153
61
4
135
17
107
137
112
37
138
103
3
54
48
