138
21
22
28
38
44
67
72
73
86
88
97
113
126
147
214
228
263
276
278
279
312
320
325
338
358
396
450
520
523
525
532
545
564
592
614
620
650
665
706
719
734
740
820
901
914
939
962
980
998
1010
1017
1021
1025
1031
1036
1062
1066
1073
1086
1099
1108
1125
1144
1153
1158
1181
1213
1276
1320
1346
1354
1355
1368
1419
1421
1458
1461
1466
1476
1484
1535
1552
1563
1564
1584
1604
1614
1646
1667
1675
1715
1718
1751
1760
1761
1801
1814
1815
1817
1851
1852
1872
1881
1906
1924
1943
1962
1977
1982
1986
1988
1998
2003
2019
2046
2048
2061
2070
2079
2115
2149
2153
2178
2207
2253
2278
2289
2343
2351
2362
2372
2379
2387
2398
2419
2423
2436
2438
162
88
158
77
28
134
133
68
115
21
49
94
149
112
32
65
60
41
161
15
119
113
46
40
146
16
138
34
132
19
18
126
55
5
17
114
63
131
123
8
130
127
137
118
6
120
31
125
1
136
54
153
107
64
140
111
151
85
159
162
69
58
103
30
51
61
92
100
129
108
47
135
36
20
160
48
25
38
13
14
2
98
27
91
80
35
122
143
70
4
56
53
7
105
90
89
12
104
86
124
96
156
75
93
0
97
45
44
81
106
43
84
26
95
59
148
121
24
62
99
57
147
10
152
79
22
150
50
83
87
71
109
139
128
78
76
101
74
82
157
117
67
29
11
52
37
66
154
9
42
102
3
145
33
39
155
23
141
73
142
72
144
110
