149
51
54
68
72
79
85
97
107
111
122
142
145
149
153
154
166
181
204
214
217
223
229
247
251
254
264
265
267
281
283
284
291
295
299
308
310
313
324
328
332
340
346
352
357
359
363
375
376
391
392
394
395
399
404
408
415
418
424
426
427
433
437
449
453
461
468
482
494
503
506
511
518
519
531
546
567
575
579
580
582
585
587
597
602
622
633
665
667
676
684
687
689
693
694
705
728
755
758
760
763
767
768
769
776
780
782
783
784
798
806
808
836
840
843
845
846
850
860
880
886
888
918
920
921
922
932
935
941
943
951
952
955
975
977
979
981
986
987
997
999
1025
1030
1033
1045
1048
1058
1066
1069
1078
76
49
8
70
46
55
3
21
20
63
28
65
69
53
4
29
25
51
56
73
43
44
72
77
74
30
83
87
48
75
11
22
81
24
42
52
31
45
19
5
10
78
2
47
38
23
36
61
80
39
15
67
41
66
12
71
32
50
9
82
35
84
27
18
68
76
54
0
7
34
60
62
6
17
33
13
1
