252
14
23
32
34
52
55
67
68
84
98
103
108
143
147
162
164
167
188
193
205
211
215
226
232
237
246
265
266
278
296
297
313
315
316
321
338
352
374
390
405
408
411
414
419
443
451
455
493
495
497
500
509
527
534
539
559
568
574
577
579
582
587
590
596
633
645
654
655
678
689
690
691
692
719
722
731
738
739
746
752
757
774
780
792
794
798
801
806
820
844
845
857
862
863
868
893
898
914
915
919
920
922
925
927
936
943
1000
1028
1050
1063
1073
1086
1098
1101
1108
1145
1174
1190
1212
1214
1226
1229
1240
1245
1250
1256
1272
1292
1312
1331
1338
1340
1344
1350
1351
1358
1370
1378
1379
1391
1394
1406
1412
1417
1422
1425
1432
1455
1461
1465
1488
1498
1507
1517
1524
1531
1545
1569
1570
1580
1597
1598
1611
1614
1615
1630
1640
1695
1696
1710
1716
1736
1738
1740
1750
1752
1753
1757
1780
1783
1787
1788
1792
1796
1807
1819
1829
1835
1857
1858
1900
1906
1913
1916
1923
1928
1936
1948
1968
1970
1987
1990
2030
2034
2038
2040
2050
2093
2103
2118
2126
2143
2190
2193
2196
2199
2207
2230
2236
2255
2268
2269
2281
2298
2312
2314
2345
2353
2362
2363
2382
2383
2413
2421
2427
2433
2434
2438
2455
2462
2477
2516
2517
2534
2547
2553
2562
2572
2578
2596
2622
2623
159
23
31
130
98
65
16
9
51
124
3
93
71
63
15
11
73
4
84
39
121
134
88
147
44
35
152
94
77
135
13
129
137
92
82
10
117
34
114
100
95
79
70
56
47
125
99
138
148
20
140
113
0
122
30
37
150
86
38
48
104
78
36
107
81
153
157
14
72
96
18
85
123
141
25
133
90
160
64
83
66
61
132
112
33
156
58
149
8
67
12
43
158
59
155
89
103
115
22
5
52
136
143
151
74
28
1
110
26
41
128
7
131
19
60
108
53
111
144
80
46
109
105
55
40
101
126
97
21
154
24
68
87
2
45
27
116
49
42
29
32
50
106
102
118
75
127
6
54
69
91
142
146
120
57
17
76
159
139
119
