656
12
13
23
24
26
29
34
35
38
40
45
54
57
59
60
61
62
72
76
88
89
91
93
95
97
98
99
100
101
103
108
110
111
112
114
115
124
136
142
145
147
148
150
153
154
155
157
164
165
168
173
176
177
179
181
183
185
186
190
193
194
195
197
200
206
210
214
215
220
222
223
224
227
230
233
243
244
245
254
255
261
266
268
269
276
277
282
284
286
288
291
296
300
302
308
313
315
318
319
320
321
326
327
336
337
338
339
340
342
343
349
352
358
359
360
365
366
371
372
373
376
380
381
385
386
387
388
390
398
399
400
401
403
405
407
412
419
420
423
425
430
431
437
439
440
445
446
447
448
449
451
453
455
457
458
465
468
470
481
485
486
487
488
490
493
497
503
504
509
510
512
513
514
515
517
522
523
524
525
529
530
531
533
535
551
554
556
559
560
562
566
567
569
571
573
577
580
581
582
590
594
596
599
600
602
603
608
609
610
611
613
616
618
619
620
624
626
629
632
633
635
637
640
644
645
646
647
648
649
650
656
658
659
661
662
670
674
688
689
690
693
702
703
708
710
715
716
717
718
720
722
730
733
734
736
739
740
753
754
755
757
763
765
768
772
775
776
777
778
779
781
783
787
790
791
793
795
799
803
806
808
810
811
813
819
820
821
823
827
828
830
834
835
839
843
845
846
850
852
855
856
858
863
864
866
871
872
875
879
883
890
893
894
895
896
897
898
900
902
903
906
907
910
911
913
915
920
921
923
925
926
927
930
936
938
943
945
948
951
955
958
962
966
967
968
972
974
976
979
984
987
995
1003
1015
1016
1017
1018
1019
1022
1027
1030
1031
1032
1035
1036
1038
1042
1048
1050
1052
1053
1055
1056
1060
1064
1066
1068
1070
1071
1072
1073
1074
1076
1079
1083
1086
1092
1094
1095
1098
1099
1109
1111
1112
1116
1118
1120
1124
1125
1126
1127
1128
1129
1131
1134
1140
1142
1144
1147
1159
1162
1165
1168
1169
1170
1171
1173
1174
1176
1177
1179
1183
1189
1191
1197
1198
1201
1202
1206
1210
1211
1224
1229
1233
1241
1243
1245
1246
1248
1254
1256
1257
1261
1262
1266
1267
1268
1270
1279
1283
1284
1288
1291
1300
1303
1304
1305
1306
1307
1308
1314
1315
1322
1324
1327
1331
1332
1333
1335
1338
1346
1353
1354
1357
1358
1360
1363
1370
1373
1375
1378
1380
1381
1392
1397
1398
1399
1400
1402
1406
1408
1411
1414
1416
1417
1418
1424
1427
1431
1436
1437
1438
1439
1440
1450
1451
1456
1458
1460
1463
1464
1465
1468
1471
1472
1474
1475
1476
1480
1481
1482
1483
1490
1493
1500
1502
1504
1506
1511
1512
1517
1518
1524
1528
1530
1531
1532
1533
1535
1536
1537
1539
1540
1546
1549
1550
1556
1557
1559
1560
1566
1573
1577
1581
1582
1585
1589
1590
1591
1595
1597
1600
1603
1604
1605
1609
1615
1621
1622
1623
1625
1626
1627
1629
1631
1633
1636
1638
1639
1642
1643
1647
1651
1653
1655
1656
1657
1664
1668
1670
1673
1674
1675
1677
1678
1680
1681
1686
1688
1690
1691
1695
1697
1700
1705
1706
1712
1713
1714
1716
1720
1723
1724
1725
1730
1732
1733
1734
1735
1740
1743
1746
1748
1749
1751
1758
1761
1765
1770
1773
1778
1779
1780
1781
1787
1790
1791
1792
1794
1795
1796
1799
1801
1807
1809
1812
1813
1815
1816
1819
1822
1823
1824
1828
1835
1840
155
123
94
78
7
8
121
153
9
68
29
52
31
19
3
14
28
18
90
10
13
99
75
54
64
12
104
142
159
116
16
146
136
85
156
33
151
150
6
42
158
57
58
41
128
148
135
98
72
110
44
102
122
34
100
144
69
163
101
127
27
71
141
147
115
95
46
87
73
59
17
152
82
84
4
76
24
111
154
81
37
134
2
97
138
23
93
66
119
21
39
143
65
20
43
129
36
88
15
80
162
60
22
124
53
109
67
0
132
48
112
40
63
114
108
120
125
91
96
30
126
83
11
1
25
86
133
49
145
45
164
38
62
130
157
74
118
70
105
113
149
79
26
47
35
50
139
51
77
117
106
155
32
107
5
55
