113
61
62
100
149
252
260
321
352
370
406
408
476
528
532
564
570
583
639
642
647
656
676
677
730
731
779
816
872
894
924
937
942
956
964
965
968
979
991
1004
1047
1052
1091
1092
1099
1100
1130
1148
1151
1196
1203
1214
1234
1315
1345
1348
1355
1373
1374
1392
1400
1417
1429
1448
1450
1544
1559
1565
1570
1588
1593
1602
1613
1619
1678
1737
1774
1821
1848
1884
1918
1943
1956
1958
1964
1990
1991
2009
2034
2054
2070
2073
2076
2122
2141
2154
2159
2201
2206
2225
2239
2246
2248
2266
2341
2348
2356
2394
2401
2403
2424
2430
2436
2439
163
83
128
146
22
153
94
30
32
86
63
117
78
55
133
20
8
82
62
154
150
26
80
148
19
138
123
134
9
39
0
72
33
149
151
66
77
45
54
142
40
97
113
120
41
15
106
87
104
90
27
3
24
139
59
61
79
25
136
116
135
23
17
112
88
74
6
52
91
42
48
95
108
60
71
13
67
99
65
46
10
16
84
127
109
158
137
114
152
35
76
44
53
37
31
126
105
115
85
36
101
140
119
38
159
18
110
131
5
93
145
92
1
51
12
100
64
4
47
69
125
124
68
96
147
50
89
2
132
161
58
160
155
122
29
157
49
141
162
70
81
156
98
73
118
21
144
129
11
56
107
103
75
7
111
121
43
34
28
14
57
102
143
130
