686
5
9
11
13
14
16
17
19
20
21
22
23
28
29
30
31
34
35
36
37
39
40
44
45
47
48
50
51
52
53
54
57
59
63
64
67
69
71
74
77
79
82
83
84
86
87
88
92
93
99
100
101
103
106
107
108
109
110
111
113
115
116
117
118
119
120
121
123
124
125
130
136
137
138
139
140
142
143
144
145
147
149
151
153
154
156
158
160
163
166
167
168
169
170
171
172
173
174
176
177
179
180
181
182
184
187
188
189
192
193
194
195
196
199
200
201
202
203
206
207
208
209
210
211
212
213
214
215
216
217
218
219
220
221
222
224
225
226
228
230
231
233
234
235
239
240
241
243
244
245
247
248
249
250
251
254
255
256
260
261
262
264
265
266
268
271
275
276
277
279
281
283
284
285
289
292
294
295
296
298
299
302
303
304
305
308
311
314
315
316
317
318
321
322
323
326
327
328
331
333
334
336
337
339
340
341
342
343
344
346
347
348
350
351
353
354
355
357
358
359
361
362
363
365
366
367
368
369
370
371
372
374
375
376
378
379
380
382
384
385
387
388
389
392
393
394
395
396
399
400
401
402
403
404
405
407
408
409
410
411
414
416
417
419
421
422
426
427
429
430
431
432
433
434
437
440
441
442
443
445
446
447
452
453
454
455
456
457
458
460
463
465
466
467
469
470
472
475
477
486
488
491
495
497
498
503
504
505
507
508
511
513
515
517
519
522
526
528
532
533
534
536
537
538
544
546
549
551
552
553
554
555
556
557
559
560
563
564
565
566
567
568
573
574
575
576
577
578
579
580
582
583
585
586
587
588
589
591
593
594
596
597
599
601
602
604
605
606
607
608
609
610
612
613
615
617
618
620
622
623
625
626
627
628
630
631
633
634
635
636
637
638
643
644
645
646
647
648
651
652
654
656
657
658
660
661
662
665
669
670
672
673
679
680
681
682
683
687
688
690
691
692
694
696
697
700
701
702
703
705
706
707
709
710
711
712
713
714
715
717
718
720
722
725
726
727
728
729
730
731
732
733
734
735
738
739
740
741
743
744
745
747
748
751
752
753
754
755
756
759
762
764
769
771
775
776
777
779
781
782
783
784
785
786
787
788
789
790
791
793
794
799
801
802
804
805
807
809
810
811
814
816
817
818
820
821
824
825
826
830
832
834
836
837
839
840
841
842
843
844
845
847
848
850
852
853
854
855
857
858
859
860
861
864
866
867
869
870
872
873
876
877
878
879
882
883
884
885
887
890
891
892
893
894
895
899
900
901
903
906
907
908
909
914
915
916
917
918
919
921
923
924
925
926
928
931
932
935
936
937
938
939
940
941
944
947
948
949
950
951
952
953
954
955
956
958
959
960
963
965
972
973
974
975
976
977
978
980
981
982
984
985
987
988
989
990
991
992
995
996
998
999
1000
1004
1005
1006
1007
1008
1009
1011
1014
1015
1017
1018
1019
1021
1026
1030
1032
1034
1035
1037
1038
1039
1040
1041
1044
1045
1049
1050
1051
1052
1053
1055
1056
1057
1058
1059
1060
1063
1064
1065
1066
1068
1069
1070
1075
1076
1077
1080
1081
1082
1083
1085
1086
1088
1089
1092
1093
1095
1098
1100
1101
1104
1105
1107
82
74
20
68
28
0
38
31
65
5
10
19
56
47
3
25
35
69
4
79
57
32
53
41
7
81
27
61
52
15
33
59
86
11
73
29
14
18
78
39
6
30
17
24
83
84
76
22
80
2
50
40
44
77
43
66
71
62
60
16
54
48
64
1
87
49
51
37
63
36
8
46
85
58
45
82
75
23
72
42
67
9
13
