686
7
8
9
10
11
12
14
15
16
17
20
23
27
28
29
30
32
33
34
36
38
39
42
43
44
45
47
48
49
50
51
53
58
59
60
62
63
65
67
68
70
71
72
73
74
75
76
77
78
79
80
82
83
85
86
87
88
94
96
97
100
102
104
105
106
107
108
111
113
114
115
116
118
119
120
121
124
126
128
130
131
134
135
136
137
138
139
140
141
142
143
144
146
147
151
152
153
156
157
158
159
161
162
164
166
167
169
171
173
174
175
176
177
178
179
181
182
184
185
186
187
188
191
193
195
196
197
198
199
200
201
202
203
206
207
208
209
210
211
213
217
219
220
222
223
225
226
227
229
232
235
236
238
240
241
243
245
246
247
249
252
257
258
259
260
261
263
264
265
267
268
269
273
274
275
276
278
279
280
281
282
283
284
285
286
287
288
290
291
292
293
294
296
298
299
302
303
304
306
307
309
311
313
314
315
316
317
321
323
324
326
327
329
330
333
336
338
339
340
341
344
347
349
351
355
356
357
358
359
360
361
365
366
368
369
370
371
373
375
377
378
379
381
382
384
385
388
389
390
391
392
393
395
397
398
400
401
402
403
404
406
407
408
409
410
411
412
415
419
421
422
424
430
432
436
439
441
443
444
446
447
449
450
452
453
454
456
457
458
459
460
462
467
468
469
472
476
477
478
479
483
484
485
487
488
489
490
491
492
495
496
497
498
499
500
501
502
503
504
507
508
509
511
512
513
514
515
516
517
518
519
520
521
524
525
527
529
530
531
532
534
535
538
540
541
542
543
545
546
547
548
549
550
552
553
555
556
557
558
561
562
564
566
567
570
571
573
576
580
583
584
586
589
591
593
594
595
597
598
599
600
601
605
606
607
611
612
614
615
616
617
619
622
625
626
627
629
631
633
635
636
637
639
640
641
643
645
646
647
648
649
650
653
655
656
657
659
660
661
664
667
671
672
673
675
676
678
680
681
682
683
686
687
689
690
691
692
693
694
695
696
697
698
699
700
701
702
703
705
706
707
709
711
712
714
715
717
718
719
720
722
724
725
726
727
728
732
733
734
735
736
737
739
743
744
746
747
749
750
752
753
758
759
760
761
767
768
769
770
773
775
778
779
780
784
788
791
793
797
800
801
802
803
804
806
807
809
810
811
814
816
817
819
821
822
823
824
826
827
828
830
831
832
834
836
840
844
845
847
848
849
850
851
853
854
855
857
859
861
862
863
865
867
868
869
870
876
880
885
886
887
888
889
890
891
892
895
896
898
899
900
901
903
905
907
908
909
910
911
912
913
914
915
917
919
921
924
925
931
933
934
935
936
937
938
941
942
944
946
948
949
950
952
953
954
956
957
958
961
965
966
970
971
972
973
976
978
979
982
983
984
986
988
989
990
991
992
994
995
996
997
999
1000
1001
1002
1007
1010
1012
1015
1016
1017
1018
1019
1021
1022
1027
1028
1031
1032
1036
1037
1038
1039
1040
1042
1043
1045
1047
1049
1051
1054
1055
1056
1058
1059
1060
1061
1065
1066
1067
1068
1069
1072
1073
1074
1075
1077
1078
1080
1081
1083
1084
1085
1088
1090
1091
1092
1093
1096
1097
1098
1100
1102
1103
1105
1107
84
35
43
17
21
5
87
75
80
29
63
18
85
77
74
37
57
7
81
50
0
54
41
8
68
76
14
30
20
71
42
46
16
32
25
65
40
60
3
11
66
58
24
83
15
72
67
19
10
4
69
61
84
78
59
49
55
48
38
56
51
2
64
73
13
34
36
26
44
62
52
27
9
53
47
23
31
45
28
79
1
6
82
22
86
