686
1
2
3
5
9
13
14
15
17
18
20
21
23
24
26
29
30
32
33
34
38
40
41
43
44
45
46
47
49
52
54
55
56
57
59
64
65
66
67
68
69
72
73
74
75
76
77
79
80
82
83
85
86
87
88
90
91
93
94
98
100
101
102
103
105
107
108
109
110
113
115
117
119
121
122
124
125
127
128
129
131
133
136
137
138
140
143
145
147
148
149
152
154
155
156
157
158
160
161
162
163
164
165
166
167
170
171
173
175
177
179
180
182
183
184
187
188
189
190
191
192
195
196
198
199
200
201
202
203
205
206
207
208
209
210
211
213
214
216
218
219
221
222
223
224
225
227
228
229
231
232
234
235
237
239
240
241
242
243
245
249
250
252
254
258
259
260
261
262
263
264
266
268
269
270
271
272
273
274
276
279
280
281
282
283
285
286
289
290
292
293
295
296
297
298
303
306
307
311
315
316
317
318
319
320
321
323
324
325
326
327
328
329
331
334
335
336
339
343
344
345
347
350
351
352
354
355
356
357
358
359
360
361
363
367
369
371
372
373
374
375
376
377
378
384
385
386
387
388
389
390
391
393
394
395
396
397
399
400
401
405
407
408
412
414
416
418
420
423
424
426
427
428
429
430
432
433
434
436
437
439
440
442
443
445
446
449
450
452
455
456
459
464
467
468
469
473
475
476
477
479
480
481
482
483
485
486
487
488
489
490
491
492
494
495
496
499
500
501
502
504
505
507
508
509
510
511
512
513
515
520
522
523
525
526
528
531
533
535
537
538
539
540
544
546
547
550
552
555
559
560
563
564
565
566
567
570
571
573
576
577
580
581
583
586
589
590
591
593
594
598
599
601
606
607
610
611
612
613
617
619
621
624
625
626
629
633
634
635
638
639
641
645
646
647
649
650
651
652
655
656
658
660
661
664
666
668
670
671
672
673
674
675
676
677
682
685
686
688
690
692
693
694
695
696
697
698
701
705
708
709
715
717
719
721
723
724
725
727
728
730
733
735
738
741
743
744
745
746
747
748
749
752
753
754
755
756
757
759
760
763
764
765
766
767
768
770
771
772
773
774
775
776
777
779
780
781
782
784
786
789
794
796
798
799
800
802
803
804
807
808
809
813
816
818
820
821
822
823
826
828
829
830
833
834
836
838
841
842
844
845
847
849
850
852
853
854
855
857
861
862
863
866
867
868
869
870
874
876
877
878
879
881
883
884
885
886
887
891
892
893
895
896
897
898
899
900
901
902
903
904
905
907
909
910
911
912
914
917
918
919
921
922
923
924
925
926
927
928
929
930
931
932
933
935
936
937
938
939
940
941
944
946
947
948
950
953
954
957
958
959
961
962
963
966
967
968
969
973
974
976
977
979
980
981
984
985
986
992
994
996
997
998
1000
1002
1003
1005
1006
1009
1010
1013
1014
1015
1018
1021
1022
1023
1024
1026
1027
1028
1029
1030
1032
1034
1037
1038
1039
1040
1042
1043
1044
1045
1047
1048
1049
1050
1052
1053
1054
1057
1058
1059
1062
1063
1064
1065
1066
1067
1070
1071
1072
1073
1074
1076
1079
1080
1083
1084
1085
1087
1088
1089
1091
1093
1094
1095
1096
1097
1098
1099
1100
1101
1102
1103
1105
83
43
44
29
6
73
17
83
19
49
68
11
78
64
80
40
26
42
23
51
33
70
84
77
45
52
60
14
35
3
75
37
20
71
67
10
38
0
27
28
79
39
16
82
59
61
4
69
81
2
47
62
1
87
22
31
66
54
50
18
25
53
36
7
74
72
24
21
41
8
46
48
5
85
58
9
63
56
76
13
86
65
32
30
