76
246
294
306
308
314
334
366
425
432
452
476
494
517
606
646
648
655
676
719
730
797
807
830
831
847
857
885
890
938
940
954
974
1003
1005
1011
1027
1072
1080
1081
1136
1142
1174
1185
1250
1252
1272
1282
1290
1296
1304
1328
1398
1407
1412
1421
1444
1470
1471
1485
1488
1498
1499
1550
1552
1627
1674
1703
1711
1712
1720
1729
1730
1734
1770
1836
1840
124
11
12
152
39
94
35
69
18
48
101
9
119
159
99
79
45
55
163
115
125
24
54
104
114
34
92
25
50
157
83
51
128
153
97
16
76
68
65
132
98
150
142
82
162
37
15
124
103
143
26
164
5
32
74
36
112
60
126
110
31
137
61
95
72
21
71
129
43
111
41
30
146
62
149
123
156
22
158
58
56
87
28
84
17
13
46
86
64
108
59
118
120
105
90
144
96
122
10
66
154
0
80
138
135
147
49
140
53
160
70
102
44
1
127
145
107
2
57
81
77
42
19
4
148
