133
4
77
82
93
104
107
120
136
153
248
279
281
338
364
389
450
457
460
478
490
500
537
538
553
568
582
583
610
622
631
643
667
673
684
704
739
747
748
758
777
793
798
815
826
854
899
909
925
953
957
968
984
1001
1030
1044
1058
1059
1077
1114
1116
1138
1142
1153
1180
1204
1216
1218
1242
1262
1307
1368
1388
1406
1436
1463
1492
1493
1498
1554
1565
1570
1652
1679
1701
1721
1743
1759
1765
1769
1775
1780
1784
1791
1796
1818
1827
1840
1853
1860
1877
1882
1883
1918
1934
1935
2025
2036
2067
2068
2080
2106
2114
2120
2144
2163
2172
2179
2207
2209
2238
2245
2254
2255
2256
2264
2275
2319
2353
2381
2385
2390
2393
2430
151
128
56
46
129
71
12
141
33
161
119
3
142
135
117
42
107
90
93
72
16
153
15
98
7
47
133
99
157
76
26
70
32
19
152
102
4
61
39
143
132
67
101
97
91
9
144
159
146
10
130
123
95
147
79
69
45
108
80
77
21
53
35
48
31
41
44
63
83
74
29
17
121
27
52
5
149
94
96
14
134
50
18
65
89
78
92
11
28
137
82
0
86
24
162
150
125
138
148
75
160
115
118
87
114
145
120
122
8
59
68
34
110
2
112
49
1
73
20
140
23
38
103
155
111
60
126
151
30
109
54
106
13
57
136
58
84
154
88
116
6
85
64
113
43
131
81
124
40
62
105
127
