66
21
24
25
29
34
64
79
117
131
194
326
341
387
405
407
454
471
489
495
541
552
556
631
638
645
659
696
772
784
816
844
863
873
907
919
949
961
984
1000
1020
1059
1111
1181
1209
1216
1327
1337
1347
1357
1407
1416
1477
1489
1511
1556
1576
1577
1578
1605
1621
1643
1653
1715
1729
1771
1784
129
81
64
3
163
27
22
0
32
142
30
124
39
29
70
20
83
52
50
2
86
7
90
35
57
145
26
106
91
79
34
42
82
98
101
8
157
84
128
152
65
127
132
15
147
118
54
133
88
134
76
55
149
144
69
136
4
85
73
150
107
138
46
104
25
80
146
21
122
131
129
121
31
94
44
40
6
120
43
97
105
103
16
78
17
47
96
51
72
159
160
1
93
36
87
110
58
77
41
148
130
116
154
151
13
100
89
23
113
119
12
99
158
53
67
111
162
9
33
10
161
45
56
137
74
153
71
143
112
108
