245
3
16
30
42
53
55
57
58
62
103
108
110
119
129
149
168
174
186
193
194
195
209
212
220
231
238
239
268
269
276
285
289
291
293
295
300
319
329
330
352
379
387
394
410
413
420
435
439
452
453
470
484
503
507
527
536
546
558
570
599
616
621
627
636
663
681
690
701
718
729
737
777
784
818
826
834
841
847
866
869
886
888
908
909
920
927
937
978
981
982
994
1001
1008
1014
1018
1020
1025
1026
1038
1047
1049
1069
1071
1075
1078
1088
1108
1113
1122
1149
1169
1171
1197
1200
1201
1202
1223
1224
1232
1248
1249
1255
1265
1269
1270
1284
1303
1310
1317
1329
1331
1365
1367
1368
1392
1402
1411
1442
1443
1446
1452
1458
1465
1466
1487
1498
1522
1529
1537
1549
1556
1560
1565
1580
1597
1602
1628
1629
1634
1651
1654
1655
1663
1668
1692
1701
1706
1707
1754
1764
1774
1778
1784
1798
1801
1808
1828
1843
1849
1863
1885
1891
1908
1918
1924
1932
1954
1963
1968
1969
1981
1998
1999
2002
2019
2026
2027
2042
2066
2098
2103
2104
2115
2135
2159
2161
2164
2169
2183
2184
2211
2220
2226
2259
2261
2262
2272
2275
2314
2348
2354
2366
2367
2391
2412
2423
2430
2434
2442
2455
2473
2479
2482
2489
2496
2499
2512
2522
2543
2564
2568
2585
2587
2597
2611
161
40
119
130
135
123
38
152
105
5
77
129
63
33
31
60
116
23
21
75
3
18
54
58
1
96
89
127
57
36
153
122
94
102
30
106
103
109
104
45
50
15
51
98
141
91
148
46
47
125
99
154
149
117
65
90
32
110
73
78
53
157
41
79
8
115
133
138
86
150
95
39
100
19
118
124
69
144
42
71
81
151
112
28
136
62
37
92
52
25
55
120
6
143
10
35
24
108
159
87
13
22
80
132
43
74
76
70
146
131
142
140
64
113
67
121
93
155
48
111
72
156
20
101
11
0
44
16
26
139
147
107
137
83
27
29
126
68
59
82
84
49
61
4
134
56
88
114
14
7
66
34
17
145
158
12
9
97
160
128
85
2
