80
82
85
118
126
138
154
170
191
238
255
272
346
351
361
393
426
456
464
485
506
508
536
546
553
559
584
611
623
626
638
640
699
720
757
849
850
860
864
873
890
895
924
936
943
956
971
976
1032
1089
1155
1168
1185
1188
1311
1314
1327
1345
1395
1421
1455
1509
1552
1558
1559
1561
1565
1631
1650
1653
1654
1680
1706
1707
1721
1738
1753
1773
1785
1820
1832
116
91
21
88
151
98
38
83
76
44
95
96
54
87
56
117
26
61
31
110
82
78
49
94
69
161
75
147
45
5
155
146
40
63
122
15
58
90
6
104
20
74
129
46
115
33
126
148
37
25
149
36
131
57
157
128
59
28
19
79
143
3
35
27
158
113
85
51
125
109
13
4
164
11
2
93
102
106
118
73
119
1
23
47
123
9
52
97
64
34
127
14
30
138
29
134
70
42
17
120
153
22
108
156
116
43
8
86
121
53
7
112
163
133
152
60
16
