253
14
29
51
57
58
67
77
96
110
122
131
134
164
169
183
187
194
205
238
242
248
265
267
269
271
281
287
294
300
303
307
308
339
351
358
364
385
397
400
406
411
416
427
429
431
438
460
469
470
501
511
512
521
530
539
546
558
572
576
617
626
672
677
685
706
707
715
743
751
754
755
758
771
774
794
803
808
812
827
835
837
855
856
861
870
877
889
899
922
924
927
932
940
958
969
987
993
1016
1019
1021
1023
1027
1030
1044
1050
1062
1088
1100
1101
1105
1108
1123
1130
1149
1153
1160
1170
1174
1185
1217
1234
1236
1237
1249
1271
1274
1300
1305
1308
1334
1355
1369
1380
1395
1404
1417
1430
1437
1442
1445
1448
1451
1468
1471
1484
1487
1489
1494
1498
1500
1502
1519
1529
1536
1543
1549
1557
1578
1580
1583
1597
1601
1619
1625
1633
1634
1636
1645
1658
1670
1675
1687
1712
1720
1747
1749
1750
1757
1767
1788
1791
1801
1815
1823
1834
1838
1841
1859
1865
1885
1891
1912
1914
1919
1943
1952
1960
1998
2007
2008
2025
2082
2086
2088
2095
2097
2109
2129
2135
2157
2168
2173
2179
2187
2196
2197
2198
2206
2217
2226
2242
2264
2299
2327
2341
2352
2355
2357
2369
2370
2389
2392
2400
2447
2452
2454
2461
2466
2470
2501
2507
2508
2516
2521
2532
2539
2555
2574
2577
2578
2581
2582
2613
157
131
121
13
148
85
103
49
130
17
25
51
18
109
154
16
62
115
31
157
45
98
141
89
153
140
122
61
126
112
9
1
65
147
88
95
125
142
42
136
91
50
55
108
124
3
26
117
11
128
84
4
146
14
86
93
114
10
79
149
43
15
134
28
90
80
138
72
158
105
53
132
66
111
47
96
33
106
32
129
127
101
110
78
27
144
155
56
137
135
23
145
57
92
63
74
60
6
59
68
38
107
76
94
116
87
54
77
82
152
29
150
71
97
44
64
151
0
39
133
69
102
113
83
48
67
30
7
139
20
19
99
120
160
5
70
37
52
75
46
58
100
41
24
21
73
143
118
81
104
123
35
12
119
8
2
40
34
