262
14
19
25
26
49
51
57
79
87
107
108
109
110
133
137
143
147
182
187
237
251
269
316
317
323
332
340
350
357
361
366
388
401
407
411
420
429
437
465
469
475
479
480
481
486
488
504
539
558
559
577
591
593
608
610
614
629
643
656
665
686
687
691
715
744
747
754
778
783
794
813
814
816
819
825
844
846
878
884
888
896
907
941
951
952
956
974
979
980
988
989
1002
1003
1007
1012
1052
1055
1061
1062
1064
1070
1073
1075
1076
1079
1081
1086
1092
1107
1125
1136
1142
1153
1169
1171
1178
1195
1197
1213
1222
1254
1260
1291
1294
1326
1352
1358
1363
1367
1373
1375
1388
1397
1406
1421
1433
1441
1457
1461
1470
1475
1476
1490
1495
1498
1513
1530
1545
1566
1569
1575
1586
1588
1591
1592
1603
1606
1623
1632
1655
1663
1698
1701
1704
1720
1724
1734
1736
1739
1747
1751
1767
1802
1812
1814
1840
1872
1874
1877
1878
1879
1885
1889
1902
1907
1908
1919
1921
1926
1927
1934
1938
1942
1943
1949
1963
2006
2011
2018
2021
2030
2035
2053
2061
2063
2074
2076
2077
2078
2093
2098
2106
2109
2116
2122
2141
2171
2188
2207
2219
2220
2240
2261
2263
2269
2270
2292
2315
2333
2354
2355
2373
2377
2383
2394
2415
2447
2450
2453
2454
2456
2461
2463
2464
2471
2492
2518
2520
2523
2524
2525
2532
2534
2537
2543
2550
2555
2560
2572
2575
2591
2624
161
141
102
40
41
24
6
99
106
2
9
139
28
82
54
21
133
19
52
91
31
35
123
129
75
66
108
70
0
120
131
74
5
50
146
67
12
76
23
105
132
38
110
33
16
125
79
57
128
78
155
18
15
26
48
138
73
116
17
25
4
117
142
85
153
46
148
8
145
77
32
115
69
42
103
22
93
13
140
127
34
30
68
154
160
94
80
137
109
158
29
124
95
39
150
151
118
88
7
126
83
72
104
144
90
159
107
121
64
51
111
71
86
14
47
112
62
135
59
63
58
152
134
1
60
43
10
96
119
84
55
61
147
45
81
143
98
97
101
87
156
114
36
20
49
149
157
3
122
100
27
56
113
44
11
53
92
37
89
136
65
130
