106
16
138
156
178
181
235
246
260
281
304
306
335
342
343
376
377
392
415
422
431
460
496
497
500
573
577
591
621
637
648
657
670
729
736
766
773
790
792
798
856
883
884
894
900
916
977
1034
1045
1066
1067
1120
1130
1131
1146
1178
1188
1203
1212
1227
1292
1317
1338
1340
1349
1368
1377
1429
1435
1498
1502
1516
1536
1567
1575
1584
1600
1655
1688
1744
1746
1759
1916
1931
1932
1946
1987
2028
2060
2065
2070
2078
2094
2205
2231
2240
2263
2265
2284
2292
2355
2356
2366
2373
2412
2414
2435
152
155
31
160
38
44
101
7
97
59
1
93
42
72
156
64
136
112
116
67
129
77
159
84
149
39
140
94
135
43
69
65
126
2
62
41
157
54
142
26
96
15
92
58
25
105
120
53
103
123
124
61
98
79
80
134
83
17
147
128
106
161
138
158
102
30
104
45
76
70
148
99
21
113
85
122
49
55
87
145
37
75
89
28
95
125
71
108
132
14
12
154
20
74
73
33
151
121
57
133
11
162
35
150
50
115
111
23
109
152
19
5
143
68
130
18
22
24
144
131
51
60
47
117
0
8
9
40
29
16
82
10
66
91
100
34
86
118
6
32
27
114
119
81
137
153
110
52
139
88
56
13
48
