663
6
7
9
13
18
22
30
33
36
37
39
42
43
45
46
47
54
62
73
82
85
86
87
88
91
94
99
100
101
102
103
106
111
112
115
116
118
124
127
129
135
137
141
144
152
154
156
157
158
162
163
165
167
168
170
175
176
179
185
186
191
197
198
202
204
210
211
212
214
215
221
233
236
239
244
246
247
249
250
251
252
256
258
260
262
265
268
269
272
275
277
280
283
286
289
290
293
294
307
308
310
311
312
313
314
317
322
326
329
330
334
337
340
345
346
350
351
354
357
358
359
360
361
369
371
373
377
378
381
382
387
399
402
406
407
410
411
413
417
418
419
422
424
426
427
430
432
434
435
436
441
442
443
444
446
450
451
453
455
456
457
463
466
470
472
474
475
477
478
479
481
482
483
485
491
494
495
497
499
500
503
505
506
512
513
514
515
516
517
522
524
528
531
533
540
542
543
546
548
550
553
555
563
564
567
568
572
576
578
579
581
582
583
584
587
589
590
591
592
593
595
596
597
612
613
615
619
620
637
639
643
645
648
650
652
658
661
667
671
672
680
685
687
689
690
696
703
704
706
709
712
716
717
721
722
727
728
731
732
734
735
739
744
747
748
749
754
756
758
759
760
761
764
770
771
777
783
786
789
790
793
797
798
799
800
801
807
809
811
812
817
824
825
826
827
831
832
833
837
839
840
841
842
843
844
846
848
849
854
856
857
859
861
862
864
865
867
870
871
875
876
880
883
885
886
888
889
892
899
901
902
903
907
908
909
912
916
918
919
921
922
926
928
933
935
937
941
945
949
951
954
955
956
962
964
965
966
968
969
970
973
975
979
983
993
994
995
997
1002
1006
1012
1013
1015
1023
1030
1034
1039
1044
1046
1047
1048
1055
1056
1062
1064
1065
1067
1071
1073
1077
1078
1081
1087
1088
1089
1091
1093
1094
1099
1102
1104
1105
1106
1107
1111
1116
1119
1120
1123
1128
1131
1132
1135
1138
1139
1140
1142
1143
1153
1154
1158
1161
1165
1167
1169
1170
1175
1177
1181
1182
1183
1186
1195
1197
1200
1203
1209
1211
1216
1222
1223
1226
1230
1231
1234
1237
1243
1245
1247
1248
1250
1255
1256
1260
1262
1264
1265
1271
1275
1277
1283
1295
1300
1303
1304
1307
1310
1312
1313
1317
1319
1322
1323
1328
1329
1331
1332
1334
1335
1340
1341
1344
1345
1349
1351
1353
1354
1357
1363
1367
1373
1376
1378
1380
1382
1385
1388
1390
1393
1398
1401
1402
1403
1405
1406
1410
1413
1414
1419
1425
1427
1428
1429
1431
1434
1439
1440
1446
1447
1448
1451
1452
1453
1455
1456
1457
1460
1461
1463
1464
1469
1471
1472
1475
1477
1478
1483
1492
1497
1498
1503
1511
1514
1518
1520
1521
1524
1527
1528
1529
1532
1538
1539
1540
1541
1546
1550
1559
1562
1566
1569
1570
1573
1574
1576
1577
1578
1580
1581
1582
1586
1588
1592
1593
1597
1600
1601
1604
1608
1613
1620
1622
1623
1626
1629
1630
1631
1637
1638
1639
1644
1645
1646
1647
1648
1649
1651
1652
1656
1659
1663
1666
1667
1672
1674
1678
1679
1682
1685
1686
1688
1695
1697
1699
1700
1703
1708
1710
1715
1719
1720
1726
1729
1732
1738
1739
1740
1742
1744
1754
1756
1757
1758
1759
1761
1767
1768
1772
1773
1774
1782
1784
1785
1787
1788
1791
1793
1794
1795
1796
1798
1800
1801
1803
1804
1811
1812
1819
1821
1822
1825
1826
1839
157
36
38
83
53
112
5
96
46
128
120
162
99
113
119
85
4
153
98
52
81
24
164
133
58
42
7
16
154
33
68
97
20
132
135
157
122
117
107
148
39
56
51
79
101
116
76
67
77
144
130
45
37
50
141
14
8
115
142
121
82
92
29
109
136
11
35
2
0
90
17
54
70
49
149
95
9
62
71
145
161
139
102
28
72
40
155
75
125
137
106
140
134
63
160
100
163
65
108
146
89
152
31
21
104
1
61
26
111
93
69
147
143
78
159
12
156
124
88
6
18
91
158
34
57
66
105
126
150
32
138
25
19
131
3
87
43
27
15
60
44
55
94
123
64
103
22
80
129
59
86
47
13
30
41
110
84
118
