149
23
37
58
59
71
79
81
84
88
100
109
112
124
129
140
143
145
152
158
159
163
167
170
190
198
202
205
220
222
226
234
249
250
257
259
265
273
274
275
292
296
303
324
330
331
335
336
344
350
354
358
359
362
372
394
425
435
445
451
453
457
464
468
472
473
475
480
481
485
496
499
504
521
533
549
550
560
561
562
574
586
588
601
602
604
605
606
608
612
614
619
624
625
635
637
638
645
649
654
657
676
679
684
687
689
692
705
713
724
739
740
745
757
770
776
782
784
792
794
807
828
857
861
878
891
901
903
909
913
915
920
924
927
957
962
976
986
1002
1006
1009
1019
1025
1051
1055
1064
1078
1083
1101
1103
76
69
75
13
78
38
68
65
84
56
36
17
0
14
63
83
19
24
46
87
73
47
12
34
45
59
1
43
82
35
29
21
20
81
8
66
39
77
50
27
76
72
18
15
54
67
23
4
74
11
64
48
16
58
5
61
31
30
71
32
80
6
51
3
62
22
79
10
33
9
2
57
25
85
7
53
42
