663
10
11
13
17
27
29
30
32
38
39
40
46
47
48
49
50
53
55
56
57
60
63
64
66
68
69
71
74
75
78
79
82
83
84
86
92
94
97
99
101
110
112
113
114
115
118
123
126
127
131
132
135
136
137
140
142
144
150
151
153
159
164
174
176
179
183
185
186
190
196
197
198
199
201
203
207
209
215
219
223
226
230
231
234
236
239
240
241
244
246
247
250
251
252
258
262
263
264
266
273
274
277
278
279
280
282
283
284
287
296
297
302
304
305
308
310
312
313
324
327
329
331
332
337
340
342
346
347
349
351
353
357
358
359
360
362
366
367
369
371
372
374
377
379
384
388
389
390
391
393
404
417
420
421
424
425
428
429
433
437
441
444
445
448
449
454
456
457
459
460
462
463
465
469
479
480
482
484
487
500
502
504
505
511
512
520
522
523
524
526
527
528
530
533
538
539
541
542
546
547
554
557
566
568
569
571
572
574
576
577
582
586
589
595
596
598
599
600
601
602
604
605
606
609
611
617
619
620
621
626
627
631
632
635
638
641
645
646
650
653
654
655
656
661
664
665
668
670
671
677
681
683
685
688
689
690
694
696
702
705
706
707
709
711
712
713
715
723
724
725
728
731
735
744
745
748
749
750
752
754
762
766
769
770
774
775
777
778
780
781
784
785
789
791
795
804
805
806
807
808
813
818
820
823
824
825
826
829
835
837
843
845
846
849
855
860
861
862
863
866
867
872
875
878
887
891
893
895
901
904
905
911
913
916
918
921
923
927
932
938
939
942
946
955
962
964
965
969
972
978
982
983
985
988
990
991
994
995
999
1000
1001
1005
1012
1013
1021
1022
1025
1026
1030
1031
1033
1034
1040
1041
1043
1044
1047
1049
1050
1052
1057
1059
1063
1064
1065
1067
1070
1075
1077
1079
1083
1084
1086
1087
1089
1090
1092
1095
1100
1103
1106
1110
1111
1112
1117
1119
1120
1121
1122
1125
1128
1130
1131
1132
1133
1136
1138
1139
1140
1141
1142
1143
1145
1150
1152
1163
1164
1168
1176
1179
1183
1190
1193
1194
1195
1197
1198
1199
1200
1201
1202
1203
1204
1206
1208
1212
1217
1218
1221
1222
1227
1229
1232
1234
1237
1238
1241
1242
1245
1250
1251
1263
1265
1267
1268
1271
1272
1277
1280
1282
1284
1291
1293
1295
1296
1300
1320
1321
1325
1326
1327
1329
1333
1338
1340
1341
1347
1349
1350
1351
1352
1356
1357
1361
1364
1366
1367
1371
1375
1383
1385
1386
1387
1396
1398
1402
1407
1412
1414
1415
1416
1417
1419
1420
1429
1430
1433
1440
1441
1442
1450
1451
1456
1458
1459
1467
1469
1479
1480
1481
1487
1491
1495
1496
1498
1499
1504
1507
1512
1515
1517
1518
1519
1520
1521
1523
1527
1529
1531
1532
1534
1535
1538
1542
1546
1550
1551
1552
1556
1557
1559
1560
1561
1567
1570
1572
1574
1577
1579
1580
1581
1583
1586
1590
1591
1598
1599
1601
1602
1605
1606
1609
1612
1614
1621
1623
1628
1629
1631
1632
1635
1637
1639
1642
1648
1649
1650
1651
1652
1662
1667
1669
1676
1677
1680
1683
1685
1691
1694
1695
1697
1702
1706
1709
1712
1714
1720
1721
1722
1726
1727
1728
1730
1732
1737
1740
1747
1748
1750
1756
1759
1762
1772
1775
1776
1780
1781
1782
1787
1788
1789
1793
1796
1804
1807
1809
1815
1817
1819
1821
1823
1824
1826
1828
1829
1831
1832
1833
1834
1835
1838
1839
1840
158
65
70
134
60
163
80
12
37
164
110
1
152
133
5
43
122
44
35
89
135
9
78
25
21
28
42
145
108
41
19
45
100
8
30
46
47
27
157
63
18
13
139
55
54
148
79
56
91
68
20
52
87
2
77
24
121
88
132
84
73
118
64
159
147
50
53
149
36
4
72
33
114
126
76
154
81
3
32
161
15
106
153
48
143
158
112
7
117
49
101
138
155
151
96
131
75
6
116
124
142
17
162
40
62
31
59
90
129
26
115
67
127
130
123
86
29
137
120
61
111
16
14
11
93
107
69
105
92
140
141
144
22
57
156
136
66
23
82
98
128
119
83
51
109
99
74
160
39
150
71
104
125
0
94
97
95
34
146
