129
48
61
67
72
78
93
108
112
120
150
157
160
171
215
242
250
335
374
394
395
423
427
435
441
474
488
494
516
517
525
532
536
544
556
561
562
594
599
603
610
649
651
667
668
676
679
684
693
731
777
781
782
804
808
888
900
906
926
928
942
962
1000
1019
1036
1042
1086
1099
1112
1119
1174
1260
1319
1322
1337
1358
1361
1380
1415
1438
1445
1446
1465
1483
1499
1503
1525
1543
1548
1559
1563
1583
1600
1605
1632
1635
1661
1709
1717
1741
1743
1766
1771
1796
1839
1927
1940
1956
1971
1991
2021
2025
2053
2125
2140
2141
2163
2165
2173
2190
2207
2213
2290
2319
2323
2332
2340
2342
2407
2423
163
116
28
85
29
33
18
129
22
90
47
48
65
58
138
11
0
5
83
93
82
154
4
110
3
20
67
143
6
86
96
89
97
71
149
158
159
42
41
121
141
25
26
79
21
63
126
139
100
101
153
56
118
123
32
109
34
74
59
122
9
76
115
10
156
54
55
64
70
111
52
113
19
136
133
50
38
107
103
145
36
44
81
77
13
148
151
2
84
51
7
35
157
112
15
104
40
49
53
142
61
117
23
39
108
124
102
68
92
98
45
16
127
162
131
95
119
12
69
57
105
80
72
114
78
37
27
147
8
137
152
99
160
87
75
106
161
146
155
43
144
24
135
62
88
130
30
66
94
14
46
73
140
134
31
60
17
132
120
91
128
150
125
1
