139
1
8
14
17
59
66
73
81
93
126
133
137
145
150
151
165
183
184
198
214
220
235
239
248
263
277
280
309
337
339
346
394
426
428
429
452
495
498
506
531
532
534
545
581
588
590
597
627
718
739
740
758
766
774
801
807
816
864
903
957
963
986
1001
1002
1019
1081
1085
1091
1098
1105
1143
1151
1167
1169
1170
1176
1180
1183
1205
1246
1275
1310
1352
1364
1372
1373
1383
1384
1390
1392
1409
1411
1439
1440
1489
1498
1518
1525
1533
1561
1599
1627
1650
1658
1664
1696
1697
1706
1743
1753
1796
1811
1820
1833
1838
1865
1873
1875
1909
1922
1954
1967
1971
2044
2060
2150
2190
2228
2233
2234
2249
2269
2304
2314
2320
2340
2368
2409
2420
161
76
24
31
95
124
66
35
61
10
70
91
8
101
62
0
45
130
41
134
135
30
159
65
2
79
22
40
157
144
47
63
138
90
53
81
137
69
80
154
104
36
93
86
51
119
89
107
156
6
4
19
139
105
37
56
121
116
141
48
20
64
12
49
108
26
34
114
32
68
72
55
78
111
54
140
103
44
39
52
84
158
128
97
88
23
120
46
98
136
113
38
155
83
57
25
1
100
133
96
145
82
148
102
123
75
16
87
143
71
29
11
21
161
146
13
151
153
92
106
99
50
110
131
125
149
28
118
112
115
160
43
150
73
42
18
60
59
7
152
58
17
122
94
9
67
3
14
27
117
129
5
142
74
162
85
127
147
132
77
109
33
