67
104
143
192
219
220
240
249
283
299
306
370
376
394
398
418
436
438
439
464
466
467
511
525
557
567
617
637
638
678
702
721
749
792
810
812
819
847
858
893
911
936
957
973
996
1029
1054
1070
1141
1166
1218
1228
1270
1283
1318
1420
1526
1538
1541
1561
1588
1599
1605
1612
1629
1710
1773
1786
119
21
41
76
17
11
94
69
5
71
152
64
154
149
16
59
138
132
95
24
116
139
101
97
157
23
164
56
153
151
55
46
126
57
114
45
108
162
122
9
150
160
127
86
158
7
54
35
78
92
32
104
1
25
34
155
146
20
106
70
2
77
63
140
3
44
91
84
39
109
52
67
36
50
73
40
119
115
107
10
42
43
15
62
159
117
135
68
128
121
142
163
130
133
28
131
112
51
79
75
31
26
136
65
19
118
6
156
4
33
123
99
98
103
141
18
74
58
0
83
