662
15
18
24
26
29
32
34
36
37
46
51
54
56
61
62
67
68
69
70
71
74
76
84
85
86
90
91
92
94
96
97
98
103
104
109
113
116
118
122
123
128
136
137
141
143
144
147
152
153
156
159
160
170
176
177
178
181
183
184
185
187
188
189
192
193
197
200
203
204
206
208
209
214
215
218
219
223
225
226
227
230
237
245
246
247
248
251
257
258
262
263
273
275
276
278
280
283
293
295
296
301
304
305
307
309
311
315
317
322
323
330
331
332
333
341
342
343
344
346
348
349
351
356
360
361
362
365
368
371
375
378
379
385
387
388
392
394
395
397
398
400
401
404
405
406
408
409
411
412
416
418
419
425
429
431
437
438
439
443
446
449
450
451
452
455
459
465
467
475
477
478
484
486
487
489
497
499
506
507
509
511
512
518
519
520
521
525
528
529
532
533
535
536
543
544
545
547
548
551
552
554
555
556
558
568
569
572
573
576
577
581
584
587
589
590
591
593
594
596
603
605
614
615
618
621
624
627
629
631
632
635
636
637
650
651
652
657
664
665
666
672
677
678
680
684
687
689
691
693
695
698
705
715
717
718
719
726
735
736
737
740
741
744
745
749
754
755
759
762
763
769
771
773
774
775
777
782
783
784
786
789
790
791
793
800
802
803
804
809
811
814
815
816
818
819
821
824
827
828
836
838
841
842
843
847
848
849
850
852
853
854
856
858
861
863
864
866
868
869
873
875
877
881
883
885
890
891
892
893
898
900
905
907
911
912
914
918
919
920
921
926
928
929
931
932
933
936
939
942
946
950
959
965
966
968
970
974
975
976
980
981
982
990
991
993
996
998
1000
1004
1007
1008
1012
1014
1017
1018
1023
1026
1030
1031
1033
1035
1036
1044
1045
1046
1047
1051
1053
1056
1058
1061
1063
1065
1067
1070
1073
1074
1077
1078
1079
1080
1082
1086
1087
1095
1096
1102
1103
1119
1120
1121
1122
1123
1124
1130
1132
1133
1134
1138
1148
1157
1161
1163
1164
1165
1170
1176
1180
1182
1183
1184
1188
1193
1194
1195
1198
1201
1202
1203
1205
1211
1220
1227
1228
1232
1234
1235
1236
1238
1240
1242
1243
1247
1251
1255
1265
1269
1275
1276
1277
1278
1281
1282
1283
1287
1288
1291
1296
1298
1301
1302
1307
1309
1311
1315
1319
1321
1322
1324
1328
1330
1331
1332
1339
1342
1344
1345
1346
1347
1348
1349
1355
1357
1361
1363
1366
1368
1371
1372
1373
1375
1377
1379
1386
1387
1390
1392
1399
1406
1407
1412
1414
1422
1424
1429
1436
1438
1440
1441
1442
1443
1447
1448
1455
1456
1458
1459
1461
1469
1470
1474
1479
1483
1485
1487
1489
1490
1492
1498
1500
1501
1502
1504
1506
1507
1513
1519
1522
1528
1532
1533
1534
1535
1540
1546
1549
1550
1555
1559
1564
1565
1566
1570
1571
1573
1575
1576
1577
1578
1580
1582
1583
1585
1586
1588
1596
1598
1604
1605
1606
1607
1611
1613
1616
1617
1621
1630
1633
1634
1638
1639
1640
1641
1642
1644
1653
1654
1656
1659
1660
1663
1666
1667
1668
1669
1673
1676
1678
1684
1689
1690
1693
1694
1696
1697
1700
1716
1718
1720
1725
1727
1728
1730
1731
1734
1739
1744
1745
1757
1761
1764
1768
1769
1772
1774
1775
1777
1778
1779
1783
1786
1790
1791
1792
1794
1795
1804
1805
1808
1809
1810
1811
1817
1819
1820
1821
1822
1826
1828
1829
1839
1840
157
155
101
114
34
48
122
47
23
133
134
61
107
99
102
135
63
54
118
86
108
35
141
68
123
82
160
70
92
79
162
163
53
30
1
62
19
100
72
111
157
154
67
28
110
9
8
91
143
146
89
76
121
20
39
75
138
147
96
6
65
131
159
14
124
127
5
36
21
44
150
45
13
119
153
64
38
26
140
59
25
7
129
109
132
66
3
43
33
128
41
24
27
40
4
126
144
10
69
73
139
137
49
55
116
105
149
120
77
136
46
18
81
83
52
57
104
42
37
31
29
103
16
60
50
158
78
22
80
87
97
84
0
15
56
106
125
112
152
74
117
58
95
12
156
93
11
90
2
145
148
130
115
161
17
98
71
51
