105
1
9
65
80
81
84
111
121
138
140
163
167
193
210
341
345
352
378
431
446
449
460
515
517
521
666
704
706
723
758
806
815
836
837
841
855
858
902
919
931
964
967
1001
1036
1044
1045
1090
1105
1163
1172
1180
1190
1205
1210
1220
1253
1262
1272
1329
1379
1399
1404
1423
1461
1482
1483
1486
1488
1550
1552
1554
1570
1648
1711
1742
1755
1756
1830
1840
1859
1867
1878
1917
1940
1998
2007
2009
2059
2077
2091
2130
2149
2151
2177
2178
2182
2210
2237
2273
2296
2301
2337
2421
2430
2444
161
111
108
2
116
34
90
88
132
53
61
152
6
158
51
46
16
63
58
32
114
75
102
49
122
154
15
12
26
48
40
79
70
133
37
8
99
130
76
109
74
66
106
22
36
135
150
60
38
115
92
39
14
159
27
42
139
110
141
35
64
0
155
1
44
129
148
157
31
68
121
28
120
77
131
153
20
56
103
59
33
7
19
67
18
101
137
162
45
13
138
94
57
160
127
72
41
128
107
117
25
81
91
3
123
151
52
156
17
69
29
100
105
112
54
161
134
55
86
118
119
84
5
140
136
97
124
149
146
87
82
30
9
73
71
89
78
95
93
4
125
113
83
10
65
96
144
126
50
85
80
98
11
43
62
147
142
143
23
104
145
21
