686
7
8
10
11
15
16
17
21
22
23
25
27
28
29
31
32
34
35
37
39
40
41
42
43
44
45
48
50
51
52
53
54
57
61
62
65
66
67
69
70
73
74
78
79
80
86
89
90
91
93
95
96
98
99
101
102
103
104
107
108
109
110
111
113
114
115
116
117
119
120
121
122
124
127
128
129
131
133
134
135
136
137
139
140
141
142
145
147
148
150
151
153
155
156
158
159
160
163
164
166
168
169
170
171
172
175
179
182
183
184
187
189
190
191
192
194
199
200
201
202
203
205
206
208
209
211
212
215
219
220
221
222
223
225
231
233
234
235
236
237
238
239
240
241
242
243
244
245
246
247
249
250
251
252
253
254
256
257
260
261
262
264
265
267
268
272
275
277
278
279
280
282
283
285
288
289
292
293
295
297
298
299
301
302
303
304
306
307
310
311
312
313
315
316
318
319
320
321
322
323
325
326
331
332
333
334
336
337
338
340
341
343
344
345
346
348
349
351
352
353
354
355
356
359
360
365
366
369
374
375
377
379
380
382
385
386
389
391
392
393
394
395
396
397
399
400
401
402
403
409
412
413
414
415
417
418
419
420
421
422
424
425
426
427
428
429
430
432
433
436
437
438
440
441
442
443
445
446
448
449
450
452
453
455
457
460
462
463
464
465
467
468
469
471
472
474
475
476
478
482
483
484
485
486
487
488
489
490
491
492
493
494
495
499
502
503
504
505
507
508
509
510
512
513
514
516
517
518
519
521
522
524
525
526
529
531
532
534
536
537
538
539
540
542
543
546
547
548
552
554
555
557
559
561
562
563
564
565
571
576
577
582
583
584
587
588
589
592
593
594
596
599
601
603
605
606
607
608
610
611
612
613
615
616
617
618
619
622
624
626
627
628
629
631
634
635
636
637
638
644
645
646
647
648
650
651
653
654
656
657
661
663
664
666
668
672
673
674
675
676
677
678
679
681
683
685
686
689
691
692
694
695
696
697
698
699
700
701
702
703
707
708
709
710
714
716
717
718
719
720
723
726
727
728
730
731
732
735
737
738
741
742
743
745
750
752
753
754
755
758
759
761
762
763
766
767
771
772
773
774
778
779
780
782
783
786
787
788
789
790
792
793
794
796
797
798
800
804
807
808
809
811
813
814
815
816
817
818
819
820
822
823
824
826
827
828
830
831
832
834
837
838
839
841
842
843
845
846
853
854
856
857
858
859
861
863
864
865
866
868
869
870
873
875
881
883
884
885
886
887
890
891
893
894
896
897
898
902
903
906
908
913
914
915
917
918
919
920
921
922
923
924
926
927
928
930
931
934
935
941
942
943
944
946
947
951
952
954
955
956
957
959
960
964
966
968
970
972
973
974
975
976
977
979
980
981
982
984
986
987
988
989
990
994
995
997
998
1000
1001
1004
1006
1007
1008
1009
1010
1011
1013
1014
1016
1017
1022
1025
1026
1028
1029
1030
1031
1032
1033
1034
1035
1036
1039
1040
1042
1043
1046
1047
1048
1049
1051
1053
1055
1057
1058
1061
1062
1063
1064
1065
1067
1069
1070
1072
1073
1074
1075
1076
1078
1079
1081
1082
1083
1085
1086
1088
1089
1092
1093
1094
1095
1098
1102
1103
1104
1107
82
3
87
51
53
23
30
49
12
18
11
29
77
61
41
16
80
42
4
84
31
6
67
57
35
15
82
48
63
40
8
21
17
26
66
22
79
85
1
33
32
46
59
55
19
0
43
58
7
10
37
56
50
14
45
74
62
71
44
68
52
5
36
60
65
38
78
9
47
64
69
13
54
72
39
76
28
75
20
27
2
24
83
