149
64
69
92
100
103
109
110
115
117
120
123
124
125
131
141
145
151
154
172
188
198
212
214
221
236
247
249
256
272
300
302
304
309
311
314
323
331
346
358
361
368
375
380
400
404
432
435
442
444
445
447
466
474
479
484
494
495
508
514
521
529
534
535
537
544
553
565
567
572
575
578
586
597
611
620
624
627
630
631
635
646
653
654
661
670
683
687
699
703
711
715
716
718
727
728
742
753
754
756
766
768
769
780
784
787
793
794
802
808
822
831
836
872
887
897
898
901
906
915
922
936
945
953
963
964
965
967
973
977
989
992
1009
1023
1029
1032
1033
1034
1035
1038
1056
1059
1060
1071
1078
1088
1097
1099
1100
1101
70
11
13
47
34
29
78
15
87
1
86
83
82
64
81
8
72
67
25
71
48
19
37
3
73
49
39
77
65
16
17
69
63
85
59
5
66
4
53
44
22
18
76
7
9
32
62
54
68
31
35
21
58
2
46
0
24
23
10
45
28
50
12
14
27
51
52
42
20
55
41
