688
21
22
26
27
29
31
34
35
37
39
41
43
45
48
49
52
53
54
55
61
68
76
77
81
82
83
84
87
88
89
91
93
96
98
99
101
102
103
106
108
110
112
113
116
118
119
122
125
126
130
135
142
143
144
145
147
151
154
155
158
159
160
162
164
169
178
181
184
187
192
194
198
200
206
208
211
213
215
216
219
228
230
232
238
240
244
248
251
252
255
257
262
263
264
265
268
273
274
275
279
280
281
283
285
288
289
290
293
294
297
299
301
304
306
310
311
312
314
321
322
325
326
327
330
331
333
336
337
339
342
350
354
360
361
363
366
368
369
376
377
379
383
386
389
392
393
397
405
412
415
416
424
426
427
429
432
434
439
440
447
448
452
455
456
459
460
463
464
468
470
471
478
480
483
485
489
490
494
495
497
501
509
510
511
512
518
521
525
528
530
533
535
540
541
547
548
549
550
552
553
554
558
560
561
563
564
569
571
576
587
589
591
592
593
599
608
609
611
613
614
616
618
619
622
623
624
625
628
632
636
650
651
653
655
656
658
661
662
665
671
673
684
689
690
692
694
698
699
710
711
713
715
717
721
723
727
728
729
730
734
736
741
753
754
759
760
761
764
766
767
768
773
778
780
785
787
791
792
795
796
797
800
804
805
808
809
812
814
821
823
824
825
828
829
833
837
841
842
846
847
851
852
856
857
861
862
865
867
868
874
878
880
882
888
889
892
895
897
899
902
903
907
908
909
911
912
914
918
926
927
932
935
936
938
943
944
948
950
951
952
955
956
959
960
963
964
967
969
970
972
973
974
976
977
984
987
988
991
993
995
996
997
998
999
1002
1003
1004
1005
1007
1008
1010
1017
1018
1022
1032
1033
1036
1039
1041
1043
1044
1047
1049
1051
1058
1060
1063
1068
1069
1070
1072
1073
1074
1080
1086
1089
1091
1092
1096
1099
1103
1104
1106
1107
1109
1114
1121
1122
1125
1128
1131
1134
1135
1136
1137
1140
1141
1142
1145
1152
1156
1157
1159
1167
1168
1170
1171
1172
1178
1179
1181
1183
1185
1189
1193
1196
1198
1200
1201
1202
1206
1208
1215
1217
1218
1220
1226
1228
1232
1235
1237
1242
1245
1246
1248
1250
1251
1252
1256
1257
1259
1262
1263
1267
1268
1269
1270
1271
1272
1281
1282
1283
1284
1286
1288
1292
1297
1299
1300
1302
1303
1304
1305
1308
1310
1313
1315
1318
1320
1321
1324
1329
1332
1338
1340
1345
1346
1349
1351
1354
1355
1356
1361
1365
1366
1367
1371
1373
1376
1377
1379
1381
1382
1387
1392
1395
1397
1400
1402
1403
1406
1408
1409
1411
1417
1420
1423
1424
1425
1431
1433
1434
1436
1437
1440
1446
1447
1448
1462
1464
1465
1471
1479
1480
1481
1482
1483
1484
1488
1490
1491
1496
1497
1498
1499
1502
1507
1512
1522
1524
1525
1526
1527
1529
1530
1533
1534
1538
1543
1546
1547
1552
1556
1559
1561
1562
1567
1568
1569
1572
1574
1581
1582
1583
1584
1586
1588
1589
1593
1595
1597
1598
1599
1600
1603
1604
1605
1606
1610
1611
1612
1613
1614
1615
1616
1626
1627
1630
1636
1643
1649
1652
1653
1655
1656
1659
1660
1661
1663
1664
1666
1670
1674
1675
1679
1685
1686
1690
1691
1696
1697
1699
1705
1709
1712
1714
1716
1718
1719
1720
1726
1730
1732
1733
1739
1741
1742
1745
1748
1752
1755
1757
1758
1761
1763
1767
1768
1770
1771
1772
1775
1776
1778
1780
1782
1783
1785
1788
1790
1791
1794
1799
1801
1804
1805
1808
1809
1810
1814
1820
1821
1823
1826
1830
1831
1832
1836
1838
153
91
5
120
117
103
157
121
36
37
147
1
124
154
18
26
24
144
109
52
159
39
125
119
68
93
50
143
155
32
130
150
27
137
92
7
54
74
2
45
30
158
132
145
75
47
60
85
156
101
6
62
106
140
69
122
9
80
110
63
90
116
149
89
51
141
86
40
129
59
87
160
153
107
104
76
82
0
67
100
64
148
128
58
79
134
112
4
108
94
81
44
73
66
151
146
48
98
136
17
133
57
28
70
10
88
138
42
15
126
118
162
114
41
31
135
113
131
20
34
8
56
152
105
115
78
35
83
12
111
38
22
95
25
19
65
43
139
14
84
21
142
16
77
163
55
46
72
13
161
3
53
123
49
