127
39
159
189
210
222
223
225
229
232
237
267
273
285
335
340
345
350
351
369
387
409
450
456
460
474
496
506
560
585
593
605
621
651
681
736
739
758
795
802
842
848
875
897
917
978
980
990
992
1014
1026
1049
1103
1120
1130
1160
1167
1170
1178
1217
1259
1308
1350
1371
1372
1411
1428
1433
1436
1441
1465
1467
1469
1482
1486
1500
1505
1532
1555
1573
1578
1587
1591
1600
1603
1634
1662
1678
1695
1700
1707
1777
1789
1792
1818
1842
1853
1864
1877
1881
1891
1892
1897
1909
1923
1941
1957
1980
1996
2004
2023
2031
2040
2044
2047
2053
2061
2083
2121
2140
2151
2189
2198
2219
2264
2286
2358
2371
152
80
130
48
45
43
51
78
37
54
117
36
135
110
28
21
108
150
115
15
114
20
0
144
105
73
156
121
148
8
40
97
111
116
70
29
107
92
86
83
79
23
132
69
16
31
1
82
139
7
134
66
94
57
26
13
95
151
41
34
47
2
142
53
161
145
157
129
52
102
159
58
93
119
22
33
32
11
6
104
71
63
27
12
85
99
122
72
55
113
90
3
18
158
88
137
162
59
152
64
98
131
24
25
138
68
42
123
128
127
103
56
124
61
77
4
67
17
112
75
146
141
125
106
9
109
74
65
87
44
50
81
153
91
38
155
46
96
60
120
154
101
35
118
19
126
10
100
147
149
49
133
84
