268
22
29
33
36
48
51
53
57
65
76
80
94
95
100
116
143
144
145
155
158
169
181
182
200
204
207
210
220
230
248
262
265
270
279
283
319
334
345
350
374
379
384
388
403
405
419
445
450
453
465
482
492
497
499
521
529
530
538
572
578
582
603
604
611
618
638
646
654
660
668
681
689
699
705
710
720
727
731
733
751
760
781
797
808
810
812
823
836
858
861
865
876
877
906
907
916
918
922
930
942
945
950
952
953
959
963
964
965
972
977
1002
1012
1019
1033
1046
1051
1068
1076
1083
1087
1089
1090
1111
1130
1134
1145
1147
1161
1172
1181
1184
1215
1222
1223
1224
1236
1250
1268
1286
1289
1299
1302
1318
1326
1332
1333
1335
1341
1352
1354
1366
1375
1407
1411
1412
1420
1425
1431
1439
1455
1465
1471
1473
1475
1491
1510
1529
1537
1573
1588
1593
1604
1606
1607
1609
1624
1634
1643
1664
1674
1682
1698
1711
1713
1717
1718
1741
1742
1744
1745
1791
1807
1812
1838
1842
1843
1845
1853
1864
1866
1884
1890
1898
1913
1919
1920
1928
1951
1958
1962
1964
1992
2002
2007
2015
2034
2053
2080
2089
2100
2116
2120
2130
2133
2135
2147
2153
2158
2170
2211
2220
2224
2228
2230
2250
2262
2268
2279
2286
2307
2310
2344
2363
2374
2377
2384
2397
2403
2409
2435
2436
2460
2466
2481
2483
2495
2520
2527
2532
2533
2555
2559
2567
2575
2583
2596
2601
2619
161
18
81
135
108
101
24
43
50
147
156
44
144
6
51
72
66
106
4
96
65
150
48
112
56
79
158
46
129
102
77
47
10
63
22
58
34
159
80
140
8
126
37
132
32
128
67
29
99
41
154
153
13
139
21
2
121
103
64
92
17
133
100
54
62
36
110
142
123
42
26
149
93
145
125
84
122
109
61
12
148
27
131
11
89
136
86
138
78
53
88
25
82
71
74
120
111
49
119
104
113
151
157
115
52
107
97
33
70
127
85
3
35
143
160
118
75
116
69
59
23
40
28
105
60
15
68
20
38
57
91
146
134
9
155
76
14
0
19
1
152
31
141
90
137
83
114
7
94
98
45
16
73
117
39
124
30
87
130
95
5
55
