686
5
6
8
9
11
15
17
18
19
21
22
23
24
25
26
27
28
29
30
31
32
33
34
35
36
37
39
41
42
43
44
46
47
48
49
50
52
54
55
56
58
60
61
62
63
66
68
69
71
72
76
78
79
81
82
83
84
85
86
88
89
90
92
93
95
96
97
98
100
101
103
104
109
110
113
115
116
117
120
121
122
123
125
126
127
129
130
131
132
133
134
135
136
138
142
144
146
147
148
150
152
153
154
155
156
158
159
161
162
163
164
166
167
168
169
170
171
173
174
176
177
178
183
185
188
192
194
195
198
199
201
202
203
204
206
209
210
211
212
214
215
217
220
222
223
225
226
228
232
233
234
238
239
242
243
244
249
251
252
259
261
264
266
267
268
269
271
272
275
277
278
281
282
283
287
288
289
290
291
292
293
294
296
297
298
301
302
304
305
308
310
312
313
317
321
322
324
326
328
329
330
332
333
334
337
338
339
341
342
343
349
350
352
357
358
359
362
363
364
365
367
368
369
370
371
372
373
374
375
376
377
380
383
385
386
388
391
392
393
394
397
400
401
404
405
406
407
409
410
412
414
415
416
417
418
421
422
423
424
425
428
429
432
437
438
439
440
441
442
446
453
455
457
458
459
460
463
464
465
467
468
469
471
475
477
478
480
481
482
483
484
485
487
490
491
492
493
494
495
497
498
500
506
507
509
511
512
515
516
517
518
519
520
521
525
526
527
528
529
530
531
532
533
534
537
539
540
541
542
548
549
550
552
554
555
558
559
560
561
562
563
565
566
570
571
572
573
575
576
577
578
579
580
581
582
583
586
589
590
591
592
593
595
596
597
598
601
603
604
605
606
607
612
613
617
619
620
622
623
624
625
629
635
636
637
641
645
646
648
649
650
651
653
654
655
656
657
659
660
662
664
665
668
669
670
672
673
674
677
679
682
683
685
686
687
690
692
694
695
698
699
700
701
702
703
705
706
707
709
710
711
712
713
715
716
717
718
720
721
723
724
725
726
728
729
731
734
737
738
741
742
743
744
747
751
752
753
754
755
757
759
760
761
763
767
768
775
776
777
779
781
785
786
788
789
791
792
793
794
796
797
798
799
800
801
803
804
805
806
807
808
810
811
812
814
816
818
820
821
822
823
824
827
828
829
830
831
834
835
836
838
839
841
842
844
845
849
850
851
852
853
854
860
862
864
865
867
868
870
871
872
875
876
877
881
882
884
885
886
889
890
891
894
895
896
897
898
900
901
903
906
907
908
910
911
912
914
915
916
917
918
919
921
922
926
927
928
929
930
931
932
935
939
940
941
942
943
945
946
947
948
949
950
951
952
955
956
957
958
959
960
963
964
966
968
969
970
972
973
974
975
977
978
979
982
984
985
986
988
989
991
993
994
995
996
998
1001
1003
1004
1005
1010
1011
1012
1013
1019
1020
1024
1025
1026
1028
1029
1030
1033
1034
1035
1037
1038
1039
1040
1042
1044
1045
1047
1048
1049
1054
1056
1057
1058
1059
1060
1061
1063
1064
1066
1067
1068
1070
1071
1072
1073
1074
1075
1076
1077
1081
1082
1083
1084
1085
1087
1088
1091
1092
1094
1095
1096
1097
1098
1099
1100
1102
1104
1105
1106
1107
83
5
72
6
81
78
16
77
21
74
60
57
69
2
80
4
76
84
28
47
68
50
13
43
48
49
87
58
23
27
44
51
20
29
24
64
54
75
42
18
22
56
14
15
63
61
26
83
36
19
79
70
82
7
65
8
40
45
41
37
67
85
25
10
17
35
62
0
11
3
1
71
66
32
52
39
31
12
30
53
46
38
59
9
