249
14
95
102
110
132
140
145
152
171
174
188
196
205
211
230
256
262
266
278
289
290
301
311
337
353
355
358
371
393
413
417
442
450
452
461
464
470
481
489
493
495
503
511
519
522
546
547
551
556
562
583
589
595
597
616
629
630
642
647
661
672
690
693
701
706
718
723
730
741
751
766
789
796
812
825
834
847
887
905
907
911
921
924
925
927
941
957
959
966
987
988
1000
1003
1012
1022
1023
1031
1053
1080
1085
1086
1105
1119
1129
1133
1137
1143
1153
1204
1211
1233
1239
1241
1252
1261
1271
1276
1279
1280
1284
1290
1291
1295
1313
1336
1350
1369
1370
1388
1397
1402
1405
1407
1417
1418
1482
1488
1490
1494
1510
1518
1528
1538
1557
1560
1591
1596
1613
1626
1633
1661
1686
1687
1691
1694
1698
1711
1714
1721
1739
1744
1756
1764
1765
1781
1819
1838
1845
1855
1857
1867
1869
1903
1904
1905
1911
1912
1926
1935
1936
1945
1949
1971
1974
1979
1986
1992
1995
1996
2009
2022
2028
2034
2040
2048
2070
2075
2078
2083
2089
2159
2163
2181
2184
2193
2198
2200
2202
2214
2223
2269
2273
2303
2323
2336
2339
2362
2373
2374
2388
2389
2395
2406
2422
2438
2440
2470
2472
2488
2492
2505
2514
2517
2518
2519
2526
2528
2547
2557
2566
2572
2576
2580
2591
2596
2605
2613
2618
2623
161
31
158
70
43
159
14
128
115
149
133
48
143
0
67
11
107
160
56
76
153
132
157
10
57
121
62
142
129
71
7
20
89
25
85
84
83
130
98
59
40
116
22
39
117
95
18
63
6
23
80
15
120
72
53
100
125
75
82
135
112
99
61
152
123
113
126
79
28
93
17
124
54
69
1
35
110
9
144
118
51
134
137
127
26
136
58
74
13
103
12
141
32
49
42
88
33
8
91
155
44
27
151
37
77
5
122
86
64
30
139
140
29
145
46
60
92
3
138
105
106
111
16
104
36
4
102
73
45
41
65
101
38
150
108
52
148
47
21
156
55
50
96
97
94
34
119
81
109
66
2
78
146
24
90
114
147
19
131
68
154
87
