79
89
95
161
167
176
177
228
234
263
267
349
359
365
376
413
441
481
505
552
556
567
629
631
662
689
707
715
798
806
808
810
822
865
895
923
927
954
969
976
1015
1036
1087
1088
1111
1146
1153
1175
1189
1191
1218
1222
1236
1237
1261
1274
1286
1291
1324
1384
1392
1416
1424
1429
1452
1459
1482
1565
1597
1614
1665
1668
1694
1704
1718
1720
1739
1748
1783
1831
116
93
17
44
112
59
82
161
40
80
37
163
15
92
85
43
58
134
101
146
10
128
75
64
7
130
147
45
153
38
2
135
6
159
71
138
87
120
26
144
95
39
125
143
78
32
4
139
123
60
34
74
148
79
20
142
121
99
97
23
149
96
91
127
133
49
5
160
19
83
53
31
155
65
3
122
88
47
0
164
63
115
69
28
108
150
76
72
154
156
132
27
84
70
46
66
103
111
90
158
14
98
16
50
33
77
141
61
107
51
12
68
129
42
113
140
30
