274
32
37
45
50
58
60
72
82
93
98
104
105
118
130
146
162
176
179
199
200
231
240
241
242
247
249
252
253
267
280
286
319
328
336
347
349
356
357
383
384
391
394
411
423
424
432
444
447
449
453
461
469
480
481
497
521
523
534
547
549
562
568
575
579
588
590
636
670
690
695
709
712
720
726
736
738
742
753
755
758
773
775
782
787
788
789
796
821
822
835
842
856
873
879
880
885
891
899
901
904
906
919
929
931
946
952
962
967
988
992
1002
1016
1023
1030
1033
1050
1071
1080
1103
1136
1137
1138
1150
1162
1185
1197
1218
1221
1225
1236
1241
1258
1260
1263
1264
1280
1285
1288
1291
1301
1316
1322
1327
1352
1378
1389
1400
1406
1420
1423
1429
1437
1445
1449
1469
1491
1492
1503
1508
1510
1512
1524
1529
1537
1565
1568
1584
1600
1606
1609
1613
1619
1630
1636
1658
1664
1674
1690
1691
1703
1767
1797
1799
1802
1824
1831
1836
1843
1846
1851
1862
1891
1898
1909
1911
1915
1931
1935
1943
1946
1964
1976
1986
2002
2020
2031
2044
2049
2069
2079
2080
2081
2108
2122
2127
2128
2135
2154
2167
2170
2171
2174
2175
2182
2191
2194
2199
2208
2215
2217
2231
2238
2254
2259
2269
2273
2293
2308
2312
2318
2332
2334
2344
2351
2367
2377
2380
2410
2412
2413
2430
2435
2437
2445
2462
2471
2475
2507
2512
2521
2536
2557
2561
2568
2575
2581
2582
2597
2599
2604
2607
2608
2621
2624
153
45
31
30
151
68
152
130
64
145
138
56
146
73
60
16
46
34
66
113
23
117
91
108
136
69
55
120
20
40
33
84
110
25
98
14
52
65
118
90
48
129
99
124
63
70
105
42
92
79
9
8
61
123
37
15
81
114
86
142
38
78
2
74
100
71
13
19
155
21
88
53
17
102
3
143
94
39
150
24
97
4
27
50
122
18
111
35
119
135
101
80
28
127
32
103
149
160
148
153
41
6
140
0
106
125
29
157
131
85
93
62
59
67
116
58
121
139
112
109
107
126
7
128
156
83
96
72
51
47
158
115
57
22
77
82
147
1
36
95
154
133
54
159
89
26
134
104
10
5
132
137
44
43
