106
122
129
152
166
184
203
215
241
299
332
334
369
370
397
409
460
520
544
583
631
654
671
713
744
762
767
768
799
803
805
815
819
836
935
937
960
964
977
1012
1016
1026
1064
1082
1129
1142
1155
1166
1205
1211
1243
1261
1299
1324
1336
1405
1406
1407
1416
1438
1447
1470
1478
1479
1515
1530
1577
1598
1606
1631
1668
1685
1689
1711
1718
1765
1769
1787
1805
1815
1844
1852
1856
1880
1907
1942
1973
1980
1990
2062
2094
2129
2137
2141
2187
2239
2262
2283
2324
2343
2363
2370
2372
2396
2407
2415
2446
146
58
121
114
0
61
21
22
137
100
53
48
97
117
149
94
33
150
31
8
143
84
29
41
9
111
32
7
89
108
57
10
19
34
119
62
162
73
107
68
4
43
35
109
159
72
25
13
93
27
75
127
95
126
77
60
18
6
122
133
99
135
139
144
140
3
63
130
55
148
79
146
102
81
2
156
124
39
157
145
36
59
142
74
116
83
17
24
112
5
132
115
80
131
160
82
70
87
85
118
28
129
66
47
98
14
37
96
56
154
44
151
51
125
91
78
152
101
136
1
16
103
86
147
46
40
123
50
42
138
26
92
45
30
76
49
38
161
113
52
67
110
104
141
88
153
155
