75
29
115
125
127
138
223
258
303
318
319
363
370
387
424
430
459
473
491
574
576
617
641
658
663
669
706
725
750
795
809
817
830
853
868
921
945
1014
1021
1064
1118
1133
1171
1195
1211
1221
1223
1226
1238
1288
1305
1328
1333
1343
1377
1378
1384
1396
1400
1417
1430
1437
1448
1450
1471
1488
1492
1509
1529
1536
1602
1605
1794
1809
1811
1820
127
1
149
71
38
26
154
33
159
126
82
39
90
102
34
104
151
20
84
72
121
50
67
41
130
136
31
106
83
56
62
101
11
161
43
139
125
78
17
25
160
94
157
100
156
8
12
74
140
150
42
143
5
107
19
144
52
128
36
10
46
117
22
103
58
122
2
60
97
48
134
14
85
114
59
99
27
147
142
110
7
116
92
75
0
131
55
45
153
146
80
63
119
16
155
49
132
86
98
29
88
73
141
47
118
28
54
69
44
37
124
23
93
112
105
13
120
113
96
137
81
24
51
79
163
162
148
70
