149
6
15
48
50
65
69
84
88
93
97
99
103
114
119
127
144
166
176
186
196
199
201
222
223
228
230
241
249
255
262
266
273
274
276
277
290
293
305
315
316
318
330
337
341
346
351
358
359
361
365
371
387
390
392
406
409
436
441
447
452
453
460
479
491
495
496
500
502
524
530
532
541
542
553
565
566
572
581
585
589
590
618
627
629
630
643
651
652
653
658
681
682
690
725
730
734
736
740
743
746
747
754
755
761
765
772
778
781
789
796
802
804
806
813
819
834
844
847
852
861
862
864
878
891
902
906
909
913
915
916
922
932
958
964
972
981
1003
1007
1028
1033
1043
1050
1053
1062
1063
1074
1088
1090
1092
71
30
64
83
78
25
9
63
80
59
48
5
52
26
41
57
6
10
50
58
71
44
47
84
51
74
22
76
11
60
56
46
29
8
28
24
1
70
81
87
37
86
49
19
27
31
61
20
2
16
72
85
54
67
14
35
33
69
55
3
34
73
53
77
7
62
75
17
12
68
4
38
