241
7
9
28
55
57
70
95
99
124
128
133
146
179
184
198
209
227
230
233
235
240
244
247
250
252
267
268
275
277
284
315
323
329
345
351
368
372
377
378
379
389
394
398
417
423
438
444
448
450
458
516
522
561
594
602
604
610
626
628
630
645
674
676
682
697
701
741
767
783
794
804
812
813
835
839
842
861
868
878
883
887
903
919
940
986
996
1017
1024
1044
1057
1082
1092
1106
1114
1120
1128
1134
1135
1139
1145
1148
1158
1166
1173
1180
1195
1211
1224
1239
1247
1248
1265
1272
1285
1297
1301
1311
1325
1334
1357
1364
1373
1398
1423
1429
1431
1437
1443
1456
1478
1479
1483
1485
1502
1506
1508
1516
1528
1547
1566
1578
1592
1594
1615
1616
1618
1652
1656
1658
1660
1663
1682
1697
1701
1715
1724
1725
1741
1745
1746
1747
1753
1754
1756
1768
1769
1770
1781
1783
1797
1811
1812
1825
1836
1838
1848
1857
1863
1875
1887
1891
1895
1928
1930
1931
1933
1974
1980
1983
1986
1987
1988
1989
2005
2020
2051
2058
2066
2072
2077
2092
2101
2104
2119
2143
2163
2170
2178
2180
2194
2195
2199
2203
2206
2210
2215
2237
2244
2245
2256
2269
2310
2320
2380
2442
2444
2447
2463
2476
2487
2501
2506
2513
2518
2524
2532
2555
2588
2611
2612
2616
160
26
98
153
99
129
96
93
17
85
119
51
32
74
35
84
81
15
59
106
148
145
33
147
155
152
53
28
139
18
61
92
14
124
116
105
104
138
73
69
150
137
36
97
62
113
41
43
2
47
24
109
107
6
9
160
87
142
27
37
80
22
88
151
111
101
149
58
11
123
8
132
89
102
38
12
141
133
126
25
154
13
144
112
20
42
127
83
122
67
103
90
64
50
156
118
159
16
40
95
115
63
19
34
10
108
117
68
75
31
157
72
82
143
86
120
114
52
39
21
0
60
66
110
55
1
146
79
46
100
4
30
91
140
78
128
131
29
54
7
3
136
56
134
49
70
23
121
48
5
94
125
57
45
44
77
158
71
65
130
135
