666
6
8
10
14
16
17
21
23
24
31
36
38
40
42
43
47
48
59
63
64
79
81
83
85
86
87
98
100
102
103
104
107
111
114
115
116
117
119
120
122
126
131
135
138
139
141
142
145
146
158
159
160
164
165
170
171
172
173
175
176
177
179
180
181
182
186
190
197
198
199
203
206
208
210
212
219
226
229
231
238
240
242
245
248
249
252
253
254
257
259
260
262
264
265
266
267
271
272
276
278
280
281
285
289
291
292
294
300
301
302
304
305
307
309
310
316
317
320
324
330
331
338
339
341
346
355
358
362
363
366
368
369
371
375
381
389
393
401
405
414
415
418
422
428
431
433
436
437
442
443
451
452
453
457
459
460
464
466
467
472
476
477
478
480
486
488
490
491
492
493
496
500
503
504
507
509
510
511
512
513
515
516
518
520
522
525
527
530
533
534
536
537
539
540
541
548
550
551
553
555
557
562
563
567
568
569
570
571
573
575
577
579
581
583
592
595
598
599
600
601
603
605
606
609
614
615
617
618
620
626
628
633
640
644
653
655
656
659
660
666
668
670
671
675
687
690
691
692
694
699
701
703
704
705
706
716
721
723
727
729
732
735
737
740
741
742
744
746
747
759
761
762
763
767
771
773
780
782
786
795
797
799
800
803
806
809
810
811
814
816
817
819
821
825
826
827
831
833
834
835
836
837
841
845
847
852
854
856
862
864
875
876
877
879
880
883
886
891
892
894
896
898
899
901
907
910
915
918
919
924
929
930
931
932
933
935
937
940
942
943
946
951
952
957
959
962
972
974
982
985
988
992
999
1003
1005
1007
1008
1009
1010
1012
1014
1017
1019
1020
1022
1026
1027
1029
1031
1033
1034
1036
1037
1044
1045
1058
1061
1065
1067
1070
1071
1073
1077
1081
1082
1084
1091
1092
1093
1095
1104
1107
1108
1110
1113
1114
1115
1121
1123
1124
1126
1132
1137
1140
1142
1144
1147
1148
1151
1152
1155
1157
1158
1159
1161
1167
1168
1169
1170
1173
1174
1175
1176
1178
1181
1183
1186
1188
1193
1196
1197
1198
1199
1201
1202
1205
1211
1215
1218
1219
1220
1221
1223
1224
1229
1231
1235
1237
1242
1243
1244
1245
1252
1255
1256
1257
1260
1261
1263
1266
1267
1272
1280
1285
1292
1296
1297
1300
1301
1306
1307
1308
1310
1311
1314
1320
1321
1322
1337
1338
1344
1346
1348
1349
1350
1353
1354
1355
1357
1359
1361
1364
1369
1371
1373
1374
1375
1379
1381
1389
1390
1396
1397
1398
1402
1407
1416
1417
1424
1425
1428
1429
1432
1433
1438
1440
1444
1448
1453
1455
1459
1461
1465
1472
1474
1475
1477
1478
1480
1482
1485
1487
1488
1489
1490
1494
1497
1502
1503
1509
1511
1513
1516
1520
1521
1522
1525
1526
1528
1536
1538
1541
1542
1543
1546
1549
1552
1556
1557
1559
1561
1562
1563
1568
1573
1575
1576
1584
1587
1590
1594
1598
1601
1602
1603
1608
1612
1615
1618
1623
1626
1627
1636
1638
1639
1640
1646
1650
1651
1653
1657
1659
1663
1666
1667
1668
1672
1674
1675
1677
1679
1683
1685
1686
1691
1700
1703
1707
1710
1712
1713
1715
1716
1717
1720
1721
1722
1724
1725
1726
1730
1731
1732
1734
1735
1736
1737
1738
1741
1743
1744
1745
1749
1750
1751
1753
1759
1760
1764
1768
1769
1776
1778
1779
1780
1781
1784
1785
1792
1793
1797
1798
1800
1803
1809
1812
1813
1815
1816
1817
1819
1827
1831
1835
1836
1838
158
104
79
4
143
56
136
9
57
159
151
90
157
85
113
69
92
7
53
68
41
153
149
10
72
21
45
77
44
78
67
94
120
155
110
96
70
128
17
140
48
106
163
91
83
154
50
131
147
76
125
107
25
73
97
130
80
108
98
32
129
95
14
46
135
118
150
138
58
123
114
156
33
127
160
134
88
43
18
82
105
15
111
12
47
51
89
23
102
24
40
62
26
27
101
61
8
52
158
137
133
148
126
38
65
0
5
164
124
75
86
30
121
29
122
116
13
146
19
16
117
49
54
145
87
84
55
161
71
11
34
31
64
22
39
100
74
59
142
99
103
35
42
37
119
112
28
109
152
6
2
36
93
144
81
66
1
20
141
