136
23
76
78
80
83
86
101
103
113
121
154
181
206
238
254
256
267
268
280
281
305
339
357
399
421
426
438
464
470
477
494
537
544
545
556
593
596
630
638
647
663
664
669
670
671
684
698
700
705
768
776
845
854
917
969
980
1045
1082
1086
1097
1157
1163
1179
1196
1203
1210
1212
1239
1240
1275
1358
1364
1377
1427
1429
1457
1483
1498
1523
1542
1545
1570
1582
1588
1589
1599
1603
1632
1636
1643
1682
1699
1706
1721
1731
1735
1742
1784
1807
1835
1841
1848
1886
1919
1928
1946
1952
1964
1965
1968
1997
2008
2028
2034
2035
2058
2066
2072
2103
2138
2141
2150
2165
2219
2220
2295
2307
2333
2351
2354
2356
2367
2377
2380
2393
2422
163
124
162
56
80
129
135
15
18
120
128
142
117
89
0
75
114
152
97
26
91
123
69
70
159
1
47
101
125
119
64
59
148
33
2
76
111
86
93
53
12
34
83
11
146
121
140
58
57
98
149
104
107
7
156
153
133
61
132
141
38
155
8
24
63
157
72
21
82
134
99
19
103
23
40
161
126
158
79
62
130
42
51
16
27
13
50
71
127
67
78
90
77
138
150
112
147
48
9
36
154
144
41
52
43
55
92
65
116
46
100
143
17
145
106
113
14
74
30
160
81
37
151
20
10
28
6
88
31
45
105
115
68
108
22
110
60
102
96
85
4
84
44
54
131
29
73
122
136
5
139
25
94
137
39
66
118
109
49
3
95
35
87
32
