78
109
156
170
190
232
252
263
268
272
295
298
316
317
321
329
346
362
386
418
424
441
455
468
501
537
543
573
576
602
632
653
655
761
782
784
802
817
841
842
843
850
916
963
973
984
1025
1042
1071
1083
1112
1125
1134
1156
1180
1202
1220
1250
1255
1260
1294
1325
1333
1378
1383
1399
1404
1408
1414
1591
1626
1651
1657
1672
1683
1693
1726
1766
1835
103
81
75
48
54
32
49
124
60
0
143
74
94
89
42
155
120
17
131
156
19
92
96
149
61
103
84
127
111
113
6
109
64
112
1
52
162
65
129
18
62
158
161
47
14
154
145
37
148
70
46
126
141
25
63
72
57
5
130
11
73
107
93
71
118
43
163
45
24
128
87
68
2
164
3
135
22
12
140
105
115
78
159
76
41
85
100
39
91
15
144
106
119
33
66
27
86
53
30
67
82
40
104
157
