231
14
28
38
58
59
60
69
76
97
104
119
120
122
124
137
149
163
192
212
227
260
270
275
281
290
297
298
316
359
369
381
394
396
412
421
423
424
447
487
495
500
502
504
519
527
553
564
570
571
584
590
594
606
666
676
683
691
725
727
733
736
744
748
761
771
791
799
800
802
813
814
822
823
824
825
829
831
832
835
852
859
865
874
916
922
925
934
949
950
955
1004
1005
1009
1040
1071
1075
1080
1099
1107
1111
1130
1131
1140
1142
1148
1152
1154
1168
1169
1173
1179
1194
1195
1207
1211
1212
1214
1218
1234
1241
1250
1266
1267
1282
1283
1288
1291
1312
1340
1342
1356
1373
1391
1410
1411
1438
1443
1447
1469
1475
1478
1495
1500
1509
1540
1543
1588
1602
1613
1627
1628
1642
1644
1656
1667
1682
1695
1697
1698
1719
1726
1734
1750
1753
1770
1776
1789
1799
1878
1899
1923
1924
1937
1958
1970
1986
2040
2054
2074
2090
2095
2096
2100
2102
2115
2119
2124
2134
2139
2176
2198
2199
2200
2227
2269
2285
2289
2295
2303
2304
2320
2332
2333
2346
2353
2359
2362
2367
2368
2376
2396
2405
2418
2420
2430
2441
2447
2449
2459
2476
2494
2512
2514
2521
2530
2566
2585
2587
2588
2592
2603
156
113
154
156
133
153
14
41
13
131
160
58
136
50
79
157
76
4
33
59
108
28
104
120
87
72
143
82
114
91
57
81
126
54
9
99
24
71
97
8
66
74
27
60
106
1
61
21
86
78
117
141
56
139
151
100
92
127
16
105
107
53
62
137
158
29
116
95
85
84
115
51
63
101
123
140
109
10
145
130
55
75
46
152
88
144
39
40
138
132
80
7
121
129
20
2
23
19
38
148
26
134
65
52
18
147
32
31
49
146
25
83
67
90
73
43
30
128
42
122
77
44
112
5
125
96
110
47
111
3
142
98
150
159
70
155
48
103
0
64
119
93
37
22
6
36
68
149
11
118
17
124
69
34
94
135
45
