70
108
129
187
199
223
225
283
297
343
347
368
382
385
416
423
442
464
480
518
538
574
600
606
628
667
683
708
715
717
782
817
820
827
837
840
845
850
889
963
978
1027
1037
1057
1138
1147
1255
1284
1287
1298
1313
1330
1340
1374
1383
1406
1444
1455
1458
1486
1493
1514
1540
1579
1706
1742
1753
1755
1800
1806
1817
117
35
63
47
92
20
69
8
98
152
76
79
48
59
117
107
71
29
120
153
164
146
31
22
94
151
132
145
74
44
32
148
49
89
115
9
159
38
135
134
64
119
125
77
57
150
19
128
108
97
50
93
1
147
68
90
23
3
126
39
154
162
12
5
6
15
86
113
28
144
137
67
21
26
0
118
143
53
123
2
156
139
75
88
141
160
155
13
163
43
140
66
45
103
40
133
11
33
4
105
112
95
51
36
17
101
96
91
70
83
72
61
85
60
46
84
138
42
