273
5
16
19
24
30
42
57
58
66
67
80
100
102
123
136
138
140
148
150
152
156
203
210
222
229
241
246
250
263
276
281
317
322
323
326
327
343
353
356
357
373
422
432
443
447
461
465
466
476
478
481
485
491
494
557
559
563
564
568
570
572
580
603
612
626
629
630
632
633
636
646
647
651
668
671
672
676
677
681
682
683
687
693
710
713
716
734
743
744
746
752
844
846
857
863
893
899
909
913
933
965
968
973
994
996
1008
1009
1022
1036
1041
1055
1061
1068
1100
1103
1120
1123
1127
1146
1156
1158
1166
1173
1175
1186
1188
1217
1220
1221
1226
1238
1239
1254
1271
1282
1291
1293
1297
1300
1301
1303
1319
1326
1327
1338
1342
1350
1357
1369
1377
1383
1384
1415
1420
1428
1439
1447
1448
1450
1457
1465
1476
1488
1499
1505
1506
1521
1530
1565
1570
1576
1603
1604
1624
1634
1637
1660
1681
1688
1697
1698
1713
1715
1716
1754
1755
1757
1769
1773
1775
1777
1801
1805
1811
1825
1828
1846
1868
1890
1906
1910
1940
1945
1946
1956
1957
1967
1981
1990
1998
2000
2032
2055
2056
2061
2062
2063
2069
2075
2078
2100
2104
2111
2112
2131
2137
2142
2157
2173
2176
2179
2192
2197
2215
2245
2252
2256
2266
2288
2293
2299
2300
2306
2326
2327
2343
2347
2357
2372
2383
2404
2411
2412
2420
2440
2447
2448
2452
2472
2480
2483
2496
2507
2509
2520
2535
2540
2552
2563
2579
2589
2621
2622
159
16
7
17
10
59
23
98
99
24
84
35
32
105
93
51
135
85
138
113
44
66
87
116
13
79
25
4
2
123
143
83
141
38
157
136
110
104
76
127
94
106
109
160
52
11
64
72
15
129
137
128
122
125
33
101
117
47
118
9
112
146
130
139
69
86
19
57
144
22
61
54
96
56
74
100
142
46
81
3
18
43
68
92
21
114
90
134
29
88
71
97
34
159
102
50
126
8
73
111
63
1
115
131
0
103
40
36
12
140
67
124
41
42
75
30
153
147
148
62
65
158
154
149
91
48
20
53
55
37
14
121
150
151
82
152
80
70
108
27
156
28
45
89
145
119
78
39
132
133
26
58
120
49
6
95
5
60
107
155
