113
4
141
156
173
201
222
231
232
235
237
248
250
268
269
372
376
389
396
399
418
445
455
460
482
518
567
573
591
632
663
680
688
694
697
700
711
761
825
833
871
879
883
918
935
940
949
978
1013
1038
1062
1071
1087
1088
1107
1120
1214
1227
1230
1234
1237
1281
1293
1315
1356
1362
1372
1384
1412
1443
1506
1524
1539
1547
1562
1597
1620
1628
1639
1653
1657
1716
1729
1755
1771
1779
1812
1839
1883
1905
1934
1935
1968
1984
1985
1988
1994
2014
2055
2092
2106
2140
2144
2147
2149
2175
2212
2237
2240
2257
2289
2330
2358
2443
155
16
79
70
19
103
113
75
110
8
128
107
140
43
49
65
129
23
154
112
63
120
161
69
158
147
28
54
160
2
89
31
86
119
74
34
159
59
9
99
44
150
143
7
77
18
47
25
42
55
71
131
67
139
126
33
127
62
68
101
22
96
94
121
156
73
30
105
32
136
76
29
50
3
87
122
102
95
52
88
148
133
14
66
135
1
35
144
61
145
82
51
83
27
72
106
46
21
53
155
13
115
141
153
81
12
58
4
57
64
78
36
132
38
60
85
146
5
134
111
117
84
10
152
92
151
123
104
124
149
24
40
98
138
116
80
125
6
41
114
39
91
0
157
15
100
26
137
20
118
93
130
11
108
162
45
