230
17
41
57
83
121
129
130
139
141
148
153
157
159
170
175
185
192
194
215
220
237
242
248
256
259
315
321
328
332
333
334
337
340
361
376
379
392
413
414
421
451
468
470
472
481
495
505
536
544
545
551
553
589
596
597
613
623
636
655
666
684
687
689
699
700
717
730
742
760
777
788
805
808
814
827
836
854
861
862
864
871
873
877
880
887
896
898
920
924
930
944
967
987
1006
1039
1050
1055
1065
1092
1113
1126
1142
1145
1173
1179
1185
1211
1218
1259
1274
1275
1278
1289
1291
1306
1308
1318
1338
1340
1344
1346
1350
1351
1365
1366
1377
1382
1386
1396
1408
1415
1433
1445
1455
1460
1484
1487
1505
1524
1541
1549
1554
1573
1590
1606
1620
1629
1637
1643
1668
1693
1706
1727
1734
1745
1760
1786
1787
1790
1811
1834
1835
1870
1873
1879
1902
1906
1910
1924
1931
1932
1943
1946
1948
1953
1971
1997
2021
2031
2063
2067
2070
2077
2091
2112
2148
2158
2159
2181
2188
2200
2207
2210
2223
2263
2269
2274
2289
2292
2308
2320
2326
2334
2340
2349
2367
2373
2414
2416
2426
2437
2472
2473
2477
2487
2504
2511
2512
2515
2520
2533
2556
2559
2567
2587
2590
2612
2613
2614
2618
161
108
145
105
148
111
155
35
104
157
84
26
75
156
52
117
91
40
110
96
53
0
121
38
62
7
79
151
86
54
20
87
124
60
1
82
127
76
122
28
17
94
18
42
8
85
103
39
63
133
130
22
65
92
158
109
71
4
73
46
32
44
83
126
67
69
61
56
9
3
47
135
55
15
37
90
147
23
30
159
100
45
141
89
77
11
116
51
31
70
143
149
66
19
120
152
107
21
29
25
113
49
106
139
118
80
41
74
88
160
34
97
5
13
153
134
150
68
33
72
131
140
98
154
114
129
115
102
125
95
81
57
146
128
119
10
12
50
132
64
123
36
59
142
6
24
2
101
138
93
136
112
27
137
78
14
48
58
16
144
43
99
