149
14
17
38
50
54
61
64
70
80
101
105
122
124
125
134
139
151
159
160
167
168
173
175
199
227
231
237
251
253
255
269
272
277
280
289
292
302
310
323
327
331
343
354
362
364
365
369
374
377
378
383
390
423
433
443
444
449
471
489
493
515
517
525
535
540
541
542
543
545
553
556
557
571
574
599
600
607
609
634
646
660
666
669
682
683
694
709
711
729
730
731
743
756
758
763
764
766
770
771
773
775
784
791
803
810
826
828
849
853
863
878
881
882
886
903
904
906
912
916
918
926
941
943
950
953
968
971
980
987
994
996
1002
1009
1018
1037
1042
1050
1052
1055
1062
1076
1077
1082
1083
1086
1090
1093
1097
1100
74
78
9
17
73
35
61
71
45
68
33
38
15
2
49
12
85
22
87
7
65
31
72
1
46
14
58
34
55
3
13
77
51
80
59
6
54
42
43
19
29
24
53
25
27
63
82
83
10
52
16
57
60
76
79
56
66
0
41
39
8
11
74
84
4
18
70
40
23
67
69
20
64
37
48
