128
14
26
55
61
155
168
176
190
228
229
260
296
349
359
389
398
441
449
452
454
496
497
527
557
587
600
603
610
636
648
649
671
673
697
712
738
747
777
780
824
873
895
910
916
920
973
975
995
1004
1043
1047
1048
1065
1096
1101
1107
1144
1147
1152
1182
1189
1191
1194
1206
1216
1218
1231
1242
1284
1305
1349
1363
1366
1369
1372
1380
1403
1424
1435
1459
1506
1512
1514
1521
1598
1608
1615
1670
1692
1696
1697
1701
1703
1713
1734
1781
1786
1792
1810
1896
1897
1898
1899
1907
1909
1922
1932
1938
2003
2013
2036
2046
2058
2075
2106
2185
2203
2206
2217
2218
2237
2242
2245
2339
2342
2346
2349
2444
163
62
45
8
77
38
22
5
144
54
106
21
74
94
49
80
37
50
42
73
15
160
134
56
140
123
133
162
139
154
34
20
35
158
78
97
90
98
66
52
122
76
19
150
24
59
6
141
105
72
121
96
41
88
32
143
152
55
18
145
146
1
87
136
81
46
79
7
93
63
12
125
111
156
120
68
89
44
17
92
110
135
82
4
85
117
138
86
48
137
2
116
104
112
109
147
119
53
151
115
3
28
91
83
43
129
0
102
39
130
29
127
40
118
107
126
11
103
36
57
31
75
30
70
100
60
148
159
155
71
69
153
67
128
14
64
16
101
33
149
61
47
161
65
23
108
25
114
157
124
132
99
10
51
13
58
26
113
142
9
27
131
95
84
