284
4
18
35
47
72
73
78
81
86
94
109
113
121
123
129
137
149
155
158
171
181
182
190
214
228
235
246
266
268
272
283
294
295
299
304
318
320
321
324
327
329
342
350
351
355
364
375
378
379
414
431
432
434
436
439
447
452
470
491
496
514
530
553
557
559
594
616
623
626
630
636
641
642
651
653
660
674
678
681
694
716
724
728
743
749
750
757
775
782
792
793
823
836
844
847
852
853
856
867
872
873
878
905
912
915
917
919
926
930
948
977
981
989
994
995
1001
1015
1016
1031
1058
1063
1066
1106
1110
1113
1117
1121
1122
1124
1129
1143
1151
1178
1186
1220
1230
1236
1237
1251
1258
1268
1271
1273
1300
1306
1319
1327
1344
1356
1365
1367
1378
1380
1396
1416
1417
1443
1447
1457
1466
1475
1492
1517
1526
1550
1569
1573
1586
1594
1616
1617
1627
1629
1631
1633
1636
1638
1645
1671
1694
1708
1711
1724
1729
1732
1746
1754
1772
1782
1783
1786
1787
1789
1795
1798
1809
1819
1820
1821
1822
1823
1827
1832
1835
1843
1850
1854
1873
1879
1882
1884
1890
1893
1901
1923
1927
1935
1944
1963
1969
1970
1972
2012
2014
2022
2033
2037
2055
2061
2070
2084
2093
2100
2118
2124
2138
2139
2144
2152
2155
2161
2169
2185
2206
2214
2230
2234
2237
2242
2245
2254
2255
2259
2267
2271
2277
2286
2295
2303
2308
2309
2323
2362
2375
2380
2385
2389
2395
2407
2408
2411
2428
2430
2453
2462
2473
2477
2501
2504
2511
2512
2514
2565
2587
161
147
91
88
15
145
68
144
2
4
81
120
77
143
131
127
32
98
53
130
136
157
114
22
101
137
51
151
70
92
69
39
148
129
23
107
65
159
56
6
84
122
154
124
40
139
90
20
66
117
47
116
55
75
71
72
108
105
24
111
82
153
125
160
36
45
37
121
83
46
57
11
33
10
79
62
104
30
27
9
155
149
78
12
42
89
132
34
18
128
134
63
50
100
94
93
99
13
25
29
64
44
138
112
26
21
38
14
19
102
28
135
156
133
140
123
74
3
142
106
54
158
49
61
109
67
126
16
146
113
17
110
86
35
52
150
7
73
58
95
115
48
97
141
76
85
80
87
8
1
103
59
152
60
31
119
0
5
43
118
96
41
