128
72
76
98
116
122
125
127
134
138
139
182
235
256
319
346
376
400
403
415
420
435
438
441
442
460
468
488
494
512
547
554
556
574
579
623
688
705
712
730
734
785
792
853
857
860
893
899
912
917
984
989
1007
1010
1011
1023
1037
1054
1066
1082
1086
1127
1140
1173
1184
1188
1197
1277
1308
1311
1318
1329
1355
1356
1360
1378
1415
1461
1506
1520
1525
1565
1568
1579
1591
1597
1663
1689
1707
1773
1797
1822
1837
1843
1847
1848
1866
1906
1927
1946
1976
2031
2063
2075
2077
2093
2095
2106
2108
2109
2120
2151
2154
2156
2166
2202
2206
2242
2264
2286
2297
2299
2309
2314
2319
2332
2358
2409
2422
152
127
105
1
121
29
109
52
71
26
70
2
159
60
42
44
80
86
150
114
43
30
33
139
76
9
135
124
24
4
152
49
47
151
128
120
27
158
162
161
118
147
15
104
142
62
85
111
53
101
23
113
83
129
48
90
22
61
59
72
34
138
140
41
11
51
78
149
134
3
81
45
31
155
0
56
144
37
20
98
112
106
88
154
73
16
74
63
148
119
82
54
107
79
110
87
7
66
10
38
103
100
13
137
130
14
75
19
6
8
91
95
89
126
50
64
157
153
77
58
28
102
84
132
123
35
160
115
93
96
40
141
55
125
145
69
122
18
133
5
92
36
57
156
94
99
116
17
46
39
21
117
108
