686
7
8
9
10
11
12
16
17
18
19
21
23
24
29
31
32
34
35
36
37
38
39
41
43
44
45
48
50
54
55
56
58
60
63
64
65
68
69
72
74
80
81
83
84
85
89
90
91
92
93
96
97
99
101
102
104
105
106
107
109
110
111
112
114
115
118
120
121
122
124
125
126
127
128
129
130
131
136
139
141
142
144
145
146
147
150
151
153
156
158
161
162
163
164
167
168
170
173
176
178
179
181
183
184
187
188
190
193
195
197
199
200
201
202
203
204
205
206
210
212
213
214
215
216
217
218
219
220
222
224
225
234
236
237
238
239
240
241
243
245
246
249
250
252
254
255
257
261
263
264
265
266
267
268
269
272
274
275
276
277
279
280
281
283
284
285
287
291
294
295
296
297
299
300
301
303
304
307
308
309
310
311
313
314
316
321
322
324
325
326
327
330
331
333
334
335
338
340
341
342
344
345
346
349
352
353
354
355
357
358
359
361
362
363
364
365
366
368
369
370
372
373
374
375
378
379
382
383
384
385
386
388
390
392
395
396
399
400
401
402
403
404
405
406
408
409
413
414
415
416
417
422
423
427
430
431
436
438
439
440
441
442
443
446
447
448
450
452
453
454
456
457
459
462
463
466
467
470
471
475
477
478
479
480
481
482
483
484
485
486
489
492
493
494
495
496
497
498
502
504
505
506
507
508
509
510
511
512
513
514
515
517
518
519
520
521
522
523
525
526
528
529
530
531
532
535
536
537
540
543
544
545
546
547
551
554
555
559
560
561
562
569
571
572
574
575
576
577
578
579
581
583
584
585
586
588
589
590
591
592
593
594
595
596
598
599
600
601
604
605
607
608
609
612
613
616
620
622
623
626
627
628
629
630
631
632
634
635
636
637
638
640
641
642
643
644
646
647
648
649
650
652
653
654
655
656
661
662
663
664
665
668
669
670
672
673
674
676
677
678
679
680
682
684
686
689
693
694
696
702
709
710
711
712
713
715
716
720
722
723
724
725
727
728
729
730
731
732
733
737
740
741
742
744
749
751
752
753
754
756
758
759
762
763
765
766
767
768
769
770
773
775
776
777
778
779
780
784
787
788
789
791
792
793
794
795
796
797
798
799
802
803
804
805
806
807
808
809
812
814
816
817
820
821
822
823
824
825
829
830
831
833
834
835
838
839
842
843
847
849
850
851
852
854
856
857
858
859
860
862
863
865
869
870
871
873
874
876
877
878
879
880
881
886
887
888
890
891
893
895
901
902
904
907
908
909
910
912
915
916
918
920
923
924
925
928
929
930
931
932
933
935
936
937
938
939
940
941
942
943
944
945
946
947
948
951
952
953
955
958
960
961
962
963
964
965
966
968
969
971
972
976
977
980
982
983
985
986
988
990
992
996
997
998
999
1000
1001
1002
1005
1006
1007
1008
1009
1010
1013
1014
1015
1017
1018
1019
1021
1022
1023
1024
1026
1027
1030
1031
1032
1036
1040
1041
1043
1044
1045
1046
1047
1049
1050
1051
1052
1053
1054
1055
1056
1057
1059
1060
1061
1063
1064
1065
1066
1067
1068
1069
1073
1077
1078
1080
1081
1082
1085
1087
1089
1093
1094
1096
1097
1101
1102
1103
1104
1105
1106
1107
83
63
22
19
4
66
32
49
31
64
20
57
51
18
2
55
11
16
38
43
17
42
27
36
35
28
65
71
74
67
60
14
41
62
87
7
1
25
48
10
8
6
76
3
86
53
73
50
46
56
9
84
75
26
83
82
13
5
58
78
30
81
29
61
72
47
54
59
77
68
85
0
24
70
45
37
40
69
79
12
15
34
80
52
