266
6
10
16
17
61
74
87
95
99
114
116
122
140
150
187
190
194
204
211
213
224
239
240
243
260
271
281
286
304
310
311
323
326
336
364
367
382
383
391
393
407
449
464
479
495
498
499
511
515
523
525
540
560
564
569
570
596
606
609
616
626
635
650
651
665
678
688
694
703
714
727
746
749
750
766
767
770
778
780
789
793
805
811
825
838
851
855
858
863
874
902
914
921
937
944
954
990
1030
1055
1057
1063
1065
1069
1082
1086
1090
1101
1146
1153
1156
1161
1191
1200
1203
1204
1211
1218
1223
1225
1232
1242
1253
1266
1278
1286
1303
1322
1325
1327
1328
1340
1343
1344
1355
1365
1369
1380
1390
1392
1402
1405
1413
1415
1447
1473
1483
1488
1493
1518
1543
1558
1566
1573
1580
1589
1590
1597
1598
1605
1608
1616
1619
1630
1631
1645
1669
1677
1680
1688
1694
1695
1702
1707
1729
1742
1745
1755
1766
1781
1782
1794
1803
1808
1818
1819
1839
1847
1851
1869
1875
1876
1884
1899
1900
1905
1912
1920
1925
1951
1961
1964
1968
1977
1988
2000
2003
2014
2021
2037
2105
2114
2116
2133
2137
2182
2193
2203
2220
2223
2241
2242
2257
2287
2293
2313
2330
2339
2340
2355
2363
2370
2372
2373
2396
2403
2424
2434
2436
2446
2454
2455
2456
2462
2464
2486
2487
2489
2490
2502
2508
2524
2527
2551
2552
2559
2561
2562
2565
2566
2568
2571
2599
2605
2608
2620
2622
161
127
29
15
52
20
55
63
92
33
118
47
138
43
76
155
111
31
5
147
85
11
99
124
3
38
7
10
59
35
61
160
0
106
26
91
22
62
77
48
158
122
143
132
129
44
95
36
152
89
81
84
114
34
107
69
25
78
86
30
146
133
128
68
57
119
154
82
8
90
139
42
150
27
56
137
24
145
60
108
18
74
120
2
100
103
96
157
6
102
39
144
53
104
21
156
123
40
4
14
93
54
115
65
83
105
130
110
80
28
23
136
41
112
19
1
66
9
75
117
58
64
101
97
151
153
135
12
72
134
17
94
149
88
142
109
32
13
87
71
113
126
116
16
79
140
141
125
51
70
131
73
37
121
148
98
50
159
49
45
46
67
