686
3
6
7
9
10
11
13
14
15
16
19
20
23
24
28
29
30
31
32
33
35
36
37
38
40
41
42
44
48
49
51
52
55
57
58
60
62
64
67
68
75
78
79
80
82
84
85
87
89
91
92
93
97
98
99
100
101
102
104
105
107
108
110
113
115
116
117
118
119
120
122
123
124
125
128
130
131
132
133
134
137
138
140
141
142
143
144
146
147
150
151
152
153
155
156
157
158
159
162
163
165
166
167
170
171
172
173
175
176
178
179
180
181
182
183
184
186
187
190
191
192
193
195
196
197
201
202
204
206
208
211
212
214
217
218
219
220
224
225
227
230
231
232
236
238
239
243
244
248
249
250
251
254
256
257
258
259
260
263
264
265
266
267
268
270
271
275
276
277
279
280
281
284
285
287
288
289
290
291
292
293
295
297
299
301
302
303
304
305
308
309
310
311
313
314
317
318
320
321
322
323
324
325
326
327
328
330
331
332
333
336
337
339
342
343
344
345
346
348
349
351
353
356
357
358
361
363
364
365
369
370
372
374
375
376
378
380
382
385
387
388
389
390
391
393
394
395
398
400
402
406
408
410
411
417
419
421
422
425
426
428
431
432
433
434
435
437
438
439
442
446
447
449
452
453
455
456
457
458
459
460
463
466
467
471
472
473
476
478
479
481
482
484
488
492
493
494
496
497
498
499
501
502
503
504
505
506
507
508
509
510
512
513
514
515
517
518
519
521
524
526
527
528
529
532
533
535
536
537
538
540
541
544
547
548
550
551
554
557
558
559
560
561
562
563
568
569
571
575
576
577
578
579
582
583
585
586
587
588
589
591
592
594
597
598
599
600
602
606
607
608
609
610
611
616
617
618
619
620
622
623
624
625
626
627
632
634
635
636
637
639
641
643
648
650
652
654
655
656
658
661
663
664
667
668
669
670
675
678
679
680
681
683
685
686
687
689
690
691
692
693
694
695
696
697
701
702
703
704
706
707
710
711
712
713
714
716
717
719
720
721
722
723
724
725
726
729
731
733
736
737
738
740
741
742
744
745
746
747
748
750
751
752
753
755
756
759
760
761
762
763
764
767
769
770
772
773
774
775
776
777
778
779
780
781
782
786
787
788
789
790
791
798
799
800
801
802
803
804
806
809
810
811
817
819
820
821
822
824
825
826
828
829
830
833
835
836
837
838
840
841
844
845
846
847
848
851
852
853
854
858
861
862
864
865
866
867
869
870
873
874
875
876
877
879
882
884
885
886
888
889
891
893
895
896
899
900
901
903
905
906
908
910
911
912
918
919
920
921
922
924
933
934
936
940
941
942
943
944
945
947
948
950
951
952
953
954
958
959
962
964
965
966
967
969
970
972
974
976
978
979
981
982
984
985
986
987
988
989
990
991
992
993
994
995
996
999
1001
1003
1005
1007
1009
1011
1012
1013
1014
1015
1016
1018
1021
1022
1023
1024
1025
1026
1028
1029
1030
1031
1032
1034
1036
1038
1039
1042
1045
1046
1048
1050
1052
1054
1055
1056
1057
1059
1064
1065
1067
1071
1072
1073
1074
1075
1076
1078
1080
1081
1082
1083
1084
1085
1089
1090
1092
1093
1094
1095
1096
1097
1100
1101
1102
1104
1105
1106
1107
84
23
66
71
48
68
1
55
3
18
56
37
85
62
4
34
24
39
15
82
75
7
14
51
58
20
63
11
36
76
60
43
86
5
61
35
28
54
83
33
78
67
0
81
31
22
40
8
73
42
44
49
29
77
19
84
46
12
52
16
6
45
65
53
10
32
80
26
30
9
41
21
70
69
2
13
27
38
87
47
59
17
64
50
72
