251
9
12
14
19
28
29
34
71
79
86
91
111
116
118
120
131
179
180
181
182
199
212
219
225
229
248
252
259
269
282
327
338
352
361
366
369
372
373
384
385
390
398
407
410
427
436
454
462
480
494
495
506
511
512
515
579
592
600
613
618
646
651
656
697
710
713
714
745
780
781
785
789
790
802
803
808
819
829
873
879
882
883
931
963
964
968
994
1002
1005
1009
1011
1052
1055
1066
1087
1091
1098
1099
1100
1108
1109
1159
1166
1167
1188
1196
1202
1207
1223
1224
1235
1246
1251
1254
1255
1265
1302
1304
1328
1346
1361
1382
1385
1389
1391
1397
1398
1409
1413
1454
1455
1461
1462
1528
1546
1548
1551
1558
1560
1578
1584
1606
1609
1613
1639
1652
1654
1662
1667
1669
1672
1691
1704
1721
1733
1745
1746
1750
1762
1767
1774
1781
1786
1789
1792
1810
1812
1819
1828
1835
1837
1845
1854
1869
1880
1884
1886
1899
1903
1941
1944
1956
1963
1968
1977
1979
1980
2016
2018
2023
2027
2067
2077
2080
2081
2095
2105
2106
2108
2113
2122
2154
2161
2184
2186
2193
2200
2209
2216
2223
2225
2248
2251
2259
2262
2266
2268
2291
2318
2338
2370
2372
2376
2383
2397
2405
2425
2431
2432
2435
2438
2439
2444
2447
2450
2457
2458
2473
2476
2486
2489
2514
2518
2546
2566
2569
2577
2591
2597
2600
2605
161
97
6
70
71
149
155
78
93
82
156
48
33
43
145
17
109
120
63
9
81
4
124
116
11
49
27
23
133
25
32
58
121
117
1
107
125
30
103
102
127
144
100
159
95
34
57
123
19
69
122
62
79
75
118
20
86
146
141
138
37
126
131
16
137
76
96
142
35
66
153
80
87
89
39
135
158
42
22
61
152
50
53
77
64
54
45
7
104
130
40
24
52
60
59
160
101
72
65
98
134
83
105
73
46
31
74
91
92
0
13
47
106
132
84
8
68
113
14
114
56
151
148
139
136
12
157
112
44
26
85
128
67
15
2
90
28
108
115
88
29
41
38
51
5
147
150
21
55
143
10
3
94
36
99
119
154
111
129
110
140
18
