103
24
88
158
166
173
245
264
293
311
321
334
359
375
381
383
396
410
445
460
479
484
496
498
518
546
592
641
649
653
685
696
763
772
819
822
837
914
941
962
1006
1015
1024
1034
1035
1048
1053
1055
1098
1101
1112
1124
1157
1165
1172
1184
1195
1229
1275
1284
1330
1337
1350
1354
1388
1409
1467
1474
1477
1488
1533
1668
1673
1690
1691
1726
1741
1756
1762
1767
1817
1838
1849
1869
1885
1902
1906
1907
1932
2018
2057
2062
2086
2099
2169
2183
2265
2275
2297
2312
2345
2360
2365
2374
155
31
14
8
73
91
85
23
63
101
20
151
19
66
160
121
131
10
58
48
72
75
156
84
147
137
64
32
65
34
28
153
93
162
122
129
44
69
105
47
109
39
24
134
27
37
127
38
57
146
56
16
51
100
143
29
22
87
17
1
86
67
6
118
116
26
112
144
148
77
126
89
0
157
9
155
79
46
95
50
117
130
108
161
45
132
113
90
149
114
30
124
41
62
25
123
54
83
5
154
138
60
52
7
96
61
119
110
80
145
103
76
133
74
140
92
142
71
111
107
104
21
115
97
70
152
3
125
135
150
78
82
59
43
139
11
102
99
120
4
81
88
15
2
53
98
106
49
13
12
18
68
40
128
141
94
