123
25
27
80
87
118
147
176
195
200
206
256
268
277
295
326
361
427
457
484
539
547
599
601
615
621
662
668
677
684
689
690
695
698
699
721
731
745
751
755
756
759
767
769
770
828
836
896
939
993
1054
1088
1094
1122
1125
1137
1150
1172
1206
1227
1235
1240
1257
1259
1265
1291
1327
1390
1417
1438
1463
1475
1476
1478
1498
1503
1520
1523
1532
1540
1558
1713
1725
1733
1740
1746
1759
1769
1795
1801
1802
1819
1852
1860
1876
1906
1909
1925
1951
2034
2068
2088
2109
2114
2117
2119
2136
2164
2172
2185
2204
2228
2242
2252
2265
2290
2293
2325
2330
2338
2354
2365
2412
2433
153
85
131
77
60
62
73
12
53
47
11
154
151
146
97
134
15
31
57
16
13
76
119
124
156
145
3
139
49
143
66
4
122
6
104
30
136
61
111
129
107
98
82
38
91
0
18
67
147
127
93
39
109
83
96
8
25
41
5
144
19
46
71
28
105
52
90
149
36
79
64
152
157
84
34
141
51
37
87
102
94
153
140
110
42
74
63
17
80
160
48
23
81
68
121
150
92
125
106
135
123
22
58
29
24
55
1
114
103
32
101
138
33
54
78
2
69
10
132
59
148
50
27
86
159
40
88
128
35
137
158
14
43
44
162
72
120
7
9
126
112
26
113
21
133
45
75
95
108
70
117
155
161
99
