234
4
19
21
29
34
45
69
78
85
92
111
114
121
127
128
139
144
147
148
150
155
163
167
171
178
189
201
218
232
239
244
245
272
279
281
282
283
284
296
321
352
370
374
384
387
413
420
423
430
447
452
459
461
466
478
510
513
523
548
554
578
581
593
597
610
611
640
654
675
679
686
703
731
738
752
753
754
768
791
797
801
825
837
867
871
872
877
882
887
890
896
906
911
913
934
951
987
989
1001
1009
1023
1040
1045
1050
1056
1059
1065
1070
1076
1081
1111
1124
1135
1137
1139
1176
1178
1180
1204
1226
1244
1247
1250
1260
1261
1279
1286
1288
1300
1309
1319
1320
1337
1349
1365
1370
1371
1374
1377
1382
1401
1438
1477
1479
1489
1501
1502
1508
1525
1535
1553
1554
1566
1572
1598
1635
1645
1649
1663
1687
1693
1704
1705
1719
1735
1761
1764
1768
1786
1795
1809
1817
1837
1843
1900
1913
1919
1932
1938
1945
1966
1983
1994
2003
2007
2020
2024
2041
2046
2049
2062
2092
2102
2123
2146
2165
2170
2171
2174
2178
2184
2185
2211
2216
2232
2248
2273
2280
2282
2285
2287
2294
2297
2305
2310
2357
2362
2386
2392
2396
2398
2400
2424
2454
2463
2474
2476
2482
2511
2543
2547
2548
2552
2600
160
85
64
34
145
93
60
18
28
12
159
158
36
68
74
4
30
77
86
53
42
46
10
31
24
65
147
84
108
80
16
83
6
157
13
59
135
45
23
57
17
40
56
155
109
2
104
61
121
89
1
21
120
151
72
112
9
103
160
78
128
142
91
90
35
129
7
114
44
105
79
52
146
54
20
62
94
47
97
126
134
63
152
71
119
132
0
139
137
122
136
156
69
66
33
88
106
141
96
111
48
5
51
29
131
153
118
140
27
26
98
3
99
117
144
55
143
50
125
43
49
115
15
123
76
149
138
32
100
127
67
154
95
133
37
58
75
113
81
124
148
11
70
41
14
8
87
110
150
25
22
130
38
116
92
73
102
107
19
82
39
