253
5
45
48
55
58
66
88
97
106
110
133
138
140
143
144
151
154
158
165
166
182
185
195
203
207
225
227
235
251
265
268
270
292
295
307
308
309
312
314
325
328
358
372
404
413
445
450
467
468
476
477
488
506
514
529
552
567
572
573
575
584
591
596
607
610
612
615
617
640
643
651
661
663
667
695
701
706
717
723
729
732
735
774
777
791
804
816
838
844
868
886
902
924
926
941
947
959
989
993
1000
1006
1032
1036
1052
1074
1090
1121
1131
1141
1143
1148
1163
1199
1206
1207
1209
1216
1218
1227
1239
1248
1253
1262
1268
1272
1279
1285
1297
1309
1332
1345
1352
1365
1373
1397
1399
1405
1413
1415
1434
1440
1442
1448
1454
1466
1470
1473
1480
1510
1514
1520
1562
1579
1580
1586
1600
1609
1613
1627
1633
1648
1655
1660
1702
1705
1708
1715
1717
1737
1738
1742
1743
1753
1758
1760
1762
1768
1790
1793
1806
1807
1808
1813
1818
1825
1840
1847
1855
1896
1910
1915
1916
1942
1949
1953
1957
1988
2003
2010
2015
2017
2046
2056
2059
2060
2061
2067
2076
2089
2110
2122
2129
2157
2158
2159
2168
2173
2206
2228
2235
2299
2300
2305
2306
2316
2320
2335
2351
2354
2370
2384
2394
2399
2417
2419
2442
2465
2480
2483
2497
2512
2535
2544
2546
2562
2570
2588
2591
2598
2603
2608
2611
2613
161
129
120
106
105
122
119
39
14
103
108
82
61
85
42
40
116
46
111
150
15
48
109
126
16
98
52
131
113
50
9
95
89
132
58
149
31
140
8
2
96
154
155
32
20
125
144
4
74
127
76
44
67
115
35
146
88
37
43
123
91
142
145
1
152
0
29
93
10
141
94
47
70
151
33
17
153
157
84
25
30
24
97
65
114
27
101
143
124
56
62
49
26
22
3
7
73
130
80
147
45
18
23
148
34
63
128
51
60
19
75
59
72
69
66
6
28
83
118
100
64
117
138
134
159
112
54
107
12
77
53
36
13
71
68
38
21
55
11
78
79
139
160
81
110
136
86
57
99
104
137
90
87
156
5
158
133
92
41
135
102
121
