149
33
36
42
65
73
75
79
80
98
101
125
129
130
136
138
144
147
150
156
157
164
172
180
185
193
194
197
226
227
230
233
237
242
249
267
271
280
281
286
297
302
306
308
309
310
317
329
333
334
345
357
377
380
386
387
392
400
403
434
437
438
443
450
452
463
486
492
507
516
523
531
540
562
564
568
572
587
589
592
603
610
612
613
615
629
649
650
656
673
678
686
698
701
713
715
721
722
730
737
739
747
749
757
759
765
775
779
786
794
799
803
808
821
827
834
845
853
855
863
880
893
904
917
923
926
927
965
969
974
985
988
994
999
1009
1010
1012
1041
1060
1064
1076
1080
1082
1089
1092
1095
1102
1103
1104
1106
76
56
59
4
62
36
40
26
42
80
16
53
2
27
81
52
3
35
85
28
74
38
75
51
82
61
18
20
7
44
45
50
13
33
76
64
9
15
37
22
73
31
48
30
72
25
67
46
5
11
63
55
65
68
10
78
66
43
41
14
60
69
70
1
21
84
87
54
19
47
77
58
24
83
29
6
49
