686
5
11
12
14
18
20
21
22
23
24
26
27
28
30
32
33
37
38
41
43
46
50
52
54
56
57
58
60
61
64
65
66
67
68
69
72
74
76
77
78
79
82
83
84
85
86
87
88
89
90
91
92
94
96
98
99
100
103
104
106
107
108
110
112
113
114
121
122
125
126
128
129
130
131
132
133
134
136
139
140
141
143
144
147
148
150
151
152
156
157
161
162
163
164
165
167
169
170
173
174
175
176
177
178
179
180
181
182
185
189
190
191
193
194
196
197
198
199
200
205
207
210
211
212
213
215
217
218
219
220
221
223
226
228
229
230
232
233
235
236
237
240
241
243
244
245
247
248
249
250
251
252
256
257
258
263
265
268
269
271
273
274
275
276
277
279
281
283
288
289
290
291
292
293
296
297
298
299
300
304
305
306
307
309
311
312
313
315
320
322
325
326
327
328
330
331
332
334
336
338
339
340
343
344
348
349
351
353
355
356
358
359
361
363
364
366
367
368
369
370
371
372
373
376
377
378
379
380
381
382
383
385
386
388
389
390
391
392
393
394
395
396
398
399
401
402
405
406
407
408
409
411
412
413
414
415
417
418
420
421
422
424
427
428
429
430
431
433
434
436
437
439
441
446
447
448
450
451
452
453
457
459
462
466
468
469
470
471
472
473
474
475
480
483
485
487
488
489
490
491
492
494
496
497
499
500
501
502
507
510
512
513
516
519
521
522
523
524
528
529
530
531
532
533
535
537
538
540
542
543
544
545
547
548
549
550
552
553
556
557
558
559
561
564
566
568
570
571
572
574
579
580
582
583
586
588
589
590
591
593
595
596
597
598
600
603
604
606
607
608
611
612
613
614
616
620
621
622
623
624
625
627
628
629
631
632
633
637
639
640
641
642
643
644
646
648
649
651
653
654
655
656
658
659
660
661
663
664
665
666
667
668
669
670
671
672
673
675
678
680
681
682
685
687
689
691
693
694
695
696
698
700
701
703
705
711
712
713
714
715
717
719
720
721
722
723
725
726
731
734
735
736
738
741
742
743
745
746
750
751
752
754
755
756
757
758
759
761
762
763
764
765
766
767
769
773
774
776
778
779
780
781
784
785
786
793
794
795
797
799
801
802
803
804
806
807
808
809
811
812
813
814
815
816
817
818
820
821
822
824
825
826
827
828
829
831
832
833
834
835
836
837
838
839
840
843
844
845
846
848
849
850
852
854
857
859
860
862
864
865
866
867
869
870
872
873
874
877
878
879
880
881
882
886
887
888
891
892
893
895
896
898
901
902
905
907
909
910
911
916
919
920
921
922
925
926
927
928
929
930
931
934
937
940
942
943
948
949
950
951
954
959
960
961
965
966
968
969
970
971
978
980
981
982
983
986
987
988
990
992
993
994
996
998
1000
1001
1002
1004
1006
1008
1009
1011
1012
1016
1019
1020
1021
1022
1023
1024
1025
1026
1028
1029
1030
1032
1035
1037
1038
1039
1041
1042
1043
1044
1046
1047
1049
1051
1052
1053
1054
1055
1056
1059
1060
1062
1064
1065
1066
1067
1069
1070
1071
1072
1073
1074
1076
1077
1078
1079
1080
1082
1084
1085
1087
1089
1090
1093
1094
1095
1098
1099
1102
1103
1104
1105
81
43
72
22
9
18
28
57
63
49
86
13
78
38
74
15
5
71
81
47
36
41
69
56
12
80
75
14
30
50
73
83
31
77
58
6
1
10
24
40
46
32
16
54
67
2
19
60
4
29
35
26
68
59
61
84
70
11
76
3
42
82
7
62
85
52
21
34
8
48
45
64
37
20
66
53
65
51
0
17
87
27
