149
37
43
48
50
51
62
70
74
85
86
88
91
105
108
122
147
153
156
161
163
176
177
183
184
189
191
195
211
235
244
250
262
264
273
276
281
284
291
293
308
309
343
349
360
377
379
390
395
399
402
413
415
424
428
434
439
442
443
449
450
451
458
463
475
479
483
486
493
498
501
510
514
521
544
545
549
558
560
564
571
600
606
616
617
622
626
627
639
645
648
649
650
664
670
682
690
696
697
705
715
731
737
747
757
767
772
773
780
789
790
797
799
836
840
847
850
857
863
864
879
884
890
892
900
904
916
919
938
941
953
960
967
974
975
978
1005
1014
1017
1026
1028
1032
1034
1040
1047
1060
1062
1072
1082
1089
75
24
20
52
16
31
48
71
55
32
75
33
62
28
21
74
13
64
35
58
61
26
65
9
25
78
81
4
87
39
17
0
11
2
41
27
18
68
40
53
30
5
83
82
43
29
69
47
56
86
54
60
12
80
10
37
59
70
45
8
1
77
38
46
84
36
63
42
72
22
51
49
6
7
23
85
