688
11
13
14
16
17
18
20
21
23
25
26
29
31
32
33
39
43
44
45
50
51
52
53
54
58
61
64
66
68
69
75
78
84
86
90
91
93
95
96
97
99
103
106
107
110
115
116
117
119
121
123
124
125
128
130
131
134
135
138
144
149
151
157
160
161
163
164
165
171
172
175
176
177
178
179
183
187
192
193
194
195
196
197
200
201
202
203
204
206
210
213
214
215
216
217
223
224
233
234
235
236
238
239
242
243
249
250
253
254
257
261
263
264
265
266
269
272
275
276
279
281
282
283
286
290
293
297
301
305
309
312
313
316
321
324
327
340
341
347
348
349
350
352
363
364
366
370
371
373
375
376
379
383
384
385
389
396
402
404
405
406
408
410
413
414
421
424
425
432
433
436
437
438
439
440
444
447
448
449
450
451
455
457
458
460
462
468
472
473
474
476
481
482
483
484
487
490
491
494
495
496
499
503
504
507
510
519
521
523
525
527
529
530
531
532
534
536
537
538
540
541
547
548
549
553
556
557
559
562
568
571
575
578
581
589
593
597
599
600
610
614
617
618
622
624
627
628
631
633
639
641
647
650
651
652
661
666
668
678
679
680
683
687
689
690
696
697
705
706
708
709
714
716
717
722
724
727
728
729
736
740
741
743
748
750
752
753
757
760
761
763
764
769
770
773
779
780
782
783
789
790
796
797
804
805
806
807
808
809
814
815
816
818
830
833
836
838
841
843
847
849
853
854
859
860
861
862
864
867
871
874
880
889
891
898
900
903
905
907
909
910
912
914
917
921
922
923
930
936
939
940
941
943
945
963
965
971
974
977
983
985
986
988
992
1000
1002
1003
1004
1005
1010
1017
1019
1024
1029
1030
1031
1035
1036
1037
1043
1044
1046
1047
1050
1052
1055
1057
1059
1067
1069
1070
1073
1074
1075
1077
1079
1080
1082
1083
1086
1088
1089
1092
1098
1099
1100
1102
1104
1105
1106
1113
1115
1121
1122
1124
1130
1131
1132
1134
1135
1138
1139
1141
1144
1148
1157
1158
1159
1160
1161
1162
1164
1168
1170
1171
1172
1173
1175
1176
1178
1180
1182
1183
1187
1190
1194
1195
1200
1206
1211
1212
1218
1220
1223
1229
1231
1236
1238
1241
1242
1243
1244
1248
1250
1252
1254
1255
1257
1258
1279
1283
1284
1285
1290
1292
1293
1295
1296
1298
1299
1300
1302
1303
1304
1305
1306
1308
1310
1311
1317
1318
1320
1321
1326
1332
1333
1336
1337
1340
1341
1342
1343
1346
1350
1355
1359
1360
1362
1363
1366
1367
1368
1369
1371
1375
1377
1378
1380
1381
1382
1383
1384
1385
1386
1388
1391
1396
1397
1398
1402
1413
1415
1417
1419
1421
1422
1423
1425
1428
1429
1431
1439
1440
1441
1449
1451
1454
1456
1457
1459
1460
1463
1466
1467
1468
1471
1472
1485
1489
1490
1492
1494
1502
1504
1505
1506
1511
1519
1521
1523
1525
1527
1528
1532
1535
1537
1541
1543
1544
1553
1556
1563
1564
1565
1566
1568
1569
1570
1571
1574
1578
1583
1586
1592
1593
1594
1597
1598
1602
1609
1612
1613
1617
1620
1621
1626
1627
1632
1635
1638
1641
1644
1646
1652
1660
1664
1665
1666
1667
1671
1674
1678
1684
1685
1686
1688
1693
1694
1696
1697
1704
1709
1710
1713
1714
1717
1720
1721
1728
1730
1734
1735
1737
1739
1741
1746
1748
1753
1754
1757
1761
1765
1766
1767
1770
1771
1775
1778
1782
1784
1785
1788
1790
1792
1794
1795
1799
1800
1801
1802
1804
1807
1809
1810
1813
1815
1818
1821
1822
1824
1825
1828
1830
1832
1834
1836
1837
1838
157
51
15
112
4
25
12
115
18
14
126
100
9
122
39
138
20
110
90
140
57
22
156
99
151
46
102
47
28
24
81
19
119
141
82
73
68
6
91
84
150
35
124
92
118
144
105
23
60
111
0
94
10
50
77
127
31
54
34
7
5
93
21
132
134
108
143
13
72
130
120
148
70
158
98
8
104
162
80
66
131
33
89
153
152
65
135
43
129
30
45
32
40
59
3
142
74
154
63
149
157
44
41
48
27
128
125
29
88
55
117
61
136
52
147
53
71
62
83
67
116
64
38
42
1
75
101
159
49
123
107
155
78
163
133
113
2
139
16
161
85
26
146
17
11
36
103
109
76
56
106
160
97
58
69
145
79
95
