149
15
38
64
79
80
86
94
96
100
101
106
109
110
115
117
126
129
143
150
163
169
170
173
179
186
190
204
208
217
219
230
236
237
259
266
287
290
292
293
296
297
302
306
331
336
340
348
351
379
395
397
401
404
416
418
419
426
427
429
450
453
463
467
482
486
490
491
492
501
503
510
522
528
532
551
552
558
571
584
587
593
620
632
637
639
647
650
653
659
664
669
677
691
701
703
704
705
716
735
757
777
781
790
802
815
820
852
860
861
871
873
874
875
887
890
896
898
904
906
909
918
921
932
944
948
956
967
976
979
985
987
1007
1014
1022
1025
1036
1040
1044
1045
1046
1060
1061
1063
1071
1075
1093
1095
1099
1106
76
19
24
57
63
75
82
34
42
77
31
86
44
45
36
55
22
64
7
66
56
60
4
51
9
48
50
5
61
74
47
65
59
54
81
29
85
12
58
67
68
3
20
62
78
52
41
11
53
70
46
87
13
71
1
37
27
49
80
2
39
0
21
8
6
69
38
84
26
28
32
43
73
15
14
16
18
