686
4
8
9
11
14
15
16
18
19
20
21
22
23
24
25
26
28
29
30
31
32
34
35
40
41
42
43
44
45
46
47
48
51
53
54
55
56
57
60
61
65
66
67
68
69
70
71
72
73
74
75
77
78
79
82
83
84
86
88
89
90
92
94
95
96
97
98
99
100
102
103
104
105
106
107
110
111
113
114
115
117
119
120
124
127
128
132
133
134
137
138
139
140
141
143
144
151
154
155
156
158
159
162
163
165
166
167
168
170
171
177
179
180
181
182
186
191
192
194
196
200
201
202
203
206
207
208
210
211
212
213
214
217
219
220
222
223
224
225
226
229
231
233
234
236
237
239
240
241
245
247
248
249
250
252
253
254
255
256
259
261
262
264
268
271
273
274
275
278
279
281
282
283
284
285
286
287
288
289
292
293
297
298
301
302
303
306
308
309
311
315
316
317
318
319
322
323
324
325
327
328
329
332
333
335
338
339
340
342
343
345
346
347
348
349
350
351
354
360
361
363
364
365
367
368
371
372
374
376
377
378
379
380
382
383
384
386
387
388
389
390
391
393
395
396
397
398
399
401
402
404
405
406
408
411
412
414
415
416
419
420
422
423
425
426
427
428
430
433
434
438
439
441
444
445
446
450
452
455
456
458
461
463
466
467
468
469
470
471
472
473
474
475
478
479
480
481
482
485
486
487
491
492
495
498
499
500
501
502
504
506
507
508
509
510
511
512
514
515
520
523
525
526
528
530
531
533
540
541
543
544
545
549
550
551
552
554
556
557
558
559
561
562
564
565
566
567
569
570
573
575
577
578
579
585
587
589
592
597
598
602
603
606
608
609
612
615
617
618
620
621
622
623
626
627
628
630
631
633
634
637
638
639
641
643
644
646
647
649
650
653
654
657
658
660
661
665
666
667
670
671
674
675
676
677
678
679
681
682
683
684
686
687
688
689
690
691
692
694
695
699
700
701
704
705
706
707
709
710
715
716
718
721
722
723
725
726
729
731
732
733
734
735
736
739
741
743
744
745
749
750
752
754
755
756
757
759
760
762
763
765
767
768
773
774
775
776
778
782
783
784
785
787
788
789
790
791
792
793
794
797
798
799
801
802
803
805
806
812
815
816
817
818
819
820
821
822
823
824
825
829
830
833
834
835
837
838
840
841
842
844
845
846
847
848
849
850
851
852
854
860
863
864
865
866
867
872
873
876
878
879
880
881
882
883
884
887
888
889
890
891
892
893
894
896
897
898
900
901
902
903
906
907
909
911
912
913
914
916
918
920
922
923
925
926
929
930
932
933
936
937
940
941
943
945
947
949
950
951
953
955
956
957
960
961
962
963
965
966
968
969
970
972
974
975
976
977
978
979
980
981
982
983
984
985
987
988
989
991
992
993
995
996
999
1000
1001
1002
1003
1004
1005
1006
1007
1008
1009
1010
1012
1013
1014
1017
1018
1019
1020
1024
1025
1026
1028
1029
1030
1031
1033
1034
1039
1041
1042
1044
1045
1046
1048
1049
1051
1052
1054
1055
1056
1058
1061
1062
1063
1064
1065
1067
1068
1069
1071
1072
1075
1076
1077
1082
1083
1085
1086
1087
1089
1090
1092
1093
1094
1096
1099
1100
1101
1102
1103
1105
1107
83
59
80
7
85
39
82
70
54
29
27
84
18
73
67
60
52
62
5
30
79
6
50
20
1
12
19
86
17
81
2
46
10
74
40
14
45
65
53
4
63
78
43
9
15
21
69
66
3
8
24
64
28
34
38
58
55
76
36
23
87
47
72
77
35
31
71
83
22
26
68
61
41
13
48
51
42
57
16
49
11
32
56
37
