120
72
82
145
148
192
221
247
257
296
325
352
354
415
436
440
454
460
462
484
497
506
511
557
560
566
595
626
627
678
686
699
742
745
762
765
790
802
807
808
816
841
842
877
892
896
899
908
938
948
956
970
980
1010
1033
1042
1058
1063
1081
1087
1127
1128
1196
1204
1206
1260
1288
1342
1347
1357
1378
1423
1468
1486
1506
1638
1657
1728
1753
1794
1815
1819
1824
1843
1860
1865
1874
1899
1909
1913
1923
1946
1982
1983
1984
1993
1999
2009
2010
2018
2034
2046
2116
2118
2171
2195
2208
2243
2251
2260
2276
2284
2314
2325
2341
2357
2366
2367
2378
2400
2441
158
94
128
20
96
150
6
45
46
119
39
85
61
47
36
26
33
7
122
40
155
109
162
86
87
60
102
37
8
31
127
124
121
113
56
103
139
140
133
141
49
35
144
19
100
146
68
58
138
10
79
114
107
147
70
151
5
129
59
110
44
104
74
82
27
160
55
97
77
93
142
51
53
63
98
137
38
108
64
130
145
16
71
99
92
23
105
13
17
91
3
25
158
152
135
12
81
21
148
41
154
157
153
120
52
11
78
125
123
116
24
72
1
118
42
134
80
143
69
95
0
28
90
34
131
117
22
112
159
62
115
73
50
132
126
136
15
161
14
54
89
32
9
2
106
18
29
4
111
57
43
65
101
88
84
156
66
48
83
