285
15
16
19
25
26
27
56
70
74
78
81
89
91
92
96
104
106
111
113
122
124
142
175
178
184
189
203
207
211
216
240
248
250
251
262
283
286
290
291
319
323
330
356
358
370
387
390
392
411
413
422
427
432
459
462
465
468
469
471
487
491
495
508
512
516
526
540
541
544
547
554
588
589
596
605
613
617
634
636
639
652
665
695
696
699
714
715
725
734
753
769
778
790
798
809
820
822
853
867
869
876
878
890
891
911
921
942
956
961
962
967
981
983
987
1007
1010
1046
1050
1062
1067
1081
1086
1090
1095
1100
1105
1125
1149
1155
1170
1178
1194
1230
1237
1240
1243
1266
1281
1286
1291
1295
1306
1319
1336
1343
1350
1353
1366
1378
1394
1418
1423
1432
1444
1453
1456
1465
1472
1474
1484
1488
1502
1503
1506
1541
1546
1547
1558
1570
1573
1582
1588
1598
1599
1603
1623
1626
1633
1637
1653
1669
1674
1683
1704
1707
1712
1721
1728
1733
1739
1741
1758
1765
1782
1793
1794
1804
1817
1819
1828
1834
1840
1845
1850
1855
1867
1877
1880
1891
1896
1902
1903
1907
1921
1933
1941
1945
1946
1948
1965
1970
1973
1988
1994
2007
2023
2027
2028
2031
2061
2077
2079
2099
2103
2104
2108
2128
2147
2148
2153
2155
2163
2177
2178
2184
2206
2214
2219
2229
2236
2254
2261
2285
2299
2311
2316
2324
2351
2353
2372
2380
2396
2401
2408
2431
2437
2443
2456
2469
2472
2474
2480
2526
2534
2539
2543
2544
2553
2557
2567
2568
2583
2584
2585
2593
161
31
80
38
16
0
78
129
35
73
25
119
113
4
150
153
47
102
65
115
97
53
51
26
57
91
158
79
63
67
21
136
8
156
89
159
101
28
13
85
75
152
62
45
58
135
87
143
22
138
82
109
92
33
131
126
52
68
24
11
154
19
88
155
74
107
146
118
128
7
70
134
148
112
94
125
64
84
34
17
120
81
56
122
12
46
139
39
49
9
5
86
151
99
83
104
121
116
137
149
14
77
114
27
55
76
42
100
43
145
130
41
29
48
144
40
133
20
1
32
23
157
30
59
71
106
117
160
2
66
95
90
93
60
98
18
124
3
50
54
96
108
44
132
142
141
147
105
111
72
6
36
10
103
110
37
140
69
61
15
127
123
