149
25
51
55
76
87
96
99
106
125
129
131
150
151
160
169
174
177
178
194
198
222
245
246
257
258
268
286
287
288
291
308
312
313
315
316
322
323
338
341
357
363
365
370
372
377
395
398
404
410
417
419
421
433
436
448
451
455
457
461
465
466
469
481
485
486
503
524
525
536
543
545
546
549
555
562
571
580
590
591
596
619
631
637
644
647
655
660
661
667
677
678
682
692
696
701
705
711
721
743
744
756
763
765
770
773
791
792
798
803
826
827
834
839
863
866
883
916
920
937
938
939
941
947
948
967
971
972
974
978
995
997
1013
1022
1032
1035
1037
1039
1041
1044
1048
1050
1056
1060
1075
1087
1091
1094
1097
1101
74
80
35
17
74
54
65
81
21
2
45
39
20
85
77
10
11
33
50
61
52
55
56
48
9
29
12
13
67
5
14
28
26
53
78
64
59
16
34
36
51
66
79
37
38
58
31
43
7
40
60
76
47
75
15
8
49
69
63
27
84
23
4
1
24
19
44
46
71
0
42
6
87
3
41
