688
4
5
6
7
9
13
16
21
25
26
27
28
33
35
39
42
46
47
49
53
54
65
67
69
73
74
77
79
88
91
92
93
94
98
99
101
103
109
110
111
112
117
122
123
124
125
126
128
129
135
136
141
145
146
148
155
157
159
165
166
171
174
180
184
186
188
194
197
204
208
209
210
211
212
213
215
218
221
223
226
228
232
235
236
237
241
242
243
248
258
259
260
261
263
271
276
280
282
284
286
288
290
291
296
299
300
305
306
311
319
329
331
332
334
336
337
338
341
342
344
347
348
350
354
356
368
369
370
371
372
376
378
382
384
385
387
388
390
392
393
396
400
401
403
406
408
409
410
411
413
417
418
420
422
423
424
426
429
431
433
436
438
443
445
446
447
448
451
454
455
457
463
465
467
468
469
473
474
477
478
482
483
487
489
491
494
495
497
499
500
501
502
505
510
512
515
517
525
530
533
534
535
536
538
539
543
544
547
550
552
557
558
559
560
561
563
575
576
579
581
584
588
590
592
593
605
607
608
616
617
621
625
626
627
629
630
632
633
641
643
645
647
648
649
650
651
652
658
659
662
664
668
670
672
673
674
678
679
680
686
687
689
691
692
693
698
703
706
708
710
712
714
717
732
734
736
738
740
741
745
747
748
750
757
759
760
761
765
770
772
773
774
776
777
778
781
784
787
789
792
793
799
801
803
807
809
810
813
814
816
818
819
820
821
824
825
826
827
828
829
830
831
833
834
838
839
847
850
853
855
856
859
862
865
867
869
872
873
877
881
882
884
890
894
897
902
905
906
907
908
911
912
914
915
919
922
924
927
932
934
935
939
942
943
949
951
961
968
970
971
972
977
978
980
981
988
990
993
995
997
998
1000
1004
1006
1009
1013
1017
1026
1028
1029
1031
1039
1042
1043
1045
1050
1052
1053
1060
1061
1063
1066
1067
1068
1075
1076
1080
1082
1083
1090
1093
1094
1100
1102
1103
1104
1106
1107
1108
1118
1121
1126
1128
1132
1133
1134
1135
1137
1139
1141
1143
1151
1152
1154
1155
1156
1160
1161
1165
1167
1170
1172
1173
1176
1179
1180
1182
1183
1190
1191
1193
1195
1197
1198
1203
1207
1208
1210
1211
1215
1217
1219
1220
1227
1233
1236
1240
1241
1244
1247
1250
1253
1254
1256
1258
1266
1267
1272
1275
1276
1279
1280
1282
1285
1291
1293
1294
1297
1298
1302
1304
1307
1312
1318
1320
1321
1324
1339
1341
1342
1347
1350
1351
1352
1354
1357
1359
1366
1369
1371
1372
1373
1374
1375
1376
1378
1381
1385
1390
1397
1403
1405
1407
1408
1409
1412
1414
1415
1424
1430
1433
1434
1435
1437
1438
1443
1444
1446
1448
1452
1458
1459
1463
1466
1467
1468
1469
1470
1471
1474
1476
1478
1480
1483
1484
1485
1490
1492
1494
1495
1497
1498
1499
1500
1501
1508
1514
1516
1524
1527
1530
1533
1534
1535
1539
1540
1545
1547
1551
1552
1560
1561
1562
1565
1567
1568
1570
1571
1575
1576
1577
1578
1579
1583
1585
1586
1589
1590
1591
1593
1594
1603
1607
1612
1614
1615
1617
1621
1624
1629
1631
1641
1642
1645
1651
1656
1658
1660
1661
1663
1664
1672
1677
1683
1685
1687
1688
1690
1692
1693
1694
1701
1703
1704
1707
1708
1714
1715
1716
1719
1720
1722
1724
1735
1737
1740
1741
1744
1751
1755
1757
1761
1762
1764
1768
1774
1779
1780
1781
1782
1788
1790
1791
1792
1794
1795
1799
1803
1805
1806
1807
1808
1809
1810
1812
1816
1819
1820
1822
1824
1825
1828
1833
1834
1835
1837
1839
1840
155
9
27
102
68
98
126
46
39
119
87
83
44
26
77
5
134
43
138
97
56
107
99
66
114
18
149
104
73
47
55
65
40
42
136
159
95
36
20
2
76
151
130
120
155
148
48
88
53
154
59
61
25
82
129
145
116
105
72
147
125
10
133
52
156
137
108
0
90
24
103
17
135
113
51
139
34
45
118
111
109
74
22
6
3
28
122
31
112
15
160
14
141
67
117
49
93
153
84
11
158
16
106
63
163
157
124
12
54
79
30
142
94
92
164
69
1
33
78
127
131
71
13
32
162
150
62
152
161
57
100
50
96
110
143
115
123
89
21
101
64
146
121
60
29
41
7
132
128
23
80
19
38
37
144
85
