78
29
36
103
131
147
156
196
198
210
227
285
307
316
317
325
361
388
390
393
400
407
416
427
430
435
442
467
499
567
667
714
731
791
862
866
884
899
933
939
941
942
963
991
995
1029
1068
1087
1100
1133
1164
1196
1212
1215
1216
1218
1246
1307
1337
1338
1343
1358
1387
1393
1398
1408
1422
1426
1477
1480
1498
1534
1572
1707
1738
1741
1742
1765
1819
124
32
157
84
97
1
110
50
112
82
150
149
111
86
44
9
148
53
140
78
55
92
57
153
128
75
141
137
80
158
121
51
79
20
129
155
29
103
67
105
65
98
14
151
94
10
90
159
24
17
64
122
83
56
118
163
132
59
18
164
152
21
3
22
34
123
147
146
66
100
4
87
73
46
74
42
88
162
104
63
135
61
7
68
91
49
30
120
109
8
69
70
48
96
11
13
119
117
52
95
35
134
76
160
54
27
39
133
156
77
108
81
2
36
28
154
93
138
99
144
25
89
5
23
41
