245
14
22
31
46
52
53
56
59
109
118
145
153
170
188
193
196
206
219
223
273
274
284
293
304
346
349
353
394
396
406
421
427
428
455
460
475
477
483
493
498
503
506
517
526
537
539
542
557
564
570
592
600
606
641
650
655
666
690
724
742
746
755
757
775
784
787
798
810
815
818
820
838
841
846
860
880
883
885
898
899
904
912
918
955
961
966
969
970
1007
1009
1017
1019
1021
1034
1036
1040
1041
1057
1068
1090
1091
1096
1098
1140
1176
1193
1194
1207
1213
1229
1234
1239
1243
1260
1280
1281
1282
1284
1303
1317
1329
1343
1352
1357
1361
1371
1393
1397
1404
1408
1424
1427
1432
1441
1442
1445
1467
1483
1503
1512
1525
1536
1553
1579
1603
1609
1614
1619
1639
1655
1684
1690
1701
1706
1721
1729
1740
1743
1744
1749
1763
1776
1791
1797
1809
1810
1826
1844
1850
1864
1868
1912
1914
1915
1918
1935
1960
1973
1998
2004
2016
2017
2021
2031
2034
2045
2053
2057
2098
2102
2107
2108
2109
2110
2120
2122
2125
2126
2134
2137
2145
2171
2187
2188
2206
2218
2225
2226
2242
2259
2267
2268
2269
2271
2286
2291
2295
2303
2309
2352
2357
2358
2371
2395
2409
2417
2421
2428
2441
2446
2449
2461
2465
2483
2490
2495
2514
2535
2552
2560
2564
2580
2592
2600
2607
156
127
89
3
72
44
96
31
105
10
41
143
69
70
26
133
1
73
32
20
28
90
116
68
76
131
147
83
115
132
111
0
118
155
114
30
58
156
57
95
61
81
6
43
56
119
86
101
91
137
21
126
80
134
146
16
79
17
64
34
135
23
75
40
102
124
45
53
141
106
8
136
130
37
13
7
47
87
60
152
14
59
128
129
78
2
108
159
85
55
42
52
5
150
9
88
120
140
148
18
82
110
160
142
49
158
144
29
100
139
25
74
99
109
54
103
22
48
125
19
98
121
123
24
151
157
39
36
94
50
84
112
122
71
12
46
65
92
138
145
107
67
149
62
38
113
153
27
104
35
15
93
4
33
11
117
51
