686
2
3
5
8
9
11
13
14
17
18
19
20
21
22
23
24
26
28
29
30
31
32
33
34
36
37
38
39
40
41
42
43
44
45
47
50
52
55
57
58
59
61
62
63
69
72
73
74
77
78
80
83
84
85
88
91
93
94
96
101
102
103
104
105
106
107
110
112
113
114
117
118
119
120
121
122
125
126
128
129
130
131
132
133
136
138
139
140
142
143
144
146
147
148
149
150
151
152
153
154
155
156
157
160
161
162
164
165
166
167
168
169
170
172
173
175
177
178
179
180
181
182
183
185
188
189
190
191
192
193
195
196
197
201
202
203
204
205
208
209
211
212
214
216
217
219
222
223
224
226
227
231
232
233
235
236
237
238
239
244
246
247
248
249
250
252
253
254
255
256
257
258
260
261
262
263
266
267
268
269
272
273
277
278
279
281
282
285
286
287
288
291
292
293
296
299
301
302
304
305
306
307
310
311
314
317
319
320
321
323
325
327
331
332
333
335
336
339
340
341
342
343
344
346
347
350
351
353
354
356
358
359
360
362
364
369
371
372
376
379
381
382
383
384
386
388
389
393
395
398
399
400
402
403
405
407
408
409
413
414
415
416
417
419
420
421
422
423
424
425
427
429
430
431
432
433
434
435
436
437
438
439
441
442
443
445
447
448
449
452
455
456
457
461
463
464
466
467
468
469
471
472
473
475
477
478
479
482
483
484
486
488
491
494
495
496
497
499
500
501
502
506
507
508
509
510
511
513
514
515
517
519
520
521
522
524
525
528
530
533
535
536
538
539
540
541
542
544
546
547
548
551
552
554
555
557
558
559
561
562
563
564
566
567
568
569
571
572
574
575
577
578
579
582
583
587
589
590
591
592
594
595
596
597
599
602
603
607
608
609
610
611
612
614
615
616
617
618
619
622
624
626
627
629
631
632
633
634
635
638
644
645
648
649
651
652
654
657
658
659
661
662
664
665
668
672
674
675
679
680
683
684
688
689
690
693
694
698
699
700
701
703
704
706
707
708
709
710
711
712
713
714
717
718
719
722
723
726
727
729
730
731
732
733
736
737
741
742
743
744
747
748
749
751
753
754
755
757
760
761
762
764
765
767
768
770
771
774
775
776
778
784
785
786
787
788
790
791
792
793
794
795
799
800
801
802
808
809
810
812
814
818
819
820
821
822
824
825
826
831
833
835
836
837
839
840
841
844
845
849
851
852
853
855
856
859
860
862
863
865
867
868
870
874
875
877
878
879
880
881
882
883
884
885
887
890
891
893
897
898
899
902
904
905
907
908
909
911
912
914
920
921
922
923
924
925
926
927
928
929
930
932
935
938
939
940
941
942
943
945
947
948
949
950
951
952
953
956
958
959
960
961
966
968
969
971
974
975
976
977
978
984
989
990
993
995
999
1000
1001
1004
1005
1006
1008
1009
1011
1012
1014
1015
1018
1019
1020
1022
1025
1026
1028
1031
1032
1034
1035
1036
1039
1040
1041
1043
1045
1046
1047
1048
1051
1052
1053
1056
1057
1060
1061
1062
1066
1069
1071
1072
1074
1075
1076
1078
1079
1080
1082
1083
1084
1085
1089
1090
1091
1092
1093
1094
1095
1096
1097
1099
1100
1101
1102
1103
1105
1106
83
84
67
16
28
24
68
30
27
78
37
40
2
64
36
86
4
65
52
54
53
42
44
17
22
11
31
80
51
47
3
87
29
79
43
14
10
70
18
66
77
60
19
75
9
25
82
81
13
33
46
63
83
45
85
61
23
1
35
34
7
74
56
0
57
48
62
50
15
20
8
6
69
76
58
49
59
73
41
71
32
72
5
38
