112
68
99
108
145
195
208
230
273
277
299
324
338
358
370
372
385
408
413
425
435
484
485
487
494
514
517
533
559
584
589
598
607
649
652
660
691
694
751
757
759
801
822
825
857
885
907
919
946
949
977
1024
1055
1058
1088
1106
1133
1149
1170
1187
1196
1197
1201
1222
1243
1250
1263
1264
1278
1289
1295
1317
1373
1394
1433
1444
1454
1463
1490
1520
1593
1594
1598
1656
1661
1777
1786
1796
1837
1843
1848
1850
1853
1867
1932
1937
1998
2009
2058
2076
2087
2089
2099
2146
2187
2217
2221
2299
2314
2317
2342
2347
2403
163
101
114
71
88
100
94
133
57
67
147
61
55
79
43
1
6
138
59
8
95
109
40
86
76
37
91
144
9
21
0
16
104
14
143
78
85
39
132
15
44
2
66
162
106
26
130
28
54
115
156
90
49
7
56
82
29
22
140
139
116
27
4
89
124
70
161
110
137
31
131
63
129
152
111
105
50
127
145
30
123
38
108
68
102
46
60
134
52
113
160
99
142
77
73
33
120
118
36
34
126
83
136
117
11
146
23
5
159
18
65
150
62
151
20
155
35
157
87
81
92
154
13
93
96
47
112
84
45
3
24
80
64
148
107
12
32
10
72
119
153
53
97
135
158
19
58
74
25
41
42
51
75
103
69
122
125
17
128
141
149
98
48
121
