149
28
69
71
76
86
89
94
97
112
115
120
132
135
137
140
142
143
144
168
176
180
185
188
192
193
197
201
216
223
226
233
239
240
247
252
255
263
293
296
298
312
320
323
325
338
341
342
345
348
352
365
372
377
386
388
390
392
414
418
427
431
446
454
457
458
476
485
494
506
507
515
520
540
550
552
564
574
596
599
601
607
609
613
644
645
652
656
659
662
675
681
682
685
686
691
706
711
730
744
746
757
778
780
781
786
794
816
827
831
834
843
845
847
856
870
879
885
896
904
910
920
931
941
942
955
960
963
977
985
987
989
998
1001
1024
1044
1045
1048
1049
1051
1054
1056
1066
1070
1088
1091
1094
1098
1100
1102
75
27
72
74
36
15
28
33
17
40
64
5
83
65
76
55
7
10
82
44
16
14
86
56
37
35
45
12
87
3
34
42
6
51
41
19
79
43
20
58
21
85
31
4
2
61
50
75
11
1
57
77
62
24
84
18
32
70
59
49
48
9
8
26
60
78
73
29
69
71
13
68
66
53
38
54
