118
55
104
128
131
157
182
185
199
204
208
229
258
262
278
294
332
382
391
436
460
486
492
498
521
528
551
605
619
625
638
667
672
700
752
757
791
849
858
860
907
920
928
973
1008
1015
1038
1051
1064
1070
1090
1120
1129
1208
1214
1228
1265
1271
1273
1286
1297
1317
1353
1476
1508
1528
1547
1552
1563
1576
1578
1586
1614
1618
1620
1670
1702
1715
1720
1769
1772
1798
1800
1807
1823
1843
1857
1884
1926
1941
1967
1971
1999
2007
2041
2083
2110
2150
2159
2171
2181
2206
2216
2236
2242
2244
2247
2259
2268
2291
2303
2328
2333
2347
2356
2363
2388
2396
2405
161
69
25
152
32
125
97
145
46
144
40
151
104
35
109
12
24
29
57
157
113
1
110
106
19
112
139
61
88
136
142
68
3
150
34
48
7
148
91
39
93
36
50
49
22
130
5
18
114
74
53
153
149
160
47
26
51
82
159
133
105
111
137
72
42
147
154
116
6
17
14
115
54
56
92
143
73
58
66
87
21
89
8
37
119
161
81
70
16
118
94
103
33
11
75
13
102
80
132
63
117
122
62
76
9
30
146
100
128
99
28
120
27
127
121
55
101
20
41
65
71
44
96
156
123
23
84
38
155
4
2
43
85
0
131
83
64
107
98
86
52
59
162
138
60
45
124
140
134
67
141
15
10
95
77
135
126
108
129
31
158
78
