131
2
61
84
93
163
197
210
216
223
233
254
264
268
285
312
317
326
363
393
395
461
465
467
507
510
520
527
574
584
608
648
675
706
772
774
780
785
855
871
882
902
918
940
962
987
1009
1042
1096
1099
1105
1106
1109
1135
1186
1206
1208
1251
1258
1285
1334
1351
1355
1370
1372
1379
1421
1442
1451
1455
1460
1467
1500
1527
1531
1569
1573
1583
1587
1589
1604
1605
1607
1626
1665
1688
1725
1732
1745
1747
1776
1790
1791
1803
1836
1860
1870
1889
1902
1921
1943
1970
1983
1987
2009
2019
2085
2105
2127
2128
2133
2149
2153
2183
2191
2215
2252
2263
2265
2299
2300
2315
2317
2322
2323
2327
2364
2373
2404
2421
2432
2439
163
103
107
58
110
83
43
37
48
105
149
147
4
27
96
2
106
136
46
71
92
36
78
8
95
91
79
128
124
44
34
10
112
55
1
161
150
33
133
22
85
90
113
121
138
160
148
117
40
21
60
114
17
135
115
109
50
76
19
125
93
73
134
56
29
87
140
18
137
129
15
0
141
120
68
31
53
26
102
63
99
20
54
62
14
139
143
41
159
127
101
88
75
6
156
16
132
145
80
157
108
94
52
35
142
100
13
66
51
119
123
7
32
82
69
152
77
158
154
28
74
23
9
84
12
24
155
42
131
39
47
72
104
86
61
144
89
49
122
67
81
118
97
146
5
59
65
45
25
98
57
162
11
126
151
64
30
130
153
116
70
38
111
3
