686
9
10
12
13
14
16
18
19
22
23
24
25
27
28
30
31
32
33
35
36
37
39
40
41
43
44
45
46
48
49
51
52
53
55
58
59
64
67
70
71
72
74
75
77
78
79
81
83
84
86
90
92
93
95
99
101
102
104
106
109
110
111
113
114
116
117
118
120
123
126
128
129
130
131
132
133
135
137
138
139
140
142
144
146
147
148
149
150
151
153
155
156
157
158
160
161
164
165
166
168
169
171
173
174
176
177
178
179
183
184
186
187
189
190
191
192
195
196
199
201
202
207
208
210
212
214
216
217
218
222
224
225
226
228
230
234
235
236
237
238
242
243
249
251
252
253
254
255
256
257
258
261
263
265
268
270
272
274
276
277
278
279
282
283
284
285
286
287
288
289
294
296
297
298
300
301
304
306
308
309
310
314
315
316
320
321
322
326
329
330
332
333
334
335
337
338
341
342
345
347
348
350
351
354
355
358
361
362
363
364
365
366
369
373
374
375
376
377
378
380
381
382
383
386
388
389
393
394
396
397
398
399
400
403
405
408
410
411
412
413
415
420
421
422
423
424
425
429
431
432
433
434
435
436
437
438
439
440
441
442
444
445
448
450
451
452
453
454
455
457
458
459
460
461
464
465
466
467
468
469
471
474
477
479
481
482
484
485
486
488
489
491
494
496
498
499
501
504
506
507
508
511
513
514
517
518
519
520
522
524
525
526
528
530
534
535
536
538
540
541
543
545
549
551
552
554
555
556
557
558
560
561
564
565
566
567
568
569
570
572
575
581
582
584
585
586
588
589
590
591
592
593
594
595
596
597
600
601
603
604
605
607
608
610
611
613
614
615
619
622
623
624
625
626
628
629
630
631
632
633
634
635
637
638
639
640
642
643
644
645
648
649
650
651
652
655
659
660
661
662
663
664
665
669
670
671
674
675
676
677
678
679
680
682
686
687
688
689
690
691
692
693
694
695
696
697
698
700
701
702
704
706
709
710
712
713
714
715
716
717
719
720
724
729
732
735
736
737
738
740
741
742
745
747
750
751
752
754
756
757
758
759
760
761
762
763
764
765
766
768
769
770
771
773
775
776
777
778
779
780
782
785
789
791
793
794
795
797
798
799
800
802
803
804
807
808
809
810
811
812
813
816
818
819
820
821
822
824
825
826
827
828
831
832
833
834
835
836
838
840
841
843
845
846
847
848
850
853
854
858
859
861
862
863
867
868
869
870
871
873
874
875
876
877
878
879
880
882
883
884
885
887
889
890
891
892
893
894
895
896
897
898
901
902
907
908
909
910
911
912
915
916
922
925
928
931
932
933
934
935
938
940
943
946
947
949
950
951
952
953
955
956
958
961
962
963
964
965
969
970
973
976
978
979
980
981
982
985
987
988
990
991
992
994
998
999
1001
1002
1003
1004
1007
1008
1010
1012
1013
1014
1015
1016
1017
1019
1021
1023
1024
1026
1029
1030
1031
1032
1033
1034
1035
1038
1040
1041
1042
1043
1044
1046
1048
1049
1050
1052
1053
1055
1058
1060
1061
1062
1063
1065
1067
1068
1070
1071
1072
1073
1075
1079
1083
1085
1087
1088
1090
1091
1092
1093
1094
1096
1097
1098
1100
1102
1103
1104
1105
1107
84
47
82
51
86
39
27
28
21
87
30
13
44
4
3
66
53
10
15
1
18
36
74
43
26
33
84
45
65
73
70
23
22
76
50
60
32
29
40
16
17
24
11
31
61
46
69
34
37
14
6
72
81
20
58
64
56
38
48
9
85
80
49
5
52
62
55
7
8
41
68
59
42
71
63
83
54
77
2
35
67
0
78
19
75
