149
12
15
18
36
37
39
43
44
47
48
57
58
96
97
98
103
112
120
122
123
153
156
160
190
194
197
210
225
227
228
262
295
299
308
310
312
329
332
334
341
360
365
374
380
384
413
414
425
430
431
439
441
443
445
446
448
454
457
478
483
488
491
494
496
501
518
520
524
529
534
535
539
543
563
566
599
602
631
633
638
640
648
654
664
681
682
684
696
697
701
703
708
723
724
726
738
741
744
748
749
751
757
776
778
784
799
816
817
828
831
841
846
854
873
879
880
881
896
899
902
907
937
949
951
955
956
963
964
970
973
974
976
978
984
1005
1007
1012
1029
1030
1031
1036
1039
1044
1047
1058
1069
1081
1085
1088
76
45
34
54
78
6
63
16
31
2
49
8
22
87
60
64
10
1
61
75
23
18
58
85
30
5
71
76
28
14
33
25
19
47
83
15
48
62
66
43
29
80
52
42
20
73
69
0
32
82
24
11
37
17
70
13
27
51
35
74
7
21
77
3
38
39
53
46
9
68
65
40
4
67
84
50
56
