149
48
54
67
73
85
100
101
121
122
127
139
146
150
155
170
181
186
196
203
206
210
217
221
227
230
231
233
237
240
252
263
275
277
278
279
283
307
309
311
312
313
323
324
327
330
361
368
369
397
401
413
415
418
437
444
446
449
455
459
463
467
471
473
481
482
492
499
501
506
507
514
521
523
536
538
542
543
548
564
575
580
586
587
595
626
629
648
650
652
656
659
666
672
689
705
714
718
719
728
729
737
740
770
776
781
782
785
788
797
802
816
832
836
838
839
849
850
863
868
870
886
887
897
907
913
921
922
937
957
961
964
967
968
976
985
992
999
1009
1018
1024
1034
1037
1041
1044
1056
1076
1085
1089
1104
75
51
64
67
41
37
39
79
23
74
22
75
31
82
10
60
15
42
80
53
49
87
33
83
34
61
86
40
16
47
72
19
21
13
1
2
3
35
7
38
20
29
62
12
84
78
59
4
46
73
55
54
30
14
71
63
48
56
58
70
36
52
50
69
85
66
43
8
0
18
76
77
5
57
28
17
