125
9
22
26
32
71
72
76
93
102
113
125
138
153
169
172
178
231
235
248
306
322
343
350
378
404
416
418
428
461
494
500
522
532
541
556
605
606
619
628
642
657
703
718
735
784
791
801
830
839
866
871
877
889
892
894
977
988
1028
1040
1077
1117
1141
1158
1161
1180
1191
1207
1226
1257
1269
1289
1339
1357
1377
1403
1453
1479
1545
1551
1593
1596
1606
1636
1643
1653
1679
1687
1693
1698
1704
1712
1717
1741
1772
1835
1846
1863
1885
1942
1967
1982
2017
2020
2055
2057
2065
2091
2111
2122
2159
2174
2228
2282
2289
2291
2292
2314
2315
2322
2325
2347
2354
2397
2418
2439
161
46
24
67
56
32
138
150
3
137
89
105
112
10
30
149
70
118
140
101
139
59
144
74
15
152
94
13
4
20
115
28
92
109
18
76
73
12
122
85
72
62
80
8
51
49
23
136
29
26
148
54
66
21
52
86
91
154
11
45
133
60
6
38
47
108
88
71
123
50
14
75
124
42
87
125
153
111
142
84
83
63
119
130
110
97
2
19
0
34
117
132
129
160
141
31
40
114
64
155
79
151
17
48
120
37
134
25
1
78
162
102
90
44
43
53
95
157
100
103
57
158
116
127
93
39
143
99
146
35
55
126
77
22
58
82
107
33
41
81
121
159
61
145
104
135
147
9
161
5
27
96
106
156
113
7
16
36
131
69
65
98
