117
55
103
120
133
158
162
200
211
214
216
250
256
258
264
278
286
287
307
370
387
435
455
460
484
486
516
534
555
574
602
607
612
637
644
652
671
682
687
698
710
717
764
768
780
806
831
888
908
935
955
985
1046
1047
1117
1120
1129
1154
1159
1203
1222
1287
1296
1304
1330
1369
1378
1386
1404
1422
1440
1447
1455
1474
1477
1484
1495
1523
1535
1546
1548
1565
1576
1602
1696
1698
1723
1733
1736
1760
1776
1804
1859
1889
1895
1903
1924
1970
2002
2041
2062
2081
2102
2113
2135
2161
2163
2199
2244
2285
2287
2295
2354
2376
2379
2388
2397
2398
160
149
82
72
70
47
111
97
131
3
34
84
85
81
49
141
86
142
7
90
108
157
10
68
152
123
65
87
41
118
4
145
93
58
129
45
159
71
154
9
60
88
28
13
16
23
67
27
8
153
75
20
96
139
99
79
14
63
148
11
78
101
48
59
94
102
1
40
31
50
52
151
130
106
136
38
64
5
25
144
77
51
150
121
69
22
35
91
89
138
161
124
33
6
155
112
126
15
135
146
61
57
12
110
19
2
55
95
109
120
147
116
162
74
140
39
37
125
26
46
158
128
53
115
117
114
103
0
133
107
42
156
62
134
132
18
29
21
119
44
100
127
76
143
36
66
24
32
122
105
83
73
56
113
137
92
160
43
30
98
80
