249
14
27
43
54
70
100
102
108
123
140
150
154
157
160
163
189
213
227
245
250
255
289
297
305
307
311
336
337
346
355
366
368
373
413
419
424
436
437
442
447
449
458
459
461
463
464
474
493
498
513
536
546
558
561
562
574
576
577
586
594
595
599
607
610
613
620
623
638
644
651
686
711
733
745
751
764
801
804
805
806
817
831
882
885
894
935
940
961
978
980
982
993
1009
1010
1032
1034
1063
1065
1066
1077
1078
1096
1098
1101
1145
1159
1166
1174
1175
1176
1179
1185
1195
1199
1228
1237
1240
1259
1268
1272
1281
1286
1303
1309
1318
1320
1323
1324
1328
1346
1348
1353
1358
1375
1382
1384
1388
1390
1395
1400
1402
1409
1446
1455
1456
1460
1462
1465
1484
1492
1499
1520
1528
1530
1531
1534
1535
1558
1563
1581
1586
1616
1619
1622
1627
1632
1639
1650
1667
1673
1681
1687
1694
1695
1723
1733
1769
1790
1805
1828
1842
1852
1857
1864
1873
1923
1931
1935
1946
1947
1966
1980
2021
2036
2041
2059
2064
2069
2085
2095
2112
2171
2175
2185
2202
2237
2240
2255
2258
2269
2281
2289
2293
2298
2302
2305
2307
2311
2321
2337
2344
2362
2368
2370
2381
2401
2426
2440
2448
2453
2457
2459
2460
2467
2487
2496
2501
2506
2519
2521
2532
2537
2544
2557
2572
2580
2601
2611
2623
158
86
1
19
70
35
43
77
100
22
0
21
152
107
44
99
69
20
9
6
138
83
126
2
63
109
40
88
103
74
18
8
31
38
132
51
111
120
67
147
92
59
12
106
46
129
61
113
62
68
16
134
23
37
29
49
11
130
76
7
160
125
136
28
64
118
105
78
56
55
155
87
154
102
25
128
24
65
15
149
72
14
84
140
32
66
93
42
158
142
121
10
34
104
123
58
36
101
133
156
5
71
146
94
137
57
54
75
39
145
90
135
157
73
91
85
81
119
79
80
96
3
110
122
4
17
141
47
41
148
27
127
143
50
60
108
116
52
151
89
26
115
98
53
131
33
97
144
124
114
150
159
112
30
117
95
45
48
153
