686
3
4
8
11
15
20
21
22
23
24
25
27
29
30
31
32
33
34
39
40
41
42
43
44
45
46
47
48
49
50
54
56
57
58
60
62
63
64
66
67
69
72
73
75
76
77
78
79
80
81
83
86
88
89
90
92
93
95
96
97
99
100
102
104
105
106
108
111
112
115
120
121
124
125
126
128
132
134
137
139
142
143
144
146
147
148
149
152
153
154
157
158
160
161
163
168
171
172
173
175
176
177
179
180
183
184
187
188
189
190
191
194
195
197
198
201
202
204
205
207
208
209
211
212
213
214
216
217
219
220
221
222
223
226
229
230
231
233
235
236
237
238
239
241
245
246
248
249
254
257
258
259
260
261
262
264
265
266
269
270
275
277
280
281
282
283
284
287
289
290
295
300
301
303
304
314
315
316
318
319
321
322
323
324
326
327
328
329
330
331
333
334
335
336
339
341
342
343
344
345
346
347
348
350
351
352
353
354
357
358
359
360
365
366
367
368
369
370
372
375
376
377
379
380
381
383
384
385
386
390
391
393
394
395
396
397
398
399
400
401
402
403
405
407
410
413
416
417
418
419
420
421
422
425
426
427
428
430
431
437
440
441
443
446
447
448
449
452
455
457
458
459
460
462
463
465
467
468
470
471
473
474
477
478
480
481
483
484
485
486
487
488
492
496
499
500
503
504
505
506
508
510
513
515
517
518
520
521
522
524
526
527
528
529
530
531
532
534
536
538
542
544
546
548
549
550
551
553
556
559
560
561
563
565
566
568
569
570
571
572
573
578
581
582
585
587
588
589
592
594
595
598
601
603
605
606
607
609
610
611
613
615
619
620
621
622
623
624
625
626
627
628
630
631
632
634
635
637
638
639
640
641
643
645
646
647
649
652
654
655
656
657
658
660
663
664
665
666
667
668
672
673
674
676
677
679
680
681
682
684
685
686
688
689
690
691
692
694
696
697
698
699
700
701
703
704
708
710
715
716
718
720
721
723
724
725
726
727
728
731
732
735
736
737
739
740
741
742
743
744
746
747
749
751
752
753
754
756
757
758
759
761
764
765
767
768
770
771
772
773
775
778
782
783
784
785
790
791
792
795
797
799
800
801
802
803
804
806
807
809
810
811
812
814
815
817
818
821
822
823
824
827
829
830
832
834
835
837
838
841
842
843
844
845
851
852
853
854
856
857
858
859
860
861
863
866
867
868
869
872
874
876
877
878
879
881
882
883
884
886
888
891
892
895
896
898
899
900
901
904
906
908
909
910
911
912
914
915
916
917
920
923
925
926
927
929
930
931
932
935
937
938
939
940
941
942
945
946
947
948
949
951
952
954
955
956
957
958
960
963
964
967
968
969
970
972
973
975
978
979
981
984
985
986
987
988
991
993
996
997
998
999
1000
1001
1002
1003
1004
1005
1006
1007
1009
1010
1013
1014
1016
1017
1018
1019
1021
1022
1023
1024
1025
1028
1031
1032
1033
1034
1035
1038
1039
1042
1048
1049
1050
1051
1053
1055
1056
1057
1058
1060
1061
1062
1064
1066
1067
1068
1069
1070
1071
1073
1074
1075
1076
1077
1079
1080
1082
1085
1086
1087
1088
1089
1091
1092
1093
1095
1096
1097
1099
1101
1102
1105
1106
1107
83
82
73
22
20
24
13
76
55
44
77
59
67
16
48
87
41
14
11
54
21
38
26
69
8
18
34
47
25
1
15
27
7
32
68
40
12
70
43
85
37
56
36
4
80
9
10
49
5
61
50
81
31
84
64
53
28
23
62
35
71
3
45
78
63
30
66
39
19
51
74
79
42
72
83
52
29
6
65
60
2
57
58
46
