263
27
32
36
43
106
110
114
125
127
129
149
171
174
181
200
203
226
231
232
244
247
255
256
266
284
288
293
297
302
316
317
332
337
363
369
384
407
410
416
430
433
446
466
467
474
489
504
520
529
538
540
541
542
581
592
606
623
631
646
666
670
697
707
726
729
740
748
760
764
770
791
836
840
847
851
860
880
886
890
909
913
916
936
947
956
960
964
979
984
988
993
1008
1010
1023
1030
1046
1051
1067
1074
1086
1094
1097
1122
1127
1139
1153
1156
1163
1166
1168
1174
1188
1190
1205
1220
1237
1241
1255
1284
1292
1293
1297
1303
1304
1305
1306
1307
1320
1338
1341
1345
1385
1386
1393
1413
1421
1428
1438
1446
1458
1466
1482
1489
1499
1500
1506
1510
1513
1514
1526
1531
1533
1545
1547
1559
1581
1589
1592
1600
1609
1618
1628
1629
1632
1637
1638
1645
1649
1650
1659
1673
1674
1680
1681
1689
1690
1691
1699
1730
1731
1733
1761
1774
1792
1800
1808
1822
1826
1863
1878
1884
1892
1903
1904
1916
1924
1932
1937
1951
1961
1964
1978
2003
2004
2007
2028
2035
2046
2051
2058
2059
2063
2069
2078
2084
2089
2099
2107
2124
2132
2152
2160
2192
2202
2215
2216
2219
2231
2235
2239
2249
2269
2276
2280
2289
2293
2346
2347
2351
2358
2359
2363
2368
2370
2401
2407
2410
2412
2419
2465
2474
2477
2492
2532
2542
2550
2553
2556
2567
2575
2599
2613
2618
155
129
48
27
67
26
68
88
150
17
111
38
37
113
157
47
41
39
84
134
75
149
32
80
153
110
125
44
34
22
97
112
106
136
62
119
99
50
59
11
71
98
148
1
145
131
21
158
61
126
86
79
87
81
49
54
16
128
102
77
9
154
24
132
114
5
56
138
107
55
69
151
96
42
3
146
142
156
117
43
109
105
64
89
124
121
7
45
63
95
33
152
52
155
12
103
140
36
92
78
108
83
19
116
14
91
23
123
8
139
51
141
118
143
65
53
18
0
120
73
72
20
130
46
147
85
122
101
57
15
144
6
2
133
100
115
82
76
135
74
13
58
10
31
40
159
90
28
94
137
70
29
4
104
93
127
