110
9
71
85
93
109
150
207
227
234
248
261
275
315
325
343
358
393
397
467
479
508
542
558
560
583
618
622
627
651
681
688
691
705
706
715
785
797
817
835
846
848
866
955
960
969
975
1043
1049
1050
1104
1106
1116
1156
1176
1191
1219
1229
1245
1265
1292
1304
1305
1382
1399
1409
1445
1446
1455
1462
1497
1616
1626
1648
1686
1690
1698
1704
1707
1722
1726
1792
1827
1837
1848
1851
1892
1909
1931
1944
1982
2011
2012
2037
2061
2072
2083
2114
2140
2163
2172
2241
2247
2324
2356
2371
2396
2417
2419
2426
2437
158
12
114
8
115
122
86
108
45
10
97
133
80
23
22
19
75
50
145
101
59
37
73
18
131
66
149
82
4
130
20
39
1
13
92
127
136
93
103
62
71
54
67
44
35
155
158
125
141
65
129
87
52
64
119
147
148
51
27
120
162
107
128
106
16
111
3
32
63
110
41
151
70
30
43
29
84
137
79
69
135
5
81
109
49
72
42
94
124
61
140
105
58
102
14
57
7
95
154
6
11
142
21
74
146
28
17
100
98
143
15
144
88
85
89
38
113
150
96
46
47
0
153
159
99
25
160
2
118
83
126
26
134
112
33
31
48
77
40
56
132
24
60
76
55
123
116
161
156
121
9
91
152
34
157
53
36
104
138
