76
52
69
94
109
136
145
188
193
195
207
241
249
264
273
344
359
392
487
491
519
547
557
572
636
647
688
750
763
800
828
848
872
931
948
950
998
1047
1095
1180
1217
1265
1290
1307
1309
1313
1343
1363
1365
1372
1373
1432
1495
1506
1521
1538
1542
1555
1572
1576
1593
1609
1621
1643
1657
1677
1693
1712
1720
1742
1752
1753
1769
1778
1821
1822
1827
117
105
93
62
106
4
129
3
115
36
17
70
10
31
120
101
20
148
77
139
99
64
160
66
34
91
84
67
102
151
1
141
21
33
86
63
57
87
48
39
22
38
23
51
155
80
37
149
98
125
94
134
56
126
35
130
40
9
58
11
143
53
25
89
123
156
90
150
114
137
97
140
154
127
118
85
138
124
104
117
50
113
75
49
19
116
15
157
76
110
109
111
78
46
158
128
162
163
43
135
153
73
60
29
108
144
82
122
133
8
92
132
30
146
44
27
112
100
