702
9
11
21
27
28
33
34
36
44
45
46
47
51
52
54
57
59
60
61
71
74
80
82
89
94
96
98
100
101
109
115
116
117
121
125
127
130
136
137
138
139
141
143
144
145
149
151
154
155
157
159
160
161
163
165
167
171
175
177
178
181
182
188
189
191
194
196
197
203
205
212
213
214
215
217
218
222
224
225
226
227
229
230
232
236
237
238
240
244
245
251
252
255
257
260
262
263
266
271
272
275
278
283
284
287
288
289
292
295
299
302
303
305
306
310
311
313
314
315
316
321
323
333
334
336
338
342
343
344
345
347
348
352
354
355
356
357
359
361
362
363
371
374
376
382
385
389
391
392
393
396
400
403
404
407
413
415
416
417
420
423
425
426
427
428
432
439
440
441
445
448
451
452
453
456
457
459
460
461
467
478
480
482
485
486
489
490
493
495
496
498
502
504
505
508
513
514
519
520
521
522
523
527
530
533
537
538
539
542
543
551
552
558
559
563
564
570
576
578
579
585
586
587
590
594
595
597
600
602
604
607
617
621
623
626
631
637
639
641
645
647
648
650
653
654
655
657
660
663
665
676
678
680
681
684
686
688
689
690
692
694
700
701
703
705
706
715
717
720
721
722
726
730
733
734
736
740
741
742
743
746
748
749
750
757
769
771
773
777
782
787
789
790
791
792
794
795
796
797
799
803
809
810
812
814
817
821
823
824
828
835
839
840
843
844
845
855
857
861
862
869
870
872
873
876
877
883
886
890
892
901
903
908
909
910
914
916
919
920
923
926
934
935
936
937
939
943
945
952
954
955
960
962
965
968
971
972
974
975
976
979
981
983
984
986
989
992
994
995
996
999
1002
1004
1009
1011
1016
1017
1018
1019
1023
1025
1028
1029
1033
1039
1041
1042
1043
1046
1047
1052
1053
1054
1055
1056
1060
1061
1062
1066
1069
1072
1079
1081
1084
1090
1091
1093
1094
1096
1098
1105
1106
1110
1111
1114
1121
1122
1124
1126
1130
1132
1133
1138
1145
1148
1151
1152
1153
1154
1155
1156
1157
1159
1162
1163
1166
1168
1169
1171
1174
1175
1178
1182
1189
1191
1193
1195
1197
1209
1214
1219
1221
1224
1225
1230
1235
1237
1239
1240
1242
1246
1247
1250
1251
1257
1258
1262
1263
1264
1267
1268
1269
1274
1276
1280
1282
1283
1287
1291
1292
1294
1296
1298
1301
1303
1304
1306
1307
1309
1310
1311
1316
1317
1318
1320
1321
1322
1326
1332
1333
1334
1335
1337
1340
1344
1346
1352
1353
1356
1358
1360
1363
1366
1367
1373
1375
1377
1387
1390
1394
1397
1400
1401
1405
1410
1411
1417
1419
1420
1424
1426
1427
1429
1433
1434
1438
1440
1441
1443
1444
1449
1451
1453
1463
1470
1471
1472
1473
1474
1478
1481
1484
1485
1495
1498
1502
1504
1505
1507
1508
1512
1513
1514
1516
1518
1527
1529
1530
1531
1533
1534
1535
1537
1539
1546
1550
1552
1553
1554
1559
1563
1565
1567
1568
1570
1571
1574
1575
1580
1582
1583
1585
1586
1587
1588
1591
1592
1594
1595
1598
1599
1607
1609
1616
1618
1623
1624
1626
1627
1632
1633
1638
1639
1643
1647
1649
1651
1654
1655
1656
1657
1658
1662
1665
1666
1667
1671
1675
1679
1680
1684
1685
1688
1689
1690
1691
1693
1698
1701
1707
1712
1713
1714
1715
1719
1720
1721
1728
1729
1731
1732
1733
1734
1736
1737
1738
1739
1741
1742
1743
1744
1749
1750
1751
1752
1754
1758
1764
1766
1769
1770
1773
1775
1776
1777
1781
1784
1788
1789
1790
1791
1793
1795
1796
1799
1801
1806
1809
1813
1815
1817
1818
1820
1823
1825
1827
1828
1830
1832
1838
1839
1840
158
111
80
98
160
17
51
28
104
47
153
157
164
76
63
134
15
2
163
45
27
147
128
32
146
130
29
11
30
60
105
46
18
117
35
37
97
74
0
88
79
20
9
4
64
90
7
149
155
82
39
71
49
55
124
154
108
48
42
52
96
132
85
99
1
73
101
102
94
114
118
62
23
141
115
123
150
106
89
148
26
6
100
5
87
138
143
107
112
25
61
159
126
36
162
127
41
158
120
59
156
144
161
50
140
24
8
22
78
10
43
93
19
56
86
34
109
70
54
133
57
66
14
91
95
131
65
125
21
67
119
53
92
69
83
38
12
151
81
44
116
142
40
139
122
58
13
16
129
135
72
103
3
113
75
84
152
121
77
