228
15
22
26
34
41
53
71
79
85
113
123
125
157
161
163
166
167
168
188
190
199
214
216
223
235
247
248
252
270
271
283
295
332
333
340
345
366
381
388
396
417
431
434
435
440
452
455
481
499
503
510
511
524
547
550
589
590
594
596
603
641
657
711
713
733
769
782
784
791
796
812
822
847
848
858
863
869
870
898
899
903
916
917
928
948
952
971
972
984
986
1003
1006
1011
1024
1033
1041
1078
1094
1105
1108
1111
1155
1195
1222
1231
1232
1246
1254
1263
1270
1276
1286
1290
1294
1302
1305
1331
1355
1356
1362
1379
1397
1414
1437
1446
1447
1454
1462
1464
1480
1482
1512
1538
1540
1544
1553
1554
1555
1583
1590
1604
1613
1632
1634
1638
1641
1643
1657
1678
1680
1688
1696
1727
1734
1768
1793
1812
1822
1837
1857
1869
1885
1894
1921
1938
1945
1946
1962
1965
1974
1981
1986
1988
1999
2003
2004
2007
2044
2045
2050
2080
2114
2121
2130
2146
2164
2178
2180
2189
2200
2208
2232
2234
2244
2265
2272
2274
2282
2286
2316
2318
2349
2392
2400
2407
2436
2440
2443
2465
2466
2479
2485
2496
2497
2509
2517
2524
2548
2556
2566
2572
2578
2584
2586
2590
2592
2601
2610
161
107
26
4
146
91
147
97
37
29
11
8
74
75
15
25
46
133
116
52
109
152
158
39
32
14
98
139
19
70
136
65
121
135
93
160
84
40
9
106
13
124
45
60
34
82
130
108
44
63
101
51
153
128
24
148
62
21
22
88
18
87
59
38
119
78
55
137
141
99
33
10
127
35
85
155
140
104
125
77
0
72
64
23
142
1
89
134
12
20
126
81
95
122
83
115
30
17
68
69
117
138
50
149
132
42
103
123
58
53
100
154
61
2
156
31
28
41
150
57
92
110
71
114
94
102
143
157
159
120
43
129
80
145
47
112
56
3
111
96
151
7
5
144
16
67
48
27
90
118
54
6
73
86
66
131
49
36
105
76
113
79
