149
36
38
42
46
49
54
55
62
63
66
82
88
89
97
101
115
121
137
138
148
164
168
172
182
190
194
198
225
246
251
256
260
261
263
278
281
286
288
301
306
312
314
318
325
326
339
341
351
354
356
362
378
391
393
416
442
455
461
482
484
489
490
496
512
516
538
543
549
555
574
598
605
611
618
619
623
631
637
640
645
658
666
671
677
678
692
693
701
703
708
709
726
727
733
737
747
750
755
761
778
784
785
786
790
793
797
810
829
834
841
865
873
887
909
914
917
930
935
940
942
943
947
950
957
962
963
968
969
971
978
981
985
994
1007
1009
1015
1035
1045
1046
1056
1060
1061
1078
1080
1082
1085
1087
1091
1092
76
36
63
58
87
79
75
17
8
26
72
48
57
84
35
38
34
49
41
3
47
19
20
31
33
76
77
28
30
60
11
14
7
54
9
50
5
80
66
45
13
32
64
29
59
15
42
83
1
2
78
37
4
67
53
10
61
69
22
44
74
73
51
71
82
46
23
81
56
55
27
65
39
25
62
43
85
