132
11
31
36
70
79
85
119
121
123
140
146
177
193
196
203
222
233
247
251
275
283
426
446
451
491
498
514
526
542
584
601
622
623
643
651
656
659
666
667
677
687
707
731
761
769
780
786
789
791
870
893
901
931
967
1018
1047
1074
1114
1142
1174
1185
1194
1212
1216
1224
1243
1270
1356
1365
1368
1387
1415
1467
1475
1500
1510
1517
1540
1566
1624
1653
1666
1668
1728
1767
1792
1828
1838
1841
1844
1850
1854
1857
1886
1914
1981
1983
1987
2013
2028
2044
2047
2063
2100
2105
2114
2124
2131
2142
2154
2170
2175
2193
2221
2223
2242
2254
2264
2290
2296
2325
2331
2346
2350
2376
2378
2393
2407
2422
2424
2444
2446
163
158
161
36
78
104
19
105
41
44
31
32
129
110
62
93
115
42
135
0
54
79
83
141
109
74
81
138
154
29
70
21
46
127
153
66
108
133
71
8
64
85
123
119
159
151
49
3
94
95
156
1
117
126
35
142
157
68
39
24
13
143
88
69
90
140
80
107
34
2
23
47
148
27
122
106
96
150
147
20
4
59
145
65
38
40
33
14
120
102
61
82
50
67
134
16
116
7
6
139
99
121
87
97
37
77
136
162
55
114
155
118
9
43
10
98
160
130
144
100
51
26
124
17
30
111
112
149
125
92
11
72
53
52
76
89
131
86
22
15
63
128
137
48
56
57
60
91
73
45
146
12
152
18
113
5
103
58
75
84
28
25
132
101
