686
2
4
5
6
7
8
9
11
12
14
17
19
20
23
24
25
27
29
30
31
32
34
35
36
37
39
40
41
43
45
46
47
48
50
52
53
57
58
59
61
62
63
64
67
68
72
73
74
75
76
78
79
83
85
89
90
91
92
94
96
97
99
102
103
104
105
106
107
108
111
112
115
117
118
119
120
122
124
125
126
127
128
129
130
131
132
133
134
137
138
139
141
142
144
145
146
147
148
149
150
151
152
153
154
157
159
161
162
164
165
167
168
170
172
173
174
175
176
177
178
180
182
186
187
190
191
192
193
196
197
199
200
201
202
203
205
207
209
211
216
217
218
219
223
224
225
226
227
228
229
230
232
233
234
236
237
238
240
241
243
245
246
249
251
252
253
254
255
256
257
259
260
261
262
264
267
269
270
272
274
275
276
277
281
283
285
287
288
289
290
292
293
295
297
298
300
301
302
303
306
307
308
312
314
316
317
322
324
325
326
327
329
331
333
335
339
340
341
343
344
346
349
351
352
354
359
360
361
364
365
368
370
371
372
374
377
378
379
381
383
387
389
390
391
392
393
394
395
396
397
400
402
403
405
406
408
409
416
417
418
419
420
422
425
428
429
433
434
436
437
438
440
441
446
448
449
450
451
452
453
458
459
460
462
465
466
468
470
471
473
476
477
479
480
481
482
483
484
485
488
492
493
495
498
499
500
501
502
503
505
508
511
513
514
515
516
518
519
522
523
525
526
527
528
529
531
534
535
536
537
538
539
540
541
543
544
545
546
547
548
551
552
554
555
557
560
561
562
563
564
567
568
569
570
572
576
577
578
579
580
581
582
584
585
589
590
591
592
593
596
597
598
603
604
605
608
610
611
612
613
614
617
618
619
623
625
626
628
632
636
639
641
642
643
644
646
647
648
650
653
654
655
657
660
662
663
666
667
668
669
670
671
677
679
681
684
686
687
688
691
693
694
695
696
698
699
700
704
707
708
709
710
711
712
714
717
721
722
723
724
725
727
728
730
731
732
733
734
736
737
738
739
740
744
745
746
747
748
750
751
754
755
758
759
762
763
765
767
768
773
774
776
777
778
782
783
784
785
787
788
789
792
793
795
796
799
801
803
804
806
807
808
809
812
814
815
816
818
820
821
822
823
825
826
827
828
829
830
832
833
835
836
837
838
839
843
844
845
847
848
849
850
851
852
853
854
855
856
858
859
862
863
864
865
866
867
870
872
876
878
880
881
882
883
884
885
887
890
891
892
894
895
897
898
899
900
901
902
903
906
907
908
909
910
912
913
914
915
916
917
919
920
921
922
926
927
928
929
930
931
933
934
935
936
937
938
940
942
943
944
945
946
949
950
951
953
955
956
960
961
962
963
968
969
970
972
973
974
976
978
979
980
981
983
984
985
986
990
991
992
993
994
996
998
999
1001
1003
1005
1006
1007
1009
1010
1014
1018
1019
1022
1025
1026
1027
1031
1032
1033
1035
1036
1038
1041
1042
1045
1046
1047
1048
1049
1050
1052
1053
1054
1056
1057
1058
1060
1062
1063
1064
1065
1066
1068
1069
1070
1074
1075
1078
1080
1082
1083
1084
1085
1091
1092
1093
1094
1095
1097
1098
1099
1104
1105
83
8
70
26
61
16
54
19
27
82
37
43
84
80
18
79
45
85
81
48
35
15
69
55
1
71
4
51
62
2
75
44
17
60
6
56
52
39
5
7
86
72
83
10
29
36
76
12
23
64
58
65
11
47
67
87
57
3
25
0
22
68
20
73
59
31
13
42
46
50
63
28
74
24
14
30
40
77
38
78
9
41
49
53
