280
14
108
136
139
153
154
166
174
175
183
193
199
201
203
209
232
256
263
267
269
272
276
295
320
325
343
347
359
372
373
379
387
388
405
411
418
424
429
446
453
471
480
490
500
506
513
520
534
555
567
569
587
595
600
611
612
613
622
639
662
663
668
674
680
685
697
704
707
711
719
727
733
734
768
777
780
781
789
790
798
810
816
819
820
822
827
841
849
854
863
865
868
873
874
886
894
915
917
919
926
933
934
967
977
979
981
989
990
996
1005
1010
1011
1012
1017
1057
1065
1093
1097
1101
1108
1122
1134
1140
1166
1180
1186
1193
1202
1223
1227
1242
1283
1290
1295
1297
1323
1336
1340
1356
1367
1375
1386
1406
1408
1431
1434
1439
1448
1449
1461
1465
1496
1499
1502
1512
1533
1534
1550
1555
1563
1570
1571
1572
1574
1582
1586
1592
1611
1623
1670
1680
1697
1711
1729
1733
1751
1757
1758
1771
1781
1805
1811
1817
1823
1826
1835
1836
1843
1853
1871
1877
1887
1894
1916
1930
1932
1940
1946
1966
1969
1980
1991
1996
2006
2029
2030
2036
2048
2049
2052
2059
2061
2063
2071
2088
2108
2118
2131
2138
2142
2151
2168
2183
2184
2194
2198
2205
2208
2213
2218
2237
2238
2239
2240
2247
2257
2264
2267
2277
2288
2289
2293
2307
2308
2318
2320
2324
2326
2351
2397
2400
2410
2411
2412
2422
2428
2439
2476
2477
2480
2493
2495
2499
2509
2517
2520
2528
2530
2536
2546
2552
2576
2582
2583
2586
2590
2592
2597
2598
2603
160
23
134
157
40
66
65
137
122
110
124
153
102
75
60
57
126
78
84
142
64
48
5
9
148
63
83
17
2
16
3
25
94
117
82
108
81
0
11
59
80
70
37
62
113
53
100
160
146
136
27
42
58
7
112
116
49
106
99
87
130
28
151
19
50
125
155
4
36
44
1
128
85
74
135
144
140
141
154
129
10
88
8
77
54
115
104
31
12
132
156
21
127
92
72
20
33
143
111
18
76
22
138
145
79
149
15
29
107
71
91
118
105
147
6
46
32
90
158
93
35
56
55
39
38
97
67
14
109
150
61
96
98
101
13
24
26
51
114
131
103
41
119
86
73
152
120
47
159
95
43
34
139
123
133
69
45
68
30
121
52
