109
11
35
42
45
56
70
78
84
89
99
102
108
135
160
184
192
210
228
233
253
267
287
309
323
337
338
355
412
449
460
471
480
494
507
511
537
566
586
604
653
660
693
706
709
782
802
828
906
999
1016
1067
1074
1096
1117
1131
1141
1186
1231
1238
1239
1253
1321
1393
1404
1447
1476
1481
1531
1535
1537
1558
1603
1606
1615
1621
1652
1674
1688
1706
1709
1737
1739
1748
1781
1866
1880
1886
1890
1920
1971
1978
2050
2104
2118
2141
2197
2260
2285
2289
2295
2321
2356
2373
2376
2377
2400
2413
2431
2439
163
49
37
162
30
103
44
62
71
28
93
1
133
107
137
70
8
23
144
0
109
38
29
87
80
149
142
119
99
84
111
42
125
123
91
122
9
45
156
112
121
17
82
5
33
34
145
157
77
75
113
135
13
46
116
54
130
41
105
47
58
40
56
108
154
43
89
39
53
85
72
141
126
63
132
158
86
65
95
147
66
155
68
2
140
64
32
50
7
146
12
94
117
74
92
114
120
67
81
124
3
36
22
110
11
10
14
18
143
59
78
101
96
73
98
4
19
159
160
161
27
79
61
69
115
16
134
6
24
97
148
100
139
51
15
55
138
48
152
129
57
106
35
88
20
26
127
25
52
131
60
151
21
90
102
150
136
76
31
104
128
118
83
153
