130
27
104
138
148
184
199
257
285
291
292
332
391
397
399
404
430
460
462
511
518
521
527
532
540
561
589
595
608
627
657
679
733
765
773
778
789
798
833
839
866
900
910
912
933
945
950
965
975
1013
1047
1079
1141
1158
1164
1198
1204
1205
1224
1276
1279
1316
1337
1368
1375
1395
1407
1423
1449
1462
1463
1470
1480
1481
1496
1498
1532
1535
1542
1557
1560
1577
1610
1647
1668
1675
1682
1690
1697
1712
1750
1757
1775
1788
1790
1820
1838
1843
1846
1864
1884
1907
1916
1924
1947
2026
2027
2037
2042
2046
2056
2057
2070
2088
2107
2161
2162
2197
2224
2238
2248
2267
2279
2283
2314
2320
2332
2335
2367
2413
2433
154
3
102
72
65
0
60
41
157
62
133
38
117
149
46
160
31
50
147
98
145
11
36
74
131
104
29
148
84
101
10
5
49
85
110
4
21
129
116
58
162
121
22
135
80
128
15
53
119
132
151
99
42
87
61
139
8
161
108
118
37
28
155
94
35
69
106
17
52
143
153
70
107
32
48
115
124
158
26
122
27
43
16
51
88
96
45
7
44
92
156
93
125
1
126
55
150
76
57
73
97
68
141
59
91
112
78
71
12
138
39
19
23
18
134
33
56
137
90
95
146
130
111
140
79
63
123
120
77
136
83
75
89
105
113
81
13
47
86
40
6
127
14
2
24
20
103
66
30
109
142
159
82
152
34
