676
6
9
10
14
18
20
24
27
31
33
35
37
41
47
48
54
55
56
58
60
61
69
74
77
78
81
82
87
90
91
92
93
95
96
98
105
106
110
115
117
119
120
123
125
128
130
131
132
133
135
136
139
140
144
149
159
161
162
163
166
172
174
175
177
178
180
182
184
185
189
190
193
195
204
205
207
209
210
211
213
217
219
220
222
223
226
231
232
233
234
235
236
237
238
239
242
244
246
247
252
255
257
259
260
264
270
272
275
279
280
282
287
289
292
297
302
303
304
307
308
310
313
315
317
320
321
325
326
327
328
329
330
331
333
336
337
339
340
344
345
347
348
350
352
353
363
365
367
368
371
372
374
380
385
389
392
395
397
405
408
410
420
421
422
423
428
430
431
432
438
439
442
445
448
450
451
457
458
459
461
462
463
467
468
470
471
474
475
478
479
480
481
482
484
487
494
495
496
501
502
504
507
509
510
515
518
519
520
522
528
529
531
532
538
545
546
549
550
553
558
559
560
563
567
568
572
573
585
587
588
591
593
594
600
601
603
605
608
614
617
620
622
623
625
627
628
637
644
645
647
648
653
655
657
659
660
661
665
673
675
678
685
687
696
697
698
701
702
703
704
706
708
711
712
714
715
719
721
722
734
736
737
738
739
740
741
743
745
746
748
749
750
751
753
755
756
759
760
762
764
766
767
769
772
777
782
784
786
791
793
797
798
813
817
820
824
826
828
833
855
859
860
863
864
867
868
870
872
874
875
876
880
885
890
891
894
896
897
899
903
909
912
913
916
918
920
923
924
932
935
936
940
946
948
949
952
955
959
960
963
966
970
971
978
986
991
993
994
998
999
1002
1003
1006
1007
1014
1017
1018
1020
1023
1024
1026
1027
1029
1034
1042
1047
1051
1053
1059
1060
1065
1066
1070
1071
1073
1075
1076
1078
1079
1082
1083
1086
1087
1091
1093
1096
1098
1099
1108
1109
1111
1113
1117
1119
1121
1123
1128
1130
1141
1142
1144
1146
1153
1154
1155
1157
1159
1163
1164
1169
1170
1173
1174
1177
1180
1182
1186
1190
1200
1203
1210
1211
1212
1213
1214
1219
1223
1233
1235
1243
1246
1247
1248
1249
1250
1252
1253
1254
1261
1262
1263
1268
1270
1276
1278
1280
1282
1285
1288
1289
1293
1294
1296
1297
1304
1308
1309
1314
1315
1316
1325
1329
1334
1335
1336
1339
1345
1355
1359
1362
1363
1367
1369
1373
1376
1377
1379
1382
1384
1386
1391
1397
1404
1405
1406
1408
1410
1411
1413
1418
1421
1423
1424
1426
1427
1428
1433
1435
1437
1438
1440
1442
1446
1450
1455
1468
1469
1471
1474
1475
1480
1481
1482
1483
1484
1485
1486
1488
1492
1494
1496
1497
1498
1499
1501
1506
1509
1510
1514
1515
1516
1517
1518
1519
1521
1522
1524
1525
1526
1527
1534
1535
1536
1537
1539
1541
1543
1545
1546
1548
1549
1553
1556
1557
1560
1567
1583
1584
1585
1587
1589
1591
1592
1593
1597
1599
1601
1603
1604
1608
1609
1611
1612
1614
1615
1617
1618
1620
1622
1623
1627
1632
1633
1635
1637
1641
1642
1644
1646
1647
1649
1650
1654
1656
1657
1658
1660
1661
1664
1665
1669
1670
1671
1674
1679
1681
1684
1687
1702
1709
1710
1711
1712
1714
1715
1716
1720
1722
1728
1733
1735
1736
1740
1742
1745
1746
1749
1750
1751
1754
1760
1761
1768
1773
1779
1780
1782
1788
1789
1790
1793
1795
1796
1799
1801
1807
1809
1815
1817
1820
1826
1827
1828
1830
1837
1839
157
22
54
27
120
40
73
25
21
75
150
87
160
9
49
131
53
153
72
80
42
65
152
39
132
103
38
5
97
35
6
102
121
151
20
144
83
10
60
37
137
100
117
32
156
84
2
50
119
3
31
145
14
133
99
15
36
66
149
86
128
19
41
90
62
69
123
4
147
67
140
1
104
46
29
34
163
110
116
161
44
142
61
28
130
68
0
141
18
112
82
8
55
122
113
48
56
106
23
76
125
12
63
111
26
129
16
89
59
71
7
85
98
139
30
124
155
47
96
109
115
11
94
43
108
158
70
135
162
136
58
134
51
52
154
92
105
13
159
138
143
24
118
127
64
78
17
107
146
57
164
93
81
91
157
79
45
77
