256
14
35
37
43
45
58
76
81
91
107
109
122
128
129
132
136
138
160
166
169
172
206
212
222
225
230
238
241
255
275
285
289
304
306
314
317
319
324
329
332
335
341
349
356
361
376
392
396
408
444
448
453
480
504
512
530
535
538
539
549
560
561
563
573
581
591
608
625
626
630
649
667
675
678
686
687
691
693
703
704
716
759
771
773
778
785
793
796
807
808
816
821
830
841
844
854
862
869
870
893
903
906
915
918
921
927
928
948
961
973
974
976
982
1000
1002
1007
1008
1011
1012
1018
1023
1029
1074
1078
1101
1114
1131
1134
1140
1153
1171
1176
1177
1186
1196
1204
1210
1229
1233
1238
1276
1280
1299
1316
1322
1325
1339
1343
1409
1428
1468
1493
1497
1512
1522
1540
1541
1549
1570
1577
1579
1584
1601
1619
1629
1632
1637
1643
1650
1656
1659
1678
1693
1707
1754
1758
1761
1764
1778
1790
1795
1812
1825
1841
1845
1857
1867
1872
1875
1876
1877
1907
1917
1919
1924
1933
1938
1940
1943
1951
1954
1956
1963
2002
2008
2019
2023
2045
2058
2080
2109
2114
2117
2169
2185
2186
2198
2202
2252
2255
2262
2275
2296
2301
2327
2332
2379
2407
2416
2421
2433
2435
2444
2445
2448
2470
2479
2480
2485
2491
2509
2514
2518
2520
2521
2523
2531
2537
2542
2567
2575
2577
2579
2599
2607
2620
161
103
19
102
107
129
48
78
74
94
101
69
60
71
130
153
140
115
18
155
2
17
23
156
11
8
96
92
144
44
50
61
70
59
159
9
20
34
24
16
152
36
97
82
51
57
5
90
122
86
138
104
31
149
131
83
132
29
30
133
113
95
89
45
126
88
84
73
13
85
58
25
14
106
7
119
111
93
79
15
139
137
87
118
64
158
75
56
37
49
38
135
125
3
81
160
32
35
62
150
142
68
26
112
43
46
41
123
110
134
22
66
145
55
100
147
27
98
109
77
127
54
157
42
6
1
143
52
67
141
40
114
128
33
12
105
21
124
53
0
80
136
116
76
121
72
120
39
117
4
154
91
47
65
151
63
28
10
148
99
146
108
