246
10
15
21
24
56
82
112
113
114
115
123
125
128
166
173
183
196
198
199
211
216
229
239
245
248
274
289
302
329
350
353
355
356
362
363
376
388
391
402
415
418
423
429
431
444
445
455
457
458
462
515
523
534
537
540
558
573
574
595
599
622
625
640
645
653
663
665
689
694
705
706
731
732
738
748
754
756
765
771
773
779
804
817
818
824
825
827
837
853
858
888
900
913
916
924
925
931
936
939
952
955
958
974
993
1001
1003
1052
1054
1057
1059
1064
1066
1074
1099
1101
1105
1109
1113
1130
1132
1148
1175
1178
1187
1197
1228
1247
1248
1262
1270
1273
1276
1303
1316
1317
1332
1338
1349
1353
1358
1371
1382
1385
1386
1411
1450
1468
1471
1481
1516
1519
1528
1540
1569
1574
1597
1605
1628
1630
1641
1645
1664
1675
1718
1732
1737
1748
1762
1766
1769
1782
1810
1812
1819
1821
1824
1866
1878
1879
1893
1903
1907
1919
1933
1934
1943
1945
1946
1993
1995
2005
2010
2044
2045
2046
2052
2054
2060
2089
2096
2135
2152
2171
2218
2231
2237
2248
2272
2284
2295
2301
2306
2313
2328
2340
2344
2345
2361
2365
2371
2374
2376
2386
2392
2394
2397
2398
2419
2436
2446
2457
2478
2482
2484
2487
2514
2526
2531
2562
2564
2570
2572
2587
2597
2601
2622
160
9
157
51
67
85
33
30
137
109
159
144
100
153
52
3
82
90
112
78
101
103
129
138
21
34
133
5
84
105
148
29
63
88
22
132
71
120
91
10
8
58
93
79
68
16
74
121
117
80
40
36
23
73
60
156
134
86
149
24
136
69
97
158
59
45
6
94
130
160
18
56
143
110
106
4
152
114
123
46
64
89
25
13
53
135
54
32
125
98
92
77
26
66
119
87
96
7
126
12
28
154
81
146
122
70
102
14
57
111
19
118
83
35
99
76
41
39
27
2
42
145
127
0
61
72
15
104
128
139
131
47
44
20
37
116
38
48
11
124
107
142
150
31
95
151
155
108
62
65
55
141
140
75
43
49
1
147
17
115
50
