135
19
34
38
102
144
162
170
173
196
210
211
212
240
251
261
266
322
338
344
426
435
446
459
470
489
491
501
519
543
546
569
602
612
669
699
702
710
715
716
730
737
775
780
815
841
849
872
887
897
921
926
928
943
972
978
1035
1044
1083
1092
1105
1153
1168
1181
1190
1220
1240
1242
1252
1265
1268
1276
1295
1309
1325
1333
1334
1351
1393
1425
1430
1436
1442
1443
1454
1459
1465
1481
1501
1520
1532
1550
1558
1624
1632
1635
1638
1654
1666
1734
1757
1770
1787
1794
1798
1803
1859
1872
1908
1934
1986
1997
2007
2040
2047
2050
2131
2161
2176
2180
2188
2196
2218
2239
2244
2287
2290
2321
2324
2327
2351
2359
2360
2391
2409
2430
162
121
139
160
56
76
156
54
114
20
154
15
128
66
8
130
127
73
38
68
59
75
79
136
80
46
28
148
65
123
69
62
13
141
64
125
149
137
86
37
23
29
82
96
40
95
67
152
93
1
74
83
53
113
140
52
133
119
150
11
97
6
70
110
81
100
144
138
50
14
134
112
158
108
33
12
47
90
135
117
31
104
118
34
51
102
89
48
9
44
98
21
146
32
126
36
18
155
159
0
84
45
115
63
116
153
7
122
55
120
107
99
142
30
85
129
3
147
91
94
61
71
131
162
106
35
58
25
24
87
39
43
157
105
101
22
10
161
143
16
41
88
92
27
78
26
111
60
17
124
151
103
42
2
132
145
109
19
77
5
57
72
49
