659
5
9
11
12
14
16
17
19
25
26
27
30
31
32
33
34
35
37
39
40
43
44
45
51
54
57
58
64
69
71
73
75
77
78
84
85
86
88
89
91
94
95
100
101
109
110
111
114
115
123
124
128
130
133
134
135
138
140
142
148
153
154
155
156
159
162
163
164
166
167
170
172
174
175
178
179
180
182
186
187
189
193
194
208
209
214
218
221
234
240
241
243
247
250
251
252
255
257
260
262
265
271
273
276
279
280
285
287
290
291
292
294
297
298
299
300
301
310
312
315
319
320
321
322
326
331
333
338
343
346
347
348
362
363
369
373
374
378
380
385
389
391
392
394
395
403
404
405
408
409
413
416
417
419
420
421
425
426
432
434
435
436
444
445
451
454
455
460
463
466
475
480
482
484
488
489
490
492
495
496
498
499
501
505
511
519
521
523
524
529
531
532
535
539
541
545
550
553
555
556
559
562
564
565
573
578
583
586
594
596
599
600
602
606
608
609
612
615
616
620
622
629
636
638
639
640
645
646
647
649
653
656
657
663
666
667
668
669
676
677
679
683
685
686
691
692
693
694
696
698
702
705
708
712
713
714
715
717
720
721
725
726
731
734
737
742
743
749
751
753
754
756
760
761
764
767
768
773
778
779
782
783
786
796
797
801
805
807
808
809
813
817
818
820
823
826
827
830
835
836
838
839
848
850
854
856
857
858
862
864
865
866
872
873
874
877
880
881
884
885
887
895
896
900
904
905
906
908
916
918
921
926
928
932
933
935
939
942
943
948
949
953
956
960
965
970
972
974
975
977
990
994
995
996
997
1002
1006
1008
1009
1012
1016
1020
1025
1026
1036
1044
1045
1047
1048
1049
1050
1056
1058
1059
1061
1062
1067
1069
1073
1075
1082
1096
1100
1103
1104
1105
1109
1111
1112
1113
1117
1118
1121
1123
1125
1127
1131
1139
1142
1150
1161
1163
1165
1169
1170
1177
1178
1179
1181
1183
1185
1186
1193
1195
1196
1198
1203
1204
1205
1207
1210
1211
1212
1213
1219
1220
1221
1224
1225
1227
1228
1229
1231
1232
1235
1239
1241
1245
1246
1249
1254
1256
1258
1264
1265
1267
1269
1270
1271
1273
1276
1277
1281
1282
1283
1286
1291
1292
1294
1297
1299
1300
1301
1303
1311
1314
1317
1320
1321
1322
1324
1326
1329
1331
1335
1337
1339
1346
1347
1348
1349
1352
1353
1354
1355
1356
1358
1365
1367
1370
1375
1376
1377
1389
1392
1397
1399
1401
1402
1411
1413
1415
1418
1421
1423
1425
1426
1435
1436
1437
1438
1445
1447
1449
1450
1454
1458
1462
1465
1468
1476
1477
1480
1487
1490
1492
1494
1503
1504
1505
1507
1508
1509
1513
1515
1518
1528
1530
1531
1532
1534
1536
1537
1541
1544
1545
1546
1550
1554
1557
1558
1561
1566
1567
1568
1569
1571
1575
1579
1580
1581
1583
1584
1588
1590
1591
1592
1594
1598
1599
1601
1608
1614
1615
1618
1619
1621
1624
1626
1634
1635
1636
1642
1644
1646
1650
1657
1658
1662
1663
1668
1669
1671
1673
1675
1678
1680
1681
1684
1687
1688
1689
1694
1700
1705
1706
1707
1709
1716
1718
1722
1723
1725
1731
1736
1742
1744
1745
1746
1748
1750
1751
1755
1757
1758
1760
1762
1765
1766
1767
1768
1769
1780
1783
1785
1789
1791
1794
1798
1800
1802
1804
1805
1806
1807
1809
1810
1811
1815
1818
1821
1824
1825
1828
1829
1830
1831
1835
1840
157
24
47
111
155
68
56
14
39
16
55
21
65
130
33
120
6
85
80
127
57
19
72
9
123
96
113
66
136
18
22
157
4
133
62
50
153
117
141
38
94
132
59
150
13
118
154
67
108
139
148
10
145
74
97
129
112
104
143
46
160
78
31
125
52
135
102
100
114
81
91
159
27
48
156
86
29
138
158
2
3
75
63
163
162
70
15
88
90
25
17
149
0
93
35
36
82
12
161
109
142
60
73
79
89
45
103
77
49
64
26
147
119
140
40
34
134
23
87
121
84
58
128
107
20
146
106
61
122
124
131
7
54
115
1
83
69
101
43
98
144
5
110
28
32
99
152
42
37
105
164
95
44
41
8
30
116
51
