112
75
118
123
170
175
185
206
226
267
268
357
369
383
432
439
442
479
516
521
528
639
647
653
687
702
706
720
730
751
757
770
787
788
798
801
804
813
831
833
847
859
896
903
913
916
926
934
960
962
999
1026
1056
1058
1106
1122
1173
1194
1219
1238
1255
1265
1272
1286
1288
1296
1308
1346
1383
1400
1426
1488
1501
1523
1534
1583
1607
1673
1712
1728
1761
1769
1783
1791
1863
1885
1929
1954
2011
2020
2035
2039
2073
2076
2102
2136
2137
2163
2191
2203
2216
2221
2237
2255
2273
2324
2344
2347
2360
2369
2401
2403
2442
158
22
161
148
102
112
21
143
116
75
63
6
99
77
124
20
52
137
81
62
10
3
121
8
86
24
4
56
162
53
33
65
145
120
93
101
98
37
138
27
84
2
34
17
42
41
136
87
111
85
57
5
72
83
151
19
67
12
139
157
18
150
144
25
128
0
60
58
70
149
48
147
118
117
38
54
159
14
133
31
59
90
68
32
45
44
127
96
80
55
140
130
15
1
79
131
76
110
155
154
64
40
28
89
78
156
16
123
66
26
141
74
146
88
49
134
152
153
30
95
125
92
71
135
132
113
43
9
7
106
61
13
82
158
108
35
105
23
160
36
107
104
29
97
11
103
47
119
73
39
109
51
69
100
50
91
94
142
122
