149
13
16
19
32
37
58
82
92
99
106
114
126
136
137
143
153
161
190
192
202
205
206
215
245
248
250
263
267
270
273
287
290
302
307
311
327
328
348
352
353
354
356
358
360
363
376
401
411
423
433
439
441
443
450
456
460
463
465
470
490
500
516
530
531
532
536
541
548
556
570
573
579
582
586
589
592
607
610
615
619
622
627
629
636
637
641
643
677
690
707
710
711
725
726
728
731
732
734
737
738
746
748
751
752
770
788
790
800
823
828
846
850
856
864
869
874
876
883
888
890
900
901
911
912
914
915
917
918
930
936
942
948
954
964
980
981
987
997
1029
1031
1036
1048
1057
1066
1068
1085
1091
1095
1101
77
63
87
76
69
35
23
6
51
12
7
39
29
14
46
26
77
28
2
59
56
45
1
85
15
53
86
50
80
65
16
44
78
38
41
34
0
74
20
70
58
42
54
48
81
24
84
83
49
9
21
67
57
43
33
68
37
72
75
55
82
11
47
19
60
79
13
10
71
61
66
36
17
22
5
64
3
62
