126
44
58
134
148
155
156
163
203
228
234
249
272
274
276
310
323
326
379
383
433
467
468
494
498
508
512
522
548
552
577
624
633
646
665
672
674
686
699
703
739
743
745
766
769
786
796
872
894
906
932
938
941
997
1027
1031
1045
1103
1106
1114
1142
1199
1210
1272
1280
1339
1344
1351
1414
1444
1454
1462
1526
1568
1570
1576
1596
1601
1604
1606
1613
1624
1631
1635
1637
1653
1701
1729
1732
1757
1764
1786
1795
1861
1863
1877
1880
1912
1944
1966
1972
1989
2020
2035
2048
2052
2056
2106
2132
2140
2152
2201
2220
2221
2265
2293
2295
2300
2310
2328
2337
2403
2415
2417
2437
2440
2446
163
108
38
131
160
25
48
64
29
84
12
52
89
51
44
137
14
115
150
148
146
36
45
94
19
140
11
149
98
4
40
18
79
20
0
130
122
78
5
28
152
32
35
70
90
107
2
8
73
112
118
24
39
60
65
158
1
71
67
139
145
85
74
49
55
103
120
22
154
63
99
68
101
123
109
47
7
104
95
3
128
151
147
17
77
41
144
80
127
159
102
121
34
157
141
10
58
111
21
81
133
62
113
23
162
27
9
156
46
153
155
37
100
119
61
75
114
92
6
82
129
106
96
125
136
110
143
57
97
132
87
13
83
86
76
88
161
91
26
30
72
124
138
33
116
59
117
16
142
134
126
53
54
135
50
43
69
66
105
56
15
42
31
93
