260
2
13
19
47
52
57
58
66
78
80
92
99
104
115
144
149
152
168
175
188
190
195
200
202
207
240
241
255
300
309
312
318
329
343
347
372
374
385
393
394
410
412
429
436
449
452
462
464
465
480
497
505
546
560
565
571
577
581
584
594
596
601
604
617
618
625
635
636
663
667
674
680
690
696
714
717
724
730
742
749
752
768
770
781
785
789
791
801
806
815
839
849
859
867
885
887
896
897
901
917
926
932
937
949
967
978
1011
1027
1032
1070
1083
1088
1091
1098
1101
1106
1107
1124
1166
1184
1190
1191
1202
1213
1254
1261
1273
1274
1277
1293
1295
1313
1319
1320
1336
1348
1355
1359
1389
1412
1417
1439
1440
1444
1450
1497
1501
1510
1514
1524
1562
1577
1578
1580
1614
1616
1629
1641
1644
1673
1681
1682
1695
1701
1706
1717
1720
1721
1724
1731
1736
1755
1763
1767
1783
1788
1795
1799
1801
1802
1805
1807
1826
1832
1842
1846
1857
1860
1866
1896
1911
1932
1933
1941
1949
1972
1979
1982
2003
2007
2020
2037
2044
2048
2050
2057
2086
2090
2093
2110
2115
2119
2123
2124
2125
2161
2183
2203
2212
2230
2232
2244
2247
2264
2267
2269
2272
2275
2307
2310
2313
2319
2321
2335
2339
2356
2371
2385
2392
2393
2401
2404
2408
2410
2429
2432
2439
2441
2452
2492
2505
2507
2512
2514
2515
2538
2542
2566
2570
2575
160
79
18
51
40
126
6
33
27
154
121
78
32
156
52
150
59
47
5
15
29
83
17
159
50
63
60
44
105
73
71
54
22
30
93
118
72
10
136
107
70
38
137
146
56
43
64
112
1
140
95
120
155
2
101
152
3
42
94
20
53
34
48
89
8
127
37
149
46
69
80
36
45
91
81
11
108
58
139
133
14
57
23
113
62
26
85
106
49
88
25
124
21
16
115
90
74
132
144
125
142
109
0
41
131
145
28
117
123
84
31
75
68
130
157
158
65
13
141
55
76
138
148
128
98
99
61
110
82
9
114
100
19
147
35
87
160
119
12
67
92
151
102
153
104
7
129
77
86
96
116
66
111
97
134
143
122
24
135
39
4
