149
12
17
18
23
37
42
44
52
70
79
84
85
87
89
98
133
140
151
155
159
163
165
177
192
204
218
221
228
236
252
255
258
264
277
279
283
288
291
294
295
298
320
330
345
353
376
379
384
390
398
402
422
429
436
439
444
453
454
456
457
462
468
471
480
498
515
517
518
527
533
536
544
547
554
558
564
571
580
591
592
606
608
617
619
622
631
644
646
647
651
655
662
673
675
681
701
707
710
720
729
733
753
763
786
791
792
794
806
807
811
819
820
824
830
847
873
879
894
900
907
933
938
945
950
958
971
972
975
981
984
986
988
992
993
1025
1029
1033
1036
1040
1047
1051
1062
1063
1064
1065
1077
1081
1100
1104
72
24
27
18
48
11
72
71
84
3
0
53
29
23
83
6
77
13
64
49
39
43
10
61
1
69
50
75
38
17
22
57
40
59
21
47
42
55
86
20
35
33
7
65
31
76
14
62
32
78
51
2
19
87
15
30
5
25
85
63
46
41
12
28
79
81
36
16
56
54
58
60
66
