469
11
22
23
47
53
62
68
70
74
80
81
84
99
104
117
122
133
134
139
140
143
145
147
150
155
156
170
171
181
184
196
197
198
212
218
226
231
233
235
237
239
241
248
249
251
264
270
271
274
279
291
298
301
315
321
330
331
335
347
352
353
354
362
370
371
372
374
377
381
389
393
394
400
401
409
410
428
431
433
436
439
444
446
452
458
459
465
466
468
472
478
479
481
483
487
495
502
505
509
522
526
534
537
541
544
545
547
559
568
573
576
587
589
598
602
605
606
607
613
616
620
622
627
628
633
640
641
644
651
653
655
657
672
674
675
683
684
685
689
697
698
707
710
719
724
729
734
742
749
753
755
757
765
766
768
769
774
775
776
782
784
785
795
796
802
806
807
809
812
813
817
822
825
842
846
871
875
878
880
884
887
892
896
906
921
929
931
934
939
943
946
952
953
955
965
992
1007
1011
1039
1040
1041
1052
1061
1065
1072
1082
1086
1088
1091
1096
1103
1104
1106
1115
1117
1122
1128
1129
1132
1133
1134
1139
1144
1147
1161
1176
1179
1188
1199
1211
1214
1217
1223
1225
1231
1234
1236
1241
1246
1250
1255
1256
1258
1260
1262
1267
1270
1278
1281
1282
1284
1286
1307
1313
1314
1315
1316
1321
1336
1347
1352
1354
1356
1357
1366
1374
1375
1382
1385
1401
1403
1406
1409
1416
1423
1427
1428
1430
1432
1433
1434
1437
1445
1446
1448
1464
1465
1468
1470
1472
1476
1487
1493
1499
1505
1507
1509
1521
1522
1527
1528
1532
1534
1539
1546
1547
1553
1554
1555
1577
1580
1585
1596
1597
1600
1602
1606
1628
1635
1640
1642
1647
1652
1657
1662
1674
1675
1676
1679
1681
1688
1690
1691
1694
1708
1710
1711
1721
1727
1731
1733
1737
1739
1742
1747
1751
1756
1757
1759
1760
1767
1768
1782
1787
1798
1800
1808
1811
1816
1818
1828
1829
1831
1833
1838
1843
1844
1846
1850
1856
1863
1866
1870
1883
1885
1898
1905
1909
1916
1927
1933
1934
1947
1961
1971
1975
1980
1996
1999
2011
2017
2020
2028
2030
2034
2036
2048
2049
2051
2054
2076
2079
2086
2089
2091
2092
2093
2094
2096
2105
2120
2127
2131
2133
2141
2142
2147
2149
2151
2154
2162
2165
2170
2174
2180
2200
2204
2209
2220
2221
2227
2231
2244
2251
2252
2257
2269
2277
2284
2286
2292
2294
2298
2299
2301
2302
2315
2322
2333
2334
2337
2350
2351
2358
2365
2375
2376
2381
2387
2410
2417
2421
2425
2427
2429
2436
2438
2439
2441
159
130
12
0
67
100
62
65
150
158
61
153
28
142
60
135
74
129
26
3
95
162
110
39
120
16
84
4
127
97
73
35
58
115
112
7
119
88
151
29
159
36
72
92
145
33
15
56
101
34
70
131
146
57
75
91
66
113
102
1
41
147
152
17
114
27
98
50
9
121
10
43
59
109
49
140
106
40
86
24
132
63
134
79
148
143
125
55
104
53
77
157
94
117
118
25
52
19
31
138
37
107
8
76
122
149
71
5
116
21
155
141
128
156
85
18
154
82
54
161
80
96
13
44
87
89
81
46
90
108
23
111
160
133
11
99
136
30
14
48
20
69
83
139
124
45
38
123
93
144
126
32
42
68
51
2
6
22
47
137
