121
3
7
16
26
46
52
98
111
117
124
174
213
229
233
277
282
297
319
335
355
360
410
418
426
428
435
464
467
514
532
540
555
558
561
574
614
617
629
640
644
716
717
727
761
776
811
819
822
825
856
862
877
894
946
954
964
966
979
989
1017
1019
1029
1041
1044
1049
1134
1165
1203
1229
1236
1247
1271
1281
1295
1330
1377
1412
1419
1429
1461
1482
1497
1520
1539
1612
1620
1639
1647
1651
1659
1687
1691
1730
1743
1760
1828
1873
1897
1942
1984
2017
2027
2028
2040
2057
2058
2060
2105
2121
2160
2162
2173
2197
2276
2285
2320
2334
2343
2354
2379
2399
163
79
136
100
3
141
94
154
112
39
76
93
25
82
105
124
65
36
98
161
16
111
149
64
99
7
162
77
158
30
19
119
109
1
85
107
97
113
128
63
58
54
61
153
43
118
150
81
28
101
74
75
106
50
73
142
47
90
31
140
10
126
69
33
57
56
51
122
80
129
125
60
17
146
110
20
148
151
72
5
18
0
159
12
130
134
42
143
35
96
48
138
27
11
21
55
121
22
127
160
120
147
14
114
53
52
9
44
137
123
102
88
117
103
8
13
89
78
95
135
116
2
156
66
86
139
38
40
92
29
131
71
26
34
6
45
155
15
115
68
23
83
70
133
37
49
41
157
108
84
59
91
32
132
87
104
145
152
144
24
67
4
62
46
