266
14
50
60
66
69
73
92
97
101
102
108
114
120
123
127
137
145
147
155
158
172
200
201
216
219
232
241
250
253
270
276
277
278
283
287
299
305
314
317
318
340
396
409
430
435
437
440
443
448
456
487
501
503
509
530
534
542
551
564
567
581
584
594
604
607
623
628
634
651
682
707
709
720
752
754
773
779
780
810
813
821
822
834
844
851
860
880
889
917
918
920
944
952
967
976
978
1006
1007
1009
1012
1027
1052
1053
1057
1072
1078
1079
1086
1095
1101
1103
1125
1136
1149
1150
1151
1159
1160
1174
1178
1188
1227
1229
1245
1252
1275
1281
1294
1304
1306
1311
1313
1319
1331
1341
1359
1383
1385
1393
1415
1418
1428
1429
1450
1456
1470
1487
1508
1515
1521
1526
1544
1572
1575
1587
1588
1596
1598
1607
1627
1638
1659
1670
1673
1691
1693
1706
1728
1742
1745
1746
1749
1752
1753
1762
1772
1781
1795
1815
1828
1847
1858
1859
1861
1863
1870
1899
1902
1903
1904
1910
1917
1918
1929
1940
1956
1957
1989
1996
1998
2003
2018
2034
2041
2042
2046
2060
2067
2079
2088
2094
2117
2121
2125
2127
2137
2139
2140
2159
2195
2207
2213
2214
2215
2218
2219
2225
2244
2254
2267
2284
2301
2309
2310
2311
2325
2331
2336
2350
2352
2357
2370
2396
2397
2409
2411
2415
2448
2453
2458
2481
2491
2505
2517
2519
2520
2529
2532
2538
2562
2569
2573
2574
2587
2592
2604
160
16
158
105
98
140
117
22
120
70
47
2
116
23
127
0
99
42
144
156
53
76
81
142
55
147
14
150
115
80
17
58
85
112
110
20
73
157
33
101
106
141
52
88
35
5
39
36
54
100
10
83
148
15
136
72
126
90
40
24
12
135
65
97
123
102
26
119
93
6
4
121
122
111
131
30
107
64
9
104
114
62
27
18
87
51
45
108
57
155
25
74
38
49
7
48
159
113
56
50
67
29
71
128
137
84
60
149
118
92
78
44
95
109
103
130
31
125
11
69
63
3
139
151
32
145
153
8
138
154
133
146
13
129
94
59
143
89
46
160
75
77
132
37
68
19
34
124
43
41
79
28
86
21
66
91
96
82
61
134
1
