116
8
11
17
33
37
48
77
80
130
142
207
254
259
282
296
410
415
481
491
499
536
544
562
583
612
621
635
650
661
691
696
716
717
730
733
769
773
774
789
791
816
835
871
886
917
918
937
951
996
1008
1015
1045
1047
1071
1080
1087
1104
1125
1137
1194
1204
1234
1253
1301
1331
1341
1361
1434
1444
1446
1484
1485
1560
1575
1598
1602
1615
1653
1654
1694
1695
1697
1714
1721
1723
1744
1818
1820
1883
1900
1901
1905
1908
1915
1929
1935
1936
1964
2007
2010
2011
2038
2126
2174
2183
2195
2229
2231
2235
2237
2255
2308
2323
2329
2347
2422
163
93
77
43
66
132
78
102
108
16
26
149
111
30
138
155
7
39
131
73
129
14
59
101
137
54
49
145
44
65
118
97
87
52
4
38
8
27
133
74
25
144
42
82
46
72
31
57
159
67
83
41
134
103
92
76
37
150
128
18
2
28
17
68
143
21
13
85
130
119
50
107
45
56
89
33
100
90
63
88
96
148
60
24
126
115
9
123
154
157
110
116
20
158
71
47
99
142
151
34
141
19
104
10
3
122
11
23
81
140
36
162
124
29
64
120
6
75
62
12
153
70
1
94
51
69
121
91
80
53
15
84
135
98
139
105
161
95
127
5
146
0
109
160
55
156
22
58
117
136
35
112
79
40
106
113
61
147
114
125
48
152
32
86
