259
4
16
22
34
41
57
61
72
78
81
99
101
106
110
116
123
127
135
141
171
178
189
191
195
197
198
210
218
248
263
270
276
278
281
287
290
293
305
310
337
369
372
375
380
392
396
404
418
419
424
432
437
450
452
460
461
468
472
478
479
483
491
494
527
545
548
554
558
561
567
574
578
604
611
615
616
654
668
680
681
688
693
705
718
738
739
750
759
811
822
826
836
838
841
857
863
865
877
901
914
915
919
925
935
946
963
997
1003
1007
1034
1043
1087
1122
1127
1133
1168
1181
1190
1191
1203
1220
1225
1260
1285
1287
1288
1295
1297
1305
1307
1309
1320
1321
1326
1368
1372
1376
1384
1404
1408
1409
1414
1448
1450
1462
1463
1466
1477
1493
1494
1500
1510
1522
1535
1536
1545
1550
1565
1579
1597
1599
1606
1614
1626
1639
1644
1654
1657
1672
1677
1699
1700
1707
1711
1723
1729
1732
1753
1776
1794
1805
1813
1839
1868
1870
1896
1905
1920
1933
1947
1965
1977
1983
1989
2011
2022
2024
2033
2036
2039
2043
2047
2050
2055
2058
2067
2073
2079
2089
2092
2098
2126
2144
2150
2162
2166
2175
2197
2205
2224
2232
2249
2299
2308
2315
2325
2328
2333
2335
2345
2347
2353
2369
2373
2375
2396
2401
2425
2429
2438
2440
2447
2448
2493
2499
2502
2505
2510
2516
2527
2542
2543
2565
2578
2586
2591
2594
2599
2619
161
44
98
114
37
19
56
130
62
3
68
78
132
115
97
54
36
158
148
116
75
17
30
77
16
32
149
157
5
48
69
0
150
94
88
41
24
52
26
57
136
140
85
100
129
81
2
131
153
126
74
23
21
7
42
71
144
64
120
127
6
117
60
33
103
80
145
156
122
58
35
38
160
121
10
128
46
96
91
147
84
51
20
105
8
134
65
13
40
53
119
146
25
31
139
95
73
113
43
79
141
1
29
155
112
101
39
125
11
4
108
104
50
143
55
87
90
110
109
137
154
135
133
138
66
111
61
82
83
159
92
89
151
63
14
9
99
106
72
45
34
15
118
86
49
12
142
27
70
59
76
107
123
124
22
28
93
67
18
152
102
47
