689
6
9
14
15
16
17
22
23
25
26
27
30
32
35
42
43
44
45
48
49
53
55
56
59
63
66
68
71
74
75
77
80
82
84
85
90
91
92
93
94
99
104
108
115
117
121
122
124
125
127
134
135
138
140
143
144
146
147
149
153
156
158
160
161
162
163
167
169
170
171
173
174
177
179
181
183
184
185
187
188
190
202
204
205
207
211
216
217
225
226
227
232
233
234
237
238
240
241
242
244
245
246
248
249
252
255
259
263
272
273
277
278
280
284
285
289
292
294
298
301
304
305
306
307
309
310
311
313
320
322
326
329
335
339
341
344
346
347
348
349
351
355
356
357
358
360
361
362
370
378
392
393
399
400
401
404
406
412
413
418
430
431
433
434
436
438
439
440
441
443
446
450
455
456
459
460
462
463
464
465
466
469
472
479
481
482
483
484
486
489
491
496
498
499
503
504
505
506
507
510
511
512
513
514
515
516
518
522
524
527
532
534
535
536
540
541
545
547
552
553
555
556
565
567
570
571
573
574
575
577
578
581
582
584
585
588
592
593
596
603
604
605
610
612
615
616
620
623
625
626
628
629
630
631
644
645
647
652
653
657
659
668
669
670
672
673
674
675
679
681
683
684
687
689
690
691
692
694
697
698
699
701
702
703
708
712
713
714
716
720
724
725
727
729
732
734
735
736
737
744
745
746
751
757
759
762
765
770
772
774
776
781
784
786
791
796
797
798
799
802
807
808
809
810
811
812
818
820
826
827
828
829
834
836
842
843
844
847
852
856
857
861
863
865
871
876
877
886
891
893
898
899
903
904
907
908
909
910
914
917
919
920
922
923
926
929
930
931
933
935
936
937
938
940
941
942
943
948
950
952
953
956
962
964
969
970
971
973
974
977
980
981
985
986
987
991
992
993
999
1001
1002
1005
1009
1012
1014
1015
1017
1018
1020
1024
1031
1038
1039
1040
1043
1044
1045
1050
1051
1053
1054
1055
1056
1058
1062
1063
1066
1067
1069
1072
1074
1079
1080
1088
1090
1091
1093
1095
1099
1100
1105
1106
1111
1118
1119
1121
1123
1124
1125
1128
1131
1135
1136
1142
1144
1145
1146
1147
1148
1152
1156
1161
1164
1167
1168
1171
1172
1173
1174
1177
1188
1191
1194
1196
1197
1204
1205
1206
1210
1211
1212
1213
1215
1218
1219
1220
1223
1225
1227
1230
1232
1234
1243
1245
1247
1251
1253
1254
1265
1271
1275
1276
1278
1281
1288
1291
1293
1295
1302
1309
1310
1311
1313
1317
1323
1327
1331
1332
1337
1344
1347
1349
1356
1357
1358
1360
1364
1369
1370
1371
1374
1376
1385
1388
1390
1393
1404
1405
1408
1413
1419
1424
1426
1428
1429
1431
1433
1438
1443
1444
1449
1451
1454
1455
1460
1462
1465
1466
1467
1468
1469
1472
1479
1480
1482
1483
1485
1487
1488
1489
1491
1511
1513
1514
1516
1521
1525
1527
1528
1529
1531
1535
1538
1540
1541
1542
1543
1545
1546
1548
1550
1552
1554
1556
1560
1565
1566
1568
1569
1570
1571
1573
1574
1577
1578
1582
1583
1589
1590
1591
1593
1598
1599
1600
1601
1604
1607
1610
1612
1613
1616
1621
1624
1634
1635
1638
1639
1641
1642
1643
1648
1652
1653
1657
1661
1663
1672
1674
1675
1677
1686
1691
1693
1694
1695
1696
1698
1703
1711
1714
1717
1723
1724
1726
1728
1729
1731
1732
1736
1739
1741
1742
1743
1747
1750
1755
1768
1769
1772
1779
1781
1783
1787
1791
1794
1796
1798
1802
1805
1807
1810
1811
1812
1813
1814
1824
1832
1834
1837
156
120
84
138
104
135
126
70
21
72
122
160
157
93
67
85
128
28
46
43
164
39
1
27
14
156
12
31
124
142
119
36
151
115
109
163
161
56
64
9
20
8
80
32
110
153
99
82
54
29
90
79
2
133
131
16
141
95
113
132
71
34
125
143
134
111
103
96
15
26
42
68
92
116
60
11
117
87
81
144
139
154
30
13
50
118
55
88
74
10
148
41
86
52
19
5
97
158
23
3
76
37
155
91
108
149
121
127
57
159
45
145
77
47
147
112
65
152
130
78
66
18
106
102
83
73
75
107
38
0
129
35
150
69
98
123
62
22
137
17
6
100
53
136
51
59
7
25
44
24
40
94
4
49
146
89
162
