262
5
9
12
18
20
28
56
65
72
88
90
92
112
116
118
131
135
136
151
161
167
171
187
196
198
201
210
229
232
253
259
261
264
276
288
294
296
308
322
327
344
358
368
370
376
377
381
389
400
408
433
434
446
454
457
462
466
492
494
495
507
514
520
524
553
574
580
605
638
660
663
677
698
710
721
727
730
738
743
764
766
773
776
779
795
796
808
846
853
872
895
897
898
900
905
908
913
917
923
929
934
935
965
975
978
984
1018
1032
1039
1050
1051
1070
1094
1099
1103
1105
1124
1132
1136
1147
1157
1165
1174
1178
1179
1192
1203
1207
1219
1226
1243
1265
1271
1278
1288
1289
1291
1297
1313
1318
1321
1322
1327
1328
1333
1337
1346
1368
1369
1388
1390
1401
1409
1423
1452
1458
1468
1500
1545
1548
1588
1591
1604
1610
1616
1617
1632
1642
1643
1690
1694
1696
1704
1709
1724
1744
1764
1774
1779
1783
1795
1797
1804
1805
1810
1812
1823
1832
1833
1845
1855
1856
1859
1868
1875
1880
1882
1911
1957
1969
1977
1984
1995
2038
2052
2058
2060
2071
2072
2086
2089
2097
2117
2129
2139
2147
2157
2161
2167
2169
2178
2208
2209
2228
2238
2263
2264
2276
2284
2311
2316
2320
2340
2348
2350
2352
2371
2376
2383
2387
2388
2399
2407
2411
2416
2431
2435
2439
2442
2452
2465
2490
2495
2514
2527
2543
2564
2572
2575
2591
2613
2617
161
18
156
146
147
114
72
121
129
154
120
73
35
5
25
1
145
83
41
79
117
150
138
58
55
74
29
66
137
70
85
47
61
20
59
140
2
75
125
13
6
10
27
105
51
8
119
95
57
34
24
97
112
39
37
43
80
110
135
23
155
99
11
67
143
94
63
130
64
31
40
139
160
65
60
15
56
131
116
12
89
109
159
46
157
77
151
33
78
92
91
128
4
122
86
45
141
152
90
124
118
144
26
19
36
54
44
104
107
22
62
158
17
16
134
68
103
113
71
102
142
96
9
32
149
28
87
153
101
50
52
136
123
81
42
108
21
148
14
3
7
111
127
106
84
93
38
30
100
126
76
132
88
115
48
0
53
49
133
98
69
82
