149
55
59
71
79
128
130
140
151
154
157
180
194
197
198
202
219
234
236
239
243
259
264
276
279
280
288
294
297
299
305
310
311
323
332
334
340
358
366
370
374
376
379
385
392
395
396
402
446
447
457
461
476
495
498
506
507
521
532
538
541
542
545
552
558
559
578
581
589
594
612
616
617
623
628
651
658
660
669
683
687
691
697
715
725
731
732
734
739
750
757
770
772
794
795
797
811
816
818
821
822
824
832
834
840
848
873
875
881
885
900
903
909
912
921
923
925
927
929
932
933
934
938
944
946
947
956
957
966
973
978
983
989
994
1010
1017
1022
1033
1037
1043
1053
1074
1088
1091
1094
1095
1101
1102
1103
1107
76
29
31
69
44
32
55
64
72
37
38
79
87
78
73
42
49
15
5
65
24
18
25
68
14
48
2
77
54
76
63
47
50
75
67
81
12
46
57
21
45
36
35
71
52
83
66
10
86
41
70
43
33
17
60
40
51
19
20
9
1
26
8
62
53
82
6
22
59
56
28
74
7
11
34
84
85
