664
9
18
23
26
31
37
40
42
45
46
52
54
55
62
64
65
66
67
68
73
75
77
78
80
84
88
89
91
97
99
102
108
111
114
115
120
122
124
127
131
132
137
138
139
145
147
150
152
154
156
158
163
171
176
181
184
189
190
192
195
200
202
206
208
211
212
214
216
217
220
221
225
228
230
234
237
238
239
241
243
244
246
248
249
250
257
259
264
266
268
270
271
272
277
279
280
281
283
285
288
290
291
295
298
307
309
310
314
316
322
325
326
328
332
333
336
340
343
345
349
350
353
354
356
358
359
360
363
365
367
374
382
385
387
389
395
396
400
402
403
407
408
411
412
415
417
420
422
423
424
425
428
429
433
436
438
440
441
442
443
445
447
450
454
455
460
462
466
474
475
481
482
484
485
489
496
498
499
501
503
504
506
510
513
516
523
525
526
531
532
539
540
542
544
546
549
551
552
557
558
560
567
572
573
574
575
576
579
581
588
589
590
593
600
603
605
606
609
611
613
614
616
619
633
643
644
645
646
652
653
658
667
673
681
686
689
691
697
699
700
701
702
704
705
709
712
715
716
719
720
722
726
729
731
732
735
738
742
743
745
746
750
753
754
755
759
760
761
762
766
767
768
769
770
771
778
783
784
786
790
802
805
808
810
812
813
814
818
820
821
824
825
826
831
832
838
840
841
842
844
847
855
857
858
868
870
875
878
879
880
883
885
886
887
889
890
897
898
900
902
905
907
910
914
917
919
921
922
924
926
930
931
933
943
944
945
953
954
955
956
961
962
971
972
974
982
990
994
1002
1004
1008
1009
1011
1017
1020
1021
1024
1032
1042
1045
1046
1047
1049
1053
1054
1058
1060
1062
1064
1067
1068
1071
1075
1077
1080
1083
1089
1090
1091
1095
1104
1108
1109
1112
1114
1119
1130
1134
1137
1145
1146
1148
1151
1153
1156
1157
1159
1164
1165
1168
1171
1176
1177
1182
1184
1186
1187
1188
1189
1193
1194
1197
1198
1200
1202
1204
1206
1207
1210
1211
1219
1220
1221
1235
1236
1237
1238
1242
1245
1246
1249
1250
1253
1256
1257
1261
1267
1269
1270
1274
1276
1278
1279
1282
1284
1287
1288
1292
1294
1299
1300
1301
1302
1303
1309
1311
1315
1318
1320
1321
1332
1336
1338
1342
1343
1344
1345
1348
1350
1353
1359
1360
1362
1371
1373
1375
1380
1381
1382
1383
1385
1386
1387
1391
1392
1393
1394
1396
1397
1399
1400
1401
1402
1403
1405
1406
1407
1409
1411
1413
1414
1417
1423
1424
1428
1433
1434
1439
1440
1443
1447
1457
1459
1461
1463
1466
1468
1469
1470
1471
1473
1474
1475
1476
1479
1481
1483
1488
1490
1491
1492
1493
1496
1499
1500
1501
1502
1505
1510
1514
1516
1518
1523
1525
1527
1529
1531
1536
1537
1541
1542
1543
1544
1546
1550
1551
1553
1554
1555
1556
1558
1559
1569
1573
1574
1576
1577
1578
1579
1582
1589
1592
1597
1598
1600
1602
1605
1607
1608
1611
1616
1618
1619
1624
1627
1628
1629
1632
1633
1635
1639
1640
1645
1648
1650
1652
1655
1656
1658
1664
1667
1668
1669
1672
1673
1683
1687
1691
1692
1697
1701
1702
1705
1706
1707
1713
1717
1719
1720
1722
1724
1725
1727
1729
1732
1734
1735
1738
1740
1742
1743
1744
1749
1750
1751
1752
1756
1759
1761
1762
1763
1765
1766
1767
1768
1770
1773
1774
1775
1776
1781
1790
1791
1810
1815
1817
1818
1819
1820
1822
1823
1828
1832
1835
157
15
121
163
33
60
37
18
94
66
109
82
107
19
21
144
32
45
120
106
132
127
112
44
22
69
87
160
86
134
104
67
81
17
99
91
84
16
128
41
113
139
149
96
147
59
101
155
110
162
100
63
13
31
72
93
142
7
138
8
137
4
25
85
129
38
97
75
116
79
6
102
61
150
154
68
146
118
125
157
51
26
3
34
54
156
76
108
119
95
20
135
89
46
111
55
50
114
1
10
78
48
124
57
39
42
123
148
23
47
64
2
105
58
14
152
90
77
136
98
83
36
24
40
131
115
74
5
158
43
130
30
117
29
103
80
56
92
151
88
0
145
52
143
161
122
153
27
141
159
35
126
71
49
73
70
9
28
