268
3
17
20
22
35
45
47
48
51
59
75
81
84
101
108
138
145
150
168
171
173
187
190
218
220
245
260
272
276
282
293
295
310
312
318
320
325
338
345
357
423
447
449
458
463
473
490
499
513
515
516
529
534
544
550
559
562
573
581
583
589
591
604
630
633
634
636
638
660
666
668
679
680
682
698
707
724
727
743
750
761
772
776
785
799
813
819
830
839
845
846
847
853
884
900
936
948
957
966
976
982
988
994
1002
1020
1045
1052
1059
1060
1067
1079
1082
1107
1124
1131
1139
1141
1143
1159
1167
1172
1186
1193
1202
1225
1242
1261
1263
1268
1273
1275
1282
1285
1296
1303
1304
1310
1314
1318
1331
1342
1349
1359
1364
1370
1391
1440
1447
1456
1464
1482
1493
1505
1512
1519
1524
1526
1528
1529
1531
1566
1580
1584
1588
1592
1628
1633
1663
1667
1687
1689
1699
1709
1714
1718
1722
1724
1741
1745
1747
1755
1756
1760
1765
1785
1790
1796
1826
1836
1852
1875
1881
1891
1894
1897
1899
1901
1924
1949
1950
1967
1972
1988
2001
2027
2028
2029
2042
2056
2059
2060
2061
2064
2066
2069
2074
2075
2104
2107
2108
2110
2158
2159
2164
2165
2177
2178
2180
2184
2190
2191
2205
2227
2230
2235
2272
2287
2290
2321
2335
2340
2341
2350
2357
2383
2384
2389
2408
2420
2470
2486
2498
2502
2503
2511
2513
2521
2528
2541
2553
2557
2567
2577
2582
2590
2609
2612
2616
160
99
98
49
58
7
36
113
121
156
40
110
53
51
147
15
35
88
64
131
32
11
97
77
119
155
124
2
117
16
116
38
96
135
21
80
133
105
143
148
136
114
24
89
149
108
95
23
13
81
150
129
82
63
76
104
91
118
100
87
141
139
31
85
41
50
138
1
127
4
160
84
44
112
103
29
37
43
107
90
56
25
20
152
153
48
120
122
154
70
54
142
128
130
92
30
134
12
9
144
27
14
157
151
18
69
94
75
123
126
47
42
57
26
33
45
140
125
86
10
22
61
72
59
6
145
39
52
34
109
111
83
28
73
5
146
158
102
55
159
67
17
132
78
62
101
46
137
74
68
115
19
106
79
66
93
3
60
65
71
0
