129
205
243
248
249
319
320
325
333
348
371
408
419
456
457
460
476
528
554
559
564
579
580
587
603
643
661
667
678
701
713
721
761
787
865
876
877
881
885
926
942
945
956
961
995
1002
1010
1021
1031
1039
1041
1068
1094
1120
1185
1249
1280
1290
1293
1301
1318
1346
1351
1386
1421
1447
1458
1473
1501
1520
1527
1529
1531
1534
1550
1587
1608
1615
1617
1664
1669
1701
1722
1749
1803
1813
1851
1886
1889
1897
1900
1917
1941
1943
1950
1952
1970
1975
1989
1991
1999
2002
2009
2060
2064
2066
2114
2135
2144
2156
2171
2183
2199
2203
2218
2224
2233
2240
2247
2251
2280
2324
2333
2337
2356
2358
2359
2368
2372
2426
152
158
136
118
116
77
88
114
34
2
60
122
142
115
110
105
83
15
159
33
46
17
128
41
117
92
5
81
6
27
20
103
146
161
59
127
31
25
109
44
95
74
67
101
150
55
63
132
87
113
143
14
30
1
96
134
47
56
37
112
106
24
76
111
140
16
61
123
141
86
155
62
131
90
28
97
49
8
72
66
98
138
42
152
58
124
35
7
162
93
22
100
129
45
0
151
3
125
32
10
26
9
85
107
40
160
13
144
149
119
64
102
89
91
43
148
65
68
133
53
78
21
84
145
139
54
121
48
12
156
135
51
79
4
38
11
94
29
18
130
57
80
71
73
137
154
120
69
147
75
99
104
19
