677
16
17
20
22
25
27
30
37
38
39
40
41
43
44
46
47
51
53
54
56
57
58
60
63
70
71
72
75
80
82
83
84
85
86
87
90
92
93
94
95
96
99
102
104
107
109
113
116
117
118
121
125
129
131
135
137
143
144
145
146
153
154
156
157
161
162
164
166
167
169
171
172
173
174
175
177
180
182
185
186
188
189
192
193
197
201
202
204
205
212
213
214
216
217
218
219
226
228
231
234
236
239
240
241
244
246
247
251
256
257
264
265
266
267
268
269
277
286
287
293
296
298
299
300
302
306
311
312
316
317
324
328
332
336
341
343
353
355
357
358
361
363
364
365
366
367
372
374
377
382
387
390
395
396
398
400
401
403
405
406
410
411
412
415
416
420
421
423
426
427
429
434
436
437
440
445
446
447
448
449
458
465
469
476
477
479
482
483
485
488
489
496
499
500
504
505
507
508
511
517
518
519
525
530
531
534
535
538
539
551
553
554
559
562
563
565
568
570
572
573
577
578
583
585
588
590
598
599
600
601
611
614
618
620
621
623
624
627
629
633
635
636
638
639
643
645
650
652
654
656
657
658
660
661
662
664
665
672
673
680
681
684
685
686
688
689
690
693
696
699
700
701
703
705
707
708
709
715
718
720
723
726
727
735
736
737
739
740
742
746
749
751
754
757
763
766
768
770
771
772
773
774
779
781
782
786
787
790
794
797
801
803
806
813
818
819
820
821
823
825
826
828
830
832
834
836
837
838
839
840
845
847
848
849
851
855
866
869
872
875
876
877
881
889
899
900
906
909
914
915
919
922
925
929
931
932
935
936
937
938
939
940
941
951
953
954
958
959
961
963
968
969
972
976
977
980
982
983
986
987
1004
1010
1012
1013
1017
1020
1023
1025
1033
1034
1036
1037
1040
1041
1042
1045
1046
1048
1049
1052
1055
1060
1064
1065
1066
1068
1069
1074
1075
1077
1079
1080
1083
1087
1091
1095
1098
1100
1101
1104
1105
1110
1113
1115
1116
1117
1126
1128
1129
1130
1131
1136
1142
1145
1148
1151
1155
1156
1160
1161
1170
1172
1173
1175
1178
1183
1187
1190
1191
1208
1212
1214
1216
1219
1220
1225
1227
1229
1236
1246
1248
1249
1250
1252
1256
1260
1265
1267
1270
1272
1273
1276
1277
1279
1285
1286
1287
1293
1297
1299
1301
1303
1305
1306
1310
1316
1317
1318
1325
1326
1331
1332
1335
1339
1343
1346
1347
1350
1351
1358
1361
1362
1369
1374
1376
1377
1383
1387
1390
1393
1397
1400
1405
1406
1407
1408
1415
1417
1420
1424
1426
1430
1431
1432
1441
1444
1445
1448
1453
1457
1460
1461
1465
1468
1469
1479
1480
1483
1484
1485
1487
1489
1490
1491
1494
1495
1497
1499
1501
1502
1505
1509
1510
1516
1518
1519
1520
1522
1529
1530
1533
1536
1537
1538
1541
1542
1543
1544
1545
1548
1549
1551
1553
1557
1558
1565
1566
1568
1571
1574
1576
1583
1585
1587
1590
1593
1598
1600
1601
1603
1606
1607
1613
1615
1617
1618
1621
1623
1625
1626
1629
1631
1633
1637
1645
1648
1649
1653
1656
1658
1660
1661
1663
1664
1667
1668
1670
1671
1677
1682
1688
1695
1702
1704
1711
1716
1717
1718
1723
1725
1726
1727
1728
1732
1735
1745
1746
1747
1748
1749
1750
1751
1753
1759
1761
1763
1764
1765
1767
1768
1769
1773
1775
1777
1778
1780
1792
1793
1795
1796
1798
1800
1802
1805
1809
1813
1818
1819
1821
1822
1824
1833
1835
1837
1838
1839
1840
159
144
129
158
59
123
113
41
133
143
53
68
126
131
151
36
116
136
43
47
121
54
128
15
42
78
63
32
96
149
26
30
0
39
14
109
8
65
89
85
37
155
19
110
105
13
1
161
10
84
7
72
132
80
66
130
99
21
4
29
124
159
28
153
107
3
52
6
112
9
127
139
45
138
135
86
57
24
64
27
98
5
90
106
51
148
142
114
71
134
145
154
146
162
119
108
77
34
31
88
157
150
152
33
70
25
115
23
118
44
18
62
46
92
67
82
102
69
94
81
79
93
83
73
50
164
125
40
122
22
156
111
120
147
16
17
75
91
58
55
76
2
97
104
103
101
160
87
48
61
95
35
60
49
74
20
117
12
137
141
