220
14
25
29
48
52
54
60
68
75
80
85
95
99
127
141
156
159
164
170
185
190
197
203
222
225
233
274
280
284
314
318
342
379
388
418
427
436
467
470
497
502
508
509
525
554
560
563
590
610
617
619
626
638
639
667
733
736
747
751
768
770
785
806
815
826
858
860
863
868
869
874
876
886
888
937
943
954
976
995
1025
1044
1052
1054
1058
1064
1090
1092
1093
1117
1125
1147
1152
1157
1170
1172
1191
1213
1239
1244
1248
1251
1253
1266
1285
1296
1310
1340
1363
1373
1384
1395
1397
1401
1411
1422
1427
1436
1443
1445
1446
1461
1467
1474
1478
1480
1495
1496
1508
1511
1512
1516
1575
1586
1591
1595
1609
1610
1624
1626
1638
1697
1712
1717
1738
1755
1758
1759
1777
1793
1803
1807
1808
1821
1824
1855
1860
1911
1939
1977
1989
1991
1996
2001
2010
2024
2026
2028
2041
2056
2059
2085
2089
2101
2108
2111
2120
2133
2141
2146
2150
2157
2182
2194
2208
2211
2217
2230
2233
2234
2238
2240
2269
2270
2275
2297
2317
2333
2338
2359
2360
2370
2375
2385
2389
2399
2414
2435
2439
2440
2456
2462
2472
2480
2487
2513
2558
2578
2587
2595
2601
156
68
120
10
52
76
118
85
110
148
1
14
37
137
150
105
156
124
43
103
134
123
30
60
29
27
28
131
142
34
151
33
73
11
46
15
59
2
4
155
128
36
86
132
95
115
78
23
48
96
16
32
106
83
8
54
144
42
104
109
84
3
7
67
45
112
91
22
62
125
82
139
149
74
114
140
20
108
152
18
47
12
44
63
6
17
71
97
31
39
98
49
157
35
89
153
65
70
102
113
5
130
121
88
61
117
53
21
24
51
81
64
136
57
122
38
72
93
75
101
40
145
69
19
58
107
55
111
9
13
158
135
116
66
50
143
77
26
119
133
80
56
0
100
25
90
41
129
127
126
99
160
154
79
147
146
92
