271
28
33
35
37
41
44
45
49
50
58
61
95
100
138
141
154
165
168
175
192
193
212
215
219
222
230
233
240
253
257
272
288
292
296
311
313
321
323
339
349
360
365
368
369
374
392
421
431
466
475
485
495
517
525
526
533
556
561
573
583
605
612
613
621
622
624
627
672
722
724
733
739
741
745
754
759
789
792
806
836
839
850
851
853
870
879
882
884
885
887
888
890
895
902
906
940
965
983
995
1002
1006
1012
1014
1018
1021
1023
1026
1051
1065
1081
1097
1098
1107
1111
1120
1122
1127
1134
1153
1157
1179
1180
1196
1204
1223
1237
1239
1243
1276
1279
1285
1292
1293
1311
1327
1358
1368
1408
1410
1412
1413
1422
1424
1425
1429
1433
1472
1478
1483
1484
1497
1509
1513
1518
1527
1532
1536
1547
1552
1559
1564
1576
1581
1583
1592
1600
1602
1620
1626
1645
1649
1659
1661
1668
1680
1685
1690
1692
1693
1696
1708
1709
1731
1745
1763
1767
1773
1778
1792
1807
1819
1829
1849
1855
1856
1863
1867
1879
1893
1926
1930
1934
1936
1938
1941
1955
1976
1982
1983
2003
2020
2022
2036
2048
2064
2084
2096
2099
2100
2130
2170
2175
2182
2187
2205
2222
2226
2233
2239
2251
2259
2264
2290
2297
2328
2329
2335
2339
2343
2347
2352
2370
2393
2409
2432
2443
2459
2466
2469
2473
2474
2479
2481
2493
2504
2520
2522
2530
2542
2544
2548
2564
2567
2569
2576
2581
2582
2590
2600
2614
2616
161
87
44
1
157
13
158
145
121
78
160
134
45
16
23
6
135
21
152
20
148
107
93
29
95
73
109
159
110
129
2
12
141
96
42
19
146
115
131
33
55
119
58
7
153
82
106
80
89
137
92
103
32
133
94
46
22
4
136
41
30
140
56
24
76
122
35
130
25
43
147
61
0
126
127
10
84
125
47
79
75
86
69
11
27
88
114
26
112
15
51
68
71
54
49
9
155
105
63
117
31
38
139
149
116
150
100
5
156
138
85
60
62
34
77
39
102
101
83
91
72
52
90
17
128
144
65
37
98
111
81
143
104
67
118
113
14
99
154
40
120
57
28
53
108
74
8
3
151
124
50
97
132
142
123
70
36
64
66
18
59
48
