130
36
49
84
116
117
151
158
165
217
257
278
287
292
317
333
345
350
379
385
411
464
465
467
469
472
503
506
531
609
616
641
657
686
728
742
755
772
775
779
817
880
888
893
895
921
929
930
960
980
997
999
1022
1075
1078
1092
1106
1146
1176
1240
1243
1262
1266
1267
1293
1328
1333
1340
1349
1354
1355
1371
1382
1398
1457
1464
1489
1495
1518
1548
1563
1587
1589
1594
1611
1612
1631
1652
1661
1669
1693
1702
1714
1718
1734
1763
1782
1800
1830
1955
1965
1971
1992
1996
2041
2054
2060
2061
2077
2097
2132
2147
2174
2181
2195
2196
2203
2250
2255
2261
2269
2285
2287
2298
2308
2316
2324
2327
2331
2422
2429
163
153
87
110
139
52
37
122
51
89
144
26
136
91
150
25
111
76
159
83
113
64
78
75
6
72
129
85
128
36
106
32
97
4
45
55
23
63
162
17
13
140
93
131
20
39
67
3
158
80
109
94
82
53
154
74
138
30
121
90
43
99
9
88
38
116
117
160
42
101
155
161
81
98
126
134
123
100
124
152
151
15
65
95
66
96
104
115
62
92
107
112
133
77
148
102
114
58
137
48
79
143
108
11
28
18
41
35
119
68
132
135
118
50
10
147
8
54
127
27
149
69
47
125
46
31
156
7
34
145
0
56
49
29
146
44
2
130
71
1
22
21
5
57
157
40
14
12
142
141
61
86
103
19
33
105
84
73
60
70
16
59
24
120
