251
14
21
32
43
44
48
56
69
77
82
89
113
132
136
137
150
165
171
174
180
181
199
206
208
216
217
221
251
286
288
297
301
312
326
340
343
349
350
356
373
374
375
378
390
393
399
447
451
461
486
488
490
501
505
510
527
531
541
571
578
580
585
588
601
614
661
664
666
670
700
701
705
707
724
751
752
779
789
791
794
796
814
847
872
884
897
900
929
945
950
952
956
967
968
973
978
982
1000
1010
1017
1020
1048
1055
1057
1067
1082
1093
1098
1107
1135
1140
1146
1162
1182
1213
1241
1250
1254
1261
1273
1282
1286
1316
1321
1328
1334
1365
1374
1376
1382
1398
1411
1416
1419
1429
1442
1455
1459
1463
1464
1471
1488
1542
1543
1556
1558
1582
1592
1596
1600
1605
1621
1624
1651
1664
1669
1672
1684
1686
1694
1707
1708
1715
1729
1763
1767
1782
1800
1801
1806
1824
1839
1859
1892
1913
1914
1923
1925
1972
1977
1978
1981
1988
2001
2002
2033
2049
2064
2080
2085
2095
2100
2118
2129
2130
2150
2153
2163
2168
2173
2178
2180
2190
2195
2215
2216
2223
2229
2235
2250
2255
2268
2269
2280
2284
2290
2307
2311
2324
2328
2334
2338
2343
2353
2360
2365
2367
2373
2388
2405
2425
2430
2432
2450
2495
2496
2502
2509
2514
2525
2534
2552
2560
2567
2574
2577
2586
2591
2604
2614
2616
161
152
22
119
55
128
89
10
90
27
71
157
8
92
42
74
53
116
67
120
36
85
136
2
45
14
145
104
44
159
59
108
112
37
147
101
122
58
150
148
97
142
35
87
25
118
132
24
109
60
6
91
83
110
154
40
19
137
77
84
125
62
9
143
103
33
82
1
29
99
158
46
66
111
130
49
100
30
139
65
18
95
144
54
127
146
79
23
98
63
160
129
78
38
105
75
3
117
57
20
48
34
68
153
124
43
64
149
123
81
72
135
121
96
21
113
12
13
131
107
17
156
133
7
141
86
88
4
94
51
39
50
151
93
52
56
0
134
47
28
126
15
5
102
76
16
114
106
138
140
69
80
70
61
115
11
155
32
41
26
73
31
