668
8
19
25
29
31
33
35
37
39
44
45
47
48
52
53
54
56
57
63
69
70
72
79
80
81
83
85
86
91
94
95
96
98
100
105
110
114
117
121
127
131
132
133
134
143
146
148
150
152
153
157
158
165
167
168
169
170
173
175
177
180
182
183
184
187
191
192
193
194
200
205
207
210
212
213
215
217
220
222
224
226
232
234
235
236
237
238
247
249
258
264
267
271
275
284
286
288
291
293
296
297
302
303
304
310
311
312
313
315
318
320
321
322
324
326
329
333
334
338
341
343
349
355
356
357
360
370
374
375
384
386
388
397
398
399
400
403
405
410
412
418
420
422
424
429
431
435
436
439
441
443
444
445
448
449
451
453
454
456
457
458
465
466
471
472
473
476
478
481
483
484
486
487
490
491
492
499
501
503
504
508
511
512
518
519
520
526
531
540
543
548
550
556
567
569
572
573
580
583
589
590
594
596
598
604
609
610
614
624
625
626
628
631
635
636
637
638
639
640
644
649
651
654
655
658
663
664
667
668
669
675
676
677
678
684
686
687
688
690
693
698
699
702
703
708
709
710
711
714
716
719
722
726
727
733
738
740
744
747
749
750
752
753
754
756
759
760
762
763
764
765
767
769
771
772
774
782
783
784
785
789
792
793
794
797
798
800
802
803
809
810
811
812
815
818
823
827
831
835
837
839
840
841
843
845
846
850
851
855
858
863
871
872
873
878
881
884
888
889
894
895
898
901
902
908
911
914
915
916
917
919
921
923
926
930
931
934
936
938
939
940
941
944
949
950
958
959
961
962
963
965
966
967
968
970
972
973
974
975
976
979
982
986
991
993
994
998
1000
1001
1005
1006
1010
1016
1017
1020
1023
1025
1027
1032
1038
1039
1048
1051
1052
1055
1057
1059
1060
1061
1062
1067
1069
1071
1074
1075
1076
1080
1086
1087
1088
1091
1093
1094
1095
1096
1097
1099
1100
1102
1104
1109
1112
1119
1121
1123
1129
1133
1134
1136
1139
1140
1143
1145
1153
1154
1156
1157
1162
1163
1169
1171
1177
1179
1183
1184
1187
1188
1192
1195
1197
1198
1200
1202
1203
1209
1211
1212
1215
1219
1222
1226
1231
1233
1238
1239
1240
1243
1248
1250
1252
1254
1257
1258
1269
1272
1273
1279
1280
1281
1287
1290
1295
1299
1300
1301
1304
1309
1314
1318
1322
1323
1328
1329
1333
1334
1338
1339
1341
1342
1343
1348
1353
1355
1358
1360
1361
1362
1364
1377
1379
1380
1384
1385
1386
1387
1389
1391
1393
1394
1398
1401
1404
1407
1412
1415
1416
1421
1423
1426
1433
1438
1439
1445
1447
1448
1451
1454
1456
1458
1463
1466
1472
1478
1483
1485
1486
1488
1492
1496
1498
1499
1500
1501
1504
1505
1506
1508
1509
1510
1513
1514
1516
1520
1531
1535
1537
1540
1541
1542
1544
1550
1551
1552
1553
1555
1558
1562
1563
1565
1567
1568
1571
1575
1580
1581
1582
1583
1586
1589
1597
1601
1603
1604
1605
1607
1609
1611
1613
1616
1618
1620
1621
1623
1624
1628
1629
1639
1641
1644
1652
1655
1660
1662
1666
1667
1674
1675
1679
1681
1686
1691
1692
1696
1699
1700
1705
1709
1711
1713
1714
1716
1718
1722
1723
1726
1727
1728
1735
1737
1743
1748
1751
1752
1756
1760
1763
1764
1766
1768
1769
1772
1775
1776
1779
1781
1782
1783
1795
1799
1800
1807
1810
1811
1814
1815
1816
1817
1819
1821
1824
1825
1826
1830
1833
1835
1836
1838
1839
156
74
119
22
147
88
132
84
36
79
130
133
113
52
89
156
123
158
161
150
100
141
17
67
24
86
4
62
33
9
151
96
104
44
78
146
129
114
162
106
43
6
160
38
153
27
140
117
118
97
90
112
157
73
99
23
46
91
15
92
163
1
105
124
102
108
98
57
8
81
13
75
54
28
53
94
95
18
143
11
65
126
131
66
2
122
103
42
159
55
47
109
107
30
0
127
125
7
20
61
87
37
137
14
21
16
19
144
148
26
138
40
3
93
136
111
69
80
72
149
56
70
60
41
116
39
121
110
32
128
45
142
83
29
64
82
71
77
51
120
76
134
25
10
48
50
35
135
63
49
154
155
139
5
68
101
59
