662
19
20
21
26
43
45
46
47
48
49
56
59
62
64
66
67
68
70
75
79
81
83
85
86
88
89
92
96
97
103
104
105
107
108
109
110
113
114
116
118
119
121
122
125
127
134
136
139
147
148
151
152
155
159
162
163
164
167
169
176
177
182
183
186
187
189
200
201
204
207
212
215
221
230
234
235
237
240
241
246
247
249
250
252
257
260
262
263
265
269
272
274
277
279
282
286
288
299
303
305
306
311
312
315
317
320
321
323
326
327
328
329
333
335
340
341
344
345
348
351
352
354
356
357
359
361
362
364
365
373
374
381
386
387
389
390
392
396
400
401
403
413
414
416
425
427
429
431
432
433
434
435
436
437
440
446
449
455
456
459
462
469
470
474
476
479
480
484
490
493
500
506
508
512
516
517
518
521
524
529
532
534
539
540
542
548
549
551
553
558
562
564
568
569
570
571
572
574
579
580
583
584
585
586
588
589
591
596
597
600
601
602
603
605
606
607
609
611
616
619
624
625
631
638
639
640
641
643
648
652
654
655
657
659
660
665
666
668
669
672
676
678
680
684
685
688
689
690
691
692
696
702
704
705
708
710
714
718
721
722
729
733
735
737
738
741
744
745
749
750
758
760
761
762
763
769
770
773
775
776
778
781
787
793
795
797
799
800
801
803
805
806
807
809
813
815
818
819
822
828
830
831
832
835
836
838
840
841
842
845
847
849
851
852
855
859
860
865
868
872
875
882
884
885
887
888
893
894
895
907
913
917
919
921
922
930
931
935
939
940
942
943
944
949
950
957
964
966
968
970
972
973
974
976
977
980
981
984
985
986
993
994
995
996
999
1001
1004
1005
1006
1011
1012
1015
1019
1024
1025
1026
1031
1033
1034
1037
1041
1042
1043
1045
1048
1052
1053
1055
1059
1061
1062
1066
1067
1073
1074
1075
1076
1077
1083
1087
1091
1093
1095
1096
1101
1104
1106
1110
1113
1114
1116
1118
1119
1120
1127
1129
1131
1132
1134
1137
1145
1146
1151
1153
1154
1157
1160
1161
1168
1172
1174
1176
1179
1180
1182
1183
1185
1187
1188
1194
1198
1199
1203
1204
1205
1207
1208
1209
1210
1212
1213
1214
1221
1227
1231
1232
1236
1237
1238
1242
1246
1253
1261
1269
1273
1275
1276
1278
1280
1281
1283
1284
1285
1287
1288
1289
1290
1305
1308
1311
1319
1320
1325
1327
1328
1329
1330
1332
1340
1341
1347
1349
1350
1351
1353
1354
1359
1361
1370
1372
1379
1382
1383
1387
1390
1391
1404
1405
1409
1414
1418
1419
1420
1421
1424
1425
1426
1427
1431
1432
1434
1435
1443
1446
1448
1453
1455
1456
1457
1458
1462
1478
1481
1482
1487
1490
1492
1499
1508
1517
1518
1519
1523
1526
1531
1532
1534
1539
1540
1545
1548
1550
1554
1557
1559
1560
1562
1566
1567
1569
1571
1574
1575
1576
1588
1589
1590
1593
1595
1600
1602
1603
1606
1607
1614
1615
1619
1620
1622
1626
1631
1632
1640
1642
1644
1646
1656
1658
1661
1666
1669
1677
1683
1685
1687
1690
1692
1696
1697
1699
1700
1701
1707
1710
1716
1717
1722
1723
1724
1725
1727
1728
1731
1735
1736
1742
1745
1750
1751
1757
1759
1760
1761
1765
1768
1769
1770
1772
1774
1780
1784
1788
1789
1790
1793
1795
1796
1798
1800
1801
1802
1804
1806
1807
1811
1812
1813
1815
1818
1819
1821
1822
1823
1824
1825
1828
1829
1831
1832
1837
1838
1839
156
129
79
4
164
104
109
60
103
107
128
90
73
45
36
89
153
88
145
37
141
156
123
97
66
62
120
124
20
134
9
82
28
1
91
19
17
24
42
133
121
70
33
64
113
108
12
22
85
96
111
81
6
30
126
55
57
39
68
112
92
100
26
75
110
105
41
52
80
13
118
78
139
8
14
35
67
72
40
99
138
102
53
148
32
38
93
27
87
29
155
149
49
161
127
2
137
131
47
144
21
76
84
18
7
101
151
125
44
31
3
163
43
95
152
54
25
50
162
106
59
23
83
15
34
5
11
143
16
132
51
117
77
147
136
0
158
146
122
98
69
119
10
58
86
150
46
115
94
130
159
135
48
116
157
61
154
