660
10
17
19
21
22
23
26
32
37
39
40
43
44
46
48
49
65
68
69
70
74
77
78
82
84
85
86
91
93
94
96
98
100
101
104
109
110
113
114
115
118
122
124
126
127
128
129
131
133
134
137
139
140
141
147
148
149
151
153
156
158
161
162
169
174
177
183
186
189
192
194
195
197
198
202
204
206
207
208
209
210
212
214
217
220
221
222
226
230
232
233
234
239
241
242
245
246
250
254
256
260
262
267
275
277
278
281
282
283
288
290
291
293
296
298
299
300
305
306
308
310
314
319
322
325
327
328
334
337
340
341
342
345
351
354
355
356
357
359
362
363
364
365
367
370
373
375
376
377
379
381
385
386
388
392
395
396
399
400
401
404
407
408
409
411
413
418
421
425
434
436
440
443
445
452
457
467
469
475
480
485
486
488
496
500
501
504
511
512
514
517
518
525
527
530
533
534
537
539
541
542
549
550
551
552
554
558
560
565
567
571
572
573
586
589
591
595
596
597
598
604
605
607
610
612
613
616
617
618
620
625
627
630
631
633
635
643
647
648
651
656
660
661
664
666
672
678
683
685
686
688
689
690
700
710
711
713
714
717
718
723
724
729
731
732
738
740
741
744
745
746
748
751
754
755
758
762
767
769
770
773
776
777
778
780
782
786
787
789
790
793
795
798
800
801
802
804
818
821
824
826
827
829
830
837
843
844
845
848
850
851
856
857
858
859
862
863
864
865
878
881
883
886
890
892
894
895
901
903
904
905
906
911
923
924
925
927
930
934
935
936
937
938
941
945
948
952
955
958
959
960
961
962
966
968
969
970
973
976
977
979
983
986
987
988
991
1003
1005
1012
1016
1017
1023
1025
1028
1029
1031
1032
1035
1041
1044
1046
1048
1051
1052
1055
1056
1057
1059
1062
1063
1066
1068
1072
1073
1078
1079
1080
1084
1090
1092
1094
1096
1098
1100
1103
1104
1105
1106
1111
1115
1116
1117
1120
1127
1136
1142
1143
1147
1152
1155
1157
1158
1159
1161
1162
1166
1170
1173
1174
1175
1177
1178
1180
1181
1184
1185
1186
1187
1189
1190
1194
1199
1200
1201
1202
1205
1219
1221
1225
1226
1227
1230
1231
1232
1234
1238
1244
1246
1247
1266
1267
1270
1271
1273
1274
1275
1278
1283
1287
1292
1293
1294
1295
1302
1307
1313
1315
1316
1319
1322
1326
1327
1328
1329
1330
1332
1335
1341
1342
1355
1362
1363
1370
1371
1373
1374
1375
1379
1381
1386
1390
1397
1403
1404
1405
1408
1414
1415
1416
1417
1418
1419
1426
1427
1428
1430
1433
1436
1441
1442
1445
1448
1449
1450
1453
1454
1458
1460
1461
1463
1465
1470
1471
1472
1477
1478
1483
1484
1485
1488
1489
1495
1496
1498
1500
1501
1521
1522
1527
1528
1530
1533
1534
1535
1536
1537
1539
1540
1542
1546
1550
1556
1558
1559
1563
1564
1565
1566
1568
1572
1579
1581
1583
1584
1585
1589
1593
1598
1600
1610
1611
1615
1616
1618
1625
1631
1637
1651
1653
1659
1662
1663
1664
1665
1666
1668
1669
1670
1678
1682
1685
1688
1696
1697
1698
1702
1704
1707
1708
1709
1710
1712
1713
1714
1717
1720
1721
1725
1731
1738
1740
1741
1743
1747
1750
1754
1757
1762
1763
1764
1765
1766
1767
1768
1772
1773
1779
1780
1782
1784
1788
1790
1792
1793
1795
1808
1812
1816
1820
1822
1827
1829
1832
1833
1834
1835
1836
1837
1838
1839
158
52
38
118
83
104
119
91
149
150
4
128
7
122
144
13
129
6
45
56
145
78
85
143
112
123
74
63
30
132
111
32
127
88
72
35
138
23
66
93
137
36
44
69
114
53
160
108
41
60
162
28
9
131
130
47
11
5
82
92
61
22
18
73
39
24
29
40
164
98
37
34
113
76
75
43
96
0
140
124
54
105
116
42
146
156
57
154
142
31
20
10
159
139
80
155
1
120
99
71
100
14
87
26
68
89
134
109
46
86
102
152
117
59
67
101
12
158
2
51
19
147
115
157
77
84
64
110
153
94
50
95
97
125
70
107
17
33
126
151
27
121
136
148
49
163
79
90
8
161
106
15
141
3
21
81
48
135
16
