79
51
116
125
160
197
209
223
243
270
274
276
297
299
324
341
372
402
429
445
449
462
491
503
514
522
526
532
540
557
563
593
641
680
685
714
730
735
768
780
790
791
834
836
846
869
909
911
966
1027
1067
1077
1139
1150
1166
1183
1191
1213
1224
1248
1250
1276
1279
1280
1307
1361
1381
1397
1442
1480
1517
1546
1554
1560
1599
1695
1723
1730
1829
1838
118
69
23
37
17
16
84
130
53
163
79
26
70
85
118
128
157
113
144
94
58
158
73
6
139
104
136
14
154
72
143
90
18
150
93
42
36
0
71
161
162
86
121
97
83
43
75
12
3
48
114
7
8
116
82
25
102
89
153
29
152
140
110
103
135
34
60
65
88
4
117
1
9
87
98
131
47
40
76
13
120
108
141
127
46
49
38
129
149
105
24
126
28
54
138
156
122
145
112
5
115
151
20
155
33
101
134
80
66
44
95
64
15
30
39
57
148
32
159
