119
55
95
102
123
167
199
224
230
231
244
246
323
351
357
361
375
387
398
399
423
435
451
460
517
534
542
562
565
598
607
624
650
651
662
681
755
760
805
892
894
911
928
932
951
968
970
1044
1046
1072
1085
1116
1122
1133
1153
1203
1206
1212
1220
1232
1235
1295
1310
1316
1317
1318
1342
1350
1400
1410
1411
1428
1476
1477
1500
1535
1537
1547
1619
1650
1653
1654
1655
1674
1726
1750
1762
1789
1810
1851
1876
1902
1920
1935
1942
1946
1952
1960
2040
2044
2045
2070
2143
2145
2162
2163
2230
2253
2260
2266
2292
2328
2354
2365
2376
2377
2414
2427
2440
2442
154
125
158
72
76
110
63
140
95
145
34
139
33
118
57
23
106
146
16
68
56
85
48
157
42
120
35
144
22
32
127
108
134
132
55
111
21
92
20
133
5
116
129
44
28
136
69
124
7
115
70
30
152
60
109
19
159
128
53
107
149
82
155
97
91
88
36
58
4
50
15
37
46
41
143
112
51
40
117
142
99
77
105
96
62
160
11
114
67
17
1
80
87
123
131
121
45
8
113
138
47
151
126
83
78
73
101
86
100
59
64
6
98
3
10
27
61
90
135
52
9
81
2
154
79
12
94
147
150
31
74
18
162
137
39
38
122
65
156
148
14
13
75
104
43
102
84
24
93
66
153
161
29
49
0
